2025-09-21 15:34:10,046 - Main     - INFO - [1mInitializing seed to 1427655.0[0m
2025-09-21 15:34:10,104 - Fuzzer   - INFO - [1mFuzzing contract [1mTokenERC20[0m[0m
2025-09-21 15:34:10,245 - Analysis - INFO - [1mGeneration number 0 	 Code coverage: 70.38% (1062/1509) 	 Branch coverage: 73.33% (66/90) 	 Transactions: 27 (26 unique)   	 Time: 0.1285545825958252[0m
2025-09-21 15:34:10,381 - Analysis - INFO - [1mGeneration number 1 	 Code coverage: 72.23% (1090/1509) 	 Branch coverage: 75.56% (68/90) 	 Transactions: 52 (38 unique)   	 Time: 0.26488327980041504[0m
2025-09-21 15:34:10,656 - Analysis - INFO - [1mGeneration number 2 	 Code coverage: 72.23% (1090/1509) 	 Branch coverage: 76.67% (69/90) 	 Transactions: 91 (56 unique)   	 Time: 0.5395889282226562[0m
2025-09-21 15:34:11,236 - Analysis - INFO - [1mGeneration number 3 	 Code coverage: 78.60% (1186/1509) 	 Branch coverage: 78.89% (71/90) 	 Transactions: 165 (74 unique)   	 Time: 1.1192584037780762[0m
2025-09-21 15:34:11,902 - Analysis - INFO - [1mGeneration number 4 	 Code coverage: 78.60% (1186/1509) 	 Branch coverage: 78.89% (71/90) 	 Transactions: 265 (97 unique)   	 Time: 1.785801649093628[0m
2025-09-21 15:34:12,670 - Analysis - INFO - [1mGeneration number 5 	 Code coverage: 78.79% (1189/1509) 	 Branch coverage: 80.00% (72/90) 	 Transactions: 367 (121 unique)   	 Time: 2.553373336791992[0m
2025-09-21 15:34:13,497 - Analysis - INFO - [1mGeneration number 6 	 Code coverage: 78.79% (1189/1509) 	 Branch coverage: 80.00% (72/90) 	 Transactions: 477 (144 unique)   	 Time: 3.3801727294921875[0m
2025-09-21 15:34:14,205 - Analysis - INFO - [1mGeneration number 7 	 Code coverage: 78.79% (1189/1509) 	 Branch coverage: 80.00% (72/90) 	 Transactions: 575 (166 unique)   	 Time: 4.088528156280518[0m
2025-09-21 15:34:15,129 - Analysis - INFO - [1mGeneration number 8 	 Code coverage: 78.79% (1189/1509) 	 Branch coverage: 80.00% (72/90) 	 Transactions: 692 (190 unique)   	 Time: 5.012907028198242[0m
2025-09-21 15:34:16,022 - Analysis - INFO - [1mGeneration number 9 	 Code coverage: 78.79% (1189/1509) 	 Branch coverage: 80.00% (72/90) 	 Transactions: 806 (213 unique)   	 Time: 5.9055633544921875[0m
2025-09-21 15:34:17,064 - Analysis - INFO - [1mGeneration number 10 	 Code coverage: 87.08% (1314/1509) 	 Branch coverage: 82.22% (74/90) 	 Transactions: 925 (238 unique)   	 Time: 6.947375535964966[0m
2025-09-21 15:34:17,930 - Analysis - INFO - [1mGeneration number 11 	 Code coverage: 87.08% (1314/1509) 	 Branch coverage: 82.22% (74/90) 	 Transactions: 1038 (261 unique)   	 Time: 7.813157081604004[0m
2025-09-21 15:34:18,892 - Analysis - INFO - [1mGeneration number 12 	 Code coverage: 87.08% (1314/1509) 	 Branch coverage: 82.22% (74/90) 	 Transactions: 1151 (284 unique)   	 Time: 8.775185346603394[0m
2025-09-21 15:34:19,923 - Analysis - INFO - [1mGeneration number 13 	 Code coverage: 87.08% (1314/1509) 	 Branch coverage: 82.22% (74/90) 	 Transactions: 1273 (309 unique)   	 Time: 9.806923627853394[0m
2025-09-21 15:34:20,940 - Analysis - INFO - [1mGeneration number 14 	 Code coverage: 87.08% (1314/1509) 	 Branch coverage: 82.22% (74/90) 	 Transactions: 1391 (334 unique)   	 Time: 10.823914766311646[0m
2025-09-21 15:34:21,974 - Analysis - INFO - [1mGeneration number 15 	 Code coverage: 87.08% (1314/1509) 	 Branch coverage: 82.22% (74/90) 	 Transactions: 1515 (360 unique)   	 Time: 11.857189416885376[0m
2025-09-21 15:34:23,049 - Analysis - INFO - [1mGeneration number 16 	 Code coverage: 87.08% (1314/1509) 	 Branch coverage: 82.22% (74/90) 	 Transactions: 1645 (386 unique)   	 Time: 12.932189464569092[0m
2025-09-21 15:34:24,099 - Analysis - INFO - [1mGeneration number 17 	 Code coverage: 87.08% (1314/1509) 	 Branch coverage: 82.22% (74/90) 	 Transactions: 1775 (412 unique)   	 Time: 13.983065843582153[0m
2025-09-21 15:34:25,219 - Analysis - INFO - [1mGeneration number 18 	 Code coverage: 87.08% (1314/1509) 	 Branch coverage: 82.22% (74/90) 	 Transactions: 1905 (438 unique)   	 Time: 15.102168083190918[0m
2025-09-21 15:34:26,323 - Analysis - INFO - [1mGeneration number 19 	 Code coverage: 87.08% (1314/1509) 	 Branch coverage: 82.22% (74/90) 	 Transactions: 2035 (464 unique)   	 Time: 16.207024335861206[0m
2025-09-21 15:34:27,404 - Analysis - INFO - [1mGeneration number 20 	 Code coverage: 87.08% (1314/1509) 	 Branch coverage: 82.22% (74/90) 	 Transactions: 2165 (490 unique)   	 Time: 17.28727436065674[0m
2025-09-21 15:34:28,501 - Analysis - INFO - [1mGeneration number 21 	 Code coverage: 87.08% (1314/1509) 	 Branch coverage: 82.22% (74/90) 	 Transactions: 2295 (516 unique)   	 Time: 18.38473081588745[0m
2025-09-21 15:34:28,954 - Analysis - INFO - [1mGeneration number 22 	 Code coverage: 96.49% (1456/1509) 	 Branch coverage: 87.78% (79/90) 	 Transactions: 2351 (543 unique)   	 Time: 18.83803105354309[0m
2025-09-21 15:34:29,483 - Analysis - INFO - [1mGeneration number 23 	 Code coverage: 96.69% (1459/1509) 	 Branch coverage: 88.89% (80/90) 	 Transactions: 2410 (557 unique)   	 Time: 19.367003917694092[0m
2025-09-21 15:34:30,184 - Analysis - INFO - [1mGeneration number 24 	 Code coverage: 97.08% (1465/1509) 	 Branch coverage: 88.89% (80/90) 	 Transactions: 2491 (580 unique)   	 Time: 20.067456245422363[0m
2025-09-21 15:34:30,976 - Analysis - INFO - [1mGeneration number 25 	 Code coverage: 97.08% (1465/1509) 	 Branch coverage: 88.89% (80/90) 	 Transactions: 2588 (602 unique)   	 Time: 20.85973048210144[0m
2025-09-21 15:34:31,807 - Analysis - INFO - [1mGeneration number 26 	 Code coverage: 97.08% (1465/1509) 	 Branch coverage: 88.89% (80/90) 	 Transactions: 2694 (625 unique)   	 Time: 21.6908597946167[0m
2025-09-21 15:34:32,742 - Analysis - INFO - [1mGeneration number 27 	 Code coverage: 97.08% (1465/1509) 	 Branch coverage: 88.89% (80/90) 	 Transactions: 2809 (651 unique)   	 Time: 22.62558150291443[0m
2025-09-21 15:34:33,722 - Analysis - INFO - [1mGeneration number 28 	 Code coverage: 97.08% (1465/1509) 	 Branch coverage: 88.89% (80/90) 	 Transactions: 2926 (677 unique)   	 Time: 23.60545325279236[0m
2025-09-21 15:34:34,620 - Analysis - INFO - [1mGeneration number 29 	 Code coverage: 97.08% (1465/1509) 	 Branch coverage: 88.89% (80/90) 	 Transactions: 3038 (702 unique)   	 Time: 24.503763675689697[0m
2025-09-21 15:34:35,613 - Analysis - INFO - [1mGeneration number 30 	 Code coverage: 97.08% (1465/1509) 	 Branch coverage: 88.89% (80/90) 	 Transactions: 3152 (726 unique)   	 Time: 25.497007846832275[0m
2025-09-21 15:34:36,593 - Analysis - INFO - [1mGeneration number 31 	 Code coverage: 97.08% (1465/1509) 	 Branch coverage: 88.89% (80/90) 	 Transactions: 3266 (751 unique)   	 Time: 26.476943254470825[0m
2025-09-21 15:34:37,618 - Analysis - INFO - [1mGeneration number 32 	 Code coverage: 97.08% (1465/1509) 	 Branch coverage: 88.89% (80/90) 	 Transactions: 3382 (776 unique)   	 Time: 27.5017249584198[0m
2025-09-21 15:34:38,805 - Analysis - INFO - [1mGeneration number 33 	 Code coverage: 97.08% (1465/1509) 	 Branch coverage: 88.89% (80/90) 	 Transactions: 3495 (799 unique)   	 Time: 28.688250303268433[0m
2025-09-21 15:34:39,979 - Analysis - INFO - [1mGeneration number 34 	 Code coverage: 97.08% (1465/1509) 	 Branch coverage: 88.89% (80/90) 	 Transactions: 3614 (824 unique)   	 Time: 29.86272120475769[0m
2025-09-21 15:34:41,027 - Analysis - INFO - [1mGeneration number 35 	 Code coverage: 97.08% (1465/1509) 	 Branch coverage: 88.89% (80/90) 	 Transactions: 3732 (849 unique)   	 Time: 30.910771369934082[0m
2025-09-21 15:34:41,426 - Analysis - INFO - [1mGeneration number 36 	 Code coverage: 97.08% (1465/1509) 	 Branch coverage: 88.89% (80/90) 	 Transactions: 3787 (874 unique)   	 Time: 31.30916976928711[0m
2025-09-21 15:34:41,878 - Analysis - INFO - [1mGeneration number 37 	 Code coverage: 97.08% (1465/1509) 	 Branch coverage: 88.89% (80/90) 	 Transactions: 3843 (893 unique)   	 Time: 31.761881113052368[0m
2025-09-21 15:34:42,491 - Analysis - INFO - [1mGeneration number 38 	 Code coverage: 97.08% (1465/1509) 	 Branch coverage: 88.89% (80/90) 	 Transactions: 3922 (912 unique)   	 Time: 32.37477159500122[0m
2025-09-21 15:34:43,360 - Analysis - INFO - [1mGeneration number 39 	 Code coverage: 97.08% (1465/1509) 	 Branch coverage: 88.89% (80/90) 	 Transactions: 4027 (935 unique)   	 Time: 33.24323010444641[0m
2025-09-21 15:34:44,364 - Analysis - INFO - [1mGeneration number 40 	 Code coverage: 97.08% (1465/1509) 	 Branch coverage: 88.89% (80/90) 	 Transactions: 4139 (957 unique)   	 Time: 34.24786567687988[0m
2025-09-21 15:34:45,324 - Analysis - INFO - [1mGeneration number 41 	 Code coverage: 97.08% (1465/1509) 	 Branch coverage: 88.89% (80/90) 	 Transactions: 4255 (980 unique)   	 Time: 35.207356214523315[0m
2025-09-21 15:34:46,323 - Analysis - INFO - [1mGeneration number 42 	 Code coverage: 97.08% (1465/1509) 	 Branch coverage: 88.89% (80/90) 	 Transactions: 4373 (1005 unique)   	 Time: 36.206607818603516[0m
2025-09-21 15:34:47,377 - Analysis - INFO - [1mGeneration number 43 	 Code coverage: 97.08% (1465/1509) 	 Branch coverage: 88.89% (80/90) 	 Transactions: 4491 (1028 unique)   	 Time: 37.26021885871887[0m
2025-09-21 15:34:48,458 - Analysis - INFO - [1mGeneration number 44 	 Code coverage: 97.08% (1465/1509) 	 Branch coverage: 88.89% (80/90) 	 Transactions: 4612 (1053 unique)   	 Time: 38.34120988845825[0m
2025-09-21 15:34:49,564 - Analysis - INFO - [1mGeneration number 45 	 Code coverage: 97.08% (1465/1509) 	 Branch coverage: 88.89% (80/90) 	 Transactions: 4733 (1078 unique)   	 Time: 39.44714879989624[0m
2025-09-21 15:34:50,007 - Analysis - INFO - [1mGeneration number 46 	 Code coverage: 97.55% (1472/1509) 	 Branch coverage: 90.00% (81/90) 	 Transactions: 4791 (1103 unique)   	 Time: 39.89081263542175[0m
2025-09-21 15:34:50,486 - Analysis - INFO - [1mGeneration number 47 	 Code coverage: 97.55% (1472/1509) 	 Branch coverage: 90.00% (81/90) 	 Transactions: 4855 (1125 unique)   	 Time: 40.3698890209198[0m
2025-09-21 15:34:50,496 - Analysis - INFO - [1m-----------------------------------------------------[0m
2025-09-21 15:34:50,496 - Analysis - INFO - Number of generations: 	 47
2025-09-21 15:34:50,496 - Analysis - INFO - Number of transactions: 	 4855 (1125 unique)
2025-09-21 15:34:50,496 - Analysis - INFO - Transactions per second: 	 120
2025-09-21 15:34:50,497 - Analysis - INFO - Total code coverage: 	 97.55% (1472/1509)
2025-09-21 15:34:50,497 - Analysis - INFO - Total branch coverage: 	 90.00% (81/90)
2025-09-21 15:34:50,497 - Analysis - INFO - Total execution time: 	 40.38 seconds
2025-09-21 15:34:50,497 - Analysis - INFO - Total memory consumption: 	 73.54 MB

     ______            ______                _           
    / ____/___  ____  / ____/_  __________  (_)_  _______
   / /   / __ \/ __ \/ /_  / / / /_  /_  / / / / / / ___/
  / /___/ /_/ / / / / __/ / /_/ / / /_/ /_/ / /_/ (__  ) 
  \____/\____/_/ /_/_/    \__,_/ /___/___/_/\__,_/____/  

delteed file
