2025-09-22 02:55:26,245 - Main     - INFO - [1mInitializing seed to 1427655.0[0m
2025-09-22 02:55:26,378 - Fuzzer   - INFO - [1mFuzzing contract [1mContractReceiver[0m[0m
2025-09-22 02:55:26,405 - Analysis - INFO - [1mGeneration number 0 	 Code coverage: 98.55% (340/345) 	 Branch coverage: 64.29% (9/14) 	 Transactions: 5 (4 unique)   	 Time: 0.02164459228515625[0m
2025-09-22 02:55:26,431 - Analysis - INFO - [1mGeneration number 1 	 Code coverage: 98.55% (340/345) 	 Branch coverage: 64.29% (9/14) 	 Transactions: 9 (7 unique)   	 Time: 0.04751157760620117[0m
2025-09-22 02:55:26,438 - Detector - INFO - [1m[33m-----------------------------------------------------[0m
2025-09-22 02:55:26,438 - Detector - INFO - [1m[33m          !!! Assertion failure detected !!!         [0m
2025-09-22 02:55:26,438 - Detector - INFO - [1m[33m-----------------------------------------------------[0m
2025-09-22 02:55:26,438 - Detector - INFO - [1m[33mSWC-ID:   110[0m
2025-09-22 02:55:26,438 - Detector - INFO - [1m[33mSeverity: Medium[0m
2025-09-22 02:55:26,438 - Detector - INFO - [1m[33m-----------------------------------------------------[0m
2025-09-22 02:55:26,438 - Detector - INFO - [1m[33mSource code line:[0m
2025-09-22 02:55:26,438 - Detector - INFO - [1m[33m-----------------------------------------------------[0m
2025-09-22 02:55:26,438 - Detector - INFO - [1m[33m/sb/0x837f936009afb90e31751a4e92d9cc9350a92d93.sol:129:1[0m
2025-09-22 02:55:26,438 - Detector - INFO - [1m[33m_data[0][0m
2025-09-22 02:55:26,438 - Detector - INFO - [1m[33m-----------------------------------------------------[0m
2025-09-22 02:55:26,438 - Detector - INFO - [1m[33mTransaction sequence:[0m
2025-09-22 02:55:26,438 - Detector - INFO - [1m[33m-----------------------------------------------------[0m
2025-09-22 02:55:26,438 - Detector - INFO - [1m[33mTransaction - tokenFallback(address,uint256,bytes):[0m
2025-09-22 02:55:26,438 - Detector - INFO - [1m[33m-----------------------------------------------------[0m
2025-09-22 02:55:26,438 - Detector - INFO - [1m[33mFrom:      0xdeadbeefdeadbeefdeadbeefdeadbeefdeadbeef[0m
2025-09-22 02:55:26,438 - Detector - INFO - [1m[33mTo:        0x2c5e8a3b3aad9df32339409534e64dfcabcd3a65[0m
2025-09-22 02:55:26,439 - Detector - INFO - [1m[33mValue:     0 Wei[0m
2025-09-22 02:55:26,439 - Detector - INFO - [1m[33mGas Limit: 4500000[0m
2025-09-22 02:55:26,439 - Detector - INFO - [1m[33mInput:     0xc0ee0b8a000000000000000000000000cafebabe[0m
2025-09-22 02:55:26,439 - Detector - INFO - [1m[33m           cafebabecafebabecafebabecafebabeffffffffff[0m
2025-09-22 02:55:26,439 - Detector - INFO - [1m[33m           ffffffffffffffffffffffffffffffffffffffffff[0m
2025-09-22 02:55:26,439 - Detector - INFO - [1m[33m           fffffffffffd000000000000000000000000000000[0m
2025-09-22 02:55:26,439 - Detector - INFO - [1m[33m           000000000000000000000000000000006000000000[0m
2025-09-22 02:55:26,439 - Detector - INFO - [1m[33m           000000000000000000000000000000000000000000[0m
2025-09-22 02:55:26,439 - Detector - INFO - [1m[33m           000000000000000000000000000000000000000000[0m
2025-09-22 02:55:26,439 - Detector - INFO - [1m[33m           000000000000000000000000000000000000[0m
2025-09-22 02:55:26,439 - Detector - INFO - [1m[33m-----------------------------------------------------[0m
2025-09-22 02:55:26,464 - Analysis - INFO - [1mGeneration number 2 	 Code coverage: 98.84% (341/345) 	 Branch coverage: 78.57% (11/14) 	 Transactions: 13 (10 unique)   	 Time: 0.08031320571899414[0m
2025-09-22 02:55:26,490 - Analysis - INFO - [1mGeneration number 3 	 Code coverage: 98.84% (341/345) 	 Branch coverage: 78.57% (11/14) 	 Transactions: 17 (13 unique)   	 Time: 0.10630083084106445[0m
2025-09-22 02:55:26,511 - Analysis - INFO - [1mGeneration number 4 	 Code coverage: 98.84% (341/345) 	 Branch coverage: 78.57% (11/14) 	 Transactions: 21 (15 unique)   	 Time: 0.12700343132019043[0m
2025-09-22 02:55:26,540 - Analysis - INFO - [1mGeneration number 5 	 Code coverage: 98.84% (341/345) 	 Branch coverage: 78.57% (11/14) 	 Transactions: 25 (18 unique)   	 Time: 0.15619635581970215[0m
2025-09-22 02:55:26,599 - Analysis - INFO - [1mGeneration number 6 	 Code coverage: 98.84% (341/345) 	 Branch coverage: 78.57% (11/14) 	 Transactions: 29 (21 unique)   	 Time: 0.21564197540283203[0m
2025-09-22 02:55:26,610 - Detector - INFO - [1m[33m-----------------------------------------------------[0m
2025-09-22 02:55:26,610 - Detector - INFO - [1m[33m          !!! Assertion failure detected !!!         [0m
2025-09-22 02:55:26,610 - Detector - INFO - [1m[33m-----------------------------------------------------[0m
2025-09-22 02:55:26,611 - Detector - INFO - [1m[33mSWC-ID:   110[0m
2025-09-22 02:55:26,611 - Detector - INFO - [1m[33mSeverity: Medium[0m
2025-09-22 02:55:26,611 - Detector - INFO - [1m[33m-----------------------------------------------------[0m
2025-09-22 02:55:26,611 - Detector - INFO - [1m[33mSource code line:[0m
2025-09-22 02:55:26,611 - Detector - INFO - [1m[33m-----------------------------------------------------[0m
2025-09-22 02:55:26,611 - Detector - INFO - [1m[33m/sb/0x837f936009afb90e31751a4e92d9cc9350a92d93.sol:129:1[0m
2025-09-22 02:55:26,611 - Detector - INFO - [1m[33m_data[1][0m
2025-09-22 02:55:26,611 - Detector - INFO - [1m[33m-----------------------------------------------------[0m
2025-09-22 02:55:26,611 - Detector - INFO - [1m[33mTransaction sequence:[0m
2025-09-22 02:55:26,611 - Detector - INFO - [1m[33m-----------------------------------------------------[0m
2025-09-22 02:55:26,611 - Detector - INFO - [1m[33mTransaction - tokenFallback(address,uint256,bytes):[0m
2025-09-22 02:55:26,611 - Detector - INFO - [1m[33m-----------------------------------------------------[0m
2025-09-22 02:55:26,611 - Detector - INFO - [1m[33mFrom:      0xdeadbeefdeadbeefdeadbeefdeadbeefdeadbeef[0m
2025-09-22 02:55:26,611 - Detector - INFO - [1m[33mTo:        0x2c5e8a3b3aad9df32339409534e64dfcabcd3a65[0m
2025-09-22 02:55:26,611 - Detector - INFO - [1m[33mValue:     0 Wei[0m
2025-09-22 02:55:26,611 - Detector - INFO - [1m[33mGas Limit: 4500000[0m
2025-09-22 02:55:26,611 - Detector - INFO - [1m[33mInput:     0xc0ee0b8a000000000000000000000000deadbeef[0m
2025-09-22 02:55:26,612 - Detector - INFO - [1m[33m           deadbeefdeadbeefdeadbeefdeadbeef4e0a815cf8[0m
2025-09-22 02:55:26,612 - Detector - INFO - [1m[33m           2ed1ad48631dde7c824c4fcec2e15e80238f45da83[0m
2025-09-22 02:55:26,612 - Detector - INFO - [1m[33m           a326d700fa26000000000000000000000000000000[0m
2025-09-22 02:55:26,612 - Detector - INFO - [1m[33m           000000000000000000000000000000006000000000[0m
2025-09-22 02:55:26,612 - Detector - INFO - [1m[33m           000000000000000000000000000000000000000000[0m
2025-09-22 02:55:26,612 - Detector - INFO - [1m[33m           000000000000015600000000000000000000000000[0m
2025-09-22 02:55:26,612 - Detector - INFO - [1m[33m           000000000000000000000000000000000000[0m
2025-09-22 02:55:26,612 - Detector - INFO - [1m[33m-----------------------------------------------------[0m
2025-09-22 02:55:26,648 - Analysis - INFO - [1mGeneration number 7 	 Code coverage: 99.13% (342/345) 	 Branch coverage: 85.71% (12/14) 	 Transactions: 33 (24 unique)   	 Time: 0.26435232162475586[0m
2025-09-22 02:55:26,683 - Analysis - INFO - [1mGeneration number 8 	 Code coverage: 99.13% (342/345) 	 Branch coverage: 85.71% (12/14) 	 Transactions: 37 (28 unique)   	 Time: 0.29917049407958984[0m
2025-09-22 02:55:26,723 - Analysis - INFO - [1mGeneration number 9 	 Code coverage: 99.13% (342/345) 	 Branch coverage: 85.71% (12/14) 	 Transactions: 41 (32 unique)   	 Time: 0.3393993377685547[0m
2025-09-22 02:55:26,760 - Analysis - INFO - [1mGeneration number 10 	 Code coverage: 99.13% (342/345) 	 Branch coverage: 85.71% (12/14) 	 Transactions: 45 (35 unique)   	 Time: 0.3766963481903076[0m
2025-09-22 02:55:26,761 - Analysis - INFO - [1m-----------------------------------------------------[0m
2025-09-22 02:55:26,761 - Analysis - INFO - Number of generations: 	 10
2025-09-22 02:55:26,761 - Analysis - INFO - Number of transactions: 	 45 (35 unique)
2025-09-22 02:55:26,761 - Analysis - INFO - Transactions per second: 	 119
2025-09-22 02:55:26,761 - Analysis - INFO - Total code coverage: 	 99.13% (342/345)
2025-09-22 02:55:26,761 - Analysis - INFO - Total branch coverage: 	 85.71% (12/14)
2025-09-22 02:55:26,761 - Analysis - INFO - Total execution time: 	 0.38 seconds
2025-09-22 02:55:26,761 - Analysis - INFO - Total memory consumption: 	 58.22 MB
2025-09-22 02:55:26,764 - Fuzzer   - INFO - [1mFuzzing contract [1mHiroyukiCoinDark[0m[0m
2025-09-22 02:55:26,894 - Detector - INFO - [1m[33m-----------------------------------------------------[0m
2025-09-22 02:55:26,894 - Detector - INFO - [1m[33m          !!! Assertion failure detected !!!         [0m
2025-09-22 02:55:26,894 - Detector - INFO - [1m[33m-----------------------------------------------------[0m
2025-09-22 02:55:26,895 - Detector - INFO - [1m[33mSWC-ID:   110[0m
2025-09-22 02:55:26,895 - Detector - INFO - [1m[33mSeverity: Medium[0m
2025-09-22 02:55:26,895 - Detector - INFO - [1m[33m-----------------------------------------------------[0m
2025-09-22 02:55:26,895 - Detector - INFO - [1m[33mSource code line:[0m
2025-09-22 02:55:26,895 - Detector - INFO - [1m[33m-----------------------------------------------------[0m
2025-09-22 02:55:26,895 - Detector - INFO - [1m[33m/sb/0x837f936009afb90e31751a4e92d9cc9350a92d93.sol:14:1[0m
2025-09-22 02:55:26,895 - Detector - INFO - [1m[33massert(c / a == b)[0m
2025-09-22 02:55:26,895 - Detector - INFO - [1m[33m-----------------------------------------------------[0m
2025-09-22 02:55:26,895 - Detector - INFO - [1m[33mTransaction sequence:[0m
2025-09-22 02:55:26,895 - Detector - INFO - [1m[33m-----------------------------------------------------[0m
2025-09-22 02:55:26,895 - Detector - INFO - [1m[33mTransaction - burn(uint256):[0m
2025-09-22 02:55:26,895 - Detector - INFO - [1m[33m-----------------------------------------------------[0m
2025-09-22 02:55:26,895 - Detector - INFO - [1m[33mFrom:      0xcafebabecafebabecafebabecafebabecafebabe[0m
2025-09-22 02:55:26,895 - Detector - INFO - [1m[33mTo:        0x2c5e8a3b3aad9df32339409534e64dfcabcd3a65[0m
2025-09-22 02:55:26,895 - Detector - INFO - [1m[33mValue:     0 Wei[0m
2025-09-22 02:55:26,895 - Detector - INFO - [1m[33mGas Limit: 4500000[0m
2025-09-22 02:55:26,895 - Detector - INFO - [1m[33mInput:     0x42966c683ef6f164462864fbd05eb1d8368bcf63[0m
2025-09-22 02:55:26,895 - Detector - INFO - [1m[33m           0721189b6dfea473e3665f29a6c18358[0m
2025-09-22 02:55:26,895 - Detector - INFO - [1m[33m-----------------------------------------------------[0m
2025-09-22 02:55:27,087 - Analysis - INFO - [1mGeneration number 0 	 Code coverage: 45.31% (1930/4260) 	 Branch coverage: 49.58% (117/236) 	 Transactions: 41 (40 unique)   	 Time: 0.3070712089538574[0m
2025-09-22 02:55:27,725 - Analysis - INFO - [1mGeneration number 1 	 Code coverage: 46.27% (1971/4260) 	 Branch coverage: 51.27% (121/236) 	 Transactions: 83 (65 unique)   	 Time: 0.9456069469451904[0m
2025-09-22 02:55:29,001 - Analysis - INFO - [1mGeneration number 2 	 Code coverage: 51.88% (2210/4260) 	 Branch coverage: 52.54% (124/236) 	 Transactions: 143 (90 unique)   	 Time: 2.2212634086608887[0m
2025-09-22 02:55:31,716 - Analysis - INFO - [1mGeneration number 3 	 Code coverage: 54.15% (2307/4260) 	 Branch coverage: 54.24% (128/236) 	 Transactions: 262 (127 unique)   	 Time: 4.936401605606079[0m
2025-09-22 02:55:35,070 - Analysis - INFO - [1mGeneration number 4 	 Code coverage: 54.37% (2316/4260) 	 Branch coverage: 55.51% (131/236) 	 Transactions: 407 (165 unique)   	 Time: 8.29015588760376[0m
2025-09-22 02:55:39,141 - Analysis - INFO - [1mGeneration number 5 	 Code coverage: 54.44% (2319/4260) 	 Branch coverage: 55.93% (132/236) 	 Transactions: 567 (205 unique)   	 Time: 12.361010551452637[0m
2025-09-22 02:55:43,415 - Analysis - INFO - [1mGeneration number 6 	 Code coverage: 54.72% (2331/4260) 	 Branch coverage: 55.93% (132/236) 	 Transactions: 732 (245 unique)   	 Time: 16.634971857070923[0m
2025-09-22 02:55:48,268 - Analysis - INFO - [1mGeneration number 7 	 Code coverage: 54.72% (2331/4260) 	 Branch coverage: 55.93% (132/236) 	 Transactions: 897 (285 unique)   	 Time: 21.487961769104004[0m
2025-09-22 02:55:54,481 - Analysis - INFO - [1mGeneration number 8 	 Code coverage: 54.72% (2331/4260) 	 Branch coverage: 56.78% (134/236) 	 Transactions: 1058 (325 unique)   	 Time: 27.701443433761597[0m
2025-09-22 02:56:01,113 - Analysis - INFO - [1mGeneration number 9 	 Code coverage: 54.72% (2331/4260) 	 Branch coverage: 56.78% (134/236) 	 Transactions: 1219 (365 unique)   	 Time: 34.333083391189575[0m
2025-09-22 02:56:08,246 - Analysis - INFO - [1mGeneration number 10 	 Code coverage: 54.72% (2331/4260) 	 Branch coverage: 57.20% (135/236) 	 Transactions: 1376 (404 unique)   	 Time: 41.46599817276001[0m
2025-09-22 02:56:08,887 - Analysis - INFO - [1m-----------------------------------------------------[0m
2025-09-22 02:56:08,888 - Analysis - INFO - Number of generations: 	 10
2025-09-22 02:56:08,888 - Analysis - INFO - Number of transactions: 	 1376 (404 unique)
2025-09-22 02:56:08,888 - Analysis - INFO - Transactions per second: 	 33
2025-09-22 02:56:08,888 - Analysis - INFO - Total code coverage: 	 54.72% (2331/4260)
2025-09-22 02:56:08,888 - Analysis - INFO - Total branch coverage: 	 57.20% (135/236)
2025-09-22 02:56:08,888 - Analysis - INFO - Total execution time: 	 42.11 seconds
2025-09-22 02:56:08,888 - Analysis - INFO - Total memory consumption: 	 132.06 MB
2025-09-22 02:56:08,892 - Fuzzer   - INFO - [1mFuzzing contract [1mOwnable[0m[0m
2025-09-22 02:56:08,924 - Analysis - INFO - [1mGeneration number 0 	 Code coverage: 96.00% (168/175) 	 Branch coverage: 85.71% (12/14) 	 Transactions: 7 (6 unique)   	 Time: 0.02808356285095215[0m
2025-09-22 02:56:08,949 - Analysis - INFO - [1mGeneration number 1 	 Code coverage: 96.00% (168/175) 	 Branch coverage: 85.71% (12/14) 	 Transactions: 14 (8 unique)   	 Time: 0.053247690200805664[0m
2025-09-22 02:56:09,011 - Analysis - INFO - [1mGeneration number 2 	 Code coverage: 97.71% (171/175) 	 Branch coverage: 92.86% (13/14) 	 Transactions: 25 (10 unique)   	 Time: 0.1150214672088623[0m
2025-09-22 02:56:09,053 - Analysis - INFO - [1mGeneration number 3 	 Code coverage: 97.71% (171/175) 	 Branch coverage: 92.86% (13/14) 	 Transactions: 37 (12 unique)   	 Time: 0.1569066047668457[0m
2025-09-22 02:56:09,121 - Analysis - INFO - [1mGeneration number 4 	 Code coverage: 97.71% (171/175) 	 Branch coverage: 92.86% (13/14) 	 Transactions: 53 (16 unique)   	 Time: 0.22441792488098145[0m
2025-09-22 02:56:09,189 - Analysis - INFO - [1mGeneration number 5 	 Code coverage: 97.71% (171/175) 	 Branch coverage: 92.86% (13/14) 	 Transactions: 69 (17 unique)   	 Time: 0.29263925552368164[0m
2025-09-22 02:56:09,286 - Analysis - INFO - [1mGeneration number 6 	 Code coverage: 99.43% (174/175) 	 Branch coverage: 100.00% (14/14) 	 Transactions: 93 (20 unique)   	 Time: 0.38997673988342285[0m
2025-09-22 02:56:09,359 - Analysis - INFO - [1mGeneration number 7 	 Code coverage: 99.43% (174/175) 	 Branch coverage: 100.00% (14/14) 	 Transactions: 113 (21 unique)   	 Time: 0.462904691696167[0m
2025-09-22 02:56:09,445 - Analysis - INFO - [1mGeneration number 8 	 Code coverage: 99.43% (174/175) 	 Branch coverage: 100.00% (14/14) 	 Transactions: 136 (23 unique)   	 Time: 0.5485413074493408[0m
2025-09-22 02:56:09,548 - Analysis - INFO - [1mGeneration number 9 	 Code coverage: 99.43% (174/175) 	 Branch coverage: 100.00% (14/14) 	 Transactions: 163 (27 unique)   	 Time: 0.6513745784759521[0m
2025-09-22 02:56:09,655 - Analysis - INFO - [1mGeneration number 10 	 Code coverage: 99.43% (174/175) 	 Branch coverage: 100.00% (14/14) 	 Transactions: 190 (30 unique)   	 Time: 0.7583603858947754[0m
2025-09-22 02:56:09,655 - Analysis - INFO - [1m-----------------------------------------------------[0m
2025-09-22 02:56:09,655 - Analysis - INFO - Number of generations: 	 10
2025-09-22 02:56:09,655 - Analysis - INFO - Number of transactions: 	 190 (30 unique)
2025-09-22 02:56:09,655 - Analysis - INFO - Transactions per second: 	 251
2025-09-22 02:56:09,655 - Analysis - INFO - Total code coverage: 	 99.43% (174/175)
2025-09-22 02:56:09,655 - Analysis - INFO - Total branch coverage: 	 100.00% (14/14)
2025-09-22 02:56:09,655 - Analysis - INFO - Total execution time: 	 0.76 seconds
2025-09-22 02:56:09,655 - Analysis - INFO - Total memory consumption: 	 132.06 MB

     ______            ______                _           
    / ____/___  ____  / ____/_  __________  (_)_  _______
   / /   / __ \/ __ \/ /_  / / / /_  /_  / / / / / / ___/
  / /___/ /_/ / / / / __/ / /_/ / / /_/ /_/ / /_/ (__  ) 
  \____/\____/_/ /_/_/    \__,_/ /___/___/_/\__,_/____/  

delteed file
