2025-09-21 14:43:40,709 - Main     - INFO - [1mInitializing seed to 1427655.0[0m
2025-09-21 14:43:40,738 - Fuzzer   - INFO - [1mFuzzing contract [1mExploitLibrary[0m[0m
2025-09-21 14:43:40,796 - Analysis - INFO - [1mGeneration number 0 	 Code coverage: 53.49% (291/544) 	 Branch coverage: 47.22% (17/36) 	 Transactions: 9 (8 unique)   	 Time: 0.05087709426879883[0m
2025-09-21 14:43:40,898 - Analysis - INFO - [1mGeneration number 1 	 Code coverage: 53.49% (291/544) 	 Branch coverage: 47.22% (17/36) 	 Transactions: 23 (16 unique)   	 Time: 0.15289855003356934[0m
2025-09-21 14:43:41,072 - Analysis - INFO - [1mGeneration number 2 	 Code coverage: 53.49% (291/544) 	 Branch coverage: 47.22% (17/36) 	 Transactions: 48 (24 unique)   	 Time: 0.3262310028076172[0m
2025-09-21 14:43:41,306 - Analysis - INFO - [1mGeneration number 3 	 Code coverage: 53.49% (291/544) 	 Branch coverage: 47.22% (17/36) 	 Transactions: 77 (32 unique)   	 Time: 0.5610098838806152[0m
2025-09-21 14:43:41,517 - Analysis - INFO - [1mGeneration number 4 	 Code coverage: 53.49% (291/544) 	 Branch coverage: 47.22% (17/36) 	 Transactions: 105 (40 unique)   	 Time: 0.7711629867553711[0m
2025-09-21 14:43:41,746 - Analysis - INFO - [1mGeneration number 5 	 Code coverage: 53.49% (291/544) 	 Branch coverage: 47.22% (17/36) 	 Transactions: 133 (48 unique)   	 Time: 1.0009922981262207[0m
2025-09-21 14:43:41,982 - Analysis - INFO - [1mGeneration number 6 	 Code coverage: 53.49% (291/544) 	 Branch coverage: 47.22% (17/36) 	 Transactions: 160 (56 unique)   	 Time: 1.2362909317016602[0m
2025-09-21 14:43:42,245 - Analysis - INFO - [1mGeneration number 7 	 Code coverage: 53.49% (291/544) 	 Branch coverage: 47.22% (17/36) 	 Transactions: 188 (64 unique)   	 Time: 1.4998161792755127[0m
2025-09-21 14:43:42,497 - Analysis - INFO - [1mGeneration number 8 	 Code coverage: 53.49% (291/544) 	 Branch coverage: 47.22% (17/36) 	 Transactions: 215 (72 unique)   	 Time: 1.7516283988952637[0m
2025-09-21 14:43:42,752 - Analysis - INFO - [1mGeneration number 9 	 Code coverage: 53.49% (291/544) 	 Branch coverage: 47.22% (17/36) 	 Transactions: 242 (79 unique)   	 Time: 2.0066864490509033[0m
2025-09-21 14:43:43,012 - Analysis - INFO - [1mGeneration number 10 	 Code coverage: 53.49% (291/544) 	 Branch coverage: 47.22% (17/36) 	 Transactions: 269 (87 unique)   	 Time: 2.26641583442688[0m
2025-09-21 14:43:43,284 - Analysis - INFO - [1mGeneration number 11 	 Code coverage: 53.49% (291/544) 	 Branch coverage: 47.22% (17/36) 	 Transactions: 297 (95 unique)   	 Time: 2.538630723953247[0m
2025-09-21 14:43:43,516 - Analysis - INFO - [1mGeneration number 12 	 Code coverage: 53.49% (291/544) 	 Branch coverage: 47.22% (17/36) 	 Transactions: 321 (111 unique)   	 Time: 2.7710280418395996[0m
2025-09-21 14:43:43,850 - Analysis - INFO - [1mGeneration number 13 	 Code coverage: 70.22% (382/544) 	 Branch coverage: 61.11% (22/36) 	 Transactions: 349 (118 unique)   	 Time: 3.105109453201294[0m
2025-09-21 14:43:44,149 - Analysis - INFO - [1mGeneration number 14 	 Code coverage: 70.22% (382/544) 	 Branch coverage: 61.11% (22/36) 	 Transactions: 377 (125 unique)   	 Time: 3.4037487506866455[0m
2025-09-21 14:43:44,449 - Analysis - INFO - [1mGeneration number 15 	 Code coverage: 70.22% (382/544) 	 Branch coverage: 61.11% (22/36) 	 Transactions: 403 (132 unique)   	 Time: 3.7038543224334717[0m
2025-09-21 14:43:44,767 - Analysis - INFO - [1mGeneration number 16 	 Code coverage: 70.22% (382/544) 	 Branch coverage: 61.11% (22/36) 	 Transactions: 431 (140 unique)   	 Time: 4.021263837814331[0m
2025-09-21 14:43:45,124 - Analysis - INFO - [1mGeneration number 17 	 Code coverage: 70.22% (382/544) 	 Branch coverage: 61.11% (22/36) 	 Transactions: 461 (147 unique)   	 Time: 4.378440618515015[0m
2025-09-21 14:43:45,486 - Analysis - INFO - [1mGeneration number 18 	 Code coverage: 70.22% (382/544) 	 Branch coverage: 61.11% (22/36) 	 Transactions: 493 (155 unique)   	 Time: 4.740466117858887[0m
2025-09-21 14:43:45,880 - Analysis - INFO - [1mGeneration number 19 	 Code coverage: 70.22% (382/544) 	 Branch coverage: 61.11% (22/36) 	 Transactions: 525 (163 unique)   	 Time: 5.135148286819458[0m
2025-09-21 14:43:46,253 - Analysis - INFO - [1mGeneration number 20 	 Code coverage: 70.22% (382/544) 	 Branch coverage: 61.11% (22/36) 	 Transactions: 557 (171 unique)   	 Time: 5.508153915405273[0m
2025-09-21 14:43:46,638 - Analysis - INFO - [1mGeneration number 21 	 Code coverage: 70.22% (382/544) 	 Branch coverage: 61.11% (22/36) 	 Transactions: 589 (179 unique)   	 Time: 5.892549514770508[0m
2025-09-21 14:43:47,029 - Analysis - INFO - [1mGeneration number 22 	 Code coverage: 70.22% (382/544) 	 Branch coverage: 61.11% (22/36) 	 Transactions: 621 (187 unique)   	 Time: 6.2835938930511475[0m
2025-09-21 14:43:47,435 - Analysis - INFO - [1mGeneration number 23 	 Code coverage: 70.22% (382/544) 	 Branch coverage: 61.11% (22/36) 	 Transactions: 653 (195 unique)   	 Time: 6.689617872238159[0m
2025-09-21 14:43:47,816 - Analysis - INFO - [1mGeneration number 24 	 Code coverage: 70.22% (382/544) 	 Branch coverage: 61.11% (22/36) 	 Transactions: 685 (203 unique)   	 Time: 7.07051944732666[0m
2025-09-21 14:43:48,077 - Analysis - INFO - [1mGeneration number 25 	 Code coverage: 70.22% (382/544) 	 Branch coverage: 61.11% (22/36) 	 Transactions: 709 (218 unique)   	 Time: 7.331578731536865[0m
2025-09-21 14:43:48,435 - Analysis - INFO - [1mGeneration number 26 	 Code coverage: 70.22% (382/544) 	 Branch coverage: 61.11% (22/36) 	 Transactions: 741 (226 unique)   	 Time: 7.6896607875823975[0m
2025-09-21 14:43:48,798 - Analysis - INFO - [1mGeneration number 27 	 Code coverage: 70.22% (382/544) 	 Branch coverage: 61.11% (22/36) 	 Transactions: 773 (234 unique)   	 Time: 8.052208185195923[0m
2025-09-21 14:43:49,168 - Analysis - INFO - [1mGeneration number 28 	 Code coverage: 70.22% (382/544) 	 Branch coverage: 61.11% (22/36) 	 Transactions: 805 (242 unique)   	 Time: 8.423134326934814[0m
2025-09-21 14:43:49,558 - Analysis - INFO - [1mGeneration number 29 	 Code coverage: 70.22% (382/544) 	 Branch coverage: 61.11% (22/36) 	 Transactions: 837 (250 unique)   	 Time: 8.812867879867554[0m
2025-09-21 14:43:49,919 - Analysis - INFO - [1mGeneration number 30 	 Code coverage: 70.22% (382/544) 	 Branch coverage: 61.11% (22/36) 	 Transactions: 869 (258 unique)   	 Time: 9.17344355583191[0m
2025-09-21 14:43:50,278 - Analysis - INFO - [1mGeneration number 31 	 Code coverage: 70.22% (382/544) 	 Branch coverage: 61.11% (22/36) 	 Transactions: 901 (266 unique)   	 Time: 9.53227686882019[0m
2025-09-21 14:43:50,631 - Analysis - INFO - [1mGeneration number 32 	 Code coverage: 70.22% (382/544) 	 Branch coverage: 61.11% (22/36) 	 Transactions: 933 (274 unique)   	 Time: 9.885782241821289[0m
2025-09-21 14:43:50,995 - Analysis - INFO - [1mGeneration number 33 	 Code coverage: 70.22% (382/544) 	 Branch coverage: 61.11% (22/36) 	 Transactions: 965 (282 unique)   	 Time: 10.249816179275513[0m
2025-09-21 14:43:51,380 - Analysis - INFO - [1mGeneration number 34 	 Code coverage: 70.22% (382/544) 	 Branch coverage: 61.11% (22/36) 	 Transactions: 997 (290 unique)   	 Time: 10.63437557220459[0m
2025-09-21 14:43:51,615 - Analysis - INFO - [1mGeneration number 35 	 Code coverage: 70.22% (382/544) 	 Branch coverage: 61.11% (22/36) 	 Transactions: 1019 (302 unique)   	 Time: 10.869720220565796[0m
2025-09-21 14:43:51,958 - Analysis - INFO - [1mGeneration number 36 	 Code coverage: 71.51% (389/544) 	 Branch coverage: 63.89% (23/36) 	 Transactions: 1049 (310 unique)   	 Time: 11.212242841720581[0m
2025-09-21 14:43:52,258 - Analysis - INFO - [1mGeneration number 37 	 Code coverage: 71.51% (389/544) 	 Branch coverage: 63.89% (23/36) 	 Transactions: 1078 (318 unique)   	 Time: 11.512804508209229[0m
2025-09-21 14:43:52,581 - Analysis - INFO - [1mGeneration number 38 	 Code coverage: 71.51% (389/544) 	 Branch coverage: 63.89% (23/36) 	 Transactions: 1107 (326 unique)   	 Time: 11.835445880889893[0m
2025-09-21 14:43:52,933 - Analysis - INFO - [1mGeneration number 39 	 Code coverage: 71.51% (389/544) 	 Branch coverage: 63.89% (23/36) 	 Transactions: 1136 (334 unique)   	 Time: 12.187391757965088[0m
2025-09-21 14:43:53,263 - Analysis - INFO - [1mGeneration number 40 	 Code coverage: 71.51% (389/544) 	 Branch coverage: 63.89% (23/36) 	 Transactions: 1165 (342 unique)   	 Time: 12.517374277114868[0m
2025-09-21 14:43:53,587 - Analysis - INFO - [1mGeneration number 41 	 Code coverage: 71.51% (389/544) 	 Branch coverage: 63.89% (23/36) 	 Transactions: 1195 (350 unique)   	 Time: 12.841676473617554[0m
2025-09-21 14:43:53,908 - Analysis - INFO - [1mGeneration number 42 	 Code coverage: 71.51% (389/544) 	 Branch coverage: 63.89% (23/36) 	 Transactions: 1224 (358 unique)   	 Time: 13.162769556045532[0m
2025-09-21 14:43:54,221 - Analysis - INFO - [1mGeneration number 43 	 Code coverage: 71.51% (389/544) 	 Branch coverage: 63.89% (23/36) 	 Transactions: 1252 (366 unique)   	 Time: 13.475901365280151[0m
2025-09-21 14:43:54,568 - Analysis - INFO - [1mGeneration number 44 	 Code coverage: 71.51% (389/544) 	 Branch coverage: 63.89% (23/36) 	 Transactions: 1281 (374 unique)   	 Time: 13.822535753250122[0m
2025-09-21 14:43:54,890 - Analysis - INFO - [1mGeneration number 45 	 Code coverage: 71.51% (389/544) 	 Branch coverage: 63.89% (23/36) 	 Transactions: 1310 (381 unique)   	 Time: 14.144259929656982[0m
2025-09-21 14:43:55,227 - Analysis - INFO - [1mGeneration number 46 	 Code coverage: 71.51% (389/544) 	 Branch coverage: 63.89% (23/36) 	 Transactions: 1340 (389 unique)   	 Time: 14.481579303741455[0m
2025-09-21 14:43:55,578 - Analysis - INFO - [1mGeneration number 47 	 Code coverage: 71.51% (389/544) 	 Branch coverage: 63.89% (23/36) 	 Transactions: 1371 (397 unique)   	 Time: 14.83309817314148[0m
2025-09-21 14:43:55,755 - Analysis - INFO - [1mGeneration number 48 	 Code coverage: 71.51% (389/544) 	 Branch coverage: 63.89% (23/36) 	 Transactions: 1390 (410 unique)   	 Time: 15.00995945930481[0m
2025-09-21 14:43:55,961 - Analysis - INFO - [1mGeneration number 49 	 Code coverage: 71.51% (389/544) 	 Branch coverage: 63.89% (23/36) 	 Transactions: 1410 (414 unique)   	 Time: 15.215561151504517[0m
2025-09-21 14:43:56,392 - Analysis - INFO - [1mGeneration number 50 	 Code coverage: 71.51% (389/544) 	 Branch coverage: 63.89% (23/36) 	 Transactions: 1446 (422 unique)   	 Time: 15.646804809570312[0m
2025-09-21 14:43:56,804 - Analysis - INFO - [1mGeneration number 51 	 Code coverage: 71.51% (389/544) 	 Branch coverage: 63.89% (23/36) 	 Transactions: 1483 (430 unique)   	 Time: 16.058829069137573[0m
2025-09-21 14:43:57,223 - Analysis - INFO - [1mGeneration number 52 	 Code coverage: 71.51% (389/544) 	 Branch coverage: 63.89% (23/36) 	 Transactions: 1520 (438 unique)   	 Time: 16.47749948501587[0m
2025-09-21 14:43:57,617 - Analysis - INFO - [1mGeneration number 53 	 Code coverage: 71.51% (389/544) 	 Branch coverage: 63.89% (23/36) 	 Transactions: 1556 (446 unique)   	 Time: 16.871445894241333[0m
2025-09-21 14:43:58,046 - Analysis - INFO - [1mGeneration number 54 	 Code coverage: 71.51% (389/544) 	 Branch coverage: 63.89% (23/36) 	 Transactions: 1592 (454 unique)   	 Time: 17.300729513168335[0m
2025-09-21 14:43:58,448 - Analysis - INFO - [1mGeneration number 55 	 Code coverage: 71.51% (389/544) 	 Branch coverage: 63.89% (23/36) 	 Transactions: 1628 (461 unique)   	 Time: 17.702941417694092[0m
2025-09-21 14:43:58,867 - Analysis - INFO - [1mGeneration number 56 	 Code coverage: 71.51% (389/544) 	 Branch coverage: 63.89% (23/36) 	 Transactions: 1664 (469 unique)   	 Time: 18.121301889419556[0m
2025-09-21 14:43:59,275 - Analysis - INFO - [1mGeneration number 57 	 Code coverage: 71.51% (389/544) 	 Branch coverage: 63.89% (23/36) 	 Transactions: 1700 (477 unique)   	 Time: 18.530152797698975[0m
2025-09-21 14:43:59,504 - Analysis - INFO - [1mGeneration number 58 	 Code coverage: 71.51% (389/544) 	 Branch coverage: 63.89% (23/36) 	 Transactions: 1722 (490 unique)   	 Time: 18.75912857055664[0m
2025-09-21 14:43:59,879 - Analysis - INFO - [1mGeneration number 59 	 Code coverage: 71.51% (389/544) 	 Branch coverage: 63.89% (23/36) 	 Transactions: 1752 (498 unique)   	 Time: 19.13397979736328[0m
2025-09-21 14:44:00,223 - Analysis - INFO - [1mGeneration number 60 	 Code coverage: 71.51% (389/544) 	 Branch coverage: 63.89% (23/36) 	 Transactions: 1783 (506 unique)   	 Time: 19.47813868522644[0m
2025-09-21 14:44:00,568 - Analysis - INFO - [1mGeneration number 61 	 Code coverage: 71.51% (389/544) 	 Branch coverage: 63.89% (23/36) 	 Transactions: 1814 (514 unique)   	 Time: 19.823117971420288[0m
2025-09-21 14:44:00,908 - Analysis - INFO - [1mGeneration number 62 	 Code coverage: 71.51% (389/544) 	 Branch coverage: 63.89% (23/36) 	 Transactions: 1844 (522 unique)   	 Time: 20.1622576713562[0m
2025-09-21 14:44:01,288 - Analysis - INFO - [1mGeneration number 63 	 Code coverage: 71.51% (389/544) 	 Branch coverage: 63.89% (23/36) 	 Transactions: 1875 (530 unique)   	 Time: 20.542234182357788[0m
2025-09-21 14:44:01,648 - Analysis - INFO - [1mGeneration number 64 	 Code coverage: 71.51% (389/544) 	 Branch coverage: 63.89% (23/36) 	 Transactions: 1906 (538 unique)   	 Time: 20.9021737575531[0m
2025-09-21 14:44:02,020 - Analysis - INFO - [1mGeneration number 65 	 Code coverage: 71.51% (389/544) 	 Branch coverage: 63.89% (23/36) 	 Transactions: 1938 (546 unique)   	 Time: 21.274569272994995[0m
2025-09-21 14:44:02,376 - Analysis - INFO - [1mGeneration number 66 	 Code coverage: 71.51% (389/544) 	 Branch coverage: 63.89% (23/36) 	 Transactions: 1970 (554 unique)   	 Time: 21.63030982017517[0m
2025-09-21 14:44:02,749 - Analysis - INFO - [1mGeneration number 67 	 Code coverage: 71.51% (389/544) 	 Branch coverage: 63.89% (23/36) 	 Transactions: 2002 (562 unique)   	 Time: 22.004139184951782[0m
2025-09-21 14:44:03,019 - Analysis - INFO - [1mGeneration number 68 	 Code coverage: 71.51% (389/544) 	 Branch coverage: 63.89% (23/36) 	 Transactions: 2023 (573 unique)   	 Time: 22.27359366416931[0m
2025-09-21 14:44:03,310 - Analysis - INFO - [1mGeneration number 69 	 Code coverage: 71.51% (389/544) 	 Branch coverage: 63.89% (23/36) 	 Transactions: 2047 (581 unique)   	 Time: 22.564188241958618[0m
2025-09-21 14:44:03,589 - Analysis - INFO - [1mGeneration number 70 	 Code coverage: 71.51% (389/544) 	 Branch coverage: 63.89% (23/36) 	 Transactions: 2071 (589 unique)   	 Time: 22.84366226196289[0m
2025-09-21 14:44:03,872 - Analysis - INFO - [1mGeneration number 71 	 Code coverage: 71.51% (389/544) 	 Branch coverage: 63.89% (23/36) 	 Transactions: 2095 (597 unique)   	 Time: 23.12614369392395[0m
2025-09-21 14:44:04,154 - Analysis - INFO - [1mGeneration number 72 	 Code coverage: 71.51% (389/544) 	 Branch coverage: 63.89% (23/36) 	 Transactions: 2119 (605 unique)   	 Time: 23.409048795700073[0m
2025-09-21 14:44:04,438 - Analysis - INFO - [1mGeneration number 73 	 Code coverage: 71.51% (389/544) 	 Branch coverage: 63.89% (23/36) 	 Transactions: 2143 (613 unique)   	 Time: 23.692986488342285[0m
2025-09-21 14:44:04,725 - Analysis - INFO - [1mGeneration number 74 	 Code coverage: 71.51% (389/544) 	 Branch coverage: 63.89% (23/36) 	 Transactions: 2167 (621 unique)   	 Time: 23.97969627380371[0m
2025-09-21 14:44:05,048 - Analysis - INFO - [1mGeneration number 75 	 Code coverage: 71.51% (389/544) 	 Branch coverage: 63.89% (23/36) 	 Transactions: 2191 (629 unique)   	 Time: 24.302368879318237[0m
2025-09-21 14:44:05,343 - Analysis - INFO - [1mGeneration number 76 	 Code coverage: 71.51% (389/544) 	 Branch coverage: 63.89% (23/36) 	 Transactions: 2215 (637 unique)   	 Time: 24.59730863571167[0m
2025-09-21 14:44:05,624 - Analysis - INFO - [1mGeneration number 77 	 Code coverage: 71.51% (389/544) 	 Branch coverage: 63.89% (23/36) 	 Transactions: 2239 (645 unique)   	 Time: 24.8789701461792[0m
2025-09-21 14:44:05,893 - Analysis - INFO - [1mGeneration number 78 	 Code coverage: 71.51% (389/544) 	 Branch coverage: 63.89% (23/36) 	 Transactions: 2263 (658 unique)   	 Time: 25.147457361221313[0m
2025-09-21 14:44:06,268 - Analysis - INFO - [1mGeneration number 79 	 Code coverage: 71.51% (389/544) 	 Branch coverage: 63.89% (23/36) 	 Transactions: 2295 (666 unique)   	 Time: 25.52265954017639[0m
2025-09-21 14:44:06,665 - Analysis - INFO - [1mGeneration number 80 	 Code coverage: 71.51% (389/544) 	 Branch coverage: 63.89% (23/36) 	 Transactions: 2327 (674 unique)   	 Time: 25.91995120048523[0m
2025-09-21 14:44:07,037 - Analysis - INFO - [1mGeneration number 81 	 Code coverage: 71.51% (389/544) 	 Branch coverage: 63.89% (23/36) 	 Transactions: 2359 (682 unique)   	 Time: 26.29141139984131[0m
2025-09-21 14:44:07,418 - Analysis - INFO - [1mGeneration number 82 	 Code coverage: 71.51% (389/544) 	 Branch coverage: 63.89% (23/36) 	 Transactions: 2391 (690 unique)   	 Time: 26.672648429870605[0m
2025-09-21 14:44:07,792 - Analysis - INFO - [1mGeneration number 83 	 Code coverage: 71.51% (389/544) 	 Branch coverage: 63.89% (23/36) 	 Transactions: 2423 (698 unique)   	 Time: 27.046167850494385[0m
2025-09-21 14:44:08,156 - Analysis - INFO - [1mGeneration number 84 	 Code coverage: 71.51% (389/544) 	 Branch coverage: 63.89% (23/36) 	 Transactions: 2455 (704 unique)   	 Time: 27.41103744506836[0m
2025-09-21 14:44:08,545 - Analysis - INFO - [1mGeneration number 85 	 Code coverage: 71.51% (389/544) 	 Branch coverage: 63.89% (23/36) 	 Transactions: 2487 (711 unique)   	 Time: 27.800068140029907[0m
2025-09-21 14:44:08,978 - Analysis - INFO - [1mGeneration number 86 	 Code coverage: 71.51% (389/544) 	 Branch coverage: 63.89% (23/36) 	 Transactions: 2519 (719 unique)   	 Time: 28.232909440994263[0m
2025-09-21 14:44:09,390 - Analysis - INFO - [1mGeneration number 87 	 Code coverage: 71.51% (389/544) 	 Branch coverage: 63.89% (23/36) 	 Transactions: 2551 (727 unique)   	 Time: 28.644868850708008[0m
2025-09-21 14:44:09,630 - Analysis - INFO - [1mGeneration number 88 	 Code coverage: 71.51% (389/544) 	 Branch coverage: 63.89% (23/36) 	 Transactions: 2573 (739 unique)   	 Time: 28.884661436080933[0m
2025-09-21 14:44:09,945 - Analysis - INFO - [1mGeneration number 89 	 Code coverage: 71.51% (389/544) 	 Branch coverage: 63.89% (23/36) 	 Transactions: 2597 (747 unique)   	 Time: 29.199871301651[0m
2025-09-21 14:44:10,243 - Analysis - INFO - [1mGeneration number 90 	 Code coverage: 71.51% (389/544) 	 Branch coverage: 63.89% (23/36) 	 Transactions: 2623 (755 unique)   	 Time: 29.497487783432007[0m
2025-09-21 14:44:10,590 - Analysis - INFO - [1mGeneration number 91 	 Code coverage: 71.51% (389/544) 	 Branch coverage: 63.89% (23/36) 	 Transactions: 2652 (763 unique)   	 Time: 29.84492254257202[0m
2025-09-21 14:44:10,940 - Analysis - INFO - [1mGeneration number 92 	 Code coverage: 71.51% (389/544) 	 Branch coverage: 63.89% (23/36) 	 Transactions: 2682 (771 unique)   	 Time: 30.194469213485718[0m
2025-09-21 14:44:11,302 - Analysis - INFO - [1mGeneration number 93 	 Code coverage: 71.51% (389/544) 	 Branch coverage: 63.89% (23/36) 	 Transactions: 2712 (779 unique)   	 Time: 30.55691361427307[0m
2025-09-21 14:44:11,689 - Analysis - INFO - [1mGeneration number 94 	 Code coverage: 71.51% (389/544) 	 Branch coverage: 63.89% (23/36) 	 Transactions: 2742 (787 unique)   	 Time: 30.94383978843689[0m
2025-09-21 14:44:12,034 - Analysis - INFO - [1mGeneration number 95 	 Code coverage: 71.51% (389/544) 	 Branch coverage: 63.89% (23/36) 	 Transactions: 2772 (795 unique)   	 Time: 31.289132356643677[0m
2025-09-21 14:44:12,383 - Analysis - INFO - [1mGeneration number 96 	 Code coverage: 71.51% (389/544) 	 Branch coverage: 63.89% (23/36) 	 Transactions: 2802 (803 unique)   	 Time: 31.637583255767822[0m
2025-09-21 14:44:12,706 - Analysis - INFO - [1mGeneration number 97 	 Code coverage: 71.51% (389/544) 	 Branch coverage: 63.89% (23/36) 	 Transactions: 2831 (811 unique)   	 Time: 31.96094298362732[0m
2025-09-21 14:44:12,965 - Analysis - INFO - [1mGeneration number 98 	 Code coverage: 71.51% (389/544) 	 Branch coverage: 63.89% (23/36) 	 Transactions: 2853 (825 unique)   	 Time: 32.21915888786316[0m
2025-09-21 14:44:13,331 - Analysis - INFO - [1mGeneration number 99 	 Code coverage: 71.51% (389/544) 	 Branch coverage: 63.89% (23/36) 	 Transactions: 2885 (833 unique)   	 Time: 32.58605432510376[0m
2025-09-21 14:44:13,698 - Analysis - INFO - [1mGeneration number 100 	 Code coverage: 71.51% (389/544) 	 Branch coverage: 63.89% (23/36) 	 Transactions: 2917 (841 unique)   	 Time: 32.952852964401245[0m
2025-09-21 14:44:14,062 - Analysis - INFO - [1mGeneration number 101 	 Code coverage: 71.51% (389/544) 	 Branch coverage: 63.89% (23/36) 	 Transactions: 2949 (849 unique)   	 Time: 33.31674790382385[0m
2025-09-21 14:44:14,423 - Analysis - INFO - [1mGeneration number 102 	 Code coverage: 71.51% (389/544) 	 Branch coverage: 63.89% (23/36) 	 Transactions: 2981 (857 unique)   	 Time: 33.67766356468201[0m
2025-09-21 14:44:14,798 - Analysis - INFO - [1mGeneration number 103 	 Code coverage: 71.51% (389/544) 	 Branch coverage: 63.89% (23/36) 	 Transactions: 3013 (865 unique)   	 Time: 34.05297517776489[0m
2025-09-21 14:44:15,167 - Analysis - INFO - [1mGeneration number 104 	 Code coverage: 71.51% (389/544) 	 Branch coverage: 63.89% (23/36) 	 Transactions: 3045 (872 unique)   	 Time: 34.42125082015991[0m
2025-09-21 14:44:15,536 - Analysis - INFO - [1mGeneration number 105 	 Code coverage: 71.51% (389/544) 	 Branch coverage: 63.89% (23/36) 	 Transactions: 3077 (880 unique)   	 Time: 34.79114127159119[0m
2025-09-21 14:44:15,894 - Analysis - INFO - [1mGeneration number 106 	 Code coverage: 71.51% (389/544) 	 Branch coverage: 63.89% (23/36) 	 Transactions: 3109 (888 unique)   	 Time: 35.14911150932312[0m
2025-09-21 14:44:16,284 - Analysis - INFO - [1mGeneration number 107 	 Code coverage: 71.51% (389/544) 	 Branch coverage: 63.89% (23/36) 	 Transactions: 3141 (896 unique)   	 Time: 35.53899383544922[0m
2025-09-21 14:44:16,502 - Analysis - INFO - [1mGeneration number 108 	 Code coverage: 71.51% (389/544) 	 Branch coverage: 63.89% (23/36) 	 Transactions: 3163 (907 unique)   	 Time: 35.75701141357422[0m
2025-09-21 14:44:16,856 - Analysis - INFO - [1mGeneration number 109 	 Code coverage: 71.51% (389/544) 	 Branch coverage: 63.89% (23/36) 	 Transactions: 3195 (915 unique)   	 Time: 36.110336780548096[0m
2025-09-21 14:44:17,229 - Analysis - INFO - [1mGeneration number 110 	 Code coverage: 71.51% (389/544) 	 Branch coverage: 63.89% (23/36) 	 Transactions: 3227 (923 unique)   	 Time: 36.48368716239929[0m
2025-09-21 14:44:17,617 - Analysis - INFO - [1mGeneration number 111 	 Code coverage: 71.51% (389/544) 	 Branch coverage: 63.89% (23/36) 	 Transactions: 3259 (931 unique)   	 Time: 36.87162804603577[0m
2025-09-21 14:44:18,017 - Analysis - INFO - [1mGeneration number 112 	 Code coverage: 71.51% (389/544) 	 Branch coverage: 63.89% (23/36) 	 Transactions: 3291 (939 unique)   	 Time: 37.27155017852783[0m
2025-09-21 14:44:18,375 - Analysis - INFO - [1mGeneration number 113 	 Code coverage: 71.51% (389/544) 	 Branch coverage: 63.89% (23/36) 	 Transactions: 3323 (947 unique)   	 Time: 37.62973666191101[0m
2025-09-21 14:44:18,733 - Analysis - INFO - [1mGeneration number 114 	 Code coverage: 71.51% (389/544) 	 Branch coverage: 63.89% (23/36) 	 Transactions: 3355 (955 unique)   	 Time: 37.98745560646057[0m
2025-09-21 14:44:19,105 - Analysis - INFO - [1mGeneration number 115 	 Code coverage: 71.51% (389/544) 	 Branch coverage: 63.89% (23/36) 	 Transactions: 3387 (963 unique)   	 Time: 38.36009240150452[0m
2025-09-21 14:44:19,508 - Analysis - INFO - [1mGeneration number 116 	 Code coverage: 71.51% (389/544) 	 Branch coverage: 63.89% (23/36) 	 Transactions: 3419 (971 unique)   	 Time: 38.76286721229553[0m
2025-09-21 14:44:19,864 - Analysis - INFO - [1mGeneration number 117 	 Code coverage: 71.51% (389/544) 	 Branch coverage: 63.89% (23/36) 	 Transactions: 3451 (979 unique)   	 Time: 39.118691205978394[0m
2025-09-21 14:44:20,121 - Analysis - INFO - [1mGeneration number 118 	 Code coverage: 71.51% (389/544) 	 Branch coverage: 63.89% (23/36) 	 Transactions: 3475 (993 unique)   	 Time: 39.37539601325989[0m
2025-09-21 14:44:20,474 - Analysis - INFO - [1mGeneration number 119 	 Code coverage: 71.51% (389/544) 	 Branch coverage: 63.89% (23/36) 	 Transactions: 3507 (1001 unique)   	 Time: 39.72860503196716[0m
2025-09-21 14:44:20,828 - Analysis - INFO - [1mGeneration number 120 	 Code coverage: 71.51% (389/544) 	 Branch coverage: 63.89% (23/36) 	 Transactions: 3539 (1009 unique)   	 Time: 40.08247709274292[0m
2025-09-21 14:44:20,848 - Analysis - INFO - [1m-----------------------------------------------------[0m
2025-09-21 14:44:20,848 - Analysis - INFO - Number of generations: 	 120
2025-09-21 14:44:20,848 - Analysis - INFO - Number of transactions: 	 3539 (1009 unique)
2025-09-21 14:44:20,848 - Analysis - INFO - Transactions per second: 	 88
2025-09-21 14:44:20,848 - Analysis - INFO - Total code coverage: 	 71.51% (389/544)
2025-09-21 14:44:20,848 - Analysis - INFO - Total branch coverage: 	 63.89% (23/36)
2025-09-21 14:44:20,848 - Analysis - INFO - Total execution time: 	 40.10 seconds
2025-09-21 14:44:20,849 - Analysis - INFO - Total memory consumption: 	 70.12 MB

     ______            ______                _           
    / ____/___  ____  / ____/_  __________  (_)_  _______
   / /   / __ \/ __ \/ /_  / / / /_  /_  / / / / / / ___/
  / /___/ /_/ / / / / __/ / /_/ / / /_/ /_/ / /_/ (__  ) 
  \____/\____/_/ /_/_/    \__,_/ /___/___/_/\__,_/____/  

delteed file
