'solc --version' running
'solc /sb/0x837f936009afb90e31751a4e92d9cc9350a92d93.sol --combined-json abi,ast,bin,bin-runtime,srcmap,srcmap-runtime,userdoc,devdoc,hashes,compact-format --allow-paths .,/sb' running
Compilation warnings/errors on /sb/0x837f936009afb90e31751a4e92d9cc9350a92d93.sol:
/sb/0x837f936009afb90e31751a4e92d9cc9350a92d93.sol:53:5: Warning: Defining constructors as functions with the same name as the contract is deprecated. Use "constructor(...) { ... }" instead.
    function Ownable() public {
    ^ (Relevant source part starts here and spans across multiple lines).
/sb/0x837f936009afb90e31751a4e92d9cc9350a92d93.sol:161:5: Warning: Defining constructors as functions with the same name as the contract is deprecated. Use "constructor(...) { ... }" instead.
    function HiroyukiCoinDark() public {
    ^ (Relevant source part starts here and spans across multiple lines).
/sb/0x837f936009afb90e31751a4e92d9cc9350a92d93.sol:71:9: Warning: Invoking events without "emit" prefix is deprecated.
        OwnershipTransferred(owner, newOwner);
        ^-----------------------------------^
/sb/0x837f936009afb90e31751a4e92d9cc9350a92d93.sol:164:9: Warning: Invoking events without "emit" prefix is deprecated.
        Transfer(address(0), owner, totalSupply);
        ^--------------------------------------^
/sb/0x837f936009afb90e31751a4e92d9cc9350a92d93.sol:196:45: Warning: This function only accepts a single "bytes" argument. Please use "abi.encodePacked(...)" or a similar function to encode the data.
            assert(_to.call.value(0)(bytes4(keccak256(_custom_fallback)), msg.sender, _value, _data));
                                            ^-------------------------^
/sb/0x837f936009afb90e31751a4e92d9cc9350a92d93.sol:196:45: Warning: The provided argument of type string memory is not implicitly convertible to expected type bytes memory.
            assert(_to.call.value(0)(bytes4(keccak256(_custom_fallback)), msg.sender, _value, _data));
                                            ^-------------------------^
/sb/0x837f936009afb90e31751a4e92d9cc9350a92d93.sol:197:13: Warning: Invoking events without "emit" prefix is deprecated.
            Transfer(msg.sender, _to, _value, _data);
            ^--------------------------------------^
/sb/0x837f936009afb90e31751a4e92d9cc9350a92d93.sol:198:13: Warning: Invoking events without "emit" prefix is deprecated.
            Transfer(msg.sender, _to, _value);
            ^-------------------------------^
/sb/0x837f936009afb90e31751a4e92d9cc9350a92d93.sol:243:9: Warning: Invoking events without "emit" prefix is deprecated.
        Transfer(msg.sender, _to, _value, _data);
        ^--------------------------------------^
/sb/0x837f936009afb90e31751a4e92d9cc9350a92d93.sol:244:9: Warning: Invoking events without "emit" prefix is deprecated.
        Transfer(msg.sender, _to, _value);
        ^-------------------------------^
/sb/0x837f936009afb90e31751a4e92d9cc9350a92d93.sol:255:9: Warning: Invoking events without "emit" prefix is deprecated.
        Transfer(msg.sender, _to, _value, _data);
        ^--------------------------------------^
/sb/0x837f936009afb90e31751a4e92d9cc9350a92d93.sol:256:9: Warning: Invoking events without "emit" prefix is deprecated.
        Transfer(msg.sender, _to, _value);
        ^-------------------------------^
/sb/0x837f936009afb90e31751a4e92d9cc9350a92d93.sol:274:9: Warning: Invoking events without "emit" prefix is deprecated.
        Transfer(_from, _to, _value);
        ^--------------------------^
/sb/0x837f936009afb90e31751a4e92d9cc9350a92d93.sol:286:9: Warning: Invoking events without "emit" prefix is deprecated.
        Approval(msg.sender, _spender, _value);
        ^------------------------------------^
/sb/0x837f936009afb90e31751a4e92d9cc9350a92d93.sol:310:9: Warning: Invoking events without "emit" prefix is deprecated.
        Burn(msg.sender, _unitAmount);
        ^---------------------------^
/sb/0x837f936009afb90e31751a4e92d9cc9350a92d93.sol:323:13: Warning: Invoking events without "emit" prefix is deprecated.
            Transfer(msg.sender, addresses[j], amount);
            ^----------------------------------------^
/sb/0x837f936009afb90e31751a4e92d9cc9350a92d93.sol:342:13: Warning: Invoking events without "emit" prefix is deprecated.
            Transfer(msg.sender, addresses[j], amounts[j]);
            ^--------------------------------------------^
/sb/0x837f936009afb90e31751a4e92d9cc9350a92d93.sol:365:9: Warning: Invoking events without "emit" prefix is deprecated.
        Transfer(owner, _to, numTokens);
        ^-----------------------------^


HiroyukiCoinDark.isContract(address) (../../sb/0x837f936009afb90e31751a4e92d9cc9350a92d93.sol#229-236) is declared view but contains assembly code
Reference: https://github.com/crytic/slither/wiki/Detector-Documentation#constant-functions-using-assembly-code

HiroyukiCoinDark.totalSupply (../../sb/0x837f936009afb90e31751a4e92d9cc9350a92d93.sol#151) shadows:
	- ERC223.totalSupply (../../sb/0x837f936009afb90e31751a4e92d9cc9350a92d93.sol#85)
Reference: https://github.com/crytic/slither/wiki/Detector-Documentation#state-variable-shadowing-from-abstract-contracts

HiroyukiCoinDark.transfer(address,uint256).empty (../../sb/0x837f936009afb90e31751a4e92d9cc9350a92d93.sol#220) is a local variable never initialized
ContractReceiver.tokenFallback(address,uint256,bytes).tkn (../../sb/0x837f936009afb90e31751a4e92d9cc9350a92d93.sol#125) is a local variable never initialized
Reference: https://github.com/crytic/slither/wiki/Detector-Documentation#uninitialized-local-variables

HiroyukiCoinDark.setPresaleRate(uint256) (../../sb/0x837f936009afb90e31751a4e92d9cc9350a92d93.sol#349-351) should emit an event for: 
	- presaleRate = _unitAmount (../../sb/0x837f936009afb90e31751a4e92d9cc9350a92d93.sol#350) 
Reference: https://github.com/crytic/slither/wiki/Detector-Documentation#missing-events-arithmetic

Reentrancy in HiroyukiCoinDark.transfer(address,uint256,bytes,string) (../../sb/0x837f936009afb90e31751a4e92d9cc9350a92d93.sol#190-203):
	External calls:
	- assert(bool)(_to.call.value(0)(bytes4(keccak256()(_custom_fallback)),msg.sender,_value,_data)) (../../sb/0x837f936009afb90e31751a4e92d9cc9350a92d93.sol#196)
	Event emitted after the call(s):
	- Transfer(msg.sender,_to,_value,_data) (../../sb/0x837f936009afb90e31751a4e92d9cc9350a92d93.sol#197)
	- Transfer(msg.sender,_to,_value) (../../sb/0x837f936009afb90e31751a4e92d9cc9350a92d93.sol#198)
Reentrancy in HiroyukiCoinDark.transferToContract(address,uint256,bytes) (../../sb/0x837f936009afb90e31751a4e92d9cc9350a92d93.sol#249-258):
	External calls:
	- receiver.tokenFallback(msg.sender,_value,_data) (../../sb/0x837f936009afb90e31751a4e92d9cc9350a92d93.sol#254)
	Event emitted after the call(s):
	- Transfer(msg.sender,_to,_value,_data) (../../sb/0x837f936009afb90e31751a4e92d9cc9350a92d93.sol#255)
	- Transfer(msg.sender,_to,_value) (../../sb/0x837f936009afb90e31751a4e92d9cc9350a92d93.sol#256)
Reference: https://github.com/crytic/slither/wiki/Detector-Documentation#reentrancy-vulnerabilities-3

HiroyukiCoinDark.isContract(address) (../../sb/0x837f936009afb90e31751a4e92d9cc9350a92d93.sol#229-236) uses assembly
	- INLINE ASM (../../sb/0x837f936009afb90e31751a4e92d9cc9350a92d93.sol#231-235)
Reference: https://github.com/crytic/slither/wiki/Detector-Documentation#assembly-usage

HiroyukiCoinDark.totalSupply (../../sb/0x837f936009afb90e31751a4e92d9cc9350a92d93.sol#151) is set pre-construction with a non-constant function or state variable:
	- 10e10 * decimalNum
Reference: https://github.com/crytic/slither/wiki/Detector-Documentation#function-initializing-state

Version constraint ^0.4.18 contains known severe issues (https://solidity.readthedocs.io/en/latest/bugs.html)
	- DirtyBytesArrayToStorage
	- ABIDecodeTwoDimensionalArrayMemory
	- KeccakCaching
	- EmptyByteArrayCopy
	- DynamicArrayCleanup
	- ImplicitConstructorCallvalueCheck
	- TupleAssignmentMultiStackSlotComponents
	- MemoryArrayCreationOverflow
	- privateCanBeOverridden
	- SignedArrayStorageCopy
	- ABIEncoderV2StorageArrayWithMultiSlotElement
	- DynamicConstructorArgumentsClippedABIV2
	- UninitializedFunctionPointerInConstructor_0.4.x
	- IncorrectEventSignatureInLibraries_0.4.x
	- ExpExponentCleanup
	- EventStructWrongData
	- NestedArrayFunctionCallDecoder.
It is used by:
	- ^0.4.18 (../../sb/0x837f936009afb90e31751a4e92d9cc9350a92d93.sol#1)
solc-0.4.26 is an outdated solc version. Use a more recent version (at least 0.8.0), if possible.
Reference: https://github.com/crytic/slither/wiki/Detector-Documentation#incorrect-versions-of-solidity

Low level call in HiroyukiCoinDark.transfer(address,uint256,bytes,string) (../../sb/0x837f936009afb90e31751a4e92d9cc9350a92d93.sol#190-203):
	- assert(bool)(_to.call.value(0)(bytes4(keccak256()(_custom_fallback)),msg.sender,_value,_data)) (../../sb/0x837f936009afb90e31751a4e92d9cc9350a92d93.sol#196)
Reference: https://github.com/crytic/slither/wiki/Detector-Documentation#low-level-calls

Parameter ContractReceiver.tokenFallback(address,uint256,bytes)._from (../../sb/0x837f936009afb90e31751a4e92d9cc9350a92d93.sol#124) is not in mixedCase
Parameter ContractReceiver.tokenFallback(address,uint256,bytes)._value (../../sb/0x837f936009afb90e31751a4e92d9cc9350a92d93.sol#124) is not in mixedCase
Parameter ContractReceiver.tokenFallback(address,uint256,bytes)._data (../../sb/0x837f936009afb90e31751a4e92d9cc9350a92d93.sol#124) is not in mixedCase
Parameter HiroyukiCoinDark.balanceOf(address)._owner (../../sb/0x837f936009afb90e31751a4e92d9cc9350a92d93.sol#183) is not in mixedCase
Parameter HiroyukiCoinDark.transfer(address,uint256,bytes,string)._to (../../sb/0x837f936009afb90e31751a4e92d9cc9350a92d93.sol#190) is not in mixedCase
Parameter HiroyukiCoinDark.transfer(address,uint256,bytes,string)._value (../../sb/0x837f936009afb90e31751a4e92d9cc9350a92d93.sol#190) is not in mixedCase
Parameter HiroyukiCoinDark.transfer(address,uint256,bytes,string)._data (../../sb/0x837f936009afb90e31751a4e92d9cc9350a92d93.sol#190) is not in mixedCase
Parameter HiroyukiCoinDark.transfer(address,uint256,bytes,string)._custom_fallback (../../sb/0x837f936009afb90e31751a4e92d9cc9350a92d93.sol#190) is not in mixedCase
Parameter HiroyukiCoinDark.transfer(address,uint256,bytes)._to (../../sb/0x837f936009afb90e31751a4e92d9cc9350a92d93.sol#205) is not in mixedCase
Parameter HiroyukiCoinDark.transfer(address,uint256,bytes)._value (../../sb/0x837f936009afb90e31751a4e92d9cc9350a92d93.sol#205) is not in mixedCase
Parameter HiroyukiCoinDark.transfer(address,uint256,bytes)._data (../../sb/0x837f936009afb90e31751a4e92d9cc9350a92d93.sol#205) is not in mixedCase
Parameter HiroyukiCoinDark.transfer(address,uint256)._to (../../sb/0x837f936009afb90e31751a4e92d9cc9350a92d93.sol#218) is not in mixedCase
Parameter HiroyukiCoinDark.transfer(address,uint256)._value (../../sb/0x837f936009afb90e31751a4e92d9cc9350a92d93.sol#218) is not in mixedCase
Parameter HiroyukiCoinDark.transferToAddress(address,uint256,bytes)._to (../../sb/0x837f936009afb90e31751a4e92d9cc9350a92d93.sol#239) is not in mixedCase
Parameter HiroyukiCoinDark.transferToAddress(address,uint256,bytes)._value (../../sb/0x837f936009afb90e31751a4e92d9cc9350a92d93.sol#239) is not in mixedCase
Parameter HiroyukiCoinDark.transferToAddress(address,uint256,bytes)._data (../../sb/0x837f936009afb90e31751a4e92d9cc9350a92d93.sol#239) is not in mixedCase
Parameter HiroyukiCoinDark.transferToContract(address,uint256,bytes)._to (../../sb/0x837f936009afb90e31751a4e92d9cc9350a92d93.sol#249) is not in mixedCase
Parameter HiroyukiCoinDark.transferToContract(address,uint256,bytes)._value (../../sb/0x837f936009afb90e31751a4e92d9cc9350a92d93.sol#249) is not in mixedCase
Parameter HiroyukiCoinDark.transferToContract(address,uint256,bytes)._data (../../sb/0x837f936009afb90e31751a4e92d9cc9350a92d93.sol#249) is not in mixedCase
Parameter HiroyukiCoinDark.transferFrom(address,address,uint256)._from (../../sb/0x837f936009afb90e31751a4e92d9cc9350a92d93.sol#267) is not in mixedCase
Parameter HiroyukiCoinDark.transferFrom(address,address,uint256)._to (../../sb/0x837f936009afb90e31751a4e92d9cc9350a92d93.sol#267) is not in mixedCase
Parameter HiroyukiCoinDark.transferFrom(address,address,uint256)._value (../../sb/0x837f936009afb90e31751a4e92d9cc9350a92d93.sol#267) is not in mixedCase
Parameter HiroyukiCoinDark.approve(address,uint256)._spender (../../sb/0x837f936009afb90e31751a4e92d9cc9350a92d93.sol#284) is not in mixedCase
Parameter HiroyukiCoinDark.approve(address,uint256)._value (../../sb/0x837f936009afb90e31751a4e92d9cc9350a92d93.sol#284) is not in mixedCase
Parameter HiroyukiCoinDark.allowance(address,address)._owner (../../sb/0x837f936009afb90e31751a4e92d9cc9350a92d93.sol#296) is not in mixedCase
Parameter HiroyukiCoinDark.allowance(address,address)._spender (../../sb/0x837f936009afb90e31751a4e92d9cc9350a92d93.sol#296) is not in mixedCase
Parameter HiroyukiCoinDark.burn(uint256)._unitAmount (../../sb/0x837f936009afb90e31751a4e92d9cc9350a92d93.sol#304) is not in mixedCase
Parameter HiroyukiCoinDark.setPresaleRate(uint256)._unitAmount (../../sb/0x837f936009afb90e31751a4e92d9cc9350a92d93.sol#349) is not in mixedCase
Reference: https://github.com/crytic/slither/wiki/Detector-Documentation#conformance-to-solidity-naming-conventions

HiroyukiCoinDark.decimalNum (../../sb/0x837f936009afb90e31751a4e92d9cc9350a92d93.sol#150) should be constant 
HiroyukiCoinDark.decimals (../../sb/0x837f936009afb90e31751a4e92d9cc9350a92d93.sol#149) should be constant 
HiroyukiCoinDark.name (../../sb/0x837f936009afb90e31751a4e92d9cc9350a92d93.sol#147) should be constant 
HiroyukiCoinDark.symbol (../../sb/0x837f936009afb90e31751a4e92d9cc9350a92d93.sol#148) should be constant 
Reference: https://github.com/crytic/slither/wiki/Detector-Documentation#state-variables-that-could-be-declared-constant

transfer(address,uint256,bytes) should be declared external:
	- ERC223.transfer(address,uint256,bytes) (../../sb/0x837f936009afb90e31751a4e92d9cc9350a92d93.sol#91)
	- HiroyukiCoinDark.transfer(address,uint256,bytes) (../../sb/0x837f936009afb90e31751a4e92d9cc9350a92d93.sol#205-212)
transfer(address,uint256,bytes,string) should be declared external:
	- ERC223.transfer(address,uint256,bytes,string) (../../sb/0x837f936009afb90e31751a4e92d9cc9350a92d93.sol#92)
	- HiroyukiCoinDark.transfer(address,uint256,bytes,string) (../../sb/0x837f936009afb90e31751a4e92d9cc9350a92d93.sol#190-203)
tokenFallback(address,uint256,bytes) should be declared external:
	- ContractReceiver.tokenFallback(address,uint256,bytes) (../../sb/0x837f936009afb90e31751a4e92d9cc9350a92d93.sol#124-139)
Reference: https://github.com/crytic/slither/wiki/Detector-Documentation#public-function-that-could-be-declared-external
/sb/0x837f936009afb90e31751a4e92d9cc9350a92d93.sol analyzed (5 contracts with 93 detectors), 47 result(s) found
