2025-09-04 00:52:44,216 - Main     - INFO - [1mInitializing seed to 1427655.0[0m
2025-09-04 00:52:44,236 - Fuzzer   - INFO - [1mFuzzing contract [1mToken[0m[0m
2025-09-04 00:52:44,251 - Detector - INFO - [1m[31m-----------------------------------------------------[0m
2025-09-04 00:52:44,251 - Detector - INFO - [1m[31m          !!! Integer underflow detected !!!          [0m
2025-09-04 00:52:44,251 - Detector - INFO - [1m[31m-----------------------------------------------------[0m
2025-09-04 00:52:44,252 - Detector - INFO - [1m[31mSWC-ID:   101[0m
2025-09-04 00:52:44,252 - Detector - INFO - [1m[31mSeverity: High[0m
2025-09-04 00:52:44,252 - Detector - INFO - [1m[31m-----------------------------------------------------[0m
2025-09-04 00:52:44,252 - Detector - INFO - [1m[31mSource code line:[0m
2025-09-04 00:52:44,252 - Detector - INFO - [1m[31m-----------------------------------------------------[0m
2025-09-04 00:52:44,252 - Detector - INFO - [1m[31m/sb/token.sol:20:1[0m
2025-09-04 00:52:44,252 - Detector - INFO - [1m[31mbalances[msg.sender] - _value[0m
2025-09-04 00:52:44,252 - Detector - INFO - [1m[31m-----------------------------------------------------[0m
2025-09-04 00:52:44,252 - Detector - INFO - [1m[31mTransaction sequence:[0m
2025-09-04 00:52:44,252 - Detector - INFO - [1m[31m-----------------------------------------------------[0m
2025-09-04 00:52:44,252 - Detector - INFO - [1m[31mTransaction - transfer(address,uint256):[0m
2025-09-04 00:52:44,252 - Detector - INFO - [1m[31m-----------------------------------------------------[0m
2025-09-04 00:52:44,252 - Detector - INFO - [1m[31mFrom:      0xdeadbeefdeadbeefdeadbeefdeadbeefdeadbeef[0m
2025-09-04 00:52:44,252 - Detector - INFO - [1m[31mTo:        0x2c5e8a3b3aad9df32339409534e64dfcabcd3a65[0m
2025-09-04 00:52:44,252 - Detector - INFO - [1m[31mValue:     0 Wei[0m
2025-09-04 00:52:44,252 - Detector - INFO - [1m[31mGas Limit: 4500000[0m
2025-09-04 00:52:44,252 - Detector - INFO - [1m[31mInput:     0xa9059cbb000000000000000000000000cafebabe[0m
2025-09-04 00:52:44,252 - Detector - INFO - [1m[31m           cafebabecafebabecafebabecafebabea494a9f92b[0m
2025-09-04 00:52:44,252 - Detector - INFO - [1m[31m           2eb5ca92c959ebe06951fc33f7e7c1f56f74c24dae[0m
2025-09-04 00:52:44,252 - Detector - INFO - [1m[31m           f6a463076986[0m
2025-09-04 00:52:44,252 - Detector - INFO - [1m[31m-----------------------------------------------------[0m
2025-09-04 00:52:44,258 - Detector - INFO - [1m[31m-----------------------------------------------------[0m
2025-09-04 00:52:44,258 - Detector - INFO - [1m[31m          !!! Integer underflow detected !!!          [0m
2025-09-04 00:52:44,258 - Detector - INFO - [1m[31m-----------------------------------------------------[0m
2025-09-04 00:52:44,258 - Detector - INFO - [1m[31mSWC-ID:   101[0m
2025-09-04 00:52:44,258 - Detector - INFO - [1m[31mSeverity: High[0m
2025-09-04 00:52:44,258 - Detector - INFO - [1m[31m-----------------------------------------------------[0m
2025-09-04 00:52:44,258 - Detector - INFO - [1m[31mSource code line:[0m
2025-09-04 00:52:44,258 - Detector - INFO - [1m[31m-----------------------------------------------------[0m
2025-09-04 00:52:44,258 - Detector - INFO - [1m[31m/sb/token.sol:22:1[0m
2025-09-04 00:52:44,258 - Detector - INFO - [1m[31mbalances[msg.sender] -= _value[0m
2025-09-04 00:52:44,258 - Detector - INFO - [1m[31m-----------------------------------------------------[0m
2025-09-04 00:52:44,258 - Detector - INFO - [1m[31mTransaction sequence:[0m
2025-09-04 00:52:44,258 - Detector - INFO - [1m[31m-----------------------------------------------------[0m
2025-09-04 00:52:44,258 - Detector - INFO - [1m[31mTransaction - transfer(address,uint256):[0m
2025-09-04 00:52:44,258 - Detector - INFO - [1m[31m-----------------------------------------------------[0m
2025-09-04 00:52:44,258 - Detector - INFO - [1m[31mFrom:      0xdeadbeefdeadbeefdeadbeefdeadbeefdeadbeef[0m
2025-09-04 00:52:44,258 - Detector - INFO - [1m[31mTo:        0x2c5e8a3b3aad9df32339409534e64dfcabcd3a65[0m
2025-09-04 00:52:44,258 - Detector - INFO - [1m[31mValue:     0 Wei[0m
2025-09-04 00:52:44,258 - Detector - INFO - [1m[31mGas Limit: 4500000[0m
2025-09-04 00:52:44,258 - Detector - INFO - [1m[31mInput:     0xa9059cbb000000000000000000000000cafebabe[0m
2025-09-04 00:52:44,258 - Detector - INFO - [1m[31m           cafebabecafebabecafebabecafebabea494a9f92b[0m
2025-09-04 00:52:44,258 - Detector - INFO - [1m[31m           2eb5ca92c959ebe06951fc33f7e7c1f56f74c24dae[0m
2025-09-04 00:52:44,258 - Detector - INFO - [1m[31m           f6a463076986[0m
2025-09-04 00:52:44,258 - Detector - INFO - [1m[31m-----------------------------------------------------[0m
2025-09-04 00:52:44,283 - Analysis - INFO - [1mGeneration number 0 	 Code coverage: 98.08% (204/208) 	 Branch coverage: 87.50% (14/16) 	 Transactions: 9 (8 unique)   	 Time: 0.04082012176513672[0m
2025-09-04 00:52:44,319 - Analysis - INFO - [1mGeneration number 1 	 Code coverage: 98.08% (204/208) 	 Branch coverage: 93.75% (15/16) 	 Transactions: 18 (10 unique)   	 Time: 0.07709932327270508[0m
2025-09-04 00:52:44,361 - Analysis - INFO - [1mGeneration number 2 	 Code coverage: 98.08% (204/208) 	 Branch coverage: 93.75% (15/16) 	 Transactions: 26 (13 unique)   	 Time: 0.11877608299255371[0m
2025-09-04 00:52:44,425 - Analysis - INFO - [1mGeneration number 3 	 Code coverage: 98.08% (204/208) 	 Branch coverage: 93.75% (15/16) 	 Transactions: 41 (17 unique)   	 Time: 0.1828749179840088[0m
2025-09-04 00:52:44,500 - Analysis - INFO - [1mGeneration number 4 	 Code coverage: 98.08% (204/208) 	 Branch coverage: 93.75% (15/16) 	 Transactions: 58 (21 unique)   	 Time: 0.25842928886413574[0m
2025-09-04 00:52:44,590 - Analysis - INFO - [1mGeneration number 5 	 Code coverage: 98.08% (204/208) 	 Branch coverage: 93.75% (15/16) 	 Transactions: 79 (25 unique)   	 Time: 0.3474998474121094[0m
2025-09-04 00:52:44,690 - Detector - INFO - [1m[31m-----------------------------------------------------[0m
2025-09-04 00:52:44,690 - Detector - INFO - [1m[31m          !!! Integer overflow detected !!!          [0m
2025-09-04 00:52:44,690 - Detector - INFO - [1m[31m-----------------------------------------------------[0m
2025-09-04 00:52:44,690 - Detector - INFO - [1m[31mSWC-ID:   101[0m
2025-09-04 00:52:44,691 - Detector - INFO - [1m[31mSeverity: High[0m
2025-09-04 00:52:44,691 - Detector - INFO - [1m[31m-----------------------------------------------------[0m
2025-09-04 00:52:44,691 - Detector - INFO - [1m[31mSource code line:[0m
2025-09-04 00:52:44,691 - Detector - INFO - [1m[31m-----------------------------------------------------[0m
2025-09-04 00:52:44,691 - Detector - INFO - [1m[31m/sb/token.sol:23:1[0m
2025-09-04 00:52:44,691 - Detector - INFO - [1m[31mbalances[_to] += _value[0m
2025-09-04 00:52:44,691 - Detector - INFO - [1m[31m-----------------------------------------------------[0m
2025-09-04 00:52:44,691 - Detector - INFO - [1m[31mTransaction sequence:[0m
2025-09-04 00:52:44,691 - Detector - INFO - [1m[31m-----------------------------------------------------[0m
2025-09-04 00:52:44,691 - Detector - INFO - [1m[31mTransaction 1 - transfer(address,uint256):[0m
2025-09-04 00:52:44,691 - Detector - INFO - [1m[31m-----------------------------------------------------[0m
2025-09-04 00:52:44,691 - Detector - INFO - [1m[31mFrom:      0xcafebabecafebabecafebabecafebabecafebabe[0m
2025-09-04 00:52:44,691 - Detector - INFO - [1m[31mTo:        0x2c5e8a3b3aad9df32339409534e64dfcabcd3a65[0m
2025-09-04 00:52:44,691 - Detector - INFO - [1m[31mValue:     0 Wei[0m
2025-09-04 00:52:44,691 - Detector - INFO - [1m[31mGas Limit: 4500000[0m
2025-09-04 00:52:44,691 - Detector - INFO - [1m[31mInput:     0xa9059cbb000000000000000000000000cafebabe[0m
2025-09-04 00:52:44,691 - Detector - INFO - [1m[31m           cafebabecafebabecafebabecafebabe4e0a815cf8[0m
2025-09-04 00:52:44,691 - Detector - INFO - [1m[31m           2ed1ad48631dde7c824c4fcec2e15e80238f45da83[0m
2025-09-04 00:52:44,691 - Detector - INFO - [1m[31m           a326d700fa26[0m
2025-09-04 00:52:44,691 - Detector - INFO - [1m[31m-----------------------------------------------------[0m
2025-09-04 00:52:44,691 - Detector - INFO - [1m[31mTransaction 2 - balanceOf(address):[0m
2025-09-04 00:52:44,691 - Detector - INFO - [1m[31m-----------------------------------------------------[0m
2025-09-04 00:52:44,691 - Detector - INFO - [1m[31mFrom:      0xcafebabecafebabecafebabecafebabecafebabe[0m
2025-09-04 00:52:44,691 - Detector - INFO - [1m[31mTo:        0x2c5e8a3b3aad9df32339409534e64dfcabcd3a65[0m
2025-09-04 00:52:44,691 - Detector - INFO - [1m[31mValue:     1 Wei[0m
2025-09-04 00:52:44,691 - Detector - INFO - [1m[31mGas Limit: 4500000[0m
2025-09-04 00:52:44,691 - Detector - INFO - [1m[31mInput:     0x70a08231000000000000000000000000deadbeef[0m
2025-09-04 00:52:44,691 - Detector - INFO - [1m[31m           deadbeefdeadbeefdeadbeefdeadbeef[0m
2025-09-04 00:52:44,691 - Detector - INFO - [1m[31m-----------------------------------------------------[0m
2025-09-04 00:52:44,691 - Detector - INFO - [1m[31mTransaction 3 - balanceOf(address):[0m
2025-09-04 00:52:44,691 - Detector - INFO - [1m[31m-----------------------------------------------------[0m
2025-09-04 00:52:44,691 - Detector - INFO - [1m[31mFrom:      0xcafebabecafebabecafebabecafebabecafebabe[0m
2025-09-04 00:52:44,691 - Detector - INFO - [1m[31mTo:        0x2c5e8a3b3aad9df32339409534e64dfcabcd3a65[0m
2025-09-04 00:52:44,691 - Detector - INFO - [1m[31mValue:     0 Wei[0m
2025-09-04 00:52:44,691 - Detector - INFO - [1m[31mGas Limit: 4500000[0m
2025-09-04 00:52:44,691 - Detector - INFO - [1m[31mInput:     0x70a08231000000000000000000000000deadbeef[0m
2025-09-04 00:52:44,691 - Detector - INFO - [1m[31m           deadbeefdeadbeefdeadbeefdeadbeef[0m
2025-09-04 00:52:44,692 - Detector - INFO - [1m[31m-----------------------------------------------------[0m
2025-09-04 00:52:44,692 - Detector - INFO - [1m[31mTransaction 4 - balanceOf(address):[0m
2025-09-04 00:52:44,692 - Detector - INFO - [1m[31m-----------------------------------------------------[0m
2025-09-04 00:52:44,692 - Detector - INFO - [1m[31mFrom:      0xdeadbeefdeadbeefdeadbeefdeadbeefdeadbeef[0m
2025-09-04 00:52:44,692 - Detector - INFO - [1m[31mTo:        0x2c5e8a3b3aad9df32339409534e64dfcabcd3a65[0m
2025-09-04 00:52:44,692 - Detector - INFO - [1m[31mValue:     0 Wei[0m
2025-09-04 00:52:44,692 - Detector - INFO - [1m[31mGas Limit: 4500000[0m
2025-09-04 00:52:44,692 - Detector - INFO - [1m[31mInput:     0x70a08231000000000000000000000000deadbeef[0m
2025-09-04 00:52:44,692 - Detector - INFO - [1m[31m           deadbeefdeadbeefdeadbeefdeadbeef[0m
2025-09-04 00:52:44,692 - Detector - INFO - [1m[31m-----------------------------------------------------[0m
2025-09-04 00:52:44,692 - Detector - INFO - [1m[31mTransaction 5 - balanceOf(address):[0m
2025-09-04 00:52:44,692 - Detector - INFO - [1m[31m-----------------------------------------------------[0m
2025-09-04 00:52:44,692 - Detector - INFO - [1m[31mFrom:      0xdeadbeefdeadbeefdeadbeefdeadbeefdeadbeef[0m
2025-09-04 00:52:44,692 - Detector - INFO - [1m[31mTo:        0x2c5e8a3b3aad9df32339409534e64dfcabcd3a65[0m
2025-09-04 00:52:44,692 - Detector - INFO - [1m[31mValue:     0 Wei[0m
2025-09-04 00:52:44,692 - Detector - INFO - [1m[31mGas Limit: 4500000[0m
2025-09-04 00:52:44,692 - Detector - INFO - [1m[31mInput:     0x70a08231000000000000000000000000cafebabe[0m
2025-09-04 00:52:44,692 - Detector - INFO - [1m[31m           cafebabecafebabecafebabecafebabe[0m
2025-09-04 00:52:44,692 - Detector - INFO - [1m[31m-----------------------------------------------------[0m
2025-09-04 00:52:44,706 - Analysis - INFO - [1mGeneration number 6 	 Code coverage: 98.08% (204/208) 	 Branch coverage: 93.75% (15/16) 	 Transactions: 105 (30 unique)   	 Time: 0.4643876552581787[0m
2025-09-04 00:52:44,841 - Analysis - INFO - [1mGeneration number 7 	 Code coverage: 98.08% (204/208) 	 Branch coverage: 93.75% (15/16) 	 Transactions: 131 (35 unique)   	 Time: 0.5984864234924316[0m
2025-09-04 00:52:44,984 - Analysis - INFO - [1mGeneration number 8 	 Code coverage: 98.08% (204/208) 	 Branch coverage: 93.75% (15/16) 	 Transactions: 161 (41 unique)   	 Time: 0.7423465251922607[0m
2025-09-04 00:52:45,122 - Analysis - INFO - [1mGeneration number 9 	 Code coverage: 98.08% (204/208) 	 Branch coverage: 93.75% (15/16) 	 Transactions: 190 (47 unique)   	 Time: 0.8801507949829102[0m
2025-09-04 00:52:45,254 - Analysis - INFO - [1mGeneration number 10 	 Code coverage: 98.08% (204/208) 	 Branch coverage: 93.75% (15/16) 	 Transactions: 215 (52 unique)   	 Time: 1.01173734664917[0m
2025-09-04 00:52:45,266 - Analysis - INFO - [1m-----------------------------------------------------[0m
2025-09-04 00:52:45,266 - Analysis - INFO - Number of generations: 	 10
2025-09-04 00:52:45,266 - Analysis - INFO - Number of transactions: 	 215 (52 unique)
2025-09-04 00:52:45,266 - Analysis - INFO - Transactions per second: 	 210
2025-09-04 00:52:45,266 - Analysis - INFO - Total code coverage: 	 98.08% (204/208)
2025-09-04 00:52:45,266 - Analysis - INFO - Total branch coverage: 	 93.75% (15/16)
2025-09-04 00:52:45,266 - Analysis - INFO - Total execution time: 	 1.02 seconds
2025-09-04 00:52:45,267 - Analysis - INFO - Total memory consumption: 	 63.09 MB

     ______            ______                _           
    / ____/___  ____  / ____/_  __________  (_)_  _______
   / /   / __ \/ __ \/ /_  / / / /_  /_  / / / / / / ___/
  / /___/ /_/ / / / / __/ / /_/ / / /_/ /_/ / /_/ (__  ) 
  \____/\____/_/ /_/_/    \__,_/ /___/___/_/\__,_/____/  

delteed file
