'solc --version' running
'solc /sb/0x0cd70d195323e466eccb8797814ee6c7f1df65ee.sol --combined-json abi,ast,bin,bin-runtime,srcmap,srcmap-runtime,userdoc,devdoc,hashes,compact-format --allow-paths .,/sb' running
Compilation warnings/errors on /sb/0x0cd70d195323e466eccb8797814ee6c7f1df65ee.sol:
/sb/0x0cd70d195323e466eccb8797814ee6c7f1df65ee.sol:10:5: Warning: Defining constructors as functions with the same name as the contract is deprecated. Use "constructor(...) { ... }" instead.
    function owned() public {
    ^ (Relevant source part starts here and spans across multiple lines).
/sb/0x0cd70d195323e466eccb8797814ee6c7f1df65ee.sol:49:5: Warning: Defining constructors as functions with the same name as the contract is deprecated. Use "constructor(...) { ... }" instead.
    function TokenERC20(
    ^ (Relevant source part starts here and spans across multiple lines).
/sb/0x0cd70d195323e466eccb8797814ee6c7f1df65ee.sol:191:5: Warning: Defining constructors as functions with the same name as the contract is deprecated. Use "constructor(...) { ... }" instead.
    function MyAdvancedToken(
    ^ (Relevant source part starts here and spans across multiple lines).
/sb/0x0cd70d195323e466eccb8797814ee6c7f1df65ee.sol:24:28: Warning: Functions in interfaces should be declared external.
interface tokenRecipient { function receiveApproval(address _from, uint256 _value, address _token, bytes _extraData) public; }
                           ^-----------------------------------------------------------------------------------------------^
/sb/0x0cd70d195323e466eccb8797814ee6c7f1df65ee.sol:76:9: Warning: Invoking events without "emit" prefix is deprecated.
        Transfer(_from, _to, _value);
        ^--------------------------^
/sb/0x0cd70d195323e466eccb8797814ee6c7f1df65ee.sol:153:9: Warning: Invoking events without "emit" prefix is deprecated.
        Burn(msg.sender, _value);
        ^----------------------^
/sb/0x0cd70d195323e466eccb8797814ee6c7f1df65ee.sol:171:9: Warning: Invoking events without "emit" prefix is deprecated.
        Burn(_from, _value);
        ^-----------------^
/sb/0x0cd70d195323e466eccb8797814ee6c7f1df65ee.sol:206:9: Warning: Invoking events without "emit" prefix is deprecated.
        Transfer(_from, _to, _value);
        ^--------------------------^
/sb/0x0cd70d195323e466eccb8797814ee6c7f1df65ee.sol:215:9: Warning: Invoking events without "emit" prefix is deprecated.
        Transfer(0, this, mintedAmount);
        ^-----------------------------^
/sb/0x0cd70d195323e466eccb8797814ee6c7f1df65ee.sol:216:9: Warning: Invoking events without "emit" prefix is deprecated.
        Transfer(this, target, mintedAmount);
        ^----------------------------------^
/sb/0x0cd70d195323e466eccb8797814ee6c7f1df65ee.sol:224:9: Warning: Invoking events without "emit" prefix is deprecated.
        FrozenFunds(target, freeze);
        ^-------------------------^
/sb/0x0cd70d195323e466eccb8797814ee6c7f1df65ee.sol:244:17: Warning: Using contract member "balance" inherited from the address type is deprecated. Convert the contract to "address" type to access the member, for example use "address(contract).balance" instead.
        require(this.balance >= amount * sellPrice);      // checks if the contract has enough ether to buy
                ^----------^


MyAdvancedToken (../../sb/0x0cd70d195323e466eccb8797814ee6c7f1df65ee.sol#180-249) has incorrect ERC20 function interface:TokenERC20.transfer(address,uint256) (../../sb/0x0cd70d195323e466eccb8797814ee6c7f1df65ee.sol#89-91)
Reference: https://github.com/crytic/slither/wiki/Detector-Documentation#incorrect-erc20-interface

owned.transferOwnership(address) (../../sb/0x0cd70d195323e466eccb8797814ee6c7f1df65ee.sol#19-21) should emit an event for: 
	- owner = newOwner (../../sb/0x0cd70d195323e466eccb8797814ee6c7f1df65ee.sol#20) 
Reference: https://github.com/crytic/slither/wiki/Detector-Documentation#missing-events-access-control

owned.transferOwnership(address).newOwner (../../sb/0x0cd70d195323e466eccb8797814ee6c7f1df65ee.sol#19) lacks a zero-check on :
		- owner = newOwner (../../sb/0x0cd70d195323e466eccb8797814ee6c7f1df65ee.sol#20)
Reference: https://github.com/crytic/slither/wiki/Detector-Documentation#missing-zero-address-validation

TokenERC20._transfer(address,address,uint256) (../../sb/0x0cd70d195323e466eccb8797814ee6c7f1df65ee.sol#63-79) is never used and should be removed
Reference: https://github.com/crytic/slither/wiki/Detector-Documentation#dead-code

Version constraint ^0.4.16 contains known severe issues (https://solidity.readthedocs.io/en/latest/bugs.html)
	- DirtyBytesArrayToStorage
	- ABIDecodeTwoDimensionalArrayMemory
	- KeccakCaching
	- EmptyByteArrayCopy
	- DynamicArrayCleanup
	- ImplicitConstructorCallvalueCheck
	- TupleAssignmentMultiStackSlotComponents
	- MemoryArrayCreationOverflow
	- privateCanBeOverridden
	- SignedArrayStorageCopy
	- ABIEncoderV2StorageArrayWithMultiSlotElement
	- DynamicConstructorArgumentsClippedABIV2
	- UninitializedFunctionPointerInConstructor_0.4.x
	- IncorrectEventSignatureInLibraries_0.4.x
	- ExpExponentCleanup
	- NestedArrayFunctionCallDecoder
	- ZeroFunctionSelector.
It is used by:
	- ^0.4.16 (../../sb/0x0cd70d195323e466eccb8797814ee6c7f1df65ee.sol#1)
solc-0.4.26 is an outdated solc version. Use a more recent version (at least 0.8.0), if possible.
Reference: https://github.com/crytic/slither/wiki/Detector-Documentation#incorrect-versions-of-solidity

Contract owned (../../sb/0x0cd70d195323e466eccb8797814ee6c7f1df65ee.sol#7-22) is not in CapWords
Contract tokenRecipient (../../sb/0x0cd70d195323e466eccb8797814ee6c7f1df65ee.sol#24) is not in CapWords
Parameter TokenERC20.transfer(address,uint256)._to (../../sb/0x0cd70d195323e466eccb8797814ee6c7f1df65ee.sol#89) is not in mixedCase
Parameter TokenERC20.transfer(address,uint256)._value (../../sb/0x0cd70d195323e466eccb8797814ee6c7f1df65ee.sol#89) is not in mixedCase
Parameter TokenERC20.transferFrom(address,address,uint256)._from (../../sb/0x0cd70d195323e466eccb8797814ee6c7f1df65ee.sol#102) is not in mixedCase
Parameter TokenERC20.transferFrom(address,address,uint256)._to (../../sb/0x0cd70d195323e466eccb8797814ee6c7f1df65ee.sol#102) is not in mixedCase
Parameter TokenERC20.transferFrom(address,address,uint256)._value (../../sb/0x0cd70d195323e466eccb8797814ee6c7f1df65ee.sol#102) is not in mixedCase
Parameter TokenERC20.approve(address,uint256)._spender (../../sb/0x0cd70d195323e466eccb8797814ee6c7f1df65ee.sol#117) is not in mixedCase
Parameter TokenERC20.approve(address,uint256)._value (../../sb/0x0cd70d195323e466eccb8797814ee6c7f1df65ee.sol#117) is not in mixedCase
Parameter TokenERC20.approveAndCall(address,uint256,bytes)._spender (../../sb/0x0cd70d195323e466eccb8797814ee6c7f1df65ee.sol#132) is not in mixedCase
Parameter TokenERC20.approveAndCall(address,uint256,bytes)._value (../../sb/0x0cd70d195323e466eccb8797814ee6c7f1df65ee.sol#132) is not in mixedCase
Parameter TokenERC20.approveAndCall(address,uint256,bytes)._extraData (../../sb/0x0cd70d195323e466eccb8797814ee6c7f1df65ee.sol#132) is not in mixedCase
Parameter TokenERC20.burn(uint256)._value (../../sb/0x0cd70d195323e466eccb8797814ee6c7f1df65ee.sol#149) is not in mixedCase
Parameter TokenERC20.burnFrom(address,uint256)._from (../../sb/0x0cd70d195323e466eccb8797814ee6c7f1df65ee.sol#165) is not in mixedCase
Parameter TokenERC20.burnFrom(address,uint256)._value (../../sb/0x0cd70d195323e466eccb8797814ee6c7f1df65ee.sol#165) is not in mixedCase
Reference: https://github.com/crytic/slither/wiki/Detector-Documentation#conformance-to-solidity-naming-conventions

TokenERC20.decimals (../../sb/0x0cd70d195323e466eccb8797814ee6c7f1df65ee.sol#30) should be constant 
Reference: https://github.com/crytic/slither/wiki/Detector-Documentation#state-variables-that-could-be-declared-constant

receiveApproval(address,uint256,address,bytes) should be declared external:
	- tokenRecipient.receiveApproval(address,uint256,address,bytes) (../../sb/0x0cd70d195323e466eccb8797814ee6c7f1df65ee.sol#24)
approveAndCall(address,uint256,bytes) should be declared external:
	- TokenERC20.approveAndCall(address,uint256,bytes) (../../sb/0x0cd70d195323e466eccb8797814ee6c7f1df65ee.sol#132-140)
Reference: https://github.com/crytic/slither/wiki/Detector-Documentation#public-function-that-could-be-declared-external
/sb/0x0cd70d195323e466eccb8797814ee6c7f1df65ee.sol analyzed (4 contracts with 93 detectors), 24 result(s) found
