Extract contract Wallet from /sb/wallet_03_wrong_constructor.sol
Extracted 1 contract(s) from /sb/wallet_03_wrong_constructor.sol
[0;32m> Created "fuzzMe"[0m
[0;32m> To fuzz contracts:[0m
  chmod +x fuzzMe
  ./fuzzMe
contracts/Wallet.sol:38:22: Warning: Using contract member "balance" inherited from the address type is deprecated. Convert the contract to "address" type to access the member, for example use "address(contract).balance" instead.
         to.transfer(this.balance);
                     ^----------^
assets/NormalAttacker.sol:5:3: Warning: No visibility specified. Defaulting to "public". 
  function() payable {
  ^ (Relevant source part starts here and spans across multiple lines).
assets/ReentrancyAttacker.sol:8:7: Warning: Return value of low-level calls not used.
      msg.sender.call(bytes4(255));
      ^--------------------------^
assets/ReentrancyAttacker.sol:5:3: Warning: No visibility specified. Defaulting to "public". 
  function() payable {
  ^ (Relevant source part starts here and spans across multiple lines).
>> Fuzz Wallet
** Write stats: 0.004344
** Write stats: 5.00309
** Write stats: 10.0032
** Write stats: 15.0019
** Write stats: 20.0001
** Write stats: 25.0024
** Write stats: 30.0077
** Write stats: 35.0064
** Write stats: 40.0073
** Write stats: 45.0037
** Write stats: 50.0045
** Write stats: 55.0018
** Write stats: 60.0083
** Write stats: 65.0044
** Write stats: 70.0058
** Write stats: 75.0021
** Write stats: 80.0007
** Write stats: 85.0005
** Write stats: 90.0066
** Write stats: 95.0073
** Write stats: 100.011
** Write stats: 105.01
** Write stats: 110.007
** Write stats: 115.01
** Write stats: 120.002
** Write stats: 125.009
** Write stats: 130.012
** Write stats: 135
** Write stats: 140.005
** Write stats: 145.011
** Write stats: 150.005
** Write stats: 155.01
** Write stats: 160.006
** Write stats: 165.009
** Write stats: 170.008
** Write stats: 175.002
** Write stats: 180.005
** Write stats: 185.003
** Write stats: 190
** Write stats: 195.003
** Write stats: 200.014
** Write stats: 205.01
** Write stats: 210.007
** Write stats: 215.01
** Write stats: 220.001
** Write stats: 225.023
** Write stats: 230.003
** Write stats: 235.003
** Write stats: 240.007
** Write stats: 245.003
** Write stats: 250.029
** Write stats: 255.008
** Write stats: 260.027
** Write stats: 265.007
** Write stats: 270.023
** Write stats: 275.002
** Write stats: 280.034
** Write stats: 285.017
** Write stats: 290.019
** Write stats: 295.037
** Write stats: 298.036
