2025-09-21 14:33:43,132 - Main     - INFO - [1mInitializing seed to 1427655.0[0m
2025-09-21 14:33:43,198 - Fuzzer   - INFO - [1mFuzzing contract [1mSDpay[0m[0m
2025-09-21 14:33:43,371 - Analysis - INFO - [1mGeneration number 0 	 Code coverage: 53.65% (962/1793) 	 Branch coverage: 68.10% (79/116) 	 Transactions: 33 (32 unique)   	 Time: 0.1600050926208496[0m
2025-09-21 14:33:43,546 - Analysis - INFO - [1mGeneration number 1 	 Code coverage: 54.38% (975/1793) 	 Branch coverage: 70.69% (82/116) 	 Transactions: 64 (54 unique)   	 Time: 0.33530545234680176[0m
2025-09-21 14:33:43,765 - Analysis - INFO - [1mGeneration number 2 	 Code coverage: 54.88% (984/1793) 	 Branch coverage: 73.28% (85/116) 	 Transactions: 97 (71 unique)   	 Time: 0.5538539886474609[0m
2025-09-21 14:33:44,011 - Analysis - INFO - [1mGeneration number 3 	 Code coverage: 54.88% (984/1793) 	 Branch coverage: 73.28% (85/116) 	 Transactions: 139 (83 unique)   	 Time: 0.7995510101318359[0m
2025-09-21 14:33:44,299 - Analysis - INFO - [1mGeneration number 4 	 Code coverage: 55.05% (987/1793) 	 Branch coverage: 74.14% (86/116) 	 Transactions: 175 (93 unique)   	 Time: 1.0875160694122314[0m
2025-09-21 14:33:44,537 - Analysis - INFO - [1mGeneration number 5 	 Code coverage: 55.21% (990/1793) 	 Branch coverage: 75.00% (87/116) 	 Transactions: 216 (103 unique)   	 Time: 1.326106309890747[0m
2025-09-21 14:33:44,735 - Analysis - INFO - [1mGeneration number 6 	 Code coverage: 55.21% (990/1793) 	 Branch coverage: 75.00% (87/116) 	 Transactions: 249 (109 unique)   	 Time: 1.5241525173187256[0m
2025-09-21 14:33:44,872 - Analysis - INFO - [1mGeneration number 7 	 Code coverage: 55.21% (990/1793) 	 Branch coverage: 75.00% (87/116) 	 Transactions: 263 (112 unique)   	 Time: 1.660693645477295[0m
2025-09-21 14:33:45,089 - Analysis - INFO - [1mGeneration number 8 	 Code coverage: 55.21% (990/1793) 	 Branch coverage: 75.00% (87/116) 	 Transactions: 292 (118 unique)   	 Time: 1.8777894973754883[0m
2025-09-21 14:33:45,159 - Analysis - INFO - [1mGeneration number 9 	 Code coverage: 55.21% (990/1793) 	 Branch coverage: 75.00% (87/116) 	 Transactions: 295 (118 unique)   	 Time: 1.9478166103363037[0m
2025-09-21 14:33:45,237 - Analysis - INFO - [1mGeneration number 10 	 Code coverage: 55.21% (990/1793) 	 Branch coverage: 75.00% (87/116) 	 Transactions: 299 (119 unique)   	 Time: 2.026052236557007[0m
2025-09-21 14:33:45,306 - Analysis - INFO - [1mGeneration number 11 	 Code coverage: 55.21% (990/1793) 	 Branch coverage: 75.00% (87/116) 	 Transactions: 302 (119 unique)   	 Time: 2.094858407974243[0m
2025-09-21 14:33:45,392 - Analysis - INFO - [1mGeneration number 12 	 Code coverage: 55.21% (990/1793) 	 Branch coverage: 75.00% (87/116) 	 Transactions: 307 (120 unique)   	 Time: 2.1811461448669434[0m
2025-09-21 14:33:45,468 - Analysis - INFO - [1mGeneration number 13 	 Code coverage: 55.21% (990/1793) 	 Branch coverage: 75.00% (87/116) 	 Transactions: 310 (121 unique)   	 Time: 2.2570226192474365[0m
2025-09-21 14:33:45,529 - Analysis - INFO - [1mGeneration number 14 	 Code coverage: 55.21% (990/1793) 	 Branch coverage: 75.00% (87/116) 	 Transactions: 312 (121 unique)   	 Time: 2.3174612522125244[0m
2025-09-21 14:33:45,588 - Analysis - INFO - [1mGeneration number 15 	 Code coverage: 55.21% (990/1793) 	 Branch coverage: 75.00% (87/116) 	 Transactions: 314 (121 unique)   	 Time: 2.37712025642395[0m
2025-09-21 14:33:45,648 - Analysis - INFO - [1mGeneration number 16 	 Code coverage: 55.21% (990/1793) 	 Branch coverage: 75.00% (87/116) 	 Transactions: 316 (121 unique)   	 Time: 2.4369094371795654[0m
2025-09-21 14:33:46,028 - Analysis - INFO - [1mGeneration number 17 	 Code coverage: 55.72% (999/1793) 	 Branch coverage: 76.72% (89/116) 	 Transactions: 369 (147 unique)   	 Time: 2.817081928253174[0m
2025-09-21 14:33:46,265 - Analysis - INFO - [1mGeneration number 18 	 Code coverage: 56.22% (1008/1793) 	 Branch coverage: 78.45% (91/116) 	 Transactions: 396 (157 unique)   	 Time: 3.0534820556640625[0m
2025-09-21 14:33:46,458 - Analysis - INFO - [1mGeneration number 19 	 Code coverage: 56.22% (1008/1793) 	 Branch coverage: 78.45% (91/116) 	 Transactions: 422 (163 unique)   	 Time: 3.246450424194336[0m
2025-09-21 14:33:46,674 - Analysis - INFO - [1mGeneration number 20 	 Code coverage: 56.22% (1008/1793) 	 Branch coverage: 78.45% (91/116) 	 Transactions: 443 (170 unique)   	 Time: 3.462592363357544[0m
2025-09-21 14:33:46,793 - Analysis - INFO - [1mGeneration number 21 	 Code coverage: 56.22% (1008/1793) 	 Branch coverage: 78.45% (91/116) 	 Transactions: 455 (172 unique)   	 Time: 3.581735610961914[0m
2025-09-21 14:33:46,855 - Analysis - INFO - [1mGeneration number 22 	 Code coverage: 56.22% (1008/1793) 	 Branch coverage: 78.45% (91/116) 	 Transactions: 458 (172 unique)   	 Time: 3.643889904022217[0m
2025-09-21 14:33:46,928 - Analysis - INFO - [1mGeneration number 23 	 Code coverage: 56.22% (1008/1793) 	 Branch coverage: 78.45% (91/116) 	 Transactions: 462 (173 unique)   	 Time: 3.71718168258667[0m
2025-09-21 14:33:46,981 - Analysis - INFO - [1mGeneration number 24 	 Code coverage: 56.22% (1008/1793) 	 Branch coverage: 78.45% (91/116) 	 Transactions: 464 (173 unique)   	 Time: 3.770256757736206[0m
2025-09-21 14:33:47,035 - Analysis - INFO - [1mGeneration number 25 	 Code coverage: 56.22% (1008/1793) 	 Branch coverage: 78.45% (91/116) 	 Transactions: 466 (173 unique)   	 Time: 3.8237996101379395[0m
2025-09-21 14:33:47,088 - Analysis - INFO - [1mGeneration number 26 	 Code coverage: 56.22% (1008/1793) 	 Branch coverage: 78.45% (91/116) 	 Transactions: 468 (173 unique)   	 Time: 3.877342939376831[0m
2025-09-21 14:33:47,142 - Analysis - INFO - [1mGeneration number 27 	 Code coverage: 56.22% (1008/1793) 	 Branch coverage: 78.45% (91/116) 	 Transactions: 470 (173 unique)   	 Time: 3.930507183074951[0m
2025-09-21 14:33:47,195 - Analysis - INFO - [1mGeneration number 28 	 Code coverage: 56.22% (1008/1793) 	 Branch coverage: 78.45% (91/116) 	 Transactions: 472 (173 unique)   	 Time: 3.984138011932373[0m
2025-09-21 14:33:47,251 - Analysis - INFO - [1mGeneration number 29 	 Code coverage: 56.22% (1008/1793) 	 Branch coverage: 78.45% (91/116) 	 Transactions: 474 (173 unique)   	 Time: 4.039663553237915[0m
2025-09-21 14:33:47,577 - Analysis - INFO - [1mGeneration number 30 	 Code coverage: 56.22% (1008/1793) 	 Branch coverage: 78.45% (91/116) 	 Transactions: 526 (195 unique)   	 Time: 4.365583181381226[0m
2025-09-21 14:33:47,785 - Analysis - INFO - [1mGeneration number 31 	 Code coverage: 56.22% (1008/1793) 	 Branch coverage: 78.45% (91/116) 	 Transactions: 556 (202 unique)   	 Time: 4.573651552200317[0m
2025-09-21 14:33:48,034 - Analysis - INFO - [1mGeneration number 32 	 Code coverage: 56.22% (1008/1793) 	 Branch coverage: 78.45% (91/116) 	 Transactions: 589 (208 unique)   	 Time: 4.82255482673645[0m
2025-09-21 14:33:48,287 - Analysis - INFO - [1mGeneration number 33 	 Code coverage: 56.22% (1008/1793) 	 Branch coverage: 78.45% (91/116) 	 Transactions: 624 (214 unique)   	 Time: 5.076232194900513[0m
2025-09-21 14:33:48,561 - Analysis - INFO - [1mGeneration number 34 	 Code coverage: 56.22% (1008/1793) 	 Branch coverage: 78.45% (91/116) 	 Transactions: 662 (221 unique)   	 Time: 5.350119352340698[0m
2025-09-21 14:33:48,782 - Analysis - INFO - [1mGeneration number 35 	 Code coverage: 56.22% (1008/1793) 	 Branch coverage: 78.45% (91/116) 	 Transactions: 691 (226 unique)   	 Time: 5.570386171340942[0m
2025-09-21 14:33:49,101 - Analysis - INFO - [1mGeneration number 36 	 Code coverage: 56.22% (1008/1793) 	 Branch coverage: 78.45% (91/116) 	 Transactions: 737 (235 unique)   	 Time: 5.889780521392822[0m
2025-09-21 14:33:49,538 - Analysis - INFO - [1mGeneration number 37 	 Code coverage: 56.22% (1008/1793) 	 Branch coverage: 78.45% (91/116) 	 Transactions: 800 (247 unique)   	 Time: 6.326705455780029[0m
2025-09-21 14:33:50,032 - Analysis - INFO - [1mGeneration number 38 	 Code coverage: 56.22% (1008/1793) 	 Branch coverage: 78.45% (91/116) 	 Transactions: 872 (261 unique)   	 Time: 6.820364475250244[0m
2025-09-21 14:33:50,523 - Analysis - INFO - [1mGeneration number 39 	 Code coverage: 56.22% (1008/1793) 	 Branch coverage: 78.45% (91/116) 	 Transactions: 940 (274 unique)   	 Time: 7.3118414878845215[0m
2025-09-21 14:33:50,850 - Analysis - INFO - [1mGeneration number 40 	 Code coverage: 56.22% (1008/1793) 	 Branch coverage: 78.45% (91/116) 	 Transactions: 992 (291 unique)   	 Time: 7.63869309425354[0m
2025-09-21 14:33:51,019 - Analysis - INFO - [1mGeneration number 41 	 Code coverage: 56.22% (1008/1793) 	 Branch coverage: 78.45% (91/116) 	 Transactions: 1013 (294 unique)   	 Time: 7.808260202407837[0m
2025-09-21 14:33:51,168 - Analysis - INFO - [1mGeneration number 42 	 Code coverage: 56.22% (1008/1793) 	 Branch coverage: 78.45% (91/116) 	 Transactions: 1028 (301 unique)   	 Time: 7.956526041030884[0m
2025-09-21 14:33:51,279 - Analysis - INFO - [1mGeneration number 43 	 Code coverage: 56.22% (1008/1793) 	 Branch coverage: 78.45% (91/116) 	 Transactions: 1038 (303 unique)   	 Time: 8.067500114440918[0m
2025-09-21 14:33:51,352 - Analysis - INFO - [1mGeneration number 44 	 Code coverage: 56.22% (1008/1793) 	 Branch coverage: 78.45% (91/116) 	 Transactions: 1043 (303 unique)   	 Time: 8.140771865844727[0m
2025-09-21 14:33:51,425 - Analysis - INFO - [1mGeneration number 45 	 Code coverage: 56.22% (1008/1793) 	 Branch coverage: 78.45% (91/116) 	 Transactions: 1048 (304 unique)   	 Time: 8.214009046554565[0m
2025-09-21 14:33:51,490 - Analysis - INFO - [1mGeneration number 46 	 Code coverage: 56.22% (1008/1793) 	 Branch coverage: 78.45% (91/116) 	 Transactions: 1052 (305 unique)   	 Time: 8.279296398162842[0m
2025-09-21 14:33:51,556 - Analysis - INFO - [1mGeneration number 47 	 Code coverage: 56.22% (1008/1793) 	 Branch coverage: 78.45% (91/116) 	 Transactions: 1056 (305 unique)   	 Time: 8.344815492630005[0m
2025-09-21 14:33:51,613 - Analysis - INFO - [1mGeneration number 48 	 Code coverage: 56.22% (1008/1793) 	 Branch coverage: 78.45% (91/116) 	 Transactions: 1059 (305 unique)   	 Time: 8.40186333656311[0m
2025-09-21 14:33:51,670 - Analysis - INFO - [1mGeneration number 49 	 Code coverage: 56.22% (1008/1793) 	 Branch coverage: 78.45% (91/116) 	 Transactions: 1062 (305 unique)   	 Time: 8.458690166473389[0m
2025-09-21 14:33:52,039 - Analysis - INFO - [1mGeneration number 50 	 Code coverage: 56.22% (1008/1793) 	 Branch coverage: 78.45% (91/116) 	 Transactions: 1117 (323 unique)   	 Time: 8.827670097351074[0m
2025-09-21 14:33:52,279 - Analysis - INFO - [1mGeneration number 51 	 Code coverage: 56.22% (1008/1793) 	 Branch coverage: 78.45% (91/116) 	 Transactions: 1148 (331 unique)   	 Time: 9.067781925201416[0m
2025-09-21 14:33:52,528 - Analysis - INFO - [1mGeneration number 52 	 Code coverage: 56.22% (1008/1793) 	 Branch coverage: 78.45% (91/116) 	 Transactions: 1182 (340 unique)   	 Time: 9.316565036773682[0m
2025-09-21 14:33:52,795 - Analysis - INFO - [1mGeneration number 53 	 Code coverage: 56.22% (1008/1793) 	 Branch coverage: 78.45% (91/116) 	 Transactions: 1219 (350 unique)   	 Time: 9.583751916885376[0m
2025-09-21 14:33:53,175 - Analysis - INFO - [1mGeneration number 54 	 Code coverage: 56.22% (1008/1793) 	 Branch coverage: 78.45% (91/116) 	 Transactions: 1273 (365 unique)   	 Time: 9.964214563369751[0m
2025-09-21 14:33:53,548 - Analysis - INFO - [1mGeneration number 55 	 Code coverage: 56.22% (1008/1793) 	 Branch coverage: 78.45% (91/116) 	 Transactions: 1327 (376 unique)   	 Time: 10.337110996246338[0m
2025-09-21 14:33:53,863 - Analysis - INFO - [1mGeneration number 56 	 Code coverage: 56.22% (1008/1793) 	 Branch coverage: 78.45% (91/116) 	 Transactions: 1368 (383 unique)   	 Time: 10.651744842529297[0m
2025-09-21 14:33:54,111 - Analysis - INFO - [1mGeneration number 57 	 Code coverage: 56.22% (1008/1793) 	 Branch coverage: 78.45% (91/116) 	 Transactions: 1401 (388 unique)   	 Time: 10.899914503097534[0m
2025-09-21 14:33:54,258 - Analysis - INFO - [1mGeneration number 58 	 Code coverage: 56.22% (1008/1793) 	 Branch coverage: 78.45% (91/116) 	 Transactions: 1418 (389 unique)   	 Time: 11.046977996826172[0m
2025-09-21 14:33:54,363 - Analysis - INFO - [1mGeneration number 59 	 Code coverage: 56.22% (1008/1793) 	 Branch coverage: 78.45% (91/116) 	 Transactions: 1429 (390 unique)   	 Time: 11.151925802230835[0m
2025-09-21 14:33:54,759 - Analysis - INFO - [1mGeneration number 60 	 Code coverage: 56.22% (1008/1793) 	 Branch coverage: 78.45% (91/116) 	 Transactions: 1488 (410 unique)   	 Time: 11.547758340835571[0m
2025-09-21 14:33:55,067 - Analysis - INFO - [1mGeneration number 61 	 Code coverage: 56.22% (1008/1793) 	 Branch coverage: 78.45% (91/116) 	 Transactions: 1531 (423 unique)   	 Time: 11.85557770729065[0m
2025-09-21 14:33:55,453 - Analysis - INFO - [1mGeneration number 62 	 Code coverage: 56.22% (1008/1793) 	 Branch coverage: 78.45% (91/116) 	 Transactions: 1585 (435 unique)   	 Time: 12.24185299873352[0m
2025-09-21 14:33:55,936 - Analysis - INFO - [1mGeneration number 63 	 Code coverage: 56.22% (1008/1793) 	 Branch coverage: 78.45% (91/116) 	 Transactions: 1656 (452 unique)   	 Time: 12.725184917449951[0m
2025-09-21 14:33:56,463 - Analysis - INFO - [1mGeneration number 64 	 Code coverage: 56.22% (1008/1793) 	 Branch coverage: 78.45% (91/116) 	 Transactions: 1732 (469 unique)   	 Time: 13.251917123794556[0m
2025-09-21 14:33:56,844 - Analysis - INFO - [1mGeneration number 65 	 Code coverage: 56.22% (1008/1793) 	 Branch coverage: 78.45% (91/116) 	 Transactions: 1787 (479 unique)   	 Time: 13.63320541381836[0m
2025-09-21 14:33:57,234 - Analysis - INFO - [1mGeneration number 66 	 Code coverage: 56.22% (1008/1793) 	 Branch coverage: 78.45% (91/116) 	 Transactions: 1844 (489 unique)   	 Time: 14.023108720779419[0m
2025-09-21 14:33:57,438 - Analysis - INFO - [1mGeneration number 67 	 Code coverage: 56.22% (1008/1793) 	 Branch coverage: 78.45% (91/116) 	 Transactions: 1870 (494 unique)   	 Time: 14.226871728897095[0m
2025-09-21 14:33:57,551 - Analysis - INFO - [1mGeneration number 68 	 Code coverage: 56.22% (1008/1793) 	 Branch coverage: 78.45% (91/116) 	 Transactions: 1882 (496 unique)   	 Time: 14.340119123458862[0m
2025-09-21 14:33:57,644 - Analysis - INFO - [1mGeneration number 69 	 Code coverage: 56.22% (1008/1793) 	 Branch coverage: 78.45% (91/116) 	 Transactions: 1891 (497 unique)   	 Time: 14.433177471160889[0m
2025-09-21 14:33:58,021 - Analysis - INFO - [1mGeneration number 70 	 Code coverage: 56.22% (1008/1793) 	 Branch coverage: 78.45% (91/116) 	 Transactions: 1946 (511 unique)   	 Time: 14.809406042098999[0m
2025-09-21 14:33:58,265 - Analysis - INFO - [1mGeneration number 71 	 Code coverage: 56.22% (1008/1793) 	 Branch coverage: 78.45% (91/116) 	 Transactions: 1979 (521 unique)   	 Time: 15.053746938705444[0m
2025-09-21 14:33:58,296 - Analysis - INFO - [1m-----------------------------------------------------[0m
2025-09-21 14:33:58,296 - Analysis - INFO - Number of generations: 	 71
2025-09-21 14:33:58,296 - Analysis - INFO - Number of transactions: 	 1979 (521 unique)
2025-09-21 14:33:58,297 - Analysis - INFO - Transactions per second: 	 131
2025-09-21 14:33:58,297 - Analysis - INFO - Total code coverage: 	 56.22% (1008/1793)
2025-09-21 14:33:58,297 - Analysis - INFO - Total branch coverage: 	 78.45% (91/116)
2025-09-21 14:33:58,297 - Analysis - INFO - Total execution time: 	 15.09 seconds
2025-09-21 14:33:58,297 - Analysis - INFO - Total memory consumption: 	 68.59 MB

     ______            ______                _           
    / ____/___  ____  / ____/_  __________  (_)_  _______
   / /   / __ \/ __ \/ /_  / / / /_  /_  / / / / / / ___/
  / /___/ /_/ / / / / __/ / /_/ / / /_/ /_/ / /_/ (__  ) 
  \____/\____/_/ /_/_/    \__,_/ /___/___/_/\__,_/____/  

delteed file
