'solc --version' running
'solc /sb/0x9a9199b6332f0d163c33bd4afaaef0c56aa5df19.sol --combined-json abi,ast,bin,bin-runtime,srcmap,srcmap-runtime,userdoc,devdoc,hashes,compact-format --allow-paths .,/sb' running

Version constraint ^0.4.21 contains known severe issues (https://solidity.readthedocs.io/en/latest/bugs.html)
	- DirtyBytesArrayToStorage
	- ABIDecodeTwoDimensionalArrayMemory
	- KeccakCaching
	- EmptyByteArrayCopy
	- DynamicArrayCleanup
	- ImplicitConstructorCallvalueCheck
	- TupleAssignmentMultiStackSlotComponents
	- MemoryArrayCreationOverflow
	- privateCanBeOverridden
	- SignedArrayStorageCopy
	- ABIEncoderV2StorageArrayWithMultiSlotElement
	- DynamicConstructorArgumentsClippedABIV2
	- UninitializedFunctionPointerInConstructor_0.4.x
	- IncorrectEventSignatureInLibraries_0.4.x
	- ABIEncoderV2PackedStorage_0.4.x
	- ExpExponentCleanup
	- EventStructWrongData
	- NestedArrayFunctionCallDecoder.
It is used by:
	- ^0.4.21 (../../sb/0x9a9199b6332f0d163c33bd4afaaef0c56aa5df19.sol#1)
solc-0.4.26 is an outdated solc version. Use a more recent version (at least 0.8.0), if possible.
Reference: https://github.com/crytic/slither/wiki/Detector-Documentation#incorrect-versions-of-solidity

Contract LVMH_301201 (../../sb/0x9a9199b6332f0d163c33bd4afaaef0c56aa5df19.sol#3-56) is not in CapWords
Function LVMH_301201.SimpleERC20Token() (../../sb/0x9a9199b6332f0d163c33bd4afaaef0c56aa5df19.sol#15-18) is not in mixedCase
Reference: https://github.com/crytic/slither/wiki/Detector-Documentation#conformance-to-solidity-naming-conventions

LVMH_301201.slitherConstructorVariables() (../../sb/0x9a9199b6332f0d163c33bd4afaaef0c56aa5df19.sol#3-56) uses literals with too many digits:
	- totalSupply = 10872725371892800000000000 (../../sb/0x9a9199b6332f0d163c33bd4afaaef0c56aa5df19.sol#11)
Reference: https://github.com/crytic/slither/wiki/Detector-Documentation#too-many-digits

LVMH_301201.decimals (../../sb/0x9a9199b6332f0d163c33bd4afaaef0c56aa5df19.sol#9) should be constant 
LVMH_301201.name (../../sb/0x9a9199b6332f0d163c33bd4afaaef0c56aa5df19.sol#7) should be constant 
LVMH_301201.symbol (../../sb/0x9a9199b6332f0d163c33bd4afaaef0c56aa5df19.sol#8) should be constant 
LVMH_301201.totalSupply (../../sb/0x9a9199b6332f0d163c33bd4afaaef0c56aa5df19.sol#11) should be constant 
Reference: https://github.com/crytic/slither/wiki/Detector-Documentation#state-variables-that-could-be-declared-constant
/sb/0x9a9199b6332f0d163c33bd4afaaef0c56aa5df19.sol analyzed (1 contracts with 93 detectors), 9 result(s) found
