2025-09-04 00:23:36,864 - Main     - INFO - [1mInitializing seed to 1427655.0[0m
2025-09-04 00:23:36,902 - Fuzzer   - INFO - [1mFuzzing contract [1mToken[0m[0m
2025-09-04 00:23:36,932 - Detector - INFO - [1m[31m-----------------------------------------------------[0m
2025-09-04 00:23:36,933 - Detector - INFO - [1m[31m          !!! Integer underflow detected !!!          [0m
2025-09-04 00:23:36,933 - Detector - INFO - [1m[31m-----------------------------------------------------[0m
2025-09-04 00:23:36,933 - Detector - INFO - [1m[31mSWC-ID:   101[0m
2025-09-04 00:23:36,933 - Detector - INFO - [1m[31mSeverity: High[0m
2025-09-04 00:23:36,933 - Detector - INFO - [1m[31m-----------------------------------------------------[0m
2025-09-04 00:23:36,933 - Detector - INFO - [1m[31mSource code line:[0m
2025-09-04 00:23:36,933 - Detector - INFO - [1m[31m-----------------------------------------------------[0m
2025-09-04 00:23:36,933 - Detector - INFO - [1m[31m/sb/token.sol:20:1[0m
2025-09-04 00:23:36,933 - Detector - INFO - [1m[31mbalances[msg.sender] - _value[0m
2025-09-04 00:23:36,933 - Detector - INFO - [1m[31m-----------------------------------------------------[0m
2025-09-04 00:23:36,933 - Detector - INFO - [1m[31mTransaction sequence:[0m
2025-09-04 00:23:36,933 - Detector - INFO - [1m[31m-----------------------------------------------------[0m
2025-09-04 00:23:36,933 - Detector - INFO - [1m[31mTransaction - transfer(address,uint256):[0m
2025-09-04 00:23:36,933 - Detector - INFO - [1m[31m-----------------------------------------------------[0m
2025-09-04 00:23:36,933 - Detector - INFO - [1m[31mFrom:      0xdeadbeefdeadbeefdeadbeefdeadbeefdeadbeef[0m
2025-09-04 00:23:36,933 - Detector - INFO - [1m[31mTo:        0x2c5e8a3b3aad9df32339409534e64dfcabcd3a65[0m
2025-09-04 00:23:36,933 - Detector - INFO - [1m[31mValue:     0 Wei[0m
2025-09-04 00:23:36,933 - Detector - INFO - [1m[31mGas Limit: 4500000[0m
2025-09-04 00:23:36,934 - Detector - INFO - [1m[31mInput:     0xa9059cbb000000000000000000000000cafebabe[0m
2025-09-04 00:23:36,934 - Detector - INFO - [1m[31m           cafebabecafebabecafebabecafebabeffffffffff[0m
2025-09-04 00:23:36,934 - Detector - INFO - [1m[31m           ffffffffffffffffffffffffffffffffffffffffff[0m
2025-09-04 00:23:36,934 - Detector - INFO - [1m[31m           ffffffffffff[0m
2025-09-04 00:23:36,934 - Detector - INFO - [1m[31m-----------------------------------------------------[0m
2025-09-04 00:23:36,939 - Detector - INFO - [1m[31m-----------------------------------------------------[0m
2025-09-04 00:23:36,939 - Detector - INFO - [1m[31m          !!! Integer underflow detected !!!          [0m
2025-09-04 00:23:36,939 - Detector - INFO - [1m[31m-----------------------------------------------------[0m
2025-09-04 00:23:36,939 - Detector - INFO - [1m[31mSWC-ID:   101[0m
2025-09-04 00:23:36,940 - Detector - INFO - [1m[31mSeverity: High[0m
2025-09-04 00:23:36,940 - Detector - INFO - [1m[31m-----------------------------------------------------[0m
2025-09-04 00:23:36,940 - Detector - INFO - [1m[31mSource code line:[0m
2025-09-04 00:23:36,940 - Detector - INFO - [1m[31m-----------------------------------------------------[0m
2025-09-04 00:23:36,940 - Detector - INFO - [1m[31m/sb/token.sol:22:1[0m
2025-09-04 00:23:36,940 - Detector - INFO - [1m[31mbalances[msg.sender] -= _value[0m
2025-09-04 00:23:36,940 - Detector - INFO - [1m[31m-----------------------------------------------------[0m
2025-09-04 00:23:36,940 - Detector - INFO - [1m[31mTransaction sequence:[0m
2025-09-04 00:23:36,940 - Detector - INFO - [1m[31m-----------------------------------------------------[0m
2025-09-04 00:23:36,940 - Detector - INFO - [1m[31mTransaction - transfer(address,uint256):[0m
2025-09-04 00:23:36,940 - Detector - INFO - [1m[31m-----------------------------------------------------[0m
2025-09-04 00:23:36,940 - Detector - INFO - [1m[31mFrom:      0xdeadbeefdeadbeefdeadbeefdeadbeefdeadbeef[0m
2025-09-04 00:23:36,940 - Detector - INFO - [1m[31mTo:        0x2c5e8a3b3aad9df32339409534e64dfcabcd3a65[0m
2025-09-04 00:23:36,940 - Detector - INFO - [1m[31mValue:     0 Wei[0m
2025-09-04 00:23:36,940 - Detector - INFO - [1m[31mGas Limit: 4500000[0m
2025-09-04 00:23:36,940 - Detector - INFO - [1m[31mInput:     0xa9059cbb000000000000000000000000cafebabe[0m
2025-09-04 00:23:36,940 - Detector - INFO - [1m[31m           cafebabecafebabecafebabecafebabeffffffffff[0m
2025-09-04 00:23:36,941 - Detector - INFO - [1m[31m           ffffffffffffffffffffffffffffffffffffffffff[0m
2025-09-04 00:23:36,941 - Detector - INFO - [1m[31m           ffffffffffff[0m
2025-09-04 00:23:36,941 - Detector - INFO - [1m[31m-----------------------------------------------------[0m
2025-09-04 00:23:36,969 - Analysis - INFO - [1mGeneration number 0 	 Code coverage: 98.08% (204/208) 	 Branch coverage: 93.75% (15/16) 	 Transactions: 9 (8 unique)   	 Time: 0.05665230751037598[0m
2025-09-04 00:23:37,020 - Analysis - INFO - [1mGeneration number 1 	 Code coverage: 98.08% (204/208) 	 Branch coverage: 93.75% (15/16) 	 Transactions: 20 (15 unique)   	 Time: 0.10761332511901855[0m
2025-09-04 00:23:37,093 - Detector - INFO - [1m[31m-----------------------------------------------------[0m
2025-09-04 00:23:37,093 - Detector - INFO - [1m[31m          !!! Integer overflow detected !!!          [0m
2025-09-04 00:23:37,093 - Detector - INFO - [1m[31m-----------------------------------------------------[0m
2025-09-04 00:23:37,093 - Detector - INFO - [1m[31mSWC-ID:   101[0m
2025-09-04 00:23:37,093 - Detector - INFO - [1m[31mSeverity: High[0m
2025-09-04 00:23:37,093 - Detector - INFO - [1m[31m-----------------------------------------------------[0m
2025-09-04 00:23:37,093 - Detector - INFO - [1m[31mSource code line:[0m
2025-09-04 00:23:37,093 - Detector - INFO - [1m[31m-----------------------------------------------------[0m
2025-09-04 00:23:37,094 - Detector - INFO - [1m[31m/sb/token.sol:23:1[0m
2025-09-04 00:23:37,094 - Detector - INFO - [1m[31mbalances[_to] += _value[0m
2025-09-04 00:23:37,094 - Detector - INFO - [1m[31m-----------------------------------------------------[0m
2025-09-04 00:23:37,094 - Detector - INFO - [1m[31mTransaction sequence:[0m
2025-09-04 00:23:37,094 - Detector - INFO - [1m[31m-----------------------------------------------------[0m
2025-09-04 00:23:37,094 - Detector - INFO - [1m[31mTransaction 1 - transfer(address,uint256):[0m
2025-09-04 00:23:37,094 - Detector - INFO - [1m[31m-----------------------------------------------------[0m
2025-09-04 00:23:37,094 - Detector - INFO - [1m[31mFrom:      0xdeadbeefdeadbeefdeadbeefdeadbeefdeadbeef[0m
2025-09-04 00:23:37,094 - Detector - INFO - [1m[31mTo:        0x2c5e8a3b3aad9df32339409534e64dfcabcd3a65[0m
2025-09-04 00:23:37,094 - Detector - INFO - [1m[31mValue:     0 Wei[0m
2025-09-04 00:23:37,094 - Detector - INFO - [1m[31mGas Limit: 4500000[0m
2025-09-04 00:23:37,094 - Detector - INFO - [1m[31mInput:     0xa9059cbb000000000000000000000000deadbeef[0m
2025-09-04 00:23:37,094 - Detector - INFO - [1m[31m           deadbeefdeadbeefdeadbeefdeadbeef0000000000[0m
2025-09-04 00:23:37,094 - Detector - INFO - [1m[31m           000000000000000000000000000000000000000000[0m
2025-09-04 00:23:37,094 - Detector - INFO - [1m[31m           000000000001[0m
2025-09-04 00:23:37,094 - Detector - INFO - [1m[31m-----------------------------------------------------[0m
2025-09-04 00:23:37,094 - Detector - INFO - [1m[31mTransaction 2 - balanceOf(address):[0m
2025-09-04 00:23:37,094 - Detector - INFO - [1m[31m-----------------------------------------------------[0m
2025-09-04 00:23:37,094 - Detector - INFO - [1m[31mFrom:      0xdeadbeefdeadbeefdeadbeefdeadbeefdeadbeef[0m
2025-09-04 00:23:37,094 - Detector - INFO - [1m[31mTo:        0x2c5e8a3b3aad9df32339409534e64dfcabcd3a65[0m
2025-09-04 00:23:37,094 - Detector - INFO - [1m[31mValue:     1 Wei[0m
2025-09-04 00:23:37,094 - Detector - INFO - [1m[31mGas Limit: 4500000[0m
2025-09-04 00:23:37,094 - Detector - INFO - [1m[31mInput:     0x70a08231000000000000000000000000deadbeef[0m
2025-09-04 00:23:37,094 - Detector - INFO - [1m[31m           deadbeefdeadbeefdeadbeefdeadbeef[0m
2025-09-04 00:23:37,094 - Detector - INFO - [1m[31m-----------------------------------------------------[0m
2025-09-04 00:23:37,094 - Detector - INFO - [1m[31mTransaction 3 - balanceOf(address):[0m
2025-09-04 00:23:37,094 - Detector - INFO - [1m[31m-----------------------------------------------------[0m
2025-09-04 00:23:37,094 - Detector - INFO - [1m[31mFrom:      0xcafebabecafebabecafebabecafebabecafebabe[0m
2025-09-04 00:23:37,094 - Detector - INFO - [1m[31mTo:        0x2c5e8a3b3aad9df32339409534e64dfcabcd3a65[0m
2025-09-04 00:23:37,094 - Detector - INFO - [1m[31mValue:     0 Wei[0m
2025-09-04 00:23:37,094 - Detector - INFO - [1m[31mGas Limit: 4500000[0m
2025-09-04 00:23:37,094 - Detector - INFO - [1m[31mInput:     0x70a08231000000000000000000000000cafebabe[0m
2025-09-04 00:23:37,094 - Detector - INFO - [1m[31m           cafebabecafebabecafebabecafebabe[0m
2025-09-04 00:23:37,094 - Detector - INFO - [1m[31m-----------------------------------------------------[0m
2025-09-04 00:23:37,142 - Analysis - INFO - [1mGeneration number 2 	 Code coverage: 98.08% (204/208) 	 Branch coverage: 93.75% (15/16) 	 Transactions: 33 (20 unique)   	 Time: 0.22986555099487305[0m
2025-09-04 00:23:37,253 - Analysis - INFO - [1mGeneration number 3 	 Code coverage: 98.08% (204/208) 	 Branch coverage: 93.75% (15/16) 	 Transactions: 56 (25 unique)   	 Time: 0.3404250144958496[0m
2025-09-04 00:23:37,367 - Analysis - INFO - [1mGeneration number 4 	 Code coverage: 98.08% (204/208) 	 Branch coverage: 93.75% (15/16) 	 Transactions: 80 (31 unique)   	 Time: 0.4548015594482422[0m
2025-09-04 00:23:37,463 - Analysis - INFO - [1mGeneration number 5 	 Code coverage: 98.08% (204/208) 	 Branch coverage: 93.75% (15/16) 	 Transactions: 101 (35 unique)   	 Time: 0.5504307746887207[0m
2025-09-04 00:23:37,569 - Analysis - INFO - [1mGeneration number 6 	 Code coverage: 98.08% (204/208) 	 Branch coverage: 93.75% (15/16) 	 Transactions: 125 (39 unique)   	 Time: 0.6569972038269043[0m
2025-09-04 00:23:37,662 - Analysis - INFO - [1mGeneration number 7 	 Code coverage: 98.08% (204/208) 	 Branch coverage: 93.75% (15/16) 	 Transactions: 149 (43 unique)   	 Time: 0.7500622272491455[0m
2025-09-04 00:23:37,764 - Analysis - INFO - [1mGeneration number 8 	 Code coverage: 98.08% (204/208) 	 Branch coverage: 93.75% (15/16) 	 Transactions: 173 (47 unique)   	 Time: 0.8519301414489746[0m
2025-09-04 00:23:37,883 - Analysis - INFO - [1mGeneration number 9 	 Code coverage: 98.08% (204/208) 	 Branch coverage: 93.75% (15/16) 	 Transactions: 197 (51 unique)   	 Time: 0.9710257053375244[0m
2025-09-04 00:23:37,996 - Analysis - INFO - [1mGeneration number 10 	 Code coverage: 98.08% (204/208) 	 Branch coverage: 93.75% (15/16) 	 Transactions: 221 (55 unique)   	 Time: 1.0840935707092285[0m
2025-09-04 00:23:38,006 - Analysis - INFO - [1m-----------------------------------------------------[0m
2025-09-04 00:23:38,006 - Analysis - INFO - Number of generations: 	 10
2025-09-04 00:23:38,006 - Analysis - INFO - Number of transactions: 	 221 (55 unique)
2025-09-04 00:23:38,006 - Analysis - INFO - Transactions per second: 	 202
2025-09-04 00:23:38,006 - Analysis - INFO - Total code coverage: 	 98.08% (204/208)
2025-09-04 00:23:38,006 - Analysis - INFO - Total branch coverage: 	 93.75% (15/16)
2025-09-04 00:23:38,006 - Analysis - INFO - Total execution time: 	 1.09 seconds
2025-09-04 00:23:38,007 - Analysis - INFO - Total memory consumption: 	 62.59 MB

     ______            ______                _           
    / ____/___  ____  / ____/_  __________  (_)_  _______
   / /   / __ \/ __ \/ /_  / / / /_  /_  / / / / / / ___/
  / /___/ /_/ / / / / __/ / /_/ / / /_/ /_/ / /_/ (__  ) 
  \____/\____/_/ /_/_/    \__,_/ /___/___/_/\__,_/____/  

delteed file
