2025-09-22 02:22:44,801: [11] m.main:INFO: Registered plugins: IntrospectionAPIPlugin, DetectInvalid, DetectIntegerOverflow, DetectUninitializedStorage, DetectUninitializedMemory, DetectReentrancySimple, DetectReentrancyAdvanced, DetectUnusedRetVal, DetectSuicidal, DetectDelegatecall, DetectExternalCallAndLeak, DetectEnvInstruction, DetectManipulableBalance
2025-09-22 02:22:44,802: [11] m.main:INFO: Beginning analysis
2025-09-22 02:22:44,803: [11] m.e.manticore:INFO: Starting symbolic create contract
2025-09-22 02:22:45,270: [11] m.e.manticore:INFO: Starting symbolic transaction: 0
2025-09-22 02:22:45,358: [11] m.e.manticore:INFO: 0 alive states, 1 terminated states
2025-09-22 02:22:45,393: [11] m.e.manticore:INFO: Starting symbolic transaction: 1
2025-09-22 02:22:45,459: [51] m.c.manticore:INFO: Generated testcase No. 0 - REVERT(2 txs)
2025-09-22 02:22:45,459: [51] m.c.plugin:WARNING: Caught will_solve in state None, but failed to capture its initialization
2025-09-22 02:22:45,819: [11] m.c.manticore:INFO: Results in /mcore_2uqgf_we
2025-09-22 02:22:45,820: [11] m.c.manticore:INFO: Total time: 0.545520544052124
2025-09-22 02:22:46,276: [67] m.main:INFO: Registered plugins: IntrospectionAPIPlugin, DetectInvalid, DetectIntegerOverflow, DetectUninitializedStorage, DetectUninitializedMemory, DetectReentrancySimple, DetectReentrancyAdvanced, DetectUnusedRetVal, DetectSuicidal, DetectDelegatecall, DetectExternalCallAndLeak, DetectEnvInstruction, DetectManipulableBalance
2025-09-22 02:22:46,276: [67] m.main:INFO: Beginning analysis
2025-09-22 02:22:46,278: [67] m.e.manticore:INFO: Starting symbolic create contract
2025-09-22 02:29:26,189: [67] m.e.detectors:WARNING: Potentially reading uninitialized memory at instruction (address: 1160172939298038992985875009663595266309354554466, offset 128)
2025-09-22 02:29:26,251: [67] m.e.detectors:WARNING: Potentially reading uninitialized memory at instruction (address: 1160172939298038992985875009663595266309354554466, offset 129)
2025-09-22 02:29:26,314: [67] m.e.detectors:WARNING: Potentially reading uninitialized memory at instruction (address: 1160172939298038992985875009663595266309354554466, offset 130)
2025-09-22 02:29:26,377: [67] m.e.detectors:WARNING: Potentially reading uninitialized memory at instruction (address: 1160172939298038992985875009663595266309354554466, offset 131)
2025-09-22 02:29:26,444: [67] m.e.detectors:WARNING: Potentially reading uninitialized memory at instruction (address: 1160172939298038992985875009663595266309354554466, offset 132)
2025-09-22 02:29:26,507: [67] m.e.detectors:WARNING: Potentially reading uninitialized memory at instruction (address: 1160172939298038992985875009663595266309354554466, offset 133)
2025-09-22 02:29:26,570: [67] m.e.detectors:WARNING: Potentially reading uninitialized memory at instruction (address: 1160172939298038992985875009663595266309354554466, offset 134)
2025-09-22 02:29:26,634: [67] m.e.detectors:WARNING: Potentially reading uninitialized memory at instruction (address: 1160172939298038992985875009663595266309354554466, offset 135)
2025-09-22 02:29:26,698: [67] m.e.detectors:WARNING: Potentially reading uninitialized memory at instruction (address: 1160172939298038992985875009663595266309354554466, offset 136)
2025-09-22 02:29:26,763: [67] m.e.detectors:WARNING: Potentially reading uninitialized memory at instruction (address: 1160172939298038992985875009663595266309354554466, offset 137)
2025-09-22 02:29:26,830: [67] m.e.detectors:WARNING: Potentially reading uninitialized memory at instruction (address: 1160172939298038992985875009663595266309354554466, offset 138)
2025-09-22 02:29:26,895: [67] m.e.detectors:WARNING: Potentially reading uninitialized memory at instruction (address: 1160172939298038992985875009663595266309354554466, offset 139)
2025-09-22 02:29:26,961: [67] m.e.detectors:WARNING: Potentially reading uninitialized memory at instruction (address: 1160172939298038992985875009663595266309354554466, offset 140)
2025-09-22 02:29:27,026: [67] m.e.detectors:WARNING: Potentially reading uninitialized memory at instruction (address: 1160172939298038992985875009663595266309354554466, offset 141)
2025-09-22 02:29:27,091: [67] m.e.detectors:WARNING: Potentially reading uninitialized memory at instruction (address: 1160172939298038992985875009663595266309354554466, offset 142)
2025-09-22 02:29:27,162: [67] m.e.detectors:WARNING: Potentially reading uninitialized memory at instruction (address: 1160172939298038992985875009663595266309354554466, offset 143)
2025-09-22 02:29:27,230: [67] m.e.detectors:WARNING: Potentially reading uninitialized memory at instruction (address: 1160172939298038992985875009663595266309354554466, offset 144)
2025-09-22 02:29:27,296: [67] m.e.detectors:WARNING: Potentially reading uninitialized memory at instruction (address: 1160172939298038992985875009663595266309354554466, offset 145)
2025-09-22 02:29:27,363: [67] m.e.detectors:WARNING: Potentially reading uninitialized memory at instruction (address: 1160172939298038992985875009663595266309354554466, offset 146)
2025-09-22 02:29:27,430: [67] m.e.detectors:WARNING: Potentially reading uninitialized memory at instruction (address: 1160172939298038992985875009663595266309354554466, offset 147)
2025-09-22 02:29:27,499: [67] m.e.detectors:WARNING: Potentially reading uninitialized memory at instruction (address: 1160172939298038992985875009663595266309354554466, offset 148)
2025-09-22 02:29:27,568: [67] m.e.detectors:WARNING: Potentially reading uninitialized memory at instruction (address: 1160172939298038992985875009663595266309354554466, offset 149)
2025-09-22 02:29:27,642: [67] m.e.detectors:WARNING: Potentially reading uninitialized memory at instruction (address: 1160172939298038992985875009663595266309354554466, offset 150)
2025-09-22 02:29:27,712: [67] m.e.detectors:WARNING: Potentially reading uninitialized memory at instruction (address: 1160172939298038992985875009663595266309354554466, offset 151)
2025-09-22 02:29:27,783: [67] m.e.detectors:WARNING: Potentially reading uninitialized memory at instruction (address: 1160172939298038992985875009663595266309354554466, offset 152)
2025-09-22 02:29:27,852: [67] m.e.detectors:WARNING: Potentially reading uninitialized memory at instruction (address: 1160172939298038992985875009663595266309354554466, offset 153)
2025-09-22 02:29:27,922: [67] m.e.detectors:WARNING: Potentially reading uninitialized memory at instruction (address: 1160172939298038992985875009663595266309354554466, offset 154)
2025-09-22 02:29:27,993: [67] m.e.detectors:WARNING: Potentially reading uninitialized memory at instruction (address: 1160172939298038992985875009663595266309354554466, offset 155)
2025-09-22 02:29:28,064: [67] m.e.detectors:WARNING: Potentially reading uninitialized memory at instruction (address: 1160172939298038992985875009663595266309354554466, offset 156)
2025-09-22 02:29:28,137: [67] m.e.detectors:WARNING: Potentially reading uninitialized memory at instruction (address: 1160172939298038992985875009663595266309354554466, offset 157)
2025-09-22 02:29:28,211: [67] m.e.detectors:WARNING: Potentially reading uninitialized memory at instruction (address: 1160172939298038992985875009663595266309354554466, offset 158)
2025-09-22 02:29:28,284: [67] m.e.detectors:WARNING: Potentially reading uninitialized memory at instruction (address: 1160172939298038992985875009663595266309354554466, offset 159)
2025-09-22 02:29:28,357: [67] m.e.detectors:WARNING: Potentially reading uninitialized memory at instruction (address: 1160172939298038992985875009663595266309354554466, offset 160)
2025-09-22 02:29:28,430: [67] m.e.detectors:WARNING: Potentially reading uninitialized memory at instruction (address: 1160172939298038992985875009663595266309354554466, offset 161)
2025-09-22 02:29:28,505: [67] m.e.detectors:WARNING: Potentially reading uninitialized memory at instruction (address: 1160172939298038992985875009663595266309354554466, offset 162)
2025-09-22 02:29:28,579: [67] m.e.detectors:WARNING: Potentially reading uninitialized memory at instruction (address: 1160172939298038992985875009663595266309354554466, offset 163)
2025-09-22 02:29:28,654: [67] m.e.detectors:WARNING: Potentially reading uninitialized memory at instruction (address: 1160172939298038992985875009663595266309354554466, offset 164)
2025-09-22 02:29:28,729: [67] m.e.detectors:WARNING: Potentially reading uninitialized memory at instruction (address: 1160172939298038992985875009663595266309354554466, offset 165)
2025-09-22 02:29:28,807: [67] m.e.detectors:WARNING: Potentially reading uninitialized memory at instruction (address: 1160172939298038992985875009663595266309354554466, offset 166)
2025-09-22 02:29:28,883: [67] m.e.detectors:WARNING: Potentially reading uninitialized memory at instruction (address: 1160172939298038992985875009663595266309354554466, offset 167)
2025-09-22 02:29:28,960: [67] m.e.detectors:WARNING: Potentially reading uninitialized memory at instruction (address: 1160172939298038992985875009663595266309354554466, offset 168)
2025-09-22 02:29:29,037: [67] m.e.detectors:WARNING: Potentially reading uninitialized memory at instruction (address: 1160172939298038992985875009663595266309354554466, offset 169)
2025-09-22 02:29:29,114: [67] m.e.detectors:WARNING: Potentially reading uninitialized memory at instruction (address: 1160172939298038992985875009663595266309354554466, offset 170)
2025-09-22 02:29:29,196: [67] m.e.detectors:WARNING: Potentially reading uninitialized memory at instruction (address: 1160172939298038992985875009663595266309354554466, offset 171)
2025-09-22 02:29:29,274: [67] m.e.detectors:WARNING: Potentially reading uninitialized memory at instruction (address: 1160172939298038992985875009663595266309354554466, offset 172)
2025-09-22 02:29:29,352: [67] m.e.detectors:WARNING: Potentially reading uninitialized memory at instruction (address: 1160172939298038992985875009663595266309354554466, offset 173)
2025-09-22 02:29:29,433: [67] m.e.detectors:WARNING: Potentially reading uninitialized memory at instruction (address: 1160172939298038992985875009663595266309354554466, offset 174)
2025-09-22 02:29:29,513: [67] m.e.detectors:WARNING: Potentially reading uninitialized memory at instruction (address: 1160172939298038992985875009663595266309354554466, offset 175)
2025-09-22 02:29:29,594: [67] m.e.detectors:WARNING: Potentially reading uninitialized memory at instruction (address: 1160172939298038992985875009663595266309354554466, offset 176)
2025-09-22 02:29:29,679: [67] m.e.detectors:WARNING: Potentially reading uninitialized memory at instruction (address: 1160172939298038992985875009663595266309354554466, offset 177)
2025-09-22 02:29:29,761: [67] m.e.detectors:WARNING: Potentially reading uninitialized memory at instruction (address: 1160172939298038992985875009663595266309354554466, offset 178)
2025-09-22 02:29:29,843: [67] m.e.detectors:WARNING: Potentially reading uninitialized memory at instruction (address: 1160172939298038992985875009663595266309354554466, offset 179)
2025-09-22 02:29:29,926: [67] m.e.detectors:WARNING: Potentially reading uninitialized memory at instruction (address: 1160172939298038992985875009663595266309354554466, offset 180)
2025-09-22 02:29:30,009: [67] m.e.detectors:WARNING: Potentially reading uninitialized memory at instruction (address: 1160172939298038992985875009663595266309354554466, offset 181)
2025-09-22 02:29:30,094: [67] m.e.detectors:WARNING: Potentially reading uninitialized memory at instruction (address: 1160172939298038992985875009663595266309354554466, offset 182)
2025-09-22 02:29:30,178: [67] m.e.detectors:WARNING: Potentially reading uninitialized memory at instruction (address: 1160172939298038992985875009663595266309354554466, offset 183)
2025-09-22 02:29:30,263: [67] m.e.detectors:WARNING: Potentially reading uninitialized memory at instruction (address: 1160172939298038992985875009663595266309354554466, offset 184)
2025-09-22 02:29:30,351: [67] m.e.detectors:WARNING: Potentially reading uninitialized memory at instruction (address: 1160172939298038992985875009663595266309354554466, offset 185)
2025-09-22 02:29:30,439: [67] m.e.detectors:WARNING: Potentially reading uninitialized memory at instruction (address: 1160172939298038992985875009663595266309354554466, offset 186)
2025-09-22 02:29:30,526: [67] m.e.detectors:WARNING: Potentially reading uninitialized memory at instruction (address: 1160172939298038992985875009663595266309354554466, offset 187)
2025-09-22 02:29:30,618: [67] m.e.detectors:WARNING: Potentially reading uninitialized memory at instruction (address: 1160172939298038992985875009663595266309354554466, offset 188)
2025-09-22 02:29:30,707: [67] m.e.detectors:WARNING: Potentially reading uninitialized memory at instruction (address: 1160172939298038992985875009663595266309354554466, offset 189)
2025-09-22 02:29:30,797: [67] m.e.detectors:WARNING: Potentially reading uninitialized memory at instruction (address: 1160172939298038992985875009663595266309354554466, offset 190)
2025-09-22 02:29:30,887: [67] m.e.detectors:WARNING: Potentially reading uninitialized memory at instruction (address: 1160172939298038992985875009663595266309354554466, offset 191)
2025-09-22 02:29:30,976: [67] m.e.detectors:WARNING: Potentially reading uninitialized memory at instruction (address: 1160172939298038992985875009663595266309354554466, offset 192)
2025-09-22 02:29:31,067: [67] m.e.detectors:WARNING: Potentially reading uninitialized memory at instruction (address: 1160172939298038992985875009663595266309354554466, offset 193)
2025-09-22 02:29:31,161: [67] m.e.detectors:WARNING: Potentially reading uninitialized memory at instruction (address: 1160172939298038992985875009663595266309354554466, offset 194)
2025-09-22 02:29:31,256: [67] m.e.detectors:WARNING: Potentially reading uninitialized memory at instruction (address: 1160172939298038992985875009663595266309354554466, offset 195)
2025-09-22 02:29:31,347: [67] m.e.detectors:WARNING: Potentially reading uninitialized memory at instruction (address: 1160172939298038992985875009663595266309354554466, offset 196)
2025-09-22 02:29:31,441: [67] m.e.detectors:WARNING: Potentially reading uninitialized memory at instruction (address: 1160172939298038992985875009663595266309354554466, offset 197)
2025-09-22 02:29:31,535: [67] m.e.detectors:WARNING: Potentially reading uninitialized memory at instruction (address: 1160172939298038992985875009663595266309354554466, offset 198)
2025-09-22 02:29:31,629: [67] m.e.detectors:WARNING: Potentially reading uninitialized memory at instruction (address: 1160172939298038992985875009663595266309354554466, offset 199)
2025-09-22 02:29:31,730: [67] m.e.detectors:WARNING: Potentially reading uninitialized memory at instruction (address: 1160172939298038992985875009663595266309354554466, offset 200)
2025-09-22 02:29:31,826: [67] m.e.detectors:WARNING: Potentially reading uninitialized memory at instruction (address: 1160172939298038992985875009663595266309354554466, offset 201)
2025-09-22 02:29:31,922: [67] m.e.detectors:WARNING: Potentially reading uninitialized memory at instruction (address: 1160172939298038992985875009663595266309354554466, offset 202)
2025-09-22 02:29:32,018: [67] m.e.detectors:WARNING: Potentially reading uninitialized memory at instruction (address: 1160172939298038992985875009663595266309354554466, offset 203)
2025-09-22 02:29:32,115: [67] m.e.detectors:WARNING: Potentially reading uninitialized memory at instruction (address: 1160172939298038992985875009663595266309354554466, offset 204)
2025-09-22 02:29:32,213: [67] m.e.detectors:WARNING: Potentially reading uninitialized memory at instruction (address: 1160172939298038992985875009663595266309354554466, offset 205)
2025-09-22 02:29:32,311: [67] m.e.detectors:WARNING: Potentially reading uninitialized memory at instruction (address: 1160172939298038992985875009663595266309354554466, offset 206)
2025-09-22 02:29:32,410: [67] m.e.detectors:WARNING: Potentially reading uninitialized memory at instruction (address: 1160172939298038992985875009663595266309354554466, offset 207)
2025-09-22 02:29:32,516: [67] m.e.detectors:WARNING: Potentially reading uninitialized memory at instruction (address: 1160172939298038992985875009663595266309354554466, offset 208)
2025-09-22 02:29:32,616: [67] m.e.detectors:WARNING: Potentially reading uninitialized memory at instruction (address: 1160172939298038992985875009663595266309354554466, offset 209)
2025-09-22 02:29:32,717: [67] m.e.detectors:WARNING: Potentially reading uninitialized memory at instruction (address: 1160172939298038992985875009663595266309354554466, offset 210)
2025-09-22 02:29:32,819: [67] m.e.detectors:WARNING: Potentially reading uninitialized memory at instruction (address: 1160172939298038992985875009663595266309354554466, offset 211)
2025-09-22 02:29:32,924: [67] m.e.detectors:WARNING: Potentially reading uninitialized memory at instruction (address: 1160172939298038992985875009663595266309354554466, offset 212)
2025-09-22 02:29:33,027: [67] m.e.detectors:WARNING: Potentially reading uninitialized memory at instruction (address: 1160172939298038992985875009663595266309354554466, offset 213)
2025-09-22 02:29:33,131: [67] m.e.detectors:WARNING: Potentially reading uninitialized memory at instruction (address: 1160172939298038992985875009663595266309354554466, offset 214)
2025-09-22 02:29:33,239: [67] m.e.detectors:WARNING: Potentially reading uninitialized memory at instruction (address: 1160172939298038992985875009663595266309354554466, offset 215)
2025-09-22 02:29:33,344: [67] m.e.detectors:WARNING: Potentially reading uninitialized memory at instruction (address: 1160172939298038992985875009663595266309354554466, offset 216)
2025-09-22 02:29:33,450: [67] m.e.detectors:WARNING: Potentially reading uninitialized memory at instruction (address: 1160172939298038992985875009663595266309354554466, offset 217)
2025-09-22 02:29:33,557: [67] m.e.detectors:WARNING: Potentially reading uninitialized memory at instruction (address: 1160172939298038992985875009663595266309354554466, offset 218)
2025-09-22 02:29:33,668: [67] m.e.detectors:WARNING: Potentially reading uninitialized memory at instruction (address: 1160172939298038992985875009663595266309354554466, offset 219)
2025-09-22 02:29:33,779: [67] m.e.detectors:WARNING: Potentially reading uninitialized memory at instruction (address: 1160172939298038992985875009663595266309354554466, offset 220)
2025-09-22 02:29:33,887: [67] m.e.detectors:WARNING: Potentially reading uninitialized memory at instruction (address: 1160172939298038992985875009663595266309354554466, offset 221)
2025-09-22 02:29:33,995: [67] m.e.detectors:WARNING: Potentially reading uninitialized memory at instruction (address: 1160172939298038992985875009663595266309354554466, offset 222)
2025-09-22 02:29:34,109: [67] m.e.detectors:WARNING: Potentially reading uninitialized memory at instruction (address: 1160172939298038992985875009663595266309354554466, offset 223)
2025-09-22 02:29:34,220: [67] m.e.detectors:WARNING: Potentially reading uninitialized memory at instruction (address: 1160172939298038992985875009663595266309354554466, offset 224)
2025-09-22 02:29:34,400: [67] m.e.detectors:WARNING: Potentially reading uninitialized memory at instruction (address: 1160172939298038992985875009663595266309354554466, offset 225)
2025-09-22 02:29:34,516: [67] m.e.detectors:WARNING: Potentially reading uninitialized memory at instruction (address: 1160172939298038992985875009663595266309354554466, offset 226)
2025-09-22 02:29:34,628: [67] m.e.detectors:WARNING: Potentially reading uninitialized memory at instruction (address: 1160172939298038992985875009663595266309354554466, offset 227)
2025-09-22 02:29:34,741: [67] m.e.detectors:WARNING: Potentially reading uninitialized memory at instruction (address: 1160172939298038992985875009663595266309354554466, offset 228)
2025-09-22 02:29:34,857: [67] m.e.detectors:WARNING: Potentially reading uninitialized memory at instruction (address: 1160172939298038992985875009663595266309354554466, offset 229)
2025-09-22 02:29:34,971: [67] m.e.detectors:WARNING: Potentially reading uninitialized memory at instruction (address: 1160172939298038992985875009663595266309354554466, offset 230)
2025-09-22 02:29:35,086: [67] m.e.detectors:WARNING: Potentially reading uninitialized memory at instruction (address: 1160172939298038992985875009663595266309354554466, offset 231)
2025-09-22 02:29:35,205: [67] m.e.detectors:WARNING: Potentially reading uninitialized memory at instruction (address: 1160172939298038992985875009663595266309354554466, offset 232)
2025-09-22 02:29:35,325: [67] m.e.detectors:WARNING: Potentially reading uninitialized memory at instruction (address: 1160172939298038992985875009663595266309354554466, offset 233)
2025-09-22 02:29:35,447: [67] m.e.detectors:WARNING: Potentially reading uninitialized memory at instruction (address: 1160172939298038992985875009663595266309354554466, offset 234)
2025-09-22 02:29:35,567: [67] m.e.detectors:WARNING: Potentially reading uninitialized memory at instruction (address: 1160172939298038992985875009663595266309354554466, offset 235)
2025-09-22 02:29:35,684: [67] m.e.detectors:WARNING: Potentially reading uninitialized memory at instruction (address: 1160172939298038992985875009663595266309354554466, offset 236)
2025-09-22 02:29:35,810: [67] m.e.detectors:WARNING: Potentially reading uninitialized memory at instruction (address: 1160172939298038992985875009663595266309354554466, offset 237)
2025-09-22 02:29:35,930: [67] m.e.detectors:WARNING: Potentially reading uninitialized memory at instruction (address: 1160172939298038992985875009663595266309354554466, offset 238)
2025-09-22 02:29:36,055: [67] m.e.detectors:WARNING: Potentially reading uninitialized memory at instruction (address: 1160172939298038992985875009663595266309354554466, offset 239)
2025-09-22 02:29:36,177: [67] m.e.detectors:WARNING: Potentially reading uninitialized memory at instruction (address: 1160172939298038992985875009663595266309354554466, offset 240)
2025-09-22 02:29:36,300: [67] m.e.detectors:WARNING: Potentially reading uninitialized memory at instruction (address: 1160172939298038992985875009663595266309354554466, offset 241)
2025-09-22 02:29:36,423: [67] m.e.detectors:WARNING: Potentially reading uninitialized memory at instruction (address: 1160172939298038992985875009663595266309354554466, offset 242)
2025-09-22 02:29:36,550: [67] m.e.detectors:WARNING: Potentially reading uninitialized memory at instruction (address: 1160172939298038992985875009663595266309354554466, offset 243)
2025-09-22 02:29:36,676: [67] m.e.detectors:WARNING: Potentially reading uninitialized memory at instruction (address: 1160172939298038992985875009663595266309354554466, offset 244)
2025-09-22 02:29:36,802: [67] m.e.detectors:WARNING: Potentially reading uninitialized memory at instruction (address: 1160172939298038992985875009663595266309354554466, offset 245)
2025-09-22 02:29:36,929: [67] m.e.detectors:WARNING: Potentially reading uninitialized memory at instruction (address: 1160172939298038992985875009663595266309354554466, offset 246)
2025-09-22 02:29:37,056: [67] m.e.detectors:WARNING: Potentially reading uninitialized memory at instruction (address: 1160172939298038992985875009663595266309354554466, offset 247)
2025-09-22 02:29:37,184: [67] m.e.detectors:WARNING: Potentially reading uninitialized memory at instruction (address: 1160172939298038992985875009663595266309354554466, offset 248)
2025-09-22 02:29:37,321: [67] m.e.detectors:WARNING: Potentially reading uninitialized memory at instruction (address: 1160172939298038992985875009663595266309354554466, offset 249)
2025-09-22 02:29:37,453: [67] m.e.detectors:WARNING: Potentially reading uninitialized memory at instruction (address: 1160172939298038992985875009663595266309354554466, offset 250)
2025-09-22 02:29:37,584: [67] m.e.detectors:WARNING: Potentially reading uninitialized memory at instruction (address: 1160172939298038992985875009663595266309354554466, offset 251)
2025-09-22 02:29:37,716: [67] m.e.detectors:WARNING: Potentially reading uninitialized memory at instruction (address: 1160172939298038992985875009663595266309354554466, offset 252)
2025-09-22 02:29:37,853: [67] m.e.detectors:WARNING: Potentially reading uninitialized memory at instruction (address: 1160172939298038992985875009663595266309354554466, offset 253)
2025-09-22 02:29:37,987: [67] m.e.detectors:WARNING: Potentially reading uninitialized memory at instruction (address: 1160172939298038992985875009663595266309354554466, offset 254)
2025-09-22 02:29:38,122: [67] m.e.detectors:WARNING: Potentially reading uninitialized memory at instruction (address: 1160172939298038992985875009663595266309354554466, offset 255)
2025-09-22 02:29:38,257: [67] m.e.detectors:WARNING: Potentially reading uninitialized memory at instruction (address: 1160172939298038992985875009663595266309354554466, offset 256)
2025-09-22 02:29:38,394: [67] m.e.detectors:WARNING: Potentially reading uninitialized memory at instruction (address: 1160172939298038992985875009663595266309354554466, offset 257)
2025-09-22 02:29:38,533: [67] m.e.detectors:WARNING: Potentially reading uninitialized memory at instruction (address: 1160172939298038992985875009663595266309354554466, offset 258)
2025-09-22 02:29:38,671: [67] m.e.detectors:WARNING: Potentially reading uninitialized memory at instruction (address: 1160172939298038992985875009663595266309354554466, offset 259)
2025-09-22 02:29:38,811: [67] m.e.detectors:WARNING: Potentially reading uninitialized memory at instruction (address: 1160172939298038992985875009663595266309354554466, offset 260)
2025-09-22 02:29:38,952: [67] m.e.detectors:WARNING: Potentially reading uninitialized memory at instruction (address: 1160172939298038992985875009663595266309354554466, offset 261)
2025-09-22 02:29:39,093: [67] m.e.detectors:WARNING: Potentially reading uninitialized memory at instruction (address: 1160172939298038992985875009663595266309354554466, offset 262)
2025-09-22 02:29:39,233: [67] m.e.detectors:WARNING: Potentially reading uninitialized memory at instruction (address: 1160172939298038992985875009663595266309354554466, offset 263)
2025-09-22 02:29:39,379: [67] m.e.detectors:WARNING: Potentially reading uninitialized memory at instruction (address: 1160172939298038992985875009663595266309354554466, offset 264)
2025-09-22 02:29:39,522: [67] m.e.detectors:WARNING: Potentially reading uninitialized memory at instruction (address: 1160172939298038992985875009663595266309354554466, offset 265)
2025-09-22 02:29:39,667: [67] m.e.detectors:WARNING: Potentially reading uninitialized memory at instruction (address: 1160172939298038992985875009663595266309354554466, offset 266)
2025-09-22 02:29:39,817: [67] m.e.detectors:WARNING: Potentially reading uninitialized memory at instruction (address: 1160172939298038992985875009663595266309354554466, offset 267)
2025-09-22 02:29:39,964: [67] m.e.detectors:WARNING: Potentially reading uninitialized memory at instruction (address: 1160172939298038992985875009663595266309354554466, offset 268)
2025-09-22 02:29:40,111: [67] m.e.detectors:WARNING: Potentially reading uninitialized memory at instruction (address: 1160172939298038992985875009663595266309354554466, offset 269)
2025-09-22 02:29:40,260: [67] m.e.detectors:WARNING: Potentially reading uninitialized memory at instruction (address: 1160172939298038992985875009663595266309354554466, offset 270)
2025-09-22 02:29:40,408: [67] m.e.detectors:WARNING: Potentially reading uninitialized memory at instruction (address: 1160172939298038992985875009663595266309354554466, offset 271)
2025-09-22 02:29:40,560: [67] m.e.detectors:WARNING: Potentially reading uninitialized memory at instruction (address: 1160172939298038992985875009663595266309354554466, offset 272)
2025-09-22 02:29:40,716: [67] m.e.detectors:WARNING: Potentially reading uninitialized memory at instruction (address: 1160172939298038992985875009663595266309354554466, offset 273)
2025-09-22 02:29:40,870: [67] m.e.detectors:WARNING: Potentially reading uninitialized memory at instruction (address: 1160172939298038992985875009663595266309354554466, offset 274)
2025-09-22 02:29:41,022: [67] m.e.detectors:WARNING: Potentially reading uninitialized memory at instruction (address: 1160172939298038992985875009663595266309354554466, offset 275)
2025-09-22 02:29:41,173: [67] m.e.detectors:WARNING: Potentially reading uninitialized memory at instruction (address: 1160172939298038992985875009663595266309354554466, offset 276)
2025-09-22 02:29:41,328: [67] m.e.detectors:WARNING: Potentially reading uninitialized memory at instruction (address: 1160172939298038992985875009663595266309354554466, offset 277)
2025-09-22 02:29:41,485: [67] m.e.detectors:WARNING: Potentially reading uninitialized memory at instruction (address: 1160172939298038992985875009663595266309354554466, offset 278)
2025-09-22 02:29:41,641: [67] m.e.detectors:WARNING: Potentially reading uninitialized memory at instruction (address: 1160172939298038992985875009663595266309354554466, offset 279)
2025-09-22 02:29:41,804: [67] m.e.detectors:WARNING: Potentially reading uninitialized memory at instruction (address: 1160172939298038992985875009663595266309354554466, offset 280)
2025-09-22 02:29:41,964: [67] m.e.detectors:WARNING: Potentially reading uninitialized memory at instruction (address: 1160172939298038992985875009663595266309354554466, offset 281)
2025-09-22 02:29:42,124: [67] m.e.detectors:WARNING: Potentially reading uninitialized memory at instruction (address: 1160172939298038992985875009663595266309354554466, offset 282)
2025-09-22 02:29:42,284: [67] m.e.detectors:WARNING: Potentially reading uninitialized memory at instruction (address: 1160172939298038992985875009663595266309354554466, offset 283)
2025-09-22 02:29:42,444: [67] m.e.detectors:WARNING: Potentially reading uninitialized memory at instruction (address: 1160172939298038992985875009663595266309354554466, offset 284)
2025-09-22 02:29:42,609: [67] m.e.detectors:WARNING: Potentially reading uninitialized memory at instruction (address: 1160172939298038992985875009663595266309354554466, offset 285)
2025-09-22 02:29:42,772: [67] m.e.detectors:WARNING: Potentially reading uninitialized memory at instruction (address: 1160172939298038992985875009663595266309354554466, offset 286)
2025-09-22 02:29:42,938: [67] m.e.detectors:WARNING: Potentially reading uninitialized memory at instruction (address: 1160172939298038992985875009663595266309354554466, offset 287)
2025-09-22 02:29:43,102: [67] m.e.detectors:WARNING: Potentially reading uninitialized memory at instruction (address: 1160172939298038992985875009663595266309354554466, offset 288)
2025-09-22 02:29:43,269: [67] m.e.detectors:WARNING: Potentially reading uninitialized memory at instruction (address: 1160172939298038992985875009663595266309354554466, offset 289)
2025-09-22 02:29:43,443: [67] m.e.detectors:WARNING: Potentially reading uninitialized memory at instruction (address: 1160172939298038992985875009663595266309354554466, offset 290)
2025-09-22 02:29:43,612: [67] m.e.detectors:WARNING: Potentially reading uninitialized memory at instruction (address: 1160172939298038992985875009663595266309354554466, offset 291)
2025-09-22 02:29:43,782: [67] m.e.detectors:WARNING: Potentially reading uninitialized memory at instruction (address: 1160172939298038992985875009663595266309354554466, offset 292)
2025-09-22 02:29:43,957: [67] m.e.detectors:WARNING: Potentially reading uninitialized memory at instruction (address: 1160172939298038992985875009663595266309354554466, offset 293)
2025-09-22 02:29:44,129: [67] m.e.detectors:WARNING: Potentially reading uninitialized memory at instruction (address: 1160172939298038992985875009663595266309354554466, offset 294)
2025-09-22 02:29:44,302: [67] m.e.detectors:WARNING: Potentially reading uninitialized memory at instruction (address: 1160172939298038992985875009663595266309354554466, offset 295)
2025-09-22 02:29:44,478: [67] m.e.detectors:WARNING: Potentially reading uninitialized memory at instruction (address: 1160172939298038992985875009663595266309354554466, offset 296)
2025-09-22 02:29:44,654: [67] m.e.detectors:WARNING: Potentially reading uninitialized memory at instruction (address: 1160172939298038992985875009663595266309354554466, offset 297)
2025-09-22 02:29:44,829: [67] m.e.detectors:WARNING: Potentially reading uninitialized memory at instruction (address: 1160172939298038992985875009663595266309354554466, offset 298)
2025-09-22 02:29:45,009: [67] m.e.detectors:WARNING: Potentially reading uninitialized memory at instruction (address: 1160172939298038992985875009663595266309354554466, offset 299)
2025-09-22 02:29:45,187: [67] m.e.detectors:WARNING: Potentially reading uninitialized memory at instruction (address: 1160172939298038992985875009663595266309354554466, offset 300)
2025-09-22 02:29:45,368: [67] m.e.detectors:WARNING: Potentially reading uninitialized memory at instruction (address: 1160172939298038992985875009663595266309354554466, offset 301)
2025-09-22 02:29:45,549: [67] m.e.detectors:WARNING: Potentially reading uninitialized memory at instruction (address: 1160172939298038992985875009663595266309354554466, offset 302)
2025-09-22 02:29:45,731: [67] m.e.detectors:WARNING: Potentially reading uninitialized memory at instruction (address: 1160172939298038992985875009663595266309354554466, offset 303)
2025-09-22 02:29:45,922: [67] m.e.detectors:WARNING: Potentially reading uninitialized memory at instruction (address: 1160172939298038992985875009663595266309354554466, offset 304)
2025-09-22 02:29:46,108: [67] m.e.detectors:WARNING: Potentially reading uninitialized memory at instruction (address: 1160172939298038992985875009663595266309354554466, offset 305)
2025-09-22 02:29:46,293: [67] m.e.detectors:WARNING: Potentially reading uninitialized memory at instruction (address: 1160172939298038992985875009663595266309354554466, offset 306)
2025-09-22 02:29:46,478: [67] m.e.detectors:WARNING: Potentially reading uninitialized memory at instruction (address: 1160172939298038992985875009663595266309354554466, offset 307)
2025-09-22 02:29:46,664: [67] m.e.detectors:WARNING: Potentially reading uninitialized memory at instruction (address: 1160172939298038992985875009663595266309354554466, offset 308)
2025-09-22 02:29:46,853: [67] m.e.detectors:WARNING: Potentially reading uninitialized memory at instruction (address: 1160172939298038992985875009663595266309354554466, offset 309)
2025-09-22 02:29:47,042: [67] m.e.detectors:WARNING: Potentially reading uninitialized memory at instruction (address: 1160172939298038992985875009663595266309354554466, offset 310)
2025-09-22 02:29:47,232: [67] m.e.detectors:WARNING: Potentially reading uninitialized memory at instruction (address: 1160172939298038992985875009663595266309354554466, offset 311)
2025-09-22 02:29:47,429: [67] m.e.detectors:WARNING: Potentially reading uninitialized memory at instruction (address: 1160172939298038992985875009663595266309354554466, offset 312)
2025-09-22 02:29:47,622: [67] m.e.detectors:WARNING: Potentially reading uninitialized memory at instruction (address: 1160172939298038992985875009663595266309354554466, offset 313)
2025-09-22 02:29:47,814: [67] m.e.detectors:WARNING: Potentially reading uninitialized memory at instruction (address: 1160172939298038992985875009663595266309354554466, offset 314)
2025-09-22 02:29:48,014: [67] m.e.detectors:WARNING: Potentially reading uninitialized memory at instruction (address: 1160172939298038992985875009663595266309354554466, offset 315)
2025-09-22 02:29:48,212: [67] m.e.detectors:WARNING: Potentially reading uninitialized memory at instruction (address: 1160172939298038992985875009663595266309354554466, offset 316)
2025-09-22 02:29:48,466: [67] m.e.detectors:WARNING: Potentially reading uninitialized memory at instruction (address: 1160172939298038992985875009663595266309354554466, offset 317)
2025-09-22 02:29:48,665: [67] m.e.detectors:WARNING: Potentially reading uninitialized memory at instruction (address: 1160172939298038992985875009663595266309354554466, offset 318)
2025-09-22 02:29:48,864: [67] m.e.detectors:WARNING: Potentially reading uninitialized memory at instruction (address: 1160172939298038992985875009663595266309354554466, offset 319)
2025-09-22 02:29:49,063: [67] m.e.detectors:WARNING: Potentially reading uninitialized memory at instruction (address: 1160172939298038992985875009663595266309354554466, offset 320)
2025-09-22 02:29:49,263: [67] m.e.detectors:WARNING: Potentially reading uninitialized memory at instruction (address: 1160172939298038992985875009663595266309354554466, offset 321)
2025-09-22 02:29:49,470: [67] m.e.detectors:WARNING: Potentially reading uninitialized memory at instruction (address: 1160172939298038992985875009663595266309354554466, offset 322)
2025-09-22 02:29:49,675: [67] m.e.detectors:WARNING: Potentially reading uninitialized memory at instruction (address: 1160172939298038992985875009663595266309354554466, offset 323)
2025-09-22 02:29:49,882: [67] m.e.detectors:WARNING: Potentially reading uninitialized memory at instruction (address: 1160172939298038992985875009663595266309354554466, offset 324)
2025-09-22 02:29:50,089: [67] m.e.detectors:WARNING: Potentially reading uninitialized memory at instruction (address: 1160172939298038992985875009663595266309354554466, offset 325)
2025-09-22 02:29:50,296: [67] m.e.detectors:WARNING: Potentially reading uninitialized memory at instruction (address: 1160172939298038992985875009663595266309354554466, offset 326)
2025-09-22 02:29:50,506: [67] m.e.detectors:WARNING: Potentially reading uninitialized memory at instruction (address: 1160172939298038992985875009663595266309354554466, offset 327)
2025-09-22 02:29:50,715: [67] m.e.detectors:WARNING: Potentially reading uninitialized memory at instruction (address: 1160172939298038992985875009663595266309354554466, offset 328)
2025-09-22 02:29:50,926: [67] m.e.detectors:WARNING: Potentially reading uninitialized memory at instruction (address: 1160172939298038992985875009663595266309354554466, offset 329)
2025-09-22 02:29:51,137: [67] m.e.detectors:WARNING: Potentially reading uninitialized memory at instruction (address: 1160172939298038992985875009663595266309354554466, offset 330)
2025-09-22 02:29:51,348: [67] m.e.detectors:WARNING: Potentially reading uninitialized memory at instruction (address: 1160172939298038992985875009663595266309354554466, offset 331)
2025-09-22 02:29:51,567: [67] m.e.detectors:WARNING: Potentially reading uninitialized memory at instruction (address: 1160172939298038992985875009663595266309354554466, offset 332)
2025-09-22 02:29:51,783: [67] m.e.detectors:WARNING: Potentially reading uninitialized memory at instruction (address: 1160172939298038992985875009663595266309354554466, offset 333)
2025-09-22 02:29:52,005: [67] m.e.detectors:WARNING: Potentially reading uninitialized memory at instruction (address: 1160172939298038992985875009663595266309354554466, offset 334)
2025-09-22 02:29:52,225: [67] m.e.detectors:WARNING: Potentially reading uninitialized memory at instruction (address: 1160172939298038992985875009663595266309354554466, offset 335)
2025-09-22 02:29:52,443: [67] m.e.detectors:WARNING: Potentially reading uninitialized memory at instruction (address: 1160172939298038992985875009663595266309354554466, offset 336)
2025-09-22 02:29:52,665: [67] m.e.detectors:WARNING: Potentially reading uninitialized memory at instruction (address: 1160172939298038992985875009663595266309354554466, offset 337)
2025-09-22 02:29:52,886: [67] m.e.detectors:WARNING: Potentially reading uninitialized memory at instruction (address: 1160172939298038992985875009663595266309354554466, offset 338)
2025-09-22 02:29:53,108: [67] m.e.detectors:WARNING: Potentially reading uninitialized memory at instruction (address: 1160172939298038992985875009663595266309354554466, offset 339)
2025-09-22 02:29:53,332: [67] m.e.detectors:WARNING: Potentially reading uninitialized memory at instruction (address: 1160172939298038992985875009663595266309354554466, offset 340)
2025-09-22 02:29:53,563: [67] m.e.detectors:WARNING: Potentially reading uninitialized memory at instruction (address: 1160172939298038992985875009663595266309354554466, offset 341)
2025-09-22 02:29:53,788: [67] m.e.detectors:WARNING: Potentially reading uninitialized memory at instruction (address: 1160172939298038992985875009663595266309354554466, offset 342)
2025-09-22 02:29:54,019: [67] m.e.detectors:WARNING: Potentially reading uninitialized memory at instruction (address: 1160172939298038992985875009663595266309354554466, offset 343)
2025-09-22 02:29:54,248: [67] m.e.detectors:WARNING: Potentially reading uninitialized memory at instruction (address: 1160172939298038992985875009663595266309354554466, offset 344)
2025-09-22 02:29:54,479: [67] m.e.detectors:WARNING: Potentially reading uninitialized memory at instruction (address: 1160172939298038992985875009663595266309354554466, offset 345)
2025-09-22 02:29:54,711: [67] m.e.detectors:WARNING: Potentially reading uninitialized memory at instruction (address: 1160172939298038992985875009663595266309354554466, offset 346)
2025-09-22 02:29:54,944: [67] m.e.detectors:WARNING: Potentially reading uninitialized memory at instruction (address: 1160172939298038992985875009663595266309354554466, offset 347)
2025-09-22 02:29:55,177: [67] m.e.detectors:WARNING: Potentially reading uninitialized memory at instruction (address: 1160172939298038992985875009663595266309354554466, offset 348)
2025-09-22 02:29:55,412: [67] m.e.detectors:WARNING: Potentially reading uninitialized memory at instruction (address: 1160172939298038992985875009663595266309354554466, offset 349)
2025-09-22 02:29:55,653: [67] m.e.detectors:WARNING: Potentially reading uninitialized memory at instruction (address: 1160172939298038992985875009663595266309354554466, offset 350)
2025-09-22 02:29:55,890: [67] m.e.detectors:WARNING: Potentially reading uninitialized memory at instruction (address: 1160172939298038992985875009663595266309354554466, offset 351)
2025-09-22 02:29:56,136: [67] m.e.detectors:WARNING: Potentially reading uninitialized memory at instruction (address: 1160172939298038992985875009663595266309354554466, offset 352)
2025-09-22 02:29:56,378: [67] m.e.detectors:WARNING: Potentially reading uninitialized memory at instruction (address: 1160172939298038992985875009663595266309354554466, offset 353)
2025-09-22 02:29:56,624: [67] m.e.detectors:WARNING: Potentially reading uninitialized memory at instruction (address: 1160172939298038992985875009663595266309354554466, offset 354)
2025-09-22 02:29:56,866: [67] m.e.detectors:WARNING: Potentially reading uninitialized memory at instruction (address: 1160172939298038992985875009663595266309354554466, offset 355)
2025-09-22 02:29:57,111: [67] m.e.detectors:WARNING: Potentially reading uninitialized memory at instruction (address: 1160172939298038992985875009663595266309354554466, offset 356)
2025-09-22 02:29:57,356: [67] m.e.detectors:WARNING: Potentially reading uninitialized memory at instruction (address: 1160172939298038992985875009663595266309354554466, offset 357)
2025-09-22 02:29:57,614: [67] m.e.detectors:WARNING: Potentially reading uninitialized memory at instruction (address: 1160172939298038992985875009663595266309354554466, offset 358)
2025-09-22 02:29:57,862: [67] m.e.detectors:WARNING: Potentially reading uninitialized memory at instruction (address: 1160172939298038992985875009663595266309354554466, offset 359)
2025-09-22 02:29:58,116: [67] m.e.detectors:WARNING: Potentially reading uninitialized memory at instruction (address: 1160172939298038992985875009663595266309354554466, offset 360)
2025-09-22 02:29:58,368: [67] m.e.detectors:WARNING: Potentially reading uninitialized memory at instruction (address: 1160172939298038992985875009663595266309354554466, offset 361)
2025-09-22 02:29:58,621: [67] m.e.detectors:WARNING: Potentially reading uninitialized memory at instruction (address: 1160172939298038992985875009663595266309354554466, offset 362)
2025-09-22 02:29:58,875: [67] m.e.detectors:WARNING: Potentially reading uninitialized memory at instruction (address: 1160172939298038992985875009663595266309354554466, offset 363)
2025-09-22 02:29:59,174: [67] m.e.detectors:WARNING: Potentially reading uninitialized memory at instruction (address: 1160172939298038992985875009663595266309354554466, offset 364)
2025-09-22 02:29:59,445: [67] m.e.detectors:WARNING: Potentially reading uninitialized memory at instruction (address: 1160172939298038992985875009663595266309354554466, offset 365)
2025-09-22 02:29:59,709: [67] m.e.detectors:WARNING: Potentially reading uninitialized memory at instruction (address: 1160172939298038992985875009663595266309354554466, offset 366)
2025-09-22 02:29:59,967: [67] m.e.detectors:WARNING: Potentially reading uninitialized memory at instruction (address: 1160172939298038992985875009663595266309354554466, offset 367)
2025-09-22 02:30:00,232: [67] m.e.detectors:WARNING: Potentially reading uninitialized memory at instruction (address: 1160172939298038992985875009663595266309354554466, offset 368)
2025-09-22 02:30:00,494: [67] m.e.detectors:WARNING: Potentially reading uninitialized memory at instruction (address: 1160172939298038992985875009663595266309354554466, offset 369)
2025-09-22 02:30:00,759: [67] m.e.detectors:WARNING: Potentially reading uninitialized memory at instruction (address: 1160172939298038992985875009663595266309354554466, offset 370)
2025-09-22 02:30:01,023: [67] m.e.detectors:WARNING: Potentially reading uninitialized memory at instruction (address: 1160172939298038992985875009663595266309354554466, offset 371)
2025-09-22 02:30:01,292: [67] m.e.detectors:WARNING: Potentially reading uninitialized memory at instruction (address: 1160172939298038992985875009663595266309354554466, offset 372)
2025-09-22 02:30:01,565: [67] m.e.detectors:WARNING: Potentially reading uninitialized memory at instruction (address: 1160172939298038992985875009663595266309354554466, offset 373)
2025-09-22 02:30:01,833: [67] m.e.detectors:WARNING: Potentially reading uninitialized memory at instruction (address: 1160172939298038992985875009663595266309354554466, offset 374)
2025-09-22 02:30:02,105: [67] m.e.detectors:WARNING: Potentially reading uninitialized memory at instruction (address: 1160172939298038992985875009663595266309354554466, offset 375)
2025-09-22 02:30:02,378: [67] m.e.detectors:WARNING: Potentially reading uninitialized memory at instruction (address: 1160172939298038992985875009663595266309354554466, offset 376)
2025-09-22 02:30:02,652: [67] m.e.detectors:WARNING: Potentially reading uninitialized memory at instruction (address: 1160172939298038992985875009663595266309354554466, offset 377)
2025-09-22 02:30:02,930: [67] m.e.detectors:WARNING: Potentially reading uninitialized memory at instruction (address: 1160172939298038992985875009663595266309354554466, offset 378)
2025-09-22 02:30:03,208: [67] m.e.detectors:WARNING: Potentially reading uninitialized memory at instruction (address: 1160172939298038992985875009663595266309354554466, offset 379)
2025-09-22 02:30:03,484: [67] m.e.detectors:WARNING: Potentially reading uninitialized memory at instruction (address: 1160172939298038992985875009663595266309354554466, offset 380)
2025-09-22 02:30:03,775: [67] m.e.detectors:WARNING: Potentially reading uninitialized memory at instruction (address: 1160172939298038992985875009663595266309354554466, offset 381)
2025-09-22 02:30:04,077: [67] m.e.detectors:WARNING: Potentially reading uninitialized memory at instruction (address: 1160172939298038992985875009663595266309354554466, offset 382)
2025-09-22 02:30:04,368: [67] m.e.detectors:WARNING: Potentially reading uninitialized memory at instruction (address: 1160172939298038992985875009663595266309354554466, offset 383)
