2025-09-03 22:09:04,615 - Main     - INFO - [1mInitializing seed to 1427655.0[0m
2025-09-03 22:09:04,654 - Fuzzer   - INFO - [1mFuzzing contract [1mEtherBank[0m[0m
2025-09-03 22:09:04,704 - Detector - INFO - [1m[31m-----------------------------------------------------[0m
2025-09-03 22:09:04,704 - Detector - INFO - [1m[31m            !!! Reentrancy detected !!!              [0m
2025-09-03 22:09:04,704 - Detector - INFO - [1m[31m-----------------------------------------------------[0m
2025-09-03 22:09:04,704 - Detector - INFO - [1m[31mSWC-ID:   107[0m
2025-09-03 22:09:04,704 - Detector - INFO - [1m[31mSeverity: High[0m
2025-09-03 22:09:04,704 - Detector - INFO - [1m[31m-----------------------------------------------------[0m
2025-09-03 22:09:04,704 - Detector - INFO - [1m[31mSource code line:[0m
2025-09-03 22:09:04,704 - Detector - INFO - [1m[31m-----------------------------------------------------[0m
2025-09-03 22:09:04,704 - Detector - INFO - [1m[31m/sb/etherbank.sol:21:1[0m
2025-09-03 22:09:04,704 - Detector - INFO - [1m[31mmsg.sender.call.value(amountToWithdraw)()[0m
2025-09-03 22:09:04,704 - Detector - INFO - [1m[31m-----------------------------------------------------[0m
2025-09-03 22:09:04,704 - Detector - INFO - [1m[31mTransaction sequence:[0m
2025-09-03 22:09:04,705 - Detector - INFO - [1m[31m-----------------------------------------------------[0m
2025-09-03 22:09:04,705 - Detector - INFO - [1m[31mTransaction - withdrawBalance():[0m
2025-09-03 22:09:04,705 - Detector - INFO - [1m[31m-----------------------------------------------------[0m
2025-09-03 22:09:04,705 - Detector - INFO - [1m[31mFrom:      0xcafebabecafebabecafebabecafebabecafebabe[0m
2025-09-03 22:09:04,705 - Detector - INFO - [1m[31mTo:        0x2c5e8a3b3aad9df32339409534e64dfcabcd3a65[0m
2025-09-03 22:09:04,705 - Detector - INFO - [1m[31mValue:     0 Wei[0m
2025-09-03 22:09:04,705 - Detector - INFO - [1m[31mGas Limit: 4500000[0m
2025-09-03 22:09:04,705 - Detector - INFO - [1m[31mInput:     0x5fd8c710[0m
2025-09-03 22:09:04,705 - Detector - INFO - [1m[31m-----------------------------------------------------[0m
2025-09-03 22:09:04,737 - Analysis - INFO - [1mGeneration number 0 	 Code coverage: 97.92% (188/192) 	 Branch coverage: 87.50% (14/16) 	 Transactions: 9 (8 unique)   	 Time: 0.07344913482666016[0m
2025-09-03 22:09:04,798 - Analysis - INFO - [1mGeneration number 1 	 Code coverage: 97.92% (188/192) 	 Branch coverage: 87.50% (14/16) 	 Transactions: 17 (11 unique)   	 Time: 0.13423705101013184[0m
2025-09-03 22:09:04,923 - Analysis - INFO - [1mGeneration number 2 	 Code coverage: 97.92% (188/192) 	 Branch coverage: 87.50% (14/16) 	 Transactions: 34 (16 unique)   	 Time: 0.2593724727630615[0m
2025-09-03 22:09:05,129 - Analysis - INFO - [1mGeneration number 3 	 Code coverage: 97.92% (188/192) 	 Branch coverage: 87.50% (14/16) 	 Transactions: 69 (24 unique)   	 Time: 0.46515965461730957[0m
2025-09-03 22:09:05,367 - Analysis - INFO - [1mGeneration number 4 	 Code coverage: 97.92% (188/192) 	 Branch coverage: 87.50% (14/16) 	 Transactions: 109 (32 unique)   	 Time: 0.7032852172851562[0m
2025-09-03 22:09:05,526 - Analysis - INFO - [1mGeneration number 5 	 Code coverage: 97.92% (188/192) 	 Branch coverage: 87.50% (14/16) 	 Transactions: 144 (36 unique)   	 Time: 0.8625214099884033[0m
2025-09-03 22:09:05,701 - Analysis - INFO - [1mGeneration number 6 	 Code coverage: 97.92% (188/192) 	 Branch coverage: 87.50% (14/16) 	 Transactions: 184 (38 unique)   	 Time: 1.037515640258789[0m
2025-09-03 22:09:05,946 - Analysis - INFO - [1mGeneration number 7 	 Code coverage: 97.92% (188/192) 	 Branch coverage: 87.50% (14/16) 	 Transactions: 219 (41 unique)   	 Time: 1.281876802444458[0m
2025-09-03 22:09:06,189 - Analysis - INFO - [1mGeneration number 8 	 Code coverage: 97.92% (188/192) 	 Branch coverage: 87.50% (14/16) 	 Transactions: 254 (43 unique)   	 Time: 1.5253632068634033[0m
2025-09-03 22:09:06,375 - Analysis - INFO - [1mGeneration number 9 	 Code coverage: 97.92% (188/192) 	 Branch coverage: 87.50% (14/16) 	 Transactions: 294 (47 unique)   	 Time: 1.711296796798706[0m
2025-09-03 22:09:06,538 - Analysis - INFO - [1mGeneration number 10 	 Code coverage: 97.92% (188/192) 	 Branch coverage: 87.50% (14/16) 	 Transactions: 324 (48 unique)   	 Time: 1.8738348484039307[0m
2025-09-03 22:09:06,553 - Analysis - INFO - [1m-----------------------------------------------------[0m
2025-09-03 22:09:06,553 - Analysis - INFO - Number of generations: 	 10
2025-09-03 22:09:06,553 - Analysis - INFO - Number of transactions: 	 324 (48 unique)
2025-09-03 22:09:06,553 - Analysis - INFO - Transactions per second: 	 172
2025-09-03 22:09:06,553 - Analysis - INFO - Total code coverage: 	 97.92% (188/192)
2025-09-03 22:09:06,553 - Analysis - INFO - Total branch coverage: 	 87.50% (14/16)
2025-09-03 22:09:06,553 - Analysis - INFO - Total execution time: 	 1.89 seconds
2025-09-03 22:09:06,554 - Analysis - INFO - Total memory consumption: 	 63.44 MB

     ______            ______                _           
    / ____/___  ____  / ____/_  __________  (_)_  _______
   / /   / __ \/ __ \/ /_  / / / /_  /_  / / / / / / ___/
  / /___/ /_/ / / / / __/ / /_/ / / /_/ /_/ / /_/ (__  ) 
  \____/\____/_/ /_/_/    \__,_/ /___/___/_/\__,_/____/  

delteed file
