'solc --version' running
'solc /sb/0x746dda2ea243400d5a63e0700f190ab79f06489e.sol --combined-json abi,ast,bin,bin-runtime,srcmap,srcmap-runtime,userdoc,devdoc,hashes,compact-format --allow-paths .,/sb' running

ERC20Detailed.constructor(string,string,uint8).name (../../sb/0x746dda2ea243400d5a63e0700f190ab79f06489e.sol#266) shadows:
	- ERC20Detailed.name() (../../sb/0x746dda2ea243400d5a63e0700f190ab79f06489e.sol#275-277) (function)
ERC20Detailed.constructor(string,string,uint8).symbol (../../sb/0x746dda2ea243400d5a63e0700f190ab79f06489e.sol#266) shadows:
	- ERC20Detailed.symbol() (../../sb/0x746dda2ea243400d5a63e0700f190ab79f06489e.sol#282-284) (function)
ERC20Detailed.constructor(string,string,uint8).decimals (../../sb/0x746dda2ea243400d5a63e0700f190ab79f06489e.sol#266) shadows:
	- ERC20Detailed.decimals() (../../sb/0x746dda2ea243400d5a63e0700f190ab79f06489e.sol#289-291) (function)
Reference: https://github.com/crytic/slither/wiki/Detector-Documentation#local-variable-shadowing

ERC20._burn(address,uint256) (../../sb/0x746dda2ea243400d5a63e0700f190ab79f06489e.sol#225-231) is never used and should be removed
ERC20._burnFrom(address,uint256) (../../sb/0x746dda2ea243400d5a63e0700f190ab79f06489e.sol#255-258) is never used and should be removed
Reference: https://github.com/crytic/slither/wiki/Detector-Documentation#dead-code

Version constraint ^0.5.0 contains known severe issues (https://solidity.readthedocs.io/en/latest/bugs.html)
	- DirtyBytesArrayToStorage
	- ABIDecodeTwoDimensionalArrayMemory
	- KeccakCaching
	- EmptyByteArrayCopy
	- DynamicArrayCleanup
	- ImplicitConstructorCallvalueCheck
	- TupleAssignmentMultiStackSlotComponents
	- MemoryArrayCreationOverflow
	- privateCanBeOverridden
	- SignedArrayStorageCopy
	- ABIEncoderV2StorageArrayWithMultiSlotElement
	- DynamicConstructorArgumentsClippedABIV2
	- UninitializedFunctionPointerInConstructor
	- IncorrectEventSignatureInLibraries
	- ABIEncoderV2PackedStorage.
It is used by:
	- ^0.5.0 (../../sb/0x746dda2ea243400d5a63e0700f190ab79f06489e.sol#1)
solc-0.5.17 is an outdated solc version. Use a more recent version (at least 0.8.0), if possible.
Reference: https://github.com/crytic/slither/wiki/Detector-Documentation#incorrect-versions-of-solidity
/sb/0x746dda2ea243400d5a63e0700f190ab79f06489e.sol analyzed (5 contracts with 93 detectors), 7 result(s) found
