Extract contract ReentrancyDAO from /sb/reentrancy_dao.sol
Extracted 1 contract(s) from /sb/reentrancy_dao.sol
[0;32m> Created "fuzzMe"[0m
[0;32m> To fuzz contracts:[0m
  chmod +x fuzzMe
  ./fuzzMe
assets/NormalAttacker.sol:5:3: Warning: No visibility specified. Defaulting to "public". 
  function() payable {
  ^ (Relevant source part starts here and spans across multiple lines).
assets/ReentrancyAttacker.sol:8:7: Warning: Return value of low-level calls not used.
      msg.sender.call(bytes4(255));
      ^--------------------------^
assets/ReentrancyAttacker.sol:5:3: Warning: No visibility specified. Defaulting to "public". 
  function() payable {
  ^ (Relevant source part starts here and spans across multiple lines).
>> Fuzz ReentrancyDAO
** Write stats: 0.002634
** Write stats: 5.00357
** Write stats: 10.0044
** Write stats: 15.0068
** Write stats: 20.0027
** Write stats: 25.0057
** Write stats: 30.0058
** Write stats: 35.0043
** Write stats: 40.0032
** Write stats: 45.0037
** Write stats: 50.0013
** Write stats: 55.0072
** Write stats: 60.0048
** Write stats: 65.002
** Write stats: 70.0016
** Write stats: 75.0051
** Write stats: 80.0073
** Write stats: 85.0064
** Write stats: 90.0079
** Write stats: 95.0104
** Write stats: 100.004
** Write stats: 105.002
** Write stats: 110.011
** Write stats: 115.006
** Write stats: 120.008
** Write stats: 120.01
