'solc --version' running
'solc /sb/0x820ff8ccf3e70070cc742db2d64b124d83fcfa76.sol --combined-json abi,ast,bin,bin-runtime,srcmap,srcmap-runtime,userdoc,devdoc,hashes,compact-format --allow-paths .,/sb' running

StandardToken.transferFrom(address,address,uint256).allowance (../../sb/0x820ff8ccf3e70070cc742db2d64b124d83fcfa76.sol#67) shadows:
	- StandardToken.allowance(address,address) (../../sb/0x820ff8ccf3e70070cc742db2d64b124d83fcfa76.sol#88-90) (function)
	- Token.allowance(address,address) (../../sb/0x820ff8ccf3e70070cc742db2d64b124d83fcfa76.sol#42) (function)
Reference: https://github.com/crytic/slither/wiki/Detector-Documentation#local-variable-shadowing

Version constraint ^0.4.25 contains known severe issues (https://solidity.readthedocs.io/en/latest/bugs.html)
	- DirtyBytesArrayToStorage
	- ABIDecodeTwoDimensionalArrayMemory
	- KeccakCaching
	- EmptyByteArrayCopy
	- DynamicArrayCleanup
	- ImplicitConstructorCallvalueCheck
	- TupleAssignmentMultiStackSlotComponents
	- MemoryArrayCreationOverflow
	- privateCanBeOverridden
	- SignedArrayStorageCopy
	- ABIEncoderV2StorageArrayWithMultiSlotElement
	- DynamicConstructorArgumentsClippedABIV2
	- UninitializedFunctionPointerInConstructor_0.4.x
	- IncorrectEventSignatureInLibraries_0.4.x
	- ABIEncoderV2PackedStorage_0.4.x.
It is used by:
	- ^0.4.25 (../../sb/0x820ff8ccf3e70070cc742db2d64b124d83fcfa76.sol#1)
solc-0.4.26 is an outdated solc version. Use a more recent version (at least 0.8.0), if possible.
Reference: https://github.com/crytic/slither/wiki/Detector-Documentation#incorrect-versions-of-solidity

Low level call in GenericToken.approveAndCall(address,uint256,bytes) (../../sb/0x820ff8ccf3e70070cc742db2d64b124d83fcfa76.sol#126-135):
	- require(bool)(_spender.call(bytes4(bytes32(keccak256()(receiveApproval(address,uint256,address,bytes)))),msg.sender,_value,this,_extraData)) (../../sb/0x820ff8ccf3e70070cc742db2d64b124d83fcfa76.sol#133)
Reference: https://github.com/crytic/slither/wiki/Detector-Documentation#low-level-calls

Parameter StandardToken.transfer(address,uint256)._to (../../sb/0x820ff8ccf3e70070cc742db2d64b124d83fcfa76.sol#52) is not in mixedCase
Parameter StandardToken.transfer(address,uint256)._value (../../sb/0x820ff8ccf3e70070cc742db2d64b124d83fcfa76.sol#52) is not in mixedCase
Parameter StandardToken.transferFrom(address,address,uint256)._from (../../sb/0x820ff8ccf3e70070cc742db2d64b124d83fcfa76.sol#64) is not in mixedCase
Parameter StandardToken.transferFrom(address,address,uint256)._to (../../sb/0x820ff8ccf3e70070cc742db2d64b124d83fcfa76.sol#64) is not in mixedCase
Parameter StandardToken.transferFrom(address,address,uint256)._value (../../sb/0x820ff8ccf3e70070cc742db2d64b124d83fcfa76.sol#64) is not in mixedCase
Parameter StandardToken.balanceOf(address)._owner (../../sb/0x820ff8ccf3e70070cc742db2d64b124d83fcfa76.sol#78) is not in mixedCase
Parameter StandardToken.approve(address,uint256)._spender (../../sb/0x820ff8ccf3e70070cc742db2d64b124d83fcfa76.sol#82) is not in mixedCase
Parameter StandardToken.approve(address,uint256)._value (../../sb/0x820ff8ccf3e70070cc742db2d64b124d83fcfa76.sol#82) is not in mixedCase
Parameter StandardToken.allowance(address,address)._owner (../../sb/0x820ff8ccf3e70070cc742db2d64b124d83fcfa76.sol#88) is not in mixedCase
Parameter StandardToken.allowance(address,address)._spender (../../sb/0x820ff8ccf3e70070cc742db2d64b124d83fcfa76.sol#88) is not in mixedCase
Parameter GenericToken.approveAndCall(address,uint256,bytes)._spender (../../sb/0x820ff8ccf3e70070cc742db2d64b124d83fcfa76.sol#126) is not in mixedCase
Parameter GenericToken.approveAndCall(address,uint256,bytes)._value (../../sb/0x820ff8ccf3e70070cc742db2d64b124d83fcfa76.sol#126) is not in mixedCase
Parameter GenericToken.approveAndCall(address,uint256,bytes)._extraData (../../sb/0x820ff8ccf3e70070cc742db2d64b124d83fcfa76.sol#126) is not in mixedCase
Reference: https://github.com/crytic/slither/wiki/Detector-Documentation#conformance-to-solidity-naming-conventions

GenericToken.version (../../sb/0x820ff8ccf3e70070cc742db2d64b124d83fcfa76.sol#109) should be constant 
Reference: https://github.com/crytic/slither/wiki/Detector-Documentation#state-variables-that-could-be-declared-constant

approveAndCall(address,uint256,bytes) should be declared external:
	- GenericToken.approveAndCall(address,uint256,bytes) (../../sb/0x820ff8ccf3e70070cc742db2d64b124d83fcfa76.sol#126-135)
Reference: https://github.com/crytic/slither/wiki/Detector-Documentation#public-function-that-could-be-declared-external
/sb/0x820ff8ccf3e70070cc742db2d64b124d83fcfa76.sol analyzed (3 contracts with 93 detectors), 19 result(s) found
