Extract contract Bank from /sb/modifier_reentrancy.sol
Extract contract ModifierEntrancy from /sb/modifier_reentrancy.sol
Extract contract attack from /sb/modifier_reentrancy.sol
Extracted 3 contract(s) from /sb/modifier_reentrancy.sol
[0;32m> Created "fuzzMe"[0m
[0;32m> To fuzz contracts:[0m
  chmod +x fuzzMe
  ./fuzzMe
assets/NormalAttacker.sol:5:3: Warning: No visibility specified. Defaulting to "public". 
  function() payable {
  ^ (Relevant source part starts here and spans across multiple lines).
assets/ReentrancyAttacker.sol:8:7: Warning: Return value of low-level calls not used.
      msg.sender.call(bytes4(255));
      ^--------------------------^
assets/ReentrancyAttacker.sol:5:3: Warning: No visibility specified. Defaulting to "public". 
  function() payable {
  ^ (Relevant source part starts here and spans across multiple lines).
>> Fuzz ModifierEntrancy
** Write stats: 0.010063
** Write stats: 5.01296
** Write stats: 10.0001
** Write stats: 15.0001
** Write stats: 20.0113
** Write stats: 25.0004
** Write stats: 30.0001
** Write stats: 35.0002
** Write stats: 40.0002
** Write stats: 45.0001
** Write stats: 50.0002
** Write stats: 55.0006
** Write stats: 60.0026
** Write stats: 65.0002
** Write stats: 70.0001
** Write stats: 75.0004
** Write stats: 80.0003
** Write stats: 85.0001
** Write stats: 90.0002
** Write stats: 95.0003
** Write stats: 100.002
** Write stats: 105
** Write stats: 110.001
** Write stats: 115
** Write stats: 120
** Write stats: 120.019
>> Fuzz attack
** Write stats: 0.003535
** Write stats: 5.00014
** Write stats: 10.0002
** Write stats: 15.0002
** Write stats: 20.0001
** Write stats: 25.0002
** Write stats: 30.0001
** Write stats: 35.0309
** Write stats: 40.0002
** Write stats: 45.0001
** Write stats: 50.0003
** Write stats: 55.0264
** Write stats: 60.0079
** Write stats: 65.0002
** Write stats: 70.0003
** Write stats: 75.0001
** Write stats: 80.0002
** Write stats: 85.0001
** Write stats: 90.0011
** Write stats: 95.0017
** Write stats: 100.024
** Write stats: 105
** Write stats: 110
** Write stats: 115
** Write stats: 120.002
** Write stats: 120.002
>> Fuzz Bank
** Write stats: 0.001836
** Write stats: 5.00005
** Write stats: 10
** Write stats: 15.0006
** Write stats: 20.0001
** Write stats: 25.0001
** Write stats: 30
** Write stats: 35.0001
** Write stats: 40.0001
** Write stats: 45
** Write stats: 50.0001
** Write stats: 55.0001
** Write stats: 60
** Write stats: 65.0001
** Write stats: 70.0001
** Write stats: 75.0001
** Write stats: 80.0001
** Write stats: 85.0007
** Write stats: 90.0008
** Write stats: 140.667
** Write stats: 140.668
