2025-09-22 02:19:48,219 - Main     - INFO - [1mInitializing seed to 1427655.0[0m
2025-09-22 02:19:48,311 - Fuzzer   - INFO - [1mFuzzing contract [1mCoinvaToken[0m[0m
2025-09-22 02:19:48,385 - Detector - INFO - [1m[33m-----------------------------------------------------[0m
2025-09-22 02:19:48,385 - Detector - INFO - [1m[33m          !!! Assertion failure detected !!!         [0m
2025-09-22 02:19:48,385 - Detector - INFO - [1m[33m-----------------------------------------------------[0m
2025-09-22 02:19:48,385 - Detector - INFO - [1m[33mSWC-ID:   110[0m
2025-09-22 02:19:48,385 - Detector - INFO - [1m[33mSeverity: Medium[0m
2025-09-22 02:19:48,385 - Detector - INFO - [1m[33m-----------------------------------------------------[0m
2025-09-22 02:19:48,385 - Detector - INFO - [1m[33mSource code line:[0m
2025-09-22 02:19:48,385 - Detector - INFO - [1m[33m-----------------------------------------------------[0m
2025-09-22 02:19:48,385 - Detector - INFO - [1m[33m/sb/0x715e0ed8658de08f06b059ff97956e874c8e4b1a.sol:71:1[0m
2025-09-22 02:19:48,385 - Detector - INFO - [1m[33maddress[] public owners[0m
2025-09-22 02:19:48,385 - Detector - INFO - [1m[33m-----------------------------------------------------[0m
2025-09-22 02:19:48,385 - Detector - INFO - [1m[33mTransaction sequence:[0m
2025-09-22 02:19:48,385 - Detector - INFO - [1m[33m-----------------------------------------------------[0m
2025-09-22 02:19:48,385 - Detector - INFO - [1m[33mTransaction - owners(uint256):[0m
2025-09-22 02:19:48,385 - Detector - INFO - [1m[33m-----------------------------------------------------[0m
2025-09-22 02:19:48,385 - Detector - INFO - [1m[33mFrom:      0xcafebabecafebabecafebabecafebabecafebabe[0m
2025-09-22 02:19:48,386 - Detector - INFO - [1m[33mTo:        0x2c5e8a3b3aad9df32339409534e64dfcabcd3a65[0m
2025-09-22 02:19:48,386 - Detector - INFO - [1m[33mValue:     0 Wei[0m
2025-09-22 02:19:48,386 - Detector - INFO - [1m[33mGas Limit: 4500000[0m
2025-09-22 02:19:48,386 - Detector - INFO - [1m[33mInput:     0x025e7c270913523c4b7856ab7a5d5e60a6ce3569[0m
2025-09-22 02:19:48,386 - Detector - INFO - [1m[33m           34866771084c0fb72d64c398d0a9fd2a[0m
2025-09-22 02:19:48,386 - Detector - INFO - [1m[33m-----------------------------------------------------[0m
2025-09-22 02:19:48,532 - Analysis - INFO - [1mGeneration number 0 	 Code coverage: 73.39% (1958/2668) 	 Branch coverage: 67.65% (115/170) 	 Transactions: 37 (36 unique)   	 Time: 0.20274782180786133[0m
2025-09-22 02:19:48,907 - Analysis - INFO - [1mGeneration number 1 	 Code coverage: 77.47% (2067/2668) 	 Branch coverage: 68.24% (116/170) 	 Transactions: 84 (60 unique)   	 Time: 0.5786852836608887[0m
2025-09-22 02:19:49,152 - Detector - INFO - [1m[33m-----------------------------------------------------[0m
2025-09-22 02:19:49,152 - Detector - INFO - [1m[33m          !!! Assertion failure detected !!!         [0m
2025-09-22 02:19:49,152 - Detector - INFO - [1m[33m-----------------------------------------------------[0m
2025-09-22 02:19:49,152 - Detector - INFO - [1m[33mSWC-ID:   110[0m
2025-09-22 02:19:49,152 - Detector - INFO - [1m[33mSeverity: Medium[0m
2025-09-22 02:19:49,152 - Detector - INFO - [1m[33m-----------------------------------------------------[0m
2025-09-22 02:19:49,152 - Detector - INFO - [1m[33mSource code line:[0m
2025-09-22 02:19:49,152 - Detector - INFO - [1m[33m-----------------------------------------------------[0m
2025-09-22 02:19:49,152 - Detector - INFO - [1m[33m/sb/0x715e0ed8658de08f06b059ff97956e874c8e4b1a.sol:97:1[0m
2025-09-22 02:19:49,152 - Detector - INFO - [1m[33mowners[i][0m
2025-09-22 02:19:49,152 - Detector - INFO - [1m[33m-----------------------------------------------------[0m
2025-09-22 02:19:49,152 - Detector - INFO - [1m[33mTransaction sequence:[0m
2025-09-22 02:19:49,152 - Detector - INFO - [1m[33m-----------------------------------------------------[0m
2025-09-22 02:19:49,152 - Detector - INFO - [1m[33mTransaction 1 - removeOwner(address):[0m
2025-09-22 02:19:49,152 - Detector - INFO - [1m[33m-----------------------------------------------------[0m
2025-09-22 02:19:49,152 - Detector - INFO - [1m[33mFrom:      0xcafebabecafebabecafebabecafebabecafebabe[0m
2025-09-22 02:19:49,152 - Detector - INFO - [1m[33mTo:        0x2c5e8a3b3aad9df32339409534e64dfcabcd3a65[0m
2025-09-22 02:19:49,152 - Detector - INFO - [1m[33mValue:     0 Wei[0m
2025-09-22 02:19:49,152 - Detector - INFO - [1m[33mGas Limit: 4500000[0m
2025-09-22 02:19:49,152 - Detector - INFO - [1m[33mInput:     0x173825d9000000000000000000000000deadbeef[0m
2025-09-22 02:19:49,152 - Detector - INFO - [1m[33m           deadbeefdeadbeefdeadbeefdeadbeef[0m
2025-09-22 02:19:49,153 - Detector - INFO - [1m[33m-----------------------------------------------------[0m
2025-09-22 02:19:49,153 - Detector - INFO - [1m[33mTransaction 2 - isOwner(address):[0m
2025-09-22 02:19:49,153 - Detector - INFO - [1m[33m-----------------------------------------------------[0m
2025-09-22 02:19:49,153 - Detector - INFO - [1m[33mFrom:      0xcafebabecafebabecafebabecafebabecafebabe[0m
2025-09-22 02:19:49,153 - Detector - INFO - [1m[33mTo:        0x2c5e8a3b3aad9df32339409534e64dfcabcd3a65[0m
2025-09-22 02:19:49,153 - Detector - INFO - [1m[33mValue:     0 Wei[0m
2025-09-22 02:19:49,153 - Detector - INFO - [1m[33mGas Limit: 4500000[0m
2025-09-22 02:19:49,153 - Detector - INFO - [1m[33mInput:     0x2f54bf6e000000000000000000000000deadbeef[0m
2025-09-22 02:19:49,153 - Detector - INFO - [1m[33m           deadbeefdeadbeefdeadbeefdeadbeef[0m
2025-09-22 02:19:49,153 - Detector - INFO - [1m[33m-----------------------------------------------------[0m
2025-09-22 02:19:49,153 - Detector - INFO - [1m[33mTransaction 3 - removeOwner(address):[0m
2025-09-22 02:19:49,153 - Detector - INFO - [1m[33m-----------------------------------------------------[0m
2025-09-22 02:19:49,153 - Detector - INFO - [1m[33mFrom:      0xcafebabecafebabecafebabecafebabecafebabe[0m
2025-09-22 02:19:49,153 - Detector - INFO - [1m[33mTo:        0x2c5e8a3b3aad9df32339409534e64dfcabcd3a65[0m
2025-09-22 02:19:49,153 - Detector - INFO - [1m[33mValue:     0 Wei[0m
2025-09-22 02:19:49,153 - Detector - INFO - [1m[33mGas Limit: 4500000[0m
2025-09-22 02:19:49,153 - Detector - INFO - [1m[33mInput:     0x173825d9000000000000000000000000cafebabe[0m
2025-09-22 02:19:49,153 - Detector - INFO - [1m[33m           cafebabecafebabecafebabecafebabe[0m
2025-09-22 02:19:49,153 - Detector - INFO - [1m[33m-----------------------------------------------------[0m
2025-09-22 02:19:49,153 - Detector - INFO - [1m[33mTransaction 4 - owners(uint256):[0m
2025-09-22 02:19:49,153 - Detector - INFO - [1m[33m-----------------------------------------------------[0m
2025-09-22 02:19:49,153 - Detector - INFO - [1m[33mFrom:      0xdeadbeefdeadbeefdeadbeefdeadbeefdeadbeef[0m
2025-09-22 02:19:49,153 - Detector - INFO - [1m[33mTo:        0x2c5e8a3b3aad9df32339409534e64dfcabcd3a65[0m
2025-09-22 02:19:49,153 - Detector - INFO - [1m[33mValue:     1 Wei[0m
2025-09-22 02:19:49,153 - Detector - INFO - [1m[33mGas Limit: 4500000[0m
2025-09-22 02:19:49,154 - Detector - INFO - [1m[33mInput:     0x025e7c270a14f35ec48fe7c232a0f16b5dfcc2b6[0m
2025-09-22 02:19:49,154 - Detector - INFO - [1m[33m           d0c67e803ebab25b3164126cd351bfcc[0m
2025-09-22 02:19:49,154 - Detector - INFO - [1m[33m-----------------------------------------------------[0m
2025-09-22 02:19:49,415 - Analysis - INFO - [1mGeneration number 2 	 Code coverage: 81.67% (2179/2668) 	 Branch coverage: 72.94% (124/170) 	 Transactions: 153 (86 unique)   	 Time: 1.0861971378326416[0m
2025-09-22 02:19:50,057 - Analysis - INFO - [1mGeneration number 3 	 Code coverage: 83.36% (2224/2668) 	 Branch coverage: 72.94% (124/170) 	 Transactions: 244 (114 unique)   	 Time: 1.7279942035675049[0m
2025-09-22 02:19:50,902 - Analysis - INFO - [1mGeneration number 4 	 Code coverage: 83.36% (2224/2668) 	 Branch coverage: 72.94% (124/170) 	 Transactions: 359 (145 unique)   	 Time: 2.5733323097229004[0m
2025-09-22 02:19:52,112 - Analysis - INFO - [1mGeneration number 5 	 Code coverage: 83.36% (2224/2668) 	 Branch coverage: 72.94% (124/170) 	 Transactions: 482 (178 unique)   	 Time: 3.783121109008789[0m
2025-09-22 02:19:53,448 - Analysis - INFO - [1mGeneration number 6 	 Code coverage: 83.36% (2224/2668) 	 Branch coverage: 72.94% (124/170) 	 Transactions: 624 (211 unique)   	 Time: 5.119248867034912[0m
2025-09-22 02:19:54,848 - Analysis - INFO - [1mGeneration number 7 	 Code coverage: 87.44% (2333/2668) 	 Branch coverage: 72.94% (124/170) 	 Transactions: 763 (240 unique)   	 Time: 6.519646167755127[0m
2025-09-22 02:19:56,055 - Analysis - INFO - [1mGeneration number 8 	 Code coverage: 87.44% (2333/2668) 	 Branch coverage: 72.94% (124/170) 	 Transactions: 902 (272 unique)   	 Time: 7.726520538330078[0m
2025-09-22 02:19:57,580 - Analysis - INFO - [1mGeneration number 9 	 Code coverage: 87.44% (2333/2668) 	 Branch coverage: 72.94% (124/170) 	 Transactions: 1054 (304 unique)   	 Time: 9.250963687896729[0m
2025-09-22 02:19:59,089 - Analysis - INFO - [1mGeneration number 10 	 Code coverage: 87.44% (2333/2668) 	 Branch coverage: 72.94% (124/170) 	 Transactions: 1210 (337 unique)   	 Time: 10.760478019714355[0m
2025-09-22 02:19:59,388 - Analysis - INFO - [1m-----------------------------------------------------[0m
2025-09-22 02:19:59,388 - Analysis - INFO - Number of generations: 	 10
2025-09-22 02:19:59,388 - Analysis - INFO - Number of transactions: 	 1210 (337 unique)
2025-09-22 02:19:59,388 - Analysis - INFO - Transactions per second: 	 109
2025-09-22 02:19:59,388 - Analysis - INFO - Total code coverage: 	 87.44% (2333/2668)
2025-09-22 02:19:59,388 - Analysis - INFO - Total branch coverage: 	 72.94% (124/170)
2025-09-22 02:19:59,388 - Analysis - INFO - Total execution time: 	 11.06 seconds
2025-09-22 02:19:59,388 - Analysis - INFO - Total memory consumption: 	 73.00 MB
2025-09-22 02:19:59,390 - Fuzzer   - INFO - [1mFuzzing contract [1mMultiOwned[0m[0m
2025-09-22 02:19:59,446 - Analysis - INFO - [1mGeneration number 0 	 Code coverage: 74.92% (478/638) 	 Branch coverage: 56.82% (25/44) 	 Transactions: 13 (12 unique)   	 Time: 0.049697160720825195[0m
2025-09-22 02:19:59,488 - Detector - INFO - [1m[33m-----------------------------------------------------[0m
2025-09-22 02:19:59,488 - Detector - INFO - [1m[33m          !!! Assertion failure detected !!!         [0m
2025-09-22 02:19:59,488 - Detector - INFO - [1m[33m-----------------------------------------------------[0m
2025-09-22 02:19:59,488 - Detector - INFO - [1m[33mSWC-ID:   110[0m
2025-09-22 02:19:59,488 - Detector - INFO - [1m[33mSeverity: Medium[0m
2025-09-22 02:19:59,488 - Detector - INFO - [1m[33m-----------------------------------------------------[0m
2025-09-22 02:19:59,488 - Detector - INFO - [1m[33mSource code line:[0m
2025-09-22 02:19:59,488 - Detector - INFO - [1m[33m-----------------------------------------------------[0m
2025-09-22 02:19:59,488 - Detector - INFO - [1m[33m/sb/0x715e0ed8658de08f06b059ff97956e874c8e4b1a.sol:71:1[0m
2025-09-22 02:19:59,488 - Detector - INFO - [1m[33maddress[] public owners[0m
2025-09-22 02:19:59,488 - Detector - INFO - [1m[33m-----------------------------------------------------[0m
2025-09-22 02:19:59,488 - Detector - INFO - [1m[33mTransaction sequence:[0m
2025-09-22 02:19:59,488 - Detector - INFO - [1m[33m-----------------------------------------------------[0m
2025-09-22 02:19:59,488 - Detector - INFO - [1m[33mTransaction 1 - removeOwner(address):[0m
2025-09-22 02:19:59,488 - Detector - INFO - [1m[33m-----------------------------------------------------[0m
2025-09-22 02:19:59,488 - Detector - INFO - [1m[33mFrom:      0xcafebabecafebabecafebabecafebabecafebabe[0m
2025-09-22 02:19:59,488 - Detector - INFO - [1m[33mTo:        0x2c5e8a3b3aad9df32339409534e64dfcabcd3a65[0m
2025-09-22 02:19:59,489 - Detector - INFO - [1m[33mValue:     0 Wei[0m
2025-09-22 02:19:59,489 - Detector - INFO - [1m[33mGas Limit: 4500000[0m
2025-09-22 02:19:59,489 - Detector - INFO - [1m[33mInput:     0x173825d9000000000000000000000000cafebabe[0m
2025-09-22 02:19:59,489 - Detector - INFO - [1m[33m           cafebabecafebabecafebabecafebabe[0m
2025-09-22 02:19:59,489 - Detector - INFO - [1m[33m-----------------------------------------------------[0m
2025-09-22 02:19:59,489 - Detector - INFO - [1m[33mTransaction 2 - owners(uint256):[0m
2025-09-22 02:19:59,489 - Detector - INFO - [1m[33m-----------------------------------------------------[0m
2025-09-22 02:19:59,489 - Detector - INFO - [1m[33mFrom:      0xcafebabecafebabecafebabecafebabecafebabe[0m
2025-09-22 02:19:59,489 - Detector - INFO - [1m[33mTo:        0x2c5e8a3b3aad9df32339409534e64dfcabcd3a65[0m
2025-09-22 02:19:59,489 - Detector - INFO - [1m[33mValue:     0 Wei[0m
2025-09-22 02:19:59,489 - Detector - INFO - [1m[33mGas Limit: 4500000[0m
2025-09-22 02:19:59,489 - Detector - INFO - [1m[33mInput:     0x025e7c276b27cc0adafd7907d86413434e19f4fe[0m
2025-09-22 02:19:59,489 - Detector - INFO - [1m[33m           db2801ba605a593263e1798e6b75839f[0m
2025-09-22 02:19:59,489 - Detector - INFO - [1m[33m-----------------------------------------------------[0m
2025-09-22 02:19:59,515 - Analysis - INFO - [1mGeneration number 1 	 Code coverage: 75.08% (479/638) 	 Branch coverage: 59.09% (26/44) 	 Transactions: 26 (19 unique)   	 Time: 0.11920690536499023[0m
2025-09-22 02:19:59,623 - Detector - INFO - [1m[33m-----------------------------------------------------[0m
2025-09-22 02:19:59,623 - Detector - INFO - [1m[33m          !!! Assertion failure detected !!!         [0m
2025-09-22 02:19:59,623 - Detector - INFO - [1m[33m-----------------------------------------------------[0m
2025-09-22 02:19:59,623 - Detector - INFO - [1m[33mSWC-ID:   110[0m
2025-09-22 02:19:59,623 - Detector - INFO - [1m[33mSeverity: Medium[0m
2025-09-22 02:19:59,623 - Detector - INFO - [1m[33m-----------------------------------------------------[0m
2025-09-22 02:19:59,623 - Detector - INFO - [1m[33mSource code line:[0m
2025-09-22 02:19:59,623 - Detector - INFO - [1m[33m-----------------------------------------------------[0m
2025-09-22 02:19:59,623 - Detector - INFO - [1m[33m/sb/0x715e0ed8658de08f06b059ff97956e874c8e4b1a.sol:97:1[0m
2025-09-22 02:19:59,623 - Detector - INFO - [1m[33mowners[i][0m
2025-09-22 02:19:59,623 - Detector - INFO - [1m[33m-----------------------------------------------------[0m
2025-09-22 02:19:59,623 - Detector - INFO - [1m[33mTransaction sequence:[0m
2025-09-22 02:19:59,623 - Detector - INFO - [1m[33m-----------------------------------------------------[0m
2025-09-22 02:19:59,623 - Detector - INFO - [1m[33mTransaction 1 - removeOwner(address):[0m
2025-09-22 02:19:59,623 - Detector - INFO - [1m[33m-----------------------------------------------------[0m
2025-09-22 02:19:59,623 - Detector - INFO - [1m[33mFrom:      0xcafebabecafebabecafebabecafebabecafebabe[0m
2025-09-22 02:19:59,623 - Detector - INFO - [1m[33mTo:        0x2c5e8a3b3aad9df32339409534e64dfcabcd3a65[0m
2025-09-22 02:19:59,623 - Detector - INFO - [1m[33mValue:     0 Wei[0m
2025-09-22 02:19:59,624 - Detector - INFO - [1m[33mGas Limit: 4500000[0m
2025-09-22 02:19:59,624 - Detector - INFO - [1m[33mInput:     0x173825d9000000000000000000000000deadbeef[0m
2025-09-22 02:19:59,624 - Detector - INFO - [1m[33m           deadbeefdeadbeefdeadbeefdeadbeef[0m
2025-09-22 02:19:59,624 - Detector - INFO - [1m[33m-----------------------------------------------------[0m
2025-09-22 02:19:59,624 - Detector - INFO - [1m[33mTransaction 2 - isOwner(address):[0m
2025-09-22 02:19:59,624 - Detector - INFO - [1m[33m-----------------------------------------------------[0m
2025-09-22 02:19:59,624 - Detector - INFO - [1m[33mFrom:      0xdeadbeefdeadbeefdeadbeefdeadbeefdeadbeef[0m
2025-09-22 02:19:59,624 - Detector - INFO - [1m[33mTo:        0x2c5e8a3b3aad9df32339409534e64dfcabcd3a65[0m
2025-09-22 02:19:59,624 - Detector - INFO - [1m[33mValue:     1 Wei[0m
2025-09-22 02:19:59,624 - Detector - INFO - [1m[33mGas Limit: 4500000[0m
2025-09-22 02:19:59,624 - Detector - INFO - [1m[33mInput:     0x2f54bf6e000000000000000000000000cafebabe[0m
2025-09-22 02:19:59,624 - Detector - INFO - [1m[33m           cafebabecafebabecafebabecafebabe[0m
2025-09-22 02:19:59,624 - Detector - INFO - [1m[33m-----------------------------------------------------[0m
2025-09-22 02:19:59,624 - Detector - INFO - [1m[33mTransaction 3 - removeOwner(address):[0m
2025-09-22 02:19:59,624 - Detector - INFO - [1m[33m-----------------------------------------------------[0m
2025-09-22 02:19:59,624 - Detector - INFO - [1m[33mFrom:      0xcafebabecafebabecafebabecafebabecafebabe[0m
2025-09-22 02:19:59,624 - Detector - INFO - [1m[33mTo:        0x2c5e8a3b3aad9df32339409534e64dfcabcd3a65[0m
2025-09-22 02:19:59,624 - Detector - INFO - [1m[33mValue:     0 Wei[0m
2025-09-22 02:19:59,624 - Detector - INFO - [1m[33mGas Limit: 4500000[0m
2025-09-22 02:19:59,624 - Detector - INFO - [1m[33mInput:     0x173825d9000000000000000000000000cafebabe[0m
2025-09-22 02:19:59,624 - Detector - INFO - [1m[33m           cafebabecafebabecafebabecafebabe[0m
2025-09-22 02:19:59,624 - Detector - INFO - [1m[33m-----------------------------------------------------[0m
2025-09-22 02:19:59,624 - Detector - INFO - [1m[33mTransaction 4 - owners(uint256):[0m
2025-09-22 02:19:59,624 - Detector - INFO - [1m[33m-----------------------------------------------------[0m
2025-09-22 02:19:59,624 - Detector - INFO - [1m[33mFrom:      0xcafebabecafebabecafebabecafebabecafebabe[0m
2025-09-22 02:19:59,624 - Detector - INFO - [1m[33mTo:        0x2c5e8a3b3aad9df32339409534e64dfcabcd3a65[0m
2025-09-22 02:19:59,624 - Detector - INFO - [1m[33mValue:     0 Wei[0m
2025-09-22 02:19:59,624 - Detector - INFO - [1m[33mGas Limit: 4500000[0m
2025-09-22 02:19:59,624 - Detector - INFO - [1m[33mInput:     0x025e7c27e881717bee7f0b0a3bd3bbe5a5f110d0[0m
2025-09-22 02:19:59,624 - Detector - INFO - [1m[33m           4b192100cbbebea8646db5ac142f0d92[0m
2025-09-22 02:19:59,624 - Detector - INFO - [1m[33m-----------------------------------------------------[0m
2025-09-22 02:19:59,654 - Analysis - INFO - [1mGeneration number 2 	 Code coverage: 77.59% (495/638) 	 Branch coverage: 63.64% (28/44) 	 Transactions: 52 (28 unique)   	 Time: 0.2576160430908203[0m
2025-09-22 02:19:59,794 - Analysis - INFO - [1mGeneration number 3 	 Code coverage: 78.06% (498/638) 	 Branch coverage: 65.91% (29/44) 	 Transactions: 78 (37 unique)   	 Time: 0.39822888374328613[0m
2025-09-22 02:20:00,010 - Analysis - INFO - [1mGeneration number 4 	 Code coverage: 78.06% (498/638) 	 Branch coverage: 65.91% (29/44) 	 Transactions: 118 (45 unique)   	 Time: 0.6141543388366699[0m
2025-09-22 02:20:00,302 - Analysis - INFO - [1mGeneration number 5 	 Code coverage: 78.06% (498/638) 	 Branch coverage: 65.91% (29/44) 	 Transactions: 164 (54 unique)   	 Time: 0.9058661460876465[0m
2025-09-22 02:20:00,618 - Analysis - INFO - [1mGeneration number 6 	 Code coverage: 78.06% (498/638) 	 Branch coverage: 65.91% (29/44) 	 Transactions: 212 (64 unique)   	 Time: 1.2220687866210938[0m
2025-09-22 02:20:00,971 - Analysis - INFO - [1mGeneration number 7 	 Code coverage: 78.06% (498/638) 	 Branch coverage: 65.91% (29/44) 	 Transactions: 264 (74 unique)   	 Time: 1.5746185779571533[0m
2025-09-22 02:20:01,314 - Analysis - INFO - [1mGeneration number 8 	 Code coverage: 78.06% (498/638) 	 Branch coverage: 65.91% (29/44) 	 Transactions: 316 (85 unique)   	 Time: 1.9176559448242188[0m
2025-09-22 02:20:01,649 - Analysis - INFO - [1mGeneration number 9 	 Code coverage: 78.06% (498/638) 	 Branch coverage: 65.91% (29/44) 	 Transactions: 367 (96 unique)   	 Time: 2.2531166076660156[0m
2025-09-22 02:20:01,977 - Analysis - INFO - [1mGeneration number 10 	 Code coverage: 78.06% (498/638) 	 Branch coverage: 65.91% (29/44) 	 Transactions: 417 (105 unique)   	 Time: 2.580497980117798[0m
2025-09-22 02:20:02,021 - Analysis - INFO - [1m-----------------------------------------------------[0m
2025-09-22 02:20:02,021 - Analysis - INFO - Number of generations: 	 10
2025-09-22 02:20:02,021 - Analysis - INFO - Number of transactions: 	 417 (105 unique)
2025-09-22 02:20:02,021 - Analysis - INFO - Transactions per second: 	 159
2025-09-22 02:20:02,021 - Analysis - INFO - Total code coverage: 	 78.06% (498/638)
2025-09-22 02:20:02,021 - Analysis - INFO - Total branch coverage: 	 65.91% (29/44)
2025-09-22 02:20:02,021 - Analysis - INFO - Total execution time: 	 2.62 seconds
2025-09-22 02:20:02,021 - Analysis - INFO - Total memory consumption: 	 73.00 MB

     ______            ______                _           
    / ____/___  ____  / ____/_  __________  (_)_  _______
   / /   / __ \/ __ \/ /_  / / / /_  /_  / / / / / / ___/
  / /___/ /_/ / / / / __/ / /_/ / / /_/ /_/ / /_/ (__  ) 
  \____/\____/_/ /_/_/    \__,_/ /___/___/_/\__,_/____/  

delteed file
