Extract contract EtherBank from /sb/etherbank.sol
Extracted 1 contract(s) from /sb/etherbank.sol
[0;32m> Created "fuzzMe"[0m
[0;32m> To fuzz contracts:[0m
  chmod +x fuzzMe
  ./fuzzMe
contracts/EtherBank.sol:21:55: Warning: "throw" is deprecated in favour of "revert()", "require()" and "assert()".
		if (!(msg.sender.call.value(amountToWithdraw)())) { throw; }
		                                                    ^---^
contracts/EtherBank.sol:10:5: Warning: No visibility specified. Defaulting to "public". 
    function getBalance(address user) constant returns(uint) {  
    ^ (Relevant source part starts here and spans across multiple lines).
contracts/EtherBank.sol:14:2: Warning: No visibility specified. Defaulting to "public". 
	function addToBalance() {  
 ^ (Relevant source part starts here and spans across multiple lines).
contracts/EtherBank.sol:15:31: Warning: "msg.value" used in non-payable function. Do you want to add the "payable" modifier to this function?
		userBalances[msg.sender] += msg.value;
		                            ^-------^
contracts/EtherBank.sol:18:2: Warning: No visibility specified. Defaulting to "public". 
	function withdrawBalance() {  
 ^ (Relevant source part starts here and spans across multiple lines).
assets/NormalAttacker.sol:5:3: Warning: No visibility specified. Defaulting to "public". 
  function() payable {
  ^ (Relevant source part starts here and spans across multiple lines).
assets/ReentrancyAttacker.sol:8:7: Warning: Return value of low-level calls not used.
      msg.sender.call(bytes4(255));
      ^--------------------------^
assets/ReentrancyAttacker.sol:5:3: Warning: No visibility specified. Defaulting to "public". 
  function() payable {
  ^ (Relevant source part starts here and spans across multiple lines).
>> Fuzz EtherBank
** Write stats: 0.006529
** Write stats: 5.0019
** Write stats: 10.0006
** Write stats: 15.0015
** Write stats: 20.0033
** Write stats: 25.0036
** Write stats: 30.0066
** Write stats: 35.0038
** Write stats: 40.0027
** Write stats: 45.0047
** Write stats: 50.0023
** Write stats: 55.0009
** Write stats: 60.0095
** Write stats: 65.0022
** Write stats: 70.0075
** Write stats: 75.0007
** Write stats: 80.0099
** Write stats: 85.011
** Write stats: 90.0001
** Write stats: 95.0022
** Write stats: 100.004
** Write stats: 105.003
** Write stats: 110.006
** Write stats: 115.002
** Write stats: 120.002
** Write stats: 120.003
