2025-09-22 02:09:34,194 - Main     - INFO - [1mInitializing seed to 1427655.0[0m
2025-09-22 02:09:34,245 - Fuzzer   - INFO - [1mFuzzing contract [1mAltruism[0m[0m
2025-09-22 02:09:34,379 - Analysis - INFO - [1mGeneration number 0 	 Code coverage: 66.96% (831/1241) 	 Branch coverage: 68.89% (62/90) 	 Transactions: 27 (26 unique)   	 Time: 0.12322664260864258[0m
2025-09-22 02:09:34,525 - Analysis - INFO - [1mGeneration number 1 	 Code coverage: 67.53% (838/1241) 	 Branch coverage: 71.11% (64/90) 	 Transactions: 57 (38 unique)   	 Time: 0.26939988136291504[0m
2025-09-22 02:09:34,830 - Analysis - INFO - [1mGeneration number 2 	 Code coverage: 68.01% (844/1241) 	 Branch coverage: 73.33% (66/90) 	 Transactions: 113 (57 unique)   	 Time: 0.5742101669311523[0m
2025-09-22 02:09:35,173 - Analysis - INFO - [1mGeneration number 3 	 Code coverage: 78.57% (975/1241) 	 Branch coverage: 78.89% (71/90) 	 Transactions: 180 (72 unique)   	 Time: 0.9171409606933594[0m
2025-09-22 02:09:35,703 - Analysis - INFO - [1mGeneration number 4 	 Code coverage: 78.57% (975/1241) 	 Branch coverage: 78.89% (71/90) 	 Transactions: 266 (90 unique)   	 Time: 1.4469687938690186[0m
2025-09-22 02:09:36,211 - Analysis - INFO - [1mGeneration number 5 	 Code coverage: 78.57% (975/1241) 	 Branch coverage: 80.00% (72/90) 	 Transactions: 344 (104 unique)   	 Time: 1.9546382427215576[0m
2025-09-22 02:09:36,944 - Analysis - INFO - [1mGeneration number 6 	 Code coverage: 92.43% (1147/1241) 	 Branch coverage: 87.78% (79/90) 	 Transactions: 443 (119 unique)   	 Time: 2.688218832015991[0m
2025-09-22 02:09:37,724 - Analysis - INFO - [1mGeneration number 7 	 Code coverage: 92.43% (1147/1241) 	 Branch coverage: 87.78% (79/90) 	 Transactions: 551 (137 unique)   	 Time: 3.468111753463745[0m
2025-09-22 02:09:38,715 - Analysis - INFO - [1mGeneration number 8 	 Code coverage: 92.43% (1147/1241) 	 Branch coverage: 87.78% (79/90) 	 Transactions: 640 (151 unique)   	 Time: 4.459461450576782[0m
2025-09-22 02:09:39,861 - Analysis - INFO - [1mGeneration number 9 	 Code coverage: 92.43% (1147/1241) 	 Branch coverage: 87.78% (79/90) 	 Transactions: 734 (165 unique)   	 Time: 5.604682922363281[0m
2025-09-22 02:09:41,035 - Analysis - INFO - [1mGeneration number 10 	 Code coverage: 92.43% (1147/1241) 	 Branch coverage: 87.78% (79/90) 	 Transactions: 832 (180 unique)   	 Time: 6.7790491580963135[0m
2025-09-22 02:09:42,302 - Analysis - INFO - [1mGeneration number 11 	 Code coverage: 95.89% (1190/1241) 	 Branch coverage: 88.89% (80/90) 	 Transactions: 930 (197 unique)   	 Time: 8.04555082321167[0m
2025-09-22 02:09:42,577 - Analysis - ERROR - [91m[1mValidation error in [91m[1m-9022325190439209701[0m[0m : Sender account balance cannot afford txn (ignoring for now)[0m[0m
2025-09-22 02:09:43,252 - Analysis - INFO - [1mGeneration number 12 	 Code coverage: 97.90% (1215/1241) 	 Branch coverage: 91.11% (82/90) 	 Transactions: 1042 (218 unique)   	 Time: 8.99575924873352[0m
2025-09-22 02:09:43,565 - Analysis - ERROR - [91m[1mValidation error in [91m[1m-9022325190439209701[0m[0m : Sender account balance cannot afford txn (ignoring for now)[0m[0m
2025-09-22 02:09:44,076 - Analysis - INFO - [1mGeneration number 13 	 Code coverage: 97.90% (1215/1241) 	 Branch coverage: 91.11% (82/90) 	 Transactions: 1149 (238 unique)   	 Time: 9.820396423339844[0m
2025-09-22 02:09:45,145 - Analysis - ERROR - [91m[1mValidation error in [91m[1m-9022325190439209701[0m[0m : Sender account balance cannot afford txn (ignoring for now)[0m[0m
2025-09-22 02:09:45,154 - Analysis - INFO - [1mGeneration number 14 	 Code coverage: 97.90% (1215/1241) 	 Branch coverage: 91.11% (82/90) 	 Transactions: 1255 (261 unique)   	 Time: 10.897724628448486[0m
2025-09-22 02:09:45,644 - Analysis - ERROR - [91m[1mValidation error in [91m[1m335892938371298866[0m[0m : Sender account balance cannot afford txn (ignoring for now)[0m[0m
2025-09-22 02:09:46,179 - Analysis - ERROR - [91m[1mValidation error in [91m[1m-9022325190439209701[0m[0m : Sender account balance cannot afford txn (ignoring for now)[0m[0m
2025-09-22 02:09:46,328 - Analysis - INFO - [1mGeneration number 15 	 Code coverage: 97.90% (1215/1241) 	 Branch coverage: 91.11% (82/90) 	 Transactions: 1362 (285 unique)   	 Time: 12.071851253509521[0m
2025-09-22 02:09:47,515 - Analysis - INFO - [1mGeneration number 16 	 Code coverage: 97.90% (1215/1241) 	 Branch coverage: 91.11% (82/90) 	 Transactions: 1469 (306 unique)   	 Time: 13.259134531021118[0m
2025-09-22 02:09:48,719 - Analysis - INFO - [1mGeneration number 17 	 Code coverage: 97.90% (1215/1241) 	 Branch coverage: 91.11% (82/90) 	 Transactions: 1571 (328 unique)   	 Time: 14.462798833847046[0m
2025-09-22 02:09:49,795 - Analysis - INFO - [1mGeneration number 18 	 Code coverage: 97.90% (1215/1241) 	 Branch coverage: 91.11% (82/90) 	 Transactions: 1670 (349 unique)   	 Time: 15.538917064666748[0m
2025-09-22 02:09:50,914 - Analysis - INFO - [1mGeneration number 19 	 Code coverage: 97.90% (1215/1241) 	 Branch coverage: 91.11% (82/90) 	 Transactions: 1772 (369 unique)   	 Time: 16.65803098678589[0m
2025-09-22 02:09:51,564 - Analysis - ERROR - [91m[1mValidation error in [91m[1m6046409245161998464[0m[0m : Sender account balance cannot afford txn (ignoring for now)[0m[0m
2025-09-22 02:09:52,148 - Analysis - INFO - [1mGeneration number 20 	 Code coverage: 97.90% (1215/1241) 	 Branch coverage: 91.11% (82/90) 	 Transactions: 1881 (394 unique)   	 Time: 17.891913175582886[0m
2025-09-22 02:09:53,388 - Analysis - INFO - [1mGeneration number 21 	 Code coverage: 97.90% (1215/1241) 	 Branch coverage: 91.11% (82/90) 	 Transactions: 1989 (418 unique)   	 Time: 19.132065534591675[0m
2025-09-22 02:09:54,700 - Analysis - INFO - [1mGeneration number 22 	 Code coverage: 97.90% (1215/1241) 	 Branch coverage: 91.11% (82/90) 	 Transactions: 2102 (442 unique)   	 Time: 20.444336652755737[0m
2025-09-22 02:09:55,937 - Analysis - INFO - [1mGeneration number 23 	 Code coverage: 97.90% (1215/1241) 	 Branch coverage: 91.11% (82/90) 	 Transactions: 2214 (467 unique)   	 Time: 21.680968046188354[0m
2025-09-22 02:09:56,319 - Analysis - ERROR - [91m[1mValidation error in [91m[1m-4895498421589644831[0m[0m : Sender account balance cannot afford txn (ignoring for now)[0m[0m
2025-09-22 02:09:56,599 - Analysis - ERROR - [91m[1mValidation error in [91m[1m2691484819899636384[0m[0m : Sender account balance cannot afford txn (ignoring for now)[0m[0m
2025-09-22 02:09:56,640 - Analysis - ERROR - [91m[1mValidation error in [91m[1m-642752083350319405[0m[0m : Sender account balance cannot afford txn (ignoring for now)[0m[0m
2025-09-22 02:09:56,644 - Analysis - INFO - [1mGeneration number 24 	 Code coverage: 97.90% (1215/1241) 	 Branch coverage: 91.11% (82/90) 	 Transactions: 2269 (500 unique)   	 Time: 22.38830828666687[0m
2025-09-22 02:09:57,547 - Analysis - ERROR - [91m[1mValidation error in [91m[1m8566160831238705639[0m[0m : Sender account balance cannot afford txn (ignoring for now)[0m[0m
2025-09-22 02:09:57,879 - Analysis - INFO - [1mGeneration number 25 	 Code coverage: 98.47% (1222/1241) 	 Branch coverage: 92.22% (83/90) 	 Transactions: 2340 (524 unique)   	 Time: 23.623416900634766[0m
2025-09-22 02:09:58,044 - Analysis - ERROR - [91m[1mValidation error in [91m[1m6136463963551413061[0m[0m : Sender account balance cannot afford txn (ignoring for now)[0m[0m
2025-09-22 02:09:58,722 - Analysis - INFO - [1mGeneration number 26 	 Code coverage: 98.47% (1222/1241) 	 Branch coverage: 92.22% (83/90) 	 Transactions: 2421 (545 unique)   	 Time: 24.466311931610107[0m
2025-09-22 02:09:59,262 - Analysis - ERROR - [91m[1mValidation error in [91m[1m8926282827777840770[0m[0m : Sender account balance cannot afford txn (ignoring for now)[0m[0m
2025-09-22 02:09:59,515 - Analysis - ERROR - [91m[1mValidation error in [91m[1m-5416941327381884290[0m[0m : Sender account balance cannot afford txn (ignoring for now)[0m[0m
2025-09-22 02:09:59,526 - Analysis - ERROR - [91m[1mValidation error in [91m[1m-697945805347663736[0m[0m : Sender account balance cannot afford txn (ignoring for now)[0m[0m
2025-09-22 02:09:59,797 - Analysis - ERROR - [91m[1mValidation error in [91m[1m-6502449550833969004[0m[0m : Sender account balance cannot afford txn (ignoring for now)[0m[0m
2025-09-22 02:09:59,858 - Analysis - INFO - [1mGeneration number 27 	 Code coverage: 98.47% (1222/1241) 	 Branch coverage: 92.22% (83/90) 	 Transactions: 2502 (566 unique)   	 Time: 25.602057218551636[0m
2025-09-22 02:10:01,066 - Analysis - ERROR - [91m[1mValidation error in [91m[1m-3374229424479862681[0m[0m : Sender account balance cannot afford txn (ignoring for now)[0m[0m
2025-09-22 02:10:01,322 - Analysis - INFO - [1mGeneration number 28 	 Code coverage: 98.47% (1222/1241) 	 Branch coverage: 92.22% (83/90) 	 Transactions: 2588 (586 unique)   	 Time: 27.065569639205933[0m
2025-09-22 02:10:01,712 - Analysis - ERROR - [91m[1mValidation error in [91m[1m-6102242754679588746[0m[0m : Sender account balance cannot afford txn (ignoring for now)[0m[0m
2025-09-22 02:10:01,802 - Analysis - ERROR - [91m[1mValidation error in [91m[1m-2598849325104008134[0m[0m : Sender account balance cannot afford txn (ignoring for now)[0m[0m
2025-09-22 02:10:02,745 - Analysis - ERROR - [91m[1mValidation error in [91m[1m5173168903270453909[0m[0m : Sender account balance cannot afford txn (ignoring for now)[0m[0m
2025-09-22 02:10:03,114 - Analysis - INFO - [1mGeneration number 29 	 Code coverage: 98.47% (1222/1241) 	 Branch coverage: 92.22% (83/90) 	 Transactions: 2691 (610 unique)   	 Time: 28.85804533958435[0m
2025-09-22 02:10:04,730 - Analysis - ERROR - [91m[1mValidation error in [91m[1m5327815662837804370[0m[0m : Sender account balance cannot afford txn (ignoring for now)[0m[0m
2025-09-22 02:10:04,798 - Analysis - INFO - [1mGeneration number 30 	 Code coverage: 98.47% (1222/1241) 	 Branch coverage: 92.22% (83/90) 	 Transactions: 2791 (634 unique)   	 Time: 30.54175066947937[0m
2025-09-22 02:10:05,192 - Analysis - ERROR - [91m[1mValidation error in [91m[1m4588598920897490799[0m[0m : Sender account balance cannot afford txn (ignoring for now)[0m[0m
2025-09-22 02:10:05,225 - Analysis - ERROR - [91m[1mValidation error in [91m[1m3785249508943028398[0m[0m : Sender account balance cannot afford txn (ignoring for now)[0m[0m
2025-09-22 02:10:05,859 - Analysis - ERROR - [91m[1mValidation error in [91m[1m-6475790742260292206[0m[0m : Sender account balance cannot afford txn (ignoring for now)[0m[0m
2025-09-22 02:10:06,072 - Analysis - ERROR - [91m[1mValidation error in [91m[1m-6277216422646563441[0m[0m : Sender account balance cannot afford txn (ignoring for now)[0m[0m
2025-09-22 02:10:06,399 - Analysis - INFO - [1mGeneration number 31 	 Code coverage: 98.47% (1222/1241) 	 Branch coverage: 92.22% (83/90) 	 Transactions: 2898 (657 unique)   	 Time: 32.14328670501709[0m
2025-09-22 02:10:06,649 - Analysis - ERROR - [91m[1mValidation error in [91m[1m7242796351146614660[0m[0m : Sender account balance cannot afford txn (ignoring for now)[0m[0m
2025-09-22 02:10:07,557 - Analysis - ERROR - [91m[1mValidation error in [91m[1m-1369077537909765069[0m[0m : Sender account balance cannot afford txn (ignoring for now)[0m[0m
2025-09-22 02:10:08,006 - Analysis - INFO - [1mGeneration number 32 	 Code coverage: 98.71% (1225/1241) 	 Branch coverage: 93.33% (84/90) 	 Transactions: 3013 (681 unique)   	 Time: 33.74992060661316[0m
2025-09-22 02:10:08,082 - Analysis - ERROR - [91m[1mValidation error in [91m[1m-8039959190874179637[0m[0m : Sender account balance cannot afford txn (ignoring for now)[0m[0m
2025-09-22 02:10:08,709 - Analysis - ERROR - [91m[1mValidation error in [91m[1m-719629844555705919[0m[0m : Sender account balance cannot afford txn (ignoring for now)[0m[0m
2025-09-22 02:10:09,179 - Analysis - ERROR - [91m[1mValidation error in [91m[1m-3382061609547931897[0m[0m : Sender account balance cannot afford txn (ignoring for now)[0m[0m
2025-09-22 02:10:09,246 - Analysis - ERROR - [91m[1mValidation error in [91m[1m8574236679852437236[0m[0m : Sender account balance cannot afford txn (ignoring for now)[0m[0m
2025-09-22 02:10:09,385 - Analysis - INFO - [1mGeneration number 33 	 Code coverage: 98.71% (1225/1241) 	 Branch coverage: 93.33% (84/90) 	 Transactions: 3130 (706 unique)   	 Time: 35.1287956237793[0m
2025-09-22 02:10:09,454 - Analysis - ERROR - [91m[1mValidation error in [91m[1m7585221658248883845[0m[0m : Sender account balance cannot afford txn (ignoring for now)[0m[0m
2025-09-22 02:10:09,529 - Analysis - ERROR - [91m[1mValidation error in [91m[1m2694580078128551704[0m[0m : Sender account balance cannot afford txn (ignoring for now)[0m[0m
2025-09-22 02:10:09,612 - Analysis - ERROR - [91m[1mValidation error in [91m[1m4722628296120540368[0m[0m : Sender account balance cannot afford txn (ignoring for now)[0m[0m
2025-09-22 02:10:10,065 - Analysis - ERROR - [91m[1mValidation error in [91m[1m-285083370333035147[0m[0m : Sender account balance cannot afford txn (ignoring for now)[0m[0m
2025-09-22 02:10:10,180 - Analysis - ERROR - [91m[1mValidation error in [91m[1m-4592210049096872017[0m[0m : Sender account balance cannot afford txn (ignoring for now)[0m[0m
2025-09-22 02:10:10,310 - Analysis - ERROR - [91m[1mValidation error in [91m[1m7077382737486571233[0m[0m : Sender account balance cannot afford txn (ignoring for now)[0m[0m
2025-09-22 02:10:10,572 - Analysis - ERROR - [91m[1mValidation error in [91m[1m-3382061609547931897[0m[0m : Sender account balance cannot afford txn (ignoring for now)[0m[0m
2025-09-22 02:10:10,661 - Analysis - INFO - [1mGeneration number 34 	 Code coverage: 98.71% (1225/1241) 	 Branch coverage: 93.33% (84/90) 	 Transactions: 3246 (730 unique)   	 Time: 36.40497016906738[0m
2025-09-22 02:10:10,944 - Analysis - ERROR - [91m[1mValidation error in [91m[1m7605626164270590996[0m[0m : Sender account balance cannot afford txn (ignoring for now)[0m[0m
2025-09-22 02:10:11,079 - Analysis - ERROR - [91m[1mValidation error in [91m[1m4647762934747654851[0m[0m : Sender account balance cannot afford txn (ignoring for now)[0m[0m
2025-09-22 02:10:11,274 - Analysis - ERROR - [91m[1mValidation error in [91m[1m-259487644044004542[0m[0m : Sender account balance cannot afford txn (ignoring for now)[0m[0m
2025-09-22 02:10:11,446 - Analysis - ERROR - [91m[1mValidation error in [91m[1m-4251525491086551177[0m[0m : Sender account balance cannot afford txn (ignoring for now)[0m[0m
2025-09-22 02:10:11,600 - Analysis - ERROR - [91m[1mValidation error in [91m[1m-3518349729120294616[0m[0m : Sender account balance cannot afford txn (ignoring for now)[0m[0m
2025-09-22 02:10:11,799 - Analysis - ERROR - [91m[1mValidation error in [91m[1m4971815818524859407[0m[0m : Sender account balance cannot afford txn (ignoring for now)[0m[0m
2025-09-22 02:10:11,842 - Analysis - ERROR - [91m[1mValidation error in [91m[1m-3382061609547931897[0m[0m : Sender account balance cannot afford txn (ignoring for now)[0m[0m
2025-09-22 02:10:11,909 - Analysis - ERROR - [91m[1mValidation error in [91m[1m-86438663923570078[0m[0m : Sender account balance cannot afford txn (ignoring for now)[0m[0m
2025-09-22 02:10:12,390 - Analysis - ERROR - [91m[1mValidation error in [91m[1m6824795394790519622[0m[0m : Sender account balance cannot afford txn (ignoring for now)[0m[0m
2025-09-22 02:10:12,416 - Analysis - INFO - [1mGeneration number 35 	 Code coverage: 98.71% (1225/1241) 	 Branch coverage: 93.33% (84/90) 	 Transactions: 3360 (754 unique)   	 Time: 38.159873723983765[0m
2025-09-22 02:10:12,641 - Analysis - ERROR - [91m[1mValidation error in [91m[1m-5016513373768931680[0m[0m : Sender account balance cannot afford txn (ignoring for now)[0m[0m
2025-09-22 02:10:12,645 - Analysis - ERROR - [91m[1mValidation error in [91m[1m-5016513373768931680[0m[0m : Sender account balance cannot afford txn (ignoring for now)[0m[0m
2025-09-22 02:10:12,703 - Analysis - ERROR - [91m[1mValidation error in [91m[1m-3773022327047327797[0m[0m : Sender account balance cannot afford txn (ignoring for now)[0m[0m
2025-09-22 02:10:12,820 - Analysis - ERROR - [91m[1mValidation error in [91m[1m2625599146618672152[0m[0m : Sender account balance cannot afford txn (ignoring for now)[0m[0m
2025-09-22 02:10:12,887 - Analysis - ERROR - [91m[1mValidation error in [91m[1m5884334784473398896[0m[0m : Sender account balance cannot afford txn (ignoring for now)[0m[0m
2025-09-22 02:10:13,070 - Analysis - ERROR - [91m[1mValidation error in [91m[1m861893110558106601[0m[0m : Sender account balance cannot afford txn (ignoring for now)[0m[0m
2025-09-22 02:10:13,112 - Analysis - ERROR - [91m[1mValidation error in [91m[1m3754900662870235599[0m[0m : Sender account balance cannot afford txn (ignoring for now)[0m[0m
2025-09-22 02:10:13,220 - Analysis - ERROR - [91m[1mValidation error in [91m[1m749064702796287013[0m[0m : Sender account balance cannot afford txn (ignoring for now)[0m[0m
2025-09-22 02:10:13,476 - Analysis - ERROR - [91m[1mValidation error in [91m[1m488447011514987894[0m[0m : Sender account balance cannot afford txn (ignoring for now)[0m[0m
2025-09-22 02:10:13,624 - Analysis - ERROR - [91m[1mValidation error in [91m[1m4855867197324180286[0m[0m : Sender account balance cannot afford txn (ignoring for now)[0m[0m
2025-09-22 02:10:13,723 - Analysis - ERROR - [91m[1mValidation error in [91m[1m-7162116151701186879[0m[0m : Sender account balance cannot afford txn (ignoring for now)[0m[0m
2025-09-22 02:10:13,815 - Analysis - ERROR - [91m[1mValidation error in [91m[1m-1570098940699495798[0m[0m : Sender account balance cannot afford txn (ignoring for now)[0m[0m
2025-09-22 02:10:13,824 - Analysis - INFO - [1mGeneration number 36 	 Code coverage: 98.71% (1225/1241) 	 Branch coverage: 93.33% (84/90) 	 Transactions: 3471 (778 unique)   	 Time: 39.56830430030823[0m
2025-09-22 02:10:13,873 - Analysis - ERROR - [91m[1mValidation error in [91m[1m-3802656559463553857[0m[0m : Sender account balance cannot afford txn (ignoring for now)[0m[0m
2025-09-22 02:10:13,918 - Analysis - ERROR - [91m[1mValidation error in [91m[1m4751911794899489950[0m[0m : Sender account balance cannot afford txn (ignoring for now)[0m[0m
2025-09-22 02:10:13,959 - Analysis - ERROR - [91m[1mValidation error in [91m[1m4214205443362301705[0m[0m : Sender account balance cannot afford txn (ignoring for now)[0m[0m
2025-09-22 02:10:13,972 - Analysis - ERROR - [91m[1mValidation error in [91m[1m5666919052510420063[0m[0m : Sender account balance cannot afford txn (ignoring for now)[0m[0m
2025-09-22 02:10:14,059 - Analysis - ERROR - [91m[1mValidation error in [91m[1m2111021996741391731[0m[0m : Sender account balance cannot afford txn (ignoring for now)[0m[0m
2025-09-22 02:10:14,501 - Analysis - ERROR - [91m[1mValidation error in [91m[1m4045840383314402133[0m[0m : Sender account balance cannot afford txn (ignoring for now)[0m[0m
2025-09-22 02:10:14,565 - Analysis - ERROR - [91m[1mValidation error in [91m[1m8755161650303334533[0m[0m : Sender account balance cannot afford txn (ignoring for now)[0m[0m
2025-09-22 02:10:14,618 - Analysis - ERROR - [91m[1mValidation error in [91m[1m-7473196533598384114[0m[0m : Sender account balance cannot afford txn (ignoring for now)[0m[0m
2025-09-22 02:10:14,708 - Analysis - ERROR - [91m[1mValidation error in [91m[1m2445952695316223427[0m[0m : Sender account balance cannot afford txn (ignoring for now)[0m[0m
2025-09-22 02:10:14,918 - Analysis - ERROR - [91m[1mValidation error in [91m[1m8265241151265426768[0m[0m : Sender account balance cannot afford txn (ignoring for now)[0m[0m
2025-09-22 02:10:14,974 - Analysis - ERROR - [91m[1mValidation error in [91m[1m-7378131402824589888[0m[0m : Sender account balance cannot afford txn (ignoring for now)[0m[0m
2025-09-22 02:10:15,052 - Analysis - ERROR - [91m[1mValidation error in [91m[1m7835427422926298700[0m[0m : Sender account balance cannot afford txn (ignoring for now)[0m[0m
2025-09-22 02:10:15,094 - Analysis - INFO - [1mGeneration number 37 	 Code coverage: 98.71% (1225/1241) 	 Branch coverage: 93.33% (84/90) 	 Transactions: 3583 (802 unique)   	 Time: 40.83787751197815[0m
2025-09-22 02:10:15,115 - Analysis - INFO - [1m-----------------------------------------------------[0m
2025-09-22 02:10:15,115 - Analysis - INFO - Number of generations: 	 37
2025-09-22 02:10:15,115 - Analysis - INFO - Number of transactions: 	 3583 (802 unique)
2025-09-22 02:10:15,115 - Analysis - INFO - Transactions per second: 	 88
2025-09-22 02:10:15,115 - Analysis - INFO - Total code coverage: 	 98.71% (1225/1241)
2025-09-22 02:10:15,115 - Analysis - INFO - Total branch coverage: 	 93.33% (84/90)
2025-09-22 02:10:15,115 - Analysis - INFO - Total execution time: 	 40.86 seconds
2025-09-22 02:10:15,115 - Analysis - INFO - Total memory consumption: 	 83.15 MB

     ______            ______                _           
    / ____/___  ____  / ____/_  __________  (_)_  _______
   / /   / __ \/ __ \/ /_  / / / /_  /_  / / / / / / ___/
  / /___/ /_/ / / / / __/ / /_/ / / /_/ /_/ / /_/ (__  ) 
  \____/\____/_/ /_/_/    \__,_/ /___/___/_/\__,_/____/  

delteed file
