Exception in time_manipulation,unchecked_ll_calls module
Traceback (most recent call last):
  File "/conkas/vuln_finder/vulnerability_finder.py", line 51, in __analyse_modules
    vulns = vuln_finder.available_modules[vuln_module_key](self._traces, self._find_all)
KeyError: 'time_manipulation,unchecked_ll_calls'
Exception in time_manipulation,unchecked_ll_calls module
Traceback (most recent call last):
  File "/conkas/vuln_finder/vulnerability_finder.py", line 51, in __analyse_modules
    vulns = vuln_finder.available_modules[vuln_module_key](self._traces, self._find_all)
KeyError: 'time_manipulation,unchecked_ll_calls'
Exception in time_manipulation,unchecked_ll_calls module
Traceback (most recent call last):
  File "/conkas/vuln_finder/vulnerability_finder.py", line 51, in __analyse_modules
    vulns = vuln_finder.available_modules[vuln_module_key](self._traces, self._find_all)
KeyError: 'time_manipulation,unchecked_ll_calls'
Exception in time_manipulation,unchecked_ll_calls module
Traceback (most recent call last):
  File "/conkas/vuln_finder/vulnerability_finder.py", line 51, in __analyse_modules
    vulns = vuln_finder.available_modules[vuln_module_key](self._traces, self._find_all)
KeyError: 'time_manipulation,unchecked_ll_calls'
ANTLR runtime and generated code versions disagree: 4.9.2!=4.7.2
ANTLR runtime and generated code versions disagree: 4.9.2!=4.7.2
Analysing /sb/0x875cfea793ad6c27fd56fdb9033495e1042c72eb.sol:ContractReceiver...
Analysing /sb/0x875cfea793ad6c27fd56fdb9033495e1042c72eb.sol:ERC223...
Nothing to analyse
Analysing /sb/0x875cfea793ad6c27fd56fdb9033495e1042c72eb.sol:Ownable...
Analysing /sb/0x875cfea793ad6c27fd56fdb9033495e1042c72eb.sol:SafeMath...
Analysing /sb/0x875cfea793ad6c27fd56fdb9033495e1042c72eb.sol:YOKOCHOCOIN...
