'solc --version' running
'solc /sb/0x0c01d1a41f21863c194c8e948054f8e3a433c424.sol --combined-json abi,ast,bin,bin-runtime,srcmap,srcmap-runtime,userdoc,devdoc,hashes,compact-format --allow-paths .,/sb' running
Compilation warnings/errors on /sb/0x0c01d1a41f21863c194c8e948054f8e3a433c424.sol:
/sb/0x0c01d1a41f21863c194c8e948054f8e3a433c424.sol:202:5: Warning: Defining constructors as functions with the same name as the contract is deprecated. Use "constructor(...) { ... }" instead.
    function TombCore() public {
    ^ (Relevant source part starts here and spans across multiple lines).

Impossible to generate IR for TombBase._createTombWithData (../../sb/0x0c01d1a41f21863c194c8e948054f8e3a433c424.sol#102-110):
 'NoneType' object has no attribute 'parameters'
Impossible to generate IR for TombOwnership._createTombWithData (../../sb/0x0c01d1a41f21863c194c8e948054f8e3a433c424.sol#102-110):
 'NoneType' object has no attribute 'parameters'
Impossible to generate IR for TombAction._createTombWithData (../../sb/0x0c01d1a41f21863c194c8e948054f8e3a433c424.sol#102-110):
 'NoneType' object has no attribute 'parameters'
Impossible to generate IR for TombCore._createTombWithData (../../sb/0x0c01d1a41f21863c194c8e948054f8e3a433c424.sol#102-110):
 'NoneType' object has no attribute 'parameters'

TombBase.tombs (../../sb/0x0c01d1a41f21863c194c8e948054f8e3a433c424.sol#87) is never initialized. It is used in:
	- TombOwnership.totalSupply() (../../sb/0x0c01d1a41f21863c194c8e948054f8e3a433c424.sol#146-148)
	- TombBase.getTombByOwner(address) (../../sb/0x0c01d1a41f21863c194c8e948054f8e3a433c424.sol#112-122)
	- TombBase.getAllTombs() (../../sb/0x0c01d1a41f21863c194c8e948054f8e3a433c424.sol#124-130)
	- TombBase.getTombDetail(uint256) (../../sb/0x0c01d1a41f21863c194c8e948054f8e3a433c424.sol#132-134)
Reference: https://github.com/crytic/slither/wiki/Detector-Documentation#uninitialized-state-variables

Version constraint ^0.4.13 contains known severe issues (https://solidity.readthedocs.io/en/latest/bugs.html)
	- DirtyBytesArrayToStorage
	- KeccakCaching
	- EmptyByteArrayCopy
	- DynamicArrayCleanup
	- ImplicitConstructorCallvalueCheck
	- TupleAssignmentMultiStackSlotComponents
	- MemoryArrayCreationOverflow
	- privateCanBeOverridden
	- SignedArrayStorageCopy
	- UninitializedFunctionPointerInConstructor_0.4.x
	- IncorrectEventSignatureInLibraries_0.4.x
	- ExpExponentCleanup
	- NestedArrayFunctionCallDecoder
	- ZeroFunctionSelector
	- DelegateCallReturnValue
	- ECRecoverMalformedInput.
It is used by:
	- ^0.4.13 (../../sb/0x0c01d1a41f21863c194c8e948054f8e3a433c424.sol#1)
solc-0.4.26 is an outdated solc version. Use a more recent version (at least 0.8.0), if possible.
Reference: https://github.com/crytic/slither/wiki/Detector-Documentation#incorrect-versions-of-solidity

Parameter TombBase.getTombByOwner(address)._owner (../../sb/0x0c01d1a41f21863c194c8e948054f8e3a433c424.sol#112) is not in mixedCase
Parameter TombOwnership.balanceOf(address)._owner (../../sb/0x0c01d1a41f21863c194c8e948054f8e3a433c424.sol#150) is not in mixedCase
Parameter TombOwnership.ownerOf(uint256)._tokenId (../../sb/0x0c01d1a41f21863c194c8e948054f8e3a433c424.sol#154) is not in mixedCase
Parameter TombOwnership.transfer(address,uint256)._to (../../sb/0x0c01d1a41f21863c194c8e948054f8e3a433c424.sol#158) is not in mixedCase
Parameter TombOwnership.transfer(address,uint256)._tokenId (../../sb/0x0c01d1a41f21863c194c8e948054f8e3a433c424.sol#158) is not in mixedCase
Parameter TombOwnership.approve(address,uint256)._to (../../sb/0x0c01d1a41f21863c194c8e948054f8e3a433c424.sol#162) is not in mixedCase
Parameter TombOwnership.approve(address,uint256)._tokenId (../../sb/0x0c01d1a41f21863c194c8e948054f8e3a433c424.sol#162) is not in mixedCase
Parameter TombOwnership.transferFrom(address,address,uint256)._from (../../sb/0x0c01d1a41f21863c194c8e948054f8e3a433c424.sol#167) is not in mixedCase
Parameter TombOwnership.transferFrom(address,address,uint256)._to (../../sb/0x0c01d1a41f21863c194c8e948054f8e3a433c424.sol#167) is not in mixedCase
Parameter TombOwnership.transferFrom(address,address,uint256)._tokenId (../../sb/0x0c01d1a41f21863c194c8e948054f8e3a433c424.sol#167) is not in mixedCase
Reference: https://github.com/crytic/slither/wiki/Detector-Documentation#conformance-to-solidity-naming-conventions

TombAction.changePrice(uint256) (../../sb/0x0c01d1a41f21863c194c8e948054f8e3a433c424.sol#190-194) uses literals with too many digits:
	- gweiUnit = 1000000000 (../../sb/0x0c01d1a41f21863c194c8e948054f8e3a433c424.sol#192)
Reference: https://github.com/crytic/slither/wiki/Detector-Documentation#too-many-digits

Loop condition i < tombs.length (../../sb/0x0c01d1a41f21863c194c8e948054f8e3a433c424.sol#126) should use cached array length instead of referencing `length` member of the storage array.
 Loop condition i < tombs.length (../../sb/0x0c01d1a41f21863c194c8e948054f8e3a433c424.sol#115) should use cached array length instead of referencing `length` member of the storage array.
 Reference: https://github.com/crytic/slither/wiki/Detector-Documentation#cache-array-length

TombOwnership.name (../../sb/0x0c01d1a41f21863c194c8e948054f8e3a433c424.sol#139) should be constant 
TombOwnership.symbol (../../sb/0x0c01d1a41f21863c194c8e948054f8e3a433c424.sol#140) should be constant 
Reference: https://github.com/crytic/slither/wiki/Detector-Documentation#state-variables-that-could-be-declared-constant
/sb/0x0c01d1a41f21863c194c8e948054f8e3a433c424.sol analyzed (7 contracts with 93 detectors), 18 result(s) found
