'solc --version' running
'solc /sb/0x0cd161ef9eb19a95fefa69c36f9cf552c19e6b8f.sol --combined-json abi,ast,bin,bin-runtime,srcmap,srcmap-runtime,userdoc,devdoc,hashes,compact-format --allow-paths .,/sb' running
Compilation warnings/errors on /sb/0x0cd161ef9eb19a95fefa69c36f9cf552c19e6b8f.sol:
/sb/0x0cd161ef9eb19a95fefa69c36f9cf552c19e6b8f.sol:56:5: Warning: Defining constructors as functions with the same name as the contract is deprecated. Use "constructor(...) { ... }" instead.
    function AnimatixToken() public {
    ^ (Relevant source part starts here and spans across multiple lines).
/sb/0x0cd161ef9eb19a95fefa69c36f9cf552c19e6b8f.sol:75:10: Warning: Invoking events without "emit" prefix is deprecated.
         Transfer(owner, addresses[i], _value);
         ^-----------------------------------^
/sb/0x0cd161ef9eb19a95fefa69c36f9cf552c19e6b8f.sol:96:14: Warning: Invoking events without "emit" prefix is deprecated.
             Transfer(msg.sender, _to, _amount);
             ^--------------------------------^
/sb/0x0cd161ef9eb19a95fefa69c36f9cf552c19e6b8f.sol:112:14: Warning: Invoking events without "emit" prefix is deprecated.
             Transfer(_from, _to, _amount);
             ^---------------------------^
/sb/0x0cd161ef9eb19a95fefa69c36f9cf552c19e6b8f.sol:125:9: Warning: Invoking events without "emit" prefix is deprecated.
        Approval(msg.sender, _spender, _value);
        ^------------------------------------^
/sb/0x0cd161ef9eb19a95fefa69c36f9cf552c19e6b8f.sol:135:5: Warning: Invoking events without "emit" prefix is deprecated.
    DistrFinished();
    ^-------------^
/sb/0x0cd161ef9eb19a95fefa69c36f9cf552c19e6b8f.sol:71:5: Warning: No visibility specified. Defaulting to "public". 
    function distributeToken(address[] addresses, uint256 _value) onlyOwner {
    ^ (Relevant source part starts here and spans across multiple lines).
/sb/0x0cd161ef9eb19a95fefa69c36f9cf552c19e6b8f.sol:40:5: Warning: Function state mutability can be restricted to pure
    function name() public constant returns (string) { return "ANIMATIX"; }
    ^---------------------------------------------------------------------^
/sb/0x0cd161ef9eb19a95fefa69c36f9cf552c19e6b8f.sol:41:5: Warning: Function state mutability can be restricted to pure
    function symbol() public constant returns (string) { return "AMX"; }
    ^------------------------------------------------------------------^
/sb/0x0cd161ef9eb19a95fefa69c36f9cf552c19e6b8f.sol:42:5: Warning: Function state mutability can be restricted to pure
    function decimals() public constant returns (uint8) { return 18; }
    ^----------------------------------------------------------------^


AnimatixToken.totalSupply (../../sb/0x0cd161ef9eb19a95fefa69c36f9cf552c19e6b8f.sol#38) shadows:
	- ERC20Basic.totalSupply (../../sb/0x0cd161ef9eb19a95fefa69c36f9cf552c19e6b8f.sol#12)
Reference: https://github.com/crytic/slither/wiki/Detector-Documentation#state-variable-shadowing-from-abstract-contracts

AnimatixToken.transferOwnership(address) (../../sb/0x0cd161ef9eb19a95fefa69c36f9cf552c19e6b8f.sol#66-68) should emit an event for: 
	- owner = newOwner (../../sb/0x0cd161ef9eb19a95fefa69c36f9cf552c19e6b8f.sol#67) 
Reference: https://github.com/crytic/slither/wiki/Detector-Documentation#missing-events-access-control

AnimatixToken.transferOwnership(address).newOwner (../../sb/0x0cd161ef9eb19a95fefa69c36f9cf552c19e6b8f.sol#66) lacks a zero-check on :
		- owner = newOwner (../../sb/0x0cd161ef9eb19a95fefa69c36f9cf552c19e6b8f.sol#67)
Reference: https://github.com/crytic/slither/wiki/Detector-Documentation#missing-zero-address-validation

Version constraint ^0.4.20 contains known severe issues (https://solidity.readthedocs.io/en/latest/bugs.html)
	- DirtyBytesArrayToStorage
	- ABIDecodeTwoDimensionalArrayMemory
	- KeccakCaching
	- EmptyByteArrayCopy
	- DynamicArrayCleanup
	- ImplicitConstructorCallvalueCheck
	- TupleAssignmentMultiStackSlotComponents
	- MemoryArrayCreationOverflow
	- privateCanBeOverridden
	- SignedArrayStorageCopy
	- ABIEncoderV2StorageArrayWithMultiSlotElement
	- DynamicConstructorArgumentsClippedABIV2
	- UninitializedFunctionPointerInConstructor_0.4.x
	- IncorrectEventSignatureInLibraries_0.4.x
	- ABIEncoderV2PackedStorage_0.4.x
	- ExpExponentCleanup
	- EventStructWrongData
	- NestedArrayFunctionCallDecoder.
It is used by:
	- ^0.4.20 (../../sb/0x0cd161ef9eb19a95fefa69c36f9cf552c19e6b8f.sol#1)
solc-0.4.26 is an outdated solc version. Use a more recent version (at least 0.8.0), if possible.
Reference: https://github.com/crytic/slither/wiki/Detector-Documentation#incorrect-versions-of-solidity

Parameter AnimatixToken.distributeToken(address[],uint256)._value (../../sb/0x0cd161ef9eb19a95fefa69c36f9cf552c19e6b8f.sol#71) is not in mixedCase
Parameter AnimatixToken.balanceOf(address)._owner (../../sb/0x0cd161ef9eb19a95fefa69c36f9cf552c19e6b8f.sol#79) is not in mixedCase
Parameter AnimatixToken.transfer(address,uint256)._to (../../sb/0x0cd161ef9eb19a95fefa69c36f9cf552c19e6b8f.sol#89) is not in mixedCase
Parameter AnimatixToken.transfer(address,uint256)._amount (../../sb/0x0cd161ef9eb19a95fefa69c36f9cf552c19e6b8f.sol#89) is not in mixedCase
Parameter AnimatixToken.transferFrom(address,address,uint256)._from (../../sb/0x0cd161ef9eb19a95fefa69c36f9cf552c19e6b8f.sol#103) is not in mixedCase
Parameter AnimatixToken.transferFrom(address,address,uint256)._to (../../sb/0x0cd161ef9eb19a95fefa69c36f9cf552c19e6b8f.sol#103) is not in mixedCase
Parameter AnimatixToken.transferFrom(address,address,uint256)._amount (../../sb/0x0cd161ef9eb19a95fefa69c36f9cf552c19e6b8f.sol#103) is not in mixedCase
Parameter AnimatixToken.approve(address,uint256)._spender (../../sb/0x0cd161ef9eb19a95fefa69c36f9cf552c19e6b8f.sol#119) is not in mixedCase
Parameter AnimatixToken.approve(address,uint256)._value (../../sb/0x0cd161ef9eb19a95fefa69c36f9cf552c19e6b8f.sol#119) is not in mixedCase
Parameter AnimatixToken.allowance(address,address)._owner (../../sb/0x0cd161ef9eb19a95fefa69c36f9cf552c19e6b8f.sol#129) is not in mixedCase
Parameter AnimatixToken.allowance(address,address)._spender (../../sb/0x0cd161ef9eb19a95fefa69c36f9cf552c19e6b8f.sol#129) is not in mixedCase
Parameter AnimatixToken.withdrawGxTokens(address)._tokenContract (../../sb/0x0cd161ef9eb19a95fefa69c36f9cf552c19e6b8f.sol#139) is not in mixedCase
Reference: https://github.com/crytic/slither/wiki/Detector-Documentation#conformance-to-solidity-naming-conventions

AnimatixToken.totalSupply (../../sb/0x0cd161ef9eb19a95fefa69c36f9cf552c19e6b8f.sol#38) should be constant 
Reference: https://github.com/crytic/slither/wiki/Detector-Documentation#state-variables-that-could-be-declared-constant

distributeToken(address[],uint256) should be declared external:
	- AnimatixToken.distributeToken(address[],uint256) (../../sb/0x0cd161ef9eb19a95fefa69c36f9cf552c19e6b8f.sol#71-77)
Reference: https://github.com/crytic/slither/wiki/Detector-Documentation#public-function-that-could-be-declared-external
/sb/0x0cd161ef9eb19a95fefa69c36f9cf552c19e6b8f.sol analyzed (4 contracts with 93 detectors), 19 result(s) found
