2025-09-22 02:19:30,310 - Main     - INFO - [1mInitializing seed to 1427655.0[0m
2025-09-22 02:19:30,399 - Fuzzer   - INFO - [1mFuzzing contract [1mBasicToken[0m[0m
2025-09-22 02:19:30,436 - Analysis - INFO - [1mGeneration number 0 	 Code coverage: 49.68% (154/310) 	 Branch coverage: 68.18% (15/22) 	 Transactions: 9 (8 unique)   	 Time: 0.03022599220275879[0m
2025-09-22 02:19:30,477 - Analysis - INFO - [1mGeneration number 1 	 Code coverage: 98.06% (304/310) 	 Branch coverage: 81.82% (18/22) 	 Transactions: 16 (11 unique)   	 Time: 0.07072687149047852[0m
2025-09-22 02:19:30,515 - Analysis - INFO - [1mGeneration number 2 	 Code coverage: 98.06% (304/310) 	 Branch coverage: 81.82% (18/22) 	 Transactions: 25 (17 unique)   	 Time: 0.10898542404174805[0m
2025-09-22 02:19:30,595 - Analysis - INFO - [1mGeneration number 3 	 Code coverage: 98.06% (304/310) 	 Branch coverage: 81.82% (18/22) 	 Transactions: 39 (23 unique)   	 Time: 0.18850970268249512[0m
2025-09-22 02:19:30,778 - Analysis - INFO - [1mGeneration number 4 	 Code coverage: 99.03% (307/310) 	 Branch coverage: 86.36% (19/22) 	 Transactions: 63 (30 unique)   	 Time: 0.3719208240509033[0m
2025-09-22 02:19:30,946 - Analysis - INFO - [1mGeneration number 5 	 Code coverage: 99.03% (307/310) 	 Branch coverage: 86.36% (19/22) 	 Transactions: 94 (37 unique)   	 Time: 0.5399425029754639[0m
2025-09-22 02:19:31,140 - Analysis - INFO - [1mGeneration number 6 	 Code coverage: 99.03% (307/310) 	 Branch coverage: 86.36% (19/22) 	 Transactions: 128 (45 unique)   	 Time: 0.733762264251709[0m
2025-09-22 02:19:31,307 - Analysis - INFO - [1mGeneration number 7 	 Code coverage: 99.03% (307/310) 	 Branch coverage: 86.36% (19/22) 	 Transactions: 164 (53 unique)   	 Time: 0.9006755352020264[0m
2025-09-22 02:19:31,490 - Analysis - INFO - [1mGeneration number 8 	 Code coverage: 99.03% (307/310) 	 Branch coverage: 86.36% (19/22) 	 Transactions: 200 (61 unique)   	 Time: 1.0835728645324707[0m
2025-09-22 02:19:31,662 - Analysis - INFO - [1mGeneration number 9 	 Code coverage: 99.03% (307/310) 	 Branch coverage: 86.36% (19/22) 	 Transactions: 236 (68 unique)   	 Time: 1.2558741569519043[0m
2025-09-22 02:19:31,832 - Analysis - INFO - [1mGeneration number 10 	 Code coverage: 99.03% (307/310) 	 Branch coverage: 86.36% (19/22) 	 Transactions: 272 (76 unique)   	 Time: 1.4256939888000488[0m
2025-09-22 02:19:31,842 - Analysis - INFO - [1m-----------------------------------------------------[0m
2025-09-22 02:19:31,842 - Analysis - INFO - Number of generations: 	 10
2025-09-22 02:19:31,842 - Analysis - INFO - Number of transactions: 	 272 (76 unique)
2025-09-22 02:19:31,842 - Analysis - INFO - Transactions per second: 	 189
2025-09-22 02:19:31,842 - Analysis - INFO - Total code coverage: 	 99.03% (307/310)
2025-09-22 02:19:31,842 - Analysis - INFO - Total branch coverage: 	 86.36% (19/22)
2025-09-22 02:19:31,842 - Analysis - INFO - Total execution time: 	 1.44 seconds
2025-09-22 02:19:31,842 - Analysis - INFO - Total memory consumption: 	 66.09 MB
2025-09-22 02:19:31,844 - Fuzzer   - INFO - [1mFuzzing contract [1mStandardToken[0m[0m
2025-09-22 02:19:31,950 - Analysis - INFO - [1mGeneration number 0 	 Code coverage: 85.39% (953/1116) 	 Branch coverage: 82.00% (41/50) 	 Transactions: 19 (18 unique)   	 Time: 0.1002345085144043[0m
2025-09-22 02:19:32,137 - Analysis - INFO - [1mGeneration number 1 	 Code coverage: 85.66% (956/1116) 	 Branch coverage: 84.00% (42/50) 	 Transactions: 46 (32 unique)   	 Time: 0.28800129890441895[0m
2025-09-22 02:19:32,451 - Analysis - INFO - [1mGeneration number 2 	 Code coverage: 89.07% (994/1116) 	 Branch coverage: 86.00% (43/50) 	 Transactions: 96 (48 unique)   	 Time: 0.6017415523529053[0m
2025-09-22 02:19:32,892 - Analysis - INFO - [1mGeneration number 3 	 Code coverage: 89.07% (994/1116) 	 Branch coverage: 86.00% (43/50) 	 Transactions: 167 (66 unique)   	 Time: 1.0429186820983887[0m
2025-09-22 02:19:33,388 - Analysis - INFO - [1mGeneration number 4 	 Code coverage: 89.34% (997/1116) 	 Branch coverage: 88.00% (44/50) 	 Transactions: 244 (84 unique)   	 Time: 1.5388212203979492[0m
2025-09-22 02:19:33,877 - Analysis - INFO - [1mGeneration number 5 	 Code coverage: 89.34% (997/1116) 	 Branch coverage: 88.00% (44/50) 	 Transactions: 324 (102 unique)   	 Time: 2.0274057388305664[0m
2025-09-22 02:19:34,433 - Analysis - INFO - [1mGeneration number 6 	 Code coverage: 89.34% (997/1116) 	 Branch coverage: 88.00% (44/50) 	 Transactions: 398 (119 unique)   	 Time: 2.5840134620666504[0m
2025-09-22 02:19:35,049 - Analysis - INFO - [1mGeneration number 7 	 Code coverage: 89.34% (997/1116) 	 Branch coverage: 88.00% (44/50) 	 Transactions: 473 (137 unique)   	 Time: 3.1994359493255615[0m
2025-09-22 02:19:35,658 - Analysis - INFO - [1mGeneration number 8 	 Code coverage: 89.34% (997/1116) 	 Branch coverage: 88.00% (44/50) 	 Transactions: 548 (155 unique)   	 Time: 3.8082847595214844[0m
2025-09-22 02:19:36,296 - Analysis - INFO - [1mGeneration number 9 	 Code coverage: 89.34% (997/1116) 	 Branch coverage: 88.00% (44/50) 	 Transactions: 624 (173 unique)   	 Time: 4.4462926387786865[0m
2025-09-22 02:19:36,908 - Analysis - INFO - [1mGeneration number 10 	 Code coverage: 89.34% (997/1116) 	 Branch coverage: 88.00% (44/50) 	 Transactions: 700 (191 unique)   	 Time: 5.058298110961914[0m
2025-09-22 02:19:36,955 - Analysis - INFO - [1m-----------------------------------------------------[0m
2025-09-22 02:19:36,955 - Analysis - INFO - Number of generations: 	 10
2025-09-22 02:19:36,955 - Analysis - INFO - Number of transactions: 	 700 (191 unique)
2025-09-22 02:19:36,955 - Analysis - INFO - Transactions per second: 	 137
2025-09-22 02:19:36,956 - Analysis - INFO - Total code coverage: 	 89.34% (997/1116)
2025-09-22 02:19:36,956 - Analysis - INFO - Total branch coverage: 	 88.00% (44/50)
2025-09-22 02:19:36,956 - Analysis - INFO - Total execution time: 	 5.11 seconds
2025-09-22 02:19:36,956 - Analysis - INFO - Total memory consumption: 	 68.25 MB
2025-09-22 02:19:36,958 - Fuzzer   - INFO - [1mFuzzing contract [1mTocosToken[0m[0m
2025-09-22 02:19:37,083 - Analysis - INFO - [1mGeneration number 0 	 Code coverage: 70.78% (1037/1465) 	 Branch coverage: 77.63% (59/76) 	 Transactions: 25 (24 unique)   	 Time: 0.11710882186889648[0m
2025-09-22 02:19:37,231 - Analysis - INFO - [1mGeneration number 1 	 Code coverage: 70.78% (1037/1465) 	 Branch coverage: 77.63% (59/76) 	 Transactions: 51 (41 unique)   	 Time: 0.2650716304779053[0m
2025-09-22 02:19:37,589 - Analysis - INFO - [1mGeneration number 2 	 Code coverage: 74.33% (1089/1465) 	 Branch coverage: 80.26% (61/76) 	 Transactions: 99 (59 unique)   	 Time: 0.6225986480712891[0m
2025-09-22 02:19:37,826 - Detector - INFO - [1m[31m-----------------------------------------------------[0m
2025-09-22 02:19:37,826 - Detector - INFO - [1m[31m          !!! Integer overflow detected !!!          [0m
2025-09-22 02:19:37,826 - Detector - INFO - [1m[31m-----------------------------------------------------[0m
2025-09-22 02:19:37,826 - Detector - INFO - [1m[31mSWC-ID:   101[0m
2025-09-22 02:19:37,826 - Detector - INFO - [1m[31mSeverity: High[0m
2025-09-22 02:19:37,826 - Detector - INFO - [1m[31m-----------------------------------------------------[0m
2025-09-22 02:19:37,826 - Detector - INFO - [1m[31mSource code line:[0m
2025-09-22 02:19:37,826 - Detector - INFO - [1m[31m-----------------------------------------------------[0m
2025-09-22 02:19:37,826 - Detector - INFO - [1m[31m/sb/0x0a8c3b7e149891ff594e3ad580f8e1769151a07b.sol:58:1[0m
2025-09-22 02:19:37,826 - Detector - INFO - [1m[31ma + b[0m
2025-09-22 02:19:37,826 - Detector - INFO - [1m[31m-----------------------------------------------------[0m
2025-09-22 02:19:37,826 - Detector - INFO - [1m[31mTransaction sequence:[0m
2025-09-22 02:19:37,826 - Detector - INFO - [1m[31m-----------------------------------------------------[0m
2025-09-22 02:19:37,826 - Detector - INFO - [1m[31mTransaction 1 - decreaseApproval(address,uint256):[0m
2025-09-22 02:19:37,826 - Detector - INFO - [1m[31m-----------------------------------------------------[0m
2025-09-22 02:19:37,826 - Detector - INFO - [1m[31mFrom:      0xffffffffffffffffffffffffffffffffffffffff[0m
2025-09-22 02:19:37,827 - Detector - INFO - [1m[31mTo:        0x2c5e8a3b3aad9df32339409534e64dfcabcd3a65[0m
2025-09-22 02:19:37,827 - Detector - INFO - [1m[31mValue:     1 Wei[0m
2025-09-22 02:19:37,827 - Detector - INFO - [1m[31mGas Limit: 4500000[0m
2025-09-22 02:19:37,827 - Detector - INFO - [1m[31mInput:     0x66188463000000000000000000000000cafebabe[0m
2025-09-22 02:19:37,827 - Detector - INFO - [1m[31m           cafebabecafebabecafebabecafebabe0000000000[0m
2025-09-22 02:19:37,827 - Detector - INFO - [1m[31m           000000000000000000000000000000000000000000[0m
2025-09-22 02:19:37,827 - Detector - INFO - [1m[31m           000000000000[0m
2025-09-22 02:19:37,827 - Detector - INFO - [1m[31m-----------------------------------------------------[0m
2025-09-22 02:19:37,827 - Detector - INFO - [1m[31mTransaction 2 - increaseApproval(address,uint256):[0m
2025-09-22 02:19:37,827 - Detector - INFO - [1m[31m-----------------------------------------------------[0m
2025-09-22 02:19:37,827 - Detector - INFO - [1m[31mFrom:      0xdeadbeefdeadbeefdeadbeefdeadbeefdeadbeef[0m
2025-09-22 02:19:37,827 - Detector - INFO - [1m[31mTo:        0x2c5e8a3b3aad9df32339409534e64dfcabcd3a65[0m
2025-09-22 02:19:37,827 - Detector - INFO - [1m[31mValue:     0 Wei[0m
2025-09-22 02:19:37,827 - Detector - INFO - [1m[31mGas Limit: 4500000[0m
2025-09-22 02:19:37,827 - Detector - INFO - [1m[31mInput:     0xd73dd623000000000000000000000000cafebabe[0m
2025-09-22 02:19:37,827 - Detector - INFO - [1m[31m           cafebabecafebabecafebabecafebabeffffffffff[0m
2025-09-22 02:19:37,827 - Detector - INFO - [1m[31m           ffffffffffffffffffffffffffffffffffffffffff[0m
2025-09-22 02:19:37,827 - Detector - INFO - [1m[31m           fffffffffffe[0m
2025-09-22 02:19:37,827 - Detector - INFO - [1m[31m-----------------------------------------------------[0m
2025-09-22 02:19:37,827 - Detector - INFO - [1m[31mTransaction 3 - increaseApproval(address,uint256):[0m
2025-09-22 02:19:37,827 - Detector - INFO - [1m[31m-----------------------------------------------------[0m
2025-09-22 02:19:37,827 - Detector - INFO - [1m[31mFrom:      0xdeadbeefdeadbeefdeadbeefdeadbeefdeadbeef[0m
2025-09-22 02:19:37,827 - Detector - INFO - [1m[31mTo:        0x2c5e8a3b3aad9df32339409534e64dfcabcd3a65[0m
2025-09-22 02:19:37,827 - Detector - INFO - [1m[31mValue:     0 Wei[0m
2025-09-22 02:19:37,827 - Detector - INFO - [1m[31mGas Limit: 4500000[0m
2025-09-22 02:19:37,827 - Detector - INFO - [1m[31mInput:     0xd73dd623000000000000000000000000cafebabe[0m
2025-09-22 02:19:37,827 - Detector - INFO - [1m[31m           cafebabecafebabecafebabecafebabe3841d3c81e[0m
2025-09-22 02:19:37,827 - Detector - INFO - [1m[31m           053113a9758fa82ce7d9ae15852722fd50bf588082[0m
2025-09-22 02:19:37,827 - Detector - INFO - [1m[31m           261c9e4e693d[0m
2025-09-22 02:19:37,827 - Detector - INFO - [1m[31m-----------------------------------------------------[0m
2025-09-22 02:19:37,827 - Detector - INFO - [1m[31mTransaction 4 - decreaseApproval(address,uint256):[0m
2025-09-22 02:19:37,827 - Detector - INFO - [1m[31m-----------------------------------------------------[0m
2025-09-22 02:19:37,827 - Detector - INFO - [1m[31mFrom:      0xffffffffffffffffffffffffffffffffffffffff[0m
2025-09-22 02:19:37,827 - Detector - INFO - [1m[31mTo:        0x2c5e8a3b3aad9df32339409534e64dfcabcd3a65[0m
2025-09-22 02:19:37,827 - Detector - INFO - [1m[31mValue:     0 Wei[0m
2025-09-22 02:19:37,827 - Detector - INFO - [1m[31mGas Limit: 4500000[0m
2025-09-22 02:19:37,827 - Detector - INFO - [1m[31mInput:     0x66188463000000000000000000000000deadbeef[0m
2025-09-22 02:19:37,827 - Detector - INFO - [1m[31m           deadbeefdeadbeefdeadbeefdeadbeef0000000000[0m
2025-09-22 02:19:37,827 - Detector - INFO - [1m[31m           000000000000000000000000000000000000000000[0m
2025-09-22 02:19:37,827 - Detector - INFO - [1m[31m           000000000000[0m
2025-09-22 02:19:37,827 - Detector - INFO - [1m[31m-----------------------------------------------------[0m
2025-09-22 02:19:37,827 - Detector - INFO - [1m[31mTransaction 5 - allowance(address,address):[0m
2025-09-22 02:19:37,827 - Detector - INFO - [1m[31m-----------------------------------------------------[0m
2025-09-22 02:19:37,828 - Detector - INFO - [1m[31mFrom:      0xcafebabecafebabecafebabecafebabecafebabe[0m
2025-09-22 02:19:37,828 - Detector - INFO - [1m[31mTo:        0x2c5e8a3b3aad9df32339409534e64dfcabcd3a65[0m
2025-09-22 02:19:37,828 - Detector - INFO - [1m[31mValue:     0 Wei[0m
2025-09-22 02:19:37,828 - Detector - INFO - [1m[31mGas Limit: 4500000[0m
2025-09-22 02:19:37,828 - Detector - INFO - [1m[31mInput:     0xdd62ed3e000000000000000000000000deadbeef[0m
2025-09-22 02:19:37,828 - Detector - INFO - [1m[31m           deadbeefdeadbeefdeadbeefdeadbeef0000000000[0m
2025-09-22 02:19:37,828 - Detector - INFO - [1m[31m           00000000000000cafebabecafebabecafebabecafe[0m
2025-09-22 02:19:37,828 - Detector - INFO - [1m[31m           babecafebabe[0m
2025-09-22 02:19:37,828 - Detector - INFO - [1m[31m-----------------------------------------------------[0m
2025-09-22 02:19:37,831 - Detector - INFO - [1m[33m-----------------------------------------------------[0m
2025-09-22 02:19:37,831 - Detector - INFO - [1m[33m          !!! Assertion failure detected !!!         [0m
2025-09-22 02:19:37,831 - Detector - INFO - [1m[33m-----------------------------------------------------[0m
2025-09-22 02:19:37,831 - Detector - INFO - [1m[33mSWC-ID:   110[0m
2025-09-22 02:19:37,831 - Detector - INFO - [1m[33mSeverity: Medium[0m
2025-09-22 02:19:37,831 - Detector - INFO - [1m[33m-----------------------------------------------------[0m
2025-09-22 02:19:37,831 - Detector - INFO - [1m[33mSource code line:[0m
2025-09-22 02:19:37,831 - Detector - INFO - [1m[33m-----------------------------------------------------[0m
2025-09-22 02:19:37,831 - Detector - INFO - [1m[33m/sb/0x0a8c3b7e149891ff594e3ad580f8e1769151a07b.sol:59:1[0m
2025-09-22 02:19:37,831 - Detector - INFO - [1m[33massert(c >= a)[0m
2025-09-22 02:19:37,831 - Detector - INFO - [1m[33m-----------------------------------------------------[0m
2025-09-22 02:19:37,831 - Detector - INFO - [1m[33mTransaction sequence:[0m
2025-09-22 02:19:37,831 - Detector - INFO - [1m[33m-----------------------------------------------------[0m
2025-09-22 02:19:37,831 - Detector - INFO - [1m[33mTransaction 1 - decreaseApproval(address,uint256):[0m
2025-09-22 02:19:37,831 - Detector - INFO - [1m[33m-----------------------------------------------------[0m
2025-09-22 02:19:37,831 - Detector - INFO - [1m[33mFrom:      0xffffffffffffffffffffffffffffffffffffffff[0m
2025-09-22 02:19:37,831 - Detector - INFO - [1m[33mTo:        0x2c5e8a3b3aad9df32339409534e64dfcabcd3a65[0m
2025-09-22 02:19:37,831 - Detector - INFO - [1m[33mValue:     1 Wei[0m
2025-09-22 02:19:37,831 - Detector - INFO - [1m[33mGas Limit: 4500000[0m
2025-09-22 02:19:37,831 - Detector - INFO - [1m[33mInput:     0x66188463000000000000000000000000cafebabe[0m
2025-09-22 02:19:37,831 - Detector - INFO - [1m[33m           cafebabecafebabecafebabecafebabe0000000000[0m
2025-09-22 02:19:37,831 - Detector - INFO - [1m[33m           000000000000000000000000000000000000000000[0m
2025-09-22 02:19:37,831 - Detector - INFO - [1m[33m           000000000000[0m
2025-09-22 02:19:37,831 - Detector - INFO - [1m[33m-----------------------------------------------------[0m
2025-09-22 02:19:37,831 - Detector - INFO - [1m[33mTransaction 2 - increaseApproval(address,uint256):[0m
2025-09-22 02:19:37,831 - Detector - INFO - [1m[33m-----------------------------------------------------[0m
2025-09-22 02:19:37,831 - Detector - INFO - [1m[33mFrom:      0xdeadbeefdeadbeefdeadbeefdeadbeefdeadbeef[0m
2025-09-22 02:19:37,831 - Detector - INFO - [1m[33mTo:        0x2c5e8a3b3aad9df32339409534e64dfcabcd3a65[0m
2025-09-22 02:19:37,831 - Detector - INFO - [1m[33mValue:     0 Wei[0m
2025-09-22 02:19:37,831 - Detector - INFO - [1m[33mGas Limit: 4500000[0m
2025-09-22 02:19:37,831 - Detector - INFO - [1m[33mInput:     0xd73dd623000000000000000000000000cafebabe[0m
2025-09-22 02:19:37,831 - Detector - INFO - [1m[33m           cafebabecafebabecafebabecafebabeffffffffff[0m
2025-09-22 02:19:37,831 - Detector - INFO - [1m[33m           ffffffffffffffffffffffffffffffffffffffffff[0m
2025-09-22 02:19:37,831 - Detector - INFO - [1m[33m           fffffffffffe[0m
2025-09-22 02:19:37,831 - Detector - INFO - [1m[33m-----------------------------------------------------[0m
2025-09-22 02:19:37,832 - Detector - INFO - [1m[33mTransaction 3 - increaseApproval(address,uint256):[0m
2025-09-22 02:19:37,832 - Detector - INFO - [1m[33m-----------------------------------------------------[0m
2025-09-22 02:19:37,832 - Detector - INFO - [1m[33mFrom:      0xdeadbeefdeadbeefdeadbeefdeadbeefdeadbeef[0m
2025-09-22 02:19:37,832 - Detector - INFO - [1m[33mTo:        0x2c5e8a3b3aad9df32339409534e64dfcabcd3a65[0m
2025-09-22 02:19:37,832 - Detector - INFO - [1m[33mValue:     0 Wei[0m
2025-09-22 02:19:37,832 - Detector - INFO - [1m[33mGas Limit: 4500000[0m
2025-09-22 02:19:37,832 - Detector - INFO - [1m[33mInput:     0xd73dd623000000000000000000000000cafebabe[0m
2025-09-22 02:19:37,832 - Detector - INFO - [1m[33m           cafebabecafebabecafebabecafebabe3841d3c81e[0m
2025-09-22 02:19:37,832 - Detector - INFO - [1m[33m           053113a9758fa82ce7d9ae15852722fd50bf588082[0m
2025-09-22 02:19:37,832 - Detector - INFO - [1m[33m           261c9e4e693d[0m
2025-09-22 02:19:37,832 - Detector - INFO - [1m[33m-----------------------------------------------------[0m
2025-09-22 02:19:37,832 - Detector - INFO - [1m[33mTransaction 4 - decreaseApproval(address,uint256):[0m
2025-09-22 02:19:37,832 - Detector - INFO - [1m[33m-----------------------------------------------------[0m
2025-09-22 02:19:37,832 - Detector - INFO - [1m[33mFrom:      0xffffffffffffffffffffffffffffffffffffffff[0m
2025-09-22 02:19:37,832 - Detector - INFO - [1m[33mTo:        0x2c5e8a3b3aad9df32339409534e64dfcabcd3a65[0m
2025-09-22 02:19:37,832 - Detector - INFO - [1m[33mValue:     0 Wei[0m
2025-09-22 02:19:37,832 - Detector - INFO - [1m[33mGas Limit: 4500000[0m
2025-09-22 02:19:37,832 - Detector - INFO - [1m[33mInput:     0x66188463000000000000000000000000deadbeef[0m
2025-09-22 02:19:37,832 - Detector - INFO - [1m[33m           deadbeefdeadbeefdeadbeefdeadbeef0000000000[0m
2025-09-22 02:19:37,832 - Detector - INFO - [1m[33m           000000000000000000000000000000000000000000[0m
2025-09-22 02:19:37,832 - Detector - INFO - [1m[33m           000000000000[0m
2025-09-22 02:19:37,832 - Detector - INFO - [1m[33m-----------------------------------------------------[0m
2025-09-22 02:19:37,832 - Detector - INFO - [1m[33mTransaction 5 - allowance(address,address):[0m
2025-09-22 02:19:37,832 - Detector - INFO - [1m[33m-----------------------------------------------------[0m
2025-09-22 02:19:37,832 - Detector - INFO - [1m[33mFrom:      0xcafebabecafebabecafebabecafebabecafebabe[0m
2025-09-22 02:19:37,832 - Detector - INFO - [1m[33mTo:        0x2c5e8a3b3aad9df32339409534e64dfcabcd3a65[0m
2025-09-22 02:19:37,832 - Detector - INFO - [1m[33mValue:     0 Wei[0m
2025-09-22 02:19:37,832 - Detector - INFO - [1m[33mGas Limit: 4500000[0m
2025-09-22 02:19:37,832 - Detector - INFO - [1m[33mInput:     0xdd62ed3e000000000000000000000000deadbeef[0m
2025-09-22 02:19:37,832 - Detector - INFO - [1m[33m           deadbeefdeadbeefdeadbeefdeadbeef0000000000[0m
2025-09-22 02:19:37,832 - Detector - INFO - [1m[33m           00000000000000cafebabecafebabecafebabecafe[0m
2025-09-22 02:19:37,832 - Detector - INFO - [1m[33m           babecafebabe[0m
2025-09-22 02:19:37,832 - Detector - INFO - [1m[33m-----------------------------------------------------[0m
2025-09-22 02:19:38,161 - Analysis - INFO - [1mGeneration number 3 	 Code coverage: 74.40% (1090/1465) 	 Branch coverage: 81.58% (62/76) 	 Transactions: 182 (81 unique)   	 Time: 1.1951146125793457[0m
2025-09-22 02:19:38,840 - Analysis - INFO - [1mGeneration number 4 	 Code coverage: 74.40% (1090/1465) 	 Branch coverage: 81.58% (62/76) 	 Transactions: 280 (105 unique)   	 Time: 1.8734736442565918[0m
2025-09-22 02:19:39,572 - Analysis - INFO - [1mGeneration number 5 	 Code coverage: 74.40% (1090/1465) 	 Branch coverage: 81.58% (62/76) 	 Transactions: 376 (129 unique)   	 Time: 2.6053388118743896[0m
2025-09-22 02:19:40,337 - Analysis - INFO - [1mGeneration number 6 	 Code coverage: 74.40% (1090/1465) 	 Branch coverage: 81.58% (62/76) 	 Transactions: 471 (153 unique)   	 Time: 3.3704335689544678[0m
2025-09-22 02:19:41,191 - Analysis - INFO - [1mGeneration number 7 	 Code coverage: 74.40% (1090/1465) 	 Branch coverage: 81.58% (62/76) 	 Transactions: 572 (177 unique)   	 Time: 4.224744081497192[0m
2025-09-22 02:19:42,166 - Analysis - INFO - [1mGeneration number 8 	 Code coverage: 74.40% (1090/1465) 	 Branch coverage: 81.58% (62/76) 	 Transactions: 681 (201 unique)   	 Time: 5.199392795562744[0m
2025-09-22 02:19:43,110 - Analysis - INFO - [1mGeneration number 9 	 Code coverage: 74.40% (1090/1465) 	 Branch coverage: 81.58% (62/76) 	 Transactions: 786 (225 unique)   	 Time: 6.143503665924072[0m
2025-09-22 02:19:44,077 - Analysis - INFO - [1mGeneration number 10 	 Code coverage: 74.40% (1090/1465) 	 Branch coverage: 81.58% (62/76) 	 Transactions: 892 (249 unique)   	 Time: 7.11073112487793[0m
2025-09-22 02:19:44,128 - Analysis - INFO - [1m-----------------------------------------------------[0m
2025-09-22 02:19:44,128 - Analysis - INFO - Number of generations: 	 10
2025-09-22 02:19:44,128 - Analysis - INFO - Number of transactions: 	 892 (249 unique)
2025-09-22 02:19:44,128 - Analysis - INFO - Transactions per second: 	 125
2025-09-22 02:19:44,128 - Analysis - INFO - Total code coverage: 	 74.40% (1090/1465)
2025-09-22 02:19:44,128 - Analysis - INFO - Total branch coverage: 	 81.58% (62/76)
2025-09-22 02:19:44,128 - Analysis - INFO - Total execution time: 	 7.16 seconds
2025-09-22 02:19:44,129 - Analysis - INFO - Total memory consumption: 	 68.75 MB

     ______            ______                _           
    / ____/___  ____  / ____/_  __________  (_)_  _______
   / /   / __ \/ __ \/ /_  / / / /_  /_  / / / / / / ___/
  / /___/ /_/ / / / / __/ / /_/ / / /_/ /_/ / /_/ (__  ) 
  \____/\____/_/ /_/_/    \__,_/ /___/___/_/\__,_/____/  

delteed file
