Extract contract Reentrance from /sb/reentrance.sol
Extracted 1 contract(s) from /sb/reentrance.sol
[0;32m> Created "fuzzMe"[0m
[0;32m> To fuzz contracts:[0m
  chmod +x fuzzMe
  ./fuzzMe
assets/NormalAttacker.sol:5:3: Warning: No visibility specified. Defaulting to "public". 
  function() payable {
  ^ (Relevant source part starts here and spans across multiple lines).
assets/ReentrancyAttacker.sol:8:7: Warning: Return value of low-level calls not used.
      msg.sender.call(bytes4(255));
      ^--------------------------^
assets/ReentrancyAttacker.sol:5:3: Warning: No visibility specified. Defaulting to "public". 
  function() payable {
  ^ (Relevant source part starts here and spans across multiple lines).
>> Fuzz Reentrance
** Write stats: 0.004474
** Write stats: 5.00182
** Write stats: 10.0033
** Write stats: 15.0005
** Write stats: 20.0052
** Write stats: 25.0057
** Write stats: 30.0055
** Write stats: 35.0012
** Write stats: 40.0083
** Write stats: 45.0063
** Write stats: 50.0045
** Write stats: 55.0101
** Write stats: 60.002
** Write stats: 65.0051
** Write stats: 70.0073
** Write stats: 75.0111
** Write stats: 80.0025
** Write stats: 85.0074
** Write stats: 90.0133
** Write stats: 95.0026
** Write stats: 100.013
** Write stats: 105.014
** Write stats: 110.001
** Write stats: 115.017
** Write stats: 120.002
** Write stats: 120.004
