2025-09-22 01:53:08,542 - Main     - INFO - [1mInitializing seed to 1427655.0[0m
2025-09-22 01:53:08,604 - Fuzzer   - INFO - [1mFuzzing contract [1mEthConnect[0m[0m
2025-09-22 01:53:08,762 - Analysis - INFO - [1mGeneration number 0 	 Code coverage: 66.98% (992/1481) 	 Branch coverage: 72.73% (64/88) 	 Transactions: 27 (26 unique)   	 Time: 0.14497971534729004[0m
2025-09-22 01:53:08,932 - Analysis - INFO - [1mGeneration number 1 	 Code coverage: 68.33% (1012/1481) 	 Branch coverage: 73.86% (65/88) 	 Transactions: 51 (40 unique)   	 Time: 0.31464552879333496[0m
2025-09-22 01:53:09,133 - Analysis - INFO - [1mGeneration number 2 	 Code coverage: 68.33% (1012/1481) 	 Branch coverage: 73.86% (65/88) 	 Transactions: 71 (52 unique)   	 Time: 0.515510082244873[0m
2025-09-22 01:53:09,488 - Analysis - INFO - [1mGeneration number 3 	 Code coverage: 73.06% (1082/1481) 	 Branch coverage: 77.27% (68/88) 	 Transactions: 102 (65 unique)   	 Time: 0.8706490993499756[0m
2025-09-22 01:53:09,830 - Analysis - INFO - [1mGeneration number 4 	 Code coverage: 73.06% (1082/1481) 	 Branch coverage: 77.27% (68/88) 	 Transactions: 142 (76 unique)   	 Time: 1.2125098705291748[0m
2025-09-22 01:53:10,337 - Analysis - INFO - [1mGeneration number 5 	 Code coverage: 73.26% (1085/1481) 	 Branch coverage: 78.41% (69/88) 	 Transactions: 183 (88 unique)   	 Time: 1.7196166515350342[0m
2025-09-22 01:53:11,039 - Analysis - INFO - [1mGeneration number 6 	 Code coverage: 73.26% (1085/1481) 	 Branch coverage: 78.41% (69/88) 	 Transactions: 244 (106 unique)   	 Time: 2.421440839767456[0m
2025-09-22 01:53:11,724 - Analysis - INFO - [1mGeneration number 7 	 Code coverage: 73.26% (1085/1481) 	 Branch coverage: 78.41% (69/88) 	 Transactions: 312 (126 unique)   	 Time: 3.1071481704711914[0m
2025-09-22 01:53:12,620 - Analysis - INFO - [1mGeneration number 8 	 Code coverage: 73.26% (1085/1481) 	 Branch coverage: 78.41% (69/88) 	 Transactions: 400 (152 unique)   	 Time: 4.002931594848633[0m
2025-09-22 01:53:13,472 - Analysis - INFO - [1mGeneration number 9 	 Code coverage: 73.26% (1085/1481) 	 Branch coverage: 78.41% (69/88) 	 Transactions: 492 (178 unique)   	 Time: 4.8548359870910645[0m
2025-09-22 01:53:14,387 - Analysis - INFO - [1mGeneration number 10 	 Code coverage: 73.26% (1085/1481) 	 Branch coverage: 78.41% (69/88) 	 Transactions: 587 (204 unique)   	 Time: 5.76966118812561[0m
2025-09-22 01:53:15,321 - Analysis - INFO - [1mGeneration number 11 	 Code coverage: 73.26% (1085/1481) 	 Branch coverage: 78.41% (69/88) 	 Transactions: 685 (230 unique)   	 Time: 6.703597068786621[0m
2025-09-22 01:53:16,256 - Analysis - INFO - [1mGeneration number 12 	 Code coverage: 73.26% (1085/1481) 	 Branch coverage: 78.41% (69/88) 	 Transactions: 781 (256 unique)   	 Time: 7.638756990432739[0m
2025-09-22 01:53:17,225 - Analysis - INFO - [1mGeneration number 13 	 Code coverage: 73.26% (1085/1481) 	 Branch coverage: 78.41% (69/88) 	 Transactions: 879 (282 unique)   	 Time: 8.607924938201904[0m
2025-09-22 01:53:18,183 - Analysis - INFO - [1mGeneration number 14 	 Code coverage: 73.26% (1085/1481) 	 Branch coverage: 78.41% (69/88) 	 Transactions: 977 (307 unique)   	 Time: 9.566163778305054[0m
2025-09-22 01:53:19,097 - Analysis - INFO - [1mGeneration number 15 	 Code coverage: 73.26% (1085/1481) 	 Branch coverage: 78.41% (69/88) 	 Transactions: 1073 (333 unique)   	 Time: 10.479670286178589[0m
2025-09-22 01:53:20,063 - Analysis - INFO - [1mGeneration number 16 	 Code coverage: 73.26% (1085/1481) 	 Branch coverage: 78.41% (69/88) 	 Transactions: 1169 (359 unique)   	 Time: 11.4457688331604[0m
2025-09-22 01:53:20,526 - Analysis - INFO - [1mGeneration number 17 	 Code coverage: 84.81% (1256/1481) 	 Branch coverage: 81.82% (72/88) 	 Transactions: 1225 (394 unique)   	 Time: 11.908637523651123[0m
2025-09-22 01:53:21,027 - Analysis - INFO - [1mGeneration number 18 	 Code coverage: 86.50% (1281/1481) 	 Branch coverage: 84.09% (74/88) 	 Transactions: 1273 (411 unique)   	 Time: 12.410099983215332[0m
2025-09-22 01:53:21,710 - Analysis - INFO - [1mGeneration number 19 	 Code coverage: 86.50% (1281/1481) 	 Branch coverage: 84.09% (74/88) 	 Transactions: 1342 (434 unique)   	 Time: 13.092833757400513[0m
2025-09-22 01:53:22,469 - Analysis - INFO - [1mGeneration number 20 	 Code coverage: 86.50% (1281/1481) 	 Branch coverage: 84.09% (74/88) 	 Transactions: 1433 (458 unique)   	 Time: 13.851294040679932[0m
2025-09-22 01:53:23,282 - Analysis - INFO - [1mGeneration number 21 	 Code coverage: 86.50% (1281/1481) 	 Branch coverage: 84.09% (74/88) 	 Transactions: 1540 (484 unique)   	 Time: 14.66497254371643[0m
2025-09-22 01:53:24,140 - Analysis - INFO - [1mGeneration number 22 	 Code coverage: 86.50% (1281/1481) 	 Branch coverage: 84.09% (74/88) 	 Transactions: 1655 (508 unique)   	 Time: 15.523244619369507[0m
2025-09-22 01:53:25,024 - Analysis - INFO - [1mGeneration number 23 	 Code coverage: 86.50% (1281/1481) 	 Branch coverage: 84.09% (74/88) 	 Transactions: 1771 (534 unique)   	 Time: 16.406956672668457[0m
2025-09-22 01:53:25,956 - Analysis - INFO - [1mGeneration number 24 	 Code coverage: 86.50% (1281/1481) 	 Branch coverage: 84.09% (74/88) 	 Transactions: 1888 (558 unique)   	 Time: 17.338332414627075[0m
2025-09-22 01:53:26,876 - Analysis - INFO - [1mGeneration number 25 	 Code coverage: 86.50% (1281/1481) 	 Branch coverage: 84.09% (74/88) 	 Transactions: 2008 (584 unique)   	 Time: 18.259002208709717[0m
2025-09-22 01:53:27,769 - Analysis - INFO - [1mGeneration number 26 	 Code coverage: 86.50% (1281/1481) 	 Branch coverage: 84.09% (74/88) 	 Transactions: 2127 (610 unique)   	 Time: 19.15182876586914[0m
2025-09-22 01:53:28,660 - Analysis - INFO - [1mGeneration number 27 	 Code coverage: 86.50% (1281/1481) 	 Branch coverage: 84.09% (74/88) 	 Transactions: 2245 (636 unique)   	 Time: 20.042869806289673[0m
2025-09-22 01:53:29,637 - Analysis - INFO - [1mGeneration number 28 	 Code coverage: 86.50% (1281/1481) 	 Branch coverage: 84.09% (74/88) 	 Transactions: 2371 (662 unique)   	 Time: 21.019681453704834[0m
2025-09-22 01:53:30,581 - Analysis - INFO - [1mGeneration number 29 	 Code coverage: 86.50% (1281/1481) 	 Branch coverage: 84.09% (74/88) 	 Transactions: 2497 (688 unique)   	 Time: 21.963782787322998[0m
2025-09-22 01:53:31,015 - Analysis - INFO - [1mGeneration number 30 	 Code coverage: 86.50% (1281/1481) 	 Branch coverage: 84.09% (74/88) 	 Transactions: 2554 (719 unique)   	 Time: 22.398017168045044[0m
2025-09-22 01:53:31,502 - Analysis - INFO - [1mGeneration number 31 	 Code coverage: 86.50% (1281/1481) 	 Branch coverage: 84.09% (74/88) 	 Transactions: 2614 (739 unique)   	 Time: 22.884782075881958[0m
2025-09-22 01:53:32,091 - Analysis - INFO - [1mGeneration number 32 	 Code coverage: 86.50% (1281/1481) 	 Branch coverage: 84.09% (74/88) 	 Transactions: 2694 (759 unique)   	 Time: 23.47422504425049[0m
2025-09-22 01:53:32,785 - Analysis - INFO - [1mGeneration number 33 	 Code coverage: 86.50% (1281/1481) 	 Branch coverage: 84.09% (74/88) 	 Transactions: 2783 (780 unique)   	 Time: 24.167536735534668[0m
2025-09-22 01:53:33,539 - Analysis - INFO - [1mGeneration number 34 	 Code coverage: 86.50% (1281/1481) 	 Branch coverage: 84.09% (74/88) 	 Transactions: 2887 (804 unique)   	 Time: 24.921746253967285[0m
2025-09-22 01:53:34,245 - Analysis - INFO - [1mGeneration number 35 	 Code coverage: 86.50% (1281/1481) 	 Branch coverage: 84.09% (74/88) 	 Transactions: 2985 (826 unique)   	 Time: 25.627830743789673[0m
2025-09-22 01:53:35,031 - Analysis - INFO - [1mGeneration number 36 	 Code coverage: 86.50% (1281/1481) 	 Branch coverage: 84.09% (74/88) 	 Transactions: 3097 (852 unique)   	 Time: 26.413269996643066[0m
2025-09-22 01:53:35,808 - Analysis - INFO - [1mGeneration number 37 	 Code coverage: 86.50% (1281/1481) 	 Branch coverage: 84.09% (74/88) 	 Transactions: 3211 (878 unique)   	 Time: 27.19098925590515[0m
2025-09-22 01:53:36,663 - Analysis - INFO - [1mGeneration number 38 	 Code coverage: 86.50% (1281/1481) 	 Branch coverage: 84.09% (74/88) 	 Transactions: 3325 (904 unique)   	 Time: 28.045289278030396[0m
2025-09-22 01:53:37,488 - Analysis - INFO - [1mGeneration number 39 	 Code coverage: 86.50% (1281/1481) 	 Branch coverage: 84.09% (74/88) 	 Transactions: 3441 (930 unique)   	 Time: 28.870553731918335[0m
2025-09-22 01:53:37,920 - Analysis - INFO - [1mGeneration number 40 	 Code coverage: 86.50% (1281/1481) 	 Branch coverage: 84.09% (74/88) 	 Transactions: 3500 (960 unique)   	 Time: 29.303192377090454[0m
2025-09-22 01:53:38,390 - Analysis - INFO - [1mGeneration number 41 	 Code coverage: 86.50% (1281/1481) 	 Branch coverage: 84.09% (74/88) 	 Transactions: 3563 (979 unique)   	 Time: 29.773096084594727[0m
2025-09-22 01:53:39,082 - Analysis - INFO - [1mGeneration number 42 	 Code coverage: 86.50% (1281/1481) 	 Branch coverage: 84.09% (74/88) 	 Transactions: 3660 (1004 unique)   	 Time: 30.464548349380493[0m
2025-09-22 01:53:39,855 - Analysis - INFO - [1mGeneration number 43 	 Code coverage: 86.50% (1281/1481) 	 Branch coverage: 84.09% (74/88) 	 Transactions: 3767 (1027 unique)   	 Time: 31.237635374069214[0m
2025-09-22 01:53:40,715 - Analysis - INFO - [1mGeneration number 44 	 Code coverage: 86.50% (1281/1481) 	 Branch coverage: 84.09% (74/88) 	 Transactions: 3879 (1052 unique)   	 Time: 32.097867250442505[0m
2025-09-22 01:53:41,613 - Analysis - INFO - [1mGeneration number 45 	 Code coverage: 86.50% (1281/1481) 	 Branch coverage: 84.09% (74/88) 	 Transactions: 3998 (1078 unique)   	 Time: 32.996177673339844[0m
2025-09-22 01:53:42,537 - Analysis - INFO - [1mGeneration number 46 	 Code coverage: 86.50% (1281/1481) 	 Branch coverage: 84.09% (74/88) 	 Transactions: 4124 (1104 unique)   	 Time: 33.91958498954773[0m
2025-09-22 01:53:43,493 - Analysis - INFO - [1mGeneration number 47 	 Code coverage: 86.50% (1281/1481) 	 Branch coverage: 84.09% (74/88) 	 Transactions: 4249 (1130 unique)   	 Time: 34.87555813789368[0m
2025-09-22 01:53:44,434 - Analysis - INFO - [1mGeneration number 48 	 Code coverage: 86.50% (1281/1481) 	 Branch coverage: 84.09% (74/88) 	 Transactions: 4374 (1156 unique)   	 Time: 35.81664419174194[0m
2025-09-22 01:53:45,365 - Analysis - INFO - [1mGeneration number 49 	 Code coverage: 86.50% (1281/1481) 	 Branch coverage: 84.09% (74/88) 	 Transactions: 4500 (1182 unique)   	 Time: 36.74796485900879[0m
2025-09-22 01:53:45,764 - Analysis - INFO - [1mGeneration number 50 	 Code coverage: 86.97% (1288/1481) 	 Branch coverage: 85.23% (75/88) 	 Transactions: 4552 (1211 unique)   	 Time: 37.14645266532898[0m
2025-09-22 01:53:46,104 - Analysis - INFO - [1mGeneration number 51 	 Code coverage: 86.97% (1288/1481) 	 Branch coverage: 85.23% (75/88) 	 Transactions: 4590 (1224 unique)   	 Time: 37.48630166053772[0m
2025-09-22 01:53:46,572 - Analysis - INFO - [1mGeneration number 52 	 Code coverage: 86.97% (1288/1481) 	 Branch coverage: 85.23% (75/88) 	 Transactions: 4640 (1239 unique)   	 Time: 37.954267740249634[0m
2025-09-22 01:53:47,309 - Analysis - INFO - [1mGeneration number 53 	 Code coverage: 86.97% (1288/1481) 	 Branch coverage: 85.23% (75/88) 	 Transactions: 4715 (1259 unique)   	 Time: 38.69223666191101[0m
2025-09-22 01:53:48,216 - Analysis - INFO - [1mGeneration number 54 	 Code coverage: 86.97% (1288/1481) 	 Branch coverage: 85.23% (75/88) 	 Transactions: 4808 (1283 unique)   	 Time: 39.59855604171753[0m
2025-09-22 01:53:49,046 - Analysis - INFO - [1mGeneration number 55 	 Code coverage: 86.97% (1288/1481) 	 Branch coverage: 85.23% (75/88) 	 Transactions: 4895 (1307 unique)   	 Time: 40.42860221862793[0m
2025-09-22 01:53:49,065 - Analysis - INFO - [1m-----------------------------------------------------[0m
2025-09-22 01:53:49,065 - Analysis - INFO - Number of generations: 	 55
2025-09-22 01:53:49,065 - Analysis - INFO - Number of transactions: 	 4895 (1307 unique)
2025-09-22 01:53:49,065 - Analysis - INFO - Transactions per second: 	 121
2025-09-22 01:53:49,065 - Analysis - INFO - Total code coverage: 	 86.97% (1288/1481)
2025-09-22 01:53:49,065 - Analysis - INFO - Total branch coverage: 	 85.23% (75/88)
2025-09-22 01:53:49,065 - Analysis - INFO - Total execution time: 	 40.45 seconds
2025-09-22 01:53:49,066 - Analysis - INFO - Total memory consumption: 	 72.45 MB

     ______            ______                _           
    / ____/___  ____  / ____/_  __________  (_)_  _______
   / /   / __ \/ __ \/ /_  / / / /_  /_  / / / / / / ___/
  / /___/ /_/ / / / / __/ / /_/ / / /_/ /_/ / /_/ (__  ) 
  \____/\____/_/ /_/_/    \__,_/ /___/___/_/\__,_/____/  

delteed file
