2025-09-21 15:55:45,163 - Main     - INFO - [1mInitializing seed to 1427655.0[0m
2025-09-21 15:55:45,223 - Fuzzer   - INFO - [1mFuzzing contract [1mCOINEIUM[0m[0m
2025-09-21 15:55:45,382 - Analysis - INFO - [1mGeneration number 0 	 Code coverage: 78.97% (1213/1536) 	 Branch coverage: 75.56% (68/90) 	 Transactions: 27 (26 unique)   	 Time: 0.14296483993530273[0m
2025-09-21 15:55:45,599 - Analysis - INFO - [1mGeneration number 1 	 Code coverage: 90.30% (1387/1536) 	 Branch coverage: 81.11% (73/90) 	 Transactions: 63 (47 unique)   	 Time: 0.3595139980316162[0m
2025-09-21 15:55:46,073 - Analysis - INFO - [1mGeneration number 2 	 Code coverage: 93.42% (1435/1536) 	 Branch coverage: 84.44% (76/90) 	 Transactions: 131 (71 unique)   	 Time: 0.8339869976043701[0m
2025-09-21 15:55:46,637 - Analysis - INFO - [1mGeneration number 3 	 Code coverage: 93.42% (1435/1536) 	 Branch coverage: 84.44% (76/90) 	 Transactions: 214 (95 unique)   	 Time: 1.3973629474639893[0m
2025-09-21 15:55:47,335 - Analysis - INFO - [1mGeneration number 4 	 Code coverage: 94.92% (1458/1536) 	 Branch coverage: 86.67% (78/90) 	 Transactions: 311 (120 unique)   	 Time: 2.0958940982818604[0m
2025-09-21 15:55:48,066 - Analysis - INFO - [1mGeneration number 5 	 Code coverage: 94.92% (1458/1536) 	 Branch coverage: 86.67% (78/90) 	 Transactions: 410 (146 unique)   	 Time: 2.826725721359253[0m
2025-09-21 15:55:48,864 - Analysis - INFO - [1mGeneration number 6 	 Code coverage: 94.92% (1458/1536) 	 Branch coverage: 86.67% (78/90) 	 Transactions: 506 (172 unique)   	 Time: 3.6249608993530273[0m
2025-09-21 15:55:49,646 - Analysis - INFO - [1mGeneration number 7 	 Code coverage: 94.92% (1458/1536) 	 Branch coverage: 86.67% (78/90) 	 Transactions: 604 (198 unique)   	 Time: 4.406403303146362[0m
2025-09-21 15:55:50,490 - Analysis - INFO - [1mGeneration number 8 	 Code coverage: 94.92% (1458/1536) 	 Branch coverage: 86.67% (78/90) 	 Transactions: 708 (224 unique)   	 Time: 5.251081705093384[0m
2025-09-21 15:55:51,290 - Analysis - INFO - [1mGeneration number 9 	 Code coverage: 94.92% (1458/1536) 	 Branch coverage: 86.67% (78/90) 	 Transactions: 813 (250 unique)   	 Time: 6.050068378448486[0m
2025-09-21 15:55:52,122 - Analysis - INFO - [1mGeneration number 10 	 Code coverage: 94.92% (1458/1536) 	 Branch coverage: 86.67% (78/90) 	 Transactions: 925 (276 unique)   	 Time: 6.882746696472168[0m
2025-09-21 15:55:53,083 - Analysis - INFO - [1mGeneration number 11 	 Code coverage: 94.92% (1458/1536) 	 Branch coverage: 86.67% (78/90) 	 Transactions: 1038 (302 unique)   	 Time: 7.843747138977051[0m
2025-09-21 15:55:53,961 - Analysis - INFO - [1mGeneration number 12 	 Code coverage: 94.92% (1458/1536) 	 Branch coverage: 86.67% (78/90) 	 Transactions: 1155 (328 unique)   	 Time: 8.721699714660645[0m
2025-09-21 15:55:54,882 - Analysis - INFO - [1mGeneration number 13 	 Code coverage: 94.92% (1458/1536) 	 Branch coverage: 86.67% (78/90) 	 Transactions: 1275 (354 unique)   	 Time: 9.642186403274536[0m
2025-09-21 15:55:55,807 - Analysis - INFO - [1mGeneration number 14 	 Code coverage: 94.92% (1458/1536) 	 Branch coverage: 86.67% (78/90) 	 Transactions: 1396 (380 unique)   	 Time: 10.567487001419067[0m
2025-09-21 15:55:56,774 - Analysis - INFO - [1mGeneration number 15 	 Code coverage: 94.92% (1458/1536) 	 Branch coverage: 86.67% (78/90) 	 Transactions: 1521 (406 unique)   	 Time: 11.534161567687988[0m
2025-09-21 15:55:57,112 - Analysis - INFO - [1mGeneration number 16 	 Code coverage: 96.55% (1483/1536) 	 Branch coverage: 88.89% (80/90) 	 Transactions: 1569 (434 unique)   	 Time: 11.872412919998169[0m
2025-09-21 15:55:57,365 - Analysis - INFO - [1mGeneration number 17 	 Code coverage: 96.55% (1483/1536) 	 Branch coverage: 88.89% (80/90) 	 Transactions: 1609 (447 unique)   	 Time: 12.125566482543945[0m
2025-09-21 15:55:57,710 - Analysis - INFO - [1mGeneration number 18 	 Code coverage: 96.55% (1483/1536) 	 Branch coverage: 88.89% (80/90) 	 Transactions: 1663 (461 unique)   	 Time: 12.470737218856812[0m
2025-09-21 15:55:58,206 - Analysis - INFO - [1mGeneration number 19 	 Code coverage: 96.55% (1483/1536) 	 Branch coverage: 88.89% (80/90) 	 Transactions: 1735 (481 unique)   	 Time: 12.966788053512573[0m
2025-09-21 15:55:58,770 - Analysis - INFO - [1mGeneration number 20 	 Code coverage: 96.55% (1483/1536) 	 Branch coverage: 88.89% (80/90) 	 Transactions: 1823 (505 unique)   	 Time: 13.530512571334839[0m
2025-09-21 15:55:59,391 - Analysis - INFO - [1mGeneration number 21 	 Code coverage: 96.55% (1483/1536) 	 Branch coverage: 88.89% (80/90) 	 Transactions: 1915 (529 unique)   	 Time: 14.151777744293213[0m
2025-09-21 15:56:00,078 - Analysis - INFO - [1mGeneration number 22 	 Code coverage: 96.55% (1483/1536) 	 Branch coverage: 88.89% (80/90) 	 Transactions: 2017 (554 unique)   	 Time: 14.839079856872559[0m
2025-09-21 15:56:00,756 - Analysis - INFO - [1mGeneration number 23 	 Code coverage: 96.55% (1483/1536) 	 Branch coverage: 88.89% (80/90) 	 Transactions: 2121 (578 unique)   	 Time: 15.51695466041565[0m
2025-09-21 15:56:01,462 - Analysis - INFO - [1mGeneration number 24 	 Code coverage: 96.55% (1483/1536) 	 Branch coverage: 88.89% (80/90) 	 Transactions: 2225 (603 unique)   	 Time: 16.222944498062134[0m
2025-09-21 15:56:02,160 - Analysis - INFO - [1mGeneration number 25 	 Code coverage: 96.55% (1483/1536) 	 Branch coverage: 88.89% (80/90) 	 Transactions: 2333 (629 unique)   	 Time: 16.920790910720825[0m
2025-09-21 15:56:02,574 - Analysis - INFO - [1mGeneration number 26 	 Code coverage: 96.55% (1483/1536) 	 Branch coverage: 88.89% (80/90) 	 Transactions: 2388 (655 unique)   	 Time: 17.334449529647827[0m
2025-09-21 15:56:03,054 - Analysis - INFO - [1mGeneration number 27 	 Code coverage: 97.01% (1490/1536) 	 Branch coverage: 90.00% (81/90) 	 Transactions: 2450 (675 unique)   	 Time: 17.814500093460083[0m
2025-09-21 15:56:03,678 - Analysis - INFO - [1mGeneration number 28 	 Code coverage: 97.01% (1490/1536) 	 Branch coverage: 90.00% (81/90) 	 Transactions: 2533 (695 unique)   	 Time: 18.438910961151123[0m
2025-09-21 15:56:04,367 - Analysis - INFO - [1mGeneration number 29 	 Code coverage: 97.01% (1490/1536) 	 Branch coverage: 90.00% (81/90) 	 Transactions: 2630 (717 unique)   	 Time: 19.12719225883484[0m
2025-09-21 15:56:05,073 - Analysis - INFO - [1mGeneration number 30 	 Code coverage: 97.01% (1490/1536) 	 Branch coverage: 90.00% (81/90) 	 Transactions: 2727 (741 unique)   	 Time: 19.8333957195282[0m
2025-09-21 15:56:05,675 - Analysis - INFO - [1mGeneration number 31 	 Code coverage: 97.01% (1490/1536) 	 Branch coverage: 90.00% (81/90) 	 Transactions: 2817 (762 unique)   	 Time: 20.43524146080017[0m
2025-09-21 15:56:06,308 - Analysis - INFO - [1mGeneration number 32 	 Code coverage: 97.01% (1490/1536) 	 Branch coverage: 90.00% (81/90) 	 Transactions: 2914 (784 unique)   	 Time: 21.06873869895935[0m
2025-09-21 15:56:06,948 - Analysis - INFO - [1mGeneration number 33 	 Code coverage: 97.01% (1490/1536) 	 Branch coverage: 90.00% (81/90) 	 Transactions: 3011 (804 unique)   	 Time: 21.708266019821167[0m
2025-09-21 15:56:07,634 - Analysis - INFO - [1mGeneration number 34 	 Code coverage: 97.01% (1490/1536) 	 Branch coverage: 90.00% (81/90) 	 Transactions: 3111 (824 unique)   	 Time: 22.39431929588318[0m
2025-09-21 15:56:08,409 - Analysis - INFO - [1mGeneration number 35 	 Code coverage: 97.01% (1490/1536) 	 Branch coverage: 90.00% (81/90) 	 Transactions: 3216 (845 unique)   	 Time: 23.170043230056763[0m
2025-09-21 15:56:09,272 - Analysis - INFO - [1mGeneration number 36 	 Code coverage: 97.01% (1490/1536) 	 Branch coverage: 90.00% (81/90) 	 Transactions: 3335 (869 unique)   	 Time: 24.032925605773926[0m
2025-09-21 15:56:10,127 - Analysis - INFO - [1mGeneration number 37 	 Code coverage: 97.01% (1490/1536) 	 Branch coverage: 90.00% (81/90) 	 Transactions: 3458 (895 unique)   	 Time: 24.887538194656372[0m
2025-09-21 15:56:11,028 - Analysis - INFO - [1mGeneration number 38 	 Code coverage: 97.01% (1490/1536) 	 Branch coverage: 90.00% (81/90) 	 Transactions: 3581 (921 unique)   	 Time: 25.788431406021118[0m
2025-09-21 15:56:11,492 - Analysis - INFO - [1mGeneration number 39 	 Code coverage: 97.01% (1490/1536) 	 Branch coverage: 90.00% (81/90) 	 Transactions: 3641 (952 unique)   	 Time: 26.2525577545166[0m
2025-09-21 15:56:12,074 - Analysis - INFO - [1mGeneration number 40 	 Code coverage: 97.01% (1490/1536) 	 Branch coverage: 90.00% (81/90) 	 Transactions: 3713 (975 unique)   	 Time: 26.83472752571106[0m
2025-09-21 15:56:12,887 - Analysis - INFO - [1mGeneration number 41 	 Code coverage: 97.01% (1490/1536) 	 Branch coverage: 90.00% (81/90) 	 Transactions: 3821 (1001 unique)   	 Time: 27.647257566452026[0m
2025-09-21 15:56:13,724 - Analysis - INFO - [1mGeneration number 42 	 Code coverage: 97.01% (1490/1536) 	 Branch coverage: 90.00% (81/90) 	 Transactions: 3932 (1026 unique)   	 Time: 28.484351873397827[0m
2025-09-21 15:56:14,608 - Analysis - INFO - [1mGeneration number 43 	 Code coverage: 97.01% (1490/1536) 	 Branch coverage: 90.00% (81/90) 	 Transactions: 4048 (1052 unique)   	 Time: 29.368704795837402[0m
2025-09-21 15:56:15,545 - Analysis - INFO - [1mGeneration number 44 	 Code coverage: 97.01% (1490/1536) 	 Branch coverage: 90.00% (81/90) 	 Transactions: 4166 (1077 unique)   	 Time: 30.305357694625854[0m
2025-09-21 15:56:16,493 - Analysis - INFO - [1mGeneration number 45 	 Code coverage: 97.01% (1490/1536) 	 Branch coverage: 90.00% (81/90) 	 Transactions: 4288 (1103 unique)   	 Time: 31.25393509864807[0m
2025-09-21 15:56:17,480 - Analysis - INFO - [1mGeneration number 46 	 Code coverage: 97.01% (1490/1536) 	 Branch coverage: 90.00% (81/90) 	 Transactions: 4413 (1129 unique)   	 Time: 32.24062657356262[0m
2025-09-21 15:56:18,415 - Analysis - INFO - [1mGeneration number 47 	 Code coverage: 97.01% (1490/1536) 	 Branch coverage: 90.00% (81/90) 	 Transactions: 4537 (1155 unique)   	 Time: 33.1752564907074[0m
2025-09-21 15:56:19,420 - Analysis - INFO - [1mGeneration number 48 	 Code coverage: 97.01% (1490/1536) 	 Branch coverage: 90.00% (81/90) 	 Transactions: 4658 (1181 unique)   	 Time: 34.18018913269043[0m
2025-09-21 15:56:19,788 - Analysis - INFO - [1mGeneration number 49 	 Code coverage: 97.01% (1490/1536) 	 Branch coverage: 90.00% (81/90) 	 Transactions: 4712 (1208 unique)   	 Time: 34.5487756729126[0m
2025-09-21 15:56:20,237 - Analysis - INFO - [1mGeneration number 50 	 Code coverage: 97.01% (1490/1536) 	 Branch coverage: 90.00% (81/90) 	 Transactions: 4773 (1227 unique)   	 Time: 34.997289419174194[0m
2025-09-21 15:56:20,795 - Analysis - INFO - [1mGeneration number 51 	 Code coverage: 97.01% (1490/1536) 	 Branch coverage: 90.00% (81/90) 	 Transactions: 4852 (1248 unique)   	 Time: 35.55567455291748[0m
2025-09-21 15:56:21,472 - Analysis - INFO - [1mGeneration number 52 	 Code coverage: 97.01% (1490/1536) 	 Branch coverage: 90.00% (81/90) 	 Transactions: 4949 (1273 unique)   	 Time: 36.23274755477905[0m
2025-09-21 15:56:22,212 - Analysis - INFO - [1mGeneration number 53 	 Code coverage: 97.01% (1490/1536) 	 Branch coverage: 90.00% (81/90) 	 Transactions: 5051 (1299 unique)   	 Time: 36.972339153289795[0m
2025-09-21 15:56:22,937 - Analysis - INFO - [1mGeneration number 54 	 Code coverage: 97.01% (1490/1536) 	 Branch coverage: 90.00% (81/90) 	 Transactions: 5152 (1323 unique)   	 Time: 37.697418451309204[0m
2025-09-21 15:56:23,722 - Analysis - INFO - [1mGeneration number 55 	 Code coverage: 97.01% (1490/1536) 	 Branch coverage: 90.00% (81/90) 	 Transactions: 5256 (1349 unique)   	 Time: 38.482171058654785[0m
2025-09-21 15:56:24,542 - Analysis - INFO - [1mGeneration number 56 	 Code coverage: 97.01% (1490/1536) 	 Branch coverage: 90.00% (81/90) 	 Transactions: 5362 (1375 unique)   	 Time: 39.30238580703735[0m
2025-09-21 15:56:25,256 - Analysis - INFO - [1mGeneration number 57 	 Code coverage: 97.01% (1490/1536) 	 Branch coverage: 90.00% (81/90) 	 Transactions: 5464 (1400 unique)   	 Time: 40.01650953292847[0m
2025-09-21 15:56:25,266 - Analysis - INFO - [1m-----------------------------------------------------[0m
2025-09-21 15:56:25,266 - Analysis - INFO - Number of generations: 	 57
2025-09-21 15:56:25,266 - Analysis - INFO - Number of transactions: 	 5464 (1400 unique)
2025-09-21 15:56:25,266 - Analysis - INFO - Transactions per second: 	 137
2025-09-21 15:56:25,266 - Analysis - INFO - Total code coverage: 	 97.01% (1490/1536)
2025-09-21 15:56:25,266 - Analysis - INFO - Total branch coverage: 	 90.00% (81/90)
2025-09-21 15:56:25,266 - Analysis - INFO - Total execution time: 	 40.03 seconds
2025-09-21 15:56:25,267 - Analysis - INFO - Total memory consumption: 	 71.62 MB

     ______            ______                _           
    / ____/___  ____  / ____/_  __________  (_)_  _______
   / /   / __ \/ __ \/ /_  / / / /_  /_  / / / / / / ___/
  / /___/ /_/ / / / / __/ / /_/ / / /_/ /_/ / /_/ (__  ) 
  \____/\____/_/ /_/_/    \__,_/ /___/___/_/\__,_/____/  

delteed file
