2025-09-22 00:55:38,080 - Main     - INFO - [1mInitializing seed to 1427655.0[0m
2025-09-22 00:55:38,210 - Fuzzer   - INFO - [1mFuzzing contract [1mABTokenTransfer[0m[0m
2025-09-22 00:55:38,438 - Analysis - INFO - [1mGeneration number 0 	 Code coverage: 35.61% (1115/3131) 	 Branch coverage: 42.31% (77/182) 	 Transactions: 35 (34 unique)   	 Time: 0.2135753631591797[0m
2025-09-22 00:55:38,727 - Analysis - INFO - [1mGeneration number 1 	 Code coverage: 39.96% (1251/3131) 	 Branch coverage: 46.70% (85/182) 	 Transactions: 81 (59 unique)   	 Time: 0.5030272006988525[0m
2025-09-22 00:55:39,168 - Analysis - INFO - [1mGeneration number 2 	 Code coverage: 40.05% (1254/3131) 	 Branch coverage: 47.25% (86/182) 	 Transactions: 158 (85 unique)   	 Time: 0.9438862800598145[0m
2025-09-22 00:55:39,876 - Analysis - INFO - [1mGeneration number 3 	 Code coverage: 41.36% (1295/3131) 	 Branch coverage: 48.90% (89/182) 	 Transactions: 272 (114 unique)   	 Time: 1.6521897315979004[0m
2025-09-22 00:55:40,915 - Analysis - INFO - [1mGeneration number 4 	 Code coverage: 41.46% (1298/3131) 	 Branch coverage: 49.45% (90/182) 	 Transactions: 412 (144 unique)   	 Time: 2.690871238708496[0m
2025-09-22 00:55:41,930 - Analysis - INFO - [1mGeneration number 5 	 Code coverage: 41.46% (1298/3131) 	 Branch coverage: 49.45% (90/182) 	 Transactions: 566 (174 unique)   	 Time: 3.7053732872009277[0m
2025-09-22 00:55:43,017 - Analysis - INFO - [1mGeneration number 6 	 Code coverage: 41.46% (1298/3131) 	 Branch coverage: 49.45% (90/182) 	 Transactions: 718 (200 unique)   	 Time: 4.792736291885376[0m
2025-09-22 00:55:44,113 - Analysis - INFO - [1mGeneration number 7 	 Code coverage: 41.46% (1298/3131) 	 Branch coverage: 49.45% (90/182) 	 Transactions: 872 (232 unique)   	 Time: 5.889017343521118[0m
2025-09-22 00:55:45,254 - Analysis - INFO - [1mGeneration number 8 	 Code coverage: 41.46% (1298/3131) 	 Branch coverage: 49.45% (90/182) 	 Transactions: 1026 (263 unique)   	 Time: 7.029638767242432[0m
2025-09-22 00:55:46,464 - Analysis - INFO - [1mGeneration number 9 	 Code coverage: 41.46% (1298/3131) 	 Branch coverage: 49.45% (90/182) 	 Transactions: 1182 (296 unique)   	 Time: 8.239749193191528[0m
2025-09-22 00:55:47,690 - Analysis - INFO - [1mGeneration number 10 	 Code coverage: 41.46% (1298/3131) 	 Branch coverage: 49.45% (90/182) 	 Transactions: 1344 (326 unique)   	 Time: 9.465852737426758[0m
2025-09-22 00:55:47,759 - Analysis - INFO - [1m-----------------------------------------------------[0m
2025-09-22 00:55:47,759 - Analysis - INFO - Number of generations: 	 10
2025-09-22 00:55:47,760 - Analysis - INFO - Number of transactions: 	 1344 (326 unique)
2025-09-22 00:55:47,760 - Analysis - INFO - Transactions per second: 	 141
2025-09-22 00:55:47,760 - Analysis - INFO - Total code coverage: 	 41.46% (1298/3131)
2025-09-22 00:55:47,760 - Analysis - INFO - Total branch coverage: 	 49.45% (90/182)
2025-09-22 00:55:47,760 - Analysis - INFO - Total execution time: 	 9.54 seconds
2025-09-22 00:55:47,760 - Analysis - INFO - Total memory consumption: 	 72.33 MB
2025-09-22 00:55:47,763 - Fuzzer   - INFO - [1mFuzzing contract [1mAccessControl[0m[0m
2025-09-22 00:55:47,824 - Analysis - INFO - [1mGeneration number 0 	 Code coverage: 71.18% (363/510) 	 Branch coverage: 82.50% (33/40) 	 Transactions: 17 (16 unique)   	 Time: 0.05714297294616699[0m
2025-09-22 00:55:47,874 - Analysis - INFO - [1mGeneration number 1 	 Code coverage: 71.18% (363/510) 	 Branch coverage: 82.50% (33/40) 	 Transactions: 29 (19 unique)   	 Time: 0.10697317123413086[0m
2025-09-22 00:55:47,937 - Analysis - INFO - [1mGeneration number 2 	 Code coverage: 71.18% (363/510) 	 Branch coverage: 82.50% (33/40) 	 Transactions: 38 (23 unique)   	 Time: 0.16978979110717773[0m
2025-09-22 00:55:48,002 - Analysis - INFO - [1mGeneration number 3 	 Code coverage: 71.18% (363/510) 	 Branch coverage: 82.50% (33/40) 	 Transactions: 47 (24 unique)   	 Time: 0.2345890998840332[0m
2025-09-22 00:55:48,069 - Analysis - INFO - [1mGeneration number 4 	 Code coverage: 74.51% (380/510) 	 Branch coverage: 85.00% (34/40) 	 Transactions: 56 (25 unique)   	 Time: 0.30138635635375977[0m
2025-09-22 00:55:48,106 - Analysis - INFO - [1mGeneration number 5 	 Code coverage: 75.10% (383/510) 	 Branch coverage: 87.50% (35/40) 	 Transactions: 64 (27 unique)   	 Time: 0.3387308120727539[0m
2025-09-22 00:55:48,140 - Analysis - INFO - [1mGeneration number 6 	 Code coverage: 75.10% (383/510) 	 Branch coverage: 87.50% (35/40) 	 Transactions: 71 (28 unique)   	 Time: 0.3728325366973877[0m
2025-09-22 00:55:48,178 - Analysis - INFO - [1mGeneration number 7 	 Code coverage: 75.10% (383/510) 	 Branch coverage: 87.50% (35/40) 	 Transactions: 76 (28 unique)   	 Time: 0.41046595573425293[0m
2025-09-22 00:55:48,206 - Analysis - INFO - [1mGeneration number 8 	 Code coverage: 75.10% (383/510) 	 Branch coverage: 87.50% (35/40) 	 Transactions: 78 (28 unique)   	 Time: 0.43914222717285156[0m
2025-09-22 00:55:48,237 - Analysis - INFO - [1mGeneration number 9 	 Code coverage: 75.10% (383/510) 	 Branch coverage: 87.50% (35/40) 	 Transactions: 81 (29 unique)   	 Time: 0.4696004390716553[0m
2025-09-22 00:55:48,271 - Analysis - INFO - [1mGeneration number 10 	 Code coverage: 75.10% (383/510) 	 Branch coverage: 87.50% (35/40) 	 Transactions: 85 (29 unique)   	 Time: 0.5041327476501465[0m
2025-09-22 00:55:48,282 - Analysis - INFO - [1m-----------------------------------------------------[0m
2025-09-22 00:55:48,282 - Analysis - INFO - Number of generations: 	 10
2025-09-22 00:55:48,282 - Analysis - INFO - Number of transactions: 	 85 (29 unique)
2025-09-22 00:55:48,282 - Analysis - INFO - Transactions per second: 	 165
2025-09-22 00:55:48,282 - Analysis - INFO - Total code coverage: 	 75.10% (383/510)
2025-09-22 00:55:48,282 - Analysis - INFO - Total branch coverage: 	 87.50% (35/40)
2025-09-22 00:55:48,282 - Analysis - INFO - Total execution time: 	 0.51 seconds
2025-09-22 00:55:48,282 - Analysis - INFO - Total memory consumption: 	 72.46 MB

     ______            ______                _           
    / ____/___  ____  / ____/_  __________  (_)_  _______
   / /   / __ \/ __ \/ /_  / / / /_  /_  / / / / / / ___/
  / /___/ /_/ / / / / __/ / /_/ / / /_/ /_/ / /_/ (__  ) 
  \____/\____/_/ /_/_/    \__,_/ /___/___/_/\__,_/____/  

delteed file
