/sb/0x0c4f0652d08951982d38f21e8deca798836a1597.sol:1:1: Compiler version ^0.4.18 does not satisfy the ^0.5.8 semver requirement [Error/compiler-version]
/sb/0x0c4f0652d08951982d38f21e8deca798836a1597.sol:49:49: Visibility modifier must be first in list of modifiers [Warning/visibility-modifier-order]
/sb/0x0c4f0652d08951982d38f21e8deca798836a1597.sol:70:5: Explicitly mark visibility of state [Warning/state-visibility]
/sb/0x0c4f0652d08951982d38f21e8deca798836a1597.sol:72:5: Explicitly mark visibility of state [Warning/state-visibility]
/sb/0x0c4f0652d08951982d38f21e8deca798836a1597.sol:73:5: Explicitly mark visibility of state [Warning/state-visibility]
/sb/0x0c4f0652d08951982d38f21e8deca798836a1597.sol:75:5: Constant name must be in capitalized SNAKE_CASE [Warning/const-name-snakecase]
/sb/0x0c4f0652d08951982d38f21e8deca798836a1597.sol:76:5: Constant name must be in capitalized SNAKE_CASE [Warning/const-name-snakecase]
/sb/0x0c4f0652d08951982d38f21e8deca798836a1597.sol:77:5: Constant name must be in capitalized SNAKE_CASE [Warning/const-name-snakecase]
/sb/0x0c4f0652d08951982d38f21e8deca798836a1597.sol:95:9: Provide an error message for require [Warning/reason-string]
/sb/0x0c4f0652d08951982d38f21e8deca798836a1597.sol:100:9: Provide an error message for require [Warning/reason-string]
/sb/0x0c4f0652d08951982d38f21e8deca798836a1597.sol:105:5: Function name must be in mixedCase [Warning/func-name-mixedcase]
/sb/0x0c4f0652d08951982d38f21e8deca798836a1597.sol:110:60: Visibility modifier must be first in list of modifiers [Warning/visibility-modifier-order]
/sb/0x0c4f0652d08951982d38f21e8deca798836a1597.sol:117:54: Visibility modifier must be first in list of modifiers [Warning/visibility-modifier-order]
/sb/0x0c4f0652d08951982d38f21e8deca798836a1597.sol:123:59: Visibility modifier must be first in list of modifiers [Warning/visibility-modifier-order]
/sb/0x0c4f0652d08951982d38f21e8deca798836a1597.sol:134:9: Provide an error message for require [Warning/reason-string]
/sb/0x0c4f0652d08951982d38f21e8deca798836a1597.sol:136:9: Provide an error message for require [Warning/reason-string]
/sb/0x0c4f0652d08951982d38f21e8deca798836a1597.sol:167:44: Visibility modifier must be first in list of modifiers [Warning/visibility-modifier-order]
/sb/0x0c4f0652d08951982d38f21e8deca798836a1597.sol:170:9: Provide an error message for require [Warning/reason-string]
/sb/0x0c4f0652d08951982d38f21e8deca798836a1597.sol:172:9: Provide an error message for require [Warning/reason-string]
/sb/0x0c4f0652d08951982d38f21e8deca798836a1597.sol:186:49: Visibility modifier must be first in list of modifiers [Warning/visibility-modifier-order]
/sb/0x0c4f0652d08951982d38f21e8deca798836a1597.sol:196:77: Visibility modifier must be first in list of modifiers [Warning/visibility-modifier-order]
/sb/0x0c4f0652d08951982d38f21e8deca798836a1597.sol:198:9: Provide an error message for require [Warning/reason-string]
/sb/0x0c4f0652d08951982d38f21e8deca798836a1597.sol:199:9: Provide an error message for require [Warning/reason-string]
/sb/0x0c4f0652d08951982d38f21e8deca798836a1597.sol:207:96: Visibility modifier must be first in list of modifiers [Warning/visibility-modifier-order]
/sb/0x0c4f0652d08951982d38f21e8deca798836a1597.sol:209:9: Provide an error message for require [Warning/reason-string]
/sb/0x0c4f0652d08951982d38f21e8deca798836a1597.sol:210:9: Provide an error message for require [Warning/reason-string]
/sb/0x0c4f0652d08951982d38f21e8deca798836a1597.sol:211:9: Provide an error message for require [Warning/reason-string]
/sb/0x0c4f0652d08951982d38f21e8deca798836a1597.sol:228:67: Visibility modifier must be first in list of modifiers [Warning/visibility-modifier-order]
/sb/0x0c4f0652d08951982d38f21e8deca798836a1597.sol:232:74: Visibility modifier must be first in list of modifiers [Warning/visibility-modifier-order]
/sb/0x0c4f0652d08951982d38f21e8deca798836a1597.sol:238:35: Visibility modifier must be first in list of modifiers [Warning/visibility-modifier-order]
/sb/0x0c4f0652d08951982d38f21e8deca798836a1597.sol:244:45: Visibility modifier must be first in list of modifiers [Warning/visibility-modifier-order]
/sb/0x0c4f0652d08951982d38f21e8deca798836a1597.sol:245:9: Provide an error message for require [Warning/reason-string]
/sb/0x0c4f0652d08951982d38f21e8deca798836a1597.sol:255:70: Visibility modifier must be first in list of modifiers [Warning/visibility-modifier-order]

33 problems
