2025-09-04 01:34:15,505 - Main     - INFO - [1mInitializing seed to 1427655.0[0m
2025-09-04 01:34:15,522 - Fuzzer   - INFO - [1mFuzzing contract [1mIntegerOverflowAdd[0m[0m
2025-09-04 01:34:15,549 - Analysis - INFO - [1mGeneration number 0 	 Code coverage: 98.91% (91/92) 	 Branch coverage: 90.00% (9/10) 	 Transactions: 7 (6 unique)   	 Time: 0.020756006240844727[0m
2025-09-04 01:34:15,572 - Analysis - INFO - [1mGeneration number 1 	 Code coverage: 98.91% (91/92) 	 Branch coverage: 90.00% (9/10) 	 Transactions: 14 (9 unique)   	 Time: 0.044019222259521484[0m
2025-09-04 01:34:15,610 - Analysis - INFO - [1mGeneration number 2 	 Code coverage: 98.91% (91/92) 	 Branch coverage: 90.00% (9/10) 	 Transactions: 26 (13 unique)   	 Time: 0.0821385383605957[0m
2025-09-04 01:34:15,629 - Detector - INFO - [1m[31m-----------------------------------------------------[0m
2025-09-04 01:34:15,629 - Detector - INFO - [1m[31m          !!! Integer overflow detected !!!          [0m
2025-09-04 01:34:15,630 - Detector - INFO - [1m[31m-----------------------------------------------------[0m
2025-09-04 01:34:15,630 - Detector - INFO - [1m[31mSWC-ID:   101[0m
2025-09-04 01:34:15,630 - Detector - INFO - [1m[31mSeverity: High[0m
2025-09-04 01:34:15,630 - Detector - INFO - [1m[31m-----------------------------------------------------[0m
2025-09-04 01:34:15,630 - Detector - INFO - [1m[31mSource code line:[0m
2025-09-04 01:34:15,630 - Detector - INFO - [1m[31m-----------------------------------------------------[0m
2025-09-04 01:34:15,630 - Detector - INFO - [1m[31m/sb/integer_overflow_add.sol:17:1[0m
2025-09-04 01:34:15,630 - Detector - INFO - [1m[31mcount += input[0m
2025-09-04 01:34:15,630 - Detector - INFO - [1m[31m-----------------------------------------------------[0m
2025-09-04 01:34:15,630 - Detector - INFO - [1m[31mTransaction sequence:[0m
2025-09-04 01:34:15,630 - Detector - INFO - [1m[31m-----------------------------------------------------[0m
2025-09-04 01:34:15,630 - Detector - INFO - [1m[31mTransaction 1 - run(uint256):[0m
2025-09-04 01:34:15,630 - Detector - INFO - [1m[31m-----------------------------------------------------[0m
2025-09-04 01:34:15,630 - Detector - INFO - [1m[31mFrom:      0xdeadbeefdeadbeefdeadbeefdeadbeefdeadbeef[0m
2025-09-04 01:34:15,630 - Detector - INFO - [1m[31mTo:        0x2c5e8a3b3aad9df32339409534e64dfcabcd3a65[0m
2025-09-04 01:34:15,630 - Detector - INFO - [1m[31mValue:     0 Wei[0m
2025-09-04 01:34:15,630 - Detector - INFO - [1m[31mGas Limit: 4500000[0m
2025-09-04 01:34:15,630 - Detector - INFO - [1m[31mInput:     0xa444f5e971eda033a1a805753e37674bbd9162dd[0m
2025-09-04 01:34:15,630 - Detector - INFO - [1m[31m           12e60ce8bb770bfe288f7007bb452f45[0m
2025-09-04 01:34:15,630 - Detector - INFO - [1m[31m-----------------------------------------------------[0m
2025-09-04 01:34:15,630 - Detector - INFO - [1m[31mTransaction 2 - run(uint256):[0m
2025-09-04 01:34:15,630 - Detector - INFO - [1m[31m-----------------------------------------------------[0m
2025-09-04 01:34:15,630 - Detector - INFO - [1m[31mFrom:      0xdeadbeefdeadbeefdeadbeefdeadbeefdeadbeef[0m
2025-09-04 01:34:15,630 - Detector - INFO - [1m[31mTo:        0x2c5e8a3b3aad9df32339409534e64dfcabcd3a65[0m
2025-09-04 01:34:15,630 - Detector - INFO - [1m[31mValue:     0 Wei[0m
2025-09-04 01:34:15,630 - Detector - INFO - [1m[31mGas Limit: 4500000[0m
2025-09-04 01:34:15,630 - Detector - INFO - [1m[31mInput:     0xa444f5e9a4ac1a632f0fbdaa86464ec036fb90f7[0m
2025-09-04 01:34:15,630 - Detector - INFO - [1m[31m           6c5dba6cee09567b1a2ef4f6625435a5[0m
2025-09-04 01:34:15,630 - Detector - INFO - [1m[31m-----------------------------------------------------[0m
2025-09-04 01:34:15,630 - Detector - INFO - [1m[31mTransaction 3 - count():[0m
2025-09-04 01:34:15,630 - Detector - INFO - [1m[31m-----------------------------------------------------[0m
2025-09-04 01:34:15,630 - Detector - INFO - [1m[31mFrom:      0xcafebabecafebabecafebabecafebabecafebabe[0m
2025-09-04 01:34:15,630 - Detector - INFO - [1m[31mTo:        0x2c5e8a3b3aad9df32339409534e64dfcabcd3a65[0m
2025-09-04 01:34:15,630 - Detector - INFO - [1m[31mValue:     0 Wei[0m
2025-09-04 01:34:15,630 - Detector - INFO - [1m[31mGas Limit: 4500000[0m
2025-09-04 01:34:15,630 - Detector - INFO - [1m[31mInput:     0x06661abd[0m
2025-09-04 01:34:15,630 - Detector - INFO - [1m[31m-----------------------------------------------------[0m
2025-09-04 01:34:15,657 - Analysis - INFO - [1mGeneration number 3 	 Code coverage: 98.91% (91/92) 	 Branch coverage: 90.00% (9/10) 	 Transactions: 41 (16 unique)   	 Time: 0.12936997413635254[0m
2025-09-04 01:34:15,718 - Analysis - INFO - [1mGeneration number 4 	 Code coverage: 98.91% (91/92) 	 Branch coverage: 90.00% (9/10) 	 Transactions: 59 (21 unique)   	 Time: 0.19024372100830078[0m
2025-09-04 01:34:15,787 - Analysis - INFO - [1mGeneration number 5 	 Code coverage: 98.91% (91/92) 	 Branch coverage: 90.00% (9/10) 	 Transactions: 79 (25 unique)   	 Time: 0.2594928741455078[0m
2025-09-04 01:34:15,847 - Analysis - INFO - [1mGeneration number 6 	 Code coverage: 98.91% (91/92) 	 Branch coverage: 90.00% (9/10) 	 Transactions: 98 (30 unique)   	 Time: 0.3188161849975586[0m
2025-09-04 01:34:15,911 - Analysis - INFO - [1mGeneration number 7 	 Code coverage: 98.91% (91/92) 	 Branch coverage: 90.00% (9/10) 	 Transactions: 118 (36 unique)   	 Time: 0.38277554512023926[0m
2025-09-04 01:34:15,964 - Analysis - INFO - [1mGeneration number 8 	 Code coverage: 98.91% (91/92) 	 Branch coverage: 90.00% (9/10) 	 Transactions: 135 (40 unique)   	 Time: 0.4360389709472656[0m
2025-09-04 01:34:16,031 - Analysis - INFO - [1mGeneration number 9 	 Code coverage: 98.91% (91/92) 	 Branch coverage: 90.00% (9/10) 	 Transactions: 155 (45 unique)   	 Time: 0.5034799575805664[0m
2025-09-04 01:34:16,092 - Analysis - INFO - [1mGeneration number 10 	 Code coverage: 98.91% (91/92) 	 Branch coverage: 90.00% (9/10) 	 Transactions: 175 (49 unique)   	 Time: 0.5636565685272217[0m
2025-09-04 01:34:16,092 - Analysis - INFO - [1m-----------------------------------------------------[0m
2025-09-04 01:34:16,092 - Analysis - INFO - Number of generations: 	 10
2025-09-04 01:34:16,092 - Analysis - INFO - Number of transactions: 	 175 (49 unique)
2025-09-04 01:34:16,092 - Analysis - INFO - Transactions per second: 	 310
2025-09-04 01:34:16,092 - Analysis - INFO - Total code coverage: 	 98.91% (91/92)
2025-09-04 01:34:16,092 - Analysis - INFO - Total branch coverage: 	 90.00% (9/10)
2025-09-04 01:34:16,092 - Analysis - INFO - Total execution time: 	 0.56 seconds
2025-09-04 01:34:16,092 - Analysis - INFO - Total memory consumption: 	 54.83 MB

     ______            ______                _           
    / ____/___  ____  / ____/_  __________  (_)_  _______
   / /   / __ \/ __ \/ /_  / / / /_  /_  / / / / / / ___/
  / /___/ /_/ / / / / __/ / /_/ / / /_/ /_/ / /_/ (__  ) 
  \____/\____/_/ /_/_/    \__,_/ /___/___/_/\__,_/____/  

delteed file
