Extract contract LogFile from /sb/0x4e73b32ed6c35f570686b89848e5f39f20ecc106.sol
Extract contract PRIVATE_ETH_CELL from /sb/0x4e73b32ed6c35f570686b89848e5f39f20ecc106.sol
Extracted 2 contract(s) from /sb/0x4e73b32ed6c35f570686b89848e5f39f20ecc106.sol
[0;32m> Created "fuzzMe"[0m
[0;32m> To fuzz contracts:[0m
  chmod +x fuzzMe
  ./fuzzMe
assets/NormalAttacker.sol:5:3: Warning: No visibility specified. Defaulting to "public". 
  function() payable {
  ^ (Relevant source part starts here and spans across multiple lines).
assets/ReentrancyAttacker.sol:8:7: Warning: Return value of low-level calls not used.
      msg.sender.call(bytes4(255));
      ^--------------------------^
assets/ReentrancyAttacker.sol:5:3: Warning: No visibility specified. Defaulting to "public". 
  function() payable {
  ^ (Relevant source part starts here and spans across multiple lines).
>> Fuzz LogFile
** Write stats: 0.014055
** Write stats: 5.00157
** Write stats: 10.0216
** Write stats: 15.0231
** Write stats: 20.0311
** Write stats: 25.0295
** Write stats: 30.0141
** Write stats: 35.0385
** Write stats: 40.0416
** Write stats: 45.0018
** Write stats: 50.0112
** Write stats: 55.0347
** Write stats: 60.0039
** Write stats: 65.0331
** Write stats: 70.0252
** Write stats: 75.0365
** Write stats: 80.0509
** Write stats: 85.022
** Write stats: 90.0623
** Write stats: 95.0283
** Write stats: 100.04
** Write stats: 105.073
** Write stats: 110.037
** Write stats: 115.024
** Write stats: 120.074
** Write stats: 125.072
** Write stats: 130.037
** Write stats: 135.059
** Write stats: 140.041
** Write stats: 145.007
** Write stats: 150.011
** Write stats: 155.05
** Write stats: 160.075
** Write stats: 165
** Write stats: 170.001
** Write stats: 175.013
** Write stats: 180.075
** Write stats: 185.084
** Write stats: 190.03
** Write stats: 195.019
** Write stats: 200.06
** Write stats: 205.049
** Write stats: 210.092
** Write stats: 215.127
** Write stats: 220.019
** Write stats: 225.011
** Write stats: 230.05
** Write stats: 235.114
** Write stats: 240.093
** Write stats: 245.103
** Write stats: 250.04
** Write stats: 255.019
** Write stats: 260.043
** Write stats: 265.106
** Write stats: 270.09
** Write stats: 275.107
** Write stats: 280.034
** Write stats: 285.058
** Write stats: 290.082
** Write stats: 295.106
** Write stats: 300.131
** Write stats: 305.131
** Write stats: 310.133
** Write stats: 315.064
** Write stats: 320.061
** Write stats: 325.104
** Write stats: 330.041
** Write stats: 335.124
** Write stats: 340.088
** Write stats: 345.035
** Write stats: 350.122
** Write stats: 355.028
** Write stats: 360.077
** Write stats: 365.124
** Write stats: 370.007
** Write stats: 375.019
** Write stats: 380.053
** Write stats: 385.113
** Write stats: 390.039
** Write stats: 395.141
** Write stats: 400.098
** Write stats: 405.081
** Write stats: 410.092
** Write stats: 415.132
** Write stats: 420.03
** Write stats: 425.093
** Write stats: 430.034
** Write stats: 435.151
** Write stats: 440.103
** Write stats: 445.099
** Write stats: 448.02
>> Fuzz PRIVATE_ETH_CELL
** Write stats: 0.011795
** Write stats: 5.00191
** Write stats: 10.0006
** Write stats: 15.0024
** Write stats: 20.0028
** Write stats: 25.0026
** Write stats: 30.0019
** Write stats: 35.0006
** Write stats: 40.0002
** Write stats: 45.0033
** Write stats: 50.0041
** Write stats: 55.0038
** Write stats: 60.0006
** Write stats: 65.0051
** Write stats: 70.002
** Write stats: 75.0033
** Write stats: 80.0024
** Write stats: 85.0027
** Write stats: 90.0052
** Write stats: 95.0026
** Write stats: 100.002
** Write stats: 105
** Write stats: 110.007
** Write stats: 115.007
** Write stats: 120
** Write stats: 125.003
** Write stats: 130.001
** Write stats: 135.001
** Write stats: 140.005
** Write stats: 145.002
** Write stats: 150.004
** Write stats: 155.002
** Write stats: 160.007
** Write stats: 165.004
** Write stats: 170.005
** Write stats: 175.006
** Write stats: 180.005
** Write stats: 185.006
** Write stats: 190.003
** Write stats: 195.002
** Write stats: 200
** Write stats: 205.004
** Write stats: 210.007
** Write stats: 215.011
** Write stats: 220.007
** Write stats: 225.013
** Write stats: 230.009
** Write stats: 235.013
** Write stats: 240
** Write stats: 245.004
** Write stats: 250.014
** Write stats: 255.003
** Write stats: 260.007
** Write stats: 265.008
** Write stats: 270.02
** Write stats: 275.002
** Write stats: 280.013
** Write stats: 285.014
** Write stats: 290.012
** Write stats: 295.016
** Write stats: 300.011
** Write stats: 305
** Write stats: 310.009
** Write stats: 315.014
** Write stats: 320.017
** Write stats: 325.015
** Write stats: 330.01
** Write stats: 335.006
** Write stats: 340.004
** Write stats: 345.01
** Write stats: 350.014
** Write stats: 355.01
** Write stats: 360.011
** Write stats: 365.015
** Write stats: 370.004
** Write stats: 375.005
** Write stats: 380.003
** Write stats: 385.018
** Write stats: 390.016
** Write stats: 395.015
** Write stats: 400.016
** Write stats: 405.015
** Write stats: 410.007
** Write stats: 415.003
** Write stats: 420.002
** Write stats: 425.017
** Write stats: 430.018
** Write stats: 435.016
** Write stats: 440.003
** Write stats: 445.002
** Write stats: 448.043
