Extract contract Token from /sb/token.sol
Extracted 1 contract(s) from /sb/token.sol
[0;32m> Created "fuzzMe"[0m
[0;32m> To fuzz contracts:[0m
  chmod +x fuzzMe
  ./fuzzMe
contracts/Token.sol:14:4: Warning: Defining constructors as functions with the same name as the contract is deprecated. Use "constructor(...) { ... }" instead.
   function Token(uint _initialSupply) {
   ^ (Relevant source part starts here and spans across multiple lines).
contracts/Token.sol:14:4: Warning: No visibility specified. Defaulting to "public". 
   function Token(uint _initialSupply) {
   ^ (Relevant source part starts here and spans across multiple lines).
assets/NormalAttacker.sol:5:3: Warning: No visibility specified. Defaulting to "public". 
  function() payable {
  ^ (Relevant source part starts here and spans across multiple lines).
assets/ReentrancyAttacker.sol:8:7: Warning: Return value of low-level calls not used.
      msg.sender.call(bytes4(255));
      ^--------------------------^
assets/ReentrancyAttacker.sol:5:3: Warning: No visibility specified. Defaulting to "public". 
  function() payable {
  ^ (Relevant source part starts here and spans across multiple lines).
>> Fuzz Token
** Write stats: 0.009694
** Write stats: 5.00004
** Write stats: 10.0039
** Write stats: 15.0032
** Write stats: 20.0021
** Write stats: 25.0008
** Write stats: 30.0031
** Write stats: 35.0041
** Write stats: 40.0033
** Write stats: 45.0017
** Write stats: 50.0095
** Write stats: 55.0077
** Write stats: 60.0141
** Write stats: 65.0045
** Write stats: 70.0065
** Write stats: 75.011
** Write stats: 80.0349
** Write stats: 85.0023
** Write stats: 90.0208
** Write stats: 95.0355
** Write stats: 100.005
** Write stats: 105.051
** Write stats: 110.04
** Write stats: 115.01
** Write stats: 120.028
** Write stats: 120.041
