2025-09-21 15:43:44,825 - Main     - INFO - [1mInitializing seed to 1427655.0[0m
2025-09-21 15:43:44,871 - Fuzzer   - INFO - [1mFuzzing contract [1mTopPlayerToken[0m[0m
2025-09-21 15:43:44,982 - Analysis - INFO - [1mGeneration number 0 	 Code coverage: 64.35% (733/1139) 	 Branch coverage: 74.24% (49/66) 	 Transactions: 21 (20 unique)   	 Time: 0.09893321990966797[0m
2025-09-21 15:43:45,079 - Analysis - INFO - [1mGeneration number 1 	 Code coverage: 64.35% (733/1139) 	 Branch coverage: 74.24% (49/66) 	 Transactions: 39 (29 unique)   	 Time: 0.19623851776123047[0m
2025-09-21 15:43:45,249 - Analysis - INFO - [1mGeneration number 2 	 Code coverage: 64.62% (736/1139) 	 Branch coverage: 75.76% (50/66) 	 Transactions: 59 (41 unique)   	 Time: 0.3666830062866211[0m
2025-09-21 15:43:45,460 - Analysis - INFO - [1mGeneration number 3 	 Code coverage: 67.95% (774/1139) 	 Branch coverage: 78.79% (52/66) 	 Transactions: 95 (54 unique)   	 Time: 0.5776333808898926[0m
2025-09-21 15:43:45,834 - Analysis - INFO - [1mGeneration number 4 	 Code coverage: 86.83% (989/1139) 	 Branch coverage: 83.33% (55/66) 	 Transactions: 151 (72 unique)   	 Time: 0.9515531063079834[0m
2025-09-21 15:43:46,265 - Analysis - INFO - [1mGeneration number 5 	 Code coverage: 86.83% (989/1139) 	 Branch coverage: 83.33% (55/66) 	 Transactions: 223 (92 unique)   	 Time: 1.3817296028137207[0m
2025-09-21 15:43:46,795 - Analysis - INFO - [1mGeneration number 6 	 Code coverage: 86.83% (989/1139) 	 Branch coverage: 83.33% (55/66) 	 Transactions: 302 (112 unique)   	 Time: 1.9118850231170654[0m
2025-09-21 15:43:47,321 - Analysis - INFO - [1mGeneration number 7 	 Code coverage: 86.83% (989/1139) 	 Branch coverage: 83.33% (55/66) 	 Transactions: 383 (132 unique)   	 Time: 2.4380223751068115[0m
2025-09-21 15:43:47,847 - Analysis - INFO - [1mGeneration number 8 	 Code coverage: 86.83% (989/1139) 	 Branch coverage: 83.33% (55/66) 	 Transactions: 462 (152 unique)   	 Time: 2.9640722274780273[0m
2025-09-21 15:43:48,367 - Analysis - INFO - [1mGeneration number 9 	 Code coverage: 86.83% (989/1139) 	 Branch coverage: 83.33% (55/66) 	 Transactions: 540 (172 unique)   	 Time: 3.4840376377105713[0m
2025-09-21 15:43:48,916 - Analysis - INFO - [1mGeneration number 10 	 Code coverage: 86.83% (989/1139) 	 Branch coverage: 83.33% (55/66) 	 Transactions: 622 (191 unique)   	 Time: 4.033582448959351[0m
2025-09-21 15:43:49,472 - Analysis - INFO - [1mGeneration number 11 	 Code coverage: 86.83% (989/1139) 	 Branch coverage: 83.33% (55/66) 	 Transactions: 705 (211 unique)   	 Time: 4.589381456375122[0m
2025-09-21 15:43:50,021 - Analysis - INFO - [1mGeneration number 12 	 Code coverage: 86.83% (989/1139) 	 Branch coverage: 83.33% (55/66) 	 Transactions: 789 (231 unique)   	 Time: 5.137727737426758[0m
2025-09-21 15:43:50,561 - Analysis - INFO - [1mGeneration number 13 	 Code coverage: 86.83% (989/1139) 	 Branch coverage: 83.33% (55/66) 	 Transactions: 871 (251 unique)   	 Time: 5.6785032749176025[0m
2025-09-21 15:43:51,114 - Analysis - INFO - [1mGeneration number 14 	 Code coverage: 86.83% (989/1139) 	 Branch coverage: 83.33% (55/66) 	 Transactions: 950 (271 unique)   	 Time: 6.231137752532959[0m
2025-09-21 15:43:51,660 - Analysis - INFO - [1mGeneration number 15 	 Code coverage: 86.83% (989/1139) 	 Branch coverage: 83.33% (55/66) 	 Transactions: 1030 (291 unique)   	 Time: 6.777055978775024[0m
2025-09-21 15:43:51,979 - Analysis - INFO - [1mGeneration number 16 	 Code coverage: 96.66% (1101/1139) 	 Branch coverage: 86.36% (57/66) 	 Transactions: 1072 (318 unique)   	 Time: 7.095914125442505[0m
2025-09-21 15:43:52,191 - Analysis - INFO - [1mGeneration number 17 	 Code coverage: 96.66% (1101/1139) 	 Branch coverage: 86.36% (57/66) 	 Transactions: 1103 (329 unique)   	 Time: 7.308525085449219[0m
2025-09-21 15:43:52,571 - Analysis - INFO - [1mGeneration number 18 	 Code coverage: 96.66% (1101/1139) 	 Branch coverage: 86.36% (57/66) 	 Transactions: 1156 (342 unique)   	 Time: 7.688283920288086[0m
2025-09-21 15:43:53,015 - Analysis - INFO - [1mGeneration number 19 	 Code coverage: 96.66% (1101/1139) 	 Branch coverage: 86.36% (57/66) 	 Transactions: 1220 (356 unique)   	 Time: 8.131862878799438[0m
2025-09-21 15:43:53,639 - Analysis - INFO - [1mGeneration number 20 	 Code coverage: 96.66% (1101/1139) 	 Branch coverage: 86.36% (57/66) 	 Transactions: 1306 (374 unique)   	 Time: 8.75620436668396[0m
2025-09-21 15:43:54,302 - Analysis - INFO - [1mGeneration number 21 	 Code coverage: 96.66% (1101/1139) 	 Branch coverage: 86.36% (57/66) 	 Transactions: 1394 (393 unique)   	 Time: 9.418906211853027[0m
2025-09-21 15:43:55,073 - Analysis - INFO - [1mGeneration number 22 	 Code coverage: 96.66% (1101/1139) 	 Branch coverage: 86.36% (57/66) 	 Transactions: 1485 (413 unique)   	 Time: 10.189956426620483[0m
2025-09-21 15:43:55,730 - Analysis - INFO - [1mGeneration number 23 	 Code coverage: 96.66% (1101/1139) 	 Branch coverage: 86.36% (57/66) 	 Transactions: 1575 (433 unique)   	 Time: 10.847216606140137[0m
2025-09-21 15:43:56,383 - Analysis - INFO - [1mGeneration number 24 	 Code coverage: 96.66% (1101/1139) 	 Branch coverage: 86.36% (57/66) 	 Transactions: 1665 (453 unique)   	 Time: 11.500683069229126[0m
2025-09-21 15:43:57,003 - Analysis - INFO - [1mGeneration number 25 	 Code coverage: 96.66% (1101/1139) 	 Branch coverage: 86.36% (57/66) 	 Transactions: 1753 (473 unique)   	 Time: 12.120455741882324[0m
2025-09-21 15:43:57,609 - Analysis - INFO - [1mGeneration number 26 	 Code coverage: 96.66% (1101/1139) 	 Branch coverage: 86.36% (57/66) 	 Transactions: 1840 (493 unique)   	 Time: 12.725831270217896[0m
2025-09-21 15:43:58,236 - Analysis - INFO - [1mGeneration number 27 	 Code coverage: 96.66% (1101/1139) 	 Branch coverage: 86.36% (57/66) 	 Transactions: 1927 (513 unique)   	 Time: 13.353229522705078[0m
2025-09-21 15:43:58,543 - Analysis - INFO - [1mGeneration number 28 	 Code coverage: 96.66% (1101/1139) 	 Branch coverage: 86.36% (57/66) 	 Transactions: 1974 (534 unique)   	 Time: 13.66039228439331[0m
2025-09-21 15:43:58,809 - Analysis - INFO - [1mGeneration number 29 	 Code coverage: 96.66% (1101/1139) 	 Branch coverage: 86.36% (57/66) 	 Transactions: 2013 (546 unique)   	 Time: 13.92665433883667[0m
2025-09-21 15:43:59,272 - Analysis - INFO - [1mGeneration number 30 	 Code coverage: 96.66% (1101/1139) 	 Branch coverage: 86.36% (57/66) 	 Transactions: 2076 (563 unique)   	 Time: 14.388757467269897[0m
2025-09-21 15:43:59,844 - Analysis - INFO - [1mGeneration number 31 	 Code coverage: 96.66% (1101/1139) 	 Branch coverage: 86.36% (57/66) 	 Transactions: 2157 (583 unique)   	 Time: 14.96111249923706[0m
2025-09-21 15:44:00,440 - Analysis - INFO - [1mGeneration number 32 	 Code coverage: 96.66% (1101/1139) 	 Branch coverage: 86.36% (57/66) 	 Transactions: 2241 (603 unique)   	 Time: 15.557212829589844[0m
2025-09-21 15:44:00,450 - Analysis - INFO - [1m-----------------------------------------------------[0m
2025-09-21 15:44:00,450 - Analysis - INFO - Number of generations: 	 32
2025-09-21 15:44:00,450 - Analysis - INFO - Number of transactions: 	 2241 (603 unique)
2025-09-21 15:44:00,450 - Analysis - INFO - Transactions per second: 	 144
2025-09-21 15:44:00,450 - Analysis - INFO - Total code coverage: 	 96.66% (1101/1139)
2025-09-21 15:44:00,450 - Analysis - INFO - Total branch coverage: 	 86.36% (57/66)
2025-09-21 15:44:00,450 - Analysis - INFO - Total execution time: 	 15.57 seconds
2025-09-21 15:44:00,451 - Analysis - INFO - Total memory consumption: 	 70.47 MB

     ______            ______                _           
    / ____/___  ____  / ____/_  __________  (_)_  _______
   / /   / __ \/ __ \/ /_  / / / /_  /_  / / / / / / ___/
  / /___/ /_/ / / / / __/ / /_/ / / /_/ /_/ / /_/ (__  ) 
  \____/\____/_/ /_/_/    \__,_/ /___/___/_/\__,_/____/  

delteed file
