2025-07-07 14:49:26,666: [11] m.main:INFO: Registered plugins: IntrospectionAPIPlugin, <class 'manticore.ethereum.plugins.SkipRevertBasicBlocks'>, <class 'manticore.ethereum.plugins.FilterFunctions'>
2025-07-07 14:49:26,666: [11] m.main:INFO: Beginning analysis
2025-07-07 14:49:26,668: [11] m.e.manticore:INFO: Starting symbolic create contract
2025-07-07 14:49:27,051: [11] m.e.manticore:INFO: Starting symbolic transaction: 0
2025-07-07 14:49:27,573: [11] m.c.worker:ERROR: Exception in state 0: ManticoreError('Forking on unfeasible constraint set')
Traceback (most recent call last):
  File "/usr/local/lib/python3.7/dist-packages/manticore/core/worker.py", line 137, in run
    current_state.execute()
  File "/usr/local/lib/python3.7/dist-packages/manticore/ethereum/state.py", line 8, in execute
    return self._platform.execute()
  File "/usr/local/lib/python3.7/dist-packages/manticore/platforms/evm.py", line 3106, in execute
    self.current_vm.execute()
  File "/usr/local/lib/python3.7/dist-packages/manticore/platforms/evm.py", line 1322, in execute
    raise Concretize("Symbolic PC", expression=expression, setstate=setstate, policy="ALL")
manticore.core.state.Concretize

During handling of the above exception, another exception occurred:

Traceback (most recent call last):
  File "/usr/local/lib/python3.7/dist-packages/manticore/core/worker.py", line 158, in run
    m._fork(current_state, exc.expression, exc.policy, exc.setstate, exc.values)
  File "/usr/local/lib/python3.7/dist-packages/manticore/core/manticore.py", line 518, in _fork
    raise ManticoreError("Forking on unfeasible constraint set")
manticore.exceptions.ManticoreError: Forking on unfeasible constraint set
 
2025-07-07 14:49:27,578: [11] m.e.manticore:INFO: 0 alive states, 1 terminated states
2025-07-07 14:49:27,649: [11] m.c.manticore:INFO: Results in /mcore_yv7dwl5b
2025-07-07 14:49:27,649: [11] m.c.manticore:INFO: Total time: 0.5950720310211182
2025-07-07 14:49:28,099: [73] m.main:INFO: Registered plugins: IntrospectionAPIPlugin, <class 'manticore.ethereum.plugins.SkipRevertBasicBlocks'>, <class 'manticore.ethereum.plugins.FilterFunctions'>
2025-07-07 14:49:28,099: [73] m.main:INFO: Beginning analysis
2025-07-07 14:49:28,101: [73] m.e.manticore:INFO: Starting symbolic create contract
2025-07-07 14:49:28,598: [73] m.e.manticore:INFO: Starting symbolic transaction: 0
2025-07-07 14:49:30,088: [73] m.e.manticore:INFO: Found a concrete globalsha3 b'\x00\x00\x00\x00\x00\x00\x00\x00\x00\x00\x00\x00\x00\x00\x00\x00\x00\x00\x00\x00\x00\x00\x00\x00\x00\x00\x00\x00\x00\x02\x00\x00\x00\x00\x00\x00\x00\x00\x00\x00\x00\x00\x00\x00\x00\x00\x00\x00\x00\x00\x00\x00\x00\x00\x00\x00\x00\x00\x00\x00\x00\x00\x00\x00' -> 73138091548938366139099779971772605061518111956507126412222883840269740007539
2025-07-07 14:49:30,325: [73] m.c.worker:ERROR: Exception in state 8: ManticoreError('Forking on unfeasible constraint set')
Traceback (most recent call last):
  File "/usr/local/lib/python3.7/dist-packages/manticore/core/worker.py", line 137, in run
    current_state.execute()
  File "/usr/local/lib/python3.7/dist-packages/manticore/ethereum/state.py", line 8, in execute
    return self._platform.execute()
  File "/usr/local/lib/python3.7/dist-packages/manticore/platforms/evm.py", line 3106, in execute
    self.current_vm.execute()
  File "/usr/local/lib/python3.7/dist-packages/manticore/platforms/evm.py", line 1322, in execute
    raise Concretize("Symbolic PC", expression=expression, setstate=setstate, policy="ALL")
manticore.core.state.Concretize

During handling of the above exception, another exception occurred:

Traceback (most recent call last):
  File "/usr/local/lib/python3.7/dist-packages/manticore/core/worker.py", line 158, in run
    m._fork(current_state, exc.expression, exc.policy, exc.setstate, exc.values)
  File "/usr/local/lib/python3.7/dist-packages/manticore/core/manticore.py", line 518, in _fork
    raise ManticoreError("Forking on unfeasible constraint set")
manticore.exceptions.ManticoreError: Forking on unfeasible constraint set
 
2025-07-07 14:49:31,900: [73] m.e.manticore:INFO: 0 alive states, 2 terminated states
2025-07-07 14:49:31,985: [73] m.c.manticore:INFO: Results in /mcore_cxteo8em
2025-07-07 14:49:31,985: [73] m.c.manticore:INFO: Total time: 3.3808486461639404
2025-07-07 14:49:32,440: [144] m.main:INFO: Registered plugins: IntrospectionAPIPlugin, <class 'manticore.ethereum.plugins.SkipRevertBasicBlocks'>, <class 'manticore.ethereum.plugins.FilterFunctions'>
2025-07-07 14:49:32,441: [144] m.main:INFO: Beginning analysis
2025-07-07 14:49:32,442: [144] m.e.manticore:INFO: Starting symbolic create contract
2025-07-07 14:49:32,929: [144] m.e.manticore:INFO: Starting symbolic transaction: 0
2025-07-07 14:49:40,165: [144] m.e.manticore:INFO: 0 alive states, 6 terminated states
2025-07-07 14:49:40,363: [144] m.c.manticore:INFO: Results in /mcore_cmdcu09x
2025-07-07 14:49:40,363: [144] m.c.manticore:INFO: Total time: 7.427555322647095
