'solc --version' running
'solc /sb/0x00c4b398500645eb5da00a1a379a88b11683ba01.sol --combined-json abi,ast,bin,bin-runtime,srcmap,srcmap-runtime,userdoc,devdoc,hashes,compact-format --allow-paths .,/sb' running
Compilation warnings/errors on /sb/0x00c4b398500645eb5da00a1a379a88b11683ba01.sol:
/sb/0x00c4b398500645eb5da00a1a379a88b11683ba01.sol:22:4: Warning: Defining constructors as functions with the same name as the contract is deprecated. Use "constructor(...) { ... }" instead.
   function Owned() public
   ^ (Relevant source part starts here and spans across multiple lines).
/sb/0x00c4b398500645eb5da00a1a379a88b11683ba01.sol:85:4: Warning: Defining constructors as functions with the same name as the contract is deprecated. Use "constructor(...) { ... }" instead.
   function OpsManaged() public
   ^ (Relevant source part starts here and spans across multiple lines).
/sb/0x00c4b398500645eb5da00a1a379a88b11683ba01.sol:137:4: Warning: Defining constructors as functions with the same name as the contract is deprecated. Use "constructor(...) { ... }" instead.
   function Finalizable() public
   ^ (Relevant source part starts here and spans across multiple lines).
/sb/0x00c4b398500645eb5da00a1a379a88b11683ba01.sol:253:4: Warning: Defining constructors as functions with the same name as the contract is deprecated. Use "constructor(...) { ... }" instead.
   function ERC20Token(string _name, string _symbol, uint8 _decimals, uint256 _totalSupply, address _initialTokenHolder) public {
   ^ (Relevant source part starts here and spans across multiple lines).
/sb/0x00c4b398500645eb5da00a1a379a88b11683ba01.sol:348:4: Warning: Defining constructors as functions with the same name as the contract is deprecated. Use "constructor(...) { ... }" instead.
   function FinalizableToken(string _name, string _symbol, uint8 _decimals, uint256 _totalSupply) public
   ^ (Relevant source part starts here and spans across multiple lines).
/sb/0x00c4b398500645eb5da00a1a379a88b11683ba01.sol:437:4: Warning: Defining constructors as functions with the same name as the contract is deprecated. Use "constructor(...) { ... }" instead.
   function EximchainToken() public
   ^ (Relevant source part starts here and spans across multiple lines).
/sb/0x00c4b398500645eb5da00a1a379a88b11683ba01.sol:46:7: Warning: Invoking events without "emit" prefix is deprecated.
      OwnershipTransferInitiated(proposedOwner);
      ^---------------------------------------^
/sb/0x00c4b398500645eb5da00a1a379a88b11683ba01.sol:58:7: Warning: Invoking events without "emit" prefix is deprecated.
      OwnershipTransferCompleted(owner);
      ^-------------------------------^
/sb/0x00c4b398500645eb5da00a1a379a88b11683ba01.sol:113:7: Warning: Invoking events without "emit" prefix is deprecated.
      OpsAddressUpdated(opsAddress);
      ^---------------------------^
/sb/0x00c4b398500645eb5da00a1a379a88b11683ba01.sol:149:7: Warning: Invoking events without "emit" prefix is deprecated.
      Finalized();
      ^---------^
/sb/0x00c4b398500645eb5da00a1a379a88b11683ba01.sol:263:7: Warning: Invoking events without "emit" prefix is deprecated.
      Transfer(0x0, _initialTokenHolder, _totalSupply);
      ^----------------------------------------------^
/sb/0x00c4b398500645eb5da00a1a379a88b11683ba01.sol:301:7: Warning: Invoking events without "emit" prefix is deprecated.
      Transfer(msg.sender, _to, _value);
      ^-------------------------------^
/sb/0x00c4b398500645eb5da00a1a379a88b11683ba01.sol:312:7: Warning: Invoking events without "emit" prefix is deprecated.
      Transfer(_from, _to, _value);
      ^--------------------------^
/sb/0x00c4b398500645eb5da00a1a379a88b11683ba01.sol:321:7: Warning: Invoking events without "emit" prefix is deprecated.
      Approval(msg.sender, _spender, _value);
      ^------------------------------------^
/sb/0x00c4b398500645eb5da00a1a379a88b11683ba01.sol:342:1: Warning: Base constructor arguments given twice.
contract FinalizableToken is ERC20Token, OpsManaged, Finalizable {
^ (Relevant source part starts here and spans across multiple lines).
/sb/0x00c4b398500645eb5da00a1a379a88b11683ba01.sol:86:7: First constructor call is here: 
      Owned()
      ^-----^
/sb/0x00c4b398500645eb5da00a1a379a88b11683ba01.sol:138:7: Second constructor call is here: 
      Owned()
      ^-----^

/sb/0x00c4b398500645eb5da00a1a379a88b11683ba01.sol:423:1: Warning: Base constructor arguments given twice.
contract EximchainToken is FinalizableToken, EximchainTokenConfig {
^ (Relevant source part starts here and spans across multiple lines).
/sb/0x00c4b398500645eb5da00a1a379a88b11683ba01.sol:86:7: First constructor call is here: 
      Owned()
      ^-----^
/sb/0x00c4b398500645eb5da00a1a379a88b11683ba01.sol:138:7: Second constructor call is here: 
      Owned()
      ^-----^

/sb/0x00c4b398500645eb5da00a1a379a88b11683ba01.sol:469:7: Warning: Invoking events without "emit" prefix is deprecated.
      TokensBurnt(account, _amount);
      ^---------------------------^
/sb/0x00c4b398500645eb5da00a1a379a88b11683ba01.sol:488:7: Warning: Invoking events without "emit" prefix is deprecated.
      Transfer(account, owner, amount);
      ^------------------------------^
/sb/0x00c4b398500645eb5da00a1a379a88b11683ba01.sol:490:7: Warning: Invoking events without "emit" prefix is deprecated.
      TokensReclaimed(amount);
      ^---------------------^
/sb/0x00c4b398500645eb5da00a1a379a88b11683ba01.sol:504:7: Warning: Invoking events without "emit" prefix is deprecated.
      Frozen();
      ^------^


Owned.onlyOwner() (../../sb/0x00c4b398500645eb5da00a1a379a88b11683ba01.sol#28-31) compares to a boolean constant:
	-require(bool)(isOwner(msg.sender) == true) (../../sb/0x00c4b398500645eb5da00a1a379a88b11683ba01.sol#29)
Reference: https://github.com/crytic/slither/wiki/Detector-Documentation#boolean-equality

Version constraint ^0.4.18 contains known severe issues (https://solidity.readthedocs.io/en/latest/bugs.html)
	- DirtyBytesArrayToStorage
	- ABIDecodeTwoDimensionalArrayMemory
	- KeccakCaching
	- EmptyByteArrayCopy
	- DynamicArrayCleanup
	- ImplicitConstructorCallvalueCheck
	- TupleAssignmentMultiStackSlotComponents
	- MemoryArrayCreationOverflow
	- privateCanBeOverridden
	- SignedArrayStorageCopy
	- ABIEncoderV2StorageArrayWithMultiSlotElement
	- DynamicConstructorArgumentsClippedABIV2
	- UninitializedFunctionPointerInConstructor_0.4.x
	- IncorrectEventSignatureInLibraries_0.4.x
	- ExpExponentCleanup
	- EventStructWrongData
	- NestedArrayFunctionCallDecoder.
It is used by:
	- ^0.4.18 (../../sb/0x00c4b398500645eb5da00a1a379a88b11683ba01.sol#1)
solc-0.4.26 is an outdated solc version. Use a more recent version (at least 0.8.0), if possible.
Reference: https://github.com/crytic/slither/wiki/Detector-Documentation#incorrect-versions-of-solidity

Parameter Owned.isOwner(address)._address (../../sb/0x00c4b398500645eb5da00a1a379a88b11683ba01.sol#34) is not in mixedCase
Parameter Owned.initiateOwnershipTransfer(address)._proposedOwner (../../sb/0x00c4b398500645eb5da00a1a379a88b11683ba01.sol#39) is not in mixedCase
Parameter OpsManaged.isOps(address)._address (../../sb/0x00c4b398500645eb5da00a1a379a88b11683ba01.sol#97) is not in mixedCase
Parameter OpsManaged.isOwnerOrOps(address)._address (../../sb/0x00c4b398500645eb5da00a1a379a88b11683ba01.sol#102) is not in mixedCase
Parameter OpsManaged.setOpsAddress(address)._newOpsAddress (../../sb/0x00c4b398500645eb5da00a1a379a88b11683ba01.sol#107) is not in mixedCase
Parameter ERC20Token.balanceOf(address)._owner (../../sb/0x00c4b398500645eb5da00a1a379a88b11683ba01.sol#287) is not in mixedCase
Parameter ERC20Token.allowance(address,address)._owner (../../sb/0x00c4b398500645eb5da00a1a379a88b11683ba01.sol#292) is not in mixedCase
Parameter ERC20Token.allowance(address,address)._spender (../../sb/0x00c4b398500645eb5da00a1a379a88b11683ba01.sol#292) is not in mixedCase
Parameter ERC20Token.transfer(address,uint256)._to (../../sb/0x00c4b398500645eb5da00a1a379a88b11683ba01.sol#297) is not in mixedCase
Parameter ERC20Token.transfer(address,uint256)._value (../../sb/0x00c4b398500645eb5da00a1a379a88b11683ba01.sol#297) is not in mixedCase
Parameter ERC20Token.transferFrom(address,address,uint256)._from (../../sb/0x00c4b398500645eb5da00a1a379a88b11683ba01.sol#307) is not in mixedCase
Parameter ERC20Token.transferFrom(address,address,uint256)._to (../../sb/0x00c4b398500645eb5da00a1a379a88b11683ba01.sol#307) is not in mixedCase
Parameter ERC20Token.transferFrom(address,address,uint256)._value (../../sb/0x00c4b398500645eb5da00a1a379a88b11683ba01.sol#307) is not in mixedCase
Parameter ERC20Token.approve(address,uint256)._spender (../../sb/0x00c4b398500645eb5da00a1a379a88b11683ba01.sol#318) is not in mixedCase
Parameter ERC20Token.approve(address,uint256)._value (../../sb/0x00c4b398500645eb5da00a1a379a88b11683ba01.sol#318) is not in mixedCase
Parameter FinalizableToken.transfer(address,uint256)._to (../../sb/0x00c4b398500645eb5da00a1a379a88b11683ba01.sol#356) is not in mixedCase
Parameter FinalizableToken.transfer(address,uint256)._value (../../sb/0x00c4b398500645eb5da00a1a379a88b11683ba01.sol#356) is not in mixedCase
Parameter FinalizableToken.transferFrom(address,address,uint256)._from (../../sb/0x00c4b398500645eb5da00a1a379a88b11683ba01.sol#363) is not in mixedCase
Parameter FinalizableToken.transferFrom(address,address,uint256)._to (../../sb/0x00c4b398500645eb5da00a1a379a88b11683ba01.sol#363) is not in mixedCase
Parameter FinalizableToken.transferFrom(address,address,uint256)._value (../../sb/0x00c4b398500645eb5da00a1a379a88b11683ba01.sol#363) is not in mixedCase
Parameter FinalizableToken.validateTransfer(address,address)._sender (../../sb/0x00c4b398500645eb5da00a1a379a88b11683ba01.sol#370) is not in mixedCase
Parameter FinalizableToken.validateTransfer(address,address)._to (../../sb/0x00c4b398500645eb5da00a1a379a88b11683ba01.sol#370) is not in mixedCase
Parameter EximchainToken.transfer(address,uint256)._to (../../sb/0x00c4b398500645eb5da00a1a379a88b11683ba01.sol#444) is not in mixedCase
Parameter EximchainToken.transfer(address,uint256)._value (../../sb/0x00c4b398500645eb5da00a1a379a88b11683ba01.sol#444) is not in mixedCase
Parameter EximchainToken.transferFrom(address,address,uint256)._from (../../sb/0x00c4b398500645eb5da00a1a379a88b11683ba01.sol#451) is not in mixedCase
Parameter EximchainToken.transferFrom(address,address,uint256)._to (../../sb/0x00c4b398500645eb5da00a1a379a88b11683ba01.sol#451) is not in mixedCase
Parameter EximchainToken.transferFrom(address,address,uint256)._value (../../sb/0x00c4b398500645eb5da00a1a379a88b11683ba01.sol#451) is not in mixedCase
Parameter EximchainToken.burn(uint256)._amount (../../sb/0x00c4b398500645eb5da00a1a379a88b11683ba01.sol#460) is not in mixedCase
Reference: https://github.com/crytic/slither/wiki/Detector-Documentation#conformance-to-solidity-naming-conventions

EximchainToken.slitherConstructorConstantVariables() (../../sb/0x00c4b398500645eb5da00a1a379a88b11683ba01.sol#423-509) uses literals with too many digits:
	- TOKEN_TOTALSUPPLY = 150000000 * DECIMALSFACTOR (../../sb/0x00c4b398500645eb5da00a1a379a88b11683ba01.sol#405)
Reference: https://github.com/crytic/slither/wiki/Detector-Documentation#too-many-digits
/sb/0x00c4b398500645eb5da00a1a379a88b11683ba01.sol analyzed (9 contracts with 93 detectors), 32 result(s) found
