'solc --version' running
'solc /sb/0x824bc5ab53f9e58592703483fdbc8a7c954bf635.sol --combined-json abi,ast,bin,bin-runtime,srcmap,srcmap-runtime,userdoc,devdoc,hashes,compact-format --allow-paths .,/sb' running
Compilation warnings/errors on /sb/0x824bc5ab53f9e58592703483fdbc8a7c954bf635.sol:
/sb/0x824bc5ab53f9e58592703483fdbc8a7c954bf635.sol:199:3: Warning: Defining constructors as functions with the same name as the contract is deprecated. Use "constructor(...) { ... }" instead.
  function Ownable() {
  ^ (Relevant source part starts here and spans across multiple lines).
/sb/0x824bc5ab53f9e58592703483fdbc8a7c954bf635.sol:79:5: Warning: Invoking events without "emit" prefix is deprecated.
    Transfer(msg.sender, _to, _value);
    ^-------------------------------^
/sb/0x824bc5ab53f9e58592703483fdbc8a7c954bf635.sol:125:5: Warning: Invoking events without "emit" prefix is deprecated.
    Transfer(_from, _to, _value);
    ^--------------------------^
/sb/0x824bc5ab53f9e58592703483fdbc8a7c954bf635.sol:141:5: Warning: Invoking events without "emit" prefix is deprecated.
    Approval(msg.sender, _spender, _value);
    ^------------------------------------^
/sb/0x824bc5ab53f9e58592703483fdbc8a7c954bf635.sol:164:5: Warning: Invoking events without "emit" prefix is deprecated.
    Approval(msg.sender, _spender, allowed[msg.sender][_spender]);
    ^-----------------------------------------------------------^
/sb/0x824bc5ab53f9e58592703483fdbc8a7c954bf635.sol:176:5: Warning: Invoking events without "emit" prefix is deprecated.
    Approval(msg.sender, _spender, allowed[msg.sender][_spender]);
    ^-----------------------------------------------------------^
/sb/0x824bc5ab53f9e58592703483fdbc8a7c954bf635.sol:219:5: Warning: Invoking events without "emit" prefix is deprecated.
    OwnershipTransferred(owner, newOwner);
    ^-----------------------------------^
/sb/0x824bc5ab53f9e58592703483fdbc8a7c954bf635.sol:253:5: Warning: Invoking events without "emit" prefix is deprecated.
    Mint(_to, _amount);
    ^----------------^
/sb/0x824bc5ab53f9e58592703483fdbc8a7c954bf635.sol:254:5: Warning: Invoking events without "emit" prefix is deprecated.
    Transfer(0x0, _to, _amount);
    ^-------------------------^
/sb/0x824bc5ab53f9e58592703483fdbc8a7c954bf635.sol:264:5: Warning: Invoking events without "emit" prefix is deprecated.
    MintFinished();
    ^------------^
/sb/0x824bc5ab53f9e58592703483fdbc8a7c954bf635.sol:161:3: Warning: No visibility specified. Defaulting to "public". 
  function increaseApproval (address _spender, uint _addedValue)
  ^ (Relevant source part starts here and spans across multiple lines).
/sb/0x824bc5ab53f9e58592703483fdbc8a7c954bf635.sol:168:3: Warning: No visibility specified. Defaulting to "public". 
  function decreaseApproval (address _spender, uint _subtractedValue)
  ^ (Relevant source part starts here and spans across multiple lines).
/sb/0x824bc5ab53f9e58592703483fdbc8a7c954bf635.sol:199:3: Warning: No visibility specified. Defaulting to "public". 
  function Ownable() {
  ^ (Relevant source part starts here and spans across multiple lines).
/sb/0x824bc5ab53f9e58592703483fdbc8a7c954bf635.sol:9:3: Warning: Function state mutability can be restricted to pure
  function mul(uint256 a, uint256 b) internal constant returns (uint256) {
  ^ (Relevant source part starts here and spans across multiple lines).
/sb/0x824bc5ab53f9e58592703483fdbc8a7c954bf635.sol:15:3: Warning: Function state mutability can be restricted to pure
  function div(uint256 a, uint256 b) internal constant returns (uint256) {
  ^ (Relevant source part starts here and spans across multiple lines).
/sb/0x824bc5ab53f9e58592703483fdbc8a7c954bf635.sol:22:3: Warning: Function state mutability can be restricted to pure
  function sub(uint256 a, uint256 b) internal constant returns (uint256) {
  ^ (Relevant source part starts here and spans across multiple lines).
/sb/0x824bc5ab53f9e58592703483fdbc8a7c954bf635.sol:27:3: Warning: Function state mutability can be restricted to pure
  function add(uint256 a, uint256 b) internal constant returns (uint256) {
  ^ (Relevant source part starts here and spans across multiple lines).


Version constraint ^0.4.18 contains known severe issues (https://solidity.readthedocs.io/en/latest/bugs.html)
	- DirtyBytesArrayToStorage
	- ABIDecodeTwoDimensionalArrayMemory
	- KeccakCaching
	- EmptyByteArrayCopy
	- DynamicArrayCleanup
	- ImplicitConstructorCallvalueCheck
	- TupleAssignmentMultiStackSlotComponents
	- MemoryArrayCreationOverflow
	- privateCanBeOverridden
	- SignedArrayStorageCopy
	- ABIEncoderV2StorageArrayWithMultiSlotElement
	- DynamicConstructorArgumentsClippedABIV2
	- UninitializedFunctionPointerInConstructor_0.4.x
	- IncorrectEventSignatureInLibraries_0.4.x
	- ExpExponentCleanup
	- EventStructWrongData
	- NestedArrayFunctionCallDecoder.
It is used by:
	- ^0.4.18 (../../sb/0x824bc5ab53f9e58592703483fdbc8a7c954bf635.sol#1)
solc-0.4.26 is an outdated solc version. Use a more recent version (at least 0.8.0), if possible.
Reference: https://github.com/crytic/slither/wiki/Detector-Documentation#incorrect-versions-of-solidity

Parameter BasicToken.transfer(address,uint256)._to (../../sb/0x824bc5ab53f9e58592703483fdbc8a7c954bf635.sol#73) is not in mixedCase
Parameter BasicToken.transfer(address,uint256)._value (../../sb/0x824bc5ab53f9e58592703483fdbc8a7c954bf635.sol#73) is not in mixedCase
Parameter BasicToken.balanceOf(address)._owner (../../sb/0x824bc5ab53f9e58592703483fdbc8a7c954bf635.sol#88) is not in mixedCase
Parameter StandardToken.transferFrom(address,address,uint256)._from (../../sb/0x824bc5ab53f9e58592703483fdbc8a7c954bf635.sol#114) is not in mixedCase
Parameter StandardToken.transferFrom(address,address,uint256)._to (../../sb/0x824bc5ab53f9e58592703483fdbc8a7c954bf635.sol#114) is not in mixedCase
Parameter StandardToken.transferFrom(address,address,uint256)._value (../../sb/0x824bc5ab53f9e58592703483fdbc8a7c954bf635.sol#114) is not in mixedCase
Parameter StandardToken.approve(address,uint256)._spender (../../sb/0x824bc5ab53f9e58592703483fdbc8a7c954bf635.sol#139) is not in mixedCase
Parameter StandardToken.approve(address,uint256)._value (../../sb/0x824bc5ab53f9e58592703483fdbc8a7c954bf635.sol#139) is not in mixedCase
Parameter StandardToken.allowance(address,address)._owner (../../sb/0x824bc5ab53f9e58592703483fdbc8a7c954bf635.sol#151) is not in mixedCase
Parameter StandardToken.allowance(address,address)._spender (../../sb/0x824bc5ab53f9e58592703483fdbc8a7c954bf635.sol#151) is not in mixedCase
Parameter StandardToken.increaseApproval(address,uint256)._spender (../../sb/0x824bc5ab53f9e58592703483fdbc8a7c954bf635.sol#161) is not in mixedCase
Parameter StandardToken.increaseApproval(address,uint256)._addedValue (../../sb/0x824bc5ab53f9e58592703483fdbc8a7c954bf635.sol#161) is not in mixedCase
Parameter StandardToken.decreaseApproval(address,uint256)._spender (../../sb/0x824bc5ab53f9e58592703483fdbc8a7c954bf635.sol#168) is not in mixedCase
Parameter StandardToken.decreaseApproval(address,uint256)._subtractedValue (../../sb/0x824bc5ab53f9e58592703483fdbc8a7c954bf635.sol#168) is not in mixedCase
Parameter MintableToken.mint(address,uint256)._to (../../sb/0x824bc5ab53f9e58592703483fdbc8a7c954bf635.sol#250) is not in mixedCase
Parameter MintableToken.mint(address,uint256)._amount (../../sb/0x824bc5ab53f9e58592703483fdbc8a7c954bf635.sol#250) is not in mixedCase
Reference: https://github.com/crytic/slither/wiki/Detector-Documentation#conformance-to-solidity-naming-conventions

YobCoin.decimals (../../sb/0x824bc5ab53f9e58592703483fdbc8a7c954bf635.sol#273) should be constant 
YobCoin.name (../../sb/0x824bc5ab53f9e58592703483fdbc8a7c954bf635.sol#271) should be constant 
YobCoin.symbol (../../sb/0x824bc5ab53f9e58592703483fdbc8a7c954bf635.sol#272) should be constant 
Reference: https://github.com/crytic/slither/wiki/Detector-Documentation#state-variables-that-could-be-declared-constant
/sb/0x824bc5ab53f9e58592703483fdbc8a7c954bf635.sol analyzed (8 contracts with 93 detectors), 21 result(s) found
