2025-09-03 23:11:12,629: [11] m.main:INFO: Registered plugins: IntrospectionAPIPlugin, <class 'manticore.ethereum.plugins.SkipRevertBasicBlocks'>, <class 'manticore.ethereum.plugins.FilterFunctions'>
2025-09-03 23:11:12,629: [11] m.main:INFO: Beginning analysis
2025-09-03 23:11:12,631: [11] m.e.manticore:INFO: Starting symbolic create contract
2025-09-03 23:11:13,343: [11] m.e.manticore:INFO: Starting symbolic transaction: 0
2025-09-03 23:11:15,847: [11] m.e.manticore:INFO: Found a concrete globalsha3 b'\x00\x00\x00\x00\x00\x00\x00\x00\x00\x00\x00\x00\x00\x00\x00\x00\x00\x00\x00\x00\x00\x00\x00\x00\x00\x00\x00\x00\x00\x02\x00\x00\x00\x00\x00\x00\x00\x00\x00\x00\x00\x00\x00\x00\x00\x00\x00\x00\x00\x00\x00\x00\x00\x00\x00\x00\x00\x00\x00\x00\x00\x00\x00\x00' -> 73138091548938366139099779971772605061518111956507126412222883840269740007539
2025-09-03 23:11:18,643: [11] m.e.manticore:INFO: Found a concrete globalsha3 b'\x00\x00\x00\x00\x00\x00\x00\x00\x00\x00\x00\x00\x00\x00\x00\x00\x00\x00\x00\x00\x00\x00\x00\x00\x00\x00\x00\x00\x00\x02\x00\x00\x00\x00\x00\x00\x00\x00\x00\x00\x00\x00\x00\x00\x00\x00\x00\x00\x00\x00\x00\x00\x00\x00\x00\x00\x00\x00\x00\x00\x00\x00\x00\x01' -> 27376155845717860833342594873357525089589924219251518322086369159840883582034
2025-09-03 23:11:19,129: [11] m.e.manticore:INFO: 2 alive states, 2 terminated states
2025-09-03 23:11:19,552: [11] m.e.manticore:INFO: Starting symbolic transaction: 1
2025-09-03 23:11:36,038: [11] m.e.manticore:INFO: 4 alive states, 4 terminated states
2025-09-03 23:11:36,476: [11] m.e.manticore:INFO: Starting symbolic transaction: 2
2025-09-03 23:12:25,767: [11] m.e.manticore:INFO: 9 alive states, 7 terminated states
2025-09-03 23:12:26,074: [11] m.e.manticore:INFO: Starting symbolic transaction: 3
2025-09-03 23:14:37,766: [11] m.e.manticore:INFO: 21 alive states, 13 terminated states
2025-09-03 23:14:39,998: [126] m.c.manticore:INFO: Generated testcase No. 0 - STOP(5 txs)
2025-09-03 23:14:39,999: [126] m.c.plugin:WARNING: Caught will_solve in state None, but failed to capture its initialization
2025-09-03 23:14:40,138: [133] m.c.manticore:INFO: Generated testcase No. 1 - STOP(5 txs)
2025-09-03 23:14:40,146: [133] m.c.plugin:WARNING: Caught will_solve in state None, but failed to capture its initialization
2025-09-03 23:14:40,239: [127] m.c.manticore:INFO: Generated testcase No. 2 - STOP(5 txs)
2025-09-03 23:14:40,240: [127] m.c.plugin:WARNING: Caught will_solve in state None, but failed to capture its initialization
2025-09-03 23:14:40,360: [139] m.c.manticore:INFO: Generated testcase No. 3 - STOP(5 txs)
2025-09-03 23:14:40,360: [139] m.c.plugin:WARNING: Caught will_solve in state None, but failed to capture its initialization
2025-09-03 23:14:40,670: [130] m.c.manticore:INFO: Generated testcase No. 4 - STOP(5 txs)
2025-09-03 23:14:40,674: [130] m.c.plugin:WARNING: Caught will_solve in state None, but failed to capture its initialization
2025-09-03 23:14:40,725: [134] m.c.manticore:INFO: Generated testcase No. 5 - STOP(5 txs)
2025-09-03 23:14:40,726: [134] m.c.plugin:WARNING: Caught will_solve in state None, but failed to capture its initialization
2025-09-03 23:14:40,795: [135] m.c.manticore:INFO: Generated testcase No. 6 - STOP(5 txs)
2025-09-03 23:14:40,796: [135] m.c.plugin:WARNING: Caught will_solve in state None, but failed to capture its initialization
2025-09-03 23:14:40,841: [129] m.c.manticore:INFO: Generated testcase No. 7 - STOP(5 txs)
2025-09-03 23:14:40,845: [129] m.c.plugin:WARNING: Caught will_solve in state None, but failed to capture its initialization
2025-09-03 23:14:41,203: [141] m.c.manticore:INFO: Generated testcase No. 8 - STOP(5 txs)
2025-09-03 23:14:41,204: [141] m.c.plugin:WARNING: Caught will_solve in state None, but failed to capture its initialization
2025-09-03 23:14:41,287: [144] m.c.manticore:INFO: Generated testcase No. 9 - STOP(5 txs)
2025-09-03 23:14:41,291: [144] m.c.plugin:WARNING: Caught will_solve in state None, but failed to capture its initialization
2025-09-03 23:14:41,892: [132] m.c.manticore:INFO: Generated testcase No. 10 - STOP(5 txs)
2025-09-03 23:14:41,893: [132] m.c.plugin:WARNING: Caught will_solve in state None, but failed to capture its initialization
2025-09-03 23:14:42,725: [136] m.c.manticore:INFO: Generated testcase No. 11 - STOP(5 txs)
2025-09-03 23:14:42,733: [136] m.c.plugin:WARNING: Caught will_solve in state None, but failed to capture its initialization
2025-09-03 23:15:06,485: [133] m.c.manticore:INFO: Generated testcase No. 12 - STOP(5 txs)
2025-09-03 23:15:06,768: [139] m.c.manticore:INFO: Generated testcase No. 13 - STOP(5 txs)
2025-09-03 23:15:12,528: [134] m.c.manticore:INFO: Generated testcase No. 14 - STOP(5 txs)
2025-09-03 23:15:16,048: [126] m.c.manticore:INFO: Generated testcase No. 15 - STOP(5 txs)
2025-09-03 23:15:17,909: [130] m.c.manticore:INFO: Generated testcase No. 16 - STOP(5 txs)
2025-09-03 23:15:18,834: [127] m.c.manticore:INFO: Generated testcase No. 17 - STOP(5 txs)
2025-09-03 23:15:19,449: [135] m.c.manticore:INFO: Generated testcase No. 18 - STOP(5 txs)
2025-09-03 23:15:20,473: [141] m.c.manticore:INFO: Generated testcase No. 19 - STOP(5 txs)
2025-09-03 23:15:20,495: [129] m.c.manticore:INFO: Generated testcase No. 20 - STOP(5 txs)
2025-09-03 23:15:59,427: [11] m.c.manticore:INFO: Results in /mcore_u_cmqnjn
2025-09-03 23:15:59,427: [11] m.c.manticore:INFO: Total time: 213.0681631565094
