Extract contract Log from /sb/0x7a8721a9d64c74da899424c1b52acbf58ddc9782.sol
Extract contract PrivateDeposit from /sb/0x7a8721a9d64c74da899424c1b52acbf58ddc9782.sol
Extracted 2 contract(s) from /sb/0x7a8721a9d64c74da899424c1b52acbf58ddc9782.sol
[0;32m> Created "fuzzMe"[0m
[0;32m> To fuzz contracts:[0m
  chmod +x fuzzMe
  ./fuzzMe
contracts/PrivateDeposit.sol:23:5: Warning: Defining constructors as functions with the same name as the contract is deprecated. Use "constructor(...) { ... }" instead.
    function PrivateDeposit()
    ^ (Relevant source part starts here and spans across multiple lines).
contracts/PrivateDeposit.sol:23:5: Warning: No visibility specified. Defaulting to "public". 
    function PrivateDeposit()
    ^ (Relevant source part starts here and spans across multiple lines).
contracts/PrivateDeposit.sol:31:5: Warning: No visibility specified. Defaulting to "public". 
    function setLog(address _lib) onlyOwner
    ^ (Relevant source part starts here and spans across multiple lines).
contracts/PrivateDeposit.sol:47:5: Warning: No visibility specified. Defaulting to "public". 
    function CashOut(uint _am)
    ^ (Relevant source part starts here and spans across multiple lines).
contracts/Log.sol:23:5: Warning: Defining constructors as functions with the same name as the contract is deprecated. Use "constructor(...) { ... }" instead.
    function PrivateDeposit()
    ^ (Relevant source part starts here and spans across multiple lines).
contracts/Log.sol:23:5: Warning: No visibility specified. Defaulting to "public". 
    function PrivateDeposit()
    ^ (Relevant source part starts here and spans across multiple lines).
contracts/Log.sol:31:5: Warning: No visibility specified. Defaulting to "public". 
    function setLog(address _lib) onlyOwner
    ^ (Relevant source part starts here and spans across multiple lines).
contracts/Log.sol:47:5: Warning: No visibility specified. Defaulting to "public". 
    function CashOut(uint _am)
    ^ (Relevant source part starts here and spans across multiple lines).
assets/NormalAttacker.sol:5:3: Warning: No visibility specified. Defaulting to "public". 
  function() payable {
  ^ (Relevant source part starts here and spans across multiple lines).
assets/ReentrancyAttacker.sol:8:7: Warning: Return value of low-level calls not used.
      msg.sender.call(bytes4(255));
      ^--------------------------^
assets/ReentrancyAttacker.sol:5:3: Warning: No visibility specified. Defaulting to "public". 
  function() payable {
  ^ (Relevant source part starts here and spans across multiple lines).
>> Fuzz PrivateDeposit
** Write stats: 0.011394
** Write stats: 5.00296
** Write stats: 10.0013
** Write stats: 15.0007
** Write stats: 20.0006
** Write stats: 25.0061
** Write stats: 30.0012
** Write stats: 35.0049
** Write stats: 40.0082
** Write stats: 45.0028
** Write stats: 50.0063
** Write stats: 55.0019
** Write stats: 60.0054
** Write stats: 65.0057
** Write stats: 70.0065
** Write stats: 75.003
** Write stats: 80.0038
** Write stats: 85.0048
** Write stats: 90.0026
** Write stats: 95.0054
** Write stats: 100.007
** Write stats: 105.007
** Write stats: 110.03
** Write stats: 115.002
** Write stats: 120.001
** Write stats: 125.005
** Write stats: 130.006
** Write stats: 135.003
** Write stats: 140.006
** Write stats: 145.016
** Write stats: 148.026
>> Fuzz Log
** Write stats: 0.004548
** Write stats: 5.00908
** Write stats: 10.0059
** Write stats: 15.0112
** Write stats: 20.0165
** Write stats: 25.0143
** Write stats: 30.0028
** Write stats: 35.0236
** Write stats: 40.0095
** Write stats: 45.0022
** Write stats: 50.0469
** Write stats: 55.0149
** Write stats: 60.0527
** Write stats: 65.0264
** Write stats: 70.0184
** Write stats: 75.0268
** Write stats: 80.0115
** Write stats: 85.037
** Write stats: 90.0627
** Write stats: 95.0703
** Write stats: 100.062
** Write stats: 105.002
** Write stats: 110.051
** Write stats: 115.02
** Write stats: 120.012
** Write stats: 125.017
** Write stats: 130.071
** Write stats: 135.063
** Write stats: 140.022
** Write stats: 145.014
** Write stats: 148.085
