Extract contract IntegerOverflowAdd from /sb/integer_overflow_add.sol
Extracted 1 contract(s) from /sb/integer_overflow_add.sol
[0;32m> Created "fuzzMe"[0m
[0;32m> To fuzz contracts:[0m
  chmod +x fuzzMe
  ./fuzzMe
assets/NormalAttacker.sol:5:3: Warning: No visibility specified. Defaulting to "public". 
  function() payable {
  ^ (Relevant source part starts here and spans across multiple lines).
assets/ReentrancyAttacker.sol:8:7: Warning: Return value of low-level calls not used.
      msg.sender.call(bytes4(255));
      ^--------------------------^
assets/ReentrancyAttacker.sol:5:3: Warning: No visibility specified. Defaulting to "public". 
  function() payable {
  ^ (Relevant source part starts here and spans across multiple lines).
>> Fuzz IntegerOverflowAdd
** Write stats: 0.008434
** Write stats: 5.00038
** Write stats: 10
** Write stats: 15.0001
** Write stats: 20.0001
** Write stats: 25.0001
** Write stats: 30.0001
** Write stats: 35.0001
** Write stats: 40
** Write stats: 45.0001
** Write stats: 50.0001
** Write stats: 55.0001
** Write stats: 60.0008
** Write stats: 65.0001
** Write stats: 70.0001
** Write stats: 75.0001
** Write stats: 80.0001
** Write stats: 85.0001
** Write stats: 90.0001
** Write stats: 95.0001
** Write stats: 100.003
** Write stats: 105
** Write stats: 110.002
** Write stats: 115
** Write stats: 120.001
** Write stats: 125
** Write stats: 130
** Write stats: 135.002
** Write stats: 140
** Write stats: 145
** Write stats: 150
** Write stats: 155
** Write stats: 165.189
** Write stats: 170.035
** Write stats: 175.002
** Write stats: 180.003
** Write stats: 185.004
** Write stats: 190.002
** Write stats: 195.002
** Write stats: 200.003
** Write stats: 205
** Write stats: 210.001
** Write stats: 215.001
** Write stats: 220
** Write stats: 225
** Write stats: 230.004
** Write stats: 235.006
** Write stats: 240
** Write stats: 245.001
** Write stats: 250
** Write stats: 255
** Write stats: 260
** Write stats: 265
** Write stats: 270
** Write stats: 275
** Write stats: 280
** Write stats: 285
** Write stats: 290
** Write stats: 295
** Write stats: 298.002
