Extract contract Reentrance from /sb/reentrance.sol
Extracted 1 contract(s) from /sb/reentrance.sol
[0;32m> Created "fuzzMe"[0m
[0;32m> To fuzz contracts:[0m
  chmod +x fuzzMe
  ./fuzzMe
assets/NormalAttacker.sol:5:3: Warning: No visibility specified. Defaulting to "public". 
  function() payable {
  ^ (Relevant source part starts here and spans across multiple lines).
assets/ReentrancyAttacker.sol:8:7: Warning: Return value of low-level calls not used.
      msg.sender.call(bytes4(255));
      ^--------------------------^
assets/ReentrancyAttacker.sol:5:3: Warning: No visibility specified. Defaulting to "public". 
  function() payable {
  ^ (Relevant source part starts here and spans across multiple lines).
>> Fuzz Reentrance
** Write stats: 0.009776
** Write stats: 5.0036
** Write stats: 10.0074
** Write stats: 15.006
** Write stats: 20.0009
** Write stats: 25.0036
** Write stats: 30.0013
** Write stats: 35.0004
** Write stats: 40.001
** Write stats: 45.0073
** Write stats: 50.0093
** Write stats: 55.0036
** Write stats: 60.0049
** Write stats: 65.0016
** Write stats: 70.011
** Write stats: 75.0014
** Write stats: 80.0053
** Write stats: 85.0069
** Write stats: 90.0076
** Write stats: 95.0181
** Write stats: 100.007
** Write stats: 105.003
** Write stats: 110.014
** Write stats: 115.011
** Write stats: 120.016
** Write stats: 125.005
** Write stats: 130.007
** Write stats: 135.006
** Write stats: 140.005
** Write stats: 145.012
** Write stats: 150.007
** Write stats: 155.001
** Write stats: 160.006
** Write stats: 165.005
** Write stats: 170.006
** Write stats: 175.011
** Write stats: 180.018
** Write stats: 185.016
** Write stats: 190.001
** Write stats: 195.007
** Write stats: 200.007
** Write stats: 205.002
** Write stats: 210.018
** Write stats: 215.017
** Write stats: 220.001
** Write stats: 225.014
** Write stats: 230.007
** Write stats: 235.007
** Write stats: 240.009
** Write stats: 245.011
** Write stats: 250.006
** Write stats: 255.001
** Write stats: 260.009
** Write stats: 265.01
** Write stats: 270.003
** Write stats: 275.021
** Write stats: 280.017
** Write stats: 285.003
** Write stats: 290.02
** Write stats: 295.01
** Write stats: 298.028
