2025-07-03 17:05:10,895: [11] m.main:INFO: Registered plugins: IntrospectionAPIPlugin, <class 'manticore.ethereum.plugins.SkipRevertBasicBlocks'>, <class 'manticore.ethereum.plugins.FilterFunctions'>
2025-07-03 17:05:10,896: [11] m.main:INFO: Beginning analysis
2025-07-03 17:05:10,897: [11] m.e.manticore:INFO: Starting symbolic create contract
2025-07-03 17:05:11,246: [11] m.e.manticore:INFO: Starting symbolic transaction: 0
2025-07-03 17:05:11,718: [11] m.c.worker:ERROR: Exception in state 0: ManticoreError('Forking on unfeasible constraint set')
Traceback (most recent call last):
  File "/usr/local/lib/python3.7/dist-packages/manticore/core/worker.py", line 137, in run
    current_state.execute()
  File "/usr/local/lib/python3.7/dist-packages/manticore/ethereum/state.py", line 8, in execute
    return self._platform.execute()
  File "/usr/local/lib/python3.7/dist-packages/manticore/platforms/evm.py", line 3106, in execute
    self.current_vm.execute()
  File "/usr/local/lib/python3.7/dist-packages/manticore/platforms/evm.py", line 1322, in execute
    raise Concretize("Symbolic PC", expression=expression, setstate=setstate, policy="ALL")
manticore.core.state.Concretize

During handling of the above exception, another exception occurred:

Traceback (most recent call last):
  File "/usr/local/lib/python3.7/dist-packages/manticore/core/worker.py", line 158, in run
    m._fork(current_state, exc.expression, exc.policy, exc.setstate, exc.values)
  File "/usr/local/lib/python3.7/dist-packages/manticore/core/manticore.py", line 518, in _fork
    raise ManticoreError("Forking on unfeasible constraint set")
manticore.exceptions.ManticoreError: Forking on unfeasible constraint set
 
2025-07-03 17:05:11,723: [11] m.e.manticore:INFO: 0 alive states, 1 terminated states
2025-07-03 17:05:11,801: [11] m.c.manticore:INFO: Results in /mcore_xxr016lg
2025-07-03 17:05:11,801: [11] m.c.manticore:INFO: Total time: 0.5524775981903076
2025-07-03 17:05:12,231: [67] m.main:INFO: Registered plugins: IntrospectionAPIPlugin, <class 'manticore.ethereum.plugins.SkipRevertBasicBlocks'>, <class 'manticore.ethereum.plugins.FilterFunctions'>
2025-07-03 17:05:12,231: [67] m.main:INFO: Beginning analysis
2025-07-03 17:05:12,232: [67] m.e.manticore:INFO: Starting symbolic create contract
2025-07-03 17:05:12,740: [67] m.e.manticore:INFO: Starting symbolic transaction: 0
2025-07-03 17:05:14,052: [67] m.e.manticore:INFO: Found a concrete globalsha3 b'\x00\x00\x00\x00\x00\x00\x00\x00\x00\x00\x00\x00\x00\x00\x00\x00\x00\x00\x00\x00\x00\x00\x00\x00\x00\x00\x00\x00\x00\x02\x00\x00\x00\x00\x00\x00\x00\x00\x00\x00\x00\x00\x00\x00\x00\x00\x00\x00\x00\x00\x00\x00\x00\x00\x00\x00\x00\x00\x00\x00\x00\x00\x00\x00' -> 73138091548938366139099779971772605061518111956507126412222883840269740007539
2025-07-03 17:05:14,694: [67] m.c.worker:ERROR: Exception in state 2: ManticoreError('Forking on unfeasible constraint set')
Traceback (most recent call last):
  File "/usr/local/lib/python3.7/dist-packages/manticore/core/worker.py", line 137, in run
    current_state.execute()
  File "/usr/local/lib/python3.7/dist-packages/manticore/ethereum/state.py", line 8, in execute
    return self._platform.execute()
  File "/usr/local/lib/python3.7/dist-packages/manticore/platforms/evm.py", line 3106, in execute
    self.current_vm.execute()
  File "/usr/local/lib/python3.7/dist-packages/manticore/platforms/evm.py", line 1322, in execute
    raise Concretize("Symbolic PC", expression=expression, setstate=setstate, policy="ALL")
manticore.core.state.Concretize

During handling of the above exception, another exception occurred:

Traceback (most recent call last):
  File "/usr/local/lib/python3.7/dist-packages/manticore/core/worker.py", line 158, in run
    m._fork(current_state, exc.expression, exc.policy, exc.setstate, exc.values)
  File "/usr/local/lib/python3.7/dist-packages/manticore/core/manticore.py", line 518, in _fork
    raise ManticoreError("Forking on unfeasible constraint set")
manticore.exceptions.ManticoreError: Forking on unfeasible constraint set
 
2025-07-03 17:05:16,077: [67] m.e.manticore:INFO: 0 alive states, 2 terminated states
2025-07-03 17:05:16,161: [67] m.c.manticore:INFO: Results in /mcore_8jmzompf
2025-07-03 17:05:16,161: [67] m.c.manticore:INFO: Total time: 3.414088726043701
2025-07-03 17:05:16,613: [138] m.main:INFO: Registered plugins: IntrospectionAPIPlugin, <class 'manticore.ethereum.plugins.SkipRevertBasicBlocks'>, <class 'manticore.ethereum.plugins.FilterFunctions'>
2025-07-03 17:05:16,614: [138] m.main:INFO: Beginning analysis
2025-07-03 17:05:16,615: [138] m.e.manticore:INFO: Starting symbolic create contract
2025-07-03 17:05:17,071: [138] m.e.manticore:INFO: Starting symbolic transaction: 0
2025-07-03 17:05:24,452: [138] m.e.manticore:INFO: 0 alive states, 6 terminated states
2025-07-03 17:05:24,653: [138] m.c.manticore:INFO: Results in /mcore_mzsm2cxo
2025-07-03 17:05:24,653: [138] m.c.manticore:INFO: Total time: 7.577104568481445
