2025-09-22 02:05:47,636 - Main     - INFO - [1mInitializing seed to 1427655.0[0m
2025-09-22 02:05:47,700 - Fuzzer   - INFO - [1mFuzzing contract [1mSDpay[0m[0m
2025-09-22 02:05:47,872 - Analysis - INFO - [1mGeneration number 0 	 Code coverage: 51.09% (916/1793) 	 Branch coverage: 66.38% (77/116) 	 Transactions: 33 (32 unique)   	 Time: 0.158660888671875[0m
2025-09-22 02:05:48,046 - Analysis - INFO - [1mGeneration number 1 	 Code coverage: 53.65% (962/1793) 	 Branch coverage: 68.10% (79/116) 	 Transactions: 63 (48 unique)   	 Time: 0.3328361511230469[0m
2025-09-22 02:05:48,274 - Analysis - INFO - [1mGeneration number 2 	 Code coverage: 53.65% (962/1793) 	 Branch coverage: 68.10% (79/116) 	 Transactions: 95 (65 unique)   	 Time: 0.5611248016357422[0m
2025-09-22 02:05:48,651 - Analysis - INFO - [1mGeneration number 3 	 Code coverage: 53.99% (968/1793) 	 Branch coverage: 69.83% (81/116) 	 Transactions: 145 (83 unique)   	 Time: 0.9382171630859375[0m
2025-09-22 02:05:48,918 - Analysis - INFO - [1mGeneration number 4 	 Code coverage: 54.16% (971/1793) 	 Branch coverage: 70.69% (82/116) 	 Transactions: 194 (96 unique)   	 Time: 1.2047924995422363[0m
2025-09-22 02:05:49,122 - Analysis - INFO - [1mGeneration number 5 	 Code coverage: 54.16% (971/1793) 	 Branch coverage: 70.69% (82/116) 	 Transactions: 227 (106 unique)   	 Time: 1.4087581634521484[0m
2025-09-22 02:05:49,452 - Analysis - INFO - [1mGeneration number 6 	 Code coverage: 54.16% (971/1793) 	 Branch coverage: 70.69% (82/116) 	 Transactions: 272 (116 unique)   	 Time: 1.7386500835418701[0m
2025-09-22 02:05:49,579 - Analysis - INFO - [1mGeneration number 7 	 Code coverage: 54.16% (971/1793) 	 Branch coverage: 70.69% (82/116) 	 Transactions: 281 (118 unique)   	 Time: 1.8662145137786865[0m
2025-09-22 02:05:49,741 - Analysis - INFO - [1mGeneration number 8 	 Code coverage: 54.16% (971/1793) 	 Branch coverage: 70.69% (82/116) 	 Transactions: 296 (121 unique)   	 Time: 2.0278844833374023[0m
2025-09-22 02:05:49,873 - Analysis - INFO - [1mGeneration number 9 	 Code coverage: 54.16% (971/1793) 	 Branch coverage: 70.69% (82/116) 	 Transactions: 305 (122 unique)   	 Time: 2.1594057083129883[0m
2025-09-22 02:05:49,981 - Analysis - INFO - [1mGeneration number 10 	 Code coverage: 54.16% (971/1793) 	 Branch coverage: 70.69% (82/116) 	 Transactions: 308 (122 unique)   	 Time: 2.2683193683624268[0m
2025-09-22 02:05:50,076 - Analysis - INFO - [1mGeneration number 11 	 Code coverage: 54.16% (971/1793) 	 Branch coverage: 70.69% (82/116) 	 Transactions: 311 (122 unique)   	 Time: 2.3627257347106934[0m
2025-09-22 02:05:50,195 - Analysis - INFO - [1mGeneration number 12 	 Code coverage: 54.16% (971/1793) 	 Branch coverage: 70.69% (82/116) 	 Transactions: 314 (122 unique)   	 Time: 2.482093572616577[0m
2025-09-22 02:05:50,292 - Analysis - INFO - [1mGeneration number 13 	 Code coverage: 54.16% (971/1793) 	 Branch coverage: 70.69% (82/116) 	 Transactions: 317 (122 unique)   	 Time: 2.5785510540008545[0m
2025-09-22 02:05:50,434 - Analysis - INFO - [1mGeneration number 14 	 Code coverage: 54.16% (971/1793) 	 Branch coverage: 70.69% (82/116) 	 Transactions: 320 (122 unique)   	 Time: 2.720979928970337[0m
2025-09-22 02:05:50,558 - Analysis - INFO - [1mGeneration number 15 	 Code coverage: 54.16% (971/1793) 	 Branch coverage: 70.69% (82/116) 	 Transactions: 323 (122 unique)   	 Time: 2.8451521396636963[0m
2025-09-22 02:05:51,119 - Analysis - INFO - [1mGeneration number 16 	 Code coverage: 55.05% (987/1793) 	 Branch coverage: 74.14% (86/116) 	 Transactions: 382 (152 unique)   	 Time: 3.4059317111968994[0m
2025-09-22 02:05:51,403 - Analysis - INFO - [1mGeneration number 17 	 Code coverage: 55.72% (999/1793) 	 Branch coverage: 76.72% (89/116) 	 Transactions: 419 (171 unique)   	 Time: 3.689472198486328[0m
2025-09-22 02:05:51,626 - Analysis - INFO - [1mGeneration number 18 	 Code coverage: 55.72% (999/1793) 	 Branch coverage: 76.72% (89/116) 	 Transactions: 449 (180 unique)   	 Time: 3.912527322769165[0m
2025-09-22 02:05:51,866 - Analysis - INFO - [1mGeneration number 19 	 Code coverage: 55.72% (999/1793) 	 Branch coverage: 76.72% (89/116) 	 Transactions: 478 (190 unique)   	 Time: 4.15312647819519[0m
2025-09-22 02:05:52,184 - Analysis - INFO - [1mGeneration number 20 	 Code coverage: 55.72% (999/1793) 	 Branch coverage: 76.72% (89/116) 	 Transactions: 521 (200 unique)   	 Time: 4.471012115478516[0m
2025-09-22 02:05:52,514 - Analysis - INFO - [1mGeneration number 21 	 Code coverage: 55.72% (999/1793) 	 Branch coverage: 76.72% (89/116) 	 Transactions: 566 (209 unique)   	 Time: 4.801048278808594[0m
2025-09-22 02:05:53,117 - Analysis - INFO - [1mGeneration number 22 	 Code coverage: 55.72% (999/1793) 	 Branch coverage: 76.72% (89/116) 	 Transactions: 655 (227 unique)   	 Time: 5.403458833694458[0m
2025-09-22 02:05:53,833 - Analysis - INFO - [1mGeneration number 23 	 Code coverage: 55.72% (999/1793) 	 Branch coverage: 76.72% (89/116) 	 Transactions: 760 (248 unique)   	 Time: 6.120015621185303[0m
2025-09-22 02:05:54,613 - Analysis - INFO - [1mGeneration number 24 	 Code coverage: 55.72% (999/1793) 	 Branch coverage: 76.72% (89/116) 	 Transactions: 875 (272 unique)   	 Time: 6.900112867355347[0m
2025-09-22 02:05:55,540 - Analysis - INFO - [1mGeneration number 25 	 Code coverage: 55.72% (999/1793) 	 Branch coverage: 76.72% (89/116) 	 Transactions: 1013 (299 unique)   	 Time: 7.8269572257995605[0m
2025-09-22 02:05:56,511 - Analysis - INFO - [1mGeneration number 26 	 Code coverage: 55.72% (999/1793) 	 Branch coverage: 76.72% (89/116) 	 Transactions: 1157 (330 unique)   	 Time: 8.797562837600708[0m
2025-09-22 02:05:57,495 - Analysis - INFO - [1mGeneration number 27 	 Code coverage: 55.72% (999/1793) 	 Branch coverage: 76.72% (89/116) 	 Transactions: 1301 (362 unique)   	 Time: 9.781786918640137[0m
2025-09-22 02:05:58,471 - Analysis - INFO - [1mGeneration number 28 	 Code coverage: 55.72% (999/1793) 	 Branch coverage: 76.72% (89/116) 	 Transactions: 1445 (392 unique)   	 Time: 10.758169412612915[0m
2025-09-22 02:05:58,849 - Analysis - INFO - [1mGeneration number 29 	 Code coverage: 56.22% (1008/1793) 	 Branch coverage: 78.45% (91/116) 	 Transactions: 1501 (417 unique)   	 Time: 11.13624095916748[0m
2025-09-22 02:05:59,014 - Analysis - INFO - [1mGeneration number 30 	 Code coverage: 56.22% (1008/1793) 	 Branch coverage: 78.45% (91/116) 	 Transactions: 1522 (424 unique)   	 Time: 11.301359176635742[0m
2025-09-22 02:05:59,173 - Analysis - INFO - [1mGeneration number 31 	 Code coverage: 56.22% (1008/1793) 	 Branch coverage: 78.45% (91/116) 	 Transactions: 1543 (428 unique)   	 Time: 11.459665536880493[0m
2025-09-22 02:05:59,280 - Analysis - INFO - [1mGeneration number 32 	 Code coverage: 56.22% (1008/1793) 	 Branch coverage: 78.45% (91/116) 	 Transactions: 1555 (429 unique)   	 Time: 11.566916942596436[0m
2025-09-22 02:05:59,360 - Analysis - INFO - [1mGeneration number 33 	 Code coverage: 56.22% (1008/1793) 	 Branch coverage: 78.45% (91/116) 	 Transactions: 1561 (431 unique)   	 Time: 11.646510601043701[0m
2025-09-22 02:05:59,424 - Analysis - INFO - [1mGeneration number 34 	 Code coverage: 56.22% (1008/1793) 	 Branch coverage: 78.45% (91/116) 	 Transactions: 1565 (431 unique)   	 Time: 11.711093187332153[0m
2025-09-22 02:05:59,478 - Analysis - INFO - [1mGeneration number 35 	 Code coverage: 56.22% (1008/1793) 	 Branch coverage: 78.45% (91/116) 	 Transactions: 1568 (431 unique)   	 Time: 11.764891862869263[0m
2025-09-22 02:05:59,531 - Analysis - INFO - [1mGeneration number 36 	 Code coverage: 56.22% (1008/1793) 	 Branch coverage: 78.45% (91/116) 	 Transactions: 1571 (431 unique)   	 Time: 11.817991018295288[0m
2025-09-22 02:05:59,589 - Analysis - INFO - [1mGeneration number 37 	 Code coverage: 56.22% (1008/1793) 	 Branch coverage: 78.45% (91/116) 	 Transactions: 1574 (431 unique)   	 Time: 11.876282930374146[0m
2025-09-22 02:05:59,644 - Analysis - INFO - [1mGeneration number 38 	 Code coverage: 56.22% (1008/1793) 	 Branch coverage: 78.45% (91/116) 	 Transactions: 1577 (431 unique)   	 Time: 11.93074655532837[0m
2025-09-22 02:06:00,031 - Analysis - INFO - [1mGeneration number 39 	 Code coverage: 56.22% (1008/1793) 	 Branch coverage: 78.45% (91/116) 	 Transactions: 1633 (456 unique)   	 Time: 12.317410469055176[0m
2025-09-22 02:06:00,264 - Analysis - INFO - [1mGeneration number 40 	 Code coverage: 56.22% (1008/1793) 	 Branch coverage: 78.45% (91/116) 	 Transactions: 1661 (468 unique)   	 Time: 12.55044937133789[0m
2025-09-22 02:06:00,482 - Analysis - INFO - [1mGeneration number 41 	 Code coverage: 56.22% (1008/1793) 	 Branch coverage: 78.45% (91/116) 	 Transactions: 1686 (484 unique)   	 Time: 12.769235134124756[0m
2025-09-22 02:06:00,659 - Analysis - INFO - [1mGeneration number 42 	 Code coverage: 56.22% (1008/1793) 	 Branch coverage: 78.45% (91/116) 	 Transactions: 1705 (494 unique)   	 Time: 12.94571566581726[0m
2025-09-22 02:06:00,751 - Analysis - INFO - [1mGeneration number 43 	 Code coverage: 56.22% (1008/1793) 	 Branch coverage: 78.45% (91/116) 	 Transactions: 1712 (497 unique)   	 Time: 13.03755784034729[0m
2025-09-22 02:06:00,825 - Analysis - INFO - [1mGeneration number 44 	 Code coverage: 56.22% (1008/1793) 	 Branch coverage: 78.45% (91/116) 	 Transactions: 1717 (498 unique)   	 Time: 13.112130880355835[0m
2025-09-22 02:06:00,906 - Analysis - INFO - [1mGeneration number 45 	 Code coverage: 56.22% (1008/1793) 	 Branch coverage: 78.45% (91/116) 	 Transactions: 1720 (498 unique)   	 Time: 13.193143844604492[0m
2025-09-22 02:06:00,970 - Analysis - INFO - [1mGeneration number 46 	 Code coverage: 56.22% (1008/1793) 	 Branch coverage: 78.45% (91/116) 	 Transactions: 1723 (498 unique)   	 Time: 13.257041215896606[0m
2025-09-22 02:06:01,030 - Analysis - INFO - [1mGeneration number 47 	 Code coverage: 56.22% (1008/1793) 	 Branch coverage: 78.45% (91/116) 	 Transactions: 1726 (498 unique)   	 Time: 13.317316055297852[0m
2025-09-22 02:06:01,090 - Analysis - INFO - [1mGeneration number 48 	 Code coverage: 56.22% (1008/1793) 	 Branch coverage: 78.45% (91/116) 	 Transactions: 1729 (498 unique)   	 Time: 13.37639594078064[0m
2025-09-22 02:06:01,484 - Analysis - INFO - [1mGeneration number 49 	 Code coverage: 56.22% (1008/1793) 	 Branch coverage: 78.45% (91/116) 	 Transactions: 1790 (523 unique)   	 Time: 13.77122974395752[0m
2025-09-22 02:06:01,769 - Analysis - INFO - [1mGeneration number 50 	 Code coverage: 56.22% (1008/1793) 	 Branch coverage: 78.45% (91/116) 	 Transactions: 1830 (536 unique)   	 Time: 14.055701971054077[0m
2025-09-22 02:06:02,006 - Analysis - INFO - [1mGeneration number 51 	 Code coverage: 56.22% (1008/1793) 	 Branch coverage: 78.45% (91/116) 	 Transactions: 1863 (543 unique)   	 Time: 14.292765378952026[0m
2025-09-22 02:06:02,225 - Analysis - INFO - [1mGeneration number 52 	 Code coverage: 56.22% (1008/1793) 	 Branch coverage: 78.45% (91/116) 	 Transactions: 1893 (548 unique)   	 Time: 14.512283086776733[0m
2025-09-22 02:06:02,447 - Analysis - INFO - [1mGeneration number 53 	 Code coverage: 56.22% (1008/1793) 	 Branch coverage: 78.45% (91/116) 	 Transactions: 1923 (554 unique)   	 Time: 14.733957052230835[0m
2025-09-22 02:06:02,629 - Analysis - INFO - [1mGeneration number 54 	 Code coverage: 56.22% (1008/1793) 	 Branch coverage: 78.45% (91/116) 	 Transactions: 1946 (557 unique)   	 Time: 14.915635824203491[0m
2025-09-22 02:06:02,749 - Analysis - INFO - [1mGeneration number 55 	 Code coverage: 56.22% (1008/1793) 	 Branch coverage: 78.45% (91/116) 	 Transactions: 1959 (559 unique)   	 Time: 15.035890340805054[0m
2025-09-22 02:06:02,778 - Analysis - INFO - [1m-----------------------------------------------------[0m
2025-09-22 02:06:02,778 - Analysis - INFO - Number of generations: 	 55
2025-09-22 02:06:02,778 - Analysis - INFO - Number of transactions: 	 1959 (559 unique)
2025-09-22 02:06:02,778 - Analysis - INFO - Transactions per second: 	 130
2025-09-22 02:06:02,778 - Analysis - INFO - Total code coverage: 	 56.22% (1008/1793)
2025-09-22 02:06:02,778 - Analysis - INFO - Total branch coverage: 	 78.45% (91/116)
2025-09-22 02:06:02,778 - Analysis - INFO - Total execution time: 	 15.06 seconds
2025-09-22 02:06:02,779 - Analysis - INFO - Total memory consumption: 	 68.49 MB

     ______            ______                _           
    / ____/___  ____  / ____/_  __________  (_)_  _______
   / /   / __ \/ __ \/ /_  / / / /_  /_  / / / / / / ___/
  / /___/ /_/ / / / / __/ / /_/ / / /_/ /_/ / /_/ (__  ) 
  \____/\____/_/ /_/_/    \__,_/ /___/___/_/\__,_/____/  

delteed file
