2025-07-03 17:31:13,993: [11] m.main:INFO: Registered plugins: IntrospectionAPIPlugin, <class 'manticore.ethereum.plugins.SkipRevertBasicBlocks'>, <class 'manticore.ethereum.plugins.FilterFunctions'>
2025-07-03 17:31:13,993: [11] m.main:INFO: Beginning analysis
2025-07-03 17:31:13,995: [11] m.e.manticore:INFO: Starting symbolic create contract
2025-07-03 17:31:14,527: [11] m.e.manticore:INFO: Starting symbolic transaction: 0
2025-07-03 17:31:17,534: [11] m.e.manticore:INFO: Found a concrete globalsha3 b'\x00\x00\x00\x00\x00\x00\x00\x00\x00\x00\x00\x00\x00\x00\x00\x00\x00\x00\x00\x00\x00\x00\x00\x00\x00\x00\x00\x00\x00\x02\x00\x00\x00\x00\x00\x00\x00\x00\x00\x00\x00\x00\x00\x00\x00\x00\x00\x00\x00\x00\x00\x00\x00\x00\x00\x00\x00\x00\x00\x00\x00\x00\x00\x00' -> 73138091548938366139099779971772605061518111956507126412222883840269740007539
2025-07-03 17:31:19,972: [11] m.e.manticore:INFO: 4 alive states, 1 terminated states
2025-07-03 17:31:20,174: [11] m.e.manticore:INFO: Starting symbolic transaction: 1
2025-07-03 17:31:46,666: [11] m.e.manticore:INFO: 16 alive states, 1 terminated states
2025-07-03 17:31:47,092: [109] m.c.manticore:INFO: Generated testcase No. 1 - STOP(3 txs)
2025-07-03 17:31:47,092: [105] m.c.manticore:INFO: Generated testcase No. 0 - STOP(3 txs)
2025-07-03 17:31:47,093: [109] m.c.plugin:WARNING: Caught will_solve in state None, but failed to capture its initialization
2025-07-03 17:31:47,093: [105] m.c.plugin:WARNING: Caught will_solve in state None, but failed to capture its initialization
2025-07-03 17:31:47,099: [111] m.c.manticore:INFO: Generated testcase No. 2 - STOP(3 txs)
2025-07-03 17:31:47,100: [111] m.c.plugin:WARNING: Caught will_solve in state None, but failed to capture its initialization
2025-07-03 17:31:47,102: [110] m.c.manticore:INFO: Generated testcase No. 3 - STOP(3 txs)
2025-07-03 17:31:47,103: [110] m.c.plugin:WARNING: Caught will_solve in state None, but failed to capture its initialization
2025-07-03 17:31:47,108: [108] m.c.manticore:INFO: Generated testcase No. 4 - STOP(3 txs)
2025-07-03 17:31:47,109: [108] m.c.plugin:WARNING: Caught will_solve in state None, but failed to capture its initialization
2025-07-03 17:31:47,191: [107] m.c.manticore:INFO: Generated testcase No. 5 - STOP(3 txs)
2025-07-03 17:31:47,192: [107] m.c.plugin:WARNING: Caught will_solve in state None, but failed to capture its initialization
2025-07-03 17:31:48,305: [115] m.c.plugin:WARNING: Caught will_solve in state None, but failed to capture its initialization
2025-07-03 17:31:49,812: [115] m.c.manticore:INFO: Generated testcase No. 6 - STOP(3 txs)
2025-07-03 17:31:49,867: [116] m.c.plugin:WARNING: Caught will_solve in state None, but failed to capture its initialization
2025-07-03 17:31:50,101: [106] m.c.plugin:WARNING: Caught will_solve in state None, but failed to capture its initialization
2025-07-03 17:31:50,465: [104] m.c.plugin:WARNING: Caught will_solve in state None, but failed to capture its initialization
2025-07-03 17:31:50,517: [112] m.c.plugin:WARNING: Caught will_solve in state None, but failed to capture its initialization
2025-07-03 17:31:51,662: [108] m.c.manticore:INFO: Generated testcase No. 7 - STOP(3 txs)
2025-07-03 17:31:52,008: [105] m.c.manticore:INFO: Generated testcase No. 8 - STOP(3 txs)
2025-07-03 17:31:52,432: [109] m.c.manticore:INFO: Generated testcase No. 9 - STOP(3 txs)
2025-07-03 17:31:53,061: [106] m.c.manticore:INFO: Generated testcase No. 10 - STOP(3 txs)
2025-07-03 17:31:53,120: [116] m.c.manticore:INFO: Generated testcase No. 11 - STOP(3 txs)
2025-07-03 17:31:53,357: [104] m.c.manticore:INFO: Generated testcase No. 12 - STOP(3 txs)
2025-07-03 17:31:54,064: [111] m.c.manticore:INFO: Generated testcase No. 13 - STOP(3 txs)
2025-07-03 17:31:54,210: [112] m.c.manticore:INFO: Generated testcase No. 14 - STOP(3 txs)
2025-07-03 17:31:55,142: [114] m.c.plugin:WARNING: Caught will_solve in state None, but failed to capture its initialization
2025-07-03 17:31:59,947: [114] m.c.manticore:INFO: Generated testcase No. 15 - STOP(3 txs)
2025-07-03 17:32:04,929: [11] m.c.plugin:WARNING: Caught will_solve in state None, but failed to capture its initialization
2025-07-03 17:32:14,809: [11] m.c.manticore:INFO: Results in /mcore_u34a3w_f
2025-07-03 17:32:14,810: [11] m.c.manticore:INFO: Total time: 54.55995464324951
