'solc --version' running
'solc /sb/0x752ff65b884b9c260d212c804e0b7aceea012473.sol --combined-json abi,ast,bin,bin-runtime,srcmap,srcmap-runtime,userdoc,devdoc,hashes,compact-format --allow-paths .,/sb' running

Withdrawal.withdrawTokens(address) (../../sb/0x752ff65b884b9c260d212c804e0b7aceea012473.sol#317-321) ignores return value by someToken.transfer(owner,balance) (../../sb/0x752ff65b884b9c260d212c804e0b7aceea012473.sol#320)
Reference: https://github.com/crytic/slither/wiki/Detector-Documentation#unchecked-transfer

SNPCToken.getAllowedForTransferTokens(address).allowed (../../sb/0x752ff65b884b9c260d212c804e0b7aceea012473.sol#458) shadows:
	- BaseFixedERC20Token.allowed (../../sb/0x752ff65b884b9c260d212c804e0b7aceea012473.sol#185) (state variable)
Reference: https://github.com/crytic/slither/wiki/Detector-Documentation#local-variable-shadowing

Ownable.transferOwnership(address) (../../sb/0x752ff65b884b9c260d212c804e0b7aceea012473.sol#111-114) should emit an event for: 
	- pendingOwner = newOwner (../../sb/0x752ff65b884b9c260d212c804e0b7aceea012473.sol#113) 
Reference: https://github.com/crytic/slither/wiki/Detector-Documentation#missing-events-access-control

SNPCToken.getAllowedForTransferTokens(address) (../../sb/0x752ff65b884b9c260d212c804e0b7aceea012473.sol#457-473) uses timestamp for comparisons
	Dangerous comparisons:
	- block.timestamp < teamReservedUnlockAt (../../sb/0x752ff65b884b9c260d212c804e0b7aceea012473.sol#461)
	- block.timestamp < bountyReservedUnlockAt (../../sb/0x752ff65b884b9c260d212c804e0b7aceea012473.sol#467)
Reference: https://github.com/crytic/slither/wiki/Detector-Documentation#block-timestamp

Version constraint 0.4.24 contains known severe issues (https://solidity.readthedocs.io/en/latest/bugs.html)
	- DirtyBytesArrayToStorage
	- ABIDecodeTwoDimensionalArrayMemory
	- KeccakCaching
	- EmptyByteArrayCopy
	- DynamicArrayCleanup
	- ImplicitConstructorCallvalueCheck
	- TupleAssignmentMultiStackSlotComponents
	- MemoryArrayCreationOverflow
	- privateCanBeOverridden
	- SignedArrayStorageCopy
	- ABIEncoderV2StorageArrayWithMultiSlotElement
	- DynamicConstructorArgumentsClippedABIV2
	- UninitializedFunctionPointerInConstructor_0.4.x
	- IncorrectEventSignatureInLibraries_0.4.x
	- ABIEncoderV2PackedStorage_0.4.x
	- ExpExponentCleanup
	- EventStructWrongData.
It is used by:
	- 0.4.24 (../../sb/0x752ff65b884b9c260d212c804e0b7aceea012473.sol#1)
solc-0.4.24 is an outdated solc version. Use a more recent version (at least 0.8.0), if possible.
Reference: https://github.com/crytic/slither/wiki/Detector-Documentation#incorrect-versions-of-solidity

Parameter Withdrawal.withdrawTokens(address)._someToken (../../sb/0x752ff65b884b9c260d212c804e0b7aceea012473.sol#317) is not in mixedCase
Reference: https://github.com/crytic/slither/wiki/Detector-Documentation#conformance-to-solidity-naming-conventions
/sb/0x752ff65b884b9c260d212c804e0b7aceea012473.sol analyzed (8 contracts with 93 detectors), 7 result(s) found
