Extract contract Log from /sb/0x7a8721a9d64c74da899424c1b52acbf58ddc9782.sol
Extract contract PrivateDeposit from /sb/0x7a8721a9d64c74da899424c1b52acbf58ddc9782.sol
Extracted 2 contract(s) from /sb/0x7a8721a9d64c74da899424c1b52acbf58ddc9782.sol
[0;32m> Created "fuzzMe"[0m
[0;32m> To fuzz contracts:[0m
  chmod +x fuzzMe
  ./fuzzMe
contracts/PrivateDeposit.sol:23:5: Warning: Defining constructors as functions with the same name as the contract is deprecated. Use "constructor(...) { ... }" instead.
    function PrivateDeposit()
    ^ (Relevant source part starts here and spans across multiple lines).
contracts/PrivateDeposit.sol:23:5: Warning: No visibility specified. Defaulting to "public". 
    function PrivateDeposit()
    ^ (Relevant source part starts here and spans across multiple lines).
contracts/PrivateDeposit.sol:31:5: Warning: No visibility specified. Defaulting to "public". 
    function setLog(address _lib) onlyOwner
    ^ (Relevant source part starts here and spans across multiple lines).
contracts/PrivateDeposit.sol:47:5: Warning: No visibility specified. Defaulting to "public". 
    function CashOut(uint _am)
    ^ (Relevant source part starts here and spans across multiple lines).
contracts/Log.sol:23:5: Warning: Defining constructors as functions with the same name as the contract is deprecated. Use "constructor(...) { ... }" instead.
    function PrivateDeposit()
    ^ (Relevant source part starts here and spans across multiple lines).
contracts/Log.sol:23:5: Warning: No visibility specified. Defaulting to "public". 
    function PrivateDeposit()
    ^ (Relevant source part starts here and spans across multiple lines).
contracts/Log.sol:31:5: Warning: No visibility specified. Defaulting to "public". 
    function setLog(address _lib) onlyOwner
    ^ (Relevant source part starts here and spans across multiple lines).
contracts/Log.sol:47:5: Warning: No visibility specified. Defaulting to "public". 
    function CashOut(uint _am)
    ^ (Relevant source part starts here and spans across multiple lines).
assets/NormalAttacker.sol:5:3: Warning: No visibility specified. Defaulting to "public". 
  function() payable {
  ^ (Relevant source part starts here and spans across multiple lines).
assets/ReentrancyAttacker.sol:8:7: Warning: Return value of low-level calls not used.
      msg.sender.call(bytes4(255));
      ^--------------------------^
assets/ReentrancyAttacker.sol:5:3: Warning: No visibility specified. Defaulting to "public". 
  function() payable {
  ^ (Relevant source part starts here and spans across multiple lines).
>> Fuzz PrivateDeposit
** Write stats: 0.013813
** Write stats: 5.00212
** Write stats: 10.0003
** Write stats: 15.0025
** Write stats: 20.0002
** Write stats: 25.0052
** Write stats: 30.0036
** Write stats: 35.0004
** Write stats: 40.0051
** Write stats: 45.0068
** Write stats: 50.0095
** Write stats: 55.0092
** Write stats: 60.0023
** Write stats: 65.0095
** Write stats: 70.0017
** Write stats: 75.0013
** Write stats: 80.0095
** Write stats: 85.001
** Write stats: 90.0032
** Write stats: 95.0044
** Write stats: 100.008
** Write stats: 105.003
** Write stats: 110.006
** Write stats: 115.01
** Write stats: 120.009
** Write stats: 125.004
** Write stats: 130.007
** Write stats: 135.007
** Write stats: 140.016
** Write stats: 145.016
** Write stats: 150.014
** Write stats: 155.004
** Write stats: 160.009
** Write stats: 165.011
** Write stats: 170.003
** Write stats: 175.023
** Write stats: 180.014
** Write stats: 185.014
** Write stats: 190.003
** Write stats: 195.021
** Write stats: 200.031
** Write stats: 205.026
** Write stats: 210.026
** Write stats: 215.017
** Write stats: 220.016
** Write stats: 225.006
** Write stats: 230.024
** Write stats: 235.012
** Write stats: 240.01
** Write stats: 245.023
** Write stats: 250.002
** Write stats: 255.011
** Write stats: 260.021
** Write stats: 265.011
** Write stats: 270.011
** Write stats: 275.005
** Write stats: 280.028
** Write stats: 285.014
** Write stats: 290.005
** Write stats: 295.008
** Write stats: 300.022
** Write stats: 305.02
** Write stats: 310.014
** Write stats: 315.004
** Write stats: 320.001
** Write stats: 325.029
** Write stats: 330.015
** Write stats: 335.018
** Write stats: 340.009
** Write stats: 345.018
** Write stats: 350.011
** Write stats: 355.03
** Write stats: 360.033
** Write stats: 365.013
** Write stats: 370.03
** Write stats: 375.008
** Write stats: 380.015
** Write stats: 385.017
** Write stats: 390
** Write stats: 395.02
** Write stats: 400.005
** Write stats: 405.02
** Write stats: 410.031
** Write stats: 415.012
** Write stats: 420.014
** Write stats: 425.012
** Write stats: 430.003
** Write stats: 435.015
** Write stats: 440.011
** Write stats: 445.002
** Write stats: 448.055
>> Fuzz Log
** Write stats: 0.004563
** Write stats: 5.01613
** Write stats: 10.0123
** Write stats: 15.0081
** Write stats: 20.0155
** Write stats: 25.0254
** Write stats: 30.0211
** Write stats: 35.0425
** Write stats: 40.0311
** Write stats: 45.0045
** Write stats: 50.0313
** Write stats: 55.0167
** Write stats: 60.0332
** Write stats: 65.026
** Write stats: 70.0157
** Write stats: 75.0092
** Write stats: 80.0449
** Write stats: 85.0312
** Write stats: 90.008
** Write stats: 95.0231
** Write stats: 100.042
** Write stats: 105.021
** Write stats: 110.021
** Write stats: 115.046
** Write stats: 120.082
** Write stats: 125.062
** Write stats: 130.05
** Write stats: 135.011
** Write stats: 140.016
** Write stats: 145.084
** Write stats: 150.015
** Write stats: 155.012
** Write stats: 160.07
** Write stats: 165.093
** Write stats: 170.006
** Write stats: 175.031
** Write stats: 180.006
** Write stats: 185.094
** Write stats: 190.029
** Write stats: 195.104
** Write stats: 200.002
** Write stats: 205.037
** Write stats: 210.002
** Write stats: 215.039
** Write stats: 220.017
** Write stats: 225.059
** Write stats: 230.006
** Write stats: 235.013
** Write stats: 240.069
** Write stats: 245.019
** Write stats: 250.092
** Write stats: 255.109
** Write stats: 260.047
** Write stats: 265.036
** Write stats: 270.058
** Write stats: 275.117
** Write stats: 280.107
** Write stats: 285
** Write stats: 290.102
** Write stats: 295.035
** Write stats: 300.128
** Write stats: 305.076
** Write stats: 310.053
** Write stats: 315.01
** Write stats: 320.025
** Write stats: 325.048
** Write stats: 330.124
** Write stats: 335.088
** Write stats: 340.076
** Write stats: 345.033
** Write stats: 350.097
** Write stats: 355.03
** Write stats: 360.044
** Write stats: 365.044
** Write stats: 370.043
** Write stats: 375.044
** Write stats: 380.034
** Write stats: 385.03
** Write stats: 390.039
** Write stats: 395.068
** Write stats: 400.141
** Write stats: 405.051
** Write stats: 410.002
** Write stats: 415.109
** Write stats: 420.101
** Write stats: 425.149
** Write stats: 430.123
** Write stats: 435.003
** Write stats: 440.063
** Write stats: 445.124
** Write stats: 448.17
