Extract contract Wallet from /sb/wallet_02_refund_nosub.sol
Extracted 1 contract(s) from /sb/wallet_02_refund_nosub.sol
[0;32m> Created "fuzzMe"[0m
[0;32m> To fuzz contracts:[0m
  chmod +x fuzzMe
  ./fuzzMe
contracts/Wallet.sol:43:22: Warning: Using contract member "balance" inherited from the address type is deprecated. Convert the contract to "address" type to access the member, for example use "address(contract).balance" instead.
         to.transfer(this.balance);
                     ^----------^
assets/NormalAttacker.sol:5:3: Warning: No visibility specified. Defaulting to "public". 
  function() payable {
  ^ (Relevant source part starts here and spans across multiple lines).
assets/ReentrancyAttacker.sol:8:7: Warning: Return value of low-level calls not used.
      msg.sender.call(bytes4(255));
      ^--------------------------^
assets/ReentrancyAttacker.sol:5:3: Warning: No visibility specified. Defaulting to "public". 
  function() payable {
  ^ (Relevant source part starts here and spans across multiple lines).
>> Fuzz Wallet
** Write stats: 0.012461
** Write stats: 5.0039
** Write stats: 10.002
** Write stats: 15.0005
** Write stats: 20.0013
** Write stats: 25.0062
** Write stats: 30.0007
** Write stats: 35.0016
** Write stats: 40.0047
** Write stats: 45.005
** Write stats: 50.0054
** Write stats: 55.0035
** Write stats: 60.0013
** Write stats: 65.0012
** Write stats: 70.0008
** Write stats: 75.0107
** Write stats: 80.01
** Write stats: 85.0015
** Write stats: 90.0063
** Write stats: 95.0084
** Write stats: 100.005
** Write stats: 105.005
** Write stats: 110.01
** Write stats: 115.003
** Write stats: 120
** Write stats: 125.012
** Write stats: 130.004
** Write stats: 135.002
** Write stats: 140.011
** Write stats: 145.012
** Write stats: 150.009
** Write stats: 155.003
** Write stats: 160.007
** Write stats: 165.002
** Write stats: 170.001
** Write stats: 175.01
** Write stats: 180.005
** Write stats: 185.009
** Write stats: 190.01
** Write stats: 195.009
** Write stats: 200.014
** Write stats: 205.014
** Write stats: 210.006
** Write stats: 215.009
** Write stats: 220.006
** Write stats: 225.01
** Write stats: 230.014
** Write stats: 235.003
** Write stats: 240.016
** Write stats: 245.004
** Write stats: 250.009
** Write stats: 255.001
** Write stats: 260.017
** Write stats: 265.005
** Write stats: 270.006
** Write stats: 275.009
** Write stats: 280.006
** Write stats: 285.022
** Write stats: 290.035
** Write stats: 295.002
** Write stats: 300.029
** Write stats: 305.014
** Write stats: 310.04
** Write stats: 315.007
** Write stats: 320.004
** Write stats: 325.011
** Write stats: 330.031
** Write stats: 335.037
** Write stats: 340.018
** Write stats: 345.037
** Write stats: 350.022
** Write stats: 355.027
** Write stats: 360.032
** Write stats: 365.029
** Write stats: 370.02
** Write stats: 375.03
** Write stats: 380.012
** Write stats: 385.01
** Write stats: 390.018
** Write stats: 395.01
** Write stats: 400.025
** Write stats: 405.005
** Write stats: 410.018
** Write stats: 415.035
** Write stats: 420.016
** Write stats: 425.031
** Write stats: 430.038
** Write stats: 435.039
** Write stats: 440.037
** Write stats: 445.03
** Write stats: 450.002
** Write stats: 455.023
** Write stats: 460.021
** Write stats: 465.013
** Write stats: 470.031
** Write stats: 475.003
** Write stats: 480.033
** Write stats: 485.011
** Write stats: 490.014
** Write stats: 495.016
** Write stats: 500.029
** Write stats: 505.039
** Write stats: 510.033
** Write stats: 515.021
** Write stats: 520.007
** Write stats: 525.002
** Write stats: 530.016
** Write stats: 535.007
** Write stats: 540.024
** Write stats: 545.028
** Write stats: 550.036
** Write stats: 555.036
** Write stats: 560.019
** Write stats: 565.015
** Write stats: 570.031
** Write stats: 575.025
** Write stats: 580.014
** Write stats: 585.029
** Write stats: 590.035
** Write stats: 595.014
** Write stats: 600.019
** Write stats: 605.022
** Write stats: 610.038
** Write stats: 615.013
** Write stats: 620.036
** Write stats: 625.005
** Write stats: 630.009
** Write stats: 635.029
** Write stats: 640.005
** Write stats: 645.043
** Write stats: 650.03
** Write stats: 655.001
** Write stats: 660.029
** Write stats: 665.011
** Write stats: 670.007
** Write stats: 675.031
** Write stats: 680.026
** Write stats: 685.002
** Write stats: 690.036
** Write stats: 695.028
** Write stats: 700.016
** Write stats: 705.036
** Write stats: 710.028
** Write stats: 715.03
** Write stats: 720.009
** Write stats: 725.004
** Write stats: 730.011
** Write stats: 735.033
** Write stats: 740.001
** Write stats: 745.03
** Write stats: 750.025
** Write stats: 755.005
** Write stats: 760.023
** Write stats: 765.005
** Write stats: 770.01
** Write stats: 775.014
** Write stats: 780.02
** Write stats: 785.037
** Write stats: 790.021
** Write stats: 795.011
** Write stats: 800.017
** Write stats: 805.022
** Write stats: 810.028
** Write stats: 815.035
** Write stats: 820.014
** Write stats: 825.036
** Write stats: 830.007
** Write stats: 835.034
** Write stats: 840.035
** Write stats: 845.021
** Write stats: 850.004
** Write stats: 855.027
** Write stats: 860.014
** Write stats: 865.019
** Write stats: 870.03
** Write stats: 875.024
** Write stats: 880.004
** Write stats: 885.014
** Write stats: 890.014
** Write stats: 895.016
** Write stats: 898.002
