'solc --version' running
'solc /sb/0x823ddda8fb4b1faf08dfc7440b98366454295d28.sol --combined-json abi,ast,bin,bin-runtime,srcmap,srcmap-runtime,userdoc,devdoc,hashes,compact-format --allow-paths .,/sb' running

Version constraint ^0.4.25 contains known severe issues (https://solidity.readthedocs.io/en/latest/bugs.html)
	- DirtyBytesArrayToStorage
	- ABIDecodeTwoDimensionalArrayMemory
	- KeccakCaching
	- EmptyByteArrayCopy
	- DynamicArrayCleanup
	- ImplicitConstructorCallvalueCheck
	- TupleAssignmentMultiStackSlotComponents
	- MemoryArrayCreationOverflow
	- privateCanBeOverridden
	- SignedArrayStorageCopy
	- ABIEncoderV2StorageArrayWithMultiSlotElement
	- DynamicConstructorArgumentsClippedABIV2
	- UninitializedFunctionPointerInConstructor_0.4.x
	- IncorrectEventSignatureInLibraries_0.4.x
	- ABIEncoderV2PackedStorage_0.4.x.
It is used by:
	- ^0.4.25 (../../sb/0x823ddda8fb4b1faf08dfc7440b98366454295d28.sol#1)
solc-0.4.26 is an outdated solc version. Use a more recent version (at least 0.8.0), if possible.
Reference: https://github.com/crytic/slither/wiki/Detector-Documentation#incorrect-versions-of-solidity

Parameter Basic.transfer(address,uint256)._to (../../sb/0x823ddda8fb4b1faf08dfc7440b98366454295d28.sol#82) is not in mixedCase
Parameter Basic.transfer(address,uint256)._value (../../sb/0x823ddda8fb4b1faf08dfc7440b98366454295d28.sol#82) is not in mixedCase
Parameter Basic.balanceOf(address)._owner (../../sb/0x823ddda8fb4b1faf08dfc7440b98366454295d28.sol#92) is not in mixedCase
Parameter StandardToken.transferFrom(address,address,uint256)._from (../../sb/0x823ddda8fb4b1faf08dfc7440b98366454295d28.sol#101) is not in mixedCase
Parameter StandardToken.transferFrom(address,address,uint256)._to (../../sb/0x823ddda8fb4b1faf08dfc7440b98366454295d28.sol#102) is not in mixedCase
Parameter StandardToken.transferFrom(address,address,uint256)._value (../../sb/0x823ddda8fb4b1faf08dfc7440b98366454295d28.sol#103) is not in mixedCase
Parameter StandardToken.approve(address,uint256)._spender (../../sb/0x823ddda8fb4b1faf08dfc7440b98366454295d28.sol#117) is not in mixedCase
Parameter StandardToken.approve(address,uint256)._value (../../sb/0x823ddda8fb4b1faf08dfc7440b98366454295d28.sol#117) is not in mixedCase
Parameter StandardToken.allowance(address,address)._owner (../../sb/0x823ddda8fb4b1faf08dfc7440b98366454295d28.sol#123) is not in mixedCase
Parameter StandardToken.allowance(address,address)._spender (../../sb/0x823ddda8fb4b1faf08dfc7440b98366454295d28.sol#124) is not in mixedCase
Parameter StandardToken.increaseApproval(address,uint256)._spender (../../sb/0x823ddda8fb4b1faf08dfc7440b98366454295d28.sol#133) is not in mixedCase
Parameter StandardToken.increaseApproval(address,uint256)._addedValue (../../sb/0x823ddda8fb4b1faf08dfc7440b98366454295d28.sol#134) is not in mixedCase
Parameter StandardToken.decreaseApproval(address,uint256)._spender (../../sb/0x823ddda8fb4b1faf08dfc7440b98366454295d28.sol#145) is not in mixedCase
Parameter StandardToken.decreaseApproval(address,uint256)._subtractedValue (../../sb/0x823ddda8fb4b1faf08dfc7440b98366454295d28.sol#146) is not in mixedCase
Parameter Burnable.burn(uint256)._value (../../sb/0x823ddda8fb4b1faf08dfc7440b98366454295d28.sol#166) is not in mixedCase
Function Createable.CreateNew(address,uint256) (../../sb/0x823ddda8fb4b1faf08dfc7440b98366454295d28.sol#188-201) is not in mixedCase
Parameter Createable.CreateNew(address,uint256)._to (../../sb/0x823ddda8fb4b1faf08dfc7440b98366454295d28.sol#189) is not in mixedCase
Parameter Createable.CreateNew(address,uint256)._amount (../../sb/0x823ddda8fb4b1faf08dfc7440b98366454295d28.sol#190) is not in mixedCase
Reference: https://github.com/crytic/slither/wiki/Detector-Documentation#conformance-to-solidity-naming-conventions

GGAToken.decimals (../../sb/0x823ddda8fb4b1faf08dfc7440b98366454295d28.sol#208) should be constant 
GGAToken.name (../../sb/0x823ddda8fb4b1faf08dfc7440b98366454295d28.sol#206) should be constant 
GGAToken.symbol (../../sb/0x823ddda8fb4b1faf08dfc7440b98366454295d28.sol#207) should be constant 
Reference: https://github.com/crytic/slither/wiki/Detector-Documentation#state-variables-that-could-be-declared-constant
/sb/0x823ddda8fb4b1faf08dfc7440b98366454295d28.sol analyzed (9 contracts with 93 detectors), 23 result(s) found
