Extract contract LogFile from /sb/0x01f8c4e3fa3edeb29e514cba738d87ce8c091d3f.sol
Extract contract PERSONAL_BANK from /sb/0x01f8c4e3fa3edeb29e514cba738d87ce8c091d3f.sol
Extracted 2 contract(s) from /sb/0x01f8c4e3fa3edeb29e514cba738d87ce8c091d3f.sol
[0;32m> Created "fuzzMe"[0m
[0;32m> To fuzz contracts:[0m
  chmod +x fuzzMe
  ./fuzzMe
assets/NormalAttacker.sol:5:3: Warning: No visibility specified. Defaulting to "public". 
  function() payable {
  ^ (Relevant source part starts here and spans across multiple lines).
assets/ReentrancyAttacker.sol:8:7: Warning: Return value of low-level calls not used.
      msg.sender.call(bytes4(255));
      ^--------------------------^
assets/ReentrancyAttacker.sol:5:3: Warning: No visibility specified. Defaulting to "public". 
  function() payable {
  ^ (Relevant source part starts here and spans across multiple lines).
>> Fuzz LogFile
** Write stats: 0.012705
** Write stats: 5.00627
** Write stats: 10.0097
** Write stats: 15.0237
** Write stats: 20.0246
** Write stats: 25.0333
** Write stats: 30.022
** Write stats: 35.0033
** Write stats: 40.0305
** Write stats: 45.0013
** Write stats: 50.0306
** Write stats: 55.0138
** Write stats: 60.0406
** Write stats: 65.0102
** Write stats: 70.0082
** Write stats: 75.0459
** Write stats: 80.0439
** Write stats: 85.0436
** Write stats: 90.0247
** Write stats: 95.0523
** Write stats: 100.042
** Write stats: 105.059
** Write stats: 110.036
** Write stats: 115.012
** Write stats: 120.016
** Write stats: 125.063
** Write stats: 130.074
** Write stats: 135.054
** Write stats: 140.087
** Write stats: 145.08
** Write stats: 148.021
>> Fuzz PERSONAL_BANK
** Write stats: 0.006232
** Write stats: 5.00004
** Write stats: 10.0012
** Write stats: 15.0019
** Write stats: 20.0004
** Write stats: 25.0007
** Write stats: 30.0007
** Write stats: 35.0039
** Write stats: 40.0028
** Write stats: 45.0035
** Write stats: 50.0046
** Write stats: 55.003
** Write stats: 60.0005
** Write stats: 65.0015
** Write stats: 70.0036
** Write stats: 75.0005
** Write stats: 80.0049
** Write stats: 85.0045
** Write stats: 90.0014
** Write stats: 95.0032
** Write stats: 100.004
** Write stats: 105.003
** Write stats: 110.004
** Write stats: 115.001
** Write stats: 120.006
** Write stats: 125.003
** Write stats: 130.003
** Write stats: 135.003
** Write stats: 140.007
** Write stats: 145.005
** Write stats: 148.023
