2025-09-22 02:15:41,213 - Main     - INFO - [1mInitializing seed to 1427655.0[0m
2025-09-22 02:15:41,243 - Fuzzer   - INFO - [1mFuzzing contract [1mExploitLibrary[0m[0m
2025-09-22 02:15:41,298 - Analysis - INFO - [1mGeneration number 0 	 Code coverage: 53.49% (291/544) 	 Branch coverage: 44.44% (16/36) 	 Transactions: 9 (8 unique)   	 Time: 0.04841208457946777[0m
2025-09-22 02:15:41,389 - Analysis - INFO - [1mGeneration number 1 	 Code coverage: 53.49% (291/544) 	 Branch coverage: 44.44% (16/36) 	 Transactions: 23 (16 unique)   	 Time: 0.13912701606750488[0m
2025-09-22 02:15:41,628 - Analysis - INFO - [1mGeneration number 2 	 Code coverage: 53.49% (291/544) 	 Branch coverage: 44.44% (16/36) 	 Transactions: 51 (24 unique)   	 Time: 0.37787866592407227[0m
2025-09-22 02:15:41,933 - Analysis - INFO - [1mGeneration number 3 	 Code coverage: 53.49% (291/544) 	 Branch coverage: 44.44% (16/36) 	 Transactions: 80 (31 unique)   	 Time: 0.6834242343902588[0m
2025-09-22 02:15:42,224 - Analysis - INFO - [1mGeneration number 4 	 Code coverage: 53.49% (291/544) 	 Branch coverage: 44.44% (16/36) 	 Transactions: 108 (39 unique)   	 Time: 0.9741530418395996[0m
2025-09-22 02:15:42,517 - Analysis - INFO - [1mGeneration number 5 	 Code coverage: 53.49% (291/544) 	 Branch coverage: 44.44% (16/36) 	 Transactions: 136 (47 unique)   	 Time: 1.2673444747924805[0m
2025-09-22 02:15:42,817 - Analysis - INFO - [1mGeneration number 6 	 Code coverage: 53.49% (291/544) 	 Branch coverage: 44.44% (16/36) 	 Transactions: 164 (55 unique)   	 Time: 1.567492961883545[0m
2025-09-22 02:15:43,113 - Analysis - INFO - [1mGeneration number 7 	 Code coverage: 53.49% (291/544) 	 Branch coverage: 44.44% (16/36) 	 Transactions: 192 (63 unique)   	 Time: 1.8628628253936768[0m
2025-09-22 02:15:43,414 - Analysis - INFO - [1mGeneration number 8 	 Code coverage: 53.49% (291/544) 	 Branch coverage: 44.44% (16/36) 	 Transactions: 220 (71 unique)   	 Time: 2.1644504070281982[0m
2025-09-22 02:15:43,746 - Analysis - INFO - [1mGeneration number 9 	 Code coverage: 53.49% (291/544) 	 Branch coverage: 44.44% (16/36) 	 Transactions: 248 (79 unique)   	 Time: 2.496394157409668[0m
2025-09-22 02:15:44,038 - Analysis - INFO - [1mGeneration number 10 	 Code coverage: 53.49% (291/544) 	 Branch coverage: 44.44% (16/36) 	 Transactions: 276 (87 unique)   	 Time: 2.787740707397461[0m
2025-09-22 02:15:44,327 - Analysis - INFO - [1mGeneration number 11 	 Code coverage: 53.49% (291/544) 	 Branch coverage: 44.44% (16/36) 	 Transactions: 304 (95 unique)   	 Time: 3.0769293308258057[0m
2025-09-22 02:15:44,581 - Analysis - INFO - [1mGeneration number 12 	 Code coverage: 94.85% (516/544) 	 Branch coverage: 77.78% (28/36) 	 Transactions: 326 (108 unique)   	 Time: 3.3308610916137695[0m
2025-09-22 02:15:45,001 - Analysis - INFO - [1mGeneration number 13 	 Code coverage: 94.85% (516/544) 	 Branch coverage: 80.56% (29/36) 	 Transactions: 358 (116 unique)   	 Time: 3.751208543777466[0m
2025-09-22 02:15:45,531 - Analysis - INFO - [1mGeneration number 14 	 Code coverage: 94.85% (516/544) 	 Branch coverage: 80.56% (29/36) 	 Transactions: 390 (124 unique)   	 Time: 4.281518936157227[0m
2025-09-22 02:15:46,026 - Analysis - INFO - [1mGeneration number 15 	 Code coverage: 94.85% (516/544) 	 Branch coverage: 80.56% (29/36) 	 Transactions: 422 (132 unique)   	 Time: 4.775735139846802[0m
2025-09-22 02:15:46,508 - Analysis - INFO - [1mGeneration number 16 	 Code coverage: 94.85% (516/544) 	 Branch coverage: 80.56% (29/36) 	 Transactions: 454 (140 unique)   	 Time: 5.25803804397583[0m
2025-09-22 02:15:47,020 - Analysis - INFO - [1mGeneration number 17 	 Code coverage: 94.85% (516/544) 	 Branch coverage: 80.56% (29/36) 	 Transactions: 486 (148 unique)   	 Time: 5.770687818527222[0m
2025-09-22 02:15:47,488 - Analysis - INFO - [1mGeneration number 18 	 Code coverage: 94.85% (516/544) 	 Branch coverage: 80.56% (29/36) 	 Transactions: 518 (156 unique)   	 Time: 6.238224983215332[0m
2025-09-22 02:15:47,955 - Analysis - INFO - [1mGeneration number 19 	 Code coverage: 94.85% (516/544) 	 Branch coverage: 80.56% (29/36) 	 Transactions: 550 (163 unique)   	 Time: 6.705238580703735[0m
2025-09-22 02:15:48,441 - Analysis - INFO - [1mGeneration number 20 	 Code coverage: 94.85% (516/544) 	 Branch coverage: 80.56% (29/36) 	 Transactions: 582 (171 unique)   	 Time: 7.190837621688843[0m
2025-09-22 02:15:48,952 - Analysis - INFO - [1mGeneration number 21 	 Code coverage: 94.85% (516/544) 	 Branch coverage: 80.56% (29/36) 	 Transactions: 614 (179 unique)   	 Time: 7.702269077301025[0m
2025-09-22 02:15:49,432 - Analysis - INFO - [1mGeneration number 22 	 Code coverage: 94.85% (516/544) 	 Branch coverage: 80.56% (29/36) 	 Transactions: 646 (187 unique)   	 Time: 8.182199001312256[0m
2025-09-22 02:15:49,922 - Analysis - INFO - [1mGeneration number 23 	 Code coverage: 94.85% (516/544) 	 Branch coverage: 80.56% (29/36) 	 Transactions: 678 (194 unique)   	 Time: 8.67250680923462[0m
2025-09-22 02:15:50,275 - Analysis - INFO - [1mGeneration number 24 	 Code coverage: 96.14% (523/544) 	 Branch coverage: 86.11% (31/36) 	 Transactions: 702 (209 unique)   	 Time: 9.025585889816284[0m
2025-09-22 02:15:50,649 - Analysis - INFO - [1mGeneration number 25 	 Code coverage: 96.14% (523/544) 	 Branch coverage: 86.11% (31/36) 	 Transactions: 726 (216 unique)   	 Time: 9.39957308769226[0m
2025-09-22 02:15:50,992 - Analysis - INFO - [1mGeneration number 26 	 Code coverage: 96.14% (523/544) 	 Branch coverage: 86.11% (31/36) 	 Transactions: 750 (224 unique)   	 Time: 9.742615461349487[0m
2025-09-22 02:15:51,387 - Analysis - INFO - [1mGeneration number 27 	 Code coverage: 96.14% (523/544) 	 Branch coverage: 86.11% (31/36) 	 Transactions: 776 (232 unique)   	 Time: 10.137117147445679[0m
2025-09-22 02:15:51,751 - Analysis - INFO - [1mGeneration number 28 	 Code coverage: 96.14% (523/544) 	 Branch coverage: 86.11% (31/36) 	 Transactions: 802 (239 unique)   	 Time: 10.50134801864624[0m
2025-09-22 02:15:52,117 - Analysis - INFO - [1mGeneration number 29 	 Code coverage: 96.14% (523/544) 	 Branch coverage: 86.11% (31/36) 	 Transactions: 830 (247 unique)   	 Time: 10.866834163665771[0m
2025-09-22 02:15:52,568 - Analysis - INFO - [1mGeneration number 30 	 Code coverage: 96.14% (523/544) 	 Branch coverage: 86.11% (31/36) 	 Transactions: 860 (255 unique)   	 Time: 11.317943334579468[0m
2025-09-22 02:15:53,023 - Analysis - INFO - [1mGeneration number 31 	 Code coverage: 96.14% (523/544) 	 Branch coverage: 86.11% (31/36) 	 Transactions: 890 (261 unique)   	 Time: 11.773388624191284[0m
2025-09-22 02:15:53,479 - Analysis - INFO - [1mGeneration number 32 	 Code coverage: 96.14% (523/544) 	 Branch coverage: 86.11% (31/36) 	 Transactions: 922 (269 unique)   	 Time: 12.228910207748413[0m
2025-09-22 02:15:53,928 - Analysis - INFO - [1mGeneration number 33 	 Code coverage: 96.14% (523/544) 	 Branch coverage: 86.11% (31/36) 	 Transactions: 954 (277 unique)   	 Time: 12.677732229232788[0m
2025-09-22 02:15:54,236 - Analysis - INFO - [1mGeneration number 34 	 Code coverage: 96.14% (523/544) 	 Branch coverage: 86.11% (31/36) 	 Transactions: 976 (290 unique)   	 Time: 12.986581087112427[0m
2025-09-22 02:15:54,605 - Analysis - INFO - [1mGeneration number 35 	 Code coverage: 96.14% (523/544) 	 Branch coverage: 86.11% (31/36) 	 Transactions: 1004 (298 unique)   	 Time: 13.355497598648071[0m
2025-09-22 02:15:54,980 - Analysis - INFO - [1mGeneration number 36 	 Code coverage: 96.14% (523/544) 	 Branch coverage: 86.11% (31/36) 	 Transactions: 1032 (306 unique)   	 Time: 13.729750633239746[0m
2025-09-22 02:15:55,373 - Analysis - INFO - [1mGeneration number 37 	 Code coverage: 96.14% (523/544) 	 Branch coverage: 86.11% (31/36) 	 Transactions: 1062 (314 unique)   	 Time: 14.123552322387695[0m
2025-09-22 02:15:55,796 - Analysis - INFO - [1mGeneration number 38 	 Code coverage: 96.14% (523/544) 	 Branch coverage: 86.11% (31/36) 	 Transactions: 1092 (322 unique)   	 Time: 14.54627251625061[0m
2025-09-22 02:15:56,276 - Analysis - INFO - [1mGeneration number 39 	 Code coverage: 96.14% (523/544) 	 Branch coverage: 86.11% (31/36) 	 Transactions: 1124 (330 unique)   	 Time: 15.026034593582153[0m
2025-09-22 02:15:56,737 - Analysis - INFO - [1mGeneration number 40 	 Code coverage: 96.14% (523/544) 	 Branch coverage: 86.11% (31/36) 	 Transactions: 1156 (337 unique)   	 Time: 15.486828327178955[0m
2025-09-22 02:15:57,169 - Analysis - INFO - [1mGeneration number 41 	 Code coverage: 96.14% (523/544) 	 Branch coverage: 86.11% (31/36) 	 Transactions: 1188 (345 unique)   	 Time: 15.919682741165161[0m
2025-09-22 02:15:57,628 - Analysis - INFO - [1mGeneration number 42 	 Code coverage: 96.14% (523/544) 	 Branch coverage: 86.11% (31/36) 	 Transactions: 1220 (353 unique)   	 Time: 16.37803339958191[0m
2025-09-22 02:15:58,053 - Analysis - INFO - [1mGeneration number 43 	 Code coverage: 96.14% (523/544) 	 Branch coverage: 86.11% (31/36) 	 Transactions: 1252 (361 unique)   	 Time: 16.80369782447815[0m
2025-09-22 02:15:58,359 - Analysis - INFO - [1mGeneration number 44 	 Code coverage: 96.14% (523/544) 	 Branch coverage: 86.11% (31/36) 	 Transactions: 1276 (373 unique)   	 Time: 17.10930633544922[0m
2025-09-22 02:15:58,854 - Analysis - INFO - [1mGeneration number 45 	 Code coverage: 96.14% (523/544) 	 Branch coverage: 86.11% (31/36) 	 Transactions: 1308 (381 unique)   	 Time: 17.604651927947998[0m
2025-09-22 02:15:59,345 - Analysis - INFO - [1mGeneration number 46 	 Code coverage: 96.14% (523/544) 	 Branch coverage: 86.11% (31/36) 	 Transactions: 1340 (389 unique)   	 Time: 18.095088958740234[0m
2025-09-22 02:15:59,867 - Analysis - INFO - [1mGeneration number 47 	 Code coverage: 96.14% (523/544) 	 Branch coverage: 86.11% (31/36) 	 Transactions: 1372 (397 unique)   	 Time: 18.61682105064392[0m
2025-09-22 02:16:00,300 - Analysis - INFO - [1mGeneration number 48 	 Code coverage: 96.14% (523/544) 	 Branch coverage: 86.11% (31/36) 	 Transactions: 1404 (405 unique)   	 Time: 19.05042600631714[0m
2025-09-22 02:16:00,729 - Analysis - INFO - [1mGeneration number 49 	 Code coverage: 96.14% (523/544) 	 Branch coverage: 86.11% (31/36) 	 Transactions: 1436 (413 unique)   	 Time: 19.478832244873047[0m
2025-09-22 02:16:01,195 - Analysis - INFO - [1mGeneration number 50 	 Code coverage: 96.14% (523/544) 	 Branch coverage: 86.11% (31/36) 	 Transactions: 1468 (421 unique)   	 Time: 19.945683002471924[0m
2025-09-22 02:16:01,640 - Analysis - INFO - [1mGeneration number 51 	 Code coverage: 96.14% (523/544) 	 Branch coverage: 86.11% (31/36) 	 Transactions: 1500 (429 unique)   	 Time: 20.389922618865967[0m
2025-09-22 02:16:02,111 - Analysis - INFO - [1mGeneration number 52 	 Code coverage: 96.14% (523/544) 	 Branch coverage: 86.11% (31/36) 	 Transactions: 1532 (437 unique)   	 Time: 20.860836029052734[0m
2025-09-22 02:16:02,568 - Analysis - INFO - [1mGeneration number 53 	 Code coverage: 96.14% (523/544) 	 Branch coverage: 86.11% (31/36) 	 Transactions: 1564 (445 unique)   	 Time: 21.317805528640747[0m
2025-09-22 02:16:02,905 - Analysis - INFO - [1mGeneration number 54 	 Code coverage: 96.14% (523/544) 	 Branch coverage: 86.11% (31/36) 	 Transactions: 1588 (459 unique)   	 Time: 21.655664682388306[0m
2025-09-22 02:16:03,379 - Analysis - INFO - [1mGeneration number 55 	 Code coverage: 96.14% (523/544) 	 Branch coverage: 86.11% (31/36) 	 Transactions: 1620 (467 unique)   	 Time: 22.12917995452881[0m
2025-09-22 02:16:03,841 - Analysis - INFO - [1mGeneration number 56 	 Code coverage: 96.14% (523/544) 	 Branch coverage: 86.11% (31/36) 	 Transactions: 1652 (475 unique)   	 Time: 22.590806484222412[0m
2025-09-22 02:16:04,311 - Analysis - INFO - [1mGeneration number 57 	 Code coverage: 96.14% (523/544) 	 Branch coverage: 86.11% (31/36) 	 Transactions: 1684 (482 unique)   	 Time: 23.060960054397583[0m
2025-09-22 02:16:04,734 - Analysis - INFO - [1mGeneration number 58 	 Code coverage: 96.14% (523/544) 	 Branch coverage: 86.11% (31/36) 	 Transactions: 1716 (490 unique)   	 Time: 23.484699964523315[0m
2025-09-22 02:16:05,176 - Analysis - INFO - [1mGeneration number 59 	 Code coverage: 96.14% (523/544) 	 Branch coverage: 86.11% (31/36) 	 Transactions: 1748 (498 unique)   	 Time: 23.926358222961426[0m
2025-09-22 02:16:05,629 - Analysis - INFO - [1mGeneration number 60 	 Code coverage: 96.14% (523/544) 	 Branch coverage: 86.11% (31/36) 	 Transactions: 1780 (505 unique)   	 Time: 24.37944197654724[0m
2025-09-22 02:16:06,071 - Analysis - INFO - [1mGeneration number 61 	 Code coverage: 96.14% (523/544) 	 Branch coverage: 86.11% (31/36) 	 Transactions: 1812 (513 unique)   	 Time: 24.82121253013611[0m
2025-09-22 02:16:06,535 - Analysis - INFO - [1mGeneration number 62 	 Code coverage: 96.14% (523/544) 	 Branch coverage: 86.11% (31/36) 	 Transactions: 1844 (521 unique)   	 Time: 25.284921169281006[0m
2025-09-22 02:16:06,998 - Analysis - INFO - [1mGeneration number 63 	 Code coverage: 96.14% (523/544) 	 Branch coverage: 86.11% (31/36) 	 Transactions: 1876 (529 unique)   	 Time: 25.748265981674194[0m
2025-09-22 02:16:07,258 - Analysis - INFO - [1mGeneration number 64 	 Code coverage: 96.14% (523/544) 	 Branch coverage: 86.11% (31/36) 	 Transactions: 1898 (541 unique)   	 Time: 26.008071422576904[0m
2025-09-22 02:16:07,664 - Analysis - INFO - [1mGeneration number 65 	 Code coverage: 96.14% (523/544) 	 Branch coverage: 86.11% (31/36) 	 Transactions: 1930 (549 unique)   	 Time: 26.413999557495117[0m
2025-09-22 02:16:08,089 - Analysis - INFO - [1mGeneration number 66 	 Code coverage: 96.14% (523/544) 	 Branch coverage: 86.11% (31/36) 	 Transactions: 1962 (557 unique)   	 Time: 26.83955955505371[0m
2025-09-22 02:16:08,576 - Analysis - INFO - [1mGeneration number 67 	 Code coverage: 96.14% (523/544) 	 Branch coverage: 86.11% (31/36) 	 Transactions: 1994 (565 unique)   	 Time: 27.325977563858032[0m
2025-09-22 02:16:09,065 - Analysis - INFO - [1mGeneration number 68 	 Code coverage: 96.14% (523/544) 	 Branch coverage: 86.11% (31/36) 	 Transactions: 2026 (573 unique)   	 Time: 27.814967155456543[0m
2025-09-22 02:16:09,524 - Analysis - INFO - [1mGeneration number 69 	 Code coverage: 96.14% (523/544) 	 Branch coverage: 86.11% (31/36) 	 Transactions: 2058 (581 unique)   	 Time: 28.27377676963806[0m
2025-09-22 02:16:10,022 - Analysis - INFO - [1mGeneration number 70 	 Code coverage: 96.14% (523/544) 	 Branch coverage: 86.11% (31/36) 	 Transactions: 2090 (589 unique)   	 Time: 28.772141933441162[0m
2025-09-22 02:16:10,453 - Analysis - INFO - [1mGeneration number 71 	 Code coverage: 96.14% (523/544) 	 Branch coverage: 86.11% (31/36) 	 Transactions: 2122 (597 unique)   	 Time: 29.20367932319641[0m
2025-09-22 02:16:10,942 - Analysis - INFO - [1mGeneration number 72 	 Code coverage: 96.14% (523/544) 	 Branch coverage: 86.11% (31/36) 	 Transactions: 2154 (604 unique)   	 Time: 29.692556619644165[0m
2025-09-22 02:16:11,387 - Analysis - INFO - [1mGeneration number 73 	 Code coverage: 96.14% (523/544) 	 Branch coverage: 86.11% (31/36) 	 Transactions: 2186 (612 unique)   	 Time: 30.1368887424469[0m
2025-09-22 02:16:11,681 - Analysis - INFO - [1mGeneration number 74 	 Code coverage: 96.14% (523/544) 	 Branch coverage: 86.11% (31/36) 	 Transactions: 2205 (621 unique)   	 Time: 30.431081295013428[0m
2025-09-22 02:16:11,932 - Analysis - INFO - [1mGeneration number 75 	 Code coverage: 96.14% (523/544) 	 Branch coverage: 86.11% (31/36) 	 Transactions: 2223 (627 unique)   	 Time: 30.68247127532959[0m
2025-09-22 02:16:12,288 - Analysis - INFO - [1mGeneration number 76 	 Code coverage: 96.14% (523/544) 	 Branch coverage: 86.11% (31/36) 	 Transactions: 2251 (634 unique)   	 Time: 31.037988901138306[0m
2025-09-22 02:16:12,676 - Analysis - INFO - [1mGeneration number 77 	 Code coverage: 96.14% (523/544) 	 Branch coverage: 86.11% (31/36) 	 Transactions: 2280 (641 unique)   	 Time: 31.42669177055359[0m
2025-09-22 02:16:13,028 - Analysis - INFO - [1mGeneration number 78 	 Code coverage: 96.14% (523/544) 	 Branch coverage: 86.11% (31/36) 	 Transactions: 2306 (649 unique)   	 Time: 31.777740716934204[0m
2025-09-22 02:16:13,456 - Analysis - INFO - [1mGeneration number 79 	 Code coverage: 96.14% (523/544) 	 Branch coverage: 86.11% (31/36) 	 Transactions: 2337 (656 unique)   	 Time: 32.20610952377319[0m
2025-09-22 02:16:13,834 - Analysis - INFO - [1mGeneration number 80 	 Code coverage: 96.14% (523/544) 	 Branch coverage: 86.11% (31/36) 	 Transactions: 2367 (663 unique)   	 Time: 32.58431649208069[0m
2025-09-22 02:16:14,264 - Analysis - INFO - [1mGeneration number 81 	 Code coverage: 96.14% (523/544) 	 Branch coverage: 86.11% (31/36) 	 Transactions: 2402 (671 unique)   	 Time: 33.01418209075928[0m
2025-09-22 02:16:14,705 - Analysis - INFO - [1mGeneration number 82 	 Code coverage: 96.14% (523/544) 	 Branch coverage: 86.11% (31/36) 	 Transactions: 2438 (679 unique)   	 Time: 33.45534110069275[0m
2025-09-22 02:16:15,191 - Analysis - INFO - [1mGeneration number 83 	 Code coverage: 96.14% (523/544) 	 Branch coverage: 86.11% (31/36) 	 Transactions: 2477 (687 unique)   	 Time: 33.94142699241638[0m
2025-09-22 02:16:15,465 - Analysis - INFO - [1mGeneration number 84 	 Code coverage: 96.14% (523/544) 	 Branch coverage: 86.11% (31/36) 	 Transactions: 2496 (696 unique)   	 Time: 34.21536183357239[0m
2025-09-22 02:16:15,881 - Analysis - INFO - [1mGeneration number 85 	 Code coverage: 96.14% (523/544) 	 Branch coverage: 86.11% (31/36) 	 Transactions: 2526 (704 unique)   	 Time: 34.63109040260315[0m
2025-09-22 02:16:16,360 - Analysis - INFO - [1mGeneration number 86 	 Code coverage: 96.14% (523/544) 	 Branch coverage: 86.11% (31/36) 	 Transactions: 2557 (712 unique)   	 Time: 35.109864473342896[0m
2025-09-22 02:16:16,807 - Analysis - INFO - [1mGeneration number 87 	 Code coverage: 96.14% (523/544) 	 Branch coverage: 86.11% (31/36) 	 Transactions: 2588 (720 unique)   	 Time: 35.55738711357117[0m
2025-09-22 02:16:17,273 - Analysis - INFO - [1mGeneration number 88 	 Code coverage: 96.14% (523/544) 	 Branch coverage: 86.11% (31/36) 	 Transactions: 2619 (728 unique)   	 Time: 36.02301549911499[0m
2025-09-22 02:16:17,704 - Analysis - INFO - [1mGeneration number 89 	 Code coverage: 96.14% (523/544) 	 Branch coverage: 86.11% (31/36) 	 Transactions: 2649 (736 unique)   	 Time: 36.453927755355835[0m
2025-09-22 02:16:18,131 - Analysis - INFO - [1mGeneration number 90 	 Code coverage: 96.14% (523/544) 	 Branch coverage: 86.11% (31/36) 	 Transactions: 2679 (744 unique)   	 Time: 36.88158631324768[0m
2025-09-22 02:16:18,540 - Analysis - INFO - [1mGeneration number 91 	 Code coverage: 96.14% (523/544) 	 Branch coverage: 86.11% (31/36) 	 Transactions: 2710 (752 unique)   	 Time: 37.29064202308655[0m
2025-09-22 02:16:19,041 - Analysis - INFO - [1mGeneration number 92 	 Code coverage: 96.14% (523/544) 	 Branch coverage: 86.11% (31/36) 	 Transactions: 2741 (759 unique)   	 Time: 37.79114389419556[0m
2025-09-22 02:16:19,495 - Analysis - INFO - [1mGeneration number 93 	 Code coverage: 96.14% (523/544) 	 Branch coverage: 86.11% (31/36) 	 Transactions: 2772 (767 unique)   	 Time: 38.245267152786255[0m
2025-09-22 02:16:19,793 - Analysis - INFO - [1mGeneration number 94 	 Code coverage: 96.14% (523/544) 	 Branch coverage: 86.11% (31/36) 	 Transactions: 2796 (779 unique)   	 Time: 38.5428740978241[0m
2025-09-22 02:16:20,183 - Analysis - INFO - [1mGeneration number 95 	 Code coverage: 96.14% (523/544) 	 Branch coverage: 86.11% (31/36) 	 Transactions: 2828 (787 unique)   	 Time: 38.933417081832886[0m
2025-09-22 02:16:20,599 - Analysis - INFO - [1mGeneration number 96 	 Code coverage: 96.14% (523/544) 	 Branch coverage: 86.11% (31/36) 	 Transactions: 2860 (795 unique)   	 Time: 39.34895396232605[0m
2025-09-22 02:16:20,979 - Analysis - INFO - [1mGeneration number 97 	 Code coverage: 96.14% (523/544) 	 Branch coverage: 86.11% (31/36) 	 Transactions: 2892 (803 unique)   	 Time: 39.72875785827637[0m
2025-09-22 02:16:21,372 - Analysis - INFO - [1mGeneration number 98 	 Code coverage: 96.14% (523/544) 	 Branch coverage: 86.11% (31/36) 	 Transactions: 2924 (810 unique)   	 Time: 40.121782302856445[0m
2025-09-22 02:16:21,424 - Analysis - INFO - [1m-----------------------------------------------------[0m
2025-09-22 02:16:21,424 - Analysis - INFO - Number of generations: 	 98
2025-09-22 02:16:21,424 - Analysis - INFO - Number of transactions: 	 2924 (810 unique)
2025-09-22 02:16:21,424 - Analysis - INFO - Transactions per second: 	 73
2025-09-22 02:16:21,424 - Analysis - INFO - Total code coverage: 	 96.14% (523/544)
2025-09-22 02:16:21,424 - Analysis - INFO - Total branch coverage: 	 86.11% (31/36)
2025-09-22 02:16:21,424 - Analysis - INFO - Total execution time: 	 40.17 seconds
2025-09-22 02:16:21,424 - Analysis - INFO - Total memory consumption: 	 79.67 MB

     ______            ______                _           
    / ____/___  ____  / ____/_  __________  (_)_  _______
   / /   / __ \/ __ \/ /_  / / / /_  /_  / / / / / / ___/
  / /___/ /_/ / / / / __/ / /_/ / / /_/ /_/ / /_/ (__  ) 
  \____/\____/_/ /_/_/    \__,_/ /___/___/_/\__,_/____/  

delteed file
