2025-07-05 03:34:01,655: [11] m.main:INFO: Registered plugins: IntrospectionAPIPlugin, <class 'manticore.ethereum.plugins.SkipRevertBasicBlocks'>, <class 'manticore.ethereum.plugins.FilterFunctions'>
2025-07-05 03:34:01,655: [11] m.main:INFO: Beginning analysis
2025-07-05 03:34:01,657: [11] m.e.manticore:INFO: Starting symbolic create contract
2025-07-05 03:34:28,806: [11] m.e.manticore:INFO: Starting symbolic transaction: 0
2025-07-05 03:34:53,497: [11] m.e.manticore:INFO: Found a concrete globalsha3 b'\x00\x00\x00\x00\x00\x00\x00\x00\x00\x00\x00\x00\x00\x00\x00\x00\x00\x00\x00\x00\x00\x00\x00\x00\x00\x00\x00\x00\x00\x02\x00\x00\x00\x00\x00\x00\x00\x00\x00\x00\x00\x00\x00\x00\x00\x00\x00\x00\x00\x00\x00\x00\x00\x00\x00\x00\x00\x00\x00\x00\x00\x00\x00\x00' -> 73138091548938366139099779971772605061518111956507126412222883840269740007539
2025-07-05 03:36:00,027: [11] m.e.manticore:INFO: 4 alive states, 4 terminated states
2025-07-05 03:36:16,504: [11] m.e.manticore:INFO: Starting symbolic transaction: 1
2025-07-05 03:43:12,215: [11] m.e.manticore:INFO: 16 alive states, 13 terminated states
2025-07-05 03:43:30,504: [99] m.c.manticore:INFO: Generated testcase No. 0 - STOP(3 txs)
2025-07-05 03:43:30,506: [99] m.c.plugin:WARNING: Caught will_solve in state None, but failed to capture its initialization
2025-07-05 03:43:30,527: [108] m.c.manticore:INFO: Generated testcase No. 1 - STOP(3 txs)
2025-07-05 03:43:30,532: [108] m.c.plugin:WARNING: Caught will_solve in state None, but failed to capture its initialization
2025-07-05 03:43:30,627: [107] m.c.manticore:INFO: Generated testcase No. 3 - STOP(3 txs)
2025-07-05 03:43:30,631: [107] m.c.plugin:WARNING: Caught will_solve in state None, but failed to capture its initialization
2025-07-05 03:43:30,635: [104] m.c.manticore:INFO: Generated testcase No. 2 - STOP(3 txs)
2025-07-05 03:43:30,636: [104] m.c.plugin:WARNING: Caught will_solve in state None, but failed to capture its initialization
2025-07-05 03:43:30,655: [106] m.c.manticore:INFO: Generated testcase No. 4 - STOP(3 txs)
2025-07-05 03:43:30,659: [106] m.c.plugin:WARNING: Caught will_solve in state None, but failed to capture its initialization
2025-07-05 03:43:30,694: [102] m.c.manticore:INFO: Generated testcase No. 5 - STOP(3 txs)
2025-07-05 03:43:30,695: [102] m.c.plugin:WARNING: Caught will_solve in state None, but failed to capture its initialization
2025-07-05 03:43:30,759: [109] m.c.manticore:INFO: Generated testcase No. 6 - STOP(3 txs)
2025-07-05 03:43:30,759: [109] m.c.plugin:WARNING: Caught will_solve in state None, but failed to capture its initialization
2025-07-05 03:43:30,796: [110] m.c.manticore:INFO: Generated testcase No. 8 - STOP(3 txs)
2025-07-05 03:43:30,797: [110] m.c.plugin:WARNING: Caught will_solve in state None, but failed to capture its initialization
2025-07-05 03:43:30,805: [103] m.c.manticore:INFO: Generated testcase No. 7 - STOP(3 txs)
2025-07-05 03:43:30,809: [103] m.c.plugin:WARNING: Caught will_solve in state None, but failed to capture its initialization
2025-07-05 03:43:30,833: [100] m.c.manticore:INFO: Generated testcase No. 9 - STOP(3 txs)
2025-07-05 03:43:30,834: [100] m.c.plugin:WARNING: Caught will_solve in state None, but failed to capture its initialization
2025-07-05 03:43:31,018: [112] m.c.manticore:INFO: Generated testcase No. 11 - STOP(3 txs)
2025-07-05 03:43:31,019: [112] m.c.plugin:WARNING: Caught will_solve in state None, but failed to capture its initialization
2025-07-05 03:43:31,041: [113] m.c.manticore:INFO: Generated testcase No. 10 - STOP(3 txs)
2025-07-05 03:43:31,045: [113] m.c.plugin:WARNING: Caught will_solve in state None, but failed to capture its initialization
2025-07-05 03:47:35,248: [110] m.c.manticore:INFO: Generated testcase No. 12 - STOP(3 txs)
2025-07-05 03:47:35,847: [106] m.c.manticore:INFO: Generated testcase No. 13 - STOP(3 txs)
2025-07-05 03:47:38,651: [107] m.c.manticore:INFO: Generated testcase No. 14 - STOP(3 txs)
2025-07-05 03:47:39,554: [109] m.c.manticore:INFO: Generated testcase No. 15 - STOP(3 txs)
