2025-09-21 15:08:16,472 - Main     - INFO - [1mInitializing seed to 1427655.0[0m
2025-09-21 15:08:16,550 - Fuzzer   - INFO - [1mFuzzing contract [1mOmVPNToken[0m[0m
2025-09-21 15:08:16,584 - Detector - INFO - [1m[31m-----------------------------------------------------[0m
2025-09-21 15:08:16,584 - Detector - INFO - [1m[31m          !!! Integer overflow detected !!!          [0m
2025-09-21 15:08:16,584 - Detector - INFO - [1m[31m-----------------------------------------------------[0m
2025-09-21 15:08:16,584 - Detector - INFO - [1m[31mSWC-ID:   101[0m
2025-09-21 15:08:16,584 - Detector - INFO - [1m[31mSeverity: High[0m
2025-09-21 15:08:16,584 - Detector - INFO - [1m[31m-----------------------------------------------------[0m
2025-09-21 15:08:16,584 - Detector - INFO - [1m[31mSource code line:[0m
2025-09-21 15:08:16,584 - Detector - INFO - [1m[31m-----------------------------------------------------[0m
2025-09-21 15:08:16,584 - Detector - INFO - [1m[31m/sb/0x820d1e2319e12c2b13dcaf25720346f0a7ddec74.sol:8:1[0m
2025-09-21 15:08:16,584 - Detector - INFO - [1m[31ma + b[0m
2025-09-21 15:08:16,584 - Detector - INFO - [1m[31m-----------------------------------------------------[0m
2025-09-21 15:08:16,584 - Detector - INFO - [1m[31mTransaction sequence:[0m
2025-09-21 15:08:16,584 - Detector - INFO - [1m[31m-----------------------------------------------------[0m
2025-09-21 15:08:16,584 - Detector - INFO - [1m[31mTransaction - safeAdd(uint256,uint256):[0m
2025-09-21 15:08:16,584 - Detector - INFO - [1m[31m-----------------------------------------------------[0m
2025-09-21 15:08:16,584 - Detector - INFO - [1m[31mFrom:      0xcafebabecafebabecafebabecafebabecafebabe[0m
2025-09-21 15:08:16,584 - Detector - INFO - [1m[31mTo:        0x2c5e8a3b3aad9df32339409534e64dfcabcd3a65[0m
2025-09-21 15:08:16,584 - Detector - INFO - [1m[31mValue:     0 Wei[0m
2025-09-21 15:08:16,584 - Detector - INFO - [1m[31mGas Limit: 4500000[0m
2025-09-21 15:08:16,584 - Detector - INFO - [1m[31mInput:     0xe6cb9013ffffffffffffffffffffffffffffffff[0m
2025-09-21 15:08:16,584 - Detector - INFO - [1m[31m           fffffffffffffffffffffffffffffffeffffffffff[0m
2025-09-21 15:08:16,584 - Detector - INFO - [1m[31m           ffffffffffffffffffffffffffffffffffffffffff[0m
2025-09-21 15:08:16,584 - Detector - INFO - [1m[31m           fffffffffffd[0m
2025-09-21 15:08:16,584 - Detector - INFO - [1m[31m-----------------------------------------------------[0m
2025-09-21 15:08:16,813 - Analysis - INFO - [1mGeneration number 0 	 Code coverage: 82.42% (1589/1928) 	 Branch coverage: 80.77% (105/130) 	 Transactions: 43 (42 unique)   	 Time: 0.2470715045928955[0m
2025-09-21 15:08:17,148 - Analysis - INFO - [1mGeneration number 1 	 Code coverage: 86.20% (1662/1928) 	 Branch coverage: 83.08% (108/130) 	 Transactions: 93 (68 unique)   	 Time: 0.5822381973266602[0m
2025-09-21 15:08:17,649 - Analysis - INFO - [1mGeneration number 2 	 Code coverage: 86.20% (1662/1928) 	 Branch coverage: 83.08% (108/130) 	 Transactions: 176 (100 unique)   	 Time: 1.0838046073913574[0m
2025-09-21 15:08:18,531 - Analysis - INFO - [1mGeneration number 3 	 Code coverage: 89.68% (1729/1928) 	 Branch coverage: 85.38% (111/130) 	 Transactions: 297 (134 unique)   	 Time: 1.9656612873077393[0m
2025-09-21 15:08:19,457 - Analysis - INFO - [1mGeneration number 4 	 Code coverage: 89.83% (1732/1928) 	 Branch coverage: 86.15% (112/130) 	 Transactions: 425 (160 unique)   	 Time: 2.8915088176727295[0m
2025-09-21 15:08:20,559 - Analysis - INFO - [1mGeneration number 5 	 Code coverage: 89.83% (1732/1928) 	 Branch coverage: 86.15% (112/130) 	 Transactions: 573 (190 unique)   	 Time: 3.9931671619415283[0m
2025-09-21 15:08:21,862 - Analysis - INFO - [1mGeneration number 6 	 Code coverage: 89.83% (1732/1928) 	 Branch coverage: 86.15% (112/130) 	 Transactions: 728 (221 unique)   	 Time: 5.2969090938568115[0m
2025-09-21 15:08:23,108 - Analysis - INFO - [1mGeneration number 7 	 Code coverage: 89.83% (1732/1928) 	 Branch coverage: 86.15% (112/130) 	 Transactions: 886 (249 unique)   	 Time: 6.542468070983887[0m
2025-09-21 15:08:24,337 - Analysis - INFO - [1mGeneration number 8 	 Code coverage: 89.83% (1732/1928) 	 Branch coverage: 86.15% (112/130) 	 Transactions: 1036 (276 unique)   	 Time: 7.771700382232666[0m
2025-09-21 15:08:25,668 - Analysis - INFO - [1mGeneration number 9 	 Code coverage: 89.83% (1732/1928) 	 Branch coverage: 86.15% (112/130) 	 Transactions: 1202 (310 unique)   	 Time: 9.102173805236816[0m
2025-09-21 15:08:27,059 - Analysis - INFO - [1mGeneration number 10 	 Code coverage: 89.83% (1732/1928) 	 Branch coverage: 86.15% (112/130) 	 Transactions: 1371 (341 unique)   	 Time: 10.49321699142456[0m
2025-09-21 15:08:27,109 - Analysis - INFO - [1m-----------------------------------------------------[0m
2025-09-21 15:08:27,109 - Analysis - INFO - Number of generations: 	 10
2025-09-21 15:08:27,109 - Analysis - INFO - Number of transactions: 	 1371 (341 unique)
2025-09-21 15:08:27,109 - Analysis - INFO - Transactions per second: 	 130
2025-09-21 15:08:27,109 - Analysis - INFO - Total code coverage: 	 89.83% (1732/1928)
2025-09-21 15:08:27,109 - Analysis - INFO - Total branch coverage: 	 86.15% (112/130)
2025-09-21 15:08:27,109 - Analysis - INFO - Total execution time: 	 10.54 seconds
2025-09-21 15:08:27,110 - Analysis - INFO - Total memory consumption: 	 72.49 MB
2025-09-21 15:08:27,111 - Fuzzer   - INFO - [1mFuzzing contract [1mOwned[0m[0m
2025-09-21 15:08:27,150 - Analysis - INFO - [1mGeneration number 0 	 Code coverage: 70.20% (179/255) 	 Branch coverage: 90.91% (20/22) 	 Transactions: 11 (10 unique)   	 Time: 0.03573918342590332[0m
2025-09-21 15:08:27,177 - Analysis - INFO - [1mGeneration number 1 	 Code coverage: 70.20% (179/255) 	 Branch coverage: 90.91% (20/22) 	 Transactions: 18 (12 unique)   	 Time: 0.06248307228088379[0m
2025-09-21 15:08:27,223 - Analysis - INFO - [1mGeneration number 2 	 Code coverage: 70.20% (179/255) 	 Branch coverage: 90.91% (20/22) 	 Transactions: 24 (13 unique)   	 Time: 0.1087794303894043[0m
2025-09-21 15:08:27,269 - Analysis - INFO - [1mGeneration number 3 	 Code coverage: 70.20% (179/255) 	 Branch coverage: 90.91% (20/22) 	 Transactions: 30 (14 unique)   	 Time: 0.15517544746398926[0m
2025-09-21 15:08:27,325 - Analysis - INFO - [1mGeneration number 4 	 Code coverage: 80.00% (204/255) 	 Branch coverage: 95.45% (21/22) 	 Transactions: 35 (15 unique)   	 Time: 0.2107255458831787[0m
2025-09-21 15:08:27,378 - Analysis - INFO - [1mGeneration number 5 	 Code coverage: 80.00% (204/255) 	 Branch coverage: 95.45% (21/22) 	 Transactions: 47 (20 unique)   	 Time: 0.2638218402862549[0m
2025-09-21 15:08:27,482 - Analysis - INFO - [1mGeneration number 6 	 Code coverage: 99.61% (254/255) 	 Branch coverage: 100.00% (22/22) 	 Transactions: 65 (25 unique)   	 Time: 0.36730074882507324[0m
2025-09-21 15:08:27,644 - Analysis - INFO - [1mGeneration number 7 	 Code coverage: 99.61% (254/255) 	 Branch coverage: 100.00% (22/22) 	 Transactions: 96 (32 unique)   	 Time: 0.5296337604522705[0m
2025-09-21 15:08:27,799 - Analysis - INFO - [1mGeneration number 8 	 Code coverage: 99.61% (254/255) 	 Branch coverage: 100.00% (22/22) 	 Transactions: 128 (36 unique)   	 Time: 0.6848583221435547[0m
2025-09-21 15:08:27,966 - Analysis - INFO - [1mGeneration number 9 	 Code coverage: 99.61% (254/255) 	 Branch coverage: 100.00% (22/22) 	 Transactions: 162 (41 unique)   	 Time: 0.8517687320709229[0m
2025-09-21 15:08:28,110 - Analysis - INFO - [1mGeneration number 10 	 Code coverage: 99.61% (254/255) 	 Branch coverage: 100.00% (22/22) 	 Transactions: 194 (44 unique)   	 Time: 0.995520830154419[0m
2025-09-21 15:08:28,110 - Analysis - INFO - [1m-----------------------------------------------------[0m
2025-09-21 15:08:28,110 - Analysis - INFO - Number of generations: 	 10
2025-09-21 15:08:28,110 - Analysis - INFO - Number of transactions: 	 194 (44 unique)
2025-09-21 15:08:28,110 - Analysis - INFO - Transactions per second: 	 195
2025-09-21 15:08:28,110 - Analysis - INFO - Total code coverage: 	 99.61% (254/255)
2025-09-21 15:08:28,110 - Analysis - INFO - Total branch coverage: 	 100.00% (22/22)
2025-09-21 15:08:28,110 - Analysis - INFO - Total execution time: 	 1.00 seconds
2025-09-21 15:08:28,110 - Analysis - INFO - Total memory consumption: 	 72.62 MB
2025-09-21 15:08:28,111 - Fuzzer   - INFO - [1mFuzzing contract [1mSafeMath[0m[0m
2025-09-21 15:08:28,128 - Detector - INFO - [1m[31m-----------------------------------------------------[0m
2025-09-21 15:08:28,128 - Detector - INFO - [1m[31m          !!! Integer overflow detected !!!          [0m
2025-09-21 15:08:28,128 - Detector - INFO - [1m[31m-----------------------------------------------------[0m
2025-09-21 15:08:28,128 - Detector - INFO - [1m[31mSWC-ID:   101[0m
2025-09-21 15:08:28,128 - Detector - INFO - [1m[31mSeverity: High[0m
2025-09-21 15:08:28,128 - Detector - INFO - [1m[31m-----------------------------------------------------[0m
2025-09-21 15:08:28,128 - Detector - INFO - [1m[31mSource code line:[0m
2025-09-21 15:08:28,128 - Detector - INFO - [1m[31m-----------------------------------------------------[0m
2025-09-21 15:08:28,128 - Detector - INFO - [1m[31m/sb/0x820d1e2319e12c2b13dcaf25720346f0a7ddec74.sol:8:1[0m
2025-09-21 15:08:28,128 - Detector - INFO - [1m[31ma + b[0m
2025-09-21 15:08:28,128 - Detector - INFO - [1m[31m-----------------------------------------------------[0m
2025-09-21 15:08:28,128 - Detector - INFO - [1m[31mTransaction sequence:[0m
2025-09-21 15:08:28,128 - Detector - INFO - [1m[31m-----------------------------------------------------[0m
2025-09-21 15:08:28,128 - Detector - INFO - [1m[31mTransaction - safeAdd(uint256,uint256):[0m
2025-09-21 15:08:28,128 - Detector - INFO - [1m[31m-----------------------------------------------------[0m
2025-09-21 15:08:28,129 - Detector - INFO - [1m[31mFrom:      0xcafebabecafebabecafebabecafebabecafebabe[0m
2025-09-21 15:08:28,129 - Detector - INFO - [1m[31mTo:        0x2c5e8a3b3aad9df32339409534e64dfcabcd3a65[0m
2025-09-21 15:08:28,129 - Detector - INFO - [1m[31mValue:     0 Wei[0m
2025-09-21 15:08:28,129 - Detector - INFO - [1m[31mGas Limit: 4500000[0m
2025-09-21 15:08:28,129 - Detector - INFO - [1m[31mInput:     0xe6cb90135dc67cf6e55b8bbadaaebfd474374dc4[0m
2025-09-21 15:08:28,129 - Detector - INFO - [1m[31m           45cb85a2f50d7e6d3b897a1ba3b8913cbff63dc59e[0m
2025-09-21 15:08:28,129 - Detector - INFO - [1m[31m           e7664ff9789d87236f6469f26aaae3631c3cad6681[0m
2025-09-21 15:08:28,129 - Detector - INFO - [1m[31m           04dc1b22d1da[0m
2025-09-21 15:08:28,129 - Detector - INFO - [1m[31m-----------------------------------------------------[0m
2025-09-21 15:08:28,160 - Analysis - INFO - [1mGeneration number 0 	 Code coverage: 78.64% (173/220) 	 Branch coverage: 75.00% (24/32) 	 Transactions: 11 (10 unique)   	 Time: 0.04560089111328125[0m
2025-09-21 15:08:28,219 - Analysis - INFO - [1mGeneration number 1 	 Code coverage: 88.64% (195/220) 	 Branch coverage: 78.12% (25/32) 	 Transactions: 21 (19 unique)   	 Time: 0.1042943000793457[0m
2025-09-21 15:08:28,264 - Analysis - INFO - [1mGeneration number 2 	 Code coverage: 88.64% (195/220) 	 Branch coverage: 81.25% (26/32) 	 Transactions: 31 (27 unique)   	 Time: 0.1496109962463379[0m
2025-09-21 15:08:28,363 - Analysis - INFO - [1mGeneration number 3 	 Code coverage: 88.64% (195/220) 	 Branch coverage: 84.38% (27/32) 	 Transactions: 41 (35 unique)   	 Time: 0.24883699417114258[0m
2025-09-21 15:08:28,448 - Analysis - INFO - [1mGeneration number 4 	 Code coverage: 88.64% (195/220) 	 Branch coverage: 84.38% (27/32) 	 Transactions: 50 (41 unique)   	 Time: 0.3332393169403076[0m
2025-09-21 15:08:28,517 - Analysis - INFO - [1mGeneration number 5 	 Code coverage: 88.64% (195/220) 	 Branch coverage: 84.38% (27/32) 	 Transactions: 57 (44 unique)   	 Time: 0.4024991989135742[0m
2025-09-21 15:08:28,581 - Analysis - INFO - [1mGeneration number 6 	 Code coverage: 91.36% (201/220) 	 Branch coverage: 87.50% (28/32) 	 Transactions: 62 (45 unique)   	 Time: 0.4663584232330322[0m
2025-09-21 15:08:28,610 - Analysis - INFO - [1mGeneration number 7 	 Code coverage: 91.36% (201/220) 	 Branch coverage: 87.50% (28/32) 	 Transactions: 68 (47 unique)   	 Time: 0.4955143928527832[0m
2025-09-21 15:08:28,665 - Analysis - INFO - [1mGeneration number 8 	 Code coverage: 91.36% (201/220) 	 Branch coverage: 87.50% (28/32) 	 Transactions: 75 (48 unique)   	 Time: 0.5505821704864502[0m
2025-09-21 15:08:28,724 - Analysis - INFO - [1mGeneration number 9 	 Code coverage: 91.36% (201/220) 	 Branch coverage: 87.50% (28/32) 	 Transactions: 83 (50 unique)   	 Time: 0.6096556186676025[0m
2025-09-21 15:08:28,780 - Analysis - INFO - [1mGeneration number 10 	 Code coverage: 91.36% (201/220) 	 Branch coverage: 87.50% (28/32) 	 Transactions: 90 (52 unique)   	 Time: 0.665276288986206[0m
2025-09-21 15:08:28,802 - Analysis - INFO - [1m-----------------------------------------------------[0m
2025-09-21 15:08:28,802 - Analysis - INFO - Number of generations: 	 10
2025-09-21 15:08:28,802 - Analysis - INFO - Number of transactions: 	 90 (52 unique)
2025-09-21 15:08:28,802 - Analysis - INFO - Transactions per second: 	 131
2025-09-21 15:08:28,802 - Analysis - INFO - Total code coverage: 	 91.36% (201/220)
2025-09-21 15:08:28,802 - Analysis - INFO - Total branch coverage: 	 87.50% (28/32)
2025-09-21 15:08:28,802 - Analysis - INFO - Total execution time: 	 0.69 seconds
2025-09-21 15:08:28,802 - Analysis - INFO - Total memory consumption: 	 73.93 MB

     ______            ______                _           
    / ____/___  ____  / ____/_  __________  (_)_  _______
   / /   / __ \/ __ \/ /_  / / / /_  /_  / / / / / / ___/
  / /___/ /_/ / / / / __/ / /_/ / / /_/ /_/ / /_/ (__  ) 
  \____/\____/_/ /_/_/    \__,_/ /___/___/_/\__,_/____/  

delteed file
