2025-07-07 18:28:46,702: [11] m.main:INFO: Registered plugins: IntrospectionAPIPlugin, <class 'manticore.ethereum.plugins.SkipRevertBasicBlocks'>, <class 'manticore.ethereum.plugins.FilterFunctions'>
2025-07-07 18:28:46,703: [11] m.main:INFO: Beginning analysis
2025-07-07 18:28:46,704: [11] m.e.manticore:INFO: Starting symbolic create contract
2025-07-07 18:28:47,410: [11] m.e.manticore:INFO: Starting symbolic transaction: 0
2025-07-07 18:28:50,314: [11] m.e.manticore:INFO: Found a concrete globalsha3 b'\x00\x00\x00\x00\x00\x00\x00\x00\x00\x00\x00\x00\x00\x00\x00\x00\x00\x00\x00\x00\x00\x00\x00\x00\x00\x00\x00\x00\x00\x02\x00\x00\x00\x00\x00\x00\x00\x00\x00\x00\x00\x00\x00\x00\x00\x00\x00\x00\x00\x00\x00\x00\x00\x00\x00\x00\x00\x00\x00\x00\x00\x00\x00\x01' -> 27376155845717860833342594873357525089589924219251518322086369159840883582034
2025-07-07 18:29:00,453: [11] m.e.manticore:INFO: 3 alive states, 3 terminated states
2025-07-07 18:29:00,714: [11] m.e.manticore:INFO: Starting symbolic transaction: 1
2025-07-07 18:29:46,401: [11] m.e.manticore:INFO: 9 alive states, 9 terminated states
2025-07-07 18:29:46,877: [101] m.c.manticore:INFO: Generated testcase No. 0 - STOP(3 txs)
2025-07-07 18:29:46,882: [101] m.c.plugin:WARNING: Caught will_solve in state None, but failed to capture its initialization
2025-07-07 18:29:46,953: [103] m.c.manticore:INFO: Generated testcase No. 1 - STOP(3 txs)
2025-07-07 18:29:46,954: [103] m.c.plugin:WARNING: Caught will_solve in state None, but failed to capture its initialization
2025-07-07 18:29:46,970: [102] m.c.manticore:INFO: Generated testcase No. 2 - STOP(3 txs)
2025-07-07 18:29:46,971: [102] m.c.plugin:WARNING: Caught will_solve in state None, but failed to capture its initialization
2025-07-07 18:29:47,007: [105] m.c.manticore:INFO: Generated testcase No. 3 - STOP(3 txs)
2025-07-07 18:29:47,007: [105] m.c.plugin:WARNING: Caught will_solve in state None, but failed to capture its initialization
2025-07-07 18:29:47,021: [111] m.c.manticore:INFO: Generated testcase No. 4 - STOP(3 txs)
2025-07-07 18:29:47,022: [111] m.c.plugin:WARNING: Caught will_solve in state None, but failed to capture its initialization
2025-07-07 18:29:47,033: [109] m.c.manticore:INFO: Generated testcase No. 5 - STOP(3 txs)
2025-07-07 18:29:47,041: [108] m.c.manticore:INFO: Generated testcase No. 7 - STOP(3 txs)
2025-07-07 18:29:47,038: [109] m.c.plugin:WARNING: Caught will_solve in state None, but failed to capture its initialization
2025-07-07 18:29:47,042: [108] m.c.plugin:WARNING: Caught will_solve in state None, but failed to capture its initialization
2025-07-07 18:29:47,052: [110] m.c.manticore:INFO: Generated testcase No. 6 - STOP(3 txs)
2025-07-07 18:29:47,053: [110] m.c.plugin:WARNING: Caught will_solve in state None, but failed to capture its initialization
2025-07-07 18:29:47,260: [106] m.c.manticore:INFO: Generated testcase No. 8 - STOP(3 txs)
2025-07-07 18:29:47,265: [106] m.c.plugin:WARNING: Caught will_solve in state None, but failed to capture its initialization
2025-07-07 18:29:52,323: [11] m.c.manticore:INFO: Results in /mcore_1z_mejz6
2025-07-07 18:29:52,324: [11] m.c.manticore:INFO: Total time: 51.53401160240173
