2025-09-04 00:52:49,294 - Main     - INFO - [1mInitializing seed to 1427655.0[0m
2025-09-04 00:52:49,317 - Fuzzer   - INFO - [1mFuzzing contract [1mIntegerOverflowAdd[0m[0m
2025-09-04 00:52:49,349 - Analysis - INFO - [1mGeneration number 0 	 Code coverage: 73.46% (119/162) 	 Branch coverage: 91.67% (11/12) 	 Transactions: 7 (6 unique)   	 Time: 0.0244448184967041[0m
2025-09-04 00:52:49,370 - Analysis - INFO - [1mGeneration number 1 	 Code coverage: 73.46% (119/162) 	 Branch coverage: 91.67% (11/12) 	 Transactions: 13 (10 unique)   	 Time: 0.04531240463256836[0m
2025-09-04 00:52:49,405 - Analysis - INFO - [1mGeneration number 2 	 Code coverage: 73.46% (119/162) 	 Branch coverage: 91.67% (11/12) 	 Transactions: 18 (11 unique)   	 Time: 0.08045315742492676[0m
2025-09-04 00:52:49,444 - Analysis - INFO - [1mGeneration number 3 	 Code coverage: 99.38% (161/162) 	 Branch coverage: 100.00% (12/12) 	 Transactions: 23 (12 unique)   	 Time: 0.11975240707397461[0m
2025-09-04 00:52:49,496 - Analysis - INFO - [1mGeneration number 4 	 Code coverage: 99.38% (161/162) 	 Branch coverage: 100.00% (12/12) 	 Transactions: 32 (16 unique)   	 Time: 0.17203712463378906[0m
2025-09-04 00:52:49,557 - Analysis - INFO - [1mGeneration number 5 	 Code coverage: 99.38% (161/162) 	 Branch coverage: 100.00% (12/12) 	 Transactions: 43 (20 unique)   	 Time: 0.2330019474029541[0m
2025-09-04 00:52:49,666 - Analysis - INFO - [1mGeneration number 6 	 Code coverage: 99.38% (161/162) 	 Branch coverage: 100.00% (12/12) 	 Transactions: 58 (23 unique)   	 Time: 0.34210848808288574[0m
2025-09-04 00:52:49,783 - Analysis - INFO - [1mGeneration number 7 	 Code coverage: 99.38% (161/162) 	 Branch coverage: 100.00% (12/12) 	 Transactions: 74 (26 unique)   	 Time: 0.45817017555236816[0m
2025-09-04 00:52:49,901 - Analysis - INFO - [1mGeneration number 8 	 Code coverage: 99.38% (161/162) 	 Branch coverage: 100.00% (12/12) 	 Transactions: 91 (28 unique)   	 Time: 0.5766968727111816[0m
2025-09-04 00:52:49,985 - Analysis - INFO - [1mGeneration number 9 	 Code coverage: 99.38% (161/162) 	 Branch coverage: 100.00% (12/12) 	 Transactions: 107 (31 unique)   	 Time: 0.6607563495635986[0m
2025-09-04 00:52:50,072 - Analysis - INFO - [1mGeneration number 10 	 Code coverage: 99.38% (161/162) 	 Branch coverage: 100.00% (12/12) 	 Transactions: 123 (33 unique)   	 Time: 0.7472352981567383[0m
2025-09-04 00:52:50,072 - Analysis - INFO - [1m-----------------------------------------------------[0m
2025-09-04 00:52:50,072 - Analysis - INFO - Number of generations: 	 10
2025-09-04 00:52:50,072 - Analysis - INFO - Number of transactions: 	 123 (33 unique)
2025-09-04 00:52:50,072 - Analysis - INFO - Transactions per second: 	 165
2025-09-04 00:52:50,072 - Analysis - INFO - Total code coverage: 	 99.38% (161/162)
2025-09-04 00:52:50,072 - Analysis - INFO - Total branch coverage: 	 100.00% (12/12)
2025-09-04 00:52:50,072 - Analysis - INFO - Total execution time: 	 0.75 seconds
2025-09-04 00:52:50,072 - Analysis - INFO - Total memory consumption: 	 63.78 MB

     ______            ______                _           
    / ____/___  ____  / ____/_  __________  (_)_  _______
   / /   / __ \/ __ \/ /_  / / / /_  /_  / / / / / / ___/
  / /___/ /_/ / / / / __/ / /_/ / / /_/ /_/ / /_/ (__  ) 
  \____/\____/_/ /_/_/    \__,_/ /___/___/_/\__,_/____/  

delteed file
