Extract contract LogFile from /sb/0x01f8c4e3fa3edeb29e514cba738d87ce8c091d3f.sol
Extract contract PERSONAL_BANK from /sb/0x01f8c4e3fa3edeb29e514cba738d87ce8c091d3f.sol
Extracted 2 contract(s) from /sb/0x01f8c4e3fa3edeb29e514cba738d87ce8c091d3f.sol
[0;32m> Created "fuzzMe"[0m
[0;32m> To fuzz contracts:[0m
  chmod +x fuzzMe
  ./fuzzMe
assets/NormalAttacker.sol:5:3: Warning: No visibility specified. Defaulting to "public". 
  function() payable {
  ^ (Relevant source part starts here and spans across multiple lines).
assets/ReentrancyAttacker.sol:8:7: Warning: Return value of low-level calls not used.
      msg.sender.call(bytes4(255));
      ^--------------------------^
assets/ReentrancyAttacker.sol:5:3: Warning: No visibility specified. Defaulting to "public". 
  function() payable {
  ^ (Relevant source part starts here and spans across multiple lines).
>> Fuzz LogFile
** Write stats: 0.006604
** Write stats: 5.00372
** Write stats: 10.0008
** Write stats: 15.0136
** Write stats: 20.0125
** Write stats: 25.0122
** Write stats: 30.0407
** Write stats: 35.0422
** Write stats: 40.0178
** Write stats: 45.0021
** Write stats: 50.0237
** Write stats: 55.0171
** Write stats: 60.026
** Write stats: 65.014
** Write stats: 70.0484
** Write stats: 75.0198
** Write stats: 80.0023
** Write stats: 85.0571
** Write stats: 90.0634
** Write stats: 95.06
** Write stats: 100.027
** Write stats: 105.03
** Write stats: 110.059
** Write stats: 115.029
** Write stats: 120.081
** Write stats: 125.061
** Write stats: 130.074
** Write stats: 135.045
** Write stats: 140.078
** Write stats: 145.068
** Write stats: 150.026
** Write stats: 155.042
** Write stats: 160.027
** Write stats: 165.05
** Write stats: 170.012
** Write stats: 175.096
** Write stats: 180.009
** Write stats: 185.067
** Write stats: 190.086
** Write stats: 195.029
** Write stats: 200.031
** Write stats: 205.073
** Write stats: 210.084
** Write stats: 215.038
** Write stats: 220.124
** Write stats: 225.083
** Write stats: 230.084
** Write stats: 235.088
** Write stats: 240.115
** Write stats: 245.079
** Write stats: 250.053
** Write stats: 255.096
** Write stats: 260.037
** Write stats: 265.043
** Write stats: 270.067
** Write stats: 275.025
** Write stats: 280.003
** Write stats: 285.051
** Write stats: 290.068
** Write stats: 295.099
** Write stats: 300.108
** Write stats: 305.109
** Write stats: 310.08
** Write stats: 315.082
** Write stats: 320.114
** Write stats: 325.039
** Write stats: 330.132
** Write stats: 335.099
** Write stats: 340.122
** Write stats: 345.004
** Write stats: 350.067
** Write stats: 355.111
** Write stats: 360.018
** Write stats: 365.056
** Write stats: 370.105
** Write stats: 375.121
** Write stats: 380.003
** Write stats: 385.037
** Write stats: 390.077
** Write stats: 395.101
** Write stats: 400.146
** Write stats: 405.067
** Write stats: 410.006
** Write stats: 415.133
** Write stats: 420.118
** Write stats: 425.007
** Write stats: 430.044
** Write stats: 435.128
** Write stats: 440.032
** Write stats: 445.132
** Write stats: 448.115
>> Fuzz PERSONAL_BANK
** Write stats: 0.006587
** Write stats: 5.00129
** Write stats: 10.0005
** Write stats: 15.0009
** Write stats: 20.0005
** Write stats: 25.001
** Write stats: 30.001
** Write stats: 35.004
** Write stats: 40.0036
** Write stats: 45.0031
** Write stats: 50.0041
** Write stats: 55.0027
** Write stats: 60.0045
** Write stats: 65.0003
** Write stats: 70.0033
** Write stats: 75.0032
** Write stats: 80.0002
** Write stats: 85.0035
** Write stats: 90.0046
** Write stats: 95.0039
** Write stats: 100.028
** Write stats: 105.006
** Write stats: 110.004
** Write stats: 115.004
** Write stats: 120.002
** Write stats: 125.005
** Write stats: 130.003
** Write stats: 135.005
** Write stats: 140.003
** Write stats: 145.005
** Write stats: 150.004
** Write stats: 155.003
** Write stats: 160.003
** Write stats: 165
** Write stats: 170.005
** Write stats: 175.002
** Write stats: 180.007
** Write stats: 185.001
** Write stats: 190.007
** Write stats: 195.003
** Write stats: 200.009
** Write stats: 205.008
** Write stats: 210.004
** Write stats: 215.012
** Write stats: 220.002
** Write stats: 225.003
** Write stats: 230.01
** Write stats: 235.004
** Write stats: 240.01
** Write stats: 245.016
** Write stats: 250.018
** Write stats: 255.018
** Write stats: 260.012
** Write stats: 265.006
** Write stats: 270.005
** Write stats: 275.001
** Write stats: 280.009
** Write stats: 285.015
** Write stats: 290.005
** Write stats: 295.002
** Write stats: 300.013
** Write stats: 305.01
** Write stats: 310.018
** Write stats: 315.018
** Write stats: 320.012
** Write stats: 325.012
** Write stats: 330.01
** Write stats: 335.002
** Write stats: 340.007
** Write stats: 345.003
** Write stats: 350.018
** Write stats: 355.004
** Write stats: 360.005
** Write stats: 365.01
** Write stats: 370.001
** Write stats: 375.019
** Write stats: 380.013
** Write stats: 385.01
** Write stats: 390.006
** Write stats: 395.004
** Write stats: 400.009
** Write stats: 405.012
** Write stats: 410.005
** Write stats: 415.016
** Write stats: 420
** Write stats: 425.018
** Write stats: 430.017
** Write stats: 435.004
** Write stats: 440.007
** Write stats: 445.017
** Write stats: 448.014
