Extract contract IntegerOverflowAdd from /sb/insecure_transfer.sol
Extracted 1 contract(s) from /sb/insecure_transfer.sol
[0;32m> Created "fuzzMe"[0m
[0;32m> To fuzz contracts:[0m
  chmod +x fuzzMe
  ./fuzzMe
assets/NormalAttacker.sol:5:3: Warning: No visibility specified. Defaulting to "public". 
  function() payable {
  ^ (Relevant source part starts here and spans across multiple lines).
assets/ReentrancyAttacker.sol:8:7: Warning: Return value of low-level calls not used.
      msg.sender.call(bytes4(255));
      ^--------------------------^
assets/ReentrancyAttacker.sol:5:3: Warning: No visibility specified. Defaulting to "public". 
  function() payable {
  ^ (Relevant source part starts here and spans across multiple lines).
>> Fuzz IntegerOverflowAdd
** Write stats: 0.00421
** Write stats: 5.00305
** Write stats: 10.0008
** Write stats: 15.0037
** Write stats: 20.0051
** Write stats: 25.0031
** Write stats: 30.0043
** Write stats: 35.0033
** Write stats: 40.0007
** Write stats: 45.0027
** Write stats: 50.0039
** Write stats: 55.0012
** Write stats: 60.0025
** Write stats: 65.0039
** Write stats: 70.0007
** Write stats: 75.0036
** Write stats: 80.0033
** Write stats: 85.0033
** Write stats: 90.0009
** Write stats: 95.001
** Write stats: 100.004
** Write stats: 105
** Write stats: 110
** Write stats: 115
** Write stats: 120.013
** Write stats: 125.004
** Write stats: 130.001
** Write stats: 135.003
** Write stats: 140.005
** Write stats: 145.001
** Write stats: 150.001
** Write stats: 155.005
** Write stats: 160.001
** Write stats: 165.006
** Write stats: 170.009
** Write stats: 175.003
** Write stats: 180
** Write stats: 185.007
** Write stats: 190.007
** Write stats: 195.028
** Write stats: 200.005
** Write stats: 205.005
** Write stats: 210.006
** Write stats: 215.008
** Write stats: 220.006
** Write stats: 225.017
** Write stats: 230
** Write stats: 235.006
** Write stats: 240.01
** Write stats: 245.003
** Write stats: 250.002
** Write stats: 255.008
** Write stats: 260.002
** Write stats: 265.004
** Write stats: 270.008
** Write stats: 275.002
** Write stats: 280.002
** Write stats: 285.012
** Write stats: 290.001
** Write stats: 295.004
** Write stats: 298.015
