2025-07-07 16:10:15,138: [11] m.main:INFO: Registered plugins: IntrospectionAPIPlugin, <class 'manticore.ethereum.plugins.SkipRevertBasicBlocks'>, <class 'manticore.ethereum.plugins.FilterFunctions'>
2025-07-07 16:10:15,138: [11] m.main:INFO: Beginning analysis
2025-07-07 16:10:15,140: [11] m.e.manticore:INFO: Starting symbolic create contract
2025-07-07 16:10:15,799: [11] m.e.manticore:INFO: Starting symbolic transaction: 0
2025-07-07 16:10:18,232: [11] m.e.manticore:INFO: Found a concrete globalsha3 b'\x00\x00\x00\x00\x00\x00\x00\x00\x00\x00\x00\x00\x00\x00\x00\x00\x00\x00\x00\x00\x00\x00\x00\x00\x00\x00\x00\x00\x00\x02\x00\x00\x00\x00\x00\x00\x00\x00\x00\x00\x00\x00\x00\x00\x00\x00\x00\x00\x00\x00\x00\x00\x00\x00\x00\x00\x00\x00\x00\x00\x00\x00\x00\x00' -> 73138091548938366139099779971772605061518111956507126412222883840269740007539
2025-07-07 16:10:20,822: [11] m.e.manticore:INFO: Found a concrete globalsha3 b'\x00\x00\x00\x00\x00\x00\x00\x00\x00\x00\x00\x00\x00\x00\x00\x00\x00\x00\x00\x00\x00\x00\x00\x00\x00\x00\x00\x00\x00\x02\x00\x00\x00\x00\x00\x00\x00\x00\x00\x00\x00\x00\x00\x00\x00\x00\x00\x00\x00\x00\x00\x00\x00\x00\x00\x00\x00\x00\x00\x00\x00\x00\x00\x01' -> 27376155845717860833342594873357525089589924219251518322086369159840883582034
2025-07-07 16:10:21,286: [11] m.e.manticore:INFO: 2 alive states, 2 terminated states
2025-07-07 16:10:21,711: [11] m.e.manticore:INFO: Starting symbolic transaction: 1
2025-07-07 16:10:37,305: [11] m.e.manticore:INFO: 4 alive states, 4 terminated states
2025-07-07 16:10:37,583: [11] m.e.manticore:INFO: Starting symbolic transaction: 2
2025-07-07 16:11:22,863: [11] m.e.manticore:INFO: 9 alive states, 7 terminated states
2025-07-07 16:11:23,141: [11] m.e.manticore:INFO: Starting symbolic transaction: 3
2025-07-07 16:13:25,770: [11] m.e.manticore:INFO: 21 alive states, 13 terminated states
2025-07-07 16:13:27,355: [138] m.c.manticore:INFO: Generated testcase No. 1 - STOP(5 txs)
2025-07-07 16:13:27,355: [138] m.c.plugin:WARNING: Caught will_solve in state None, but failed to capture its initialization
2025-07-07 16:13:27,361: [135] m.c.manticore:INFO: Generated testcase No. 0 - STOP(5 txs)
2025-07-07 16:13:27,365: [135] m.c.plugin:WARNING: Caught will_solve in state None, but failed to capture its initialization
2025-07-07 16:13:28,537: [139] m.c.manticore:INFO: Generated testcase No. 2 - STOP(5 txs)
2025-07-07 16:13:28,538: [139] m.c.plugin:WARNING: Caught will_solve in state None, but failed to capture its initialization
2025-07-07 16:13:28,704: [128] m.c.manticore:INFO: Generated testcase No. 3 - STOP(5 txs)
2025-07-07 16:13:28,704: [128] m.c.plugin:WARNING: Caught will_solve in state None, but failed to capture its initialization
2025-07-07 16:13:28,813: [136] m.c.manticore:INFO: Generated testcase No. 4 - STOP(5 txs)
2025-07-07 16:13:28,813: [136] m.c.plugin:WARNING: Caught will_solve in state None, but failed to capture its initialization
2025-07-07 16:13:28,942: [126] m.c.manticore:INFO: Generated testcase No. 5 - STOP(5 txs)
2025-07-07 16:13:28,943: [126] m.c.plugin:WARNING: Caught will_solve in state None, but failed to capture its initialization
2025-07-07 16:13:29,144: [134] m.c.manticore:INFO: Generated testcase No. 6 - STOP(5 txs)
2025-07-07 16:13:29,145: [134] m.c.plugin:WARNING: Caught will_solve in state None, but failed to capture its initialization
2025-07-07 16:13:29,207: [137] m.c.manticore:INFO: Generated testcase No. 7 - STOP(5 txs)
2025-07-07 16:13:29,212: [137] m.c.plugin:WARNING: Caught will_solve in state None, but failed to capture its initialization
2025-07-07 16:13:29,327: [133] m.c.manticore:INFO: Generated testcase No. 8 - STOP(5 txs)
2025-07-07 16:13:29,328: [133] m.c.plugin:WARNING: Caught will_solve in state None, but failed to capture its initialization
2025-07-07 16:13:29,423: [131] m.c.manticore:INFO: Generated testcase No. 9 - STOP(5 txs)
2025-07-07 16:13:29,424: [131] m.c.plugin:WARNING: Caught will_solve in state None, but failed to capture its initialization
2025-07-07 16:13:30,882: [130] m.c.manticore:INFO: Generated testcase No. 10 - STOP(5 txs)
2025-07-07 16:13:30,883: [130] m.c.plugin:WARNING: Caught will_solve in state None, but failed to capture its initialization
2025-07-07 16:13:31,384: [127] m.c.manticore:INFO: Generated testcase No. 11 - STOP(5 txs)
2025-07-07 16:13:31,384: [127] m.c.plugin:WARNING: Caught will_solve in state None, but failed to capture its initialization
2025-07-07 16:13:49,179: [135] m.c.manticore:INFO: Generated testcase No. 12 - STOP(5 txs)
2025-07-07 16:13:49,915: [138] m.c.manticore:INFO: Generated testcase No. 13 - STOP(5 txs)
2025-07-07 16:13:57,481: [139] m.c.manticore:INFO: Generated testcase No. 14 - STOP(5 txs)
2025-07-07 16:14:02,946: [136] m.c.manticore:INFO: Generated testcase No. 15 - STOP(5 txs)
2025-07-07 16:14:05,147: [131] m.c.manticore:INFO: Generated testcase No. 16 - STOP(5 txs)
2025-07-07 16:14:08,388: [128] m.c.manticore:INFO: Generated testcase No. 17 - STOP(5 txs)
2025-07-07 16:14:09,315: [133] m.c.manticore:INFO: Generated testcase No. 18 - STOP(5 txs)
2025-07-07 16:14:11,428: [126] m.c.manticore:INFO: Generated testcase No. 19 - STOP(5 txs)
2025-07-07 16:14:14,999: [134] m.c.manticore:INFO: Generated testcase No. 20 - STOP(5 txs)
