Extract contract Log from /sb/0x7b368c4e805c3870b6c49a3f1f49f69af8662cf3.sol
Extract contract W_WALLET from /sb/0x7b368c4e805c3870b6c49a3f1f49f69af8662cf3.sol
Extracted 2 contract(s) from /sb/0x7b368c4e805c3870b6c49a3f1f49f69af8662cf3.sol
[0;32m> Created "fuzzMe"[0m
[0;32m> To fuzz contracts:[0m
  chmod +x fuzzMe
  ./fuzzMe
contracts/W_WALLET.sol:15:9: Warning: Use of the "var" keyword is deprecated.
        var acc = Acc[msg.sender];
        ^-----^
contracts/W_WALLET.sol:25:9: Warning: Use of the "var" keyword is deprecated.
        var acc = Acc[msg.sender];
        ^-----^
contracts/W_WALLET.sol:56:5: Warning: Defining constructors as functions with the same name as the contract is deprecated. Use "constructor(...) { ... }" instead.
    function W_WALLET(address log) public{
    ^ (Relevant source part starts here and spans across multiple lines).
contracts/Log.sol:15:9: Warning: Use of the "var" keyword is deprecated.
        var acc = Acc[msg.sender];
        ^-----^
contracts/Log.sol:25:9: Warning: Use of the "var" keyword is deprecated.
        var acc = Acc[msg.sender];
        ^-----^
contracts/Log.sol:56:5: Warning: Defining constructors as functions with the same name as the contract is deprecated. Use "constructor(...) { ... }" instead.
    function W_WALLET(address log) public{
    ^ (Relevant source part starts here and spans across multiple lines).
assets/NormalAttacker.sol:5:3: Warning: No visibility specified. Defaulting to "public". 
  function() payable {
  ^ (Relevant source part starts here and spans across multiple lines).
assets/ReentrancyAttacker.sol:8:7: Warning: Return value of low-level calls not used.
      msg.sender.call(bytes4(255));
      ^--------------------------^
assets/ReentrancyAttacker.sol:5:3: Warning: No visibility specified. Defaulting to "public". 
  function() payable {
  ^ (Relevant source part starts here and spans across multiple lines).
>> Fuzz W_WALLET
** Write stats: 0.018226
** Write stats: 5.00071
** Write stats: 10.0013
** Write stats: 15.0041
** Write stats: 20.0037
** Write stats: 25.0017
** Write stats: 30.0047
** Write stats: 35.0055
** Write stats: 40.0025
** Write stats: 45.0006
** Write stats: 50.0018
** Write stats: 55.0029
** Write stats: 60.0018
** Write stats: 65.0017
** Write stats: 70.0054
** Write stats: 75.0055
** Write stats: 80.0006
** Write stats: 85.0055
** Write stats: 90.0043
** Write stats: 95.0052
** Write stats: 100.006
** Write stats: 105.002
** Write stats: 110.004
** Write stats: 115.005
** Write stats: 120
** Write stats: 125.001
** Write stats: 130.002
** Write stats: 135.005
** Write stats: 140.003
** Write stats: 145.002
** Write stats: 148.01
>> Fuzz Log
** Write stats: 0.004281
** Write stats: 5.00369
** Write stats: 10.0055
** Write stats: 15.0036
** Write stats: 20.0177
** Write stats: 25.021
** Write stats: 30.0115
** Write stats: 35.0194
** Write stats: 40.0054
** Write stats: 45.0332
** Write stats: 50.0463
** Write stats: 55.0493
** Write stats: 60.0298
** Write stats: 65.0416
** Write stats: 70.0358
** Write stats: 75.0112
** Write stats: 80.043
** Write stats: 85.0427
** Write stats: 90.0268
** Write stats: 95.0188
** Write stats: 100.033
** Write stats: 105.02
** Write stats: 110.014
** Write stats: 115.037
** Write stats: 120.003
** Write stats: 125.007
** Write stats: 130.004
** Write stats: 135.032
** Write stats: 140.044
** Write stats: 145.087
** Write stats: 148.028
