'solc --version' running
'solc /sb/0x823dcd364a0b3f2519751214ca1bcaa093826b90.sol --combined-json abi,ast,bin,bin-runtime,srcmap,srcmap-runtime,userdoc,devdoc,hashes,compact-format --allow-paths .,/sb' running
Compilation warnings/errors on /sb/0x823dcd364a0b3f2519751214ca1bcaa093826b90.sol:
/sb/0x823dcd364a0b3f2519751214ca1bcaa093826b90.sol:52:3: Warning: Defining constructors as functions with the same name as the contract is deprecated. Use "constructor(...) { ... }" instead.
  function Ownable() public {
  ^ (Relevant source part starts here and spans across multiple lines).
/sb/0x823dcd364a0b3f2519751214ca1bcaa093826b90.sol:257:5: Warning: Defining constructors as functions with the same name as the contract is deprecated. Use "constructor(...) { ... }" instead.
    function INTARO () public {
    ^ (Relevant source part starts here and spans across multiple lines).
/sb/0x823dcd364a0b3f2519751214ca1bcaa093826b90.sol:72:5: Warning: Invoking events without "emit" prefix is deprecated.
    OwnershipTransferred(owner, newOwner);
    ^-----------------------------------^
/sb/0x823dcd364a0b3f2519751214ca1bcaa093826b90.sol:110:5: Warning: Invoking events without "emit" prefix is deprecated.
    Transfer(msg.sender, _to, _value);
    ^-------------------------------^
/sb/0x823dcd364a0b3f2519751214ca1bcaa093826b90.sol:165:5: Warning: Invoking events without "emit" prefix is deprecated.
    Transfer(_from, _to, _value);
    ^--------------------------^
/sb/0x823dcd364a0b3f2519751214ca1bcaa093826b90.sol:181:5: Warning: Invoking events without "emit" prefix is deprecated.
    Approval(msg.sender, _spender, _value);
    ^------------------------------------^
/sb/0x823dcd364a0b3f2519751214ca1bcaa093826b90.sol:204:5: Warning: Invoking events without "emit" prefix is deprecated.
    Approval(msg.sender, _spender, allowed[msg.sender][_spender]);
    ^-----------------------------------------------------------^
/sb/0x823dcd364a0b3f2519751214ca1bcaa093826b90.sol:216:5: Warning: Invoking events without "emit" prefix is deprecated.
    Approval(msg.sender, _spender, allowed[msg.sender][_spender]);
    ^-----------------------------------------------------------^
/sb/0x823dcd364a0b3f2519751214ca1bcaa093826b90.sol:243:9: Warning: Invoking events without "emit" prefix is deprecated.
        Burn(burner, _value);
        ^------------------^


Version constraint ^0.4.12 contains known severe issues (https://solidity.readthedocs.io/en/latest/bugs.html)
	- DirtyBytesArrayToStorage
	- KeccakCaching
	- EmptyByteArrayCopy
	- DynamicArrayCleanup
	- ImplicitConstructorCallvalueCheck
	- TupleAssignmentMultiStackSlotComponents
	- MemoryArrayCreationOverflow
	- privateCanBeOverridden
	- SignedArrayStorageCopy
	- UninitializedFunctionPointerInConstructor_0.4.x
	- IncorrectEventSignatureInLibraries_0.4.x
	- ExpExponentCleanup
	- NestedArrayFunctionCallDecoder
	- ZeroFunctionSelector
	- DelegateCallReturnValue
	- ECRecoverMalformedInput.
It is used by:
	- ^0.4.12 (../../sb/0x823dcd364a0b3f2519751214ca1bcaa093826b90.sol#3)
solc-0.4.26 is an outdated solc version. Use a more recent version (at least 0.8.0), if possible.
Reference: https://github.com/crytic/slither/wiki/Detector-Documentation#incorrect-versions-of-solidity

Parameter BasicToken.transfer(address,uint256)._to (../../sb/0x823dcd364a0b3f2519751214ca1bcaa093826b90.sol#104) is not in mixedCase
Parameter BasicToken.transfer(address,uint256)._value (../../sb/0x823dcd364a0b3f2519751214ca1bcaa093826b90.sol#104) is not in mixedCase
Parameter BasicToken.balanceOf(address)._owner (../../sb/0x823dcd364a0b3f2519751214ca1bcaa093826b90.sol#119) is not in mixedCase
Parameter StandardToken.transferFrom(address,address,uint256)._from (../../sb/0x823dcd364a0b3f2519751214ca1bcaa093826b90.sol#154) is not in mixedCase
Parameter StandardToken.transferFrom(address,address,uint256)._to (../../sb/0x823dcd364a0b3f2519751214ca1bcaa093826b90.sol#154) is not in mixedCase
Parameter StandardToken.transferFrom(address,address,uint256)._value (../../sb/0x823dcd364a0b3f2519751214ca1bcaa093826b90.sol#154) is not in mixedCase
Parameter StandardToken.approve(address,uint256)._spender (../../sb/0x823dcd364a0b3f2519751214ca1bcaa093826b90.sol#179) is not in mixedCase
Parameter StandardToken.approve(address,uint256)._value (../../sb/0x823dcd364a0b3f2519751214ca1bcaa093826b90.sol#179) is not in mixedCase
Parameter StandardToken.allowance(address,address)._owner (../../sb/0x823dcd364a0b3f2519751214ca1bcaa093826b90.sol#191) is not in mixedCase
Parameter StandardToken.allowance(address,address)._spender (../../sb/0x823dcd364a0b3f2519751214ca1bcaa093826b90.sol#191) is not in mixedCase
Parameter StandardToken.increaseApproval(address,uint256)._spender (../../sb/0x823dcd364a0b3f2519751214ca1bcaa093826b90.sol#201) is not in mixedCase
Parameter StandardToken.increaseApproval(address,uint256)._addedValue (../../sb/0x823dcd364a0b3f2519751214ca1bcaa093826b90.sol#201) is not in mixedCase
Parameter StandardToken.decreaseApproval(address,uint256)._spender (../../sb/0x823dcd364a0b3f2519751214ca1bcaa093826b90.sol#208) is not in mixedCase
Parameter StandardToken.decreaseApproval(address,uint256)._subtractedValue (../../sb/0x823dcd364a0b3f2519751214ca1bcaa093826b90.sol#208) is not in mixedCase
Parameter BurnableToken.burn(uint256)._value (../../sb/0x823dcd364a0b3f2519751214ca1bcaa093826b90.sol#234) is not in mixedCase
Reference: https://github.com/crytic/slither/wiki/Detector-Documentation#conformance-to-solidity-naming-conventions
/sb/0x823dcd364a0b3f2519751214ca1bcaa093826b90.sol analyzed (8 contracts with 93 detectors), 17 result(s) found
