2025-09-21 14:47:48,158 - Main     - INFO - [1mInitializing seed to 1427655.0[0m
2025-09-21 14:47:48,257 - Fuzzer   - INFO - [1mFuzzing contract [1mCoinvaToken[0m[0m
2025-09-21 14:47:48,392 - Detector - INFO - [1m[33m-----------------------------------------------------[0m
2025-09-21 14:47:48,392 - Detector - INFO - [1m[33m          !!! Assertion failure detected !!!         [0m
2025-09-21 14:47:48,392 - Detector - INFO - [1m[33m-----------------------------------------------------[0m
2025-09-21 14:47:48,392 - Detector - INFO - [1m[33mSWC-ID:   110[0m
2025-09-21 14:47:48,392 - Detector - INFO - [1m[33mSeverity: Medium[0m
2025-09-21 14:47:48,392 - Detector - INFO - [1m[33m-----------------------------------------------------[0m
2025-09-21 14:47:48,392 - Detector - INFO - [1m[33mSource code line:[0m
2025-09-21 14:47:48,392 - Detector - INFO - [1m[33m-----------------------------------------------------[0m
2025-09-21 14:47:48,392 - Detector - INFO - [1m[33m/sb/0x715e0ed8658de08f06b059ff97956e874c8e4b1a.sol:71:1[0m
2025-09-21 14:47:48,392 - Detector - INFO - [1m[33maddress[] public owners[0m
2025-09-21 14:47:48,393 - Detector - INFO - [1m[33m-----------------------------------------------------[0m
2025-09-21 14:47:48,393 - Detector - INFO - [1m[33mTransaction sequence:[0m
2025-09-21 14:47:48,393 - Detector - INFO - [1m[33m-----------------------------------------------------[0m
2025-09-21 14:47:48,393 - Detector - INFO - [1m[33mTransaction - owners(uint256):[0m
2025-09-21 14:47:48,393 - Detector - INFO - [1m[33m-----------------------------------------------------[0m
2025-09-21 14:47:48,393 - Detector - INFO - [1m[33mFrom:      0xdeadbeefdeadbeefdeadbeefdeadbeefdeadbeef[0m
2025-09-21 14:47:48,393 - Detector - INFO - [1m[33mTo:        0x2c5e8a3b3aad9df32339409534e64dfcabcd3a65[0m
2025-09-21 14:47:48,393 - Detector - INFO - [1m[33mValue:     0 Wei[0m
2025-09-21 14:47:48,393 - Detector - INFO - [1m[33mGas Limit: 4500000[0m
2025-09-21 14:47:48,393 - Detector - INFO - [1m[33mInput:     0x025e7c27ffffffffffffffffffffffffffffffff[0m
2025-09-21 14:47:48,393 - Detector - INFO - [1m[33m           fffffffffffffffffffffffffffffffd[0m
2025-09-21 14:47:48,393 - Detector - INFO - [1m[33m-----------------------------------------------------[0m
2025-09-21 14:47:48,482 - Analysis - INFO - [1mGeneration number 0 	 Code coverage: 74.14% (1978/2668) 	 Branch coverage: 67.65% (115/170) 	 Transactions: 37 (36 unique)   	 Time: 0.20734405517578125[0m
2025-09-21 14:47:48,793 - Analysis - INFO - [1mGeneration number 1 	 Code coverage: 74.25% (1981/2668) 	 Branch coverage: 68.24% (116/170) 	 Transactions: 82 (61 unique)   	 Time: 0.5184240341186523[0m
2025-09-21 14:47:49,272 - Analysis - INFO - [1mGeneration number 2 	 Code coverage: 79.76% (2128/2668) 	 Branch coverage: 72.94% (124/170) 	 Transactions: 152 (90 unique)   	 Time: 0.9970211982727051[0m
2025-09-21 14:47:50,003 - Analysis - INFO - [1mGeneration number 3 	 Code coverage: 79.76% (2128/2668) 	 Branch coverage: 72.94% (124/170) 	 Transactions: 260 (123 unique)   	 Time: 1.7285621166229248[0m
2025-09-21 14:47:51,076 - Analysis - INFO - [1mGeneration number 4 	 Code coverage: 82.65% (2205/2668) 	 Branch coverage: 74.71% (127/170) 	 Transactions: 375 (153 unique)   	 Time: 2.801370143890381[0m
2025-09-21 14:47:52,107 - Analysis - INFO - [1mGeneration number 5 	 Code coverage: 88.42% (2359/2668) 	 Branch coverage: 74.71% (127/170) 	 Transactions: 512 (184 unique)   	 Time: 3.832479238510132[0m
2025-09-21 14:47:53,288 - Analysis - INFO - [1mGeneration number 6 	 Code coverage: 88.42% (2359/2668) 	 Branch coverage: 75.29% (128/170) 	 Transactions: 664 (218 unique)   	 Time: 5.013605356216431[0m
2025-09-21 14:47:54,714 - Analysis - INFO - [1mGeneration number 7 	 Code coverage: 88.42% (2359/2668) 	 Branch coverage: 75.29% (128/170) 	 Transactions: 822 (252 unique)   	 Time: 6.439116954803467[0m
2025-09-21 14:47:56,066 - Analysis - INFO - [1mGeneration number 8 	 Code coverage: 88.42% (2359/2668) 	 Branch coverage: 75.29% (128/170) 	 Transactions: 979 (287 unique)   	 Time: 7.791635513305664[0m
2025-09-21 14:47:57,526 - Analysis - INFO - [1mGeneration number 9 	 Code coverage: 88.42% (2359/2668) 	 Branch coverage: 75.29% (128/170) 	 Transactions: 1146 (322 unique)   	 Time: 9.251398801803589[0m
2025-09-21 14:47:58,976 - Analysis - INFO - [1mGeneration number 10 	 Code coverage: 88.42% (2359/2668) 	 Branch coverage: 75.29% (128/170) 	 Transactions: 1310 (357 unique)   	 Time: 10.701408863067627[0m
2025-09-21 14:47:59,221 - Analysis - INFO - [1m-----------------------------------------------------[0m
2025-09-21 14:47:59,221 - Analysis - INFO - Number of generations: 	 10
2025-09-21 14:47:59,221 - Analysis - INFO - Number of transactions: 	 1310 (357 unique)
2025-09-21 14:47:59,221 - Analysis - INFO - Transactions per second: 	 120
2025-09-21 14:47:59,221 - Analysis - INFO - Total code coverage: 	 88.42% (2359/2668)
2025-09-21 14:47:59,221 - Analysis - INFO - Total branch coverage: 	 75.29% (128/170)
2025-09-21 14:47:59,221 - Analysis - INFO - Total execution time: 	 10.95 seconds
2025-09-21 14:47:59,221 - Analysis - INFO - Total memory consumption: 	 73.55 MB
2025-09-21 14:47:59,223 - Fuzzer   - INFO - [1mFuzzing contract [1mMultiOwned[0m[0m
2025-09-21 14:47:59,270 - Detector - INFO - [1m[33m-----------------------------------------------------[0m
2025-09-21 14:47:59,270 - Detector - INFO - [1m[33m          !!! Assertion failure detected !!!         [0m
2025-09-21 14:47:59,270 - Detector - INFO - [1m[33m-----------------------------------------------------[0m
2025-09-21 14:47:59,270 - Detector - INFO - [1m[33mSWC-ID:   110[0m
2025-09-21 14:47:59,270 - Detector - INFO - [1m[33mSeverity: Medium[0m
2025-09-21 14:47:59,270 - Detector - INFO - [1m[33m-----------------------------------------------------[0m
2025-09-21 14:47:59,270 - Detector - INFO - [1m[33mSource code line:[0m
2025-09-21 14:47:59,270 - Detector - INFO - [1m[33m-----------------------------------------------------[0m
2025-09-21 14:47:59,270 - Detector - INFO - [1m[33m/sb/0x715e0ed8658de08f06b059ff97956e874c8e4b1a.sol:71:1[0m
2025-09-21 14:47:59,270 - Detector - INFO - [1m[33maddress[] public owners[0m
2025-09-21 14:47:59,270 - Detector - INFO - [1m[33m-----------------------------------------------------[0m
2025-09-21 14:47:59,270 - Detector - INFO - [1m[33mTransaction sequence:[0m
2025-09-21 14:47:59,270 - Detector - INFO - [1m[33m-----------------------------------------------------[0m
2025-09-21 14:47:59,271 - Detector - INFO - [1m[33mTransaction - owners(uint256):[0m
2025-09-21 14:47:59,271 - Detector - INFO - [1m[33m-----------------------------------------------------[0m
2025-09-21 14:47:59,271 - Detector - INFO - [1m[33mFrom:      0xdeadbeefdeadbeefdeadbeefdeadbeefdeadbeef[0m
2025-09-21 14:47:59,271 - Detector - INFO - [1m[33mTo:        0x2c5e8a3b3aad9df32339409534e64dfcabcd3a65[0m
2025-09-21 14:47:59,271 - Detector - INFO - [1m[33mValue:     0 Wei[0m
2025-09-21 14:47:59,271 - Detector - INFO - [1m[33mGas Limit: 4500000[0m
2025-09-21 14:47:59,271 - Detector - INFO - [1m[33mInput:     0x025e7c27ffffffffffffffffffffffffffffffff[0m
2025-09-21 14:47:59,271 - Detector - INFO - [1m[33m           fffffffffffffffffffffffffffffffd[0m
2025-09-21 14:47:59,271 - Detector - INFO - [1m[33m-----------------------------------------------------[0m
2025-09-21 14:47:59,273 - Analysis - INFO - [1mGeneration number 0 	 Code coverage: 40.75% (260/638) 	 Branch coverage: 47.73% (21/44) 	 Transactions: 13 (12 unique)   	 Time: 0.04429960250854492[0m
2025-09-21 14:47:59,321 - Analysis - INFO - [1mGeneration number 1 	 Code coverage: 40.75% (260/638) 	 Branch coverage: 47.73% (21/44) 	 Transactions: 23 (16 unique)   	 Time: 0.09273910522460938[0m
2025-09-21 14:47:59,404 - Analysis - INFO - [1mGeneration number 2 	 Code coverage: 40.75% (260/638) 	 Branch coverage: 47.73% (21/44) 	 Transactions: 31 (19 unique)   	 Time: 0.17583298683166504[0m
2025-09-21 14:47:59,489 - Analysis - INFO - [1mGeneration number 3 	 Code coverage: 40.75% (260/638) 	 Branch coverage: 47.73% (21/44) 	 Transactions: 39 (20 unique)   	 Time: 0.2610180377960205[0m
2025-09-21 14:47:59,571 - Analysis - INFO - [1mGeneration number 4 	 Code coverage: 47.65% (304/638) 	 Branch coverage: 50.00% (22/44) 	 Transactions: 46 (22 unique)   	 Time: 0.3423793315887451[0m
2025-09-21 14:47:59,599 - Analysis - INFO - [1mGeneration number 5 	 Code coverage: 47.65% (304/638) 	 Branch coverage: 50.00% (22/44) 	 Transactions: 53 (23 unique)   	 Time: 0.37057995796203613[0m
2025-09-21 14:47:59,642 - Analysis - INFO - [1mGeneration number 6 	 Code coverage: 66.61% (425/638) 	 Branch coverage: 61.36% (27/44) 	 Transactions: 59 (24 unique)   	 Time: 0.414135217666626[0m
2025-09-21 14:47:59,683 - Analysis - INFO - [1mGeneration number 7 	 Code coverage: 66.61% (425/638) 	 Branch coverage: 61.36% (27/44) 	 Transactions: 69 (28 unique)   	 Time: 0.4546992778778076[0m
2025-09-21 14:47:59,772 - Analysis - INFO - [1mGeneration number 8 	 Code coverage: 66.61% (425/638) 	 Branch coverage: 61.36% (27/44) 	 Transactions: 88 (33 unique)   	 Time: 0.5432634353637695[0m
2025-09-21 14:47:59,923 - Analysis - INFO - [1mGeneration number 9 	 Code coverage: 66.61% (425/638) 	 Branch coverage: 61.36% (27/44) 	 Transactions: 113 (41 unique)   	 Time: 0.6950914859771729[0m
2025-09-21 14:48:00,110 - Analysis - INFO - [1mGeneration number 10 	 Code coverage: 66.61% (425/638) 	 Branch coverage: 61.36% (27/44) 	 Transactions: 143 (47 unique)   	 Time: 0.8816783428192139[0m
2025-09-21 14:48:00,127 - Analysis - INFO - [1m-----------------------------------------------------[0m
2025-09-21 14:48:00,127 - Analysis - INFO - Number of generations: 	 10
2025-09-21 14:48:00,127 - Analysis - INFO - Number of transactions: 	 143 (47 unique)
2025-09-21 14:48:00,127 - Analysis - INFO - Transactions per second: 	 159
2025-09-21 14:48:00,127 - Analysis - INFO - Total code coverage: 	 66.61% (425/638)
2025-09-21 14:48:00,127 - Analysis - INFO - Total branch coverage: 	 61.36% (27/44)
2025-09-21 14:48:00,127 - Analysis - INFO - Total execution time: 	 0.90 seconds
2025-09-21 14:48:00,127 - Analysis - INFO - Total memory consumption: 	 83.61 MB

     ______            ______                _           
    / ____/___  ____  / ____/_  __________  (_)_  _______
   / /   / __ \/ __ \/ /_  / / / /_  /_  / / / / / / ___/
  / /___/ /_/ / / / / __/ / /_/ / / /_/ /_/ / /_/ (__  ) 
  \____/\____/_/ /_/_/    \__,_/ /___/___/_/\__,_/____/  

delteed file
