2025-09-21 15:43:13,600 - Main     - INFO - [1mInitializing seed to 1427655.0[0m
2025-09-21 15:43:13,736 - Fuzzer   - INFO - [1mFuzzing contract [1mBasicToken[0m[0m
2025-09-21 15:43:13,771 - Analysis - INFO - [1mGeneration number 0 	 Code coverage: 49.73% (182/366) 	 Branch coverage: 68.18% (15/22) 	 Transactions: 9 (8 unique)   	 Time: 0.028837919235229492[0m
2025-09-21 15:43:13,807 - Analysis - INFO - [1mGeneration number 1 	 Code coverage: 90.71% (332/366) 	 Branch coverage: 86.36% (19/22) 	 Transactions: 15 (11 unique)   	 Time: 0.06476497650146484[0m
2025-09-21 15:43:13,852 - Analysis - INFO - [1mGeneration number 2 	 Code coverage: 90.71% (332/366) 	 Branch coverage: 86.36% (19/22) 	 Transactions: 23 (15 unique)   	 Time: 0.11053085327148438[0m
2025-09-21 15:43:13,942 - Analysis - INFO - [1mGeneration number 3 	 Code coverage: 99.18% (363/366) 	 Branch coverage: 90.91% (20/22) 	 Transactions: 33 (19 unique)   	 Time: 0.20048141479492188[0m
2025-09-21 15:43:14,041 - Analysis - INFO - [1mGeneration number 4 	 Code coverage: 99.18% (363/366) 	 Branch coverage: 90.91% (20/22) 	 Transactions: 54 (25 unique)   	 Time: 0.2988405227661133[0m
2025-09-21 15:43:14,164 - Analysis - INFO - [1mGeneration number 5 	 Code coverage: 99.18% (363/366) 	 Branch coverage: 90.91% (20/22) 	 Transactions: 76 (30 unique)   	 Time: 0.4221076965332031[0m
2025-09-21 15:43:14,358 - Analysis - INFO - [1mGeneration number 6 	 Code coverage: 99.18% (363/366) 	 Branch coverage: 90.91% (20/22) 	 Transactions: 106 (35 unique)   	 Time: 0.6162996292114258[0m
2025-09-21 15:43:14,521 - Analysis - INFO - [1mGeneration number 7 	 Code coverage: 99.18% (363/366) 	 Branch coverage: 90.91% (20/22) 	 Transactions: 137 (42 unique)   	 Time: 0.7794139385223389[0m
2025-09-21 15:43:14,687 - Analysis - INFO - [1mGeneration number 8 	 Code coverage: 99.18% (363/366) 	 Branch coverage: 90.91% (20/22) 	 Transactions: 171 (48 unique)   	 Time: 0.9448614120483398[0m
2025-09-21 15:43:14,825 - Analysis - INFO - [1mGeneration number 9 	 Code coverage: 99.18% (363/366) 	 Branch coverage: 90.91% (20/22) 	 Transactions: 198 (53 unique)   	 Time: 1.0834178924560547[0m
2025-09-21 15:43:14,941 - Analysis - INFO - [1mGeneration number 10 	 Code coverage: 99.18% (363/366) 	 Branch coverage: 90.91% (20/22) 	 Transactions: 220 (56 unique)   	 Time: 1.1987764835357666[0m
2025-09-21 15:43:14,960 - Analysis - INFO - [1m-----------------------------------------------------[0m
2025-09-21 15:43:14,960 - Analysis - INFO - Number of generations: 	 10
2025-09-21 15:43:14,960 - Analysis - INFO - Number of transactions: 	 220 (56 unique)
2025-09-21 15:43:14,960 - Analysis - INFO - Transactions per second: 	 181
2025-09-21 15:43:14,960 - Analysis - INFO - Total code coverage: 	 99.18% (363/366)
2025-09-21 15:43:14,960 - Analysis - INFO - Total branch coverage: 	 90.91% (20/22)
2025-09-21 15:43:14,960 - Analysis - INFO - Total execution time: 	 1.22 seconds
2025-09-21 15:43:14,961 - Analysis - INFO - Total memory consumption: 	 67.48 MB
2025-09-21 15:43:14,962 - Fuzzer   - INFO - [1mFuzzing contract [1mBurnableToken[0m[0m
2025-09-21 15:43:15,007 - Analysis - INFO - [1mGeneration number 0 	 Code coverage: 67.96% (384/565) 	 Branch coverage: 78.57% (22/28) 	 Transactions: 11 (10 unique)   	 Time: 0.041817665100097656[0m
2025-09-21 15:43:15,083 - Analysis - INFO - [1mGeneration number 1 	 Code coverage: 68.50% (387/565) 	 Branch coverage: 82.14% (23/28) 	 Transactions: 25 (18 unique)   	 Time: 0.11770963668823242[0m
2025-09-21 15:43:15,194 - Analysis - INFO - [1mGeneration number 2 	 Code coverage: 68.50% (387/565) 	 Branch coverage: 82.14% (23/28) 	 Transactions: 47 (26 unique)   	 Time: 0.2289140224456787[0m
2025-09-21 15:43:15,425 - Analysis - INFO - [1mGeneration number 3 	 Code coverage: 99.47% (562/565) 	 Branch coverage: 92.86% (26/28) 	 Transactions: 80 (35 unique)   	 Time: 0.4595606327056885[0m
2025-09-21 15:43:15,730 - Analysis - INFO - [1mGeneration number 4 	 Code coverage: 99.47% (562/565) 	 Branch coverage: 92.86% (26/28) 	 Transactions: 120 (45 unique)   	 Time: 0.7641973495483398[0m
2025-09-21 15:43:16,065 - Analysis - INFO - [1mGeneration number 5 	 Code coverage: 99.47% (562/565) 	 Branch coverage: 92.86% (26/28) 	 Transactions: 161 (55 unique)   	 Time: 1.0998036861419678[0m
2025-09-21 15:43:16,402 - Analysis - INFO - [1mGeneration number 6 	 Code coverage: 99.47% (562/565) 	 Branch coverage: 92.86% (26/28) 	 Transactions: 205 (65 unique)   	 Time: 1.435999870300293[0m
2025-09-21 15:43:16,717 - Analysis - INFO - [1mGeneration number 7 	 Code coverage: 99.47% (562/565) 	 Branch coverage: 92.86% (26/28) 	 Transactions: 245 (73 unique)   	 Time: 1.7518532276153564[0m
2025-09-21 15:43:17,105 - Analysis - INFO - [1mGeneration number 8 	 Code coverage: 99.47% (562/565) 	 Branch coverage: 92.86% (26/28) 	 Transactions: 288 (82 unique)   	 Time: 2.13901424407959[0m
2025-09-21 15:43:17,476 - Analysis - INFO - [1mGeneration number 9 	 Code coverage: 99.47% (562/565) 	 Branch coverage: 92.86% (26/28) 	 Transactions: 330 (92 unique)   	 Time: 2.510157585144043[0m
2025-09-21 15:43:17,859 - Analysis - INFO - [1mGeneration number 10 	 Code coverage: 99.47% (562/565) 	 Branch coverage: 92.86% (26/28) 	 Transactions: 373 (102 unique)   	 Time: 2.892998695373535[0m
2025-09-21 15:43:17,878 - Analysis - INFO - [1m-----------------------------------------------------[0m
2025-09-21 15:43:17,878 - Analysis - INFO - Number of generations: 	 10
2025-09-21 15:43:17,878 - Analysis - INFO - Number of transactions: 	 373 (102 unique)
2025-09-21 15:43:17,878 - Analysis - INFO - Transactions per second: 	 128
2025-09-21 15:43:17,878 - Analysis - INFO - Total code coverage: 	 99.47% (562/565)
2025-09-21 15:43:17,878 - Analysis - INFO - Total branch coverage: 	 92.86% (26/28)
2025-09-21 15:43:17,878 - Analysis - INFO - Total execution time: 	 2.91 seconds
2025-09-21 15:43:17,878 - Analysis - INFO - Total memory consumption: 	 71.95 MB
2025-09-21 15:43:17,880 - Fuzzer   - INFO - [1mFuzzing contract [1mSXCT[0m[0m
2025-09-21 15:43:18,065 - Analysis - INFO - [1mGeneration number 0 	 Code coverage: 64.95% (1208/1860) 	 Branch coverage: 78.41% (69/88) 	 Transactions: 29 (28 unique)   	 Time: 0.1741647720336914[0m
2025-09-21 15:43:18,272 - Analysis - INFO - [1mGeneration number 1 	 Code coverage: 64.95% (1208/1860) 	 Branch coverage: 78.41% (69/88) 	 Transactions: 61 (46 unique)   	 Time: 0.3807227611541748[0m
2025-09-21 15:43:18,561 - Detector - INFO - [1m[31m-----------------------------------------------------[0m
2025-09-21 15:43:18,561 - Detector - INFO - [1m[31m          !!! Integer overflow detected !!!          [0m
2025-09-21 15:43:18,561 - Detector - INFO - [1m[31m-----------------------------------------------------[0m
2025-09-21 15:43:18,561 - Detector - INFO - [1m[31mSWC-ID:   101[0m
2025-09-21 15:43:18,561 - Detector - INFO - [1m[31mSeverity: High[0m
2025-09-21 15:43:18,561 - Detector - INFO - [1m[31m-----------------------------------------------------[0m
2025-09-21 15:43:18,561 - Detector - INFO - [1m[31mSource code line:[0m
2025-09-21 15:43:18,561 - Detector - INFO - [1m[31m-----------------------------------------------------[0m
2025-09-21 15:43:18,561 - Detector - INFO - [1m[31m/sb/0x730ffa26b35cc65ededc3990471ee3a180daa357.sol:38:1[0m
2025-09-21 15:43:18,561 - Detector - INFO - [1m[31ma + b[0m
2025-09-21 15:43:18,561 - Detector - INFO - [1m[31m-----------------------------------------------------[0m
2025-09-21 15:43:18,561 - Detector - INFO - [1m[31mTransaction sequence:[0m
2025-09-21 15:43:18,561 - Detector - INFO - [1m[31m-----------------------------------------------------[0m
2025-09-21 15:43:18,561 - Detector - INFO - [1m[31mTransaction 1 - approve(address,uint256):[0m
2025-09-21 15:43:18,561 - Detector - INFO - [1m[31m-----------------------------------------------------[0m
2025-09-21 15:43:18,561 - Detector - INFO - [1m[31mFrom:      0xdeadbeefdeadbeefdeadbeefdeadbeefdeadbeef[0m
2025-09-21 15:43:18,561 - Detector - INFO - [1m[31mTo:        0x2c5e8a3b3aad9df32339409534e64dfcabcd3a65[0m
2025-09-21 15:43:18,561 - Detector - INFO - [1m[31mValue:     0 Wei[0m
2025-09-21 15:43:18,561 - Detector - INFO - [1m[31mGas Limit: 4500000[0m
2025-09-21 15:43:18,561 - Detector - INFO - [1m[31mInput:     0x095ea7b3000000000000000000000000cafebabe[0m
2025-09-21 15:43:18,561 - Detector - INFO - [1m[31m           cafebabecafebabecafebabecafebabea740273231[0m
2025-09-21 15:43:18,561 - Detector - INFO - [1m[31m           cd618fc43028a4b2facbcca83e682e615a9a4f1aa4[0m
2025-09-21 15:43:18,561 - Detector - INFO - [1m[31m           584804e544de[0m
2025-09-21 15:43:18,561 - Detector - INFO - [1m[31m-----------------------------------------------------[0m
2025-09-21 15:43:18,561 - Detector - INFO - [1m[31mTransaction 2 - increaseApproval(address,uint256):[0m
2025-09-21 15:43:18,561 - Detector - INFO - [1m[31m-----------------------------------------------------[0m
2025-09-21 15:43:18,561 - Detector - INFO - [1m[31mFrom:      0xdeadbeefdeadbeefdeadbeefdeadbeefdeadbeef[0m
2025-09-21 15:43:18,561 - Detector - INFO - [1m[31mTo:        0x2c5e8a3b3aad9df32339409534e64dfcabcd3a65[0m
2025-09-21 15:43:18,561 - Detector - INFO - [1m[31mValue:     0 Wei[0m
2025-09-21 15:43:18,561 - Detector - INFO - [1m[31mGas Limit: 4500000[0m
2025-09-21 15:43:18,562 - Detector - INFO - [1m[31mInput:     0xd73dd623000000000000000000000000cafebabe[0m
2025-09-21 15:43:18,562 - Detector - INFO - [1m[31m           cafebabecafebabecafebabecafebabeffffffffff[0m
2025-09-21 15:43:18,562 - Detector - INFO - [1m[31m           ffffffffffffffffffffffffffffffffffffffffff[0m
2025-09-21 15:43:18,562 - Detector - INFO - [1m[31m           fffffffffffd[0m
2025-09-21 15:43:18,562 - Detector - INFO - [1m[31m-----------------------------------------------------[0m
2025-09-21 15:43:18,564 - Detector - INFO - [1m[33m-----------------------------------------------------[0m
2025-09-21 15:43:18,564 - Detector - INFO - [1m[33m          !!! Assertion failure detected !!!         [0m
2025-09-21 15:43:18,564 - Detector - INFO - [1m[33m-----------------------------------------------------[0m
2025-09-21 15:43:18,564 - Detector - INFO - [1m[33mSWC-ID:   110[0m
2025-09-21 15:43:18,564 - Detector - INFO - [1m[33mSeverity: Medium[0m
2025-09-21 15:43:18,564 - Detector - INFO - [1m[33m-----------------------------------------------------[0m
2025-09-21 15:43:18,564 - Detector - INFO - [1m[33mSource code line:[0m
2025-09-21 15:43:18,564 - Detector - INFO - [1m[33m-----------------------------------------------------[0m
2025-09-21 15:43:18,564 - Detector - INFO - [1m[33m/sb/0x730ffa26b35cc65ededc3990471ee3a180daa357.sol:39:1[0m
2025-09-21 15:43:18,564 - Detector - INFO - [1m[33massert(c >= a)[0m
2025-09-21 15:43:18,564 - Detector - INFO - [1m[33m-----------------------------------------------------[0m
2025-09-21 15:43:18,564 - Detector - INFO - [1m[33mTransaction sequence:[0m
2025-09-21 15:43:18,564 - Detector - INFO - [1m[33m-----------------------------------------------------[0m
2025-09-21 15:43:18,564 - Detector - INFO - [1m[33mTransaction 1 - approve(address,uint256):[0m
2025-09-21 15:43:18,564 - Detector - INFO - [1m[33m-----------------------------------------------------[0m
2025-09-21 15:43:18,564 - Detector - INFO - [1m[33mFrom:      0xdeadbeefdeadbeefdeadbeefdeadbeefdeadbeef[0m
2025-09-21 15:43:18,564 - Detector - INFO - [1m[33mTo:        0x2c5e8a3b3aad9df32339409534e64dfcabcd3a65[0m
2025-09-21 15:43:18,564 - Detector - INFO - [1m[33mValue:     0 Wei[0m
2025-09-21 15:43:18,564 - Detector - INFO - [1m[33mGas Limit: 4500000[0m
2025-09-21 15:43:18,564 - Detector - INFO - [1m[33mInput:     0x095ea7b3000000000000000000000000cafebabe[0m
2025-09-21 15:43:18,564 - Detector - INFO - [1m[33m           cafebabecafebabecafebabecafebabea740273231[0m
2025-09-21 15:43:18,564 - Detector - INFO - [1m[33m           cd618fc43028a4b2facbcca83e682e615a9a4f1aa4[0m
2025-09-21 15:43:18,564 - Detector - INFO - [1m[33m           584804e544de[0m
2025-09-21 15:43:18,564 - Detector - INFO - [1m[33m-----------------------------------------------------[0m
2025-09-21 15:43:18,564 - Detector - INFO - [1m[33mTransaction 2 - increaseApproval(address,uint256):[0m
2025-09-21 15:43:18,564 - Detector - INFO - [1m[33m-----------------------------------------------------[0m
2025-09-21 15:43:18,564 - Detector - INFO - [1m[33mFrom:      0xdeadbeefdeadbeefdeadbeefdeadbeefdeadbeef[0m
2025-09-21 15:43:18,564 - Detector - INFO - [1m[33mTo:        0x2c5e8a3b3aad9df32339409534e64dfcabcd3a65[0m
2025-09-21 15:43:18,564 - Detector - INFO - [1m[33mValue:     0 Wei[0m
2025-09-21 15:43:18,564 - Detector - INFO - [1m[33mGas Limit: 4500000[0m
2025-09-21 15:43:18,564 - Detector - INFO - [1m[33mInput:     0xd73dd623000000000000000000000000cafebabe[0m
2025-09-21 15:43:18,564 - Detector - INFO - [1m[33m           cafebabecafebabecafebabecafebabeffffffffff[0m
2025-09-21 15:43:18,564 - Detector - INFO - [1m[33m           ffffffffffffffffffffffffffffffffffffffffff[0m
2025-09-21 15:43:18,564 - Detector - INFO - [1m[33m           fffffffffffd[0m
2025-09-21 15:43:18,564 - Detector - INFO - [1m[33m-----------------------------------------------------[0m
2025-09-21 15:43:18,764 - Analysis - INFO - [1mGeneration number 2 	 Code coverage: 76.13% (1416/1860) 	 Branch coverage: 82.95% (73/88) 	 Transactions: 116 (70 unique)   	 Time: 0.8733499050140381[0m
2025-09-21 15:43:19,581 - Analysis - INFO - [1mGeneration number 3 	 Code coverage: 78.17% (1454/1860) 	 Branch coverage: 84.09% (74/88) 	 Transactions: 217 (96 unique)   	 Time: 1.6897411346435547[0m
2025-09-21 15:43:20,546 - Analysis - INFO - [1mGeneration number 4 	 Code coverage: 78.17% (1454/1860) 	 Branch coverage: 84.09% (74/88) 	 Transactions: 329 (124 unique)   	 Time: 2.6547651290893555[0m
2025-09-21 15:43:21,633 - Analysis - INFO - [1mGeneration number 5 	 Code coverage: 78.17% (1454/1860) 	 Branch coverage: 84.09% (74/88) 	 Transactions: 453 (152 unique)   	 Time: 3.741870403289795[0m
2025-09-21 15:43:22,690 - Analysis - INFO - [1mGeneration number 6 	 Code coverage: 78.17% (1454/1860) 	 Branch coverage: 84.09% (74/88) 	 Transactions: 572 (179 unique)   	 Time: 4.799318075180054[0m
2025-09-21 15:43:23,797 - Analysis - INFO - [1mGeneration number 7 	 Code coverage: 78.17% (1454/1860) 	 Branch coverage: 84.09% (74/88) 	 Transactions: 699 (207 unique)   	 Time: 5.9064202308654785[0m
2025-09-21 15:43:24,955 - Analysis - INFO - [1mGeneration number 8 	 Code coverage: 78.17% (1454/1860) 	 Branch coverage: 84.09% (74/88) 	 Transactions: 830 (235 unique)   	 Time: 7.064432859420776[0m
2025-09-21 15:43:26,063 - Analysis - INFO - [1mGeneration number 9 	 Code coverage: 78.17% (1454/1860) 	 Branch coverage: 84.09% (74/88) 	 Transactions: 962 (263 unique)   	 Time: 8.171705961227417[0m
2025-09-21 15:43:27,262 - Analysis - INFO - [1mGeneration number 10 	 Code coverage: 78.17% (1454/1860) 	 Branch coverage: 84.09% (74/88) 	 Transactions: 1100 (291 unique)   	 Time: 9.370838165283203[0m
2025-09-21 15:43:27,308 - Analysis - INFO - [1m-----------------------------------------------------[0m
2025-09-21 15:43:27,308 - Analysis - INFO - Number of generations: 	 10
2025-09-21 15:43:27,308 - Analysis - INFO - Number of transactions: 	 1100 (291 unique)
2025-09-21 15:43:27,308 - Analysis - INFO - Transactions per second: 	 117
2025-09-21 15:43:27,308 - Analysis - INFO - Total code coverage: 	 78.17% (1454/1860)
2025-09-21 15:43:27,308 - Analysis - INFO - Total branch coverage: 	 84.09% (74/88)
2025-09-21 15:43:27,308 - Analysis - INFO - Total execution time: 	 9.42 seconds
2025-09-21 15:43:27,308 - Analysis - INFO - Total memory consumption: 	 72.62 MB
2025-09-21 15:43:27,311 - Fuzzer   - INFO - [1mFuzzing contract [1mStandardBurnableToken[0m[0m
2025-09-21 15:43:27,430 - Analysis - INFO - [1mGeneration number 0 	 Code coverage: 58.59% (873/1490) 	 Branch coverage: 80.65% (50/62) 	 Transactions: 23 (22 unique)   	 Time: 0.11185193061828613[0m
2025-09-21 15:43:27,626 - Analysis - INFO - [1mGeneration number 1 	 Code coverage: 62.08% (925/1490) 	 Branch coverage: 83.87% (52/62) 	 Transactions: 53 (42 unique)   	 Time: 0.3077981472015381[0m
2025-09-21 15:43:28,016 - Analysis - INFO - [1mGeneration number 2 	 Code coverage: 62.08% (925/1490) 	 Branch coverage: 83.87% (52/62) 	 Transactions: 108 (62 unique)   	 Time: 0.6975171566009521[0m
2025-09-21 15:43:28,754 - Analysis - INFO - [1mGeneration number 3 	 Code coverage: 75.03% (1118/1490) 	 Branch coverage: 87.10% (54/62) 	 Transactions: 184 (84 unique)   	 Time: 1.436145544052124[0m
2025-09-21 15:43:29,444 - Analysis - INFO - [1mGeneration number 4 	 Code coverage: 75.03% (1118/1490) 	 Branch coverage: 87.10% (54/62) 	 Transactions: 270 (105 unique)   	 Time: 2.1255431175231934[0m
2025-09-21 15:43:30,336 - Analysis - INFO - [1mGeneration number 5 	 Code coverage: 75.03% (1118/1490) 	 Branch coverage: 87.10% (54/62) 	 Transactions: 370 (127 unique)   	 Time: 3.017977476119995[0m
2025-09-21 15:43:30,998 - Detector - INFO - [1m[31m-----------------------------------------------------[0m
2025-09-21 15:43:30,998 - Detector - INFO - [1m[31m          !!! Integer overflow detected !!!          [0m
2025-09-21 15:43:30,998 - Detector - INFO - [1m[31m-----------------------------------------------------[0m
2025-09-21 15:43:30,998 - Detector - INFO - [1m[31mSWC-ID:   101[0m
2025-09-21 15:43:30,998 - Detector - INFO - [1m[31mSeverity: High[0m
2025-09-21 15:43:30,998 - Detector - INFO - [1m[31m-----------------------------------------------------[0m
2025-09-21 15:43:30,998 - Detector - INFO - [1m[31mSource code line:[0m
2025-09-21 15:43:30,998 - Detector - INFO - [1m[31m-----------------------------------------------------[0m
2025-09-21 15:43:30,998 - Detector - INFO - [1m[31m/sb/0x730ffa26b35cc65ededc3990471ee3a180daa357.sol:38:1[0m
2025-09-21 15:43:30,999 - Detector - INFO - [1m[31ma + b[0m
2025-09-21 15:43:30,999 - Detector - INFO - [1m[31m-----------------------------------------------------[0m
2025-09-21 15:43:30,999 - Detector - INFO - [1m[31mTransaction sequence:[0m
2025-09-21 15:43:30,999 - Detector - INFO - [1m[31m-----------------------------------------------------[0m
2025-09-21 15:43:30,999 - Detector - INFO - [1m[31mTransaction 1 - approve(address,uint256):[0m
2025-09-21 15:43:30,999 - Detector - INFO - [1m[31m-----------------------------------------------------[0m
2025-09-21 15:43:30,999 - Detector - INFO - [1m[31mFrom:      0xcafebabecafebabecafebabecafebabecafebabe[0m
2025-09-21 15:43:30,999 - Detector - INFO - [1m[31mTo:        0x2c5e8a3b3aad9df32339409534e64dfcabcd3a65[0m
2025-09-21 15:43:30,999 - Detector - INFO - [1m[31mValue:     0 Wei[0m
2025-09-21 15:43:30,999 - Detector - INFO - [1m[31mGas Limit: 4500000[0m
2025-09-21 15:43:30,999 - Detector - INFO - [1m[31mInput:     0x095ea7b3000000000000000000000000deadbeef[0m
2025-09-21 15:43:30,999 - Detector - INFO - [1m[31m           deadbeefdeadbeefdeadbeefdeadbeefffffffffff[0m
2025-09-21 15:43:30,999 - Detector - INFO - [1m[31m           ffffffffffffffffffffffffffffffffffffffffff[0m
2025-09-21 15:43:30,999 - Detector - INFO - [1m[31m           fffffffffffd[0m
2025-09-21 15:43:30,999 - Detector - INFO - [1m[31m-----------------------------------------------------[0m
2025-09-21 15:43:30,999 - Detector - INFO - [1m[31mTransaction 2 - burnFrom(address,uint256):[0m
2025-09-21 15:43:30,999 - Detector - INFO - [1m[31m-----------------------------------------------------[0m
2025-09-21 15:43:30,999 - Detector - INFO - [1m[31mFrom:      0xcafebabecafebabecafebabecafebabecafebabe[0m
2025-09-21 15:43:30,999 - Detector - INFO - [1m[31mTo:        0x2c5e8a3b3aad9df32339409534e64dfcabcd3a65[0m
2025-09-21 15:43:30,999 - Detector - INFO - [1m[31mValue:     0 Wei[0m
2025-09-21 15:43:30,999 - Detector - INFO - [1m[31mGas Limit: 4500000[0m
2025-09-21 15:43:30,999 - Detector - INFO - [1m[31mInput:     0x79cc6790000000000000000000000000deadbeef[0m
2025-09-21 15:43:30,999 - Detector - INFO - [1m[31m           deadbeefdeadbeefdeadbeefdeadbeef0000000000[0m
2025-09-21 15:43:30,999 - Detector - INFO - [1m[31m           000000000000000000000000000000000000000000[0m
2025-09-21 15:43:30,999 - Detector - INFO - [1m[31m           000000000001[0m
2025-09-21 15:43:31,000 - Detector - INFO - [1m[31m-----------------------------------------------------[0m
2025-09-21 15:43:31,000 - Detector - INFO - [1m[31mTransaction 3 - approve(address,uint256):[0m
2025-09-21 15:43:31,000 - Detector - INFO - [1m[31m-----------------------------------------------------[0m
2025-09-21 15:43:31,000 - Detector - INFO - [1m[31mFrom:      0xdeadbeefdeadbeefdeadbeefdeadbeefdeadbeef[0m
2025-09-21 15:43:31,000 - Detector - INFO - [1m[31mTo:        0x2c5e8a3b3aad9df32339409534e64dfcabcd3a65[0m
2025-09-21 15:43:31,000 - Detector - INFO - [1m[31mValue:     0 Wei[0m
2025-09-21 15:43:31,000 - Detector - INFO - [1m[31mGas Limit: 4500000[0m
2025-09-21 15:43:31,000 - Detector - INFO - [1m[31mInput:     0x095ea7b3000000000000000000000000cafebabe[0m
2025-09-21 15:43:31,000 - Detector - INFO - [1m[31m           cafebabecafebabecafebabecafebabe518d859a61[0m
2025-09-21 15:43:31,000 - Detector - INFO - [1m[31m           11d1ca10a69b2b78b86b9145678e0d397b9686b658[0m
2025-09-21 15:43:31,000 - Detector - INFO - [1m[31m           a0fd1be613d5[0m
2025-09-21 15:43:31,000 - Detector - INFO - [1m[31m-----------------------------------------------------[0m
2025-09-21 15:43:31,000 - Detector - INFO - [1m[31mTransaction 4 - increaseApproval(address,uint256):[0m
2025-09-21 15:43:31,000 - Detector - INFO - [1m[31m-----------------------------------------------------[0m
2025-09-21 15:43:31,000 - Detector - INFO - [1m[31mFrom:      0xcafebabecafebabecafebabecafebabecafebabe[0m
2025-09-21 15:43:31,000 - Detector - INFO - [1m[31mTo:        0x2c5e8a3b3aad9df32339409534e64dfcabcd3a65[0m
2025-09-21 15:43:31,000 - Detector - INFO - [1m[31mValue:     0 Wei[0m
2025-09-21 15:43:31,000 - Detector - INFO - [1m[31mGas Limit: 4500000[0m
2025-09-21 15:43:31,000 - Detector - INFO - [1m[31mInput:     0xd73dd623000000000000000000000000deadbeef[0m
2025-09-21 15:43:31,000 - Detector - INFO - [1m[31m           deadbeefdeadbeefdeadbeefdeadbeefd098b17be2[0m
2025-09-21 15:43:31,000 - Detector - INFO - [1m[31m           f0b6bd80e19b19618e62850ac6427a2b9ef7a58e7a[0m
2025-09-21 15:43:31,000 - Detector - INFO - [1m[31m           9be7c587957e[0m
2025-09-21 15:43:31,001 - Detector - INFO - [1m[31m-----------------------------------------------------[0m
2025-09-21 15:43:31,001 - Detector - INFO - [1m[31mTransaction 5 - burnFrom(address,uint256):[0m
2025-09-21 15:43:31,001 - Detector - INFO - [1m[31m-----------------------------------------------------[0m
2025-09-21 15:43:31,001 - Detector - INFO - [1m[31mFrom:      0xcafebabecafebabecafebabecafebabecafebabe[0m
2025-09-21 15:43:31,001 - Detector - INFO - [1m[31mTo:        0x2c5e8a3b3aad9df32339409534e64dfcabcd3a65[0m
2025-09-21 15:43:31,001 - Detector - INFO - [1m[31mValue:     0 Wei[0m
2025-09-21 15:43:31,001 - Detector - INFO - [1m[31mGas Limit: 4500000[0m
2025-09-21 15:43:31,001 - Detector - INFO - [1m[31mInput:     0x79cc679000000000000000000000000000000000[0m
2025-09-21 15:43:31,001 - Detector - INFO - [1m[31m           000000000000000000000000000000012b11f72d3b[0m
2025-09-21 15:43:31,001 - Detector - INFO - [1m[31m           1737fa4ca8306737424ea363017cf34a78396e8c1e[0m
2025-09-21 15:43:31,001 - Detector - INFO - [1m[31m           9a658091d41e[0m
2025-09-21 15:43:31,001 - Detector - INFO - [1m[31m-----------------------------------------------------[0m
2025-09-21 15:43:31,005 - Detector - INFO - [1m[33m-----------------------------------------------------[0m
2025-09-21 15:43:31,005 - Detector - INFO - [1m[33m          !!! Assertion failure detected !!!         [0m
2025-09-21 15:43:31,005 - Detector - INFO - [1m[33m-----------------------------------------------------[0m
2025-09-21 15:43:31,005 - Detector - INFO - [1m[33mSWC-ID:   110[0m
2025-09-21 15:43:31,005 - Detector - INFO - [1m[33mSeverity: Medium[0m
2025-09-21 15:43:31,005 - Detector - INFO - [1m[33m-----------------------------------------------------[0m
2025-09-21 15:43:31,005 - Detector - INFO - [1m[33mSource code line:[0m
2025-09-21 15:43:31,005 - Detector - INFO - [1m[33m-----------------------------------------------------[0m
2025-09-21 15:43:31,005 - Detector - INFO - [1m[33m/sb/0x730ffa26b35cc65ededc3990471ee3a180daa357.sol:39:1[0m
2025-09-21 15:43:31,006 - Detector - INFO - [1m[33massert(c >= a)[0m
2025-09-21 15:43:31,006 - Detector - INFO - [1m[33m-----------------------------------------------------[0m
2025-09-21 15:43:31,006 - Detector - INFO - [1m[33mTransaction sequence:[0m
2025-09-21 15:43:31,006 - Detector - INFO - [1m[33m-----------------------------------------------------[0m
2025-09-21 15:43:31,006 - Detector - INFO - [1m[33mTransaction 1 - approve(address,uint256):[0m
2025-09-21 15:43:31,006 - Detector - INFO - [1m[33m-----------------------------------------------------[0m
2025-09-21 15:43:31,006 - Detector - INFO - [1m[33mFrom:      0xcafebabecafebabecafebabecafebabecafebabe[0m
2025-09-21 15:43:31,006 - Detector - INFO - [1m[33mTo:        0x2c5e8a3b3aad9df32339409534e64dfcabcd3a65[0m
2025-09-21 15:43:31,006 - Detector - INFO - [1m[33mValue:     0 Wei[0m
2025-09-21 15:43:31,006 - Detector - INFO - [1m[33mGas Limit: 4500000[0m
2025-09-21 15:43:31,006 - Detector - INFO - [1m[33mInput:     0x095ea7b3000000000000000000000000deadbeef[0m
2025-09-21 15:43:31,006 - Detector - INFO - [1m[33m           deadbeefdeadbeefdeadbeefdeadbeefffffffffff[0m
2025-09-21 15:43:31,006 - Detector - INFO - [1m[33m           ffffffffffffffffffffffffffffffffffffffffff[0m
2025-09-21 15:43:31,006 - Detector - INFO - [1m[33m           fffffffffffd[0m
2025-09-21 15:43:31,006 - Detector - INFO - [1m[33m-----------------------------------------------------[0m
2025-09-21 15:43:31,006 - Detector - INFO - [1m[33mTransaction 2 - burnFrom(address,uint256):[0m
2025-09-21 15:43:31,006 - Detector - INFO - [1m[33m-----------------------------------------------------[0m
2025-09-21 15:43:31,006 - Detector - INFO - [1m[33mFrom:      0xcafebabecafebabecafebabecafebabecafebabe[0m
2025-09-21 15:43:31,006 - Detector - INFO - [1m[33mTo:        0x2c5e8a3b3aad9df32339409534e64dfcabcd3a65[0m
2025-09-21 15:43:31,006 - Detector - INFO - [1m[33mValue:     0 Wei[0m
2025-09-21 15:43:31,006 - Detector - INFO - [1m[33mGas Limit: 4500000[0m
2025-09-21 15:43:31,006 - Detector - INFO - [1m[33mInput:     0x79cc6790000000000000000000000000deadbeef[0m
2025-09-21 15:43:31,006 - Detector - INFO - [1m[33m           deadbeefdeadbeefdeadbeefdeadbeef0000000000[0m
2025-09-21 15:43:31,007 - Detector - INFO - [1m[33m           000000000000000000000000000000000000000000[0m
2025-09-21 15:43:31,007 - Detector - INFO - [1m[33m           000000000001[0m
2025-09-21 15:43:31,007 - Detector - INFO - [1m[33m-----------------------------------------------------[0m
2025-09-21 15:43:31,007 - Detector - INFO - [1m[33mTransaction 3 - approve(address,uint256):[0m
2025-09-21 15:43:31,007 - Detector - INFO - [1m[33m-----------------------------------------------------[0m
2025-09-21 15:43:31,007 - Detector - INFO - [1m[33mFrom:      0xdeadbeefdeadbeefdeadbeefdeadbeefdeadbeef[0m
2025-09-21 15:43:31,007 - Detector - INFO - [1m[33mTo:        0x2c5e8a3b3aad9df32339409534e64dfcabcd3a65[0m
2025-09-21 15:43:31,007 - Detector - INFO - [1m[33mValue:     0 Wei[0m
2025-09-21 15:43:31,007 - Detector - INFO - [1m[33mGas Limit: 4500000[0m
2025-09-21 15:43:31,007 - Detector - INFO - [1m[33mInput:     0x095ea7b3000000000000000000000000cafebabe[0m
2025-09-21 15:43:31,007 - Detector - INFO - [1m[33m           cafebabecafebabecafebabecafebabe518d859a61[0m
2025-09-21 15:43:31,007 - Detector - INFO - [1m[33m           11d1ca10a69b2b78b86b9145678e0d397b9686b658[0m
2025-09-21 15:43:31,007 - Detector - INFO - [1m[33m           a0fd1be613d5[0m
2025-09-21 15:43:31,007 - Detector - INFO - [1m[33m-----------------------------------------------------[0m
2025-09-21 15:43:31,007 - Detector - INFO - [1m[33mTransaction 4 - increaseApproval(address,uint256):[0m
2025-09-21 15:43:31,007 - Detector - INFO - [1m[33m-----------------------------------------------------[0m
2025-09-21 15:43:31,007 - Detector - INFO - [1m[33mFrom:      0xcafebabecafebabecafebabecafebabecafebabe[0m
2025-09-21 15:43:31,007 - Detector - INFO - [1m[33mTo:        0x2c5e8a3b3aad9df32339409534e64dfcabcd3a65[0m
2025-09-21 15:43:31,007 - Detector - INFO - [1m[33mValue:     0 Wei[0m
2025-09-21 15:43:31,007 - Detector - INFO - [1m[33mGas Limit: 4500000[0m
2025-09-21 15:43:31,007 - Detector - INFO - [1m[33mInput:     0xd73dd623000000000000000000000000deadbeef[0m
2025-09-21 15:43:31,007 - Detector - INFO - [1m[33m           deadbeefdeadbeefdeadbeefdeadbeefd098b17be2[0m
2025-09-21 15:43:31,008 - Detector - INFO - [1m[33m           f0b6bd80e19b19618e62850ac6427a2b9ef7a58e7a[0m
2025-09-21 15:43:31,008 - Detector - INFO - [1m[33m           9be7c587957e[0m
2025-09-21 15:43:31,008 - Detector - INFO - [1m[33m-----------------------------------------------------[0m
2025-09-21 15:43:31,008 - Detector - INFO - [1m[33mTransaction 5 - burnFrom(address,uint256):[0m
2025-09-21 15:43:31,008 - Detector - INFO - [1m[33m-----------------------------------------------------[0m
2025-09-21 15:43:31,008 - Detector - INFO - [1m[33mFrom:      0xcafebabecafebabecafebabecafebabecafebabe[0m
2025-09-21 15:43:31,008 - Detector - INFO - [1m[33mTo:        0x2c5e8a3b3aad9df32339409534e64dfcabcd3a65[0m
2025-09-21 15:43:31,008 - Detector - INFO - [1m[33mValue:     0 Wei[0m
2025-09-21 15:43:31,008 - Detector - INFO - [1m[33mGas Limit: 4500000[0m
2025-09-21 15:43:31,008 - Detector - INFO - [1m[33mInput:     0x79cc679000000000000000000000000000000000[0m
2025-09-21 15:43:31,008 - Detector - INFO - [1m[33m           000000000000000000000000000000012b11f72d3b[0m
2025-09-21 15:43:31,008 - Detector - INFO - [1m[33m           1737fa4ca8306737424ea363017cf34a78396e8c1e[0m
2025-09-21 15:43:31,008 - Detector - INFO - [1m[33m           9a658091d41e[0m
2025-09-21 15:43:31,008 - Detector - INFO - [1m[33m-----------------------------------------------------[0m
2025-09-21 15:43:31,269 - Analysis - INFO - [1mGeneration number 6 	 Code coverage: 75.10% (1119/1490) 	 Branch coverage: 88.71% (55/62) 	 Transactions: 471 (149 unique)   	 Time: 3.9505984783172607[0m
2025-09-21 15:43:32,109 - Analysis - INFO - [1mGeneration number 7 	 Code coverage: 75.10% (1119/1490) 	 Branch coverage: 88.71% (55/62) 	 Transactions: 574 (171 unique)   	 Time: 4.790882349014282[0m
2025-09-21 15:43:33,016 - Analysis - INFO - [1mGeneration number 8 	 Code coverage: 75.10% (1119/1490) 	 Branch coverage: 88.71% (55/62) 	 Transactions: 675 (193 unique)   	 Time: 5.698353052139282[0m
2025-09-21 15:43:33,901 - Analysis - INFO - [1mGeneration number 9 	 Code coverage: 75.10% (1119/1490) 	 Branch coverage: 88.71% (55/62) 	 Transactions: 774 (215 unique)   	 Time: 6.582911014556885[0m
2025-09-21 15:43:34,828 - Analysis - INFO - [1mGeneration number 10 	 Code coverage: 75.10% (1119/1490) 	 Branch coverage: 88.71% (55/62) 	 Transactions: 877 (237 unique)   	 Time: 7.50991678237915[0m
2025-09-21 15:43:34,871 - Analysis - INFO - [1m-----------------------------------------------------[0m
2025-09-21 15:43:34,871 - Analysis - INFO - Number of generations: 	 10
2025-09-21 15:43:34,871 - Analysis - INFO - Number of transactions: 	 877 (237 unique)
2025-09-21 15:43:34,871 - Analysis - INFO - Transactions per second: 	 116
2025-09-21 15:43:34,871 - Analysis - INFO - Total code coverage: 	 75.10% (1119/1490)
2025-09-21 15:43:34,872 - Analysis - INFO - Total branch coverage: 	 88.71% (55/62)
2025-09-21 15:43:34,872 - Analysis - INFO - Total execution time: 	 7.55 seconds
2025-09-21 15:43:34,872 - Analysis - INFO - Total memory consumption: 	 73.62 MB
2025-09-21 15:43:34,875 - Fuzzer   - INFO - [1mFuzzing contract [1mStandardToken[0m[0m
2025-09-21 15:43:34,971 - Analysis - INFO - [1mGeneration number 0 	 Code coverage: 64.08% (751/1172) 	 Branch coverage: 80.00% (40/50) 	 Transactions: 19 (18 unique)   	 Time: 0.09035968780517578[0m
2025-09-21 15:43:35,144 - Analysis - INFO - [1mGeneration number 1 	 Code coverage: 64.08% (751/1172) 	 Branch coverage: 80.00% (40/50) 	 Transactions: 44 (33 unique)   	 Time: 0.2630014419555664[0m
2025-09-21 15:43:35,289 - Detector - INFO - [1m[31m-----------------------------------------------------[0m
2025-09-21 15:43:35,289 - Detector - INFO - [1m[31m          !!! Integer overflow detected !!!          [0m
2025-09-21 15:43:35,289 - Detector - INFO - [1m[31m-----------------------------------------------------[0m
2025-09-21 15:43:35,289 - Detector - INFO - [1m[31mSWC-ID:   101[0m
2025-09-21 15:43:35,289 - Detector - INFO - [1m[31mSeverity: High[0m
2025-09-21 15:43:35,289 - Detector - INFO - [1m[31m-----------------------------------------------------[0m
2025-09-21 15:43:35,289 - Detector - INFO - [1m[31mSource code line:[0m
2025-09-21 15:43:35,289 - Detector - INFO - [1m[31m-----------------------------------------------------[0m
2025-09-21 15:43:35,289 - Detector - INFO - [1m[31m/sb/0x730ffa26b35cc65ededc3990471ee3a180daa357.sol:38:1[0m
2025-09-21 15:43:35,289 - Detector - INFO - [1m[31ma + b[0m
2025-09-21 15:43:35,289 - Detector - INFO - [1m[31m-----------------------------------------------------[0m
2025-09-21 15:43:35,289 - Detector - INFO - [1m[31mTransaction sequence:[0m
2025-09-21 15:43:35,289 - Detector - INFO - [1m[31m-----------------------------------------------------[0m
2025-09-21 15:43:35,289 - Detector - INFO - [1m[31mTransaction 1 - increaseApproval(address,uint256):[0m
2025-09-21 15:43:35,289 - Detector - INFO - [1m[31m-----------------------------------------------------[0m
2025-09-21 15:43:35,290 - Detector - INFO - [1m[31mFrom:      0xdeadbeefdeadbeefdeadbeefdeadbeefdeadbeef[0m
2025-09-21 15:43:35,290 - Detector - INFO - [1m[31mTo:        0x2c5e8a3b3aad9df32339409534e64dfcabcd3a65[0m
2025-09-21 15:43:35,290 - Detector - INFO - [1m[31mValue:     0 Wei[0m
2025-09-21 15:43:35,290 - Detector - INFO - [1m[31mGas Limit: 4500000[0m
2025-09-21 15:43:35,290 - Detector - INFO - [1m[31mInput:     0xd73dd623000000000000000000000000deadbeef[0m
2025-09-21 15:43:35,290 - Detector - INFO - [1m[31m           deadbeefdeadbeefdeadbeefdeadbeefffffffffff[0m
2025-09-21 15:43:35,290 - Detector - INFO - [1m[31m           ffffffffffffffffffffffffffffffffffffffffff[0m
2025-09-21 15:43:35,290 - Detector - INFO - [1m[31m           ffffffffffff[0m
2025-09-21 15:43:35,290 - Detector - INFO - [1m[31m-----------------------------------------------------[0m
2025-09-21 15:43:35,290 - Detector - INFO - [1m[31mTransaction 2 - decreaseApproval(address,uint256):[0m
2025-09-21 15:43:35,290 - Detector - INFO - [1m[31m-----------------------------------------------------[0m
2025-09-21 15:43:35,290 - Detector - INFO - [1m[31mFrom:      0xcafebabecafebabecafebabecafebabecafebabe[0m
2025-09-21 15:43:35,290 - Detector - INFO - [1m[31mTo:        0x2c5e8a3b3aad9df32339409534e64dfcabcd3a65[0m
2025-09-21 15:43:35,290 - Detector - INFO - [1m[31mValue:     0 Wei[0m
2025-09-21 15:43:35,290 - Detector - INFO - [1m[31mGas Limit: 4500000[0m
2025-09-21 15:43:35,290 - Detector - INFO - [1m[31mInput:     0x66188463000000000000000000000000ffffffff[0m
2025-09-21 15:43:35,290 - Detector - INFO - [1m[31m           ffffffffffffffffffffffffffffffffb559996996[0m
2025-09-21 15:43:35,290 - Detector - INFO - [1m[31m           554fb6191b1326c58d2e3486498fcb33e12d72ae55[0m
2025-09-21 15:43:35,290 - Detector - INFO - [1m[31m           0b5ea60c238d[0m
2025-09-21 15:43:35,290 - Detector - INFO - [1m[31m-----------------------------------------------------[0m
2025-09-21 15:43:35,290 - Detector - INFO - [1m[31mTransaction 3 - decreaseApproval(address,uint256):[0m
2025-09-21 15:43:35,290 - Detector - INFO - [1m[31m-----------------------------------------------------[0m
2025-09-21 15:43:35,291 - Detector - INFO - [1m[31mFrom:      0xcafebabecafebabecafebabecafebabecafebabe[0m
2025-09-21 15:43:35,291 - Detector - INFO - [1m[31mTo:        0x2c5e8a3b3aad9df32339409534e64dfcabcd3a65[0m
2025-09-21 15:43:35,291 - Detector - INFO - [1m[31mValue:     0 Wei[0m
2025-09-21 15:43:35,291 - Detector - INFO - [1m[31mGas Limit: 4500000[0m
2025-09-21 15:43:35,291 - Detector - INFO - [1m[31mInput:     0x66188463000000000000000000000000ffffffff[0m
2025-09-21 15:43:35,291 - Detector - INFO - [1m[31m           ffffffffffffffffffffffffffffffffba3f4c1c7b[0m
2025-09-21 15:43:35,291 - Detector - INFO - [1m[31m           267a4bee742d79c849c740026af9d9e00feee1cf9b[0m
2025-09-21 15:43:35,291 - Detector - INFO - [1m[31m           e7d53de1889a[0m
2025-09-21 15:43:35,291 - Detector - INFO - [1m[31m-----------------------------------------------------[0m
2025-09-21 15:43:35,291 - Detector - INFO - [1m[31mTransaction 4 - increaseApproval(address,uint256):[0m
2025-09-21 15:43:35,291 - Detector - INFO - [1m[31m-----------------------------------------------------[0m
2025-09-21 15:43:35,291 - Detector - INFO - [1m[31mFrom:      0xdeadbeefdeadbeefdeadbeefdeadbeefdeadbeef[0m
2025-09-21 15:43:35,291 - Detector - INFO - [1m[31mTo:        0x2c5e8a3b3aad9df32339409534e64dfcabcd3a65[0m
2025-09-21 15:43:35,291 - Detector - INFO - [1m[31mValue:     0 Wei[0m
2025-09-21 15:43:35,291 - Detector - INFO - [1m[31mGas Limit: 4500000[0m
2025-09-21 15:43:35,291 - Detector - INFO - [1m[31mInput:     0xd73dd623000000000000000000000000deadbeef[0m
2025-09-21 15:43:35,291 - Detector - INFO - [1m[31m           deadbeefdeadbeefdeadbeefdeadbeef0000000000[0m
2025-09-21 15:43:35,291 - Detector - INFO - [1m[31m           000000000000000000000000000000000000000000[0m
2025-09-21 15:43:35,291 - Detector - INFO - [1m[31m           000000000002[0m
2025-09-21 15:43:35,291 - Detector - INFO - [1m[31m-----------------------------------------------------[0m
2025-09-21 15:43:35,296 - Detector - INFO - [1m[33m-----------------------------------------------------[0m
2025-09-21 15:43:35,296 - Detector - INFO - [1m[33m          !!! Assertion failure detected !!!         [0m
2025-09-21 15:43:35,296 - Detector - INFO - [1m[33m-----------------------------------------------------[0m
2025-09-21 15:43:35,296 - Detector - INFO - [1m[33mSWC-ID:   110[0m
2025-09-21 15:43:35,296 - Detector - INFO - [1m[33mSeverity: Medium[0m
2025-09-21 15:43:35,296 - Detector - INFO - [1m[33m-----------------------------------------------------[0m
2025-09-21 15:43:35,296 - Detector - INFO - [1m[33mSource code line:[0m
2025-09-21 15:43:35,296 - Detector - INFO - [1m[33m-----------------------------------------------------[0m
2025-09-21 15:43:35,296 - Detector - INFO - [1m[33m/sb/0x730ffa26b35cc65ededc3990471ee3a180daa357.sol:39:1[0m
2025-09-21 15:43:35,296 - Detector - INFO - [1m[33massert(c >= a)[0m
2025-09-21 15:43:35,296 - Detector - INFO - [1m[33m-----------------------------------------------------[0m
2025-09-21 15:43:35,296 - Detector - INFO - [1m[33mTransaction sequence:[0m
2025-09-21 15:43:35,296 - Detector - INFO - [1m[33m-----------------------------------------------------[0m
2025-09-21 15:43:35,296 - Detector - INFO - [1m[33mTransaction 1 - increaseApproval(address,uint256):[0m
2025-09-21 15:43:35,296 - Detector - INFO - [1m[33m-----------------------------------------------------[0m
2025-09-21 15:43:35,296 - Detector - INFO - [1m[33mFrom:      0xdeadbeefdeadbeefdeadbeefdeadbeefdeadbeef[0m
2025-09-21 15:43:35,297 - Detector - INFO - [1m[33mTo:        0x2c5e8a3b3aad9df32339409534e64dfcabcd3a65[0m
2025-09-21 15:43:35,297 - Detector - INFO - [1m[33mValue:     0 Wei[0m
2025-09-21 15:43:35,297 - Detector - INFO - [1m[33mGas Limit: 4500000[0m
2025-09-21 15:43:35,297 - Detector - INFO - [1m[33mInput:     0xd73dd623000000000000000000000000deadbeef[0m
2025-09-21 15:43:35,297 - Detector - INFO - [1m[33m           deadbeefdeadbeefdeadbeefdeadbeefffffffffff[0m
2025-09-21 15:43:35,297 - Detector - INFO - [1m[33m           ffffffffffffffffffffffffffffffffffffffffff[0m
2025-09-21 15:43:35,297 - Detector - INFO - [1m[33m           ffffffffffff[0m
2025-09-21 15:43:35,297 - Detector - INFO - [1m[33m-----------------------------------------------------[0m
2025-09-21 15:43:35,297 - Detector - INFO - [1m[33mTransaction 2 - decreaseApproval(address,uint256):[0m
2025-09-21 15:43:35,297 - Detector - INFO - [1m[33m-----------------------------------------------------[0m
2025-09-21 15:43:35,297 - Detector - INFO - [1m[33mFrom:      0xcafebabecafebabecafebabecafebabecafebabe[0m
2025-09-21 15:43:35,297 - Detector - INFO - [1m[33mTo:        0x2c5e8a3b3aad9df32339409534e64dfcabcd3a65[0m
2025-09-21 15:43:35,297 - Detector - INFO - [1m[33mValue:     0 Wei[0m
2025-09-21 15:43:35,297 - Detector - INFO - [1m[33mGas Limit: 4500000[0m
2025-09-21 15:43:35,297 - Detector - INFO - [1m[33mInput:     0x66188463000000000000000000000000ffffffff[0m
2025-09-21 15:43:35,297 - Detector - INFO - [1m[33m           ffffffffffffffffffffffffffffffffb559996996[0m
2025-09-21 15:43:35,297 - Detector - INFO - [1m[33m           554fb6191b1326c58d2e3486498fcb33e12d72ae55[0m
2025-09-21 15:43:35,297 - Detector - INFO - [1m[33m           0b5ea60c238d[0m
2025-09-21 15:43:35,297 - Detector - INFO - [1m[33m-----------------------------------------------------[0m
2025-09-21 15:43:35,297 - Detector - INFO - [1m[33mTransaction 3 - decreaseApproval(address,uint256):[0m
2025-09-21 15:43:35,297 - Detector - INFO - [1m[33m-----------------------------------------------------[0m
2025-09-21 15:43:35,297 - Detector - INFO - [1m[33mFrom:      0xcafebabecafebabecafebabecafebabecafebabe[0m
2025-09-21 15:43:35,297 - Detector - INFO - [1m[33mTo:        0x2c5e8a3b3aad9df32339409534e64dfcabcd3a65[0m
2025-09-21 15:43:35,297 - Detector - INFO - [1m[33mValue:     0 Wei[0m
2025-09-21 15:43:35,297 - Detector - INFO - [1m[33mGas Limit: 4500000[0m
2025-09-21 15:43:35,297 - Detector - INFO - [1m[33mInput:     0x66188463000000000000000000000000ffffffff[0m
2025-09-21 15:43:35,298 - Detector - INFO - [1m[33m           ffffffffffffffffffffffffffffffffba3f4c1c7b[0m
2025-09-21 15:43:35,298 - Detector - INFO - [1m[33m           267a4bee742d79c849c740026af9d9e00feee1cf9b[0m
2025-09-21 15:43:35,298 - Detector - INFO - [1m[33m           e7d53de1889a[0m
2025-09-21 15:43:35,298 - Detector - INFO - [1m[33m-----------------------------------------------------[0m
2025-09-21 15:43:35,298 - Detector - INFO - [1m[33mTransaction 4 - increaseApproval(address,uint256):[0m
2025-09-21 15:43:35,298 - Detector - INFO - [1m[33m-----------------------------------------------------[0m
2025-09-21 15:43:35,298 - Detector - INFO - [1m[33mFrom:      0xdeadbeefdeadbeefdeadbeefdeadbeefdeadbeef[0m
2025-09-21 15:43:35,298 - Detector - INFO - [1m[33mTo:        0x2c5e8a3b3aad9df32339409534e64dfcabcd3a65[0m
2025-09-21 15:43:35,298 - Detector - INFO - [1m[33mValue:     0 Wei[0m
2025-09-21 15:43:35,298 - Detector - INFO - [1m[33mGas Limit: 4500000[0m
2025-09-21 15:43:35,298 - Detector - INFO - [1m[33mInput:     0xd73dd623000000000000000000000000deadbeef[0m
2025-09-21 15:43:35,298 - Detector - INFO - [1m[33m           deadbeefdeadbeefdeadbeefdeadbeef0000000000[0m
2025-09-21 15:43:35,298 - Detector - INFO - [1m[33m           000000000000000000000000000000000000000000[0m
2025-09-21 15:43:35,298 - Detector - INFO - [1m[33m           000000000002[0m
2025-09-21 15:43:35,298 - Detector - INFO - [1m[33m-----------------------------------------------------[0m
2025-09-21 15:43:35,591 - Analysis - INFO - [1mGeneration number 2 	 Code coverage: 68.60% (804/1172) 	 Branch coverage: 86.00% (43/50) 	 Transactions: 94 (51 unique)   	 Time: 0.7106542587280273[0m
2025-09-21 15:43:36,120 - Analysis - INFO - [1mGeneration number 3 	 Code coverage: 68.60% (804/1172) 	 Branch coverage: 86.00% (43/50) 	 Transactions: 157 (69 unique)   	 Time: 1.239598274230957[0m
2025-09-21 15:43:36,755 - Analysis - INFO - [1mGeneration number 4 	 Code coverage: 68.60% (804/1172) 	 Branch coverage: 86.00% (43/50) 	 Transactions: 222 (87 unique)   	 Time: 1.8737306594848633[0m
2025-09-21 15:43:37,339 - Analysis - INFO - [1mGeneration number 5 	 Code coverage: 68.60% (804/1172) 	 Branch coverage: 86.00% (43/50) 	 Transactions: 288 (104 unique)   	 Time: 2.4583683013916016[0m
2025-09-21 15:43:37,972 - Analysis - INFO - [1mGeneration number 6 	 Code coverage: 68.60% (804/1172) 	 Branch coverage: 86.00% (43/50) 	 Transactions: 360 (122 unique)   	 Time: 3.0915439128875732[0m
2025-09-21 15:43:38,666 - Analysis - INFO - [1mGeneration number 7 	 Code coverage: 68.60% (804/1172) 	 Branch coverage: 86.00% (43/50) 	 Transactions: 439 (140 unique)   	 Time: 3.785574436187744[0m
2025-09-21 15:43:39,378 - Analysis - INFO - [1mGeneration number 8 	 Code coverage: 68.60% (804/1172) 	 Branch coverage: 86.00% (43/50) 	 Transactions: 522 (158 unique)   	 Time: 4.496832847595215[0m
2025-09-21 15:43:40,079 - Analysis - INFO - [1mGeneration number 9 	 Code coverage: 68.60% (804/1172) 	 Branch coverage: 86.00% (43/50) 	 Transactions: 603 (176 unique)   	 Time: 5.1984148025512695[0m
2025-09-21 15:43:40,796 - Analysis - INFO - [1mGeneration number 10 	 Code coverage: 68.60% (804/1172) 	 Branch coverage: 86.00% (43/50) 	 Transactions: 684 (194 unique)   	 Time: 5.914926290512085[0m
2025-09-21 15:43:40,848 - Analysis - INFO - [1m-----------------------------------------------------[0m
2025-09-21 15:43:40,849 - Analysis - INFO - Number of generations: 	 10
2025-09-21 15:43:40,849 - Analysis - INFO - Number of transactions: 	 684 (194 unique)
2025-09-21 15:43:40,849 - Analysis - INFO - Transactions per second: 	 115
2025-09-21 15:43:40,849 - Analysis - INFO - Total code coverage: 	 68.60% (804/1172)
2025-09-21 15:43:40,849 - Analysis - INFO - Total branch coverage: 	 86.00% (43/50)
2025-09-21 15:43:40,849 - Analysis - INFO - Total execution time: 	 5.97 seconds
2025-09-21 15:43:40,849 - Analysis - INFO - Total memory consumption: 	 73.62 MB

     ______            ______                _           
    / ____/___  ____  / ____/_  __________  (_)_  _______
   / /   / __ \/ __ \/ /_  / / / /_  /_  / / / / / / ___/
  / /___/ /_/ / / / / __/ / /_/ / / /_/ /_/ / /_/ (__  ) 
  \____/\____/_/ /_/_/    \__,_/ /___/___/_/\__,_/____/  

delteed file
