2025-09-22 00:24:54,964 - Main     - INFO - [1mInitializing seed to 1427655.0[0m
2025-09-22 00:24:55,000 - Fuzzer   - INFO - [1mFuzzing contract [1mBoomerangLiquidity[0m[0m
2025-09-22 00:24:55,084 - Analysis - INFO - [1mGeneration number 0 	 Code coverage: 55.80% (399/715) 	 Branch coverage: 53.45% (31/58) 	 Transactions: 15 (14 unique)   	 Time: 0.07576346397399902[0m
2025-09-22 00:24:55,149 - Analysis - INFO - [1mGeneration number 1 	 Code coverage: 55.80% (399/715) 	 Branch coverage: 53.45% (31/58) 	 Transactions: 25 (18 unique)   	 Time: 0.14122462272644043[0m
2025-09-22 00:24:55,313 - Analysis - INFO - [1mGeneration number 2 	 Code coverage: 56.22% (402/715) 	 Branch coverage: 55.17% (32/58) 	 Transactions: 37 (27 unique)   	 Time: 0.30530858039855957[0m
2025-09-22 00:24:55,438 - Analysis - INFO - [1mGeneration number 3 	 Code coverage: 56.22% (402/715) 	 Branch coverage: 55.17% (32/58) 	 Transactions: 50 (36 unique)   	 Time: 0.43018245697021484[0m
2025-09-22 00:24:55,615 - Analysis - INFO - [1mGeneration number 4 	 Code coverage: 56.64% (405/715) 	 Branch coverage: 56.90% (33/58) 	 Transactions: 62 (45 unique)   	 Time: 0.6071274280548096[0m
2025-09-22 00:24:55,801 - Analysis - INFO - [1mGeneration number 5 	 Code coverage: 56.64% (405/715) 	 Branch coverage: 56.90% (33/58) 	 Transactions: 76 (50 unique)   	 Time: 0.7932765483856201[0m
2025-09-22 00:24:56,013 - Analysis - INFO - [1mGeneration number 6 	 Code coverage: 56.64% (405/715) 	 Branch coverage: 56.90% (33/58) 	 Transactions: 90 (58 unique)   	 Time: 1.0044653415679932[0m
2025-09-22 00:24:56,205 - Analysis - INFO - [1mGeneration number 7 	 Code coverage: 56.64% (405/715) 	 Branch coverage: 56.90% (33/58) 	 Transactions: 102 (62 unique)   	 Time: 1.1969420909881592[0m
2025-09-22 00:24:56,424 - Analysis - INFO - [1mGeneration number 8 	 Code coverage: 56.64% (405/715) 	 Branch coverage: 56.90% (33/58) 	 Transactions: 115 (71 unique)   	 Time: 1.4155161380767822[0m
2025-09-22 00:24:56,615 - Analysis - INFO - [1mGeneration number 9 	 Code coverage: 56.64% (405/715) 	 Branch coverage: 56.90% (33/58) 	 Transactions: 127 (76 unique)   	 Time: 1.606797218322754[0m
2025-09-22 00:24:56,827 - Analysis - INFO - [1mGeneration number 10 	 Code coverage: 56.64% (405/715) 	 Branch coverage: 56.90% (33/58) 	 Transactions: 140 (84 unique)   	 Time: 1.8184587955474854[0m
2025-09-22 00:24:57,054 - Analysis - INFO - [1mGeneration number 11 	 Code coverage: 56.64% (405/715) 	 Branch coverage: 56.90% (33/58) 	 Transactions: 154 (89 unique)   	 Time: 2.0459647178649902[0m
2025-09-22 00:24:57,281 - Analysis - INFO - [1mGeneration number 12 	 Code coverage: 56.64% (405/715) 	 Branch coverage: 56.90% (33/58) 	 Transactions: 167 (94 unique)   	 Time: 2.272763252258301[0m
2025-09-22 00:24:57,512 - Analysis - INFO - [1mGeneration number 13 	 Code coverage: 56.64% (405/715) 	 Branch coverage: 56.90% (33/58) 	 Transactions: 180 (100 unique)   	 Time: 2.503915786743164[0m
2025-09-22 00:24:57,713 - Analysis - INFO - [1mGeneration number 14 	 Code coverage: 56.64% (405/715) 	 Branch coverage: 56.90% (33/58) 	 Transactions: 191 (103 unique)   	 Time: 2.704838514328003[0m
2025-09-22 00:24:57,986 - Analysis - INFO - [1mGeneration number 15 	 Code coverage: 56.64% (405/715) 	 Branch coverage: 56.90% (33/58) 	 Transactions: 204 (107 unique)   	 Time: 2.977858066558838[0m
2025-09-22 00:24:58,223 - Analysis - INFO - [1mGeneration number 16 	 Code coverage: 68.25% (488/715) 	 Branch coverage: 65.52% (38/58) 	 Transactions: 231 (125 unique)   	 Time: 3.2146449089050293[0m
2025-09-22 00:24:58,463 - Analysis - INFO - [1mGeneration number 17 	 Code coverage: 68.25% (488/715) 	 Branch coverage: 65.52% (38/58) 	 Transactions: 260 (132 unique)   	 Time: 3.454927921295166[0m
2025-09-22 00:24:58,701 - Analysis - INFO - [1mGeneration number 18 	 Code coverage: 68.25% (488/715) 	 Branch coverage: 65.52% (38/58) 	 Transactions: 291 (139 unique)   	 Time: 3.6933517456054688[0m
2025-09-22 00:24:58,977 - Analysis - INFO - [1mGeneration number 19 	 Code coverage: 68.25% (488/715) 	 Branch coverage: 65.52% (38/58) 	 Transactions: 327 (143 unique)   	 Time: 3.9690988063812256[0m
2025-09-22 00:24:59,277 - Analysis - INFO - [1mGeneration number 20 	 Code coverage: 71.61% (512/715) 	 Branch coverage: 67.24% (39/58) 	 Transactions: 365 (148 unique)   	 Time: 4.268927335739136[0m
2025-09-22 00:24:59,589 - Analysis - INFO - [1mGeneration number 21 	 Code coverage: 71.61% (512/715) 	 Branch coverage: 67.24% (39/58) 	 Transactions: 408 (152 unique)   	 Time: 4.581294059753418[0m
2025-09-22 00:24:59,958 - Analysis - INFO - [1mGeneration number 22 	 Code coverage: 71.61% (512/715) 	 Branch coverage: 67.24% (39/58) 	 Transactions: 454 (158 unique)   	 Time: 4.949640512466431[0m
2025-09-22 00:25:00,364 - Analysis - INFO - [1mGeneration number 23 	 Code coverage: 71.61% (512/715) 	 Branch coverage: 67.24% (39/58) 	 Transactions: 503 (163 unique)   	 Time: 5.356175899505615[0m
2025-09-22 00:25:00,694 - Analysis - INFO - [1mGeneration number 24 	 Code coverage: 71.61% (512/715) 	 Branch coverage: 67.24% (39/58) 	 Transactions: 544 (165 unique)   	 Time: 5.685375928878784[0m
2025-09-22 00:25:01,054 - Analysis - INFO - [1mGeneration number 25 	 Code coverage: 71.61% (512/715) 	 Branch coverage: 67.24% (39/58) 	 Transactions: 589 (171 unique)   	 Time: 6.045384407043457[0m
2025-09-22 00:25:01,481 - Analysis - INFO - [1mGeneration number 26 	 Code coverage: 71.61% (512/715) 	 Branch coverage: 67.24% (39/58) 	 Transactions: 641 (176 unique)   	 Time: 6.473089218139648[0m
2025-09-22 00:25:01,857 - Analysis - INFO - [1mGeneration number 27 	 Code coverage: 71.61% (512/715) 	 Branch coverage: 67.24% (39/58) 	 Transactions: 684 (177 unique)   	 Time: 6.848878383636475[0m
2025-09-22 00:25:02,293 - Analysis - INFO - [1mGeneration number 28 	 Code coverage: 71.61% (512/715) 	 Branch coverage: 67.24% (39/58) 	 Transactions: 739 (181 unique)   	 Time: 7.28503680229187[0m
2025-09-22 00:25:02,761 - Analysis - INFO - [1mGeneration number 29 	 Code coverage: 71.61% (512/715) 	 Branch coverage: 67.24% (39/58) 	 Transactions: 799 (187 unique)   	 Time: 7.753166913986206[0m
2025-09-22 00:25:03,183 - Analysis - INFO - [1mGeneration number 30 	 Code coverage: 71.61% (512/715) 	 Branch coverage: 67.24% (39/58) 	 Transactions: 852 (191 unique)   	 Time: 8.175195693969727[0m
2025-09-22 00:25:03,528 - Analysis - INFO - [1mGeneration number 31 	 Code coverage: 71.61% (512/715) 	 Branch coverage: 67.24% (39/58) 	 Transactions: 893 (193 unique)   	 Time: 8.519968748092651[0m
2025-09-22 00:25:03,782 - Analysis - INFO - [1mGeneration number 32 	 Code coverage: 84.06% (601/715) 	 Branch coverage: 81.03% (47/58) 	 Transactions: 926 (210 unique)   	 Time: 8.774273157119751[0m
2025-09-22 00:25:04,041 - Analysis - INFO - [1mGeneration number 33 	 Code coverage: 84.06% (601/715) 	 Branch coverage: 81.03% (47/58) 	 Transactions: 968 (221 unique)   	 Time: 9.032633304595947[0m
2025-09-22 00:25:04,328 - Analysis - INFO - [1mGeneration number 34 	 Code coverage: 84.06% (601/715) 	 Branch coverage: 81.03% (47/58) 	 Transactions: 1009 (227 unique)   	 Time: 9.319789409637451[0m
2025-09-22 00:25:04,752 - Analysis - INFO - [1mGeneration number 35 	 Code coverage: 84.06% (601/715) 	 Branch coverage: 81.03% (47/58) 	 Transactions: 1067 (238 unique)   	 Time: 9.743807077407837[0m
2025-09-22 00:25:05,111 - Analysis - INFO - [1mGeneration number 36 	 Code coverage: 84.06% (601/715) 	 Branch coverage: 81.03% (47/58) 	 Transactions: 1115 (245 unique)   	 Time: 10.102562189102173[0m
2025-09-22 00:25:05,497 - Analysis - INFO - [1mGeneration number 37 	 Code coverage: 84.06% (601/715) 	 Branch coverage: 81.03% (47/58) 	 Transactions: 1168 (253 unique)   	 Time: 10.488603353500366[0m
2025-09-22 00:25:05,861 - Analysis - INFO - [1mGeneration number 38 	 Code coverage: 84.06% (601/715) 	 Branch coverage: 81.03% (47/58) 	 Transactions: 1219 (259 unique)   	 Time: 10.852924346923828[0m
2025-09-22 00:25:06,165 - Analysis - INFO - [1mGeneration number 39 	 Code coverage: 84.06% (601/715) 	 Branch coverage: 81.03% (47/58) 	 Transactions: 1261 (265 unique)   	 Time: 11.157103538513184[0m
2025-09-22 00:25:06,543 - Analysis - INFO - [1mGeneration number 40 	 Code coverage: 84.06% (601/715) 	 Branch coverage: 81.03% (47/58) 	 Transactions: 1312 (271 unique)   	 Time: 11.53485894203186[0m
2025-09-22 00:25:06,914 - Analysis - INFO - [1mGeneration number 41 	 Code coverage: 84.06% (601/715) 	 Branch coverage: 81.03% (47/58) 	 Transactions: 1364 (277 unique)   	 Time: 11.905474185943604[0m
2025-09-22 00:25:07,154 - Analysis - INFO - [1mGeneration number 42 	 Code coverage: 84.06% (601/715) 	 Branch coverage: 81.03% (47/58) 	 Transactions: 1401 (277 unique)   	 Time: 12.146116733551025[0m
2025-09-22 00:25:07,434 - Analysis - INFO - [1mGeneration number 43 	 Code coverage: 84.06% (601/715) 	 Branch coverage: 81.03% (47/58) 	 Transactions: 1443 (281 unique)   	 Time: 12.426304578781128[0m
2025-09-22 00:25:07,928 - Analysis - INFO - [1mGeneration number 44 	 Code coverage: 97.34% (696/715) 	 Branch coverage: 87.93% (51/58) 	 Transactions: 1469 (296 unique)   	 Time: 12.919831275939941[0m
2025-09-22 00:25:08,459 - Analysis - INFO - [1mGeneration number 45 	 Code coverage: 97.76% (699/715) 	 Branch coverage: 89.66% (52/58) 	 Transactions: 1486 (304 unique)   	 Time: 13.450637817382812[0m
2025-09-22 00:25:08,982 - Analysis - INFO - [1mGeneration number 46 	 Code coverage: 97.76% (699/715) 	 Branch coverage: 89.66% (52/58) 	 Transactions: 1504 (314 unique)   	 Time: 13.974274635314941[0m
2025-09-22 00:25:09,642 - Analysis - INFO - [1mGeneration number 47 	 Code coverage: 97.76% (699/715) 	 Branch coverage: 89.66% (52/58) 	 Transactions: 1524 (322 unique)   	 Time: 14.633939981460571[0m
2025-09-22 00:25:10,307 - Analysis - INFO - [1mGeneration number 48 	 Code coverage: 97.76% (699/715) 	 Branch coverage: 89.66% (52/58) 	 Transactions: 1544 (326 unique)   	 Time: 15.299374341964722[0m
2025-09-22 00:25:10,354 - Analysis - INFO - [1m-----------------------------------------------------[0m
2025-09-22 00:25:10,354 - Analysis - INFO - Number of generations: 	 48
2025-09-22 00:25:10,354 - Analysis - INFO - Number of transactions: 	 1544 (326 unique)
2025-09-22 00:25:10,354 - Analysis - INFO - Transactions per second: 	 101
2025-09-22 00:25:10,354 - Analysis - INFO - Total code coverage: 	 97.76% (699/715)
2025-09-22 00:25:10,354 - Analysis - INFO - Total branch coverage: 	 89.66% (52/58)
2025-09-22 00:25:10,354 - Analysis - INFO - Total execution time: 	 15.35 seconds
2025-09-22 00:25:10,354 - Analysis - INFO - Total memory consumption: 	 69.58 MB
2025-09-22 00:25:10,356 - Fuzzer   - INFO - [1mFuzzing contract [1mOwned[0m[0m
2025-09-22 00:25:10,395 - Analysis - INFO - [1mGeneration number 0 	 Code coverage: 78.07% (178/228) 	 Branch coverage: 86.36% (19/22) 	 Transactions: 11 (10 unique)   	 Time: 0.03598904609680176[0m
2025-09-22 00:25:10,425 - Analysis - INFO - [1mGeneration number 1 	 Code coverage: 78.07% (178/228) 	 Branch coverage: 90.91% (20/22) 	 Transactions: 18 (11 unique)   	 Time: 0.06614995002746582[0m
2025-09-22 00:25:10,486 - Analysis - INFO - [1mGeneration number 2 	 Code coverage: 78.07% (178/228) 	 Branch coverage: 90.91% (20/22) 	 Transactions: 25 (12 unique)   	 Time: 0.12667322158813477[0m
2025-09-22 00:25:10,550 - Analysis - INFO - [1mGeneration number 3 	 Code coverage: 78.07% (178/228) 	 Branch coverage: 90.91% (20/22) 	 Transactions: 34 (14 unique)   	 Time: 0.1909465789794922[0m
2025-09-22 00:25:10,622 - Analysis - INFO - [1mGeneration number 4 	 Code coverage: 89.04% (203/228) 	 Branch coverage: 95.45% (21/22) 	 Transactions: 42 (18 unique)   	 Time: 0.2628467082977295[0m
2025-09-22 00:25:10,682 - Analysis - INFO - [1mGeneration number 5 	 Code coverage: 89.04% (203/228) 	 Branch coverage: 95.45% (21/22) 	 Transactions: 51 (21 unique)   	 Time: 0.3225972652435303[0m
2025-09-22 00:25:10,807 - Analysis - INFO - [1mGeneration number 6 	 Code coverage: 99.56% (227/228) 	 Branch coverage: 100.00% (22/22) 	 Transactions: 67 (26 unique)   	 Time: 0.4481494426727295[0m
2025-09-22 00:25:11,074 - Analysis - INFO - [1mGeneration number 7 	 Code coverage: 99.56% (227/228) 	 Branch coverage: 100.00% (22/22) 	 Transactions: 105 (36 unique)   	 Time: 0.7149126529693604[0m
2025-09-22 00:25:11,352 - Analysis - INFO - [1mGeneration number 8 	 Code coverage: 99.56% (227/228) 	 Branch coverage: 100.00% (22/22) 	 Transactions: 144 (43 unique)   	 Time: 0.9931161403656006[0m
2025-09-22 00:25:11,573 - Analysis - INFO - [1mGeneration number 9 	 Code coverage: 99.56% (227/228) 	 Branch coverage: 100.00% (22/22) 	 Transactions: 174 (47 unique)   	 Time: 1.2135977745056152[0m
2025-09-22 00:25:11,809 - Analysis - INFO - [1mGeneration number 10 	 Code coverage: 99.56% (227/228) 	 Branch coverage: 100.00% (22/22) 	 Transactions: 209 (52 unique)   	 Time: 1.4503757953643799[0m
2025-09-22 00:25:12,079 - Analysis - INFO - [1mGeneration number 11 	 Code coverage: 99.56% (227/228) 	 Branch coverage: 100.00% (22/22) 	 Transactions: 247 (58 unique)   	 Time: 1.7198443412780762[0m
2025-09-22 00:25:12,386 - Analysis - INFO - [1mGeneration number 12 	 Code coverage: 99.56% (227/228) 	 Branch coverage: 100.00% (22/22) 	 Transactions: 290 (64 unique)   	 Time: 2.027147054672241[0m
2025-09-22 00:25:12,698 - Analysis - INFO - [1mGeneration number 13 	 Code coverage: 99.56% (227/228) 	 Branch coverage: 100.00% (22/22) 	 Transactions: 333 (69 unique)   	 Time: 2.3386893272399902[0m
2025-09-22 00:25:13,013 - Analysis - INFO - [1mGeneration number 14 	 Code coverage: 99.56% (227/228) 	 Branch coverage: 100.00% (22/22) 	 Transactions: 377 (73 unique)   	 Time: 2.6542932987213135[0m
2025-09-22 00:25:13,333 - Analysis - INFO - [1mGeneration number 15 	 Code coverage: 99.56% (227/228) 	 Branch coverage: 100.00% (22/22) 	 Transactions: 421 (81 unique)   	 Time: 2.9741034507751465[0m
2025-09-22 00:25:13,651 - Analysis - INFO - [1mGeneration number 16 	 Code coverage: 99.56% (227/228) 	 Branch coverage: 100.00% (22/22) 	 Transactions: 465 (88 unique)   	 Time: 3.291660785675049[0m
2025-09-22 00:25:13,969 - Analysis - INFO - [1mGeneration number 17 	 Code coverage: 99.56% (227/228) 	 Branch coverage: 100.00% (22/22) 	 Transactions: 510 (93 unique)   	 Time: 3.6101417541503906[0m
2025-09-22 00:25:14,080 - Analysis - INFO - [1mGeneration number 18 	 Code coverage: 99.56% (227/228) 	 Branch coverage: 100.00% (22/22) 	 Transactions: 532 (103 unique)   	 Time: 3.7209672927856445[0m
2025-09-22 00:25:14,201 - Analysis - INFO - [1mGeneration number 19 	 Code coverage: 99.56% (227/228) 	 Branch coverage: 100.00% (22/22) 	 Transactions: 552 (109 unique)   	 Time: 3.8418936729431152[0m
2025-09-22 00:25:14,404 - Analysis - INFO - [1mGeneration number 20 	 Code coverage: 99.56% (227/228) 	 Branch coverage: 100.00% (22/22) 	 Transactions: 583 (115 unique)   	 Time: 4.044899225234985[0m
2025-09-22 00:25:14,589 - Analysis - INFO - [1mGeneration number 21 	 Code coverage: 99.56% (227/228) 	 Branch coverage: 100.00% (22/22) 	 Transactions: 612 (121 unique)   	 Time: 4.229895353317261[0m
2025-09-22 00:25:14,780 - Analysis - INFO - [1mGeneration number 22 	 Code coverage: 99.56% (227/228) 	 Branch coverage: 100.00% (22/22) 	 Transactions: 642 (126 unique)   	 Time: 4.421375036239624[0m
2025-09-22 00:25:14,963 - Analysis - INFO - [1mGeneration number 23 	 Code coverage: 99.56% (227/228) 	 Branch coverage: 100.00% (22/22) 	 Transactions: 669 (132 unique)   	 Time: 4.604272842407227[0m
2025-09-22 00:25:15,231 - Analysis - INFO - [1mGeneration number 24 	 Code coverage: 99.56% (227/228) 	 Branch coverage: 100.00% (22/22) 	 Transactions: 710 (140 unique)   	 Time: 4.871854782104492[0m
2025-09-22 00:25:15,509 - Analysis - INFO - [1mGeneration number 25 	 Code coverage: 99.56% (227/228) 	 Branch coverage: 100.00% (22/22) 	 Transactions: 750 (147 unique)   	 Time: 5.149681806564331[0m
2025-09-22 00:25:15,761 - Analysis - INFO - [1mGeneration number 26 	 Code coverage: 99.56% (227/228) 	 Branch coverage: 100.00% (22/22) 	 Transactions: 786 (152 unique)   	 Time: 5.402026176452637[0m
2025-09-22 00:25:16,009 - Analysis - INFO - [1mGeneration number 27 	 Code coverage: 99.56% (227/228) 	 Branch coverage: 100.00% (22/22) 	 Transactions: 822 (159 unique)   	 Time: 5.649598598480225[0m
2025-09-22 00:25:16,152 - Analysis - INFO - [1mGeneration number 28 	 Code coverage: 99.56% (227/228) 	 Branch coverage: 100.00% (22/22) 	 Transactions: 844 (168 unique)   	 Time: 5.7929160594940186[0m
2025-09-22 00:25:16,348 - Analysis - INFO - [1mGeneration number 29 	 Code coverage: 99.56% (227/228) 	 Branch coverage: 100.00% (22/22) 	 Transactions: 876 (177 unique)   	 Time: 5.988890171051025[0m
2025-09-22 00:25:16,603 - Analysis - INFO - [1mGeneration number 30 	 Code coverage: 99.56% (227/228) 	 Branch coverage: 100.00% (22/22) 	 Transactions: 915 (187 unique)   	 Time: 6.244380712509155[0m
2025-09-22 00:25:16,848 - Analysis - INFO - [1mGeneration number 31 	 Code coverage: 99.56% (227/228) 	 Branch coverage: 100.00% (22/22) 	 Transactions: 954 (194 unique)   	 Time: 6.488638162612915[0m
2025-09-22 00:25:17,100 - Analysis - INFO - [1mGeneration number 32 	 Code coverage: 99.56% (227/228) 	 Branch coverage: 100.00% (22/22) 	 Transactions: 993 (202 unique)   	 Time: 6.741106033325195[0m
2025-09-22 00:25:17,311 - Analysis - INFO - [1mGeneration number 33 	 Code coverage: 99.56% (227/228) 	 Branch coverage: 100.00% (22/22) 	 Transactions: 1027 (209 unique)   	 Time: 6.951835632324219[0m
2025-09-22 00:25:17,520 - Analysis - INFO - [1mGeneration number 34 	 Code coverage: 99.56% (227/228) 	 Branch coverage: 100.00% (22/22) 	 Transactions: 1058 (216 unique)   	 Time: 7.161345958709717[0m
2025-09-22 00:25:17,786 - Analysis - INFO - [1mGeneration number 35 	 Code coverage: 99.56% (227/228) 	 Branch coverage: 100.00% (22/22) 	 Transactions: 1098 (222 unique)   	 Time: 7.426641464233398[0m
2025-09-22 00:25:18,046 - Analysis - INFO - [1mGeneration number 36 	 Code coverage: 99.56% (227/228) 	 Branch coverage: 100.00% (22/22) 	 Transactions: 1138 (229 unique)   	 Time: 7.686809062957764[0m
2025-09-22 00:25:18,305 - Analysis - INFO - [1mGeneration number 37 	 Code coverage: 99.56% (227/228) 	 Branch coverage: 100.00% (22/22) 	 Transactions: 1178 (235 unique)   	 Time: 7.946521520614624[0m
2025-09-22 00:25:18,428 - Analysis - INFO - [1mGeneration number 38 	 Code coverage: 99.56% (227/228) 	 Branch coverage: 100.00% (22/22) 	 Transactions: 1203 (242 unique)   	 Time: 8.069364309310913[0m
2025-09-22 00:25:18,572 - Analysis - INFO - [1mGeneration number 39 	 Code coverage: 99.56% (227/228) 	 Branch coverage: 100.00% (22/22) 	 Transactions: 1226 (249 unique)   	 Time: 8.2133207321167[0m
2025-09-22 00:25:18,710 - Analysis - INFO - [1mGeneration number 40 	 Code coverage: 99.56% (227/228) 	 Branch coverage: 100.00% (22/22) 	 Transactions: 1250 (253 unique)   	 Time: 8.350862264633179[0m
2025-09-22 00:25:18,864 - Analysis - INFO - [1mGeneration number 41 	 Code coverage: 99.56% (227/228) 	 Branch coverage: 100.00% (22/22) 	 Transactions: 1277 (258 unique)   	 Time: 8.504944324493408[0m
2025-09-22 00:25:19,009 - Analysis - INFO - [1mGeneration number 42 	 Code coverage: 99.56% (227/228) 	 Branch coverage: 100.00% (22/22) 	 Transactions: 1305 (263 unique)   	 Time: 8.649824857711792[0m
2025-09-22 00:25:19,140 - Analysis - INFO - [1mGeneration number 43 	 Code coverage: 99.56% (227/228) 	 Branch coverage: 100.00% (22/22) 	 Transactions: 1330 (266 unique)   	 Time: 8.781394481658936[0m
2025-09-22 00:25:19,302 - Analysis - INFO - [1mGeneration number 44 	 Code coverage: 99.56% (227/228) 	 Branch coverage: 100.00% (22/22) 	 Transactions: 1361 (272 unique)   	 Time: 8.942759275436401[0m
2025-09-22 00:25:19,438 - Analysis - INFO - [1mGeneration number 45 	 Code coverage: 99.56% (227/228) 	 Branch coverage: 100.00% (22/22) 	 Transactions: 1389 (277 unique)   	 Time: 9.07923698425293[0m
2025-09-22 00:25:19,576 - Analysis - INFO - [1mGeneration number 46 	 Code coverage: 99.56% (227/228) 	 Branch coverage: 100.00% (22/22) 	 Transactions: 1417 (282 unique)   	 Time: 9.216689586639404[0m
2025-09-22 00:25:19,742 - Analysis - INFO - [1mGeneration number 47 	 Code coverage: 99.56% (227/228) 	 Branch coverage: 100.00% (22/22) 	 Transactions: 1453 (286 unique)   	 Time: 9.382941246032715[0m
2025-09-22 00:25:19,872 - Analysis - INFO - [1mGeneration number 48 	 Code coverage: 99.56% (227/228) 	 Branch coverage: 100.00% (22/22) 	 Transactions: 1478 (291 unique)   	 Time: 9.513307571411133[0m
2025-09-22 00:25:20,020 - Analysis - INFO - [1mGeneration number 49 	 Code coverage: 99.56% (227/228) 	 Branch coverage: 100.00% (22/22) 	 Transactions: 1505 (298 unique)   	 Time: 9.661319732666016[0m
2025-09-22 00:25:20,177 - Analysis - INFO - [1mGeneration number 50 	 Code coverage: 99.56% (227/228) 	 Branch coverage: 100.00% (22/22) 	 Transactions: 1534 (303 unique)   	 Time: 9.818212509155273[0m
2025-09-22 00:25:20,379 - Analysis - INFO - [1mGeneration number 51 	 Code coverage: 99.56% (227/228) 	 Branch coverage: 100.00% (22/22) 	 Transactions: 1570 (309 unique)   	 Time: 10.020254611968994[0m
2025-09-22 00:25:20,607 - Analysis - INFO - [1mGeneration number 52 	 Code coverage: 99.56% (227/228) 	 Branch coverage: 100.00% (22/22) 	 Transactions: 1610 (314 unique)   	 Time: 10.247930765151978[0m
2025-09-22 00:25:20,869 - Analysis - INFO - [1mGeneration number 53 	 Code coverage: 99.56% (227/228) 	 Branch coverage: 100.00% (22/22) 	 Transactions: 1656 (323 unique)   	 Time: 10.510118246078491[0m
2025-09-22 00:25:21,134 - Analysis - INFO - [1mGeneration number 54 	 Code coverage: 99.56% (227/228) 	 Branch coverage: 100.00% (22/22) 	 Transactions: 1702 (328 unique)   	 Time: 10.775506019592285[0m
2025-09-22 00:25:21,399 - Analysis - INFO - [1mGeneration number 55 	 Code coverage: 99.56% (227/228) 	 Branch coverage: 100.00% (22/22) 	 Transactions: 1748 (336 unique)   	 Time: 11.039595603942871[0m
2025-09-22 00:25:21,642 - Analysis - INFO - [1mGeneration number 56 	 Code coverage: 99.56% (227/228) 	 Branch coverage: 100.00% (22/22) 	 Transactions: 1788 (342 unique)   	 Time: 11.282785177230835[0m
2025-09-22 00:25:21,917 - Analysis - INFO - [1mGeneration number 57 	 Code coverage: 99.56% (227/228) 	 Branch coverage: 100.00% (22/22) 	 Transactions: 1833 (350 unique)   	 Time: 11.557961463928223[0m
2025-09-22 00:25:22,029 - Analysis - INFO - [1mGeneration number 58 	 Code coverage: 99.56% (227/228) 	 Branch coverage: 100.00% (22/22) 	 Transactions: 1856 (356 unique)   	 Time: 11.670562267303467[0m
2025-09-22 00:25:22,223 - Analysis - INFO - [1mGeneration number 59 	 Code coverage: 99.56% (227/228) 	 Branch coverage: 100.00% (22/22) 	 Transactions: 1884 (364 unique)   	 Time: 11.863987445831299[0m
2025-09-22 00:25:22,407 - Analysis - INFO - [1mGeneration number 60 	 Code coverage: 99.56% (227/228) 	 Branch coverage: 100.00% (22/22) 	 Transactions: 1912 (370 unique)   	 Time: 12.048093557357788[0m
2025-09-22 00:25:22,645 - Analysis - INFO - [1mGeneration number 61 	 Code coverage: 99.56% (227/228) 	 Branch coverage: 100.00% (22/22) 	 Transactions: 1946 (375 unique)   	 Time: 12.286027431488037[0m
2025-09-22 00:25:22,891 - Analysis - INFO - [1mGeneration number 62 	 Code coverage: 99.56% (227/228) 	 Branch coverage: 100.00% (22/22) 	 Transactions: 1981 (380 unique)   	 Time: 12.531856298446655[0m
2025-09-22 00:25:23,134 - Analysis - INFO - [1mGeneration number 63 	 Code coverage: 99.56% (227/228) 	 Branch coverage: 100.00% (22/22) 	 Transactions: 2015 (385 unique)   	 Time: 12.775232553482056[0m
2025-09-22 00:25:23,378 - Analysis - INFO - [1mGeneration number 64 	 Code coverage: 99.56% (227/228) 	 Branch coverage: 100.00% (22/22) 	 Transactions: 2049 (389 unique)   	 Time: 13.018748044967651[0m
2025-09-22 00:25:23,618 - Analysis - INFO - [1mGeneration number 65 	 Code coverage: 99.56% (227/228) 	 Branch coverage: 100.00% (22/22) 	 Transactions: 2084 (394 unique)   	 Time: 13.259244680404663[0m
2025-09-22 00:25:23,867 - Analysis - INFO - [1mGeneration number 66 	 Code coverage: 99.56% (227/228) 	 Branch coverage: 100.00% (22/22) 	 Transactions: 2121 (400 unique)   	 Time: 13.508218050003052[0m
2025-09-22 00:25:24,125 - Analysis - INFO - [1mGeneration number 67 	 Code coverage: 99.56% (227/228) 	 Branch coverage: 100.00% (22/22) 	 Transactions: 2154 (406 unique)   	 Time: 13.766003608703613[0m
2025-09-22 00:25:24,226 - Analysis - INFO - [1mGeneration number 68 	 Code coverage: 99.56% (227/228) 	 Branch coverage: 100.00% (22/22) 	 Transactions: 2175 (410 unique)   	 Time: 13.866882085800171[0m
2025-09-22 00:25:24,398 - Analysis - INFO - [1mGeneration number 69 	 Code coverage: 99.56% (227/228) 	 Branch coverage: 100.00% (22/22) 	 Transactions: 2207 (418 unique)   	 Time: 14.038780450820923[0m
2025-09-22 00:25:24,586 - Analysis - INFO - [1mGeneration number 70 	 Code coverage: 99.56% (227/228) 	 Branch coverage: 100.00% (22/22) 	 Transactions: 2242 (425 unique)   	 Time: 14.227059841156006[0m
2025-09-22 00:25:24,745 - Analysis - INFO - [1mGeneration number 71 	 Code coverage: 99.56% (227/228) 	 Branch coverage: 100.00% (22/22) 	 Transactions: 2270 (429 unique)   	 Time: 14.386414766311646[0m
2025-09-22 00:25:24,915 - Analysis - INFO - [1mGeneration number 72 	 Code coverage: 99.56% (227/228) 	 Branch coverage: 100.00% (22/22) 	 Transactions: 2302 (432 unique)   	 Time: 14.556525468826294[0m
2025-09-22 00:25:25,110 - Analysis - INFO - [1mGeneration number 73 	 Code coverage: 99.56% (227/228) 	 Branch coverage: 100.00% (22/22) 	 Transactions: 2338 (439 unique)   	 Time: 14.750767469406128[0m
2025-09-22 00:25:25,305 - Analysis - INFO - [1mGeneration number 74 	 Code coverage: 99.56% (227/228) 	 Branch coverage: 100.00% (22/22) 	 Transactions: 2374 (442 unique)   	 Time: 14.946001529693604[0m
2025-09-22 00:25:25,478 - Analysis - INFO - [1mGeneration number 75 	 Code coverage: 99.56% (227/228) 	 Branch coverage: 100.00% (22/22) 	 Transactions: 2406 (447 unique)   	 Time: 15.119436264038086[0m
2025-09-22 00:25:25,478 - Analysis - INFO - [1m-----------------------------------------------------[0m
2025-09-22 00:25:25,479 - Analysis - INFO - Number of generations: 	 75
2025-09-22 00:25:25,479 - Analysis - INFO - Number of transactions: 	 2406 (447 unique)
2025-09-22 00:25:25,479 - Analysis - INFO - Transactions per second: 	 159
2025-09-22 00:25:25,479 - Analysis - INFO - Total code coverage: 	 99.56% (227/228)
2025-09-22 00:25:25,479 - Analysis - INFO - Total branch coverage: 	 100.00% (22/22)
2025-09-22 00:25:25,479 - Analysis - INFO - Total execution time: 	 15.12 seconds
2025-09-22 00:25:25,479 - Analysis - INFO - Total memory consumption: 	 69.58 MB

     ______            ______                _           
    / ____/___  ____  / ____/_  __________  (_)_  _______
   / /   / __ \/ __ \/ /_  / / / /_  /_  / / / / / / ___/
  / /___/ /_/ / / / / __/ / /_/ / / /_/ /_/ / /_/ (__  ) 
  \____/\____/_/ /_/_/    \__,_/ /___/___/_/\__,_/____/  

delteed file
