Extract contract IntegerOverflowAdd from /sb/insecure_transfer.sol
Extracted 1 contract(s) from /sb/insecure_transfer.sol
[0;32m> Created "fuzzMe"[0m
[0;32m> To fuzz contracts:[0m
  chmod +x fuzzMe
  ./fuzzMe
assets/NormalAttacker.sol:5:3: Warning: No visibility specified. Defaulting to "public". 
  function() payable {
  ^ (Relevant source part starts here and spans across multiple lines).
assets/ReentrancyAttacker.sol:8:7: Warning: Return value of low-level calls not used.
      msg.sender.call(bytes4(255));
      ^--------------------------^
assets/ReentrancyAttacker.sol:5:3: Warning: No visibility specified. Defaulting to "public". 
  function() payable {
  ^ (Relevant source part starts here and spans across multiple lines).
>> Fuzz IntegerOverflowAdd
** Write stats: 0.003314
** Write stats: 5.00083
** Write stats: 10.0005
** Write stats: 15.0028
** Write stats: 20.0023
** Write stats: 25.0038
** Write stats: 30.0019
** Write stats: 35.0006
** Write stats: 40.0012
** Write stats: 45.0028
** Write stats: 50.0038
** Write stats: 55.0029
** Write stats: 60.0041
** Write stats: 65.0029
** Write stats: 70.0005
** Write stats: 75.0028
** Write stats: 80.0007
** Write stats: 85.0008
** Write stats: 90.0034
** Write stats: 95.0008
** Write stats: 100.003
** Write stats: 105.004
** Write stats: 110.001
** Write stats: 115.004
** Write stats: 120.009
** Write stats: 120.011
