2025-09-22 02:04:13,947 - Main     - INFO - [1mInitializing seed to 1427655.0[0m
2025-09-22 02:04:13,985 - Fuzzer   - INFO - [1mFuzzing contract [1mNPC[0m[0m
2025-09-22 02:04:14,106 - Analysis - INFO - [1mGeneration number 0 	 Code coverage: 74.23% (703/947) 	 Branch coverage: 85.00% (51/60) 	 Transactions: 23 (22 unique)   	 Time: 0.11026692390441895[0m
2025-09-22 02:04:14,184 - Analysis - INFO - [1mGeneration number 1 	 Code coverage: 74.23% (703/947) 	 Branch coverage: 85.00% (51/60) 	 Transactions: 39 (30 unique)   	 Time: 0.18906831741333008[0m
2025-09-22 02:04:14,400 - Analysis - INFO - [1mGeneration number 2 	 Code coverage: 87.54% (829/947) 	 Branch coverage: 91.67% (55/60) 	 Transactions: 70 (42 unique)   	 Time: 0.4045858383178711[0m
2025-09-22 02:04:14,741 - Analysis - INFO - [1mGeneration number 3 	 Code coverage: 87.54% (829/947) 	 Branch coverage: 91.67% (55/60) 	 Transactions: 129 (58 unique)   	 Time: 0.7455308437347412[0m
2025-09-22 02:04:15,122 - Analysis - INFO - [1mGeneration number 4 	 Code coverage: 87.54% (829/947) 	 Branch coverage: 91.67% (55/60) 	 Transactions: 199 (77 unique)   	 Time: 1.1269128322601318[0m
2025-09-22 02:04:15,517 - Analysis - INFO - [1mGeneration number 5 	 Code coverage: 87.54% (829/947) 	 Branch coverage: 91.67% (55/60) 	 Transactions: 269 (95 unique)   	 Time: 1.5219547748565674[0m
2025-09-22 02:04:16,021 - Analysis - INFO - [1mGeneration number 6 	 Code coverage: 87.54% (829/947) 	 Branch coverage: 91.67% (55/60) 	 Transactions: 356 (115 unique)   	 Time: 2.0258491039276123[0m
2025-09-22 02:04:16,578 - Analysis - INFO - [1mGeneration number 7 	 Code coverage: 87.54% (829/947) 	 Branch coverage: 91.67% (55/60) 	 Transactions: 445 (134 unique)   	 Time: 2.5830883979797363[0m
2025-09-22 02:04:17,264 - Analysis - INFO - [1mGeneration number 8 	 Code coverage: 99.89% (946/947) 	 Branch coverage: 96.67% (58/60) 	 Transactions: 545 (156 unique)   	 Time: 3.268301248550415[0m
2025-09-22 02:04:17,890 - Analysis - INFO - [1mGeneration number 9 	 Code coverage: 99.89% (946/947) 	 Branch coverage: 96.67% (58/60) 	 Transactions: 647 (178 unique)   	 Time: 3.8948590755462646[0m
2025-09-22 02:04:18,471 - Analysis - INFO - [1mGeneration number 10 	 Code coverage: 99.89% (946/947) 	 Branch coverage: 96.67% (58/60) 	 Transactions: 748 (200 unique)   	 Time: 4.475716590881348[0m
2025-09-22 02:04:19,032 - Analysis - INFO - [1mGeneration number 11 	 Code coverage: 99.89% (946/947) 	 Branch coverage: 96.67% (58/60) 	 Transactions: 845 (222 unique)   	 Time: 5.036384582519531[0m
2025-09-22 02:04:19,607 - Analysis - INFO - [1mGeneration number 12 	 Code coverage: 99.89% (946/947) 	 Branch coverage: 96.67% (58/60) 	 Transactions: 944 (244 unique)   	 Time: 5.6122987270355225[0m
2025-09-22 02:04:20,199 - Analysis - INFO - [1mGeneration number 13 	 Code coverage: 99.89% (946/947) 	 Branch coverage: 96.67% (58/60) 	 Transactions: 1044 (265 unique)   	 Time: 6.203871726989746[0m
2025-09-22 02:04:20,816 - Analysis - INFO - [1mGeneration number 14 	 Code coverage: 99.89% (946/947) 	 Branch coverage: 96.67% (58/60) 	 Transactions: 1146 (287 unique)   	 Time: 6.821260690689087[0m
2025-09-22 02:04:21,417 - Analysis - INFO - [1mGeneration number 15 	 Code coverage: 99.89% (946/947) 	 Branch coverage: 96.67% (58/60) 	 Transactions: 1248 (309 unique)   	 Time: 7.421440601348877[0m
2025-09-22 02:04:22,040 - Analysis - INFO - [1mGeneration number 16 	 Code coverage: 99.89% (946/947) 	 Branch coverage: 96.67% (58/60) 	 Transactions: 1350 (330 unique)   	 Time: 8.045058012008667[0m
2025-09-22 02:04:22,685 - Analysis - INFO - [1mGeneration number 17 	 Code coverage: 99.89% (946/947) 	 Branch coverage: 96.67% (58/60) 	 Transactions: 1451 (352 unique)   	 Time: 8.689324140548706[0m
2025-09-22 02:04:23,304 - Analysis - INFO - [1mGeneration number 18 	 Code coverage: 99.89% (946/947) 	 Branch coverage: 96.67% (58/60) 	 Transactions: 1552 (374 unique)   	 Time: 9.30876898765564[0m
2025-09-22 02:04:23,955 - Analysis - INFO - [1mGeneration number 19 	 Code coverage: 99.89% (946/947) 	 Branch coverage: 96.67% (58/60) 	 Transactions: 1655 (396 unique)   	 Time: 9.959701538085938[0m
2025-09-22 02:04:24,176 - Analysis - INFO - [1mGeneration number 20 	 Code coverage: 99.89% (946/947) 	 Branch coverage: 98.33% (59/60) 	 Transactions: 1696 (416 unique)   	 Time: 10.18121075630188[0m
2025-09-22 02:04:24,364 - Analysis - INFO - [1mGeneration number 21 	 Code coverage: 99.89% (946/947) 	 Branch coverage: 98.33% (59/60) 	 Transactions: 1729 (425 unique)   	 Time: 10.368632078170776[0m
2025-09-22 02:04:24,657 - Analysis - INFO - [1mGeneration number 22 	 Code coverage: 99.89% (946/947) 	 Branch coverage: 98.33% (59/60) 	 Transactions: 1779 (437 unique)   	 Time: 10.662135362625122[0m
2025-09-22 02:04:25,105 - Analysis - INFO - [1mGeneration number 23 	 Code coverage: 99.89% (946/947) 	 Branch coverage: 98.33% (59/60) 	 Transactions: 1853 (455 unique)   	 Time: 11.110198259353638[0m
2025-09-22 02:04:25,559 - Analysis - INFO - [1mGeneration number 24 	 Code coverage: 99.89% (946/947) 	 Branch coverage: 98.33% (59/60) 	 Transactions: 1929 (473 unique)   	 Time: 11.564094305038452[0m
2025-09-22 02:04:26,068 - Analysis - INFO - [1mGeneration number 25 	 Code coverage: 99.89% (946/947) 	 Branch coverage: 98.33% (59/60) 	 Transactions: 2012 (494 unique)   	 Time: 12.072758436203003[0m
2025-09-22 02:04:26,596 - Analysis - INFO - [1mGeneration number 26 	 Code coverage: 99.89% (946/947) 	 Branch coverage: 98.33% (59/60) 	 Transactions: 2093 (515 unique)   	 Time: 12.60033392906189[0m
2025-09-22 02:04:27,121 - Analysis - INFO - [1mGeneration number 27 	 Code coverage: 99.89% (946/947) 	 Branch coverage: 98.33% (59/60) 	 Transactions: 2177 (535 unique)   	 Time: 13.125856876373291[0m
2025-09-22 02:04:27,614 - Analysis - INFO - [1mGeneration number 28 	 Code coverage: 99.89% (946/947) 	 Branch coverage: 98.33% (59/60) 	 Transactions: 2258 (554 unique)   	 Time: 13.619229555130005[0m
2025-09-22 02:04:28,101 - Analysis - INFO - [1mGeneration number 29 	 Code coverage: 99.89% (946/947) 	 Branch coverage: 98.33% (59/60) 	 Transactions: 2338 (573 unique)   	 Time: 14.106072187423706[0m
2025-09-22 02:04:28,353 - Analysis - INFO - [1mGeneration number 30 	 Code coverage: 99.89% (946/947) 	 Branch coverage: 98.33% (59/60) 	 Transactions: 2377 (586 unique)   	 Time: 14.357353210449219[0m
2025-09-22 02:04:28,605 - Analysis - INFO - [1mGeneration number 31 	 Code coverage: 99.89% (946/947) 	 Branch coverage: 98.33% (59/60) 	 Transactions: 2416 (597 unique)   	 Time: 14.609623670578003[0m
2025-09-22 02:04:29,098 - Analysis - INFO - [1mGeneration number 32 	 Code coverage: 99.89% (946/947) 	 Branch coverage: 98.33% (59/60) 	 Transactions: 2490 (616 unique)   	 Time: 15.102590799331665[0m
2025-09-22 02:04:29,668 - Analysis - INFO - [1mGeneration number 33 	 Code coverage: 99.89% (946/947) 	 Branch coverage: 98.33% (59/60) 	 Transactions: 2572 (638 unique)   	 Time: 15.672317504882812[0m
2025-09-22 02:04:30,226 - Analysis - INFO - [1mGeneration number 34 	 Code coverage: 99.89% (946/947) 	 Branch coverage: 98.33% (59/60) 	 Transactions: 2654 (658 unique)   	 Time: 16.231091499328613[0m
2025-09-22 02:04:30,756 - Analysis - INFO - [1mGeneration number 35 	 Code coverage: 99.89% (946/947) 	 Branch coverage: 98.33% (59/60) 	 Transactions: 2732 (678 unique)   	 Time: 16.760894775390625[0m
2025-09-22 02:04:31,281 - Analysis - INFO - [1mGeneration number 36 	 Code coverage: 99.89% (946/947) 	 Branch coverage: 98.33% (59/60) 	 Transactions: 2810 (698 unique)   	 Time: 17.285460233688354[0m
2025-09-22 02:04:31,819 - Analysis - INFO - [1mGeneration number 37 	 Code coverage: 99.89% (946/947) 	 Branch coverage: 98.33% (59/60) 	 Transactions: 2891 (720 unique)   	 Time: 17.82345700263977[0m
2025-09-22 02:04:32,387 - Analysis - INFO - [1mGeneration number 38 	 Code coverage: 99.89% (946/947) 	 Branch coverage: 98.33% (59/60) 	 Transactions: 2978 (740 unique)   	 Time: 18.39199137687683[0m
2025-09-22 02:04:33,012 - Analysis - INFO - [1mGeneration number 39 	 Code coverage: 99.89% (946/947) 	 Branch coverage: 98.33% (59/60) 	 Transactions: 3072 (760 unique)   	 Time: 19.01646900177002[0m
2025-09-22 02:04:33,266 - Analysis - INFO - [1mGeneration number 40 	 Code coverage: 99.89% (946/947) 	 Branch coverage: 98.33% (59/60) 	 Transactions: 3118 (773 unique)   	 Time: 19.270713329315186[0m
2025-09-22 02:04:33,541 - Analysis - INFO - [1mGeneration number 41 	 Code coverage: 99.89% (946/947) 	 Branch coverage: 98.33% (59/60) 	 Transactions: 3164 (785 unique)   	 Time: 19.54598307609558[0m
2025-09-22 02:04:33,937 - Analysis - INFO - [1mGeneration number 42 	 Code coverage: 99.89% (946/947) 	 Branch coverage: 98.33% (59/60) 	 Transactions: 3229 (804 unique)   	 Time: 19.941590309143066[0m
2025-09-22 02:04:34,413 - Analysis - INFO - [1mGeneration number 43 	 Code coverage: 99.89% (946/947) 	 Branch coverage: 98.33% (59/60) 	 Transactions: 3305 (826 unique)   	 Time: 20.417795658111572[0m
2025-09-22 02:04:34,951 - Analysis - INFO - [1mGeneration number 44 	 Code coverage: 99.89% (946/947) 	 Branch coverage: 98.33% (59/60) 	 Transactions: 3391 (847 unique)   	 Time: 20.955334424972534[0m
2025-09-22 02:04:35,522 - Analysis - INFO - [1mGeneration number 45 	 Code coverage: 99.89% (946/947) 	 Branch coverage: 98.33% (59/60) 	 Transactions: 3480 (868 unique)   	 Time: 21.526581048965454[0m
2025-09-22 02:04:36,056 - Analysis - INFO - [1mGeneration number 46 	 Code coverage: 99.89% (946/947) 	 Branch coverage: 98.33% (59/60) 	 Transactions: 3568 (890 unique)   	 Time: 22.060316562652588[0m
2025-09-22 02:04:36,586 - Analysis - INFO - [1mGeneration number 47 	 Code coverage: 99.89% (946/947) 	 Branch coverage: 98.33% (59/60) 	 Transactions: 3651 (912 unique)   	 Time: 22.591037034988403[0m
2025-09-22 02:04:37,128 - Analysis - INFO - [1mGeneration number 48 	 Code coverage: 99.89% (946/947) 	 Branch coverage: 98.33% (59/60) 	 Transactions: 3736 (934 unique)   	 Time: 23.1323881149292[0m
2025-09-22 02:04:37,690 - Analysis - INFO - [1mGeneration number 49 	 Code coverage: 99.89% (946/947) 	 Branch coverage: 98.33% (59/60) 	 Transactions: 3825 (956 unique)   	 Time: 23.69520092010498[0m
2025-09-22 02:04:37,931 - Analysis - INFO - [1mGeneration number 50 	 Code coverage: 99.89% (946/947) 	 Branch coverage: 98.33% (59/60) 	 Transactions: 3866 (965 unique)   	 Time: 23.935606241226196[0m
2025-09-22 02:04:38,203 - Analysis - INFO - [1mGeneration number 51 	 Code coverage: 99.89% (946/947) 	 Branch coverage: 98.33% (59/60) 	 Transactions: 3901 (974 unique)   	 Time: 24.207749128341675[0m
2025-09-22 02:04:38,484 - Analysis - INFO - [1mGeneration number 52 	 Code coverage: 99.89% (946/947) 	 Branch coverage: 98.33% (59/60) 	 Transactions: 3942 (984 unique)   	 Time: 24.488970279693604[0m
2025-09-22 02:04:38,817 - Analysis - INFO - [1mGeneration number 53 	 Code coverage: 99.89% (946/947) 	 Branch coverage: 98.33% (59/60) 	 Transactions: 3992 (994 unique)   	 Time: 24.821361541748047[0m
2025-09-22 02:04:39,272 - Analysis - INFO - [1mGeneration number 54 	 Code coverage: 99.89% (946/947) 	 Branch coverage: 98.33% (59/60) 	 Transactions: 4060 (1007 unique)   	 Time: 25.276453256607056[0m
2025-09-22 02:04:39,785 - Analysis - INFO - [1mGeneration number 55 	 Code coverage: 99.89% (946/947) 	 Branch coverage: 98.33% (59/60) 	 Transactions: 4139 (1024 unique)   	 Time: 25.78946614265442[0m
2025-09-22 02:04:40,304 - Analysis - INFO - [1mGeneration number 56 	 Code coverage: 99.89% (946/947) 	 Branch coverage: 98.33% (59/60) 	 Transactions: 4218 (1040 unique)   	 Time: 26.308494806289673[0m
2025-09-22 02:04:40,850 - Analysis - INFO - [1mGeneration number 57 	 Code coverage: 99.89% (946/947) 	 Branch coverage: 98.33% (59/60) 	 Transactions: 4303 (1058 unique)   	 Time: 26.854723930358887[0m
2025-09-22 02:04:41,439 - Analysis - INFO - [1mGeneration number 58 	 Code coverage: 99.89% (946/947) 	 Branch coverage: 98.33% (59/60) 	 Transactions: 4392 (1077 unique)   	 Time: 27.443706512451172[0m
2025-09-22 02:04:42,064 - Analysis - INFO - [1mGeneration number 59 	 Code coverage: 99.89% (946/947) 	 Branch coverage: 98.33% (59/60) 	 Transactions: 4484 (1096 unique)   	 Time: 28.068824768066406[0m
2025-09-22 02:04:42,270 - Analysis - INFO - [1mGeneration number 60 	 Code coverage: 99.89% (946/947) 	 Branch coverage: 98.33% (59/60) 	 Transactions: 4522 (1102 unique)   	 Time: 28.274967193603516[0m
2025-09-22 02:04:42,438 - Analysis - INFO - [1mGeneration number 61 	 Code coverage: 99.89% (946/947) 	 Branch coverage: 98.33% (59/60) 	 Transactions: 4551 (1109 unique)   	 Time: 28.442927598953247[0m
2025-09-22 02:04:42,699 - Analysis - INFO - [1mGeneration number 62 	 Code coverage: 99.89% (946/947) 	 Branch coverage: 98.33% (59/60) 	 Transactions: 4597 (1120 unique)   	 Time: 28.70408034324646[0m
2025-09-22 02:04:43,035 - Analysis - INFO - [1mGeneration number 63 	 Code coverage: 99.89% (946/947) 	 Branch coverage: 98.33% (59/60) 	 Transactions: 4655 (1133 unique)   	 Time: 29.04001235961914[0m
2025-09-22 02:04:43,397 - Analysis - INFO - [1mGeneration number 64 	 Code coverage: 99.89% (946/947) 	 Branch coverage: 98.33% (59/60) 	 Transactions: 4717 (1148 unique)   	 Time: 29.402098655700684[0m
2025-09-22 02:04:43,901 - Analysis - INFO - [1mGeneration number 65 	 Code coverage: 99.89% (946/947) 	 Branch coverage: 98.33% (59/60) 	 Transactions: 4800 (1166 unique)   	 Time: 29.905858278274536[0m
2025-09-22 02:04:44,355 - Analysis - INFO - [1mGeneration number 66 	 Code coverage: 99.89% (946/947) 	 Branch coverage: 98.33% (59/60) 	 Transactions: 4877 (1183 unique)   	 Time: 30.359376907348633[0m
2025-09-22 02:04:44,831 - Analysis - INFO - [1mGeneration number 67 	 Code coverage: 99.89% (946/947) 	 Branch coverage: 98.33% (59/60) 	 Transactions: 4954 (1198 unique)   	 Time: 30.835633993148804[0m
2025-09-22 02:04:45,289 - Analysis - INFO - [1mGeneration number 68 	 Code coverage: 99.89% (946/947) 	 Branch coverage: 98.33% (59/60) 	 Transactions: 5029 (1213 unique)   	 Time: 31.29393434524536[0m
2025-09-22 02:04:45,778 - Analysis - INFO - [1mGeneration number 69 	 Code coverage: 99.89% (946/947) 	 Branch coverage: 98.33% (59/60) 	 Transactions: 5111 (1230 unique)   	 Time: 31.782349348068237[0m
2025-09-22 02:04:46,062 - Analysis - INFO - [1mGeneration number 70 	 Code coverage: 99.89% (946/947) 	 Branch coverage: 98.33% (59/60) 	 Transactions: 5158 (1241 unique)   	 Time: 32.06709909439087[0m
2025-09-22 02:04:46,310 - Analysis - INFO - [1mGeneration number 71 	 Code coverage: 99.89% (946/947) 	 Branch coverage: 98.33% (59/60) 	 Transactions: 5192 (1250 unique)   	 Time: 32.31497001647949[0m
2025-09-22 02:04:46,610 - Analysis - INFO - [1mGeneration number 72 	 Code coverage: 99.89% (946/947) 	 Branch coverage: 98.33% (59/60) 	 Transactions: 5234 (1260 unique)   	 Time: 32.61480379104614[0m
2025-09-22 02:04:47,032 - Analysis - INFO - [1mGeneration number 73 	 Code coverage: 99.89% (946/947) 	 Branch coverage: 98.33% (59/60) 	 Transactions: 5290 (1273 unique)   	 Time: 33.03637194633484[0m
2025-09-22 02:04:47,377 - Analysis - INFO - [1mGeneration number 74 	 Code coverage: 99.89% (946/947) 	 Branch coverage: 98.33% (59/60) 	 Transactions: 5338 (1282 unique)   	 Time: 33.38203024864197[0m
2025-09-22 02:04:47,880 - Analysis - INFO - [1mGeneration number 75 	 Code coverage: 99.89% (946/947) 	 Branch coverage: 98.33% (59/60) 	 Transactions: 5409 (1296 unique)   	 Time: 33.884848833084106[0m
2025-09-22 02:04:48,440 - Analysis - INFO - [1mGeneration number 76 	 Code coverage: 99.89% (946/947) 	 Branch coverage: 98.33% (59/60) 	 Transactions: 5486 (1311 unique)   	 Time: 34.44445061683655[0m
2025-09-22 02:04:49,057 - Analysis - INFO - [1mGeneration number 77 	 Code coverage: 99.89% (946/947) 	 Branch coverage: 98.33% (59/60) 	 Transactions: 5567 (1327 unique)   	 Time: 35.06135630607605[0m
2025-09-22 02:04:49,614 - Analysis - INFO - [1mGeneration number 78 	 Code coverage: 99.89% (946/947) 	 Branch coverage: 98.33% (59/60) 	 Transactions: 5642 (1342 unique)   	 Time: 35.618504762649536[0m
2025-09-22 02:04:50,169 - Analysis - INFO - [1mGeneration number 79 	 Code coverage: 99.89% (946/947) 	 Branch coverage: 98.33% (59/60) 	 Transactions: 5714 (1356 unique)   	 Time: 36.17331266403198[0m
2025-09-22 02:04:50,351 - Analysis - INFO - [1mGeneration number 80 	 Code coverage: 99.89% (946/947) 	 Branch coverage: 98.33% (59/60) 	 Transactions: 5752 (1360 unique)   	 Time: 36.356078147888184[0m
2025-09-22 02:04:50,489 - Analysis - INFO - [1mGeneration number 81 	 Code coverage: 99.89% (946/947) 	 Branch coverage: 98.33% (59/60) 	 Transactions: 5777 (1364 unique)   	 Time: 36.49393916130066[0m
2025-09-22 02:04:50,679 - Analysis - INFO - [1mGeneration number 82 	 Code coverage: 99.89% (946/947) 	 Branch coverage: 98.33% (59/60) 	 Transactions: 5809 (1369 unique)   	 Time: 36.683632373809814[0m
2025-09-22 02:04:50,886 - Analysis - INFO - [1mGeneration number 83 	 Code coverage: 99.89% (946/947) 	 Branch coverage: 98.33% (59/60) 	 Transactions: 5845 (1375 unique)   	 Time: 36.890461921691895[0m
2025-09-22 02:04:51,269 - Analysis - INFO - [1mGeneration number 84 	 Code coverage: 99.89% (946/947) 	 Branch coverage: 98.33% (59/60) 	 Transactions: 5909 (1387 unique)   	 Time: 37.274210929870605[0m
2025-09-22 02:04:51,813 - Analysis - INFO - [1mGeneration number 85 	 Code coverage: 99.89% (946/947) 	 Branch coverage: 98.33% (59/60) 	 Transactions: 6000 (1406 unique)   	 Time: 37.817681550979614[0m
2025-09-22 02:04:52,397 - Analysis - INFO - [1mGeneration number 86 	 Code coverage: 99.89% (946/947) 	 Branch coverage: 98.33% (59/60) 	 Transactions: 6089 (1424 unique)   	 Time: 38.40215563774109[0m
2025-09-22 02:04:52,981 - Analysis - INFO - [1mGeneration number 87 	 Code coverage: 99.89% (946/947) 	 Branch coverage: 98.33% (59/60) 	 Transactions: 6179 (1443 unique)   	 Time: 38.986167430877686[0m
2025-09-22 02:04:53,561 - Analysis - INFO - [1mGeneration number 88 	 Code coverage: 99.89% (946/947) 	 Branch coverage: 98.33% (59/60) 	 Transactions: 6270 (1462 unique)   	 Time: 39.56629824638367[0m
2025-09-22 02:04:54,241 - Analysis - INFO - [1mGeneration number 89 	 Code coverage: 99.89% (946/947) 	 Branch coverage: 98.33% (59/60) 	 Transactions: 6367 (1482 unique)   	 Time: 40.2460401058197[0m
2025-09-22 02:04:54,345 - Analysis - INFO - [1m-----------------------------------------------------[0m
2025-09-22 02:04:54,345 - Analysis - INFO - Number of generations: 	 89
2025-09-22 02:04:54,345 - Analysis - INFO - Number of transactions: 	 6386 (1483 unique)
2025-09-22 02:04:54,345 - Analysis - INFO - Transactions per second: 	 158
2025-09-22 02:04:54,345 - Analysis - INFO - Total code coverage: 	 99.89% (946/947)
2025-09-22 02:04:54,345 - Analysis - INFO - Total branch coverage: 	 98.33% (59/60)
2025-09-22 02:04:54,345 - Analysis - INFO - Total execution time: 	 40.35 seconds
2025-09-22 02:04:54,346 - Analysis - INFO - Total memory consumption: 	 68.33 MB

     ______            ______                _           
    / ____/___  ____  / ____/_  __________  (_)_  _______
   / /   / __ \/ __ \/ /_  / / / /_  /_  / / / / / / ___/
  / /___/ /_/ / / / / __/ / /_/ / / /_/ /_/ / /_/ (__  ) 
  \____/\____/_/ /_/_/    \__,_/ /___/___/_/\__,_/____/  

delteed file
