2025-09-21 14:40:39,300 - Main     - INFO - [1mInitializing seed to 1427655.0[0m
2025-09-21 14:40:39,385 - Fuzzer   - INFO - [1mFuzzing contract [1mEGYPT[0m[0m
2025-09-21 14:40:39,640 - Analysis - INFO - [1mGeneration number 0 	 Code coverage: 77.80% (1500/1928) 	 Branch coverage: 80.00% (104/130) 	 Transactions: 43 (42 unique)   	 Time: 0.2388296127319336[0m
2025-09-21 14:40:39,874 - Detector - INFO - [1m[31m-----------------------------------------------------[0m
2025-09-21 14:40:39,874 - Detector - INFO - [1m[31m          !!! Integer overflow detected !!!          [0m
2025-09-21 14:40:39,875 - Detector - INFO - [1m[31m-----------------------------------------------------[0m
2025-09-21 14:40:39,875 - Detector - INFO - [1m[31mSWC-ID:   101[0m
2025-09-21 14:40:39,875 - Detector - INFO - [1m[31mSeverity: High[0m
2025-09-21 14:40:39,875 - Detector - INFO - [1m[31m-----------------------------------------------------[0m
2025-09-21 14:40:39,875 - Detector - INFO - [1m[31mSource code line:[0m
2025-09-21 14:40:39,875 - Detector - INFO - [1m[31m-----------------------------------------------------[0m
2025-09-21 14:40:39,875 - Detector - INFO - [1m[31m/sb/0x0cd8a63e6772b80c6e94c85b596736fd6f1ba0d3.sol:23:1[0m
2025-09-21 14:40:39,875 - Detector - INFO - [1m[31ma + b[0m
2025-09-21 14:40:39,875 - Detector - INFO - [1m[31m-----------------------------------------------------[0m
2025-09-21 14:40:39,875 - Detector - INFO - [1m[31mTransaction sequence:[0m
2025-09-21 14:40:39,875 - Detector - INFO - [1m[31m-----------------------------------------------------[0m
2025-09-21 14:40:39,875 - Detector - INFO - [1m[31mTransaction - safeAdd(uint256,uint256):[0m
2025-09-21 14:40:39,875 - Detector - INFO - [1m[31m-----------------------------------------------------[0m
2025-09-21 14:40:39,875 - Detector - INFO - [1m[31mFrom:      0xcafebabecafebabecafebabecafebabecafebabe[0m
2025-09-21 14:40:39,875 - Detector - INFO - [1m[31mTo:        0x2c5e8a3b3aad9df32339409534e64dfcabcd3a65[0m
2025-09-21 14:40:39,875 - Detector - INFO - [1m[31mValue:     0 Wei[0m
2025-09-21 14:40:39,875 - Detector - INFO - [1m[31mGas Limit: 4500000[0m
2025-09-21 14:40:39,875 - Detector - INFO - [1m[31mInput:     0xe6cb9013c6741459c6f1d8c59c522003e9d7cf68[0m
2025-09-21 14:40:39,875 - Detector - INFO - [1m[31m           47e2eb4fcea54769d52033a78c65c219d7f1c7fda8[0m
2025-09-21 14:40:39,875 - Detector - INFO - [1m[31m           966665b97b938a3e268bb4dba0386687fe93ca6ef6[0m
2025-09-21 14:40:39,875 - Detector - INFO - [1m[31m           7446d2cef1b1[0m
2025-09-21 14:40:39,875 - Detector - INFO - [1m[31m-----------------------------------------------------[0m
2025-09-21 14:40:39,978 - Analysis - INFO - [1mGeneration number 1 	 Code coverage: 80.55% (1553/1928) 	 Branch coverage: 83.08% (108/130) 	 Transactions: 90 (68 unique)   	 Time: 0.57684326171875[0m
2025-09-21 14:40:40,366 - Analysis - INFO - [1mGeneration number 2 	 Code coverage: 80.55% (1553/1928) 	 Branch coverage: 83.85% (109/130) 	 Transactions: 155 (95 unique)   	 Time: 0.9650826454162598[0m
2025-09-21 14:40:41,058 - Analysis - INFO - [1mGeneration number 3 	 Code coverage: 80.55% (1553/1928) 	 Branch coverage: 83.85% (109/130) 	 Transactions: 254 (124 unique)   	 Time: 1.6566884517669678[0m
2025-09-21 14:40:42,003 - Analysis - INFO - [1mGeneration number 4 	 Code coverage: 80.71% (1556/1928) 	 Branch coverage: 84.62% (110/130) 	 Transactions: 383 (154 unique)   	 Time: 2.602447271347046[0m
2025-09-21 14:40:43,028 - Analysis - INFO - [1mGeneration number 5 	 Code coverage: 80.71% (1556/1928) 	 Branch coverage: 84.62% (110/130) 	 Transactions: 535 (185 unique)   	 Time: 3.6275792121887207[0m
2025-09-21 14:40:44,037 - Analysis - INFO - [1mGeneration number 6 	 Code coverage: 80.86% (1559/1928) 	 Branch coverage: 85.38% (111/130) 	 Transactions: 677 (210 unique)   	 Time: 4.636328935623169[0m
2025-09-21 14:40:45,085 - Analysis - INFO - [1mGeneration number 7 	 Code coverage: 80.86% (1559/1928) 	 Branch coverage: 85.38% (111/130) 	 Transactions: 838 (239 unique)   	 Time: 5.684061050415039[0m
2025-09-21 14:40:46,411 - Analysis - INFO - [1mGeneration number 8 	 Code coverage: 80.86% (1559/1928) 	 Branch coverage: 85.38% (111/130) 	 Transactions: 1023 (269 unique)   	 Time: 7.010577201843262[0m
2025-09-21 14:40:47,561 - Analysis - INFO - [1mGeneration number 9 	 Code coverage: 80.86% (1559/1928) 	 Branch coverage: 85.38% (111/130) 	 Transactions: 1190 (296 unique)   	 Time: 8.159973621368408[0m
2025-09-21 14:40:48,523 - Analysis - INFO - [1mGeneration number 10 	 Code coverage: 80.86% (1559/1928) 	 Branch coverage: 85.38% (111/130) 	 Transactions: 1334 (319 unique)   	 Time: 9.122465372085571[0m
2025-09-21 14:40:48,573 - Analysis - INFO - [1m-----------------------------------------------------[0m
2025-09-21 14:40:48,573 - Analysis - INFO - Number of generations: 	 10
2025-09-21 14:40:48,573 - Analysis - INFO - Number of transactions: 	 1334 (319 unique)
2025-09-21 14:40:48,573 - Analysis - INFO - Transactions per second: 	 145
2025-09-21 14:40:48,573 - Analysis - INFO - Total code coverage: 	 80.86% (1559/1928)
2025-09-21 14:40:48,574 - Analysis - INFO - Total branch coverage: 	 85.38% (111/130)
2025-09-21 14:40:48,574 - Analysis - INFO - Total execution time: 	 9.17 seconds
2025-09-21 14:40:48,574 - Analysis - INFO - Total memory consumption: 	 71.93 MB
2025-09-21 14:40:48,575 - Fuzzer   - INFO - [1mFuzzing contract [1mOwned[0m[0m
2025-09-21 14:40:48,612 - Analysis - INFO - [1mGeneration number 0 	 Code coverage: 70.20% (179/255) 	 Branch coverage: 90.91% (20/22) 	 Transactions: 11 (10 unique)   	 Time: 0.03328752517700195[0m
2025-09-21 14:40:48,639 - Analysis - INFO - [1mGeneration number 1 	 Code coverage: 80.00% (204/255) 	 Branch coverage: 95.45% (21/22) 	 Transactions: 18 (11 unique)   	 Time: 0.060417890548706055[0m
2025-09-21 14:40:48,687 - Analysis - INFO - [1mGeneration number 2 	 Code coverage: 80.00% (204/255) 	 Branch coverage: 95.45% (21/22) 	 Transactions: 30 (16 unique)   	 Time: 0.1088707447052002[0m
2025-09-21 14:40:48,795 - Analysis - INFO - [1mGeneration number 3 	 Code coverage: 80.00% (204/255) 	 Branch coverage: 95.45% (21/22) 	 Transactions: 45 (21 unique)   	 Time: 0.21638941764831543[0m
2025-09-21 14:40:48,904 - Analysis - INFO - [1mGeneration number 4 	 Code coverage: 80.00% (204/255) 	 Branch coverage: 95.45% (21/22) 	 Transactions: 70 (27 unique)   	 Time: 0.3260471820831299[0m
2025-09-21 14:40:49,027 - Analysis - INFO - [1mGeneration number 5 	 Code coverage: 80.00% (204/255) 	 Branch coverage: 95.45% (21/22) 	 Transactions: 98 (32 unique)   	 Time: 0.44827914237976074[0m
2025-09-21 14:40:49,158 - Analysis - INFO - [1mGeneration number 6 	 Code coverage: 80.00% (204/255) 	 Branch coverage: 95.45% (21/22) 	 Transactions: 129 (37 unique)   	 Time: 0.5798351764678955[0m
2025-09-21 14:40:49,288 - Analysis - INFO - [1mGeneration number 7 	 Code coverage: 80.00% (204/255) 	 Branch coverage: 95.45% (21/22) 	 Transactions: 159 (40 unique)   	 Time: 0.7100722789764404[0m
2025-09-21 14:40:49,465 - Analysis - INFO - [1mGeneration number 8 	 Code coverage: 80.00% (204/255) 	 Branch coverage: 95.45% (21/22) 	 Transactions: 199 (43 unique)   	 Time: 0.886498212814331[0m
2025-09-21 14:40:49,626 - Analysis - INFO - [1mGeneration number 9 	 Code coverage: 99.61% (254/255) 	 Branch coverage: 100.00% (22/22) 	 Transactions: 233 (48 unique)   	 Time: 1.047677993774414[0m
2025-09-21 14:40:49,777 - Analysis - INFO - [1mGeneration number 10 	 Code coverage: 99.61% (254/255) 	 Branch coverage: 100.00% (22/22) 	 Transactions: 269 (52 unique)   	 Time: 1.1983299255371094[0m
2025-09-21 14:40:49,777 - Analysis - INFO - [1m-----------------------------------------------------[0m
2025-09-21 14:40:49,777 - Analysis - INFO - Number of generations: 	 10
2025-09-21 14:40:49,777 - Analysis - INFO - Number of transactions: 	 269 (52 unique)
2025-09-21 14:40:49,777 - Analysis - INFO - Transactions per second: 	 224
2025-09-21 14:40:49,777 - Analysis - INFO - Total code coverage: 	 99.61% (254/255)
2025-09-21 14:40:49,777 - Analysis - INFO - Total branch coverage: 	 100.00% (22/22)
2025-09-21 14:40:49,777 - Analysis - INFO - Total execution time: 	 1.20 seconds
2025-09-21 14:40:49,777 - Analysis - INFO - Total memory consumption: 	 72.06 MB
2025-09-21 14:40:49,778 - Fuzzer   - INFO - [1mFuzzing contract [1mSafeMath[0m[0m
2025-09-21 14:40:49,816 - Analysis - INFO - [1mGeneration number 0 	 Code coverage: 86.36% (190/220) 	 Branch coverage: 71.88% (23/32) 	 Transactions: 11 (10 unique)   	 Time: 0.03451848030090332[0m
2025-09-21 14:40:49,833 - Detector - INFO - [1m[31m-----------------------------------------------------[0m
2025-09-21 14:40:49,834 - Detector - INFO - [1m[31m          !!! Integer overflow detected !!!          [0m
2025-09-21 14:40:49,834 - Detector - INFO - [1m[31m-----------------------------------------------------[0m
2025-09-21 14:40:49,834 - Detector - INFO - [1m[31mSWC-ID:   101[0m
2025-09-21 14:40:49,834 - Detector - INFO - [1m[31mSeverity: High[0m
2025-09-21 14:40:49,834 - Detector - INFO - [1m[31m-----------------------------------------------------[0m
2025-09-21 14:40:49,834 - Detector - INFO - [1m[31mSource code line:[0m
2025-09-21 14:40:49,834 - Detector - INFO - [1m[31m-----------------------------------------------------[0m
2025-09-21 14:40:49,834 - Detector - INFO - [1m[31m/sb/0x0cd8a63e6772b80c6e94c85b596736fd6f1ba0d3.sol:23:1[0m
2025-09-21 14:40:49,834 - Detector - INFO - [1m[31ma + b[0m
2025-09-21 14:40:49,834 - Detector - INFO - [1m[31m-----------------------------------------------------[0m
2025-09-21 14:40:49,834 - Detector - INFO - [1m[31mTransaction sequence:[0m
2025-09-21 14:40:49,834 - Detector - INFO - [1m[31m-----------------------------------------------------[0m
2025-09-21 14:40:49,834 - Detector - INFO - [1m[31mTransaction - safeAdd(uint256,uint256):[0m
2025-09-21 14:40:49,834 - Detector - INFO - [1m[31m-----------------------------------------------------[0m
2025-09-21 14:40:49,834 - Detector - INFO - [1m[31mFrom:      0xcafebabecafebabecafebabecafebabecafebabe[0m
2025-09-21 14:40:49,834 - Detector - INFO - [1m[31mTo:        0x2c5e8a3b3aad9df32339409534e64dfcabcd3a65[0m
2025-09-21 14:40:49,834 - Detector - INFO - [1m[31mValue:     0 Wei[0m
2025-09-21 14:40:49,834 - Detector - INFO - [1m[31mGas Limit: 4500000[0m
2025-09-21 14:40:49,834 - Detector - INFO - [1m[31mInput:     0xe6cb901300000000000000000000000000000000[0m
2025-09-21 14:40:49,834 - Detector - INFO - [1m[31m           00000000000000000000000000000001ffffffffff[0m
2025-09-21 14:40:49,834 - Detector - INFO - [1m[31m           ffffffffffffffffffffffffffffffffffffffffff[0m
2025-09-21 14:40:49,834 - Detector - INFO - [1m[31m           ffffffffffff[0m
2025-09-21 14:40:49,834 - Detector - INFO - [1m[31m-----------------------------------------------------[0m
2025-09-21 14:40:49,863 - Analysis - INFO - [1mGeneration number 1 	 Code coverage: 94.55% (208/220) 	 Branch coverage: 87.50% (28/32) 	 Transactions: 21 (19 unique)   	 Time: 0.08141922950744629[0m
2025-09-21 14:40:49,908 - Analysis - INFO - [1mGeneration number 2 	 Code coverage: 94.55% (208/220) 	 Branch coverage: 87.50% (28/32) 	 Transactions: 30 (26 unique)   	 Time: 0.12716102600097656[0m
2025-09-21 14:40:50,008 - Analysis - INFO - [1mGeneration number 3 	 Code coverage: 97.27% (214/220) 	 Branch coverage: 90.62% (29/32) 	 Transactions: 39 (33 unique)   	 Time: 0.2271120548248291[0m
2025-09-21 14:40:50,063 - Analysis - INFO - [1mGeneration number 4 	 Code coverage: 97.27% (214/220) 	 Branch coverage: 90.62% (29/32) 	 Transactions: 48 (37 unique)   	 Time: 0.2815110683441162[0m
2025-09-21 14:40:50,177 - Analysis - INFO - [1mGeneration number 5 	 Code coverage: 97.27% (214/220) 	 Branch coverage: 90.62% (29/32) 	 Transactions: 58 (46 unique)   	 Time: 0.3955521583557129[0m
2025-09-21 14:40:50,287 - Analysis - INFO - [1mGeneration number 6 	 Code coverage: 97.27% (214/220) 	 Branch coverage: 90.62% (29/32) 	 Transactions: 68 (54 unique)   	 Time: 0.5061314105987549[0m
2025-09-21 14:40:50,387 - Analysis - INFO - [1mGeneration number 7 	 Code coverage: 97.27% (214/220) 	 Branch coverage: 90.62% (29/32) 	 Transactions: 77 (62 unique)   	 Time: 0.6061177253723145[0m
2025-09-21 14:40:50,492 - Analysis - INFO - [1mGeneration number 8 	 Code coverage: 97.27% (214/220) 	 Branch coverage: 90.62% (29/32) 	 Transactions: 87 (71 unique)   	 Time: 0.7112009525299072[0m
2025-09-21 14:40:50,605 - Analysis - INFO - [1mGeneration number 9 	 Code coverage: 97.27% (214/220) 	 Branch coverage: 90.62% (29/32) 	 Transactions: 97 (81 unique)   	 Time: 0.823540210723877[0m
2025-09-21 14:40:50,714 - Analysis - INFO - [1mGeneration number 10 	 Code coverage: 97.27% (214/220) 	 Branch coverage: 90.62% (29/32) 	 Transactions: 107 (90 unique)   	 Time: 0.9332334995269775[0m
2025-09-21 14:40:50,744 - Analysis - INFO - [1m-----------------------------------------------------[0m
2025-09-21 14:40:50,744 - Analysis - INFO - Number of generations: 	 10
2025-09-21 14:40:50,744 - Analysis - INFO - Number of transactions: 	 107 (90 unique)
2025-09-21 14:40:50,744 - Analysis - INFO - Transactions per second: 	 111
2025-09-21 14:40:50,744 - Analysis - INFO - Total code coverage: 	 97.27% (214/220)
2025-09-21 14:40:50,744 - Analysis - INFO - Total branch coverage: 	 90.62% (29/32)
2025-09-21 14:40:50,744 - Analysis - INFO - Total execution time: 	 0.96 seconds
2025-09-21 14:40:50,744 - Analysis - INFO - Total memory consumption: 	 73.04 MB

     ______            ______                _           
    / ____/___  ____  / ____/_  __________  (_)_  _______
   / /   / __ \/ __ \/ /_  / / / /_  /_  / / / / / / ___/
  / /___/ /_/ / / / / __/ / /_/ / / /_/ /_/ / /_/ (__  ) 
  \____/\____/_/ /_/_/    \__,_/ /___/___/_/\__,_/____/  

delteed file
