Extract contract Token from /sb/token.sol
Extracted 1 contract(s) from /sb/token.sol
[0;32m> Created "fuzzMe"[0m
[0;32m> To fuzz contracts:[0m
  chmod +x fuzzMe
  ./fuzzMe
contracts/Token.sol:14:4: Warning: Defining constructors as functions with the same name as the contract is deprecated. Use "constructor(...) { ... }" instead.
   function Token(uint _initialSupply) {
   ^ (Relevant source part starts here and spans across multiple lines).
contracts/Token.sol:14:4: Warning: No visibility specified. Defaulting to "public". 
   function Token(uint _initialSupply) {
   ^ (Relevant source part starts here and spans across multiple lines).
assets/NormalAttacker.sol:5:3: Warning: No visibility specified. Defaulting to "public". 
  function() payable {
  ^ (Relevant source part starts here and spans across multiple lines).
assets/ReentrancyAttacker.sol:8:7: Warning: Return value of low-level calls not used.
      msg.sender.call(bytes4(255));
      ^--------------------------^
assets/ReentrancyAttacker.sol:5:3: Warning: No visibility specified. Defaulting to "public". 
  function() payable {
  ^ (Relevant source part starts here and spans across multiple lines).
>> Fuzz Token
** Write stats: 0.010333
** Write stats: 5.00034
** Write stats: 10.003
** Write stats: 15.0013
** Write stats: 20.0037
** Write stats: 25.0041
** Write stats: 30.0002
** Write stats: 35.0002
** Write stats: 40.004
** Write stats: 45.0012
** Write stats: 50.002
** Write stats: 55.0133
** Write stats: 60.0123
** Write stats: 65.0092
** Write stats: 70.0169
** Write stats: 75.0089
** Write stats: 80.0191
** Write stats: 85.0075
** Write stats: 90.0259
** Write stats: 95.0154
** Write stats: 100.033
** Write stats: 105.057
** Write stats: 110.007
** Write stats: 115.019
** Write stats: 120.005
** Write stats: 120.015
