Extract contract MyToken from /sb/short_address_example.sol
Extracted 1 contract(s) from /sb/short_address_example.sol
[0;32m> Created "fuzzMe"[0m
[0;32m> To fuzz contracts:[0m
  chmod +x fuzzMe
  ./fuzzMe
contracts/MyToken.sol:14:6: Warning: Defining constructors as functions with the same name as the contract is deprecated. Use "constructor(...) { ... }" instead.
     function MyToken() {
     ^ (Relevant source part starts here and spans across multiple lines).
contracts/MyToken.sol:22:10: Warning: Invoking events without "emit" prefix is deprecated.
         Transfer(msg.sender, to, amount);
         ^------------------------------^
contracts/MyToken.sol:14:6: Warning: No visibility specified. Defaulting to "public". 
     function MyToken() {
     ^ (Relevant source part starts here and spans across multiple lines).
contracts/MyToken.sol:18:6: Warning: No visibility specified. Defaulting to "public". 
     function sendCoin(address to, uint amount) returns(bool sufficient) {
     ^ (Relevant source part starts here and spans across multiple lines).
contracts/MyToken.sol:26:6: Warning: No visibility specified. Defaulting to "public". 
     function getBalance(address addr) constant returns(uint) {
     ^ (Relevant source part starts here and spans across multiple lines).
assets/NormalAttacker.sol:5:3: Warning: No visibility specified. Defaulting to "public". 
  function() payable {
  ^ (Relevant source part starts here and spans across multiple lines).
assets/ReentrancyAttacker.sol:8:7: Warning: Return value of low-level calls not used.
      msg.sender.call(bytes4(255));
      ^--------------------------^
assets/ReentrancyAttacker.sol:5:3: Warning: No visibility specified. Defaulting to "public". 
  function() payable {
  ^ (Relevant source part starts here and spans across multiple lines).
>> Fuzz MyToken
** Write stats: 0.006845
** Write stats: 5.00101
** Write stats: 10.0016
** Write stats: 15.0006
** Write stats: 20.0064
** Write stats: 25.007
** Write stats: 30.0048
** Write stats: 35.0032
** Write stats: 40.0072
** Write stats: 45.0064
** Write stats: 50.0023
** Write stats: 55.005
** Write stats: 60.0053
** Write stats: 65.004
** Write stats: 70.0049
** Write stats: 75.0069
** Write stats: 80.0055
** Write stats: 85.0055
** Write stats: 90.0054
** Write stats: 95.0004
** Write stats: 100.007
** Write stats: 105.003
** Write stats: 110.007
** Write stats: 115.011
** Write stats: 120.004
** Write stats: 125.002
** Write stats: 130.008
** Write stats: 135.004
** Write stats: 140.002
** Write stats: 145.006
** Write stats: 150.005
** Write stats: 155.004
** Write stats: 160.003
** Write stats: 165.002
** Write stats: 170.005
** Write stats: 175.007
** Write stats: 180.007
** Write stats: 185.005
** Write stats: 190.011
** Write stats: 195.011
** Write stats: 200.003
** Write stats: 205.016
** Write stats: 210.012
** Write stats: 215.003
** Write stats: 220.016
** Write stats: 225.02
** Write stats: 230.001
** Write stats: 235.011
** Write stats: 240.017
** Write stats: 245.034
** Write stats: 250.011
** Write stats: 255.009
** Write stats: 260.008
** Write stats: 265.076
** Write stats: 270.029
** Write stats: 275.002
** Write stats: 280.005
** Write stats: 285.005
** Write stats: 290.054
** Write stats: 295.031
** Write stats: 300.027
** Write stats: 305.008
** Write stats: 310.09
** Write stats: 315.041
** Write stats: 320.015
** Write stats: 325.041
** Write stats: 330.018
** Write stats: 335.068
** Write stats: 340.133
** Write stats: 345.017
** Write stats: 350.067
** Write stats: 355.031
** Write stats: 360.045
** Write stats: 365.008
** Write stats: 370.038
** Write stats: 375.05
** Write stats: 380.032
** Write stats: 385.048
** Write stats: 390
** Write stats: 395.011
** Write stats: 400.069
** Write stats: 405.219
** Write stats: 410.055
** Write stats: 415.024
** Write stats: 420.097
** Write stats: 425.016
** Write stats: 430.023
** Write stats: 435.061
** Write stats: 440.01
** Write stats: 445.027
** Write stats: 450.017
** Write stats: 455.015
** Write stats: 460.031
** Write stats: 465.04
** Write stats: 470.05
** Write stats: 475.009
** Write stats: 480.042
** Write stats: 485.035
** Write stats: 490.058
** Write stats: 495.076
** Write stats: 500.017
** Write stats: 505.017
** Write stats: 510.034
** Write stats: 515.053
** Write stats: 520.044
** Write stats: 525.027
** Write stats: 530.031
** Write stats: 535.021
** Write stats: 540.024
** Write stats: 545.031
** Write stats: 550.018
** Write stats: 555.189
** Write stats: 560.083
** Write stats: 565.03
** Write stats: 570.064
** Write stats: 575.029
** Write stats: 580.044
** Write stats: 585.052
** Write stats: 590.019
** Write stats: 595.01
** Write stats: 600.003
** Write stats: 605.1
** Write stats: 610.057
** Write stats: 615.262
** Write stats: 620.005
** Write stats: 625.058
** Write stats: 630.103
** Write stats: 635.067
** Write stats: 640.006
** Write stats: 645.027
** Write stats: 650.031
** Write stats: 655.057
** Write stats: 660.1
** Write stats: 665.002
** Write stats: 670.013
** Write stats: 675.069
** Write stats: 680.028
** Write stats: 685.026
** Write stats: 690.024
** Write stats: 695.02
** Write stats: 700.069
** Write stats: 705.027
** Write stats: 710.098
** Write stats: 715.053
** Write stats: 720.043
** Write stats: 725.045
** Write stats: 730.079
** Write stats: 735.082
** Write stats: 740.078
** Write stats: 745.007
** Write stats: 750.004
** Write stats: 755.059
** Write stats: 760.093
** Write stats: 765.143
** Write stats: 770.04
** Write stats: 775.062
** Write stats: 780.004
** Write stats: 785.029
** Write stats: 790.07
** Write stats: 795.044
** Write stats: 800.074
** Write stats: 805.004
** Write stats: 810.044
** Write stats: 815.085
** Write stats: 820.02
** Write stats: 825.023
** Write stats: 830.031
** Write stats: 835.05
** Write stats: 840.033
** Write stats: 845.083
** Write stats: 850.027
** Write stats: 855.55
** Write stats: 860.034
** Write stats: 865.026
** Write stats: 870.098
** Write stats: 875.028
** Write stats: 880.045
** Write stats: 885.051
** Write stats: 890.063
** Write stats: 895.035
** Write stats: 898.049
