2025-07-04 19:17:02,487: [11] m.main:INFO: Registered plugins: IntrospectionAPIPlugin, <class 'manticore.ethereum.plugins.SkipRevertBasicBlocks'>, <class 'manticore.ethereum.plugins.FilterFunctions'>
2025-07-04 19:17:02,487: [11] m.main:INFO: Beginning analysis
2025-07-04 19:17:02,489: [11] m.e.manticore:INFO: Starting symbolic create contract
2025-07-04 19:17:03,310: [11] m.e.manticore:INFO: Starting symbolic transaction: 0
2025-07-04 19:17:06,511: [11] m.e.manticore:INFO: Found a concrete globalsha3 b'\x00\x00\x00\x00\x00\x00\x00\x00\x00\x00\x00\x00\x00\x00\x00\x00\x00\x00\x00\x00\x00\x00\x00\x00\x00\x00\x00\x00\x00\x02\x00\x00\x00\x00\x00\x00\x00\x00\x00\x00\x00\x00\x00\x00\x00\x00\x00\x00\x00\x00\x00\x00\x00\x00\x00\x00\x00\x00\x00\x00\x00\x00\x00\x01' -> 27376155845717860833342594873357525089589924219251518322086369159840883582034
2025-07-04 19:17:16,758: [11] m.e.manticore:INFO: 3 alive states, 3 terminated states
2025-07-04 19:17:17,060: [11] m.e.manticore:INFO: Starting symbolic transaction: 1
2025-07-04 19:18:01,093: [11] m.e.manticore:INFO: 9 alive states, 9 terminated states
2025-07-04 19:18:01,521: [104] m.c.manticore:INFO: Generated testcase No. 0 - STOP(3 txs)
2025-07-04 19:18:01,522: [104] m.c.plugin:WARNING: Caught will_solve in state None, but failed to capture its initialization
2025-07-04 19:18:01,523: [107] m.c.manticore:INFO: Generated testcase No. 1 - STOP(3 txs)
2025-07-04 19:18:01,523: [107] m.c.plugin:WARNING: Caught will_solve in state None, but failed to capture its initialization
2025-07-04 19:18:01,571: [105] m.c.manticore:INFO: Generated testcase No. 2 - STOP(3 txs)
2025-07-04 19:18:01,571: [105] m.c.plugin:WARNING: Caught will_solve in state None, but failed to capture its initialization
2025-07-04 19:18:01,620: [118] m.c.manticore:INFO: Generated testcase No. 3 - STOP(3 txs)
2025-07-04 19:18:01,621: [118] m.c.plugin:WARNING: Caught will_solve in state None, but failed to capture its initialization
2025-07-04 19:18:01,679: [113] m.c.manticore:INFO: Generated testcase No. 5 - STOP(3 txs)
2025-07-04 19:18:01,681: [113] m.c.plugin:WARNING: Caught will_solve in state None, but failed to capture its initialization
2025-07-04 19:18:01,692: [115] m.c.manticore:INFO: Generated testcase No. 4 - STOP(3 txs)
2025-07-04 19:18:01,693: [115] m.c.plugin:WARNING: Caught will_solve in state None, but failed to capture its initialization
2025-07-04 19:18:01,718: [117] m.c.manticore:INFO: Generated testcase No. 6 - STOP(3 txs)
2025-07-04 19:18:01,723: [117] m.c.plugin:WARNING: Caught will_solve in state None, but failed to capture its initialization
2025-07-04 19:18:01,757: [108] m.c.manticore:INFO: Generated testcase No. 7 - STOP(3 txs)
2025-07-04 19:18:01,757: [108] m.c.plugin:WARNING: Caught will_solve in state None, but failed to capture its initialization
2025-07-04 19:18:02,053: [111] m.c.manticore:INFO: Generated testcase No. 8 - STOP(3 txs)
2025-07-04 19:18:02,054: [111] m.c.plugin:WARNING: Caught will_solve in state None, but failed to capture its initialization
2025-07-04 19:18:07,255: [11] m.c.manticore:INFO: Results in /mcore_nz20g5n7
2025-07-04 19:18:07,255: [11] m.c.manticore:INFO: Total time: 50.12076544761658
