2025-09-03 22:58:30,455 - Main     - INFO - [1mInitializing seed to 1427655.0[0m
2025-09-03 22:58:30,496 - Fuzzer   - INFO - [1mFuzzing contract [1mBank[0m[0m
2025-09-03 22:58:30,528 - Analysis - INFO - [1mGeneration number 0 	 Code coverage: 88.41% (145/164) 	 Branch coverage: 75.00% (6/8) 	 Transactions: 5 (4 unique)   	 Time: 0.026691913604736328[0m
2025-09-03 22:58:30,539 - Analysis - INFO - [1mGeneration number 1 	 Code coverage: 88.41% (145/164) 	 Branch coverage: 87.50% (7/8) 	 Transactions: 8 (5 unique)   	 Time: 0.037706613540649414[0m
2025-09-03 22:58:30,548 - Analysis - INFO - [1mGeneration number 2 	 Code coverage: 88.41% (145/164) 	 Branch coverage: 87.50% (7/8) 	 Transactions: 10 (5 unique)   	 Time: 0.04618072509765625[0m
2025-09-03 22:58:30,561 - Analysis - INFO - [1mGeneration number 3 	 Code coverage: 88.41% (145/164) 	 Branch coverage: 87.50% (7/8) 	 Transactions: 13 (6 unique)   	 Time: 0.059235572814941406[0m
2025-09-03 22:58:30,572 - Analysis - INFO - [1mGeneration number 4 	 Code coverage: 88.41% (145/164) 	 Branch coverage: 87.50% (7/8) 	 Transactions: 17 (7 unique)   	 Time: 0.07000994682312012[0m
2025-09-03 22:58:30,580 - Analysis - INFO - [1mGeneration number 5 	 Code coverage: 88.41% (145/164) 	 Branch coverage: 87.50% (7/8) 	 Transactions: 20 (7 unique)   	 Time: 0.07881641387939453[0m
2025-09-03 22:58:30,592 - Analysis - INFO - [1mGeneration number 6 	 Code coverage: 88.41% (145/164) 	 Branch coverage: 87.50% (7/8) 	 Transactions: 23 (7 unique)   	 Time: 0.08992481231689453[0m
2025-09-03 22:58:30,600 - Analysis - INFO - [1mGeneration number 7 	 Code coverage: 88.41% (145/164) 	 Branch coverage: 87.50% (7/8) 	 Transactions: 26 (7 unique)   	 Time: 0.09874105453491211[0m
2025-09-03 22:58:30,608 - Analysis - INFO - [1mGeneration number 8 	 Code coverage: 88.41% (145/164) 	 Branch coverage: 87.50% (7/8) 	 Transactions: 28 (7 unique)   	 Time: 0.10609555244445801[0m
2025-09-03 22:58:30,615 - Analysis - INFO - [1mGeneration number 9 	 Code coverage: 88.41% (145/164) 	 Branch coverage: 87.50% (7/8) 	 Transactions: 30 (7 unique)   	 Time: 0.11309003829956055[0m
2025-09-03 22:58:30,625 - Analysis - INFO - [1mGeneration number 10 	 Code coverage: 88.41% (145/164) 	 Branch coverage: 87.50% (7/8) 	 Transactions: 32 (7 unique)   	 Time: 0.12319087982177734[0m
2025-09-03 22:58:30,625 - Analysis - INFO - [1m-----------------------------------------------------[0m
2025-09-03 22:58:30,625 - Analysis - INFO - Number of generations: 	 10
2025-09-03 22:58:30,625 - Analysis - INFO - Number of transactions: 	 32 (7 unique)
2025-09-03 22:58:30,625 - Analysis - INFO - Transactions per second: 	 260
2025-09-03 22:58:30,625 - Analysis - INFO - Total code coverage: 	 88.41% (145/164)
2025-09-03 22:58:30,625 - Analysis - INFO - Total branch coverage: 	 87.50% (7/8)
2025-09-03 22:58:30,625 - Analysis - INFO - Total execution time: 	 0.12 seconds
2025-09-03 22:58:30,625 - Analysis - INFO - Total memory consumption: 	 53.96 MB
2025-09-03 22:58:30,627 - Fuzzer   - INFO - [1mFuzzing contract [1mModifierEntrancy[0m[0m
2025-09-03 22:58:30,656 - Analysis - INFO - [1mGeneration number 0 	 Code coverage: 44.27% (143/323) 	 Branch coverage: 54.55% (12/22) 	 Transactions: 7 (6 unique)   	 Time: 0.027002334594726562[0m
2025-09-03 22:58:30,680 - Analysis - INFO - [1mGeneration number 1 	 Code coverage: 44.27% (143/323) 	 Branch coverage: 54.55% (12/22) 	 Transactions: 13 (7 unique)   	 Time: 0.05065798759460449[0m
2025-09-03 22:58:30,769 - Analysis - INFO - [1mGeneration number 2 	 Code coverage: 44.27% (143/323) 	 Branch coverage: 54.55% (12/22) 	 Transactions: 19 (8 unique)   	 Time: 0.13930344581604004[0m
2025-09-03 22:58:30,799 - Analysis - INFO - [1mGeneration number 3 	 Code coverage: 44.27% (143/323) 	 Branch coverage: 54.55% (12/22) 	 Transactions: 23 (8 unique)   	 Time: 0.16934585571289062[0m
2025-09-03 22:58:30,831 - Analysis - INFO - [1mGeneration number 4 	 Code coverage: 44.27% (143/323) 	 Branch coverage: 54.55% (12/22) 	 Transactions: 28 (9 unique)   	 Time: 0.20102691650390625[0m
2025-09-03 22:58:30,855 - Analysis - INFO - [1mGeneration number 5 	 Code coverage: 44.27% (143/323) 	 Branch coverage: 54.55% (12/22) 	 Transactions: 32 (9 unique)   	 Time: 0.22531342506408691[0m
2025-09-03 22:58:30,880 - Analysis - INFO - [1mGeneration number 6 	 Code coverage: 44.27% (143/323) 	 Branch coverage: 54.55% (12/22) 	 Transactions: 36 (10 unique)   	 Time: 0.2501556873321533[0m
2025-09-03 22:58:30,901 - Analysis - INFO - [1mGeneration number 7 	 Code coverage: 44.27% (143/323) 	 Branch coverage: 54.55% (12/22) 	 Transactions: 38 (10 unique)   	 Time: 0.27129125595092773[0m
2025-09-03 22:58:30,921 - Analysis - INFO - [1mGeneration number 8 	 Code coverage: 44.27% (143/323) 	 Branch coverage: 54.55% (12/22) 	 Transactions: 40 (11 unique)   	 Time: 0.2919495105743408[0m
2025-09-03 22:58:30,947 - Analysis - INFO - [1mGeneration number 9 	 Code coverage: 44.27% (143/323) 	 Branch coverage: 54.55% (12/22) 	 Transactions: 43 (11 unique)   	 Time: 0.31757402420043945[0m
2025-09-03 22:58:30,965 - Analysis - INFO - [1mGeneration number 10 	 Code coverage: 44.27% (143/323) 	 Branch coverage: 54.55% (12/22) 	 Transactions: 44 (11 unique)   	 Time: 0.3350543975830078[0m
2025-09-03 22:58:30,975 - Analysis - INFO - [1m-----------------------------------------------------[0m
2025-09-03 22:58:30,975 - Analysis - INFO - Number of generations: 	 10
2025-09-03 22:58:30,975 - Analysis - INFO - Number of transactions: 	 44 (11 unique)
2025-09-03 22:58:30,975 - Analysis - INFO - Transactions per second: 	 127
2025-09-03 22:58:30,975 - Analysis - INFO - Total code coverage: 	 44.27% (143/323)
2025-09-03 22:58:30,975 - Analysis - INFO - Total branch coverage: 	 54.55% (12/22)
2025-09-03 22:58:30,976 - Analysis - INFO - Total execution time: 	 0.35 seconds
2025-09-03 22:58:30,976 - Analysis - INFO - Total memory consumption: 	 63.87 MB
2025-09-03 22:58:30,978 - Fuzzer   - INFO - [1mFuzzing contract [1mattack[0m[0m
2025-09-03 22:58:31,006 - Analysis - INFO - [1mGeneration number 0 	 Code coverage: 46.58% (150/322) 	 Branch coverage: 54.55% (12/22) 	 Transactions: 7 (6 unique)   	 Time: 0.023815393447875977[0m
2025-09-03 22:58:31,032 - Analysis - INFO - [1mGeneration number 1 	 Code coverage: 46.58% (150/322) 	 Branch coverage: 54.55% (12/22) 	 Transactions: 12 (7 unique)   	 Time: 0.0495302677154541[0m
2025-09-03 22:58:31,077 - Analysis - INFO - [1mGeneration number 2 	 Code coverage: 46.58% (150/322) 	 Branch coverage: 59.09% (13/22) 	 Transactions: 17 (9 unique)   	 Time: 0.0948488712310791[0m
2025-09-03 22:58:31,115 - Analysis - INFO - [1mGeneration number 3 	 Code coverage: 46.58% (150/322) 	 Branch coverage: 59.09% (13/22) 	 Transactions: 22 (10 unique)   	 Time: 0.13248872756958008[0m
2025-09-03 22:58:31,202 - Analysis - INFO - [1mGeneration number 4 	 Code coverage: 46.58% (150/322) 	 Branch coverage: 59.09% (13/22) 	 Transactions: 34 (14 unique)   	 Time: 0.22034978866577148[0m
2025-09-03 22:58:31,288 - Analysis - INFO - [1mGeneration number 5 	 Code coverage: 46.58% (150/322) 	 Branch coverage: 59.09% (13/22) 	 Transactions: 40 (14 unique)   	 Time: 0.3056461811065674[0m
2025-09-03 22:58:31,362 - Analysis - INFO - [1mGeneration number 6 	 Code coverage: 46.58% (150/322) 	 Branch coverage: 59.09% (13/22) 	 Transactions: 49 (15 unique)   	 Time: 0.38030338287353516[0m
2025-09-03 22:58:31,432 - Analysis - INFO - [1mGeneration number 7 	 Code coverage: 46.58% (150/322) 	 Branch coverage: 59.09% (13/22) 	 Transactions: 58 (15 unique)   	 Time: 0.44998669624328613[0m
2025-09-03 22:58:31,522 - Analysis - INFO - [1mGeneration number 8 	 Code coverage: 46.58% (150/322) 	 Branch coverage: 59.09% (13/22) 	 Transactions: 70 (16 unique)   	 Time: 0.5402653217315674[0m
2025-09-03 22:58:31,619 - Analysis - INFO - [1mGeneration number 9 	 Code coverage: 46.58% (150/322) 	 Branch coverage: 59.09% (13/22) 	 Transactions: 82 (17 unique)   	 Time: 0.6366069316864014[0m
2025-09-03 22:58:31,707 - Analysis - INFO - [1mGeneration number 10 	 Code coverage: 46.58% (150/322) 	 Branch coverage: 59.09% (13/22) 	 Transactions: 94 (17 unique)   	 Time: 0.7248334884643555[0m
2025-09-03 22:58:31,735 - Analysis - INFO - [1m-----------------------------------------------------[0m
2025-09-03 22:58:31,735 - Analysis - INFO - Number of generations: 	 10
2025-09-03 22:58:31,735 - Analysis - INFO - Number of transactions: 	 94 (17 unique)
2025-09-03 22:58:31,735 - Analysis - INFO - Transactions per second: 	 125
2025-09-03 22:58:31,735 - Analysis - INFO - Total code coverage: 	 46.58% (150/322)
2025-09-03 22:58:31,735 - Analysis - INFO - Total branch coverage: 	 59.09% (13/22)
2025-09-03 22:58:31,735 - Analysis - INFO - Total execution time: 	 0.75 seconds
2025-09-03 22:58:31,735 - Analysis - INFO - Total memory consumption: 	 64.62 MB

     ______            ______                _           
    / ____/___  ____  / ____/_  __________  (_)_  _______
   / /   / __ \/ __ \/ /_  / / / /_  /_  / / / / / / ___/
  / /___/ /_/ / / / / __/ / /_/ / / /_/ /_/ / /_/ (__  ) 
  \____/\____/_/ /_/_/    \__,_/ /___/___/_/\__,_/____/  

delteed file
