Extract contract Wallet from /sb/wallet_03_wrong_constructor.sol
Extracted 1 contract(s) from /sb/wallet_03_wrong_constructor.sol
[0;32m> Created "fuzzMe"[0m
[0;32m> To fuzz contracts:[0m
  chmod +x fuzzMe
  ./fuzzMe
contracts/Wallet.sol:38:22: Warning: Using contract member "balance" inherited from the address type is deprecated. Convert the contract to "address" type to access the member, for example use "address(contract).balance" instead.
         to.transfer(this.balance);
                     ^----------^
assets/NormalAttacker.sol:5:3: Warning: No visibility specified. Defaulting to "public". 
  function() payable {
  ^ (Relevant source part starts here and spans across multiple lines).
assets/ReentrancyAttacker.sol:8:7: Warning: Return value of low-level calls not used.
      msg.sender.call(bytes4(255));
      ^--------------------------^
assets/ReentrancyAttacker.sol:5:3: Warning: No visibility specified. Defaulting to "public". 
  function() payable {
  ^ (Relevant source part starts here and spans across multiple lines).
>> Fuzz Wallet
** Write stats: 0.009586
** Write stats: 5.00308
** Write stats: 10
** Write stats: 15.0009
** Write stats: 20.005
** Write stats: 25.006
** Write stats: 30.0046
** Write stats: 35.0067
** Write stats: 40.0059
** Write stats: 45.0138
** Write stats: 50.0021
** Write stats: 55.0035
** Write stats: 60.0093
** Write stats: 65.0078
** Write stats: 70.0089
** Write stats: 75.0018
** Write stats: 80.0102
** Write stats: 85.0079
** Write stats: 90.0063
** Write stats: 95.0075
** Write stats: 100.002
** Write stats: 105.001
** Write stats: 110.009
** Write stats: 115.001
** Write stats: 120.01
** Write stats: 125.011
** Write stats: 130.004
** Write stats: 135.011
** Write stats: 140.002
** Write stats: 145.006
** Write stats: 150.008
** Write stats: 155.005
** Write stats: 160.011
** Write stats: 165.008
** Write stats: 170.005
** Write stats: 175.011
** Write stats: 180.01
** Write stats: 185.003
** Write stats: 190.002
** Write stats: 195.002
** Write stats: 200.001
** Write stats: 205.006
** Write stats: 210.003
** Write stats: 215.011
** Write stats: 220.016
** Write stats: 225.007
** Write stats: 230.002
** Write stats: 235.017
** Write stats: 240.008
** Write stats: 245.008
** Write stats: 250.024
** Write stats: 255.027
** Write stats: 260.044
** Write stats: 265.026
** Write stats: 270.008
** Write stats: 275.028
** Write stats: 280.022
** Write stats: 285.029
** Write stats: 290.036
** Write stats: 295.036
** Write stats: 300.027
** Write stats: 305.035
** Write stats: 310.036
** Write stats: 315.051
** Write stats: 320.001
** Write stats: 325.014
** Write stats: 330.01
** Write stats: 335.026
** Write stats: 340.036
** Write stats: 345.023
** Write stats: 350.028
** Write stats: 355.002
** Write stats: 360.007
** Write stats: 365.005
** Write stats: 370.013
** Write stats: 375.016
** Write stats: 380.023
** Write stats: 385.012
** Write stats: 390.002
** Write stats: 395.031
** Write stats: 400.008
** Write stats: 405.015
** Write stats: 410.042
** Write stats: 415.013
** Write stats: 420.021
** Write stats: 425
** Write stats: 430.041
** Write stats: 435.015
** Write stats: 440.023
** Write stats: 445.022
** Write stats: 450.039
** Write stats: 455.001
** Write stats: 460.043
** Write stats: 465.021
** Write stats: 470.025
** Write stats: 475.034
** Write stats: 480.013
** Write stats: 485.009
** Write stats: 490.012
** Write stats: 495.015
** Write stats: 500.042
** Write stats: 505.042
** Write stats: 510.04
** Write stats: 515.004
** Write stats: 520.003
** Write stats: 525.006
** Write stats: 530.038
** Write stats: 535.009
** Write stats: 540.006
** Write stats: 545.011
** Write stats: 550.029
** Write stats: 555.035
** Write stats: 560.01
** Write stats: 565.001
** Write stats: 570.043
** Write stats: 575.035
** Write stats: 580.023
** Write stats: 585.011
** Write stats: 590.016
** Write stats: 595.007
** Write stats: 600.004
** Write stats: 605.007
** Write stats: 610.015
** Write stats: 615.005
** Write stats: 620.031
** Write stats: 625.02
** Write stats: 630.042
** Write stats: 635.003
** Write stats: 640.004
** Write stats: 645.002
** Write stats: 650.019
** Write stats: 655.028
** Write stats: 660.014
** Write stats: 665.007
** Write stats: 670.033
** Write stats: 675.023
** Write stats: 680.013
** Write stats: 685.024
** Write stats: 690.039
** Write stats: 695.032
** Write stats: 700.021
** Write stats: 705.038
** Write stats: 710.041
** Write stats: 715.037
** Write stats: 720.017
** Write stats: 725.04
** Write stats: 730.009
** Write stats: 735.023
** Write stats: 740.012
** Write stats: 745.014
** Write stats: 750
** Write stats: 755.025
** Write stats: 760.012
** Write stats: 765.013
** Write stats: 770.033
** Write stats: 775.033
** Write stats: 780.036
** Write stats: 785.028
** Write stats: 790.037
** Write stats: 795.01
** Write stats: 800.001
** Write stats: 805.014
** Write stats: 810.024
** Write stats: 815.002
** Write stats: 820.027
** Write stats: 825.005
** Write stats: 830.019
** Write stats: 835.028
** Write stats: 840.034
** Write stats: 845.042
** Write stats: 850.006
** Write stats: 855.017
** Write stats: 860.016
** Write stats: 865.02
** Write stats: 870.032
** Write stats: 875.023
** Write stats: 880.021
** Write stats: 885.007
** Write stats: 890.016
** Write stats: 895.029
** Write stats: 898.012
