2025-09-03 22:57:51,926: [11] m.main:INFO: Registered plugins: IntrospectionAPIPlugin, <class 'manticore.ethereum.plugins.SkipRevertBasicBlocks'>, <class 'manticore.ethereum.plugins.FilterFunctions'>
2025-09-03 22:57:51,926: [11] m.main:INFO: Beginning analysis
2025-09-03 22:57:51,929: [11] m.e.manticore:INFO: Starting symbolic create contract
2025-09-03 22:57:52,346: [11] m.e.manticore:INFO: Starting symbolic transaction: 0
2025-09-03 22:57:53,449: [11] m.e.manticore:INFO: Found a concrete globalsha3 b'\x00\x00\x00\x00\x00\x00\x00\x00\x00\x00\x00\x00\x00\x00\x00\x00\x00\x00\x00\x00\x00\x00\x00\x00\x00\x00\x00\x00\x00\x02\x00\x00\x00\x00\x00\x00\x00\x00\x00\x00\x00\x00\x00\x00\x00\x00\x00\x00\x00\x00\x00\x00\x00\x00\x00\x00\x00\x00\x00\x00\x00\x00\x00\x00' -> 73138091548938366139099779971772605061518111956507126412222883840269740007539
2025-09-03 22:57:54,051: [11] m.e.manticore:INFO: 2 alive states, 1 terminated states
2025-09-03 22:57:54,176: [11] m.e.manticore:INFO: Starting symbolic transaction: 1
2025-09-03 22:57:59,369: [11] m.e.manticore:INFO: 5 alive states, 1 terminated states
2025-09-03 22:57:59,518: [11] m.e.manticore:INFO: Starting symbolic transaction: 2
2025-09-03 22:58:13,805: [11] m.e.manticore:INFO: 12 alive states, 1 terminated states
2025-09-03 22:58:14,339: [119] m.c.manticore:INFO: Generated testcase No. 1 - STOP(4 txs)
2025-09-03 22:58:14,340: [119] m.c.plugin:WARNING: Caught will_solve in state None, but failed to capture its initialization
2025-09-03 22:58:14,378: [125] m.c.manticore:INFO: Generated testcase No. 5 - STOP(4 txs)
2025-09-03 22:58:14,379: [125] m.c.plugin:WARNING: Caught will_solve in state None, but failed to capture its initialization
2025-09-03 22:58:14,381: [116] m.c.manticore:INFO: Generated testcase No. 4 - STOP(4 txs)
2025-09-03 22:58:14,385: [116] m.c.plugin:WARNING: Caught will_solve in state None, but failed to capture its initialization
2025-09-03 22:58:14,427: [124] m.c.manticore:INFO: Generated testcase No. 0 - STOP(4 txs)
2025-09-03 22:58:14,426: [126] m.c.manticore:INFO: Generated testcase No. 2 - STOP(4 txs)
2025-09-03 22:58:14,428: [126] m.c.plugin:WARNING: Caught will_solve in state None, but failed to capture its initialization
2025-09-03 22:58:14,435: [124] m.c.plugin:WARNING: Caught will_solve in state None, but failed to capture its initialization
2025-09-03 22:58:14,453: [127] m.c.manticore:INFO: Generated testcase No. 3 - STOP(4 txs)
2025-09-03 22:58:14,457: [127] m.c.plugin:WARNING: Caught will_solve in state None, but failed to capture its initialization
2025-09-03 22:58:14,477: [129] m.c.manticore:INFO: Generated testcase No. 6 - STOP(4 txs)
2025-09-03 22:58:14,482: [129] m.c.plugin:WARNING: Caught will_solve in state None, but failed to capture its initialization
2025-09-03 22:58:14,648: [123] m.c.manticore:INFO: Generated testcase No. 7 - STOP(4 txs)
2025-09-03 22:58:14,653: [123] m.c.plugin:WARNING: Caught will_solve in state None, but failed to capture its initialization
2025-09-03 22:58:14,959: [117] m.c.manticore:INFO: Generated testcase No. 8 - STOP(4 txs)
2025-09-03 22:58:14,960: [117] m.c.plugin:WARNING: Caught will_solve in state None, but failed to capture its initialization
2025-09-03 22:58:15,043: [122] m.c.manticore:INFO: Generated testcase No. 9 - STOP(4 txs)
2025-09-03 22:58:15,047: [122] m.c.plugin:WARNING: Caught will_solve in state None, but failed to capture its initialization
2025-09-03 22:58:15,268: [115] m.c.manticore:INFO: Generated testcase No. 10 - STOP(4 txs)
2025-09-03 22:58:15,269: [115] m.c.plugin:WARNING: Caught will_solve in state None, but failed to capture its initialization
2025-09-03 22:58:16,239: [120] m.c.manticore:INFO: Generated testcase No. 11 - STOP(4 txs)
2025-09-03 22:58:16,240: [120] m.c.plugin:WARNING: Caught will_solve in state None, but failed to capture its initialization
2025-09-03 22:58:25,537: [11] m.c.manticore:INFO: Results in /mcore_q424jffh
2025-09-03 22:58:25,537: [11] m.c.manticore:INFO: Total time: 25.967834949493408
