Extract contract Reentrance from /sb/reentrance.sol
Extracted 1 contract(s) from /sb/reentrance.sol
[0;32m> Created "fuzzMe"[0m
[0;32m> To fuzz contracts:[0m
  chmod +x fuzzMe
  ./fuzzMe
assets/NormalAttacker.sol:5:3: Warning: No visibility specified. Defaulting to "public". 
  function() payable {
  ^ (Relevant source part starts here and spans across multiple lines).
assets/ReentrancyAttacker.sol:8:7: Warning: Return value of low-level calls not used.
      msg.sender.call(bytes4(255));
      ^--------------------------^
assets/ReentrancyAttacker.sol:5:3: Warning: No visibility specified. Defaulting to "public". 
  function() payable {
  ^ (Relevant source part starts here and spans across multiple lines).
>> Fuzz Reentrance
** Write stats: 0.004004
** Write stats: 5.00177
** Write stats: 10.0039
** Write stats: 15.0022
** Write stats: 20.0057
** Write stats: 25.0005
** Write stats: 30.0079
** Write stats: 35.0095
** Write stats: 40.0003
** Write stats: 45.0055
** Write stats: 50.01
** Write stats: 55.0092
** Write stats: 60.0024
** Write stats: 65.0104
** Write stats: 70.0039
** Write stats: 75.0081
** Write stats: 80.0078
** Write stats: 85.0022
** Write stats: 90.0086
** Write stats: 95.013
** Write stats: 100.016
** Write stats: 105.001
** Write stats: 110.002
** Write stats: 115.015
** Write stats: 120.016
** Write stats: 120.02
