2025-09-22 02:19:06,683 - Main     - INFO - [1mInitializing seed to 1427655.0[0m
2025-09-22 02:19:06,755 - Fuzzer   - INFO - [1mFuzzing contract [1mOwned[0m[0m
2025-09-22 02:19:06,799 - Analysis - INFO - [1mGeneration number 0 	 Code coverage: 78.82% (201/255) 	 Branch coverage: 90.91% (20/22) 	 Transactions: 11 (10 unique)   	 Time: 0.03748297691345215[0m
2025-09-22 02:19:06,860 - Analysis - INFO - [1mGeneration number 1 	 Code coverage: 98.43% (251/255) 	 Branch coverage: 95.45% (21/22) 	 Transactions: 23 (14 unique)   	 Time: 0.09901189804077148[0m
2025-09-22 02:19:06,996 - Analysis - INFO - [1mGeneration number 2 	 Code coverage: 99.61% (254/255) 	 Branch coverage: 100.00% (22/22) 	 Transactions: 48 (21 unique)   	 Time: 0.23480582237243652[0m
2025-09-22 02:19:07,163 - Analysis - INFO - [1mGeneration number 3 	 Code coverage: 99.61% (254/255) 	 Branch coverage: 100.00% (22/22) 	 Transactions: 80 (27 unique)   	 Time: 0.4014887809753418[0m
2025-09-22 02:19:07,339 - Analysis - INFO - [1mGeneration number 4 	 Code coverage: 99.61% (254/255) 	 Branch coverage: 100.00% (22/22) 	 Transactions: 113 (32 unique)   	 Time: 0.577904224395752[0m
2025-09-22 02:19:07,485 - Analysis - INFO - [1mGeneration number 5 	 Code coverage: 99.61% (254/255) 	 Branch coverage: 100.00% (22/22) 	 Transactions: 140 (35 unique)   	 Time: 0.7235469818115234[0m
2025-09-22 02:19:07,676 - Analysis - INFO - [1mGeneration number 6 	 Code coverage: 99.61% (254/255) 	 Branch coverage: 100.00% (22/22) 	 Transactions: 174 (39 unique)   	 Time: 0.9146795272827148[0m
2025-09-22 02:19:07,899 - Analysis - INFO - [1mGeneration number 7 	 Code coverage: 99.61% (254/255) 	 Branch coverage: 100.00% (22/22) 	 Transactions: 210 (43 unique)   	 Time: 1.1378116607666016[0m
2025-09-22 02:19:08,103 - Analysis - INFO - [1mGeneration number 8 	 Code coverage: 99.61% (254/255) 	 Branch coverage: 100.00% (22/22) 	 Transactions: 249 (46 unique)   	 Time: 1.3421387672424316[0m
2025-09-22 02:19:08,260 - Analysis - INFO - [1mGeneration number 9 	 Code coverage: 99.61% (254/255) 	 Branch coverage: 100.00% (22/22) 	 Transactions: 280 (50 unique)   	 Time: 1.4987080097198486[0m
2025-09-22 02:19:08,453 - Analysis - INFO - [1mGeneration number 10 	 Code coverage: 99.61% (254/255) 	 Branch coverage: 100.00% (22/22) 	 Transactions: 313 (53 unique)   	 Time: 1.6916570663452148[0m
2025-09-22 02:19:08,453 - Analysis - INFO - [1m-----------------------------------------------------[0m
2025-09-22 02:19:08,453 - Analysis - INFO - Number of generations: 	 10
2025-09-22 02:19:08,453 - Analysis - INFO - Number of transactions: 	 313 (53 unique)
2025-09-22 02:19:08,453 - Analysis - INFO - Transactions per second: 	 185
2025-09-22 02:19:08,453 - Analysis - INFO - Total code coverage: 	 99.61% (254/255)
2025-09-22 02:19:08,453 - Analysis - INFO - Total branch coverage: 	 100.00% (22/22)
2025-09-22 02:19:08,453 - Analysis - INFO - Total execution time: 	 1.69 seconds
2025-09-22 02:19:08,454 - Analysis - INFO - Total memory consumption: 	 57.04 MB
2025-09-22 02:19:08,455 - Fuzzer   - INFO - [1mFuzzing contract [1mSMILEHEART[0m[0m
2025-09-22 02:19:08,647 - Analysis - INFO - [1mGeneration number 0 	 Code coverage: 76.36% (1366/1789) 	 Branch coverage: 78.85% (82/104) 	 Transactions: 35 (34 unique)   	 Time: 0.18165373802185059[0m
2025-09-22 02:19:08,891 - Analysis - INFO - [1mGeneration number 1 	 Code coverage: 78.87% (1411/1789) 	 Branch coverage: 79.81% (83/104) 	 Transactions: 70 (49 unique)   	 Time: 0.4253542423248291[0m
2025-09-22 02:19:09,246 - Analysis - INFO - [1mGeneration number 2 	 Code coverage: 88.54% (1584/1789) 	 Branch coverage: 81.73% (85/104) 	 Transactions: 123 (71 unique)   	 Time: 0.7806553840637207[0m
2025-09-22 02:19:09,828 - Analysis - INFO - [1mGeneration number 3 	 Code coverage: 88.54% (1584/1789) 	 Branch coverage: 81.73% (85/104) 	 Transactions: 202 (96 unique)   	 Time: 1.3626766204833984[0m
2025-09-22 02:19:10,575 - Analysis - INFO - [1mGeneration number 4 	 Code coverage: 88.54% (1584/1789) 	 Branch coverage: 81.73% (85/104) 	 Transactions: 292 (120 unique)   	 Time: 2.10956072807312[0m
2025-09-22 02:19:11,512 - Analysis - INFO - [1mGeneration number 5 	 Code coverage: 88.54% (1584/1789) 	 Branch coverage: 81.73% (85/104) 	 Transactions: 407 (148 unique)   	 Time: 3.046680450439453[0m
2025-09-22 02:19:12,564 - Analysis - INFO - [1mGeneration number 6 	 Code coverage: 88.54% (1584/1789) 	 Branch coverage: 81.73% (85/104) 	 Transactions: 534 (178 unique)   	 Time: 4.098292350769043[0m
2025-09-22 02:19:13,716 - Analysis - INFO - [1mGeneration number 7 	 Code coverage: 88.54% (1584/1789) 	 Branch coverage: 81.73% (85/104) 	 Transactions: 678 (209 unique)   	 Time: 5.250192880630493[0m
2025-09-22 02:19:14,924 - Analysis - INFO - [1mGeneration number 8 	 Code coverage: 88.54% (1584/1789) 	 Branch coverage: 81.73% (85/104) 	 Transactions: 816 (240 unique)   	 Time: 6.45820951461792[0m
2025-09-22 02:19:15,930 - Analysis - INFO - [1mGeneration number 9 	 Code coverage: 88.54% (1584/1789) 	 Branch coverage: 81.73% (85/104) 	 Transactions: 931 (265 unique)   	 Time: 7.464295387268066[0m
2025-09-22 02:19:17,089 - Analysis - INFO - [1mGeneration number 10 	 Code coverage: 88.54% (1584/1789) 	 Branch coverage: 81.73% (85/104) 	 Transactions: 1067 (293 unique)   	 Time: 8.623502016067505[0m
2025-09-22 02:19:17,140 - Analysis - INFO - [1m-----------------------------------------------------[0m
2025-09-22 02:19:17,140 - Analysis - INFO - Number of generations: 	 10
2025-09-22 02:19:17,140 - Analysis - INFO - Number of transactions: 	 1067 (293 unique)
2025-09-22 02:19:17,140 - Analysis - INFO - Transactions per second: 	 123
2025-09-22 02:19:17,140 - Analysis - INFO - Total code coverage: 	 88.54% (1584/1789)
2025-09-22 02:19:17,140 - Analysis - INFO - Total branch coverage: 	 81.73% (85/104)
2025-09-22 02:19:17,140 - Analysis - INFO - Total execution time: 	 8.67 seconds
2025-09-22 02:19:17,140 - Analysis - INFO - Total memory consumption: 	 71.48 MB

     ______            ______                _           
    / ____/___  ____  / ____/_  __________  (_)_  _______
   / /   / __ \/ __ \/ /_  / / / /_  /_  / / / / / / ___/
  / /___/ /_/ / / / / __/ / /_/ / / /_/ /_/ / /_/ (__  ) 
  \____/\____/_/ /_/_/    \__,_/ /___/___/_/\__,_/____/  

delteed file
