2025-09-21 14:47:30,055 - Main     - INFO - [1mInitializing seed to 1427655.0[0m
2025-09-21 14:47:30,142 - Fuzzer   - INFO - [1mFuzzing contract [1mBasicToken[0m[0m
2025-09-21 14:47:30,177 - Analysis - INFO - [1mGeneration number 0 	 Code coverage: 49.68% (154/310) 	 Branch coverage: 68.18% (15/22) 	 Transactions: 9 (8 unique)   	 Time: 0.028767824172973633[0m
2025-09-21 14:47:30,210 - Analysis - INFO - [1mGeneration number 1 	 Code coverage: 98.06% (304/310) 	 Branch coverage: 86.36% (19/22) 	 Transactions: 15 (11 unique)   	 Time: 0.06167149543762207[0m
2025-09-21 14:47:30,254 - Analysis - INFO - [1mGeneration number 2 	 Code coverage: 98.06% (304/310) 	 Branch coverage: 86.36% (19/22) 	 Transactions: 23 (15 unique)   	 Time: 0.10581326484680176[0m
2025-09-21 14:47:30,337 - Analysis - INFO - [1mGeneration number 3 	 Code coverage: 99.03% (307/310) 	 Branch coverage: 90.91% (20/22) 	 Transactions: 33 (19 unique)   	 Time: 0.18813037872314453[0m
2025-09-21 14:47:30,430 - Analysis - INFO - [1mGeneration number 4 	 Code coverage: 99.03% (307/310) 	 Branch coverage: 90.91% (20/22) 	 Transactions: 54 (25 unique)   	 Time: 0.28180885314941406[0m
2025-09-21 14:47:30,545 - Analysis - INFO - [1mGeneration number 5 	 Code coverage: 99.03% (307/310) 	 Branch coverage: 90.91% (20/22) 	 Transactions: 76 (30 unique)   	 Time: 0.39667344093322754[0m
2025-09-21 14:47:30,689 - Analysis - INFO - [1mGeneration number 6 	 Code coverage: 99.03% (307/310) 	 Branch coverage: 90.91% (20/22) 	 Transactions: 106 (35 unique)   	 Time: 0.5403144359588623[0m
2025-09-21 14:47:30,844 - Analysis - INFO - [1mGeneration number 7 	 Code coverage: 99.03% (307/310) 	 Branch coverage: 90.91% (20/22) 	 Transactions: 137 (42 unique)   	 Time: 0.6952860355377197[0m
2025-09-21 14:47:31,032 - Analysis - INFO - [1mGeneration number 8 	 Code coverage: 99.03% (307/310) 	 Branch coverage: 90.91% (20/22) 	 Transactions: 171 (48 unique)   	 Time: 0.8830385208129883[0m
2025-09-21 14:47:31,168 - Analysis - INFO - [1mGeneration number 9 	 Code coverage: 99.03% (307/310) 	 Branch coverage: 90.91% (20/22) 	 Transactions: 198 (53 unique)   	 Time: 1.0191709995269775[0m
2025-09-21 14:47:31,275 - Analysis - INFO - [1mGeneration number 10 	 Code coverage: 99.03% (307/310) 	 Branch coverage: 90.91% (20/22) 	 Transactions: 220 (56 unique)   	 Time: 1.1262578964233398[0m
2025-09-21 14:47:31,294 - Analysis - INFO - [1m-----------------------------------------------------[0m
2025-09-21 14:47:31,294 - Analysis - INFO - Number of generations: 	 10
2025-09-21 14:47:31,294 - Analysis - INFO - Number of transactions: 	 220 (56 unique)
2025-09-21 14:47:31,294 - Analysis - INFO - Transactions per second: 	 192
2025-09-21 14:47:31,294 - Analysis - INFO - Total code coverage: 	 99.03% (307/310)
2025-09-21 14:47:31,294 - Analysis - INFO - Total branch coverage: 	 90.91% (20/22)
2025-09-21 14:47:31,294 - Analysis - INFO - Total execution time: 	 1.15 seconds
2025-09-21 14:47:31,295 - Analysis - INFO - Total memory consumption: 	 65.36 MB
2025-09-21 14:47:31,296 - Fuzzer   - INFO - [1mFuzzing contract [1mStandardToken[0m[0m
2025-09-21 14:47:31,388 - Analysis - INFO - [1mGeneration number 0 	 Code coverage: 64.78% (723/1116) 	 Branch coverage: 78.00% (39/50) 	 Transactions: 19 (18 unique)   	 Time: 0.08563685417175293[0m
2025-09-21 14:47:31,529 - Analysis - INFO - [1mGeneration number 1 	 Code coverage: 64.78% (723/1116) 	 Branch coverage: 80.00% (40/50) 	 Transactions: 44 (31 unique)   	 Time: 0.2266693115234375[0m
2025-09-21 14:47:31,822 - Analysis - INFO - [1mGeneration number 2 	 Code coverage: 69.71% (778/1116) 	 Branch coverage: 86.00% (43/50) 	 Transactions: 78 (46 unique)   	 Time: 0.5193214416503906[0m
2025-09-21 14:47:32,184 - Analysis - INFO - [1mGeneration number 3 	 Code coverage: 69.71% (778/1116) 	 Branch coverage: 86.00% (43/50) 	 Transactions: 128 (62 unique)   	 Time: 0.8812375068664551[0m
2025-09-21 14:47:32,728 - Analysis - INFO - [1mGeneration number 4 	 Code coverage: 69.71% (778/1116) 	 Branch coverage: 86.00% (43/50) 	 Transactions: 189 (80 unique)   	 Time: 1.4260079860687256[0m
2025-09-21 14:47:33,006 - Detector - INFO - [1m[31m-----------------------------------------------------[0m
2025-09-21 14:47:33,006 - Detector - INFO - [1m[31m          !!! Integer overflow detected !!!          [0m
2025-09-21 14:47:33,006 - Detector - INFO - [1m[31m-----------------------------------------------------[0m
2025-09-21 14:47:33,006 - Detector - INFO - [1m[31mSWC-ID:   101[0m
2025-09-21 14:47:33,006 - Detector - INFO - [1m[31mSeverity: High[0m
2025-09-21 14:47:33,006 - Detector - INFO - [1m[31m-----------------------------------------------------[0m
2025-09-21 14:47:33,006 - Detector - INFO - [1m[31mSource code line:[0m
2025-09-21 14:47:33,006 - Detector - INFO - [1m[31m-----------------------------------------------------[0m
2025-09-21 14:47:33,007 - Detector - INFO - [1m[31m/sb/0x0a8c3b7e149891ff594e3ad580f8e1769151a07b.sol:58:1[0m
2025-09-21 14:47:33,007 - Detector - INFO - [1m[31ma + b[0m
2025-09-21 14:47:33,007 - Detector - INFO - [1m[31m-----------------------------------------------------[0m
2025-09-21 14:47:33,007 - Detector - INFO - [1m[31mTransaction sequence:[0m
2025-09-21 14:47:33,007 - Detector - INFO - [1m[31m-----------------------------------------------------[0m
2025-09-21 14:47:33,007 - Detector - INFO - [1m[31mTransaction 1 - approve(address,uint256):[0m
2025-09-21 14:47:33,007 - Detector - INFO - [1m[31m-----------------------------------------------------[0m
2025-09-21 14:47:33,007 - Detector - INFO - [1m[31mFrom:      0xcafebabecafebabecafebabecafebabecafebabe[0m
2025-09-21 14:47:33,007 - Detector - INFO - [1m[31mTo:        0x2c5e8a3b3aad9df32339409534e64dfcabcd3a65[0m
2025-09-21 14:47:33,007 - Detector - INFO - [1m[31mValue:     1 Wei[0m
2025-09-21 14:47:33,007 - Detector - INFO - [1m[31mGas Limit: 4500000[0m
2025-09-21 14:47:33,007 - Detector - INFO - [1m[31mInput:     0x095ea7b3000000000000000000000000deadbeef[0m
2025-09-21 14:47:33,007 - Detector - INFO - [1m[31m           deadbeefdeadbeefdeadbeefdeadbeefa11c9c2d96[0m
2025-09-21 14:47:33,007 - Detector - INFO - [1m[31m           5852aaf226f96c3197f90859173178137cfee99838[0m
2025-09-21 14:47:33,007 - Detector - INFO - [1m[31m           2c3feb24a8dc[0m
2025-09-21 14:47:33,007 - Detector - INFO - [1m[31m-----------------------------------------------------[0m
2025-09-21 14:47:33,007 - Detector - INFO - [1m[31mTransaction 2 - increaseApproval(address,uint256):[0m
2025-09-21 14:47:33,007 - Detector - INFO - [1m[31m-----------------------------------------------------[0m
2025-09-21 14:47:33,007 - Detector - INFO - [1m[31mFrom:      0xdeadbeefdeadbeefdeadbeefdeadbeefdeadbeef[0m
2025-09-21 14:47:33,007 - Detector - INFO - [1m[31mTo:        0x2c5e8a3b3aad9df32339409534e64dfcabcd3a65[0m
2025-09-21 14:47:33,007 - Detector - INFO - [1m[31mValue:     0 Wei[0m
2025-09-21 14:47:33,007 - Detector - INFO - [1m[31mGas Limit: 4500000[0m
2025-09-21 14:47:33,007 - Detector - INFO - [1m[31mInput:     0xd73dd623000000000000000000000000ffffffff[0m
2025-09-21 14:47:33,007 - Detector - INFO - [1m[31m           ffffffffffffffffffffffffffffffff85484d2c7e[0m
2025-09-21 14:47:33,007 - Detector - INFO - [1m[31m           3d767bae6e3278bb01be004b02cb4b161092e8e963[0m
2025-09-21 14:47:33,007 - Detector - INFO - [1m[31m           830d4c498170[0m
2025-09-21 14:47:33,007 - Detector - INFO - [1m[31m-----------------------------------------------------[0m
2025-09-21 14:47:33,007 - Detector - INFO - [1m[31mTransaction 3 - decreaseApproval(address,uint256):[0m
2025-09-21 14:47:33,007 - Detector - INFO - [1m[31m-----------------------------------------------------[0m
2025-09-21 14:47:33,007 - Detector - INFO - [1m[31mFrom:      0xdeadbeefdeadbeefdeadbeefdeadbeefdeadbeef[0m
2025-09-21 14:47:33,007 - Detector - INFO - [1m[31mTo:        0x2c5e8a3b3aad9df32339409534e64dfcabcd3a65[0m
2025-09-21 14:47:33,008 - Detector - INFO - [1m[31mValue:     0 Wei[0m
2025-09-21 14:47:33,008 - Detector - INFO - [1m[31mGas Limit: 4500000[0m
2025-09-21 14:47:33,008 - Detector - INFO - [1m[31mInput:     0x66188463000000000000000000000000cafebabe[0m
2025-09-21 14:47:33,008 - Detector - INFO - [1m[31m           cafebabecafebabecafebabecafebabe576fce4966[0m
2025-09-21 14:47:33,008 - Detector - INFO - [1m[31m           a377349382844ca59f92d94e7b8404467bad796949[0m
2025-09-21 14:47:33,008 - Detector - INFO - [1m[31m           5aeeaddf6df4[0m
2025-09-21 14:47:33,008 - Detector - INFO - [1m[31m-----------------------------------------------------[0m
2025-09-21 14:47:33,008 - Detector - INFO - [1m[31mTransaction 4 - increaseApproval(address,uint256):[0m
2025-09-21 14:47:33,008 - Detector - INFO - [1m[31m-----------------------------------------------------[0m
2025-09-21 14:47:33,008 - Detector - INFO - [1m[31mFrom:      0xdeadbeefdeadbeefdeadbeefdeadbeefdeadbeef[0m
2025-09-21 14:47:33,008 - Detector - INFO - [1m[31mTo:        0x2c5e8a3b3aad9df32339409534e64dfcabcd3a65[0m
2025-09-21 14:47:33,008 - Detector - INFO - [1m[31mValue:     0 Wei[0m
2025-09-21 14:47:33,008 - Detector - INFO - [1m[31mGas Limit: 4500000[0m
2025-09-21 14:47:33,008 - Detector - INFO - [1m[31mInput:     0xd73dd623000000000000000000000000ffffffff[0m
2025-09-21 14:47:33,008 - Detector - INFO - [1m[31m           ffffffffffffffffffffffffffffffff92b0a7c64b[0m
2025-09-21 14:47:33,008 - Detector - INFO - [1m[31m           d5e5febefbfa6d730751d46ad9170f5915ad164539[0m
2025-09-21 14:47:33,008 - Detector - INFO - [1m[31m           ec1486b8a742[0m
2025-09-21 14:47:33,008 - Detector - INFO - [1m[31m-----------------------------------------------------[0m
2025-09-21 14:47:33,012 - Detector - INFO - [1m[33m-----------------------------------------------------[0m
2025-09-21 14:47:33,012 - Detector - INFO - [1m[33m          !!! Assertion failure detected !!!         [0m
2025-09-21 14:47:33,012 - Detector - INFO - [1m[33m-----------------------------------------------------[0m
2025-09-21 14:47:33,012 - Detector - INFO - [1m[33mSWC-ID:   110[0m
2025-09-21 14:47:33,012 - Detector - INFO - [1m[33mSeverity: Medium[0m
2025-09-21 14:47:33,012 - Detector - INFO - [1m[33m-----------------------------------------------------[0m
2025-09-21 14:47:33,012 - Detector - INFO - [1m[33mSource code line:[0m
2025-09-21 14:47:33,012 - Detector - INFO - [1m[33m-----------------------------------------------------[0m
2025-09-21 14:47:33,013 - Detector - INFO - [1m[33m/sb/0x0a8c3b7e149891ff594e3ad580f8e1769151a07b.sol:59:1[0m
2025-09-21 14:47:33,013 - Detector - INFO - [1m[33massert(c >= a)[0m
2025-09-21 14:47:33,013 - Detector - INFO - [1m[33m-----------------------------------------------------[0m
2025-09-21 14:47:33,013 - Detector - INFO - [1m[33mTransaction sequence:[0m
2025-09-21 14:47:33,013 - Detector - INFO - [1m[33m-----------------------------------------------------[0m
2025-09-21 14:47:33,013 - Detector - INFO - [1m[33mTransaction 1 - approve(address,uint256):[0m
2025-09-21 14:47:33,013 - Detector - INFO - [1m[33m-----------------------------------------------------[0m
2025-09-21 14:47:33,013 - Detector - INFO - [1m[33mFrom:      0xcafebabecafebabecafebabecafebabecafebabe[0m
2025-09-21 14:47:33,013 - Detector - INFO - [1m[33mTo:        0x2c5e8a3b3aad9df32339409534e64dfcabcd3a65[0m
2025-09-21 14:47:33,013 - Detector - INFO - [1m[33mValue:     1 Wei[0m
2025-09-21 14:47:33,013 - Detector - INFO - [1m[33mGas Limit: 4500000[0m
2025-09-21 14:47:33,013 - Detector - INFO - [1m[33mInput:     0x095ea7b3000000000000000000000000deadbeef[0m
2025-09-21 14:47:33,013 - Detector - INFO - [1m[33m           deadbeefdeadbeefdeadbeefdeadbeefa11c9c2d96[0m
2025-09-21 14:47:33,013 - Detector - INFO - [1m[33m           5852aaf226f96c3197f90859173178137cfee99838[0m
2025-09-21 14:47:33,013 - Detector - INFO - [1m[33m           2c3feb24a8dc[0m
2025-09-21 14:47:33,013 - Detector - INFO - [1m[33m-----------------------------------------------------[0m
2025-09-21 14:47:33,013 - Detector - INFO - [1m[33mTransaction 2 - increaseApproval(address,uint256):[0m
2025-09-21 14:47:33,013 - Detector - INFO - [1m[33m-----------------------------------------------------[0m
2025-09-21 14:47:33,013 - Detector - INFO - [1m[33mFrom:      0xdeadbeefdeadbeefdeadbeefdeadbeefdeadbeef[0m
2025-09-21 14:47:33,013 - Detector - INFO - [1m[33mTo:        0x2c5e8a3b3aad9df32339409534e64dfcabcd3a65[0m
2025-09-21 14:47:33,013 - Detector - INFO - [1m[33mValue:     0 Wei[0m
2025-09-21 14:47:33,013 - Detector - INFO - [1m[33mGas Limit: 4500000[0m
2025-09-21 14:47:33,014 - Detector - INFO - [1m[33mInput:     0xd73dd623000000000000000000000000ffffffff[0m
2025-09-21 14:47:33,014 - Detector - INFO - [1m[33m           ffffffffffffffffffffffffffffffff85484d2c7e[0m
2025-09-21 14:47:33,014 - Detector - INFO - [1m[33m           3d767bae6e3278bb01be004b02cb4b161092e8e963[0m
2025-09-21 14:47:33,014 - Detector - INFO - [1m[33m           830d4c498170[0m
2025-09-21 14:47:33,014 - Detector - INFO - [1m[33m-----------------------------------------------------[0m
2025-09-21 14:47:33,014 - Detector - INFO - [1m[33mTransaction 3 - decreaseApproval(address,uint256):[0m
2025-09-21 14:47:33,014 - Detector - INFO - [1m[33m-----------------------------------------------------[0m
2025-09-21 14:47:33,014 - Detector - INFO - [1m[33mFrom:      0xdeadbeefdeadbeefdeadbeefdeadbeefdeadbeef[0m
2025-09-21 14:47:33,014 - Detector - INFO - [1m[33mTo:        0x2c5e8a3b3aad9df32339409534e64dfcabcd3a65[0m
2025-09-21 14:47:33,014 - Detector - INFO - [1m[33mValue:     0 Wei[0m
2025-09-21 14:47:33,014 - Detector - INFO - [1m[33mGas Limit: 4500000[0m
2025-09-21 14:47:33,014 - Detector - INFO - [1m[33mInput:     0x66188463000000000000000000000000cafebabe[0m
2025-09-21 14:47:33,014 - Detector - INFO - [1m[33m           cafebabecafebabecafebabecafebabe576fce4966[0m
2025-09-21 14:47:33,014 - Detector - INFO - [1m[33m           a377349382844ca59f92d94e7b8404467bad796949[0m
2025-09-21 14:47:33,014 - Detector - INFO - [1m[33m           5aeeaddf6df4[0m
2025-09-21 14:47:33,014 - Detector - INFO - [1m[33m-----------------------------------------------------[0m
2025-09-21 14:47:33,014 - Detector - INFO - [1m[33mTransaction 4 - increaseApproval(address,uint256):[0m
2025-09-21 14:47:33,014 - Detector - INFO - [1m[33m-----------------------------------------------------[0m
2025-09-21 14:47:33,014 - Detector - INFO - [1m[33mFrom:      0xdeadbeefdeadbeefdeadbeefdeadbeefdeadbeef[0m
2025-09-21 14:47:33,014 - Detector - INFO - [1m[33mTo:        0x2c5e8a3b3aad9df32339409534e64dfcabcd3a65[0m
2025-09-21 14:47:33,014 - Detector - INFO - [1m[33mValue:     0 Wei[0m
2025-09-21 14:47:33,014 - Detector - INFO - [1m[33mGas Limit: 4500000[0m
2025-09-21 14:47:33,014 - Detector - INFO - [1m[33mInput:     0xd73dd623000000000000000000000000ffffffff[0m
2025-09-21 14:47:33,015 - Detector - INFO - [1m[33m           ffffffffffffffffffffffffffffffff92b0a7c64b[0m
2025-09-21 14:47:33,015 - Detector - INFO - [1m[33m           d5e5febefbfa6d730751d46ad9170f5915ad164539[0m
2025-09-21 14:47:33,015 - Detector - INFO - [1m[33m           ec1486b8a742[0m
2025-09-21 14:47:33,015 - Detector - INFO - [1m[33m-----------------------------------------------------[0m
2025-09-21 14:47:33,301 - Analysis - INFO - [1mGeneration number 5 	 Code coverage: 69.80% (779/1116) 	 Branch coverage: 88.00% (44/50) 	 Transactions: 252 (98 unique)   	 Time: 1.9989213943481445[0m
2025-09-21 14:47:33,802 - Analysis - INFO - [1mGeneration number 6 	 Code coverage: 69.80% (779/1116) 	 Branch coverage: 88.00% (44/50) 	 Transactions: 314 (115 unique)   	 Time: 2.4996886253356934[0m
2025-09-21 14:47:34,359 - Analysis - INFO - [1mGeneration number 7 	 Code coverage: 69.80% (779/1116) 	 Branch coverage: 88.00% (44/50) 	 Transactions: 376 (133 unique)   	 Time: 3.0567283630371094[0m
2025-09-21 14:47:34,940 - Analysis - INFO - [1mGeneration number 8 	 Code coverage: 69.80% (779/1116) 	 Branch coverage: 88.00% (44/50) 	 Transactions: 442 (150 unique)   	 Time: 3.637885570526123[0m
2025-09-21 14:47:35,519 - Analysis - INFO - [1mGeneration number 9 	 Code coverage: 69.80% (779/1116) 	 Branch coverage: 88.00% (44/50) 	 Transactions: 506 (168 unique)   	 Time: 4.216960191726685[0m
2025-09-21 14:47:36,110 - Analysis - INFO - [1mGeneration number 10 	 Code coverage: 69.80% (779/1116) 	 Branch coverage: 88.00% (44/50) 	 Transactions: 574 (186 unique)   	 Time: 4.807275295257568[0m
2025-09-21 14:47:36,152 - Analysis - INFO - [1m-----------------------------------------------------[0m
2025-09-21 14:47:36,152 - Analysis - INFO - Number of generations: 	 10
2025-09-21 14:47:36,152 - Analysis - INFO - Number of transactions: 	 574 (186 unique)
2025-09-21 14:47:36,152 - Analysis - INFO - Transactions per second: 	 118
2025-09-21 14:47:36,153 - Analysis - INFO - Total code coverage: 	 69.80% (779/1116)
2025-09-21 14:47:36,153 - Analysis - INFO - Total branch coverage: 	 88.00% (44/50)
2025-09-21 14:47:36,153 - Analysis - INFO - Total execution time: 	 4.85 seconds
2025-09-21 14:47:36,153 - Analysis - INFO - Total memory consumption: 	 67.64 MB
2025-09-21 14:47:36,155 - Fuzzer   - INFO - [1mFuzzing contract [1mTocosToken[0m[0m
2025-09-21 14:47:36,300 - Analysis - INFO - [1mGeneration number 0 	 Code coverage: 70.78% (1037/1465) 	 Branch coverage: 76.32% (58/76) 	 Transactions: 25 (24 unique)   	 Time: 0.13628172874450684[0m
2025-09-21 14:47:36,516 - Analysis - INFO - [1mGeneration number 1 	 Code coverage: 74.33% (1089/1465) 	 Branch coverage: 78.95% (60/76) 	 Transactions: 54 (41 unique)   	 Time: 0.35213327407836914[0m
2025-09-21 14:47:36,655 - Detector - INFO - [1m[31m-----------------------------------------------------[0m
2025-09-21 14:47:36,656 - Detector - INFO - [1m[31m          !!! Integer overflow detected !!!          [0m
2025-09-21 14:47:36,656 - Detector - INFO - [1m[31m-----------------------------------------------------[0m
2025-09-21 14:47:36,656 - Detector - INFO - [1m[31mSWC-ID:   101[0m
2025-09-21 14:47:36,656 - Detector - INFO - [1m[31mSeverity: High[0m
2025-09-21 14:47:36,656 - Detector - INFO - [1m[31m-----------------------------------------------------[0m
2025-09-21 14:47:36,656 - Detector - INFO - [1m[31mSource code line:[0m
2025-09-21 14:47:36,656 - Detector - INFO - [1m[31m-----------------------------------------------------[0m
2025-09-21 14:47:36,656 - Detector - INFO - [1m[31m/sb/0x0a8c3b7e149891ff594e3ad580f8e1769151a07b.sol:58:1[0m
2025-09-21 14:47:36,656 - Detector - INFO - [1m[31ma + b[0m
2025-09-21 14:47:36,656 - Detector - INFO - [1m[31m-----------------------------------------------------[0m
2025-09-21 14:47:36,656 - Detector - INFO - [1m[31mTransaction sequence:[0m
2025-09-21 14:47:36,656 - Detector - INFO - [1m[31m-----------------------------------------------------[0m
2025-09-21 14:47:36,656 - Detector - INFO - [1m[31mTransaction 1 - increaseApproval(address,uint256):[0m
2025-09-21 14:47:36,656 - Detector - INFO - [1m[31m-----------------------------------------------------[0m
2025-09-21 14:47:36,656 - Detector - INFO - [1m[31mFrom:      0xcafebabecafebabecafebabecafebabecafebabe[0m
2025-09-21 14:47:36,656 - Detector - INFO - [1m[31mTo:        0x2c5e8a3b3aad9df32339409534e64dfcabcd3a65[0m
2025-09-21 14:47:36,656 - Detector - INFO - [1m[31mValue:     0 Wei[0m
2025-09-21 14:47:36,656 - Detector - INFO - [1m[31mGas Limit: 4500000[0m
2025-09-21 14:47:36,656 - Detector - INFO - [1m[31mInput:     0xd73dd623000000000000000000000000ffffffff[0m
2025-09-21 14:47:36,656 - Detector - INFO - [1m[31m           ffffffffffffffffffffffffffffffff0000000000[0m
2025-09-21 14:47:36,656 - Detector - INFO - [1m[31m           000000000000000000000000000000000000000000[0m
2025-09-21 14:47:36,656 - Detector - INFO - [1m[31m           000000000001[0m
2025-09-21 14:47:36,656 - Detector - INFO - [1m[31m-----------------------------------------------------[0m
2025-09-21 14:47:36,656 - Detector - INFO - [1m[31mTransaction 2 - approve(address,uint256):[0m
2025-09-21 14:47:36,656 - Detector - INFO - [1m[31m-----------------------------------------------------[0m
2025-09-21 14:47:36,656 - Detector - INFO - [1m[31mFrom:      0xcafebabecafebabecafebabecafebabecafebabe[0m
2025-09-21 14:47:36,656 - Detector - INFO - [1m[31mTo:        0x2c5e8a3b3aad9df32339409534e64dfcabcd3a65[0m
2025-09-21 14:47:36,656 - Detector - INFO - [1m[31mValue:     0 Wei[0m
2025-09-21 14:47:36,656 - Detector - INFO - [1m[31mGas Limit: 4500000[0m
2025-09-21 14:47:36,656 - Detector - INFO - [1m[31mInput:     0x095ea7b3000000000000000000000000cafebabe[0m
2025-09-21 14:47:36,656 - Detector - INFO - [1m[31m           cafebabecafebabecafebabecafebabe0000000000[0m
2025-09-21 14:47:36,656 - Detector - INFO - [1m[31m           000000000000000000000000000000000000000000[0m
2025-09-21 14:47:36,656 - Detector - INFO - [1m[31m           000000000002[0m
2025-09-21 14:47:36,656 - Detector - INFO - [1m[31m-----------------------------------------------------[0m
2025-09-21 14:47:36,657 - Detector - INFO - [1m[31mTransaction 3 - increaseApproval(address,uint256):[0m
2025-09-21 14:47:36,657 - Detector - INFO - [1m[31m-----------------------------------------------------[0m
2025-09-21 14:47:36,657 - Detector - INFO - [1m[31mFrom:      0xcafebabecafebabecafebabecafebabecafebabe[0m
2025-09-21 14:47:36,657 - Detector - INFO - [1m[31mTo:        0x2c5e8a3b3aad9df32339409534e64dfcabcd3a65[0m
2025-09-21 14:47:36,657 - Detector - INFO - [1m[31mValue:     0 Wei[0m
2025-09-21 14:47:36,657 - Detector - INFO - [1m[31mGas Limit: 4500000[0m
2025-09-21 14:47:36,657 - Detector - INFO - [1m[31mInput:     0xd73dd623000000000000000000000000ffffffff[0m
2025-09-21 14:47:36,657 - Detector - INFO - [1m[31m           ffffffffffffffffffffffffffffffffffffffffff[0m
2025-09-21 14:47:36,657 - Detector - INFO - [1m[31m           ffffffffffffffffffffffffffffffffffffffffff[0m
2025-09-21 14:47:36,657 - Detector - INFO - [1m[31m           ffffffffffff[0m
2025-09-21 14:47:36,657 - Detector - INFO - [1m[31m-----------------------------------------------------[0m
2025-09-21 14:47:36,660 - Detector - INFO - [1m[33m-----------------------------------------------------[0m
2025-09-21 14:47:36,660 - Detector - INFO - [1m[33m          !!! Assertion failure detected !!!         [0m
2025-09-21 14:47:36,660 - Detector - INFO - [1m[33m-----------------------------------------------------[0m
2025-09-21 14:47:36,660 - Detector - INFO - [1m[33mSWC-ID:   110[0m
2025-09-21 14:47:36,660 - Detector - INFO - [1m[33mSeverity: Medium[0m
2025-09-21 14:47:36,660 - Detector - INFO - [1m[33m-----------------------------------------------------[0m
2025-09-21 14:47:36,660 - Detector - INFO - [1m[33mSource code line:[0m
2025-09-21 14:47:36,660 - Detector - INFO - [1m[33m-----------------------------------------------------[0m
2025-09-21 14:47:36,660 - Detector - INFO - [1m[33m/sb/0x0a8c3b7e149891ff594e3ad580f8e1769151a07b.sol:59:1[0m
2025-09-21 14:47:36,660 - Detector - INFO - [1m[33massert(c >= a)[0m
2025-09-21 14:47:36,660 - Detector - INFO - [1m[33m-----------------------------------------------------[0m
2025-09-21 14:47:36,660 - Detector - INFO - [1m[33mTransaction sequence:[0m
2025-09-21 14:47:36,660 - Detector - INFO - [1m[33m-----------------------------------------------------[0m
2025-09-21 14:47:36,660 - Detector - INFO - [1m[33mTransaction 1 - increaseApproval(address,uint256):[0m
2025-09-21 14:47:36,660 - Detector - INFO - [1m[33m-----------------------------------------------------[0m
2025-09-21 14:47:36,660 - Detector - INFO - [1m[33mFrom:      0xcafebabecafebabecafebabecafebabecafebabe[0m
2025-09-21 14:47:36,660 - Detector - INFO - [1m[33mTo:        0x2c5e8a3b3aad9df32339409534e64dfcabcd3a65[0m
2025-09-21 14:47:36,660 - Detector - INFO - [1m[33mValue:     0 Wei[0m
2025-09-21 14:47:36,660 - Detector - INFO - [1m[33mGas Limit: 4500000[0m
2025-09-21 14:47:36,660 - Detector - INFO - [1m[33mInput:     0xd73dd623000000000000000000000000ffffffff[0m
2025-09-21 14:47:36,660 - Detector - INFO - [1m[33m           ffffffffffffffffffffffffffffffff0000000000[0m
2025-09-21 14:47:36,660 - Detector - INFO - [1m[33m           000000000000000000000000000000000000000000[0m
2025-09-21 14:47:36,660 - Detector - INFO - [1m[33m           000000000001[0m
2025-09-21 14:47:36,660 - Detector - INFO - [1m[33m-----------------------------------------------------[0m
2025-09-21 14:47:36,660 - Detector - INFO - [1m[33mTransaction 2 - approve(address,uint256):[0m
2025-09-21 14:47:36,660 - Detector - INFO - [1m[33m-----------------------------------------------------[0m
2025-09-21 14:47:36,660 - Detector - INFO - [1m[33mFrom:      0xcafebabecafebabecafebabecafebabecafebabe[0m
2025-09-21 14:47:36,660 - Detector - INFO - [1m[33mTo:        0x2c5e8a3b3aad9df32339409534e64dfcabcd3a65[0m
2025-09-21 14:47:36,660 - Detector - INFO - [1m[33mValue:     0 Wei[0m
2025-09-21 14:47:36,660 - Detector - INFO - [1m[33mGas Limit: 4500000[0m
2025-09-21 14:47:36,660 - Detector - INFO - [1m[33mInput:     0x095ea7b3000000000000000000000000cafebabe[0m
2025-09-21 14:47:36,660 - Detector - INFO - [1m[33m           cafebabecafebabecafebabecafebabe0000000000[0m
2025-09-21 14:47:36,660 - Detector - INFO - [1m[33m           000000000000000000000000000000000000000000[0m
2025-09-21 14:47:36,660 - Detector - INFO - [1m[33m           000000000002[0m
2025-09-21 14:47:36,661 - Detector - INFO - [1m[33m-----------------------------------------------------[0m
2025-09-21 14:47:36,661 - Detector - INFO - [1m[33mTransaction 3 - increaseApproval(address,uint256):[0m
2025-09-21 14:47:36,661 - Detector - INFO - [1m[33m-----------------------------------------------------[0m
2025-09-21 14:47:36,661 - Detector - INFO - [1m[33mFrom:      0xcafebabecafebabecafebabecafebabecafebabe[0m
2025-09-21 14:47:36,661 - Detector - INFO - [1m[33mTo:        0x2c5e8a3b3aad9df32339409534e64dfcabcd3a65[0m
2025-09-21 14:47:36,661 - Detector - INFO - [1m[33mValue:     0 Wei[0m
2025-09-21 14:47:36,661 - Detector - INFO - [1m[33mGas Limit: 4500000[0m
2025-09-21 14:47:36,661 - Detector - INFO - [1m[33mInput:     0xd73dd623000000000000000000000000ffffffff[0m
2025-09-21 14:47:36,661 - Detector - INFO - [1m[33m           ffffffffffffffffffffffffffffffffffffffffff[0m
2025-09-21 14:47:36,661 - Detector - INFO - [1m[33m           ffffffffffffffffffffffffffffffffffffffffff[0m
2025-09-21 14:47:36,661 - Detector - INFO - [1m[33m           ffffffffffff[0m
2025-09-21 14:47:36,661 - Detector - INFO - [1m[33m-----------------------------------------------------[0m
2025-09-21 14:47:36,896 - Analysis - INFO - [1mGeneration number 2 	 Code coverage: 74.40% (1090/1465) 	 Branch coverage: 80.26% (61/76) 	 Transactions: 98 (59 unique)   	 Time: 0.7323281764984131[0m
2025-09-21 14:47:37,516 - Analysis - INFO - [1mGeneration number 3 	 Code coverage: 74.40% (1090/1465) 	 Branch coverage: 80.26% (61/76) 	 Transactions: 173 (80 unique)   	 Time: 1.3518519401550293[0m
2025-09-21 14:47:38,308 - Analysis - INFO - [1mGeneration number 4 	 Code coverage: 74.40% (1090/1465) 	 Branch coverage: 80.26% (61/76) 	 Transactions: 262 (103 unique)   	 Time: 2.1441450119018555[0m
2025-09-21 14:47:39,195 - Analysis - INFO - [1mGeneration number 5 	 Code coverage: 74.40% (1090/1465) 	 Branch coverage: 80.26% (61/76) 	 Transactions: 362 (127 unique)   	 Time: 3.0307538509368896[0m
2025-09-21 14:47:40,094 - Analysis - INFO - [1mGeneration number 6 	 Code coverage: 74.40% (1090/1465) 	 Branch coverage: 80.26% (61/76) 	 Transactions: 462 (150 unique)   	 Time: 3.93060564994812[0m
2025-09-21 14:47:41,072 - Analysis - INFO - [1mGeneration number 7 	 Code coverage: 74.40% (1090/1465) 	 Branch coverage: 80.26% (61/76) 	 Transactions: 569 (173 unique)   	 Time: 4.908010244369507[0m
2025-09-21 14:47:42,026 - Analysis - INFO - [1mGeneration number 8 	 Code coverage: 74.40% (1090/1465) 	 Branch coverage: 80.26% (61/76) 	 Transactions: 673 (197 unique)   	 Time: 5.861919403076172[0m
2025-09-21 14:47:42,989 - Analysis - INFO - [1mGeneration number 9 	 Code coverage: 74.40% (1090/1465) 	 Branch coverage: 80.26% (61/76) 	 Transactions: 782 (221 unique)   	 Time: 6.82488489151001[0m
2025-09-21 14:47:43,969 - Analysis - INFO - [1mGeneration number 10 	 Code coverage: 74.40% (1090/1465) 	 Branch coverage: 80.26% (61/76) 	 Transactions: 893 (245 unique)   	 Time: 7.804958820343018[0m
2025-09-21 14:47:44,024 - Analysis - INFO - [1m-----------------------------------------------------[0m
2025-09-21 14:47:44,024 - Analysis - INFO - Number of generations: 	 10
2025-09-21 14:47:44,024 - Analysis - INFO - Number of transactions: 	 893 (245 unique)
2025-09-21 14:47:44,024 - Analysis - INFO - Transactions per second: 	 114
2025-09-21 14:47:44,024 - Analysis - INFO - Total code coverage: 	 74.40% (1090/1465)
2025-09-21 14:47:44,024 - Analysis - INFO - Total branch coverage: 	 80.26% (61/76)
2025-09-21 14:47:44,024 - Analysis - INFO - Total execution time: 	 7.86 seconds
2025-09-21 14:47:44,025 - Analysis - INFO - Total memory consumption: 	 69.31 MB

     ______            ______                _           
    / ____/___  ____  / ____/_  __________  (_)_  _______
   / /   / __ \/ __ \/ /_  / / / /_  /_  / / / / / / ___/
  / /___/ /_/ / / / / __/ / /_/ / / /_/ /_/ / /_/ (__  ) 
  \____/\____/_/ /_/_/    \__,_/ /___/___/_/\__,_/____/  

delteed file
