'solc --version' running
'solc /sb/0x00c7221d5fbdaab1448675a156876efb885a6449.sol --combined-json abi,ast,bin,bin-runtime,srcmap,srcmap-runtime,userdoc,devdoc,hashes,compact-format --allow-paths .,/sb' running

Version constraint ^0.4.21 contains known severe issues (https://solidity.readthedocs.io/en/latest/bugs.html)
	- DirtyBytesArrayToStorage
	- ABIDecodeTwoDimensionalArrayMemory
	- KeccakCaching
	- EmptyByteArrayCopy
	- DynamicArrayCleanup
	- ImplicitConstructorCallvalueCheck
	- TupleAssignmentMultiStackSlotComponents
	- MemoryArrayCreationOverflow
	- privateCanBeOverridden
	- SignedArrayStorageCopy
	- ABIEncoderV2StorageArrayWithMultiSlotElement
	- DynamicConstructorArgumentsClippedABIV2
	- UninitializedFunctionPointerInConstructor_0.4.x
	- IncorrectEventSignatureInLibraries_0.4.x
	- ABIEncoderV2PackedStorage_0.4.x
	- ExpExponentCleanup
	- EventStructWrongData
	- NestedArrayFunctionCallDecoder.
It is used by:
	- ^0.4.21 (../../sb/0x00c7221d5fbdaab1448675a156876efb885a6449.sol#1)
solc-0.4.26 is an outdated solc version. Use a more recent version (at least 0.8.0), if possible.
Reference: https://github.com/crytic/slither/wiki/Detector-Documentation#incorrect-versions-of-solidity

Contract DENMARK_WINS (../../sb/0x00c7221d5fbdaab1448675a156876efb885a6449.sol#3-56) is not in CapWords
Function DENMARK_WINS.SimpleERC20Token() (../../sb/0x00c7221d5fbdaab1448675a156876efb885a6449.sol#15-18) is not in mixedCase
Reference: https://github.com/crytic/slither/wiki/Detector-Documentation#conformance-to-solidity-naming-conventions

DENMARK_WINS.slitherConstructorVariables() (../../sb/0x00c7221d5fbdaab1448675a156876efb885a6449.sol#3-56) uses literals with too many digits:
	- totalSupply = 1165947079929830000000000000 (../../sb/0x00c7221d5fbdaab1448675a156876efb885a6449.sol#11)
Reference: https://github.com/crytic/slither/wiki/Detector-Documentation#too-many-digits

DENMARK_WINS.decimals (../../sb/0x00c7221d5fbdaab1448675a156876efb885a6449.sol#9) should be constant 
DENMARK_WINS.name (../../sb/0x00c7221d5fbdaab1448675a156876efb885a6449.sol#7) should be constant 
DENMARK_WINS.symbol (../../sb/0x00c7221d5fbdaab1448675a156876efb885a6449.sol#8) should be constant 
DENMARK_WINS.totalSupply (../../sb/0x00c7221d5fbdaab1448675a156876efb885a6449.sol#11) should be constant 
Reference: https://github.com/crytic/slither/wiki/Detector-Documentation#state-variables-that-could-be-declared-constant
/sb/0x00c7221d5fbdaab1448675a156876efb885a6449.sol analyzed (1 contracts with 93 detectors), 9 result(s) found
