Extract contract IntegerOverflowAdd from /sb/integer_overflow_add.sol
Extracted 1 contract(s) from /sb/integer_overflow_add.sol
[0;32m> Created "fuzzMe"[0m
[0;32m> To fuzz contracts:[0m
  chmod +x fuzzMe
  ./fuzzMe
assets/NormalAttacker.sol:5:3: Warning: No visibility specified. Defaulting to "public". 
  function() payable {
  ^ (Relevant source part starts here and spans across multiple lines).
assets/ReentrancyAttacker.sol:8:7: Warning: Return value of low-level calls not used.
      msg.sender.call(bytes4(255));
      ^--------------------------^
assets/ReentrancyAttacker.sol:5:3: Warning: No visibility specified. Defaulting to "public". 
  function() payable {
  ^ (Relevant source part starts here and spans across multiple lines).
>> Fuzz IntegerOverflowAdd
** Write stats: 0.011797
** Write stats: 5.00007
** Write stats: 10.0001
** Write stats: 15.0002
** Write stats: 20.0001
** Write stats: 25.2101
** Write stats: 30.0001
** Write stats: 35.0001
** Write stats: 40.0001
** Write stats: 45.0001
** Write stats: 50.0009
** Write stats: 55.0002
** Write stats: 60.0001
** Write stats: 65
** Write stats: 70.0001
** Write stats: 75.0001
** Write stats: 80.0001
** Write stats: 85.0001
** Write stats: 90.6255
** Write stats: 95
** Write stats: 100
** Write stats: 105.009
** Write stats: 110
** Write stats: 115
** Write stats: 120.001
