Extract contract IntegerOverflowAdd from /sb/integer_overflow_add.sol
Extracted 1 contract(s) from /sb/integer_overflow_add.sol
[0;32m> Created "fuzzMe"[0m
[0;32m> To fuzz contracts:[0m
  chmod +x fuzzMe
  ./fuzzMe
assets/NormalAttacker.sol:5:3: Warning: No visibility specified. Defaulting to "public". 
  function() payable {
  ^ (Relevant source part starts here and spans across multiple lines).
assets/ReentrancyAttacker.sol:8:7: Warning: Return value of low-level calls not used.
      msg.sender.call(bytes4(255));
      ^--------------------------^
assets/ReentrancyAttacker.sol:5:3: Warning: No visibility specified. Defaulting to "public". 
  function() payable {
  ^ (Relevant source part starts here and spans across multiple lines).
>> Fuzz IntegerOverflowAdd
** Write stats: 0.009877
** Write stats: 5.0001
** Write stats: 10.0001
** Write stats: 15.0001
** Write stats: 20.0001
** Write stats: 25.0001
** Write stats: 30.0001
** Write stats: 35.0001
** Write stats: 40.0002
** Write stats: 45.0001
** Write stats: 50.0001
** Write stats: 55.0014
** Write stats: 60
** Write stats: 65.0001
** Write stats: 70.0001
** Write stats: 75.0001
** Write stats: 80.0001
** Write stats: 85.0001
** Write stats: 90.0001
** Write stats: 95.0001
** Write stats: 100
** Write stats: 105
** Write stats: 110
** Write stats: 115.002
** Write stats: 120
** Write stats: 125
** Write stats: 130
** Write stats: 135
** Write stats: 140
** Write stats: 145.003
** Write stats: 150
** Write stats: 155
** Write stats: 165.004
** Write stats: 170.005
** Write stats: 175.001
** Write stats: 180
** Write stats: 185
** Write stats: 190.007
** Write stats: 195
** Write stats: 200.001
** Write stats: 205
** Write stats: 210
** Write stats: 215
** Write stats: 220
** Write stats: 225
** Write stats: 230
** Write stats: 235
** Write stats: 240.001
** Write stats: 245.005
** Write stats: 250
** Write stats: 255
** Write stats: 260.008
** Write stats: 265
** Write stats: 270
** Write stats: 275
** Write stats: 280
** Write stats: 285.001
** Write stats: 290.003
** Write stats: 295
** Write stats: 300.028
** Write stats: 305
** Write stats: 310.001
** Write stats: 315
** Write stats: 320
** Write stats: 325
** Write stats: 330.008
** Write stats: 335
** Write stats: 340
** Write stats: 345
** Write stats: 350
** Write stats: 355.406
** Write stats: 360.613
** Write stats: 395.112
** Write stats: 415.64
** Write stats: 420.154
** Write stats: 475.431
** Write stats: 480.257
** Write stats: 510.079
** Write stats: 515.333
** Write stats: 520.714
** Write stats: 526.021
** Write stats: 530.855
** Write stats: 535.013
** Write stats: 555.881
** Write stats: 560.523
** Write stats: 580.919
** Write stats: 635.209
** Write stats: 670.207
** Write stats: 700.644
** Write stats: 705.765
** Write stats: 725.283
** Write stats: 740.814
** Write stats: 765.823
** Write stats: 770.316
** Write stats: 775.269
** Write stats: 780.271
** Write stats: 791
** Write stats: 795.384
** Write stats: 805.769
** Write stats: 830.541
** Write stats: 835.451
** Write stats: 850.76
** Write stats: 855.912
** Write stats: 860.635
** Write stats: 865.598
** Write stats: 870.277
** Write stats: 875.559
** Write stats: 880.207
** Write stats: 885.286
** Write stats: 890.177
** Write stats: 895.48
** Write stats: 898.062
