PHI instruction need arguments but 0 was given

Traceback (most recent call last):
  File "conkas.py", line 114, in main
    traces = sym_exec.execute()
  File "/conkas/sym_exec/symbolic_executor.py", line 51, in execute
    new_traces = self.__sym_exec_traces(traces_to_execute)
  File "/conkas/sym_exec/symbolic_executor.py", line 64, in __sym_exec_traces
    new_blocks = self.__sym_exec_block(block_to_analyse, trace.state)
  File "/conkas/sym_exec/symbolic_executor.py", line 93, in __sym_exec_block
    new_blocks = self.__sym_exec_instruction(instruction, state)
  File "/conkas/sym_exec/symbolic_executor.py", line 116, in __sym_exec_instruction
    return func(instruction, state)
  File "/conkas/sym_exec/instructions/rattle_instructions.py", line 58, in inst_phi
    raise Exception
Exception
ANTLR runtime and generated code versions disagree: 4.9.2!=4.7.2
ANTLR runtime and generated code versions disagree: 4.9.2!=4.7.2
Analysing /sb/0x0c1d55e948d26c1e7a6bc9a1f93c9d15395a39f1.sol:ERC20...
Nothing to analyse
Analysing /sb/0x0c1d55e948d26c1e7a6bc9a1f93c9d15395a39f1.sol:JCT...
Analysing /sb/0x0c1d55e948d26c1e7a6bc9a1f93c9d15395a39f1.sol:Ownable...
Analysing /sb/0x0c1d55e948d26c1e7a6bc9a1f93c9d15395a39f1.sol:SafeMath...
