Extract contract MyToken from /sb/short_address_example.sol
Extracted 1 contract(s) from /sb/short_address_example.sol
[0;32m> Created "fuzzMe"[0m
[0;32m> To fuzz contracts:[0m
  chmod +x fuzzMe
  ./fuzzMe
contracts/MyToken.sol:14:6: Warning: Defining constructors as functions with the same name as the contract is deprecated. Use "constructor(...) { ... }" instead.
     function MyToken() {
     ^ (Relevant source part starts here and spans across multiple lines).
contracts/MyToken.sol:22:10: Warning: Invoking events without "emit" prefix is deprecated.
         Transfer(msg.sender, to, amount);
         ^------------------------------^
contracts/MyToken.sol:14:6: Warning: No visibility specified. Defaulting to "public". 
     function MyToken() {
     ^ (Relevant source part starts here and spans across multiple lines).
contracts/MyToken.sol:18:6: Warning: No visibility specified. Defaulting to "public". 
     function sendCoin(address to, uint amount) returns(bool sufficient) {
     ^ (Relevant source part starts here and spans across multiple lines).
contracts/MyToken.sol:26:6: Warning: No visibility specified. Defaulting to "public". 
     function getBalance(address addr) constant returns(uint) {
     ^ (Relevant source part starts here and spans across multiple lines).
assets/NormalAttacker.sol:5:3: Warning: No visibility specified. Defaulting to "public". 
  function() payable {
  ^ (Relevant source part starts here and spans across multiple lines).
assets/ReentrancyAttacker.sol:8:7: Warning: Return value of low-level calls not used.
      msg.sender.call(bytes4(255));
      ^--------------------------^
assets/ReentrancyAttacker.sol:5:3: Warning: No visibility specified. Defaulting to "public". 
  function() payable {
  ^ (Relevant source part starts here and spans across multiple lines).
>> Fuzz MyToken
** Write stats: 0.009048
** Write stats: 5.00302
** Write stats: 10.0013
** Write stats: 15.0054
** Write stats: 20.0044
** Write stats: 25.0057
** Write stats: 30.002
** Write stats: 35.0062
** Write stats: 40.0028
** Write stats: 45.0064
** Write stats: 50.0065
** Write stats: 55.0048
** Write stats: 60.0069
** Write stats: 65.0064
** Write stats: 70.0013
** Write stats: 75.0053
** Write stats: 80.0035
** Write stats: 85.003
** Write stats: 90.0041
** Write stats: 95.0066
** Write stats: 100
** Write stats: 105.005
** Write stats: 110.007
** Write stats: 115.004
** Write stats: 120.004
** Write stats: 125.005
** Write stats: 130.006
** Write stats: 135.004
** Write stats: 140.003
** Write stats: 145.001
** Write stats: 150.005
** Write stats: 155.007
** Write stats: 160.003
** Write stats: 165.006
** Write stats: 170.002
** Write stats: 175.003
** Write stats: 180.005
** Write stats: 185
** Write stats: 190.009
** Write stats: 195.02
** Write stats: 200.006
** Write stats: 205.013
** Write stats: 210.013
** Write stats: 215.018
** Write stats: 220.019
** Write stats: 225.054
** Write stats: 230.02
** Write stats: 235.03
** Write stats: 240.038
** Write stats: 245.017
** Write stats: 250.041
** Write stats: 255.021
** Write stats: 260
** Write stats: 265.005
** Write stats: 270.008
** Write stats: 275.014
** Write stats: 280.119
** Write stats: 285.018
** Write stats: 290.002
** Write stats: 295.028
** Write stats: 298.039
