Extract contract RandomNumberGenerator from /sb/random_number_generator.sol
Extracted 1 contract(s) from /sb/random_number_generator.sol
[0;32m> Created "fuzzMe"[0m
[0;32m> To fuzz contracts:[0m
  chmod +x fuzzMe
  ./fuzzMe
assets/NormalAttacker.sol:5:3: Warning: No visibility specified. Defaulting to "public". 
  function() payable {
  ^ (Relevant source part starts here and spans across multiple lines).
assets/ReentrancyAttacker.sol:8:7: Warning: Return value of low-level calls not used.
      msg.sender.call(bytes4(255));
      ^--------------------------^
assets/ReentrancyAttacker.sol:5:3: Warning: No visibility specified. Defaulting to "public". 
  function() payable {
  ^ (Relevant source part starts here and spans across multiple lines).
>> Fuzz RandomNumberGenerator
** Write stats: 0.005691
** Write stats: 5.00004
** Write stats: 10
** Write stats: 15
** Write stats: 20.0001
** Write stats: 25.0001
** Write stats: 30.0001
** Write stats: 35.0001
** Write stats: 40.0005
** Write stats: 45
** Write stats: 50
** Write stats: 55
** Write stats: 60.0001
** Write stats: 65.0001
** Write stats: 70
** Write stats: 80.0015
** Write stats: 85.0001
** Write stats: 90.0007
** Write stats: 95.0003
** Write stats: 100.001
** Write stats: 105.001
** Write stats: 110
** Write stats: 115
** Write stats: 120
** Write stats: 125.006
** Write stats: 130.006
** Write stats: 135
** Write stats: 140
** Write stats: 145
** Write stats: 150.034
** Write stats: 155
** Write stats: 160
** Write stats: 165
** Write stats: 170
** Write stats: 175.001
./fuzzMe: line 5:    21 Killed                  ./fuzzer --file contracts/RandomNumberGenerator.sol.json --name RandomNumberGenerator --assets assets/ --duration 298 --mode 1 --reporter 1 --log 0 --attacker ReentrancyAttacker
