'solc --version' running
'solc /sb/roulette.sol --combined-json abi,ast,bin,bin-runtime,srcmap,srcmap-runtime,userdoc,devdoc,hashes,compact-format --allow-paths .,/sb' running
Compilation warnings/errors on /sb/roulette.sol:
/sb/roulette.sol:22:33: Warning: Using contract member "balance" inherited from the address type is deprecated. Convert the contract to "address" type to access the member, for example use "address(contract).balance" instead.
            msg.sender.transfer(this.balance);
                                ^----------^


Roulette.fallback() (../../sb/roulette.sol#15-24) sends eth to arbitrary user
	Dangerous calls:
	- msg.sender.transfer(this.balance) (../../sb/roulette.sol#22)
Reference: https://github.com/crytic/slither/wiki/Detector-Documentation#functions-that-send-ether-to-arbitrary-destinations

Roulette.fallback() (../../sb/roulette.sol#15-24) uses a weak PRNG: "now % 15 == 0 (../../sb/roulette.sol#21)" 
Reference: https://github.com/crytic/slither/wiki/Detector-Documentation#weak-PRNG

Roulette.fallback() (../../sb/roulette.sol#15-24) uses a dangerous strict equality:
	- now % 15 == 0 (../../sb/roulette.sol#21)
Reference: https://github.com/crytic/slither/wiki/Detector-Documentation#dangerous-strict-equalities

Roulette.fallback() (../../sb/roulette.sol#15-24) uses timestamp for comparisons
	Dangerous comparisons:
	- require(bool)(now != pastBlockTime) (../../sb/roulette.sol#18)
	- now % 15 == 0 (../../sb/roulette.sol#21)
Reference: https://github.com/crytic/slither/wiki/Detector-Documentation#block-timestamp

Version constraint ^0.4.25 contains known severe issues (https://solidity.readthedocs.io/en/latest/bugs.html)
	- DirtyBytesArrayToStorage
	- ABIDecodeTwoDimensionalArrayMemory
	- KeccakCaching
	- EmptyByteArrayCopy
	- DynamicArrayCleanup
	- ImplicitConstructorCallvalueCheck
	- TupleAssignmentMultiStackSlotComponents
	- MemoryArrayCreationOverflow
	- privateCanBeOverridden
	- SignedArrayStorageCopy
	- ABIEncoderV2StorageArrayWithMultiSlotElement
	- DynamicConstructorArgumentsClippedABIV2
	- UninitializedFunctionPointerInConstructor_0.4.x
	- IncorrectEventSignatureInLibraries_0.4.x
	- ABIEncoderV2PackedStorage_0.4.x.
It is used by:
	- ^0.4.25 (../../sb/roulette.sol#7)
solc-0.4.26 is an outdated solc version. Use a more recent version (at least 0.8.0), if possible.
Reference: https://github.com/crytic/slither/wiki/Detector-Documentation#incorrect-versions-of-solidity
/sb/roulette.sol analyzed (1 contracts with 93 detectors), 6 result(s) found
