2025-09-21 14:34:35,537 - Main     - INFO - [1mInitializing seed to 1427655.0[0m
2025-09-21 14:34:35,585 - Fuzzer   - INFO - [1mFuzzing contract [1mDGCASH[0m[0m
2025-09-21 14:34:35,753 - Analysis - INFO - [1mGeneration number 0 	 Code coverage: 94.01% (911/969) 	 Branch coverage: 79.41% (54/68) 	 Transactions: 23 (22 unique)   	 Time: 0.15612173080444336[0m
2025-09-21 14:34:35,915 - Analysis - INFO - [1mGeneration number 1 	 Code coverage: 94.01% (911/969) 	 Branch coverage: 80.88% (55/68) 	 Transactions: 42 (30 unique)   	 Time: 0.3185086250305176[0m
2025-09-21 14:34:36,859 - Analysis - INFO - [1mGeneration number 2 	 Code coverage: 94.32% (914/969) 	 Branch coverage: 82.35% (56/68) 	 Transactions: 82 (43 unique)   	 Time: 1.2619562149047852[0m
2025-09-21 14:34:37,544 - Analysis - INFO - [1mGeneration number 3 	 Code coverage: 94.63% (917/969) 	 Branch coverage: 83.82% (57/68) 	 Transactions: 133 (58 unique)   	 Time: 1.947049617767334[0m
2025-09-21 14:34:38,563 - Analysis - INFO - [1mGeneration number 4 	 Code coverage: 94.63% (917/969) 	 Branch coverage: 83.82% (57/68) 	 Transactions: 198 (76 unique)   	 Time: 2.966167449951172[0m
2025-09-21 14:34:40,068 - Analysis - INFO - [1mGeneration number 5 	 Code coverage: 94.63% (917/969) 	 Branch coverage: 83.82% (57/68) 	 Transactions: 268 (95 unique)   	 Time: 4.471312999725342[0m
2025-09-21 14:34:41,840 - Analysis - INFO - [1mGeneration number 6 	 Code coverage: 94.63% (917/969) 	 Branch coverage: 83.82% (57/68) 	 Transactions: 346 (112 unique)   	 Time: 6.243516206741333[0m
2025-09-21 14:34:43,523 - Analysis - INFO - [1mGeneration number 7 	 Code coverage: 94.63% (917/969) 	 Branch coverage: 83.82% (57/68) 	 Transactions: 419 (130 unique)   	 Time: 7.926211357116699[0m
2025-09-21 14:34:45,311 - Analysis - INFO - [1mGeneration number 8 	 Code coverage: 94.63% (917/969) 	 Branch coverage: 83.82% (57/68) 	 Transactions: 502 (148 unique)   	 Time: 9.714402675628662[0m
2025-09-21 14:34:47,123 - Analysis - INFO - [1mGeneration number 9 	 Code coverage: 94.63% (917/969) 	 Branch coverage: 83.82% (57/68) 	 Transactions: 586 (169 unique)   	 Time: 11.52629542350769[0m
2025-09-21 14:34:49,060 - Analysis - INFO - [1mGeneration number 10 	 Code coverage: 94.63% (917/969) 	 Branch coverage: 83.82% (57/68) 	 Transactions: 673 (187 unique)   	 Time: 13.463653802871704[0m
2025-09-21 14:34:50,881 - Analysis - INFO - [1mGeneration number 11 	 Code coverage: 94.63% (917/969) 	 Branch coverage: 83.82% (57/68) 	 Transactions: 759 (208 unique)   	 Time: 15.284308910369873[0m
2025-09-21 14:34:52,692 - Analysis - INFO - [1mGeneration number 12 	 Code coverage: 94.63% (917/969) 	 Branch coverage: 83.82% (57/68) 	 Transactions: 845 (230 unique)   	 Time: 17.095608472824097[0m
2025-09-21 14:34:54,483 - Analysis - INFO - [1mGeneration number 13 	 Code coverage: 94.63% (917/969) 	 Branch coverage: 83.82% (57/68) 	 Transactions: 931 (250 unique)   	 Time: 18.88678288459778[0m
2025-09-21 14:34:56,273 - Analysis - INFO - [1mGeneration number 14 	 Code coverage: 94.63% (917/969) 	 Branch coverage: 83.82% (57/68) 	 Transactions: 1016 (271 unique)   	 Time: 20.676045417785645[0m
2025-09-21 14:34:57,230 - Analysis - INFO - [1mGeneration number 15 	 Code coverage: 95.36% (924/969) 	 Branch coverage: 85.29% (58/68) 	 Transactions: 1061 (295 unique)   	 Time: 21.632951259613037[0m
2025-09-21 14:34:57,967 - Analysis - INFO - [1mGeneration number 16 	 Code coverage: 95.36% (924/969) 	 Branch coverage: 85.29% (58/68) 	 Transactions: 1092 (304 unique)   	 Time: 22.370142221450806[0m
2025-09-21 14:34:59,030 - Analysis - INFO - [1mGeneration number 17 	 Code coverage: 95.36% (924/969) 	 Branch coverage: 85.29% (58/68) 	 Transactions: 1142 (318 unique)   	 Time: 23.43382740020752[0m
2025-09-21 14:35:00,323 - Analysis - INFO - [1mGeneration number 18 	 Code coverage: 95.36% (924/969) 	 Branch coverage: 85.29% (58/68) 	 Transactions: 1204 (334 unique)   	 Time: 24.72679042816162[0m
2025-09-21 14:35:01,740 - Analysis - INFO - [1mGeneration number 19 	 Code coverage: 95.36% (924/969) 	 Branch coverage: 85.29% (58/68) 	 Transactions: 1275 (351 unique)   	 Time: 26.142985820770264[0m
2025-09-21 14:35:03,544 - Analysis - INFO - [1mGeneration number 20 	 Code coverage: 95.36% (924/969) 	 Branch coverage: 85.29% (58/68) 	 Transactions: 1357 (370 unique)   	 Time: 27.947229385375977[0m
2025-09-21 14:35:05,368 - Analysis - INFO - [1mGeneration number 21 	 Code coverage: 95.36% (924/969) 	 Branch coverage: 85.29% (58/68) 	 Transactions: 1447 (391 unique)   	 Time: 29.771434545516968[0m
2025-09-21 14:35:07,234 - Analysis - INFO - [1mGeneration number 22 	 Code coverage: 95.36% (924/969) 	 Branch coverage: 85.29% (58/68) 	 Transactions: 1537 (411 unique)   	 Time: 31.637184381484985[0m
2025-09-21 14:35:09,169 - Analysis - INFO - [1mGeneration number 23 	 Code coverage: 95.36% (924/969) 	 Branch coverage: 85.29% (58/68) 	 Transactions: 1632 (433 unique)   	 Time: 33.572574615478516[0m
2025-09-21 14:35:11,015 - Analysis - INFO - [1mGeneration number 24 	 Code coverage: 95.36% (924/969) 	 Branch coverage: 85.29% (58/68) 	 Transactions: 1726 (455 unique)   	 Time: 35.41834259033203[0m
2025-09-21 14:35:11,263 - Analysis - ERROR - [91m[1mValidation error in [91m[1m5846089382965440410[0m[0m : Sender account balance cannot afford txn (ignoring for now)[0m[0m
2025-09-21 14:35:11,412 - Analysis - ERROR - [91m[1mValidation error in [91m[1m-8550734594168664702[0m[0m : Sender account balance cannot afford txn (ignoring for now)[0m[0m
2025-09-21 14:35:11,413 - Analysis - ERROR - [91m[1mValidation error in [91m[1m-7404657362502146464[0m[0m : Sender account balance cannot afford txn (ignoring for now)[0m[0m
2025-09-21 14:35:11,478 - Analysis - INFO - [1mGeneration number 25 	 Code coverage: 95.36% (924/969) 	 Branch coverage: 85.29% (58/68) 	 Transactions: 1760 (467 unique)   	 Time: 35.88175082206726[0m
2025-09-21 14:35:11,737 - Analysis - ERROR - [91m[1mValidation error in [91m[1m3596270807538627001[0m[0m : Sender account balance cannot afford txn (ignoring for now)[0m[0m
2025-09-21 14:35:11,813 - Analysis - ERROR - [91m[1mValidation error in [91m[1m2941982261956173210[0m[0m : Sender account balance cannot afford txn (ignoring for now)[0m[0m
2025-09-21 14:35:11,822 - Analysis - ERROR - [91m[1mValidation error in [91m[1m-4818205706110354060[0m[0m : Sender account balance cannot afford txn (ignoring for now)[0m[0m
2025-09-21 14:35:11,837 - Analysis - ERROR - [91m[1mValidation error in [91m[1m-4818205706110354060[0m[0m : Sender account balance cannot afford txn (ignoring for now)[0m[0m
2025-09-21 14:35:11,844 - Analysis - ERROR - [91m[1mValidation error in [91m[1m-2027001099289665500[0m[0m : Sender account balance cannot afford txn (ignoring for now)[0m[0m
2025-09-21 14:35:11,845 - Analysis - ERROR - [91m[1mValidation error in [91m[1m-2027001099289665500[0m[0m : Sender account balance cannot afford txn (ignoring for now)[0m[0m
2025-09-21 14:35:11,926 - Analysis - ERROR - [91m[1mValidation error in [91m[1m8624588482810657472[0m[0m : Sender account balance cannot afford txn (ignoring for now)[0m[0m
2025-09-21 14:35:11,926 - Analysis - ERROR - [91m[1mValidation error in [91m[1m8624588482810657472[0m[0m : Sender account balance cannot afford txn (ignoring for now)[0m[0m
2025-09-21 14:35:11,947 - Analysis - ERROR - [91m[1mValidation error in [91m[1m5381400457929104002[0m[0m : Sender account balance cannot afford txn (ignoring for now)[0m[0m
2025-09-21 14:35:11,968 - Analysis - ERROR - [91m[1mValidation error in [91m[1m5381400457929104002[0m[0m : Sender account balance cannot afford txn (ignoring for now)[0m[0m
2025-09-21 14:35:11,976 - Analysis - ERROR - [91m[1mValidation error in [91m[1m6605638137855168944[0m[0m : Sender account balance cannot afford txn (ignoring for now)[0m[0m
2025-09-21 14:35:12,049 - Analysis - ERROR - [91m[1mValidation error in [91m[1m3559174527713349608[0m[0m : Sender account balance cannot afford txn (ignoring for now)[0m[0m
2025-09-21 14:35:12,051 - Analysis - INFO - [1mGeneration number 26 	 Code coverage: 95.36% (924/969) 	 Branch coverage: 85.29% (58/68) 	 Transactions: 1789 (476 unique)   	 Time: 36.45462965965271[0m
2025-09-21 14:35:12,297 - Analysis - ERROR - [91m[1mValidation error in [91m[1m2690777954932382256[0m[0m : Sender account balance cannot afford txn (ignoring for now)[0m[0m
2025-09-21 14:35:12,319 - Analysis - ERROR - [91m[1mValidation error in [91m[1m2690777954932382256[0m[0m : Sender account balance cannot afford txn (ignoring for now)[0m[0m
2025-09-21 14:35:12,319 - Analysis - ERROR - [91m[1mValidation error in [91m[1m6607957740297366893[0m[0m : Sender account balance cannot afford txn (ignoring for now)[0m[0m
2025-09-21 14:35:12,354 - Analysis - ERROR - [91m[1mValidation error in [91m[1m-721853399016786511[0m[0m : Sender account balance cannot afford txn (ignoring for now)[0m[0m
2025-09-21 14:35:12,354 - Analysis - ERROR - [91m[1mValidation error in [91m[1m-721853399016786511[0m[0m : Sender account balance cannot afford txn (ignoring for now)[0m[0m
2025-09-21 14:35:12,358 - Analysis - ERROR - [91m[1mValidation error in [91m[1m368727046284075546[0m[0m : Sender account balance cannot afford txn (ignoring for now)[0m[0m
2025-09-21 14:35:12,373 - Analysis - ERROR - [91m[1mValidation error in [91m[1m368727046284075546[0m[0m : Sender account balance cannot afford txn (ignoring for now)[0m[0m
2025-09-21 14:35:12,395 - Analysis - ERROR - [91m[1mValidation error in [91m[1m2473657336318813955[0m[0m : Sender account balance cannot afford txn (ignoring for now)[0m[0m
2025-09-21 14:35:12,444 - Analysis - ERROR - [91m[1mValidation error in [91m[1m3346909862351667274[0m[0m : Sender account balance cannot afford txn (ignoring for now)[0m[0m
2025-09-21 14:35:12,491 - Analysis - ERROR - [91m[1mValidation error in [91m[1m4211917555360948413[0m[0m : Sender account balance cannot afford txn (ignoring for now)[0m[0m
2025-09-21 14:35:12,491 - Analysis - ERROR - [91m[1mValidation error in [91m[1m4211917555360948413[0m[0m : Sender account balance cannot afford txn (ignoring for now)[0m[0m
2025-09-21 14:35:12,499 - Analysis - ERROR - [91m[1mValidation error in [91m[1m5275756547943827081[0m[0m : Sender account balance cannot afford txn (ignoring for now)[0m[0m
2025-09-21 14:35:12,511 - Analysis - ERROR - [91m[1mValidation error in [91m[1m5275756547943827081[0m[0m : Sender account balance cannot afford txn (ignoring for now)[0m[0m
2025-09-21 14:35:12,512 - Analysis - ERROR - [91m[1mValidation error in [91m[1m1995104329934871980[0m[0m : Sender account balance cannot afford txn (ignoring for now)[0m[0m
2025-09-21 14:35:12,562 - Analysis - ERROR - [91m[1mValidation error in [91m[1m-2051897680528606206[0m[0m : Sender account balance cannot afford txn (ignoring for now)[0m[0m
2025-09-21 14:35:12,562 - Analysis - ERROR - [91m[1mValidation error in [91m[1m-2051897680528606206[0m[0m : Sender account balance cannot afford txn (ignoring for now)[0m[0m
2025-09-21 14:35:12,570 - Analysis - ERROR - [91m[1mValidation error in [91m[1m5523007805582596660[0m[0m : Sender account balance cannot afford txn (ignoring for now)[0m[0m
2025-09-21 14:35:12,585 - Analysis - ERROR - [91m[1mValidation error in [91m[1m5523007805582596660[0m[0m : Sender account balance cannot afford txn (ignoring for now)[0m[0m
2025-09-21 14:35:12,594 - Analysis - ERROR - [91m[1mValidation error in [91m[1m-8851207320283261238[0m[0m : Sender account balance cannot afford txn (ignoring for now)[0m[0m
2025-09-21 14:35:12,594 - Analysis - ERROR - [91m[1mValidation error in [91m[1m-8851207320283261238[0m[0m : Sender account balance cannot afford txn (ignoring for now)[0m[0m
2025-09-21 14:35:12,602 - Analysis - ERROR - [91m[1mValidation error in [91m[1m912343996810268200[0m[0m : Sender account balance cannot afford txn (ignoring for now)[0m[0m
2025-09-21 14:35:12,617 - Analysis - ERROR - [91m[1mValidation error in [91m[1m912343996810268200[0m[0m : Sender account balance cannot afford txn (ignoring for now)[0m[0m
2025-09-21 14:35:12,617 - Analysis - ERROR - [91m[1mValidation error in [91m[1m-6618131922299931406[0m[0m : Sender account balance cannot afford txn (ignoring for now)[0m[0m
2025-09-21 14:35:12,667 - Analysis - ERROR - [91m[1mValidation error in [91m[1m5908823023114238669[0m[0m : Sender account balance cannot afford txn (ignoring for now)[0m[0m
2025-09-21 14:35:12,682 - Analysis - ERROR - [91m[1mValidation error in [91m[1m5908823023114238669[0m[0m : Sender account balance cannot afford txn (ignoring for now)[0m[0m
2025-09-21 14:35:12,722 - Analysis - ERROR - [91m[1mValidation error in [91m[1m5689357327676039922[0m[0m : Sender account balance cannot afford txn (ignoring for now)[0m[0m
2025-09-21 14:35:12,740 - Analysis - INFO - [1mGeneration number 27 	 Code coverage: 95.67% (927/969) 	 Branch coverage: 86.76% (59/68) 	 Transactions: 1832 (492 unique)   	 Time: 37.14379096031189[0m
2025-09-21 14:35:12,753 - Analysis - ERROR - [91m[1mValidation error in [91m[1m7887160488853106025[0m[0m : Sender account balance cannot afford txn (ignoring for now)[0m[0m
2025-09-21 14:35:12,769 - Analysis - ERROR - [91m[1mValidation error in [91m[1m7887160488853106025[0m[0m : Sender account balance cannot afford txn (ignoring for now)[0m[0m
2025-09-21 14:35:12,807 - Analysis - ERROR - [91m[1mValidation error in [91m[1m2792513575063955057[0m[0m : Sender account balance cannot afford txn (ignoring for now)[0m[0m
2025-09-21 14:35:12,815 - Analysis - ERROR - [91m[1mValidation error in [91m[1m-5675855063868848437[0m[0m : Sender account balance cannot afford txn (ignoring for now)[0m[0m
2025-09-21 14:35:12,837 - Analysis - ERROR - [91m[1mValidation error in [91m[1m-5675855063868848437[0m[0m : Sender account balance cannot afford txn (ignoring for now)[0m[0m
2025-09-21 14:35:12,844 - Analysis - ERROR - [91m[1mValidation error in [91m[1m-6051059244015992239[0m[0m : Sender account balance cannot afford txn (ignoring for now)[0m[0m
2025-09-21 14:35:12,844 - Analysis - ERROR - [91m[1mValidation error in [91m[1m-6051059244015992239[0m[0m : Sender account balance cannot afford txn (ignoring for now)[0m[0m
2025-09-21 14:35:12,852 - Analysis - ERROR - [91m[1mValidation error in [91m[1m5279186047617866125[0m[0m : Sender account balance cannot afford txn (ignoring for now)[0m[0m
2025-09-21 14:35:12,894 - Analysis - ERROR - [91m[1mValidation error in [91m[1m-6889101950960864584[0m[0m : Sender account balance cannot afford txn (ignoring for now)[0m[0m
2025-09-21 14:35:12,909 - Analysis - ERROR - [91m[1mValidation error in [91m[1m-6889101950960864584[0m[0m : Sender account balance cannot afford txn (ignoring for now)[0m[0m
2025-09-21 14:35:12,909 - Analysis - ERROR - [91m[1mValidation error in [91m[1m5428577265466993424[0m[0m : Sender account balance cannot afford txn (ignoring for now)[0m[0m
2025-09-21 14:35:12,960 - Analysis - ERROR - [91m[1mValidation error in [91m[1m4772616544226787263[0m[0m : Sender account balance cannot afford txn (ignoring for now)[0m[0m
2025-09-21 14:35:12,960 - Analysis - ERROR - [91m[1mValidation error in [91m[1m4772616544226787263[0m[0m : Sender account balance cannot afford txn (ignoring for now)[0m[0m
2025-09-21 14:35:12,975 - Analysis - ERROR - [91m[1mValidation error in [91m[1m7693617788724439084[0m[0m : Sender account balance cannot afford txn (ignoring for now)[0m[0m
2025-09-21 14:35:12,976 - Analysis - ERROR - [91m[1mValidation error in [91m[1m7693617788724439084[0m[0m : Sender account balance cannot afford txn (ignoring for now)[0m[0m
2025-09-21 14:35:12,991 - Analysis - ERROR - [91m[1mValidation error in [91m[1m70853735898862552[0m[0m : Sender account balance cannot afford txn (ignoring for now)[0m[0m
2025-09-21 14:35:12,991 - Analysis - ERROR - [91m[1mValidation error in [91m[1m70853735898862552[0m[0m : Sender account balance cannot afford txn (ignoring for now)[0m[0m
2025-09-21 14:35:12,995 - Analysis - ERROR - [91m[1mValidation error in [91m[1m-4814905243112809488[0m[0m : Sender account balance cannot afford txn (ignoring for now)[0m[0m
2025-09-21 14:35:13,043 - Analysis - ERROR - [91m[1mValidation error in [91m[1m-4393851522662741494[0m[0m : Sender account balance cannot afford txn (ignoring for now)[0m[0m
2025-09-21 14:35:13,058 - Analysis - ERROR - [91m[1mValidation error in [91m[1m-4393851522662741494[0m[0m : Sender account balance cannot afford txn (ignoring for now)[0m[0m
2025-09-21 14:35:13,058 - Analysis - ERROR - [91m[1mValidation error in [91m[1m8845976100848296958[0m[0m : Sender account balance cannot afford txn (ignoring for now)[0m[0m
2025-09-21 14:35:13,075 - Analysis - ERROR - [91m[1mValidation error in [91m[1m8845976100848296958[0m[0m : Sender account balance cannot afford txn (ignoring for now)[0m[0m
2025-09-21 14:35:13,075 - Analysis - ERROR - [91m[1mValidation error in [91m[1m-9182693522716860302[0m[0m : Sender account balance cannot afford txn (ignoring for now)[0m[0m
2025-09-21 14:35:13,094 - Analysis - ERROR - [91m[1mValidation error in [91m[1m-9182693522716860302[0m[0m : Sender account balance cannot afford txn (ignoring for now)[0m[0m
2025-09-21 14:35:13,102 - Analysis - ERROR - [91m[1mValidation error in [91m[1m4997432767741141695[0m[0m : Sender account balance cannot afford txn (ignoring for now)[0m[0m
2025-09-21 14:35:13,102 - Analysis - ERROR - [91m[1mValidation error in [91m[1m4997432767741141695[0m[0m : Sender account balance cannot afford txn (ignoring for now)[0m[0m
2025-09-21 14:35:13,115 - Analysis - ERROR - [91m[1mValidation error in [91m[1m4341120548347737884[0m[0m : Sender account balance cannot afford txn (ignoring for now)[0m[0m
2025-09-21 14:35:13,115 - Analysis - ERROR - [91m[1mValidation error in [91m[1m4341120548347737884[0m[0m : Sender account balance cannot afford txn (ignoring for now)[0m[0m
2025-09-21 14:35:13,123 - Analysis - ERROR - [91m[1mValidation error in [91m[1m4031564496376687602[0m[0m : Sender account balance cannot afford txn (ignoring for now)[0m[0m
2025-09-21 14:35:13,174 - Analysis - ERROR - [91m[1mValidation error in [91m[1m-628923493758868607[0m[0m : Sender account balance cannot afford txn (ignoring for now)[0m[0m
2025-09-21 14:35:13,174 - Analysis - ERROR - [91m[1mValidation error in [91m[1m-628923493758868607[0m[0m : Sender account balance cannot afford txn (ignoring for now)[0m[0m
2025-09-21 14:35:13,197 - Analysis - ERROR - [91m[1mValidation error in [91m[1m-6444510823079516641[0m[0m : Sender account balance cannot afford txn (ignoring for now)[0m[0m
2025-09-21 14:35:13,208 - Analysis - ERROR - [91m[1mValidation error in [91m[1m-6444510823079516641[0m[0m : Sender account balance cannot afford txn (ignoring for now)[0m[0m
2025-09-21 14:35:13,226 - Analysis - INFO - [1mGeneration number 28 	 Code coverage: 95.67% (927/969) 	 Branch coverage: 86.76% (59/68) 	 Transactions: 1878 (511 unique)   	 Time: 37.62906336784363[0m
2025-09-21 14:35:13,393 - Analysis - ERROR - [91m[1mValidation error in [91m[1m3311215421609395693[0m[0m : Sender account balance cannot afford txn (ignoring for now)[0m[0m
2025-09-21 14:35:13,393 - Analysis - ERROR - [91m[1mValidation error in [91m[1m3311215421609395693[0m[0m : Sender account balance cannot afford txn (ignoring for now)[0m[0m
2025-09-21 14:35:13,405 - Analysis - ERROR - [91m[1mValidation error in [91m[1m70853735898862552[0m[0m : Sender account balance cannot afford txn (ignoring for now)[0m[0m
2025-09-21 14:35:13,405 - Analysis - ERROR - [91m[1mValidation error in [91m[1m70853735898862552[0m[0m : Sender account balance cannot afford txn (ignoring for now)[0m[0m
2025-09-21 14:35:13,420 - Analysis - ERROR - [91m[1mValidation error in [91m[1m3428545122120070514[0m[0m : Sender account balance cannot afford txn (ignoring for now)[0m[0m
2025-09-21 14:35:13,420 - Analysis - ERROR - [91m[1mValidation error in [91m[1m3428545122120070514[0m[0m : Sender account balance cannot afford txn (ignoring for now)[0m[0m
2025-09-21 14:35:13,429 - Analysis - ERROR - [91m[1mValidation error in [91m[1m-1620180676665555792[0m[0m : Sender account balance cannot afford txn (ignoring for now)[0m[0m
2025-09-21 14:35:13,482 - Analysis - ERROR - [91m[1mValidation error in [91m[1m-1576957154247727851[0m[0m : Sender account balance cannot afford txn (ignoring for now)[0m[0m
2025-09-21 14:35:13,483 - Analysis - ERROR - [91m[1mValidation error in [91m[1m-1576957154247727851[0m[0m : Sender account balance cannot afford txn (ignoring for now)[0m[0m
2025-09-21 14:35:13,498 - Analysis - ERROR - [91m[1mValidation error in [91m[1m-6510397140087553290[0m[0m : Sender account balance cannot afford txn (ignoring for now)[0m[0m
2025-09-21 14:35:13,498 - Analysis - ERROR - [91m[1mValidation error in [91m[1m-6510397140087553290[0m[0m : Sender account balance cannot afford txn (ignoring for now)[0m[0m
2025-09-21 14:35:13,585 - Analysis - ERROR - [91m[1mValidation error in [91m[1m5097337664255603682[0m[0m : Sender account balance cannot afford txn (ignoring for now)[0m[0m
2025-09-21 14:35:13,585 - Analysis - ERROR - [91m[1mValidation error in [91m[1m5097337664255603682[0m[0m : Sender account balance cannot afford txn (ignoring for now)[0m[0m
2025-09-21 14:35:13,627 - Analysis - ERROR - [91m[1mValidation error in [91m[1m-4026597094198094033[0m[0m : Sender account balance cannot afford txn (ignoring for now)[0m[0m
2025-09-21 14:35:13,642 - Analysis - ERROR - [91m[1mValidation error in [91m[1m-6015542535060586036[0m[0m : Sender account balance cannot afford txn (ignoring for now)[0m[0m
2025-09-21 14:35:13,643 - Analysis - ERROR - [91m[1mValidation error in [91m[1m-6015542535060586036[0m[0m : Sender account balance cannot afford txn (ignoring for now)[0m[0m
2025-09-21 14:35:13,657 - Analysis - ERROR - [91m[1mValidation error in [91m[1m7356927649241020313[0m[0m : Sender account balance cannot afford txn (ignoring for now)[0m[0m
2025-09-21 14:35:13,715 - Analysis - ERROR - [91m[1mValidation error in [91m[1m-3432348455245609193[0m[0m : Sender account balance cannot afford txn (ignoring for now)[0m[0m
2025-09-21 14:35:13,770 - Analysis - ERROR - [91m[1mValidation error in [91m[1m5007422706085278633[0m[0m : Sender account balance cannot afford txn (ignoring for now)[0m[0m
2025-09-21 14:35:13,770 - Analysis - ERROR - [91m[1mValidation error in [91m[1m5007422706085278633[0m[0m : Sender account balance cannot afford txn (ignoring for now)[0m[0m
2025-09-21 14:35:13,774 - Analysis - ERROR - [91m[1mValidation error in [91m[1m8917872270457952989[0m[0m : Sender account balance cannot afford txn (ignoring for now)[0m[0m
2025-09-21 14:35:13,822 - Analysis - ERROR - [91m[1mValidation error in [91m[1m313809630776588110[0m[0m : Sender account balance cannot afford txn (ignoring for now)[0m[0m
2025-09-21 14:35:13,841 - Analysis - ERROR - [91m[1mValidation error in [91m[1m313809630776588110[0m[0m : Sender account balance cannot afford txn (ignoring for now)[0m[0m
2025-09-21 14:35:13,848 - Analysis - ERROR - [91m[1mValidation error in [91m[1m-4564595533116068671[0m[0m : Sender account balance cannot afford txn (ignoring for now)[0m[0m
2025-09-21 14:35:13,849 - Analysis - ERROR - [91m[1mValidation error in [91m[1m-4564595533116068671[0m[0m : Sender account balance cannot afford txn (ignoring for now)[0m[0m
2025-09-21 14:35:13,853 - Analysis - ERROR - [91m[1mValidation error in [91m[1m-9087101425820495934[0m[0m : Sender account balance cannot afford txn (ignoring for now)[0m[0m
2025-09-21 14:35:13,900 - Analysis - ERROR - [91m[1mValidation error in [91m[1m-4230405130276133936[0m[0m : Sender account balance cannot afford txn (ignoring for now)[0m[0m
2025-09-21 14:35:13,923 - Analysis - ERROR - [91m[1mValidation error in [91m[1m-4230405130276133936[0m[0m : Sender account balance cannot afford txn (ignoring for now)[0m[0m
2025-09-21 14:35:13,931 - Analysis - ERROR - [91m[1mValidation error in [91m[1m-5818356058894313638[0m[0m : Sender account balance cannot afford txn (ignoring for now)[0m[0m
2025-09-21 14:35:13,931 - Analysis - ERROR - [91m[1mValidation error in [91m[1m-5818356058894313638[0m[0m : Sender account balance cannot afford txn (ignoring for now)[0m[0m
2025-09-21 14:35:13,938 - Analysis - INFO - [1mGeneration number 29 	 Code coverage: 95.67% (927/969) 	 Branch coverage: 86.76% (59/68) 	 Transactions: 1927 (529 unique)   	 Time: 38.34152293205261[0m
2025-09-21 14:35:14,088 - Analysis - ERROR - [91m[1mValidation error in [91m[1m-8146926893978345545[0m[0m : Sender account balance cannot afford txn (ignoring for now)[0m[0m
2025-09-21 14:35:14,088 - Analysis - ERROR - [91m[1mValidation error in [91m[1m-8146926893978345545[0m[0m : Sender account balance cannot afford txn (ignoring for now)[0m[0m
2025-09-21 14:35:14,092 - Analysis - ERROR - [91m[1mValidation error in [91m[1m-7051313704657857432[0m[0m : Sender account balance cannot afford txn (ignoring for now)[0m[0m
2025-09-21 14:35:14,103 - Analysis - ERROR - [91m[1mValidation error in [91m[1m-7051313704657857432[0m[0m : Sender account balance cannot afford txn (ignoring for now)[0m[0m
2025-09-21 14:35:14,104 - Analysis - ERROR - [91m[1mValidation error in [91m[1m-9040036706907330124[0m[0m : Sender account balance cannot afford txn (ignoring for now)[0m[0m
2025-09-21 14:35:14,183 - Analysis - ERROR - [91m[1mValidation error in [91m[1m521403123656364731[0m[0m : Sender account balance cannot afford txn (ignoring for now)[0m[0m
2025-09-21 14:35:14,199 - Analysis - ERROR - [91m[1mValidation error in [91m[1m2836948622072213674[0m[0m : Sender account balance cannot afford txn (ignoring for now)[0m[0m
2025-09-21 14:35:14,199 - Analysis - ERROR - [91m[1mValidation error in [91m[1m2836948622072213674[0m[0m : Sender account balance cannot afford txn (ignoring for now)[0m[0m
2025-09-21 14:35:14,212 - Analysis - ERROR - [91m[1mValidation error in [91m[1m-5175960769049177266[0m[0m : Sender account balance cannot afford txn (ignoring for now)[0m[0m
2025-09-21 14:35:14,212 - Analysis - ERROR - [91m[1mValidation error in [91m[1m-5175960769049177266[0m[0m : Sender account balance cannot afford txn (ignoring for now)[0m[0m
2025-09-21 14:35:14,220 - Analysis - ERROR - [91m[1mValidation error in [91m[1m-5161514631600653505[0m[0m : Sender account balance cannot afford txn (ignoring for now)[0m[0m
2025-09-21 14:35:14,265 - Analysis - ERROR - [91m[1mValidation error in [91m[1m6569159813692541261[0m[0m : Sender account balance cannot afford txn (ignoring for now)[0m[0m
2025-09-21 14:35:14,277 - Analysis - ERROR - [91m[1mValidation error in [91m[1m6569159813692541261[0m[0m : Sender account balance cannot afford txn (ignoring for now)[0m[0m
2025-09-21 14:35:14,361 - Analysis - ERROR - [91m[1mValidation error in [91m[1m3459192993209615233[0m[0m : Sender account balance cannot afford txn (ignoring for now)[0m[0m
2025-09-21 14:35:14,361 - Analysis - ERROR - [91m[1mValidation error in [91m[1m3459192993209615233[0m[0m : Sender account balance cannot afford txn (ignoring for now)[0m[0m
2025-09-21 14:35:14,365 - Analysis - ERROR - [91m[1mValidation error in [91m[1m2078676362574808034[0m[0m : Sender account balance cannot afford txn (ignoring for now)[0m[0m
2025-09-21 14:35:14,384 - Analysis - ERROR - [91m[1mValidation error in [91m[1m2078676362574808034[0m[0m : Sender account balance cannot afford txn (ignoring for now)[0m[0m
2025-09-21 14:35:14,385 - Analysis - ERROR - [91m[1mValidation error in [91m[1m1882871804878824452[0m[0m : Sender account balance cannot afford txn (ignoring for now)[0m[0m
2025-09-21 14:35:14,471 - Analysis - ERROR - [91m[1mValidation error in [91m[1m81841201041948116[0m[0m : Sender account balance cannot afford txn (ignoring for now)[0m[0m
2025-09-21 14:35:14,559 - Analysis - ERROR - [91m[1mValidation error in [91m[1m1611663368902533872[0m[0m : Sender account balance cannot afford txn (ignoring for now)[0m[0m
2025-09-21 14:35:14,559 - Analysis - ERROR - [91m[1mValidation error in [91m[1m1611663368902533872[0m[0m : Sender account balance cannot afford txn (ignoring for now)[0m[0m
2025-09-21 14:35:14,568 - Analysis - ERROR - [91m[1mValidation error in [91m[1m-2153000734970248972[0m[0m : Sender account balance cannot afford txn (ignoring for now)[0m[0m
2025-09-21 14:35:14,647 - Analysis - ERROR - [91m[1mValidation error in [91m[1m2600793468363034354[0m[0m : Sender account balance cannot afford txn (ignoring for now)[0m[0m
2025-09-21 14:35:14,663 - Analysis - ERROR - [91m[1mValidation error in [91m[1m1763087096693487215[0m[0m : Sender account balance cannot afford txn (ignoring for now)[0m[0m
2025-09-21 14:35:14,663 - Analysis - ERROR - [91m[1mValidation error in [91m[1m1763087096693487215[0m[0m : Sender account balance cannot afford txn (ignoring for now)[0m[0m
2025-09-21 14:35:14,705 - Analysis - ERROR - [91m[1mValidation error in [91m[1m6137149550690175738[0m[0m : Sender account balance cannot afford txn (ignoring for now)[0m[0m
2025-09-21 14:35:14,714 - Analysis - ERROR - [91m[1mValidation error in [91m[1m-3036376911067249043[0m[0m : Sender account balance cannot afford txn (ignoring for now)[0m[0m
2025-09-21 14:35:14,765 - Analysis - ERROR - [91m[1mValidation error in [91m[1m47080267692987545[0m[0m : Sender account balance cannot afford txn (ignoring for now)[0m[0m
2025-09-21 14:35:14,765 - Analysis - ERROR - [91m[1mValidation error in [91m[1m47080267692987545[0m[0m : Sender account balance cannot afford txn (ignoring for now)[0m[0m
2025-09-21 14:35:14,785 - Analysis - ERROR - [91m[1mValidation error in [91m[1m2011690780058463224[0m[0m : Sender account balance cannot afford txn (ignoring for now)[0m[0m
2025-09-21 14:35:14,785 - Analysis - ERROR - [91m[1mValidation error in [91m[1m2011690780058463224[0m[0m : Sender account balance cannot afford txn (ignoring for now)[0m[0m
2025-09-21 14:35:14,799 - Analysis - INFO - [1mGeneration number 30 	 Code coverage: 95.67% (927/969) 	 Branch coverage: 86.76% (59/68) 	 Transactions: 1984 (551 unique)   	 Time: 39.20194220542908[0m
2025-09-21 14:35:14,946 - Analysis - ERROR - [91m[1mValidation error in [91m[1m1193475249928889829[0m[0m : Sender account balance cannot afford txn (ignoring for now)[0m[0m
2025-09-21 14:35:14,998 - Analysis - ERROR - [91m[1mValidation error in [91m[1m-3971540328634578563[0m[0m : Sender account balance cannot afford txn (ignoring for now)[0m[0m
2025-09-21 14:35:14,998 - Analysis - ERROR - [91m[1mValidation error in [91m[1m-3971540328634578563[0m[0m : Sender account balance cannot afford txn (ignoring for now)[0m[0m
2025-09-21 14:35:15,006 - Analysis - ERROR - [91m[1mValidation error in [91m[1m-2681025886790385203[0m[0m : Sender account balance cannot afford txn (ignoring for now)[0m[0m
2025-09-21 14:35:15,018 - Analysis - ERROR - [91m[1mValidation error in [91m[1m-2681025886790385203[0m[0m : Sender account balance cannot afford txn (ignoring for now)[0m[0m
2025-09-21 14:35:15,099 - Analysis - ERROR - [91m[1mValidation error in [91m[1m8579496038477159822[0m[0m : Sender account balance cannot afford txn (ignoring for now)[0m[0m
2025-09-21 14:35:15,099 - Analysis - ERROR - [91m[1mValidation error in [91m[1m8579496038477159822[0m[0m : Sender account balance cannot afford txn (ignoring for now)[0m[0m
2025-09-21 14:35:15,115 - Analysis - ERROR - [91m[1mValidation error in [91m[1m-1563854957860637775[0m[0m : Sender account balance cannot afford txn (ignoring for now)[0m[0m
2025-09-21 14:35:15,126 - Analysis - ERROR - [91m[1mValidation error in [91m[1m-1563854957860637775[0m[0m : Sender account balance cannot afford txn (ignoring for now)[0m[0m
2025-09-21 14:35:15,215 - Analysis - ERROR - [91m[1mValidation error in [91m[1m2409378039158610198[0m[0m : Sender account balance cannot afford txn (ignoring for now)[0m[0m
2025-09-21 14:35:15,215 - Analysis - ERROR - [91m[1mValidation error in [91m[1m2409378039158610198[0m[0m : Sender account balance cannot afford txn (ignoring for now)[0m[0m
2025-09-21 14:35:15,261 - Analysis - ERROR - [91m[1mValidation error in [91m[1m3931000685960253576[0m[0m : Sender account balance cannot afford txn (ignoring for now)[0m[0m
2025-09-21 14:35:15,277 - Analysis - ERROR - [91m[1mValidation error in [91m[1m-8617290955453998693[0m[0m : Sender account balance cannot afford txn (ignoring for now)[0m[0m
2025-09-21 14:35:15,277 - Analysis - ERROR - [91m[1mValidation error in [91m[1m-8617290955453998693[0m[0m : Sender account balance cannot afford txn (ignoring for now)[0m[0m
2025-09-21 14:35:15,282 - Analysis - ERROR - [91m[1mValidation error in [91m[1m6448470211085805470[0m[0m : Sender account balance cannot afford txn (ignoring for now)[0m[0m
2025-09-21 14:35:15,365 - Analysis - ERROR - [91m[1mValidation error in [91m[1m-6738676959923130584[0m[0m : Sender account balance cannot afford txn (ignoring for now)[0m[0m
2025-09-21 14:35:15,423 - Analysis - ERROR - [91m[1mValidation error in [91m[1m6434156451464246810[0m[0m : Sender account balance cannot afford txn (ignoring for now)[0m[0m
2025-09-21 14:35:15,446 - Analysis - ERROR - [91m[1mValidation error in [91m[1m8028991696301753180[0m[0m : Sender account balance cannot afford txn (ignoring for now)[0m[0m
2025-09-21 14:35:15,461 - Analysis - ERROR - [91m[1mValidation error in [91m[1m8028991696301753180[0m[0m : Sender account balance cannot afford txn (ignoring for now)[0m[0m
2025-09-21 14:35:15,462 - Analysis - ERROR - [91m[1mValidation error in [91m[1m454648699546148435[0m[0m : Sender account balance cannot afford txn (ignoring for now)[0m[0m
2025-09-21 14:35:15,508 - Analysis - ERROR - [91m[1mValidation error in [91m[1m-7601888845338687369[0m[0m : Sender account balance cannot afford txn (ignoring for now)[0m[0m
2025-09-21 14:35:15,549 - Analysis - ERROR - [91m[1mValidation error in [91m[1m-1314645406202795638[0m[0m : Sender account balance cannot afford txn (ignoring for now)[0m[0m
2025-09-21 14:35:15,598 - Analysis - ERROR - [91m[1mValidation error in [91m[1m250947508909281079[0m[0m : Sender account balance cannot afford txn (ignoring for now)[0m[0m
2025-09-21 14:35:15,598 - Analysis - ERROR - [91m[1mValidation error in [91m[1m250947508909281079[0m[0m : Sender account balance cannot afford txn (ignoring for now)[0m[0m
2025-09-21 14:35:15,639 - Analysis - ERROR - [91m[1mValidation error in [91m[1m-8495621895581067315[0m[0m : Sender account balance cannot afford txn (ignoring for now)[0m[0m
2025-09-21 14:35:15,734 - Analysis - ERROR - [91m[1mValidation error in [91m[1m338198235784775171[0m[0m : Sender account balance cannot afford txn (ignoring for now)[0m[0m
2025-09-21 14:35:15,734 - Analysis - ERROR - [91m[1mValidation error in [91m[1m338198235784775171[0m[0m : Sender account balance cannot afford txn (ignoring for now)[0m[0m
2025-09-21 14:35:15,777 - Analysis - ERROR - [91m[1mValidation error in [91m[1m600784891313875165[0m[0m : Sender account balance cannot afford txn (ignoring for now)[0m[0m
2025-09-21 14:35:15,788 - Analysis - INFO - [1mGeneration number 31 	 Code coverage: 95.67% (927/969) 	 Branch coverage: 86.76% (59/68) 	 Transactions: 2044 (573 unique)   	 Time: 40.19127035140991[0m
2025-09-21 14:35:16,014 - Analysis - INFO - [1m-----------------------------------------------------[0m
2025-09-21 14:35:16,015 - Analysis - INFO - Number of generations: 	 31
2025-09-21 14:35:16,015 - Analysis - INFO - Number of transactions: 	 2044 (573 unique)
2025-09-21 14:35:16,015 - Analysis - INFO - Transactions per second: 	 51
2025-09-21 14:35:16,015 - Analysis - INFO - Total code coverage: 	 95.67% (927/969)
2025-09-21 14:35:16,015 - Analysis - INFO - Total branch coverage: 	 86.76% (59/68)
2025-09-21 14:35:16,015 - Analysis - INFO - Total execution time: 	 40.42 seconds
2025-09-21 14:35:16,015 - Analysis - INFO - Total memory consumption: 	 90.16 MB

     ______            ______                _           
    / ____/___  ____  / ____/_  __________  (_)_  _______
   / /   / __ \/ __ \/ /_  / / / /_  /_  / / / / / / ___/
  / /___/ /_/ / / / / __/ / /_/ / / /_/ /_/ / /_/ (__  ) 
  \____/\____/_/ /_/_/    \__,_/ /___/___/_/\__,_/____/  

delteed file
