Extract contract Token from /sb/token.sol
Extracted 1 contract(s) from /sb/token.sol
[0;32m> Created "fuzzMe"[0m
[0;32m> To fuzz contracts:[0m
  chmod +x fuzzMe
  ./fuzzMe
contracts/Token.sol:14:4: Warning: Defining constructors as functions with the same name as the contract is deprecated. Use "constructor(...) { ... }" instead.
   function Token(uint _initialSupply) {
   ^ (Relevant source part starts here and spans across multiple lines).
contracts/Token.sol:14:4: Warning: No visibility specified. Defaulting to "public". 
   function Token(uint _initialSupply) {
   ^ (Relevant source part starts here and spans across multiple lines).
assets/NormalAttacker.sol:5:3: Warning: No visibility specified. Defaulting to "public". 
  function() payable {
  ^ (Relevant source part starts here and spans across multiple lines).
assets/ReentrancyAttacker.sol:8:7: Warning: Return value of low-level calls not used.
      msg.sender.call(bytes4(255));
      ^--------------------------^
assets/ReentrancyAttacker.sol:5:3: Warning: No visibility specified. Defaulting to "public". 
  function() payable {
  ^ (Relevant source part starts here and spans across multiple lines).
>> Fuzz Token
** Write stats: 0.003348
** Write stats: 5.00102
** Write stats: 10.0035
** Write stats: 15.0038
** Write stats: 20.0039
** Write stats: 25.0004
** Write stats: 30.0029
** Write stats: 35.0036
** Write stats: 40.0023
** Write stats: 45.0013
** Write stats: 50.0048
** Write stats: 55.0032
** Write stats: 60.0116
** Write stats: 65.0192
** Write stats: 70.0232
** Write stats: 75.0166
** Write stats: 80.0127
** Write stats: 85.0466
** Write stats: 90.0128
** Write stats: 95.0154
** Write stats: 100.062
** Write stats: 105.021
** Write stats: 110.019
** Write stats: 115.005
** Write stats: 120.023
** Write stats: 120.034
