2025-09-03 22:28:11,646: [11] m.main:INFO: Registered plugins: IntrospectionAPIPlugin, <class 'manticore.ethereum.plugins.SkipRevertBasicBlocks'>, <class 'manticore.ethereum.plugins.FilterFunctions'>
2025-09-03 22:28:11,646: [11] m.main:INFO: Beginning analysis
2025-09-03 22:28:11,648: [11] m.e.manticore:INFO: Starting symbolic create contract
2025-09-03 22:28:12,060: [11] m.e.manticore:INFO: Starting symbolic transaction: 0
2025-09-03 22:28:13,141: [11] m.e.manticore:INFO: Found a concrete globalsha3 b'\x00\x00\x00\x00\x00\x00\x00\x00\x00\x00\x00\x00\x00\x00\x00\x00\x00\x00\x00\x00\x00\x00\x00\x00\x00\x00\x00\x00\x00\x02\x00\x00\x00\x00\x00\x00\x00\x00\x00\x00\x00\x00\x00\x00\x00\x00\x00\x00\x00\x00\x00\x00\x00\x00\x00\x00\x00\x00\x00\x00\x00\x00\x00\x00' -> 73138091548938366139099779971772605061518111956507126412222883840269740007539
2025-09-03 22:28:13,731: [11] m.e.manticore:INFO: 2 alive states, 1 terminated states
2025-09-03 22:28:13,857: [11] m.e.manticore:INFO: Starting symbolic transaction: 1
2025-09-03 22:28:19,058: [11] m.e.manticore:INFO: 5 alive states, 1 terminated states
2025-09-03 22:28:19,186: [11] m.e.manticore:INFO: Starting symbolic transaction: 2
2025-09-03 22:28:33,188: [11] m.e.manticore:INFO: 12 alive states, 1 terminated states
2025-09-03 22:28:33,523: [120] m.c.manticore:INFO: Generated testcase No. 0 - STOP(4 txs)
2025-09-03 22:28:33,525: [120] m.c.plugin:WARNING: Caught will_solve in state None, but failed to capture its initialization
2025-09-03 22:28:33,601: [130] m.c.manticore:INFO: Generated testcase No. 1 - STOP(4 txs)
2025-09-03 22:28:33,601: [130] m.c.plugin:WARNING: Caught will_solve in state None, but failed to capture its initialization
2025-09-03 22:28:33,628: [129] m.c.manticore:INFO: Generated testcase No. 2 - STOP(4 txs)
2025-09-03 22:28:33,632: [129] m.c.plugin:WARNING: Caught will_solve in state None, but failed to capture its initialization
2025-09-03 22:28:33,636: [126] m.c.manticore:INFO: Generated testcase No. 4 - STOP(4 txs)
2025-09-03 22:28:33,637: [126] m.c.plugin:WARNING: Caught will_solve in state None, but failed to capture its initialization
2025-09-03 22:28:33,649: [116] m.c.manticore:INFO: Generated testcase No. 3 - STOP(4 txs)
2025-09-03 22:28:33,650: [116] m.c.plugin:WARNING: Caught will_solve in state None, but failed to capture its initialization
2025-09-03 22:28:33,658: [123] m.c.manticore:INFO: Generated testcase No. 5 - STOP(4 txs)
2025-09-03 22:28:33,655: [124] m.c.manticore:INFO: Generated testcase No. 7 - STOP(4 txs)
2025-09-03 22:28:33,660: [124] m.c.plugin:WARNING: Caught will_solve in state None, but failed to capture its initialization
2025-09-03 22:28:33,661: [128] m.c.manticore:INFO: Generated testcase No. 6 - STOP(4 txs)
2025-09-03 22:28:33,662: [128] m.c.plugin:WARNING: Caught will_solve in state None, but failed to capture its initialization
2025-09-03 22:28:33,673: [123] m.c.plugin:WARNING: Caught will_solve in state None, but failed to capture its initialization
2025-09-03 22:28:34,156: [117] m.c.manticore:INFO: Generated testcase No. 8 - STOP(4 txs)
2025-09-03 22:28:34,157: [117] m.c.plugin:WARNING: Caught will_solve in state None, but failed to capture its initialization
2025-09-03 22:28:34,193: [122] m.c.manticore:INFO: Generated testcase No. 9 - STOP(4 txs)
2025-09-03 22:28:34,198: [122] m.c.plugin:WARNING: Caught will_solve in state None, but failed to capture its initialization
2025-09-03 22:28:34,297: [115] m.c.manticore:INFO: Generated testcase No. 10 - STOP(4 txs)
2025-09-03 22:28:34,298: [115] m.c.plugin:WARNING: Caught will_solve in state None, but failed to capture its initialization
2025-09-03 22:28:35,606: [119] m.c.manticore:INFO: Generated testcase No. 11 - STOP(4 txs)
2025-09-03 22:28:35,607: [119] m.c.plugin:WARNING: Caught will_solve in state None, but failed to capture its initialization
2025-09-03 22:28:44,200: [11] m.c.manticore:INFO: Results in /mcore_ccdqo7sf
2025-09-03 22:28:44,201: [11] m.c.manticore:INFO: Total time: 24.948750972747803
