Extract contract ReentrancyDAO from /sb/reentrancy_dao.sol
Extracted 1 contract(s) from /sb/reentrancy_dao.sol
[0;32m> Created "fuzzMe"[0m
[0;32m> To fuzz contracts:[0m
  chmod +x fuzzMe
  ./fuzzMe
assets/NormalAttacker.sol:5:3: Warning: No visibility specified. Defaulting to "public". 
  function() payable {
  ^ (Relevant source part starts here and spans across multiple lines).
assets/ReentrancyAttacker.sol:8:7: Warning: Return value of low-level calls not used.
      msg.sender.call(bytes4(255));
      ^--------------------------^
assets/ReentrancyAttacker.sol:5:3: Warning: No visibility specified. Defaulting to "public". 
  function() payable {
  ^ (Relevant source part starts here and spans across multiple lines).
>> Fuzz ReentrancyDAO
** Write stats: 0.003363
** Write stats: 5.00151
** Write stats: 10.0033
** Write stats: 15.0059
** Write stats: 20.0033
** Write stats: 25.0023
** Write stats: 30.0019
** Write stats: 35.0001
** Write stats: 40.0027
** Write stats: 45.004
** Write stats: 50.0049
** Write stats: 55.0061
** Write stats: 60.0009
** Write stats: 65.0044
** Write stats: 70.0044
** Write stats: 75.0003
** Write stats: 80.0096
** Write stats: 85.0076
** Write stats: 90.0096
** Write stats: 95.001
** Write stats: 100.005
** Write stats: 105.003
** Write stats: 110
** Write stats: 115.005
** Write stats: 120.004
** Write stats: 120.012
