2025-09-21 15:53:35,552 - Main     - INFO - [1mInitializing seed to 1427655.0[0m
2025-09-21 15:53:35,673 - Fuzzer   - INFO - [1mFuzzing contract [1mBasicToken[0m[0m
2025-09-21 15:53:35,701 - Detector - INFO - [1m[33m-----------------------------------------------------[0m
2025-09-21 15:53:35,701 - Detector - INFO - [1m[33m          !!! Assertion failure detected !!!         [0m
2025-09-21 15:53:35,701 - Detector - INFO - [1m[33m-----------------------------------------------------[0m
2025-09-21 15:53:35,701 - Detector - INFO - [1m[33mSWC-ID:   110[0m
2025-09-21 15:53:35,701 - Detector - INFO - [1m[33mSeverity: Medium[0m
2025-09-21 15:53:35,701 - Detector - INFO - [1m[33m-----------------------------------------------------[0m
2025-09-21 15:53:35,701 - Detector - INFO - [1m[33mSource code line:[0m
2025-09-21 15:53:35,701 - Detector - INFO - [1m[33m-----------------------------------------------------[0m
2025-09-21 15:53:35,701 - Detector - INFO - [1m[33m/sb/0x824bc5ab53f9e58592703483fdbc8a7c954bf635.sol:23:1[0m
2025-09-21 15:53:35,702 - Detector - INFO - [1m[33massert(b <= a)[0m
2025-09-21 15:53:35,702 - Detector - INFO - [1m[33m-----------------------------------------------------[0m
2025-09-21 15:53:35,702 - Detector - INFO - [1m[33mTransaction sequence:[0m
2025-09-21 15:53:35,702 - Detector - INFO - [1m[33m-----------------------------------------------------[0m
2025-09-21 15:53:35,702 - Detector - INFO - [1m[33mTransaction - transfer(address,uint256):[0m
2025-09-21 15:53:35,702 - Detector - INFO - [1m[33m-----------------------------------------------------[0m
2025-09-21 15:53:35,702 - Detector - INFO - [1m[33mFrom:      0xdeadbeefdeadbeefdeadbeefdeadbeefdeadbeef[0m
2025-09-21 15:53:35,702 - Detector - INFO - [1m[33mTo:        0x2c5e8a3b3aad9df32339409534e64dfcabcd3a65[0m
2025-09-21 15:53:35,702 - Detector - INFO - [1m[33mValue:     0 Wei[0m
2025-09-21 15:53:35,702 - Detector - INFO - [1m[33mGas Limit: 4500000[0m
2025-09-21 15:53:35,702 - Detector - INFO - [1m[33mInput:     0xa9059cbb000000000000000000000000deadbeef[0m
2025-09-21 15:53:35,702 - Detector - INFO - [1m[33m           deadbeefdeadbeefdeadbeefdeadbeefa2a3cdd240[0m
2025-09-21 15:53:35,702 - Detector - INFO - [1m[33m           6b0d001ddd5f90f6f774cb564ea1e08a30029556f3[0m
2025-09-21 15:53:35,702 - Detector - INFO - [1m[33m           06ea876214bd[0m
2025-09-21 15:53:35,702 - Detector - INFO - [1m[33m-----------------------------------------------------[0m
2025-09-21 15:53:35,710 - Analysis - INFO - [1mGeneration number 0 	 Code coverage: 55.56% (160/288) 	 Branch coverage: 75.00% (15/20) 	 Transactions: 9 (8 unique)   	 Time: 0.03069162368774414[0m
2025-09-21 15:53:35,735 - Analysis - INFO - [1mGeneration number 1 	 Code coverage: 55.56% (160/288) 	 Branch coverage: 80.00% (16/20) 	 Transactions: 17 (11 unique)   	 Time: 0.05592608451843262[0m
2025-09-21 15:53:35,804 - Analysis - INFO - [1mGeneration number 2 	 Code coverage: 98.26% (283/288) 	 Branch coverage: 90.00% (18/20) 	 Transactions: 24 (14 unique)   	 Time: 0.12474346160888672[0m
2025-09-21 15:53:35,863 - Analysis - INFO - [1mGeneration number 3 	 Code coverage: 98.26% (283/288) 	 Branch coverage: 90.00% (18/20) 	 Transactions: 33 (17 unique)   	 Time: 0.18437528610229492[0m
2025-09-21 15:53:36,000 - Analysis - INFO - [1mGeneration number 4 	 Code coverage: 99.31% (286/288) 	 Branch coverage: 95.00% (19/20) 	 Transactions: 51 (23 unique)   	 Time: 0.3209526538848877[0m
2025-09-21 15:53:36,194 - Analysis - INFO - [1mGeneration number 5 	 Code coverage: 99.31% (286/288) 	 Branch coverage: 95.00% (19/20) 	 Transactions: 74 (31 unique)   	 Time: 0.5148177146911621[0m
2025-09-21 15:53:36,442 - Analysis - INFO - [1mGeneration number 6 	 Code coverage: 99.31% (286/288) 	 Branch coverage: 95.00% (19/20) 	 Transactions: 99 (38 unique)   	 Time: 0.7630581855773926[0m
2025-09-21 15:53:36,705 - Analysis - INFO - [1mGeneration number 7 	 Code coverage: 99.31% (286/288) 	 Branch coverage: 95.00% (19/20) 	 Transactions: 126 (45 unique)   	 Time: 1.0259807109832764[0m
2025-09-21 15:53:36,988 - Analysis - INFO - [1mGeneration number 8 	 Code coverage: 99.31% (286/288) 	 Branch coverage: 95.00% (19/20) 	 Transactions: 153 (52 unique)   	 Time: 1.308673620223999[0m
2025-09-21 15:53:37,349 - Analysis - INFO - [1mGeneration number 9 	 Code coverage: 99.31% (286/288) 	 Branch coverage: 95.00% (19/20) 	 Transactions: 178 (56 unique)   	 Time: 1.6699659824371338[0m
2025-09-21 15:53:37,673 - Analysis - INFO - [1mGeneration number 10 	 Code coverage: 99.31% (286/288) 	 Branch coverage: 95.00% (19/20) 	 Transactions: 206 (61 unique)   	 Time: 1.994203805923462[0m
2025-09-21 15:53:37,683 - Analysis - INFO - [1m-----------------------------------------------------[0m
2025-09-21 15:53:37,683 - Analysis - INFO - Number of generations: 	 10
2025-09-21 15:53:37,683 - Analysis - INFO - Number of transactions: 	 206 (61 unique)
2025-09-21 15:53:37,683 - Analysis - INFO - Transactions per second: 	 103
2025-09-21 15:53:37,683 - Analysis - INFO - Total code coverage: 	 99.31% (286/288)
2025-09-21 15:53:37,683 - Analysis - INFO - Total branch coverage: 	 95.00% (19/20)
2025-09-21 15:53:37,683 - Analysis - INFO - Total execution time: 	 2.00 seconds
2025-09-21 15:53:37,684 - Analysis - INFO - Total memory consumption: 	 75.05 MB
2025-09-21 15:53:37,685 - Fuzzer   - INFO - [1mFuzzing contract [1mMintableToken[0m[0m
2025-09-21 15:53:37,700 - Detector - INFO - [1m[33m-----------------------------------------------------[0m
2025-09-21 15:53:37,700 - Detector - INFO - [1m[33m          !!! Assertion failure detected !!!         [0m
2025-09-21 15:53:37,700 - Detector - INFO - [1m[33m-----------------------------------------------------[0m
2025-09-21 15:53:37,700 - Detector - INFO - [1m[33mSWC-ID:   110[0m
2025-09-21 15:53:37,700 - Detector - INFO - [1m[33mSeverity: Medium[0m
2025-09-21 15:53:37,700 - Detector - INFO - [1m[33m-----------------------------------------------------[0m
2025-09-21 15:53:37,700 - Detector - INFO - [1m[33mSource code line:[0m
2025-09-21 15:53:37,700 - Detector - INFO - [1m[33m-----------------------------------------------------[0m
2025-09-21 15:53:37,700 - Detector - INFO - [1m[33m/sb/0x824bc5ab53f9e58592703483fdbc8a7c954bf635.sol:23:1[0m
2025-09-21 15:53:37,700 - Detector - INFO - [1m[33massert(b <= a)[0m
2025-09-21 15:53:37,700 - Detector - INFO - [1m[33m-----------------------------------------------------[0m
2025-09-21 15:53:37,700 - Detector - INFO - [1m[33mTransaction sequence:[0m
2025-09-21 15:53:37,700 - Detector - INFO - [1m[33m-----------------------------------------------------[0m
2025-09-21 15:53:37,700 - Detector - INFO - [1m[33mTransaction - transfer(address,uint256):[0m
2025-09-21 15:53:37,700 - Detector - INFO - [1m[33m-----------------------------------------------------[0m
2025-09-21 15:53:37,700 - Detector - INFO - [1m[33mFrom:      0xcafebabecafebabecafebabecafebabecafebabe[0m
2025-09-21 15:53:37,700 - Detector - INFO - [1m[33mTo:        0x2c5e8a3b3aad9df32339409534e64dfcabcd3a65[0m
2025-09-21 15:53:37,700 - Detector - INFO - [1m[33mValue:     0 Wei[0m
2025-09-21 15:53:37,700 - Detector - INFO - [1m[33mGas Limit: 4500000[0m
2025-09-21 15:53:37,700 - Detector - INFO - [1m[33mInput:     0xa9059cbb000000000000000000000000cafebabe[0m
2025-09-21 15:53:37,700 - Detector - INFO - [1m[33m           cafebabecafebabecafebabecafebabeffffffffff[0m
2025-09-21 15:53:37,700 - Detector - INFO - [1m[33m           ffffffffffffffffffffffffffffffffffffffffff[0m
2025-09-21 15:53:37,700 - Detector - INFO - [1m[33m           fffffffffffe[0m
2025-09-21 15:53:37,700 - Detector - INFO - [1m[33m-----------------------------------------------------[0m
2025-09-21 15:53:37,850 - Analysis - INFO - [1mGeneration number 0 	 Code coverage: 77.32% (1118/1446) 	 Branch coverage: 85.14% (63/74) 	 Transactions: 29 (28 unique)   	 Time: 0.1574866771697998[0m
2025-09-21 15:53:38,077 - Analysis - INFO - [1mGeneration number 1 	 Code coverage: 77.32% (1118/1446) 	 Branch coverage: 85.14% (63/74) 	 Transactions: 67 (50 unique)   	 Time: 0.38505983352661133[0m
2025-09-21 15:53:38,568 - Analysis - INFO - [1mGeneration number 2 	 Code coverage: 85.27% (1233/1446) 	 Branch coverage: 94.59% (70/74) 	 Transactions: 134 (74 unique)   	 Time: 0.8753554821014404[0m
2025-09-21 15:53:39,285 - Analysis - INFO - [1mGeneration number 3 	 Code coverage: 85.48% (1236/1446) 	 Branch coverage: 95.95% (71/74) 	 Transactions: 237 (102 unique)   	 Time: 1.5930440425872803[0m
2025-09-21 15:53:40,063 - Analysis - INFO - [1mGeneration number 4 	 Code coverage: 91.63% (1325/1446) 	 Branch coverage: 95.95% (71/74) 	 Transactions: 345 (130 unique)   	 Time: 2.370471954345703[0m
2025-09-21 15:53:40,863 - Analysis - INFO - [1mGeneration number 5 	 Code coverage: 91.63% (1325/1446) 	 Branch coverage: 95.95% (71/74) 	 Transactions: 460 (157 unique)   	 Time: 3.170731544494629[0m
2025-09-21 15:53:41,721 - Analysis - INFO - [1mGeneration number 6 	 Code coverage: 91.84% (1328/1446) 	 Branch coverage: 97.30% (72/74) 	 Transactions: 576 (184 unique)   	 Time: 4.028977155685425[0m
2025-09-21 15:53:42,595 - Analysis - INFO - [1mGeneration number 7 	 Code coverage: 91.84% (1328/1446) 	 Branch coverage: 97.30% (72/74) 	 Transactions: 692 (208 unique)   	 Time: 4.902965307235718[0m
2025-09-21 15:53:43,579 - Analysis - INFO - [1mGeneration number 8 	 Code coverage: 91.84% (1328/1446) 	 Branch coverage: 97.30% (72/74) 	 Transactions: 813 (234 unique)   	 Time: 5.887092351913452[0m
2025-09-21 15:53:44,582 - Analysis - INFO - [1mGeneration number 9 	 Code coverage: 91.84% (1328/1446) 	 Branch coverage: 97.30% (72/74) 	 Transactions: 939 (260 unique)   	 Time: 6.88963770866394[0m
2025-09-21 15:53:45,612 - Analysis - INFO - [1mGeneration number 10 	 Code coverage: 91.84% (1328/1446) 	 Branch coverage: 97.30% (72/74) 	 Transactions: 1065 (288 unique)   	 Time: 7.919548273086548[0m
2025-09-21 15:53:45,622 - Analysis - INFO - [1m-----------------------------------------------------[0m
2025-09-21 15:53:45,622 - Analysis - INFO - Number of generations: 	 10
2025-09-21 15:53:45,622 - Analysis - INFO - Number of transactions: 	 1065 (288 unique)
2025-09-21 15:53:45,622 - Analysis - INFO - Transactions per second: 	 134
2025-09-21 15:53:45,622 - Analysis - INFO - Total code coverage: 	 91.84% (1328/1446)
2025-09-21 15:53:45,622 - Analysis - INFO - Total branch coverage: 	 97.30% (72/74)
2025-09-21 15:53:45,622 - Analysis - INFO - Total execution time: 	 7.93 seconds
2025-09-21 15:53:45,622 - Analysis - INFO - Total memory consumption: 	 78.55 MB
2025-09-21 15:53:45,624 - Fuzzer   - INFO - [1mFuzzing contract [1mOwnable[0m[0m
2025-09-21 15:53:45,646 - Analysis - INFO - [1mGeneration number 0 	 Code coverage: 65.14% (114/175) 	 Branch coverage: 78.57% (11/14) 	 Transactions: 7 (6 unique)   	 Time: 0.019423961639404297[0m
2025-09-21 15:53:45,662 - Analysis - INFO - [1mGeneration number 1 	 Code coverage: 97.71% (171/175) 	 Branch coverage: 92.86% (13/14) 	 Transactions: 11 (9 unique)   	 Time: 0.03563284873962402[0m
2025-09-21 15:53:45,689 - Analysis - INFO - [1mGeneration number 2 	 Code coverage: 97.71% (171/175) 	 Branch coverage: 92.86% (13/14) 	 Transactions: 18 (12 unique)   	 Time: 0.06278777122497559[0m
2025-09-21 15:53:45,734 - Analysis - INFO - [1mGeneration number 3 	 Code coverage: 99.43% (174/175) 	 Branch coverage: 100.00% (14/14) 	 Transactions: 27 (15 unique)   	 Time: 0.10765433311462402[0m
2025-09-21 15:53:45,785 - Analysis - INFO - [1mGeneration number 4 	 Code coverage: 99.43% (174/175) 	 Branch coverage: 100.00% (14/14) 	 Transactions: 40 (18 unique)   	 Time: 0.15873956680297852[0m
2025-09-21 15:53:45,838 - Analysis - INFO - [1mGeneration number 5 	 Code coverage: 99.43% (174/175) 	 Branch coverage: 100.00% (14/14) 	 Transactions: 53 (19 unique)   	 Time: 0.21120238304138184[0m
2025-09-21 15:53:45,887 - Analysis - INFO - [1mGeneration number 6 	 Code coverage: 99.43% (174/175) 	 Branch coverage: 100.00% (14/14) 	 Transactions: 65 (19 unique)   	 Time: 0.2603797912597656[0m
2025-09-21 15:53:45,943 - Analysis - INFO - [1mGeneration number 7 	 Code coverage: 99.43% (174/175) 	 Branch coverage: 100.00% (14/14) 	 Transactions: 77 (19 unique)   	 Time: 0.316417932510376[0m
2025-09-21 15:53:45,993 - Analysis - INFO - [1mGeneration number 8 	 Code coverage: 99.43% (174/175) 	 Branch coverage: 100.00% (14/14) 	 Transactions: 89 (19 unique)   	 Time: 0.3660616874694824[0m
2025-09-21 15:53:46,060 - Analysis - INFO - [1mGeneration number 9 	 Code coverage: 99.43% (174/175) 	 Branch coverage: 100.00% (14/14) 	 Transactions: 106 (20 unique)   	 Time: 0.4336254596710205[0m
2025-09-21 15:53:46,110 - Analysis - INFO - [1mGeneration number 10 	 Code coverage: 99.43% (174/175) 	 Branch coverage: 100.00% (14/14) 	 Transactions: 118 (20 unique)   	 Time: 0.48305296897888184[0m
2025-09-21 15:53:46,110 - Analysis - INFO - [1m-----------------------------------------------------[0m
2025-09-21 15:53:46,110 - Analysis - INFO - Number of generations: 	 10
2025-09-21 15:53:46,110 - Analysis - INFO - Number of transactions: 	 118 (20 unique)
2025-09-21 15:53:46,110 - Analysis - INFO - Transactions per second: 	 244
2025-09-21 15:53:46,110 - Analysis - INFO - Total code coverage: 	 99.43% (174/175)
2025-09-21 15:53:46,110 - Analysis - INFO - Total branch coverage: 	 100.00% (14/14)
2025-09-21 15:53:46,110 - Analysis - INFO - Total execution time: 	 0.48 seconds
2025-09-21 15:53:46,110 - Analysis - INFO - Total memory consumption: 	 78.55 MB
2025-09-21 15:53:46,112 - Fuzzer   - INFO - [1mFuzzing contract [1mStandardToken[0m[0m
2025-09-21 15:53:46,123 - Detector - INFO - [1m[33m-----------------------------------------------------[0m
2025-09-21 15:53:46,123 - Detector - INFO - [1m[33m          !!! Assertion failure detected !!!         [0m
2025-09-21 15:53:46,123 - Detector - INFO - [1m[33m-----------------------------------------------------[0m
2025-09-21 15:53:46,123 - Detector - INFO - [1m[33mSWC-ID:   110[0m
2025-09-21 15:53:46,123 - Detector - INFO - [1m[33mSeverity: Medium[0m
2025-09-21 15:53:46,123 - Detector - INFO - [1m[33m-----------------------------------------------------[0m
2025-09-21 15:53:46,123 - Detector - INFO - [1m[33mSource code line:[0m
2025-09-21 15:53:46,123 - Detector - INFO - [1m[33m-----------------------------------------------------[0m
2025-09-21 15:53:46,123 - Detector - INFO - [1m[33m/sb/0x824bc5ab53f9e58592703483fdbc8a7c954bf635.sol:23:1[0m
2025-09-21 15:53:46,123 - Detector - INFO - [1m[33massert(b <= a)[0m
2025-09-21 15:53:46,123 - Detector - INFO - [1m[33m-----------------------------------------------------[0m
2025-09-21 15:53:46,123 - Detector - INFO - [1m[33mTransaction sequence:[0m
2025-09-21 15:53:46,123 - Detector - INFO - [1m[33m-----------------------------------------------------[0m
2025-09-21 15:53:46,123 - Detector - INFO - [1m[33mTransaction - transfer(address,uint256):[0m
2025-09-21 15:53:46,123 - Detector - INFO - [1m[33m-----------------------------------------------------[0m
2025-09-21 15:53:46,123 - Detector - INFO - [1m[33mFrom:      0xdeadbeefdeadbeefdeadbeefdeadbeefdeadbeef[0m
2025-09-21 15:53:46,123 - Detector - INFO - [1m[33mTo:        0x2c5e8a3b3aad9df32339409534e64dfcabcd3a65[0m
2025-09-21 15:53:46,123 - Detector - INFO - [1m[33mValue:     0 Wei[0m
2025-09-21 15:53:46,123 - Detector - INFO - [1m[33mGas Limit: 4500000[0m
2025-09-21 15:53:46,123 - Detector - INFO - [1m[33mInput:     0xa9059cbb000000000000000000000000deadbeef[0m
2025-09-21 15:53:46,124 - Detector - INFO - [1m[33m           deadbeefdeadbeefdeadbeefdeadbeeff6592f4ab2[0m
2025-09-21 15:53:46,124 - Detector - INFO - [1m[33m           d80a6a9b6666fb061736c9ef4ec23f8680b8b13c19[0m
2025-09-21 15:53:46,124 - Detector - INFO - [1m[33m           e242d7e57bc1[0m
2025-09-21 15:53:46,124 - Detector - INFO - [1m[33m-----------------------------------------------------[0m
2025-09-21 15:53:46,204 - Analysis - INFO - [1mGeneration number 0 	 Code coverage: 73.37% (752/1025) 	 Branch coverage: 86.36% (38/44) 	 Transactions: 19 (18 unique)   	 Time: 0.08663249015808105[0m
2025-09-21 15:53:46,368 - Analysis - INFO - [1mGeneration number 1 	 Code coverage: 86.83% (890/1025) 	 Branch coverage: 88.64% (39/44) 	 Transactions: 44 (34 unique)   	 Time: 0.2511098384857178[0m
2025-09-21 15:53:46,689 - Analysis - INFO - [1mGeneration number 2 	 Code coverage: 90.54% (928/1025) 	 Branch coverage: 90.91% (40/44) 	 Transactions: 88 (51 unique)   	 Time: 0.5722293853759766[0m
2025-09-21 15:53:47,188 - Analysis - INFO - [1mGeneration number 3 	 Code coverage: 90.54% (928/1025) 	 Branch coverage: 90.91% (40/44) 	 Transactions: 156 (68 unique)   	 Time: 1.07057523727417[0m
2025-09-21 15:53:47,757 - Analysis - INFO - [1mGeneration number 4 	 Code coverage: 91.12% (934/1025) 	 Branch coverage: 95.45% (42/44) 	 Transactions: 231 (84 unique)   	 Time: 1.64011812210083[0m
2025-09-21 15:53:48,309 - Analysis - INFO - [1mGeneration number 5 	 Code coverage: 91.12% (934/1025) 	 Branch coverage: 95.45% (42/44) 	 Transactions: 302 (100 unique)   	 Time: 2.191671371459961[0m
2025-09-21 15:53:48,917 - Analysis - INFO - [1mGeneration number 6 	 Code coverage: 91.12% (934/1025) 	 Branch coverage: 95.45% (42/44) 	 Transactions: 379 (116 unique)   	 Time: 2.799572229385376[0m
2025-09-21 15:53:49,585 - Analysis - INFO - [1mGeneration number 7 	 Code coverage: 99.80% (1023/1025) 	 Branch coverage: 95.45% (42/44) 	 Transactions: 456 (132 unique)   	 Time: 3.468048334121704[0m
2025-09-21 15:53:50,263 - Analysis - INFO - [1mGeneration number 8 	 Code coverage: 99.80% (1023/1025) 	 Branch coverage: 95.45% (42/44) 	 Transactions: 537 (148 unique)   	 Time: 4.145847797393799[0m
2025-09-21 15:53:50,833 - Detector - INFO - [1m[31m-----------------------------------------------------[0m
2025-09-21 15:53:50,833 - Detector - INFO - [1m[31m          !!! Integer overflow detected !!!          [0m
2025-09-21 15:53:50,833 - Detector - INFO - [1m[31m-----------------------------------------------------[0m
2025-09-21 15:53:50,833 - Detector - INFO - [1m[31mSWC-ID:   101[0m
2025-09-21 15:53:50,833 - Detector - INFO - [1m[31mSeverity: High[0m
2025-09-21 15:53:50,833 - Detector - INFO - [1m[31m-----------------------------------------------------[0m
2025-09-21 15:53:50,833 - Detector - INFO - [1m[31mSource code line:[0m
2025-09-21 15:53:50,833 - Detector - INFO - [1m[31m-----------------------------------------------------[0m
2025-09-21 15:53:50,834 - Detector - INFO - [1m[31m/sb/0x824bc5ab53f9e58592703483fdbc8a7c954bf635.sol:28:17[0m
2025-09-21 15:53:50,834 - Detector - INFO - [1m[31ma + b[0m
2025-09-21 15:53:50,834 - Detector - INFO - [1m[31m-----------------------------------------------------[0m
2025-09-21 15:53:50,834 - Detector - INFO - [1m[31mTransaction sequence:[0m
2025-09-21 15:53:50,834 - Detector - INFO - [1m[31m-----------------------------------------------------[0m
2025-09-21 15:53:50,834 - Detector - INFO - [1m[31mTransaction 1 - approve(address,uint256):[0m
2025-09-21 15:53:50,834 - Detector - INFO - [1m[31m-----------------------------------------------------[0m
2025-09-21 15:53:50,834 - Detector - INFO - [1m[31mFrom:      0xdeadbeefdeadbeefdeadbeefdeadbeefdeadbeef[0m
2025-09-21 15:53:50,834 - Detector - INFO - [1m[31mTo:        0x2c5e8a3b3aad9df32339409534e64dfcabcd3a65[0m
2025-09-21 15:53:50,834 - Detector - INFO - [1m[31mValue:     0 Wei[0m
2025-09-21 15:53:50,834 - Detector - INFO - [1m[31mGas Limit: 4500000[0m
2025-09-21 15:53:50,834 - Detector - INFO - [1m[31mInput:     0x095ea7b3000000000000000000000000deadbeef[0m
2025-09-21 15:53:50,834 - Detector - INFO - [1m[31m           deadbeefdeadbeefdeadbeefdeadbeefd5e23047eb[0m
2025-09-21 15:53:50,834 - Detector - INFO - [1m[31m           cfa0ba88da3c25700e6222e7878d993f2d2cb1e633[0m
2025-09-21 15:53:50,834 - Detector - INFO - [1m[31m           93fc9209d4cc[0m
2025-09-21 15:53:50,834 - Detector - INFO - [1m[31m-----------------------------------------------------[0m
2025-09-21 15:53:50,834 - Detector - INFO - [1m[31mTransaction 2 - transferFrom(address,address,uint256):[0m
2025-09-21 15:53:50,834 - Detector - INFO - [1m[31m-----------------------------------------------------[0m
2025-09-21 15:53:50,834 - Detector - INFO - [1m[31mFrom:      0xdeadbeefdeadbeefdeadbeefdeadbeefdeadbeef[0m
2025-09-21 15:53:50,834 - Detector - INFO - [1m[31mTo:        0x2c5e8a3b3aad9df32339409534e64dfcabcd3a65[0m
2025-09-21 15:53:50,834 - Detector - INFO - [1m[31mValue:     0 Wei[0m
2025-09-21 15:53:50,834 - Detector - INFO - [1m[31mGas Limit: 4500000[0m
2025-09-21 15:53:50,834 - Detector - INFO - [1m[31mInput:     0x23b872dd000000000000000000000000cafebabe[0m
2025-09-21 15:53:50,835 - Detector - INFO - [1m[31m           cafebabecafebabecafebabecafebabe0000000000[0m
2025-09-21 15:53:50,835 - Detector - INFO - [1m[31m           00000000000000deadbeefdeadbeefdeadbeefdead[0m
2025-09-21 15:53:50,835 - Detector - INFO - [1m[31m           beefdeadbeefabcc6e519a79c593a8f1ca2b84632c[0m
2025-09-21 15:53:50,835 - Detector - INFO - [1m[31m           26ccb7b6e2dc00079db683bdb0ef43ceaa[0m
2025-09-21 15:53:50,835 - Detector - INFO - [1m[31m-----------------------------------------------------[0m
2025-09-21 15:53:50,835 - Detector - INFO - [1m[31mTransaction 3 - decreaseApproval(address,uint256):[0m
2025-09-21 15:53:50,835 - Detector - INFO - [1m[31m-----------------------------------------------------[0m
2025-09-21 15:53:50,835 - Detector - INFO - [1m[31mFrom:      0xdeadbeefdeadbeefdeadbeefdeadbeefdeadbeef[0m
2025-09-21 15:53:50,835 - Detector - INFO - [1m[31mTo:        0x2c5e8a3b3aad9df32339409534e64dfcabcd3a65[0m
2025-09-21 15:53:50,835 - Detector - INFO - [1m[31mValue:     0 Wei[0m
2025-09-21 15:53:50,835 - Detector - INFO - [1m[31mGas Limit: 4500000[0m
2025-09-21 15:53:50,835 - Detector - INFO - [1m[31mInput:     0x66188463000000000000000000000000deadbeef[0m
2025-09-21 15:53:50,835 - Detector - INFO - [1m[31m           deadbeefdeadbeefdeadbeefdeadbeef4152fa2a37[0m
2025-09-21 15:53:50,835 - Detector - INFO - [1m[31m           02696ce02413dddfa7c3fac147820844a544a63071[0m
2025-09-21 15:53:50,835 - Detector - INFO - [1m[31m           b5f0ccbca5fe[0m
2025-09-21 15:53:50,835 - Detector - INFO - [1m[31m-----------------------------------------------------[0m
2025-09-21 15:53:50,835 - Detector - INFO - [1m[31mTransaction 4 - increaseApproval(address,uint256):[0m
2025-09-21 15:53:50,835 - Detector - INFO - [1m[31m-----------------------------------------------------[0m
2025-09-21 15:53:50,835 - Detector - INFO - [1m[31mFrom:      0xdeadbeefdeadbeefdeadbeefdeadbeefdeadbeef[0m
2025-09-21 15:53:50,835 - Detector - INFO - [1m[31mTo:        0x2c5e8a3b3aad9df32339409534e64dfcabcd3a65[0m
2025-09-21 15:53:50,835 - Detector - INFO - [1m[31mValue:     0 Wei[0m
2025-09-21 15:53:50,835 - Detector - INFO - [1m[31mGas Limit: 4500000[0m
2025-09-21 15:53:50,835 - Detector - INFO - [1m[31mInput:     0xd73dd623000000000000000000000000deadbeef[0m
2025-09-21 15:53:50,835 - Detector - INFO - [1m[31m           deadbeefdeadbeefdeadbeefdeadbeefffffffffff[0m
2025-09-21 15:53:50,835 - Detector - INFO - [1m[31m           ffffffffffffffffffffffffffffffffffffffffff[0m
2025-09-21 15:53:50,836 - Detector - INFO - [1m[31m           ffffffffffff[0m
2025-09-21 15:53:50,836 - Detector - INFO - [1m[31m-----------------------------------------------------[0m
2025-09-21 15:53:50,836 - Detector - INFO - [1m[31mTransaction 5 - allowance(address,address):[0m
2025-09-21 15:53:50,836 - Detector - INFO - [1m[31m-----------------------------------------------------[0m
2025-09-21 15:53:50,836 - Detector - INFO - [1m[31mFrom:      0xcafebabecafebabecafebabecafebabecafebabe[0m
2025-09-21 15:53:50,836 - Detector - INFO - [1m[31mTo:        0x2c5e8a3b3aad9df32339409534e64dfcabcd3a65[0m
2025-09-21 15:53:50,836 - Detector - INFO - [1m[31mValue:     0 Wei[0m
2025-09-21 15:53:50,836 - Detector - INFO - [1m[31mGas Limit: 4500000[0m
2025-09-21 15:53:50,836 - Detector - INFO - [1m[31mInput:     0xdd62ed3e000000000000000000000000deadbeef[0m
2025-09-21 15:53:50,836 - Detector - INFO - [1m[31m           deadbeefdeadbeefdeadbeefdeadbeef0000000000[0m
2025-09-21 15:53:50,836 - Detector - INFO - [1m[31m           00000000000000cafebabecafebabecafebabecafe[0m
2025-09-21 15:53:50,836 - Detector - INFO - [1m[31m           babecafebabe[0m
2025-09-21 15:53:50,836 - Detector - INFO - [1m[31m-----------------------------------------------------[0m
2025-09-21 15:53:50,843 - Detector - INFO - [1m[33m-----------------------------------------------------[0m
2025-09-21 15:53:50,843 - Detector - INFO - [1m[33m          !!! Assertion failure detected !!!         [0m
2025-09-21 15:53:50,843 - Detector - INFO - [1m[33m-----------------------------------------------------[0m
2025-09-21 15:53:50,843 - Detector - INFO - [1m[33mSWC-ID:   110[0m
2025-09-21 15:53:50,843 - Detector - INFO - [1m[33mSeverity: Medium[0m
2025-09-21 15:53:50,843 - Detector - INFO - [1m[33m-----------------------------------------------------[0m
2025-09-21 15:53:50,843 - Detector - INFO - [1m[33mSource code line:[0m
2025-09-21 15:53:50,843 - Detector - INFO - [1m[33m-----------------------------------------------------[0m
2025-09-21 15:53:50,843 - Detector - INFO - [1m[33m/sb/0x824bc5ab53f9e58592703483fdbc8a7c954bf635.sol:29:1[0m
2025-09-21 15:53:50,843 - Detector - INFO - [1m[33massert(c >= a)[0m
2025-09-21 15:53:50,843 - Detector - INFO - [1m[33m-----------------------------------------------------[0m
2025-09-21 15:53:50,844 - Detector - INFO - [1m[33mTransaction sequence:[0m
2025-09-21 15:53:50,844 - Detector - INFO - [1m[33m-----------------------------------------------------[0m
2025-09-21 15:53:50,844 - Detector - INFO - [1m[33mTransaction 1 - approve(address,uint256):[0m
2025-09-21 15:53:50,844 - Detector - INFO - [1m[33m-----------------------------------------------------[0m
2025-09-21 15:53:50,844 - Detector - INFO - [1m[33mFrom:      0xdeadbeefdeadbeefdeadbeefdeadbeefdeadbeef[0m
2025-09-21 15:53:50,844 - Detector - INFO - [1m[33mTo:        0x2c5e8a3b3aad9df32339409534e64dfcabcd3a65[0m
2025-09-21 15:53:50,844 - Detector - INFO - [1m[33mValue:     0 Wei[0m
2025-09-21 15:53:50,844 - Detector - INFO - [1m[33mGas Limit: 4500000[0m
2025-09-21 15:53:50,844 - Detector - INFO - [1m[33mInput:     0x095ea7b3000000000000000000000000deadbeef[0m
2025-09-21 15:53:50,844 - Detector - INFO - [1m[33m           deadbeefdeadbeefdeadbeefdeadbeefd5e23047eb[0m
2025-09-21 15:53:50,844 - Detector - INFO - [1m[33m           cfa0ba88da3c25700e6222e7878d993f2d2cb1e633[0m
2025-09-21 15:53:50,844 - Detector - INFO - [1m[33m           93fc9209d4cc[0m
2025-09-21 15:53:50,844 - Detector - INFO - [1m[33m-----------------------------------------------------[0m
2025-09-21 15:53:50,844 - Detector - INFO - [1m[33mTransaction 2 - transferFrom(address,address,uint256):[0m
2025-09-21 15:53:50,844 - Detector - INFO - [1m[33m-----------------------------------------------------[0m
2025-09-21 15:53:50,844 - Detector - INFO - [1m[33mFrom:      0xdeadbeefdeadbeefdeadbeefdeadbeefdeadbeef[0m
2025-09-21 15:53:50,844 - Detector - INFO - [1m[33mTo:        0x2c5e8a3b3aad9df32339409534e64dfcabcd3a65[0m
2025-09-21 15:53:50,844 - Detector - INFO - [1m[33mValue:     0 Wei[0m
2025-09-21 15:53:50,844 - Detector - INFO - [1m[33mGas Limit: 4500000[0m
2025-09-21 15:53:50,844 - Detector - INFO - [1m[33mInput:     0x23b872dd000000000000000000000000cafebabe[0m
2025-09-21 15:53:50,844 - Detector - INFO - [1m[33m           cafebabecafebabecafebabecafebabe0000000000[0m
2025-09-21 15:53:50,844 - Detector - INFO - [1m[33m           00000000000000deadbeefdeadbeefdeadbeefdead[0m
2025-09-21 15:53:50,844 - Detector - INFO - [1m[33m           beefdeadbeefabcc6e519a79c593a8f1ca2b84632c[0m
2025-09-21 15:53:50,844 - Detector - INFO - [1m[33m           26ccb7b6e2dc00079db683bdb0ef43ceaa[0m
2025-09-21 15:53:50,844 - Detector - INFO - [1m[33m-----------------------------------------------------[0m
2025-09-21 15:53:50,845 - Detector - INFO - [1m[33mTransaction 3 - decreaseApproval(address,uint256):[0m
2025-09-21 15:53:50,845 - Detector - INFO - [1m[33m-----------------------------------------------------[0m
2025-09-21 15:53:50,845 - Detector - INFO - [1m[33mFrom:      0xdeadbeefdeadbeefdeadbeefdeadbeefdeadbeef[0m
2025-09-21 15:53:50,845 - Detector - INFO - [1m[33mTo:        0x2c5e8a3b3aad9df32339409534e64dfcabcd3a65[0m
2025-09-21 15:53:50,845 - Detector - INFO - [1m[33mValue:     0 Wei[0m
2025-09-21 15:53:50,845 - Detector - INFO - [1m[33mGas Limit: 4500000[0m
2025-09-21 15:53:50,845 - Detector - INFO - [1m[33mInput:     0x66188463000000000000000000000000deadbeef[0m
2025-09-21 15:53:50,845 - Detector - INFO - [1m[33m           deadbeefdeadbeefdeadbeefdeadbeef4152fa2a37[0m
2025-09-21 15:53:50,845 - Detector - INFO - [1m[33m           02696ce02413dddfa7c3fac147820844a544a63071[0m
2025-09-21 15:53:50,845 - Detector - INFO - [1m[33m           b5f0ccbca5fe[0m
2025-09-21 15:53:50,845 - Detector - INFO - [1m[33m-----------------------------------------------------[0m
2025-09-21 15:53:50,845 - Detector - INFO - [1m[33mTransaction 4 - increaseApproval(address,uint256):[0m
2025-09-21 15:53:50,845 - Detector - INFO - [1m[33m-----------------------------------------------------[0m
2025-09-21 15:53:50,845 - Detector - INFO - [1m[33mFrom:      0xdeadbeefdeadbeefdeadbeefdeadbeefdeadbeef[0m
2025-09-21 15:53:50,845 - Detector - INFO - [1m[33mTo:        0x2c5e8a3b3aad9df32339409534e64dfcabcd3a65[0m
2025-09-21 15:53:50,845 - Detector - INFO - [1m[33mValue:     0 Wei[0m
2025-09-21 15:53:50,845 - Detector - INFO - [1m[33mGas Limit: 4500000[0m
2025-09-21 15:53:50,845 - Detector - INFO - [1m[33mInput:     0xd73dd623000000000000000000000000deadbeef[0m
2025-09-21 15:53:50,845 - Detector - INFO - [1m[33m           deadbeefdeadbeefdeadbeefdeadbeefffffffffff[0m
2025-09-21 15:53:50,845 - Detector - INFO - [1m[33m           ffffffffffffffffffffffffffffffffffffffffff[0m
2025-09-21 15:53:50,845 - Detector - INFO - [1m[33m           ffffffffffff[0m
2025-09-21 15:53:50,845 - Detector - INFO - [1m[33m-----------------------------------------------------[0m
2025-09-21 15:53:50,845 - Detector - INFO - [1m[33mTransaction 5 - allowance(address,address):[0m
2025-09-21 15:53:50,845 - Detector - INFO - [1m[33m-----------------------------------------------------[0m
2025-09-21 15:53:50,846 - Detector - INFO - [1m[33mFrom:      0xcafebabecafebabecafebabecafebabecafebabe[0m
2025-09-21 15:53:50,846 - Detector - INFO - [1m[33mTo:        0x2c5e8a3b3aad9df32339409534e64dfcabcd3a65[0m
2025-09-21 15:53:50,846 - Detector - INFO - [1m[33mValue:     0 Wei[0m
2025-09-21 15:53:50,846 - Detector - INFO - [1m[33mGas Limit: 4500000[0m
2025-09-21 15:53:50,846 - Detector - INFO - [1m[33mInput:     0xdd62ed3e000000000000000000000000deadbeef[0m
2025-09-21 15:53:50,846 - Detector - INFO - [1m[33m           deadbeefdeadbeefdeadbeefdeadbeef0000000000[0m
2025-09-21 15:53:50,846 - Detector - INFO - [1m[33m           00000000000000cafebabecafebabecafebabecafe[0m
2025-09-21 15:53:50,846 - Detector - INFO - [1m[33m           babecafebabe[0m
2025-09-21 15:53:50,846 - Detector - INFO - [1m[33m-----------------------------------------------------[0m
2025-09-21 15:53:50,893 - Analysis - INFO - [1mGeneration number 9 	 Code coverage: 99.90% (1024/1025) 	 Branch coverage: 97.73% (43/44) 	 Transactions: 613 (163 unique)   	 Time: 4.775979280471802[0m
2025-09-21 15:53:51,647 - Analysis - INFO - [1mGeneration number 10 	 Code coverage: 99.90% (1024/1025) 	 Branch coverage: 97.73% (43/44) 	 Transactions: 703 (181 unique)   	 Time: 5.5303308963775635[0m
2025-09-21 15:53:51,647 - Analysis - INFO - [1m-----------------------------------------------------[0m
2025-09-21 15:53:51,648 - Analysis - INFO - Number of generations: 	 10
2025-09-21 15:53:51,648 - Analysis - INFO - Number of transactions: 	 703 (181 unique)
2025-09-21 15:53:51,648 - Analysis - INFO - Transactions per second: 	 127
2025-09-21 15:53:51,648 - Analysis - INFO - Total code coverage: 	 99.90% (1024/1025)
2025-09-21 15:53:51,648 - Analysis - INFO - Total branch coverage: 	 97.73% (43/44)
2025-09-21 15:53:51,648 - Analysis - INFO - Total execution time: 	 5.53 seconds
2025-09-21 15:53:51,648 - Analysis - INFO - Total memory consumption: 	 78.55 MB
2025-09-21 15:53:51,651 - Fuzzer   - INFO - [1mFuzzing contract [1mYobCoin[0m[0m
2025-09-21 15:53:51,801 - Detector - INFO - [1m[33m-----------------------------------------------------[0m
2025-09-21 15:53:51,801 - Detector - INFO - [1m[33m          !!! Assertion failure detected !!!         [0m
2025-09-21 15:53:51,802 - Detector - INFO - [1m[33m-----------------------------------------------------[0m
2025-09-21 15:53:51,802 - Detector - INFO - [1m[33mSWC-ID:   110[0m
2025-09-21 15:53:51,802 - Detector - INFO - [1m[33mSeverity: Medium[0m
2025-09-21 15:53:51,802 - Detector - INFO - [1m[33m-----------------------------------------------------[0m
2025-09-21 15:53:51,802 - Detector - INFO - [1m[33mSource code line:[0m
2025-09-21 15:53:51,802 - Detector - INFO - [1m[33m-----------------------------------------------------[0m
2025-09-21 15:53:51,802 - Detector - INFO - [1m[33m/sb/0x824bc5ab53f9e58592703483fdbc8a7c954bf635.sol:23:1[0m
2025-09-21 15:53:51,802 - Detector - INFO - [1m[33massert(b <= a)[0m
2025-09-21 15:53:51,802 - Detector - INFO - [1m[33m-----------------------------------------------------[0m
2025-09-21 15:53:51,802 - Detector - INFO - [1m[33mTransaction sequence:[0m
2025-09-21 15:53:51,802 - Detector - INFO - [1m[33m-----------------------------------------------------[0m
2025-09-21 15:53:51,802 - Detector - INFO - [1m[33mTransaction - transfer(address,uint256):[0m
2025-09-21 15:53:51,802 - Detector - INFO - [1m[33m-----------------------------------------------------[0m
2025-09-21 15:53:51,802 - Detector - INFO - [1m[33mFrom:      0xdeadbeefdeadbeefdeadbeefdeadbeefdeadbeef[0m
2025-09-21 15:53:51,802 - Detector - INFO - [1m[33mTo:        0x2c5e8a3b3aad9df32339409534e64dfcabcd3a65[0m
2025-09-21 15:53:51,802 - Detector - INFO - [1m[33mValue:     0 Wei[0m
2025-09-21 15:53:51,802 - Detector - INFO - [1m[33mGas Limit: 4500000[0m
2025-09-21 15:53:51,802 - Detector - INFO - [1m[33mInput:     0xa9059cbb000000000000000000000000deadbeef[0m
2025-09-21 15:53:51,802 - Detector - INFO - [1m[33m           deadbeefdeadbeefdeadbeefdeadbeefffffffffff[0m
2025-09-21 15:53:51,802 - Detector - INFO - [1m[33m           ffffffffffffffffffffffffffffffffffffffffff[0m
2025-09-21 15:53:51,802 - Detector - INFO - [1m[33m           ffffffffffff[0m
2025-09-21 15:53:51,802 - Detector - INFO - [1m[33m-----------------------------------------------------[0m
2025-09-21 15:53:51,853 - Analysis - INFO - [1mGeneration number 0 	 Code coverage: 82.79% (1486/1795) 	 Branch coverage: 82.00% (82/100) 	 Transactions: 35 (34 unique)   	 Time: 0.19207096099853516[0m
2025-09-21 15:53:52,157 - Analysis - INFO - [1mGeneration number 1 	 Code coverage: 82.79% (1486/1795) 	 Branch coverage: 82.00% (82/100) 	 Transactions: 84 (63 unique)   	 Time: 0.49687981605529785[0m
2025-09-21 15:53:52,758 - Analysis - INFO - [1mGeneration number 2 	 Code coverage: 92.31% (1657/1795) 	 Branch coverage: 87.00% (87/100) 	 Transactions: 162 (91 unique)   	 Time: 1.0972301959991455[0m
2025-09-21 15:53:53,470 - Analysis - INFO - [1mGeneration number 3 	 Code coverage: 92.81% (1666/1795) 	 Branch coverage: 90.00% (90/100) 	 Transactions: 270 (122 unique)   	 Time: 1.8095588684082031[0m
2025-09-21 15:53:54,374 - Analysis - INFO - [1mGeneration number 4 	 Code coverage: 92.81% (1666/1795) 	 Branch coverage: 90.00% (90/100) 	 Transactions: 401 (149 unique)   	 Time: 2.7136781215667725[0m
2025-09-21 15:53:55,341 - Analysis - INFO - [1mGeneration number 5 	 Code coverage: 92.98% (1669/1795) 	 Branch coverage: 91.00% (91/100) 	 Transactions: 535 (178 unique)   	 Time: 3.6802401542663574[0m
2025-09-21 15:53:56,502 - Analysis - INFO - [1mGeneration number 6 	 Code coverage: 92.98% (1669/1795) 	 Branch coverage: 91.00% (91/100) 	 Transactions: 686 (209 unique)   	 Time: 4.840981960296631[0m
2025-09-21 15:53:57,716 - Analysis - INFO - [1mGeneration number 7 	 Code coverage: 97.94% (1758/1795) 	 Branch coverage: 91.00% (91/100) 	 Transactions: 837 (239 unique)   	 Time: 6.055920839309692[0m
2025-09-21 15:53:58,914 - Analysis - INFO - [1mGeneration number 8 	 Code coverage: 97.94% (1758/1795) 	 Branch coverage: 91.00% (91/100) 	 Transactions: 983 (269 unique)   	 Time: 7.2532548904418945[0m
2025-09-21 15:54:00,182 - Analysis - INFO - [1mGeneration number 9 	 Code coverage: 97.94% (1758/1795) 	 Branch coverage: 91.00% (91/100) 	 Transactions: 1136 (303 unique)   	 Time: 8.521932125091553[0m
2025-09-21 15:54:01,454 - Analysis - INFO - [1mGeneration number 10 	 Code coverage: 97.94% (1758/1795) 	 Branch coverage: 91.00% (91/100) 	 Transactions: 1291 (335 unique)   	 Time: 9.793156623840332[0m
2025-09-21 15:54:01,464 - Analysis - INFO - [1m-----------------------------------------------------[0m
2025-09-21 15:54:01,464 - Analysis - INFO - Number of generations: 	 10
2025-09-21 15:54:01,464 - Analysis - INFO - Number of transactions: 	 1291 (335 unique)
2025-09-21 15:54:01,464 - Analysis - INFO - Transactions per second: 	 132
2025-09-21 15:54:01,464 - Analysis - INFO - Total code coverage: 	 97.94% (1758/1795)
2025-09-21 15:54:01,464 - Analysis - INFO - Total branch coverage: 	 91.00% (91/100)
2025-09-21 15:54:01,464 - Analysis - INFO - Total execution time: 	 9.80 seconds
2025-09-21 15:54:01,464 - Analysis - INFO - Total memory consumption: 	 78.80 MB

     ______            ______                _           
    / ____/___  ____  / ____/_  __________  (_)_  _______
   / /   / __ \/ __ \/ /_  / / / /_  /_  / / / / / / ___/
  / /___/ /_/ / / / / __/ / /_/ / / /_/ /_/ / /_/ (__  ) 
  \____/\____/_/ /_/_/    \__,_/ /___/___/_/\__,_/____/  

delteed file
