'solc --version' running
'solc /sb/0x0a2e4752f5e348cd262662450402e4bc1f1b76fc.sol --combined-json abi,ast,bin,bin-runtime,srcmap,srcmap-runtime,userdoc,devdoc,hashes,compact-format --allow-paths .,/sb' running
Compilation warnings/errors on /sb/0x0a2e4752f5e348cd262662450402e4bc1f1b76fc.sol:
/sb/0x0a2e4752f5e348cd262662450402e4bc1f1b76fc.sol:29:5: Warning: Defining constructors as functions with the same name as the contract is deprecated. Use "constructor(...) { ... }" instead.
    function DGCASH() public {
    ^ (Relevant source part starts here and spans across multiple lines).
/sb/0x0a2e4752f5e348cd262662450402e4bc1f1b76fc.sol:3:28: Warning: Functions in interfaces should be declared external.
interface tokenRecipient { function receiveApproval(address _from, uint256 _value, address _token, bytes _extraData) public; }
                           ^-----------------------------------------------------------------------------------------------^
/sb/0x0a2e4752f5e348cd262662450402e4bc1f1b76fc.sol:48:9: Warning: Invoking events without "emit" prefix is deprecated.
        Transfer(_from, _to, _value);
        ^--------------------------^
/sb/0x0a2e4752f5e348cd262662450402e4bc1f1b76fc.sol:75:9: Warning: Invoking events without "emit" prefix is deprecated.
        Transfer(creator, msg.sender, amount);               // execute an event reflecting the change
        ^-----------------------------------^


DGCASH (../../sb/0x0a2e4752f5e348cd262662450402e4bc1f1b76fc.sol#5-80) has incorrect ERC20 function interface:DGCASH.transfer(address,uint256) (../../sb/0x0a2e4752f5e348cd262662450402e4bc1f1b76fc.sol#60-62)
Reference: https://github.com/crytic/slither/wiki/Detector-Documentation#incorrect-erc20-interface

DGCASH.fallback().amountRaised (../../sb/0x0a2e4752f5e348cd262662450402e4bc1f1b76fc.sol#69) is a local variable never initialized
Reference: https://github.com/crytic/slither/wiki/Detector-Documentation#uninitialized-local-variables

Version constraint ^0.4.16 contains known severe issues (https://solidity.readthedocs.io/en/latest/bugs.html)
	- DirtyBytesArrayToStorage
	- ABIDecodeTwoDimensionalArrayMemory
	- KeccakCaching
	- EmptyByteArrayCopy
	- DynamicArrayCleanup
	- ImplicitConstructorCallvalueCheck
	- TupleAssignmentMultiStackSlotComponents
	- MemoryArrayCreationOverflow
	- privateCanBeOverridden
	- SignedArrayStorageCopy
	- ABIEncoderV2StorageArrayWithMultiSlotElement
	- DynamicConstructorArgumentsClippedABIV2
	- UninitializedFunctionPointerInConstructor_0.4.x
	- IncorrectEventSignatureInLibraries_0.4.x
	- ExpExponentCleanup
	- NestedArrayFunctionCallDecoder
	- ZeroFunctionSelector.
It is used by:
	- ^0.4.16 (../../sb/0x0a2e4752f5e348cd262662450402e4bc1f1b76fc.sol#1)
solc-0.4.26 is an outdated solc version. Use a more recent version (at least 0.8.0), if possible.
Reference: https://github.com/crytic/slither/wiki/Detector-Documentation#incorrect-versions-of-solidity

Contract tokenRecipient (../../sb/0x0a2e4752f5e348cd262662450402e4bc1f1b76fc.sol#3) is not in CapWords
Parameter DGCASH.transfer(address,uint256)._to (../../sb/0x0a2e4752f5e348cd262662450402e4bc1f1b76fc.sol#60) is not in mixedCase
Parameter DGCASH.transfer(address,uint256)._value (../../sb/0x0a2e4752f5e348cd262662450402e4bc1f1b76fc.sol#60) is not in mixedCase
Reference: https://github.com/crytic/slither/wiki/Detector-Documentation#conformance-to-solidity-naming-conventions

DGCASH.slitherConstructorVariables() (../../sb/0x0a2e4752f5e348cd262662450402e4bc1f1b76fc.sol#5-80) uses literals with too many digits:
	- datboiSupply = 10000000000 (../../sb/0x0a2e4752f5e348cd262662450402e4bc1f1b76fc.sol#12)
DGCASH.slitherConstructorVariables() (../../sb/0x0a2e4752f5e348cd262662450402e4bc1f1b76fc.sol#5-80) uses literals with too many digits:
	- buyPrice = 100000000 (../../sb/0x0a2e4752f5e348cd262662450402e4bc1f1b76fc.sol#13)
Reference: https://github.com/crytic/slither/wiki/Detector-Documentation#too-many-digits

DGCASH.buyPrice (../../sb/0x0a2e4752f5e348cd262662450402e4bc1f1b76fc.sol#13) should be constant 
DGCASH.datboiSupply (../../sb/0x0a2e4752f5e348cd262662450402e4bc1f1b76fc.sol#12) should be constant 
DGCASH.decimals (../../sb/0x0a2e4752f5e348cd262662450402e4bc1f1b76fc.sol#9) should be constant 
DGCASH.name (../../sb/0x0a2e4752f5e348cd262662450402e4bc1f1b76fc.sol#7) should be constant 
DGCASH.symbol (../../sb/0x0a2e4752f5e348cd262662450402e4bc1f1b76fc.sol#8) should be constant 
Reference: https://github.com/crytic/slither/wiki/Detector-Documentation#state-variables-that-could-be-declared-constant

receiveApproval(address,uint256,address,bytes) should be declared external:
	- tokenRecipient.receiveApproval(address,uint256,address,bytes) (../../sb/0x0a2e4752f5e348cd262662450402e4bc1f1b76fc.sol#3)
Reference: https://github.com/crytic/slither/wiki/Detector-Documentation#public-function-that-could-be-declared-external
/sb/0x0a2e4752f5e348cd262662450402e4bc1f1b76fc.sol analyzed (2 contracts with 93 detectors), 15 result(s) found
