Extract contract ETH_VAULT from /sb/0x8c7777c45481dba411450c228cb692ac3d550344.sol
Extract contract Log from /sb/0x8c7777c45481dba411450c228cb692ac3d550344.sol
Extracted 2 contract(s) from /sb/0x8c7777c45481dba411450c228cb692ac3d550344.sol
[0;32m> Created "fuzzMe"[0m
[0;32m> To fuzz contracts:[0m
  chmod +x fuzzMe
  ./fuzzMe
contracts/ETH_VAULT.sol:17:5: Warning: Defining constructors as functions with the same name as the contract is deprecated. Use "constructor(...) { ... }" instead.
    function ETH_VAULT(address _log)
    ^ (Relevant source part starts here and spans across multiple lines).
contracts/Log.sol:17:5: Warning: Defining constructors as functions with the same name as the contract is deprecated. Use "constructor(...) { ... }" instead.
    function ETH_VAULT(address _log)
    ^ (Relevant source part starts here and spans across multiple lines).
assets/NormalAttacker.sol:5:3: Warning: No visibility specified. Defaulting to "public". 
  function() payable {
  ^ (Relevant source part starts here and spans across multiple lines).
assets/ReentrancyAttacker.sol:8:7: Warning: Return value of low-level calls not used.
      msg.sender.call(bytes4(255));
      ^--------------------------^
assets/ReentrancyAttacker.sol:5:3: Warning: No visibility specified. Defaulting to "public". 
  function() payable {
  ^ (Relevant source part starts here and spans across multiple lines).
>> Fuzz ETH_VAULT
** Write stats: 0.008209
** Write stats: 5.00189
** Write stats: 10.0017
** Write stats: 15.0031
** Write stats: 20.0001
** Write stats: 25.0006
** Write stats: 30.0004
** Write stats: 35.0004
** Write stats: 40.0071
** Write stats: 45.0053
** Write stats: 50.0011
** Write stats: 55.0025
** Write stats: 60.0022
** Write stats: 65.0037
** Write stats: 70.0052
** Write stats: 75.0107
** Write stats: 80.0019
** Write stats: 85.0015
** Write stats: 90.0015
** Write stats: 95.0101
** Write stats: 100.007
** Write stats: 105.001
** Write stats: 110.002
** Write stats: 115.01
** Write stats: 120.01
** Write stats: 125.004
** Write stats: 130
** Write stats: 135.011
** Write stats: 140.01
** Write stats: 145.011
** Write stats: 148.005
>> Fuzz Log
** Write stats: 0.004033
** Write stats: 5.00551
** Write stats: 10.0062
** Write stats: 15.0167
** Write stats: 20.0003
** Write stats: 25.0187
** Write stats: 30.0212
** Write stats: 35.0103
** Write stats: 40.035
** Write stats: 45.0316
** Write stats: 50.0027
** Write stats: 55.053
** Write stats: 60.0412
** Write stats: 65.0188
** Write stats: 70.0255
** Write stats: 75.0034
** Write stats: 80.0158
** Write stats: 85.0244
** Write stats: 90.0611
** Write stats: 95.0097
** Write stats: 100.026
** Write stats: 105.045
** Write stats: 110.022
** Write stats: 115.014
** Write stats: 120.029
** Write stats: 125.057
** Write stats: 130.073
** Write stats: 135.053
** Write stats: 140.09
** Write stats: 145.008
** Write stats: 148.061
