2025-07-03 17:32:19,706 - Main     - INFO - [1mInitializing seed to 1427655.0[0m
2025-07-03 17:32:19,730 - Fuzzer   - INFO - [1mFuzzing contract [1mReentrancyDAO[0m[0m
2025-07-03 17:32:19,768 - Analysis - INFO - [1mGeneration number 0 	 Code coverage: 67.10% (104/155) 	 Branch coverage: 75.00% (9/12) 	 Transactions: 7 (6 unique)   	 Time: 0.030637741088867188[0m
2025-07-03 17:32:19,788 - Analysis - INFO - [1mGeneration number 1 	 Code coverage: 67.10% (104/155) 	 Branch coverage: 75.00% (9/12) 	 Transactions: 13 (8 unique)   	 Time: 0.05137825012207031[0m
2025-07-03 17:32:19,824 - Analysis - INFO - [1mGeneration number 2 	 Code coverage: 67.10% (104/155) 	 Branch coverage: 75.00% (9/12) 	 Transactions: 24 (11 unique)   	 Time: 0.08711743354797363[0m
2025-07-03 17:32:19,867 - Analysis - INFO - [1mGeneration number 3 	 Code coverage: 67.10% (104/155) 	 Branch coverage: 75.00% (9/12) 	 Transactions: 37 (13 unique)   	 Time: 0.13037467002868652[0m
2025-07-03 17:32:19,923 - Analysis - INFO - [1mGeneration number 4 	 Code coverage: 67.10% (104/155) 	 Branch coverage: 75.00% (9/12) 	 Transactions: 54 (15 unique)   	 Time: 0.18616032600402832[0m
2025-07-03 17:32:19,985 - Analysis - INFO - [1mGeneration number 5 	 Code coverage: 67.10% (104/155) 	 Branch coverage: 75.00% (9/12) 	 Transactions: 73 (16 unique)   	 Time: 0.2485361099243164[0m
2025-07-03 17:32:20,035 - Analysis - INFO - [1mGeneration number 6 	 Code coverage: 67.10% (104/155) 	 Branch coverage: 75.00% (9/12) 	 Transactions: 88 (17 unique)   	 Time: 0.29825782775878906[0m
2025-07-03 17:32:20,085 - Analysis - INFO - [1mGeneration number 7 	 Code coverage: 67.10% (104/155) 	 Branch coverage: 75.00% (9/12) 	 Transactions: 103 (17 unique)   	 Time: 0.3478965759277344[0m
2025-07-03 17:32:20,134 - Analysis - INFO - [1mGeneration number 8 	 Code coverage: 67.10% (104/155) 	 Branch coverage: 75.00% (9/12) 	 Transactions: 118 (17 unique)   	 Time: 0.397308349609375[0m
2025-07-03 17:32:20,182 - Detector - INFO - [1m[31m-----------------------------------------------------[0m
2025-07-03 17:32:20,182 - Detector - INFO - [1m[31m            !!! Reentrancy detected !!!              [0m
2025-07-03 17:32:20,182 - Detector - INFO - [1m[31m-----------------------------------------------------[0m
2025-07-03 17:32:20,182 - Detector - INFO - [1m[31mSWC-ID:   107[0m
2025-07-03 17:32:20,182 - Detector - INFO - [1m[31mSeverity: High[0m
2025-07-03 17:32:20,182 - Detector - INFO - [1m[31m-----------------------------------------------------[0m
2025-07-03 17:32:20,182 - Detector - INFO - [1m[31mSource code line:[0m
2025-07-03 17:32:20,182 - Detector - INFO - [1m[31m-----------------------------------------------------[0m
2025-07-03 17:32:20,182 - Detector - INFO - [1m[31m/sb/reentrancy_dao.sol:18:1[0m
2025-07-03 17:32:20,182 - Detector - INFO - [1m[31mmsg.sender.call.value(oCredit)()[0m
2025-07-03 17:32:20,182 - Detector - INFO - [1m[31m-----------------------------------------------------[0m
2025-07-03 17:32:20,182 - Detector - INFO - [1m[31mTransaction sequence:[0m
2025-07-03 17:32:20,183 - Detector - INFO - [1m[31m-----------------------------------------------------[0m
2025-07-03 17:32:20,183 - Detector - INFO - [1m[31mTransaction 1 - deposit():[0m
2025-07-03 17:32:20,183 - Detector - INFO - [1m[31m-----------------------------------------------------[0m
2025-07-03 17:32:20,183 - Detector - INFO - [1m[31mFrom:      0xdeadbeefdeadbeefdeadbeefdeadbeefdeadbeef[0m
2025-07-03 17:32:20,183 - Detector - INFO - [1m[31mTo:        0x2c5e8a3b3aad9df32339409534e64dfcabcd3a65[0m
2025-07-03 17:32:20,183 - Detector - INFO - [1m[31mValue:     1 Wei[0m
2025-07-03 17:32:20,183 - Detector - INFO - [1m[31mGas Limit: 4500000[0m
2025-07-03 17:32:20,183 - Detector - INFO - [1m[31mInput:     0xd0e30db0[0m
2025-07-03 17:32:20,183 - Detector - INFO - [1m[31m-----------------------------------------------------[0m
2025-07-03 17:32:20,183 - Detector - INFO - [1m[31mTransaction 2 - withdrawAll():[0m
2025-07-03 17:32:20,183 - Detector - INFO - [1m[31m-----------------------------------------------------[0m
2025-07-03 17:32:20,183 - Detector - INFO - [1m[31mFrom:      0xcafebabecafebabecafebabecafebabecafebabe[0m
2025-07-03 17:32:20,183 - Detector - INFO - [1m[31mTo:        0x2c5e8a3b3aad9df32339409534e64dfcabcd3a65[0m
2025-07-03 17:32:20,183 - Detector - INFO - [1m[31mValue:     0 Wei[0m
2025-07-03 17:32:20,183 - Detector - INFO - [1m[31mGas Limit: 4500000[0m
2025-07-03 17:32:20,183 - Detector - INFO - [1m[31mInput:     0x853828b6[0m
2025-07-03 17:32:20,183 - Detector - INFO - [1m[31m-----------------------------------------------------[0m
2025-07-03 17:32:20,183 - Detector - INFO - [1m[31mTransaction 3 - withdrawAll():[0m
2025-07-03 17:32:20,183 - Detector - INFO - [1m[31m-----------------------------------------------------[0m
2025-07-03 17:32:20,183 - Detector - INFO - [1m[31mFrom:      0xcafebabecafebabecafebabecafebabecafebabe[0m
2025-07-03 17:32:20,183 - Detector - INFO - [1m[31mTo:        0x2c5e8a3b3aad9df32339409534e64dfcabcd3a65[0m
2025-07-03 17:32:20,183 - Detector - INFO - [1m[31mValue:     0 Wei[0m
2025-07-03 17:32:20,183 - Detector - INFO - [1m[31mGas Limit: 4500000[0m
2025-07-03 17:32:20,183 - Detector - INFO - [1m[31mInput:     0x853828b6[0m
2025-07-03 17:32:20,183 - Detector - INFO - [1m[31m-----------------------------------------------------[0m
2025-07-03 17:32:20,183 - Detector - INFO - [1m[31mTransaction 4 - withdrawAll():[0m
2025-07-03 17:32:20,183 - Detector - INFO - [1m[31m-----------------------------------------------------[0m
2025-07-03 17:32:20,183 - Detector - INFO - [1m[31mFrom:      0xcafebabecafebabecafebabecafebabecafebabe[0m
2025-07-03 17:32:20,183 - Detector - INFO - [1m[31mTo:        0x2c5e8a3b3aad9df32339409534e64dfcabcd3a65[0m
2025-07-03 17:32:20,183 - Detector - INFO - [1m[31mValue:     0 Wei[0m
2025-07-03 17:32:20,183 - Detector - INFO - [1m[31mGas Limit: 4500000[0m
2025-07-03 17:32:20,183 - Detector - INFO - [1m[31mInput:     0x853828b6[0m
2025-07-03 17:32:20,183 - Detector - INFO - [1m[31m-----------------------------------------------------[0m
2025-07-03 17:32:20,183 - Detector - INFO - [1m[31mTransaction 5 - withdrawAll():[0m
2025-07-03 17:32:20,183 - Detector - INFO - [1m[31m-----------------------------------------------------[0m
2025-07-03 17:32:20,183 - Detector - INFO - [1m[31mFrom:      0xdeadbeefdeadbeefdeadbeefdeadbeefdeadbeef[0m
2025-07-03 17:32:20,183 - Detector - INFO - [1m[31mTo:        0x2c5e8a3b3aad9df32339409534e64dfcabcd3a65[0m
2025-07-03 17:32:20,183 - Detector - INFO - [1m[31mValue:     0 Wei[0m
2025-07-03 17:32:20,183 - Detector - INFO - [1m[31mGas Limit: 4500000[0m
2025-07-03 17:32:20,183 - Detector - INFO - [1m[31mInput:     0x853828b6[0m
2025-07-03 17:32:20,183 - Detector - INFO - [1m[31m-----------------------------------------------------[0m
2025-07-03 17:32:20,184 - Detector - INFO - [1m[33m-----------------------------------------------------[0m
2025-07-03 17:32:20,184 - Detector - INFO - [1m[33m    !!! Transaction order dependency detected !!!    [0m
2025-07-03 17:32:20,184 - Detector - INFO - [1m[33m-----------------------------------------------------[0m
2025-07-03 17:32:20,184 - Detector - INFO - [1m[33mSWC-ID:   114[0m
2025-07-03 17:32:20,184 - Detector - INFO - [1m[33mSeverity: Medium[0m
2025-07-03 17:32:20,184 - Detector - INFO - [1m[33m-----------------------------------------------------[0m
2025-07-03 17:32:20,184 - Detector - INFO - [1m[33mSource code line:[0m
2025-07-03 17:32:20,184 - Detector - INFO - [1m[33m-----------------------------------------------------[0m
2025-07-03 17:32:20,184 - Detector - INFO - [1m[33m/sb/reentrancy_dao.sol:25:1[0m
2025-07-03 17:32:20,184 - Detector - INFO - [1m[33mcredit[msg.sender] += msg.value[0m
2025-07-03 17:32:20,184 - Detector - INFO - [1m[33m-----------------------------------------------------[0m
2025-07-03 17:32:20,184 - Detector - INFO - [1m[33mTransaction sequence:[0m
2025-07-03 17:32:20,184 - Detector - INFO - [1m[33m-----------------------------------------------------[0m
2025-07-03 17:32:20,184 - Detector - INFO - [1m[33mTransaction 1 - deposit():[0m
2025-07-03 17:32:20,184 - Detector - INFO - [1m[33m-----------------------------------------------------[0m
2025-07-03 17:32:20,184 - Detector - INFO - [1m[33mFrom:      0xdeadbeefdeadbeefdeadbeefdeadbeefdeadbeef[0m
2025-07-03 17:32:20,184 - Detector - INFO - [1m[33mTo:        0x2c5e8a3b3aad9df32339409534e64dfcabcd3a65[0m
2025-07-03 17:32:20,184 - Detector - INFO - [1m[33mValue:     1 Wei[0m
2025-07-03 17:32:20,184 - Detector - INFO - [1m[33mGas Limit: 4500000[0m
2025-07-03 17:32:20,184 - Detector - INFO - [1m[33mInput:     0xd0e30db0[0m
2025-07-03 17:32:20,184 - Detector - INFO - [1m[33m-----------------------------------------------------[0m
2025-07-03 17:32:20,184 - Detector - INFO - [1m[33mTransaction 2 - withdrawAll():[0m
2025-07-03 17:32:20,184 - Detector - INFO - [1m[33m-----------------------------------------------------[0m
2025-07-03 17:32:20,184 - Detector - INFO - [1m[33mFrom:      0xcafebabecafebabecafebabecafebabecafebabe[0m
2025-07-03 17:32:20,184 - Detector - INFO - [1m[33mTo:        0x2c5e8a3b3aad9df32339409534e64dfcabcd3a65[0m
2025-07-03 17:32:20,184 - Detector - INFO - [1m[33mValue:     0 Wei[0m
2025-07-03 17:32:20,184 - Detector - INFO - [1m[33mGas Limit: 4500000[0m
2025-07-03 17:32:20,184 - Detector - INFO - [1m[33mInput:     0x853828b6[0m
2025-07-03 17:32:20,184 - Detector - INFO - [1m[33m-----------------------------------------------------[0m
2025-07-03 17:32:20,184 - Detector - INFO - [1m[33mTransaction 3 - withdrawAll():[0m
2025-07-03 17:32:20,184 - Detector - INFO - [1m[33m-----------------------------------------------------[0m
2025-07-03 17:32:20,184 - Detector - INFO - [1m[33mFrom:      0xcafebabecafebabecafebabecafebabecafebabe[0m
2025-07-03 17:32:20,184 - Detector - INFO - [1m[33mTo:        0x2c5e8a3b3aad9df32339409534e64dfcabcd3a65[0m
2025-07-03 17:32:20,184 - Detector - INFO - [1m[33mValue:     0 Wei[0m
2025-07-03 17:32:20,184 - Detector - INFO - [1m[33mGas Limit: 4500000[0m
2025-07-03 17:32:20,184 - Detector - INFO - [1m[33mInput:     0x853828b6[0m
2025-07-03 17:32:20,184 - Detector - INFO - [1m[33m-----------------------------------------------------[0m
2025-07-03 17:32:20,184 - Detector - INFO - [1m[33mTransaction 4 - withdrawAll():[0m
2025-07-03 17:32:20,184 - Detector - INFO - [1m[33m-----------------------------------------------------[0m
2025-07-03 17:32:20,184 - Detector - INFO - [1m[33mFrom:      0xcafebabecafebabecafebabecafebabecafebabe[0m
2025-07-03 17:32:20,185 - Detector - INFO - [1m[33mTo:        0x2c5e8a3b3aad9df32339409534e64dfcabcd3a65[0m
2025-07-03 17:32:20,185 - Detector - INFO - [1m[33mValue:     0 Wei[0m
2025-07-03 17:32:20,185 - Detector - INFO - [1m[33mGas Limit: 4500000[0m
2025-07-03 17:32:20,185 - Detector - INFO - [1m[33mInput:     0x853828b6[0m
2025-07-03 17:32:20,185 - Detector - INFO - [1m[33m-----------------------------------------------------[0m
2025-07-03 17:32:20,185 - Detector - INFO - [1m[33mTransaction 5 - withdrawAll():[0m
2025-07-03 17:32:20,185 - Detector - INFO - [1m[33m-----------------------------------------------------[0m
2025-07-03 17:32:20,185 - Detector - INFO - [1m[33mFrom:      0xdeadbeefdeadbeefdeadbeefdeadbeefdeadbeef[0m
2025-07-03 17:32:20,185 - Detector - INFO - [1m[33mTo:        0x2c5e8a3b3aad9df32339409534e64dfcabcd3a65[0m
2025-07-03 17:32:20,185 - Detector - INFO - [1m[33mValue:     0 Wei[0m
2025-07-03 17:32:20,185 - Detector - INFO - [1m[33mGas Limit: 4500000[0m
2025-07-03 17:32:20,185 - Detector - INFO - [1m[33mInput:     0x853828b6[0m
2025-07-03 17:32:20,185 - Detector - INFO - [1m[33m-----------------------------------------------------[0m
2025-07-03 17:32:20,212 - Analysis - INFO - [1mGeneration number 9 	 Code coverage: 97.42% (151/155) 	 Branch coverage: 91.67% (11/12) 	 Transactions: 133 (18 unique)   	 Time: 0.4752073287963867[0m
2025-07-03 17:32:20,280 - Analysis - INFO - [1mGeneration number 10 	 Code coverage: 97.42% (151/155) 	 Branch coverage: 91.67% (11/12) 	 Transactions: 149 (20 unique)   	 Time: 0.5432584285736084[0m
2025-07-03 17:32:20,349 - Analysis - INFO - [1m-----------------------------------------------------[0m
2025-07-03 17:32:20,349 - Analysis - INFO - Number of generations: 	 10
2025-07-03 17:32:20,349 - Analysis - INFO - Number of transactions: 	 149 (20 unique)
2025-07-03 17:32:20,349 - Analysis - INFO - Transactions per second: 	 243
2025-07-03 17:32:20,349 - Analysis - INFO - Total code coverage: 	 97.42% (151/155)
2025-07-03 17:32:20,349 - Analysis - INFO - Total branch coverage: 	 91.67% (11/12)
2025-07-03 17:32:20,349 - Analysis - INFO - Total execution time: 	 0.61 seconds
2025-07-03 17:32:20,350 - Analysis - INFO - Total memory consumption: 	 62.97 MB

     ______            ______                _           
    / ____/___  ____  / ____/_  __________  (_)_  _______
   / /   / __ \/ __ \/ /_  / / / /_  /_  / / / / / / ___/
  / /___/ /_/ / / / / __/ / /_/ / / /_/ /_/ / /_/ (__  ) 
  \____/\____/_/ /_/_/    \__,_/ /___/___/_/\__,_/____/  

delteed file
