2025-09-04 01:01:48,785: [11] m.main:INFO: Registered plugins: IntrospectionAPIPlugin, <class 'manticore.ethereum.plugins.SkipRevertBasicBlocks'>, <class 'manticore.ethereum.plugins.FilterFunctions'>
2025-09-04 01:01:48,785: [11] m.main:INFO: Beginning analysis
2025-09-04 01:01:48,787: [11] m.e.manticore:INFO: Starting symbolic create contract
2025-09-04 01:01:49,383: [11] m.e.manticore:INFO: Starting symbolic transaction: 0
2025-09-04 01:01:52,463: [11] m.e.manticore:INFO: Found a concrete globalsha3 b'\x00\x00\x00\x00\x00\x00\x00\x00\x00\x00\x00\x00\x00\x00\x00\x00\x00\x00\x00\x00\x00\x00\x00\x00\x00\x00\x00\x00\x00\x02\x00\x00\x00\x00\x00\x00\x00\x00\x00\x00\x00\x00\x00\x00\x00\x00\x00\x00\x00\x00\x00\x00\x00\x00\x00\x00\x00\x00\x00\x00\x00\x00\x00\x00' -> 73138091548938366139099779971772605061518111956507126412222883840269740007539
2025-09-04 01:01:54,947: [11] m.e.manticore:INFO: 4 alive states, 1 terminated states
2025-09-04 01:01:55,145: [11] m.e.manticore:INFO: Starting symbolic transaction: 1
2025-09-04 01:02:23,766: [11] m.e.manticore:INFO: 16 alive states, 1 terminated states
2025-09-04 01:02:24,239: [100] m.c.manticore:INFO: Generated testcase No. 1 - STOP(3 txs)
2025-09-04 01:02:24,239: [99] m.c.manticore:INFO: Generated testcase No. 0 - STOP(3 txs)
2025-09-04 01:02:24,239: [99] m.c.plugin:WARNING: Caught will_solve in state None, but failed to capture its initialization
2025-09-04 01:02:24,241: [100] m.c.plugin:WARNING: Caught will_solve in state None, but failed to capture its initialization
2025-09-04 01:02:24,245: [101] m.c.manticore:INFO: Generated testcase No. 2 - STOP(3 txs)
2025-09-04 01:02:24,246: [101] m.c.plugin:WARNING: Caught will_solve in state None, but failed to capture its initialization
2025-09-04 01:02:24,298: [103] m.c.manticore:INFO: Generated testcase No. 5 - STOP(3 txs)
2025-09-04 01:02:24,299: [103] m.c.plugin:WARNING: Caught will_solve in state None, but failed to capture its initialization
2025-09-04 01:02:24,306: [105] m.c.manticore:INFO: Generated testcase No. 3 - STOP(3 txs)
2025-09-04 01:02:24,307: [105] m.c.plugin:WARNING: Caught will_solve in state None, but failed to capture its initialization
2025-09-04 01:02:24,326: [104] m.c.manticore:INFO: Generated testcase No. 4 - STOP(3 txs)
2025-09-04 01:02:24,335: [104] m.c.plugin:WARNING: Caught will_solve in state None, but failed to capture its initialization
2025-09-04 01:02:25,659: [113] m.c.plugin:WARNING: Caught will_solve in state None, but failed to capture its initialization
2025-09-04 01:02:26,769: [113] m.c.manticore:INFO: Generated testcase No. 6 - STOP(3 txs)
2025-09-04 01:02:26,774: [115] m.c.plugin:WARNING: Caught will_solve in state None, but failed to capture its initialization
2025-09-04 01:02:27,249: [98] m.c.plugin:WARNING: Caught will_solve in state None, but failed to capture its initialization
2025-09-04 01:02:27,460: [102] m.c.plugin:WARNING: Caught will_solve in state None, but failed to capture its initialization
2025-09-04 01:02:28,214: [103] m.c.manticore:INFO: Generated testcase No. 7 - STOP(3 txs)
2025-09-04 01:02:28,367: [111] m.c.plugin:WARNING: Caught will_solve in state None, but failed to capture its initialization
2025-09-04 01:02:28,650: [105] m.c.manticore:INFO: Generated testcase No. 8 - STOP(3 txs)
2025-09-04 01:02:29,288: [115] m.c.manticore:INFO: Generated testcase No. 9 - STOP(3 txs)
2025-09-04 01:02:29,584: [98] m.c.manticore:INFO: Generated testcase No. 10 - STOP(3 txs)
2025-09-04 01:02:29,851: [101] m.c.manticore:INFO: Generated testcase No. 11 - STOP(3 txs)
2025-09-04 01:02:30,137: [102] m.c.manticore:INFO: Generated testcase No. 12 - STOP(3 txs)
2025-09-04 01:02:30,480: [100] m.c.manticore:INFO: Generated testcase No. 13 - STOP(3 txs)
2025-09-04 01:02:31,281: [111] m.c.manticore:INFO: Generated testcase No. 14 - STOP(3 txs)
2025-09-04 01:02:33,079: [108] m.c.plugin:WARNING: Caught will_solve in state None, but failed to capture its initialization
2025-09-04 01:02:37,170: [108] m.c.manticore:INFO: Generated testcase No. 15 - STOP(3 txs)
2025-09-04 01:02:42,524: [11] m.c.plugin:WARNING: Caught will_solve in state None, but failed to capture its initialization
2025-09-04 01:02:52,053: [11] m.c.manticore:INFO: Results in /mcore_dhcd_9rg
2025-09-04 01:02:52,053: [11] m.c.manticore:INFO: Total time: 56.82719373703003
