2025-09-22 02:59:37,404 - Main     - INFO - [1mInitializing seed to 1427655.0[0m
2025-09-22 02:59:37,647 - Fuzzer   - INFO - [1mFuzzing contract [1mAbleToken[0m[0m
2025-09-22 02:59:38,032 - Analysis - INFO - [1mGeneration number 0 	 Code coverage: 68.98% (2139/3101) 	 Branch coverage: 73.68% (140/190) 	 Transactions: 55 (54 unique)   	 Time: 0.3668174743652344[0m
2025-09-22 02:59:38,612 - Analysis - INFO - [1mGeneration number 1 	 Code coverage: 81.49% (2527/3101) 	 Branch coverage: 77.37% (147/190) 	 Transactions: 132 (94 unique)   	 Time: 0.9475681781768799[0m
2025-09-22 02:59:38,892 - Detector - INFO - [1m[31m-----------------------------------------------------[0m
2025-09-22 02:59:38,892 - Detector - INFO - [1m[31m          !!! Integer overflow detected !!!          [0m
2025-09-22 02:59:38,892 - Detector - INFO - [1m[31m-----------------------------------------------------[0m
2025-09-22 02:59:38,892 - Detector - INFO - [1m[31mSWC-ID:   101[0m
2025-09-22 02:59:38,892 - Detector - INFO - [1m[31mSeverity: High[0m
2025-09-22 02:59:38,892 - Detector - INFO - [1m[31m-----------------------------------------------------[0m
2025-09-22 02:59:38,892 - Detector - INFO - [1m[31mSource code line:[0m
2025-09-22 02:59:38,893 - Detector - INFO - [1m[31m-----------------------------------------------------[0m
2025-09-22 02:59:38,893 - Detector - INFO - [1m[31m/sb/0x865bfd8232778f00cae81315bf75ef1fe6e30cdd.sol:46:1[0m
2025-09-22 02:59:38,893 - Detector - INFO - [1m[31ma + b[0m
2025-09-22 02:59:38,893 - Detector - INFO - [1m[31m-----------------------------------------------------[0m
2025-09-22 02:59:38,893 - Detector - INFO - [1m[31mTransaction sequence:[0m
2025-09-22 02:59:38,893 - Detector - INFO - [1m[31m-----------------------------------------------------[0m
2025-09-22 02:59:38,893 - Detector - INFO - [1m[31mTransaction 1 - mint(address,uint256):[0m
2025-09-22 02:59:38,893 - Detector - INFO - [1m[31m-----------------------------------------------------[0m
2025-09-22 02:59:38,893 - Detector - INFO - [1m[31mFrom:      0xcafebabecafebabecafebabecafebabecafebabe[0m
2025-09-22 02:59:38,893 - Detector - INFO - [1m[31mTo:        0x2c5e8a3b3aad9df32339409534e64dfcabcd3a65[0m
2025-09-22 02:59:38,893 - Detector - INFO - [1m[31mValue:     0 Wei[0m
2025-09-22 02:59:38,893 - Detector - INFO - [1m[31mGas Limit: 4500000[0m
2025-09-22 02:59:38,893 - Detector - INFO - [1m[31mInput:     0x40c10f19000000000000000000000000cafebabe[0m
2025-09-22 02:59:38,893 - Detector - INFO - [1m[31m           cafebabecafebabecafebabecafebabeffffffffff[0m
2025-09-22 02:59:38,893 - Detector - INFO - [1m[31m           ffffffffffffffffffffffffffffffffffffffffff[0m
2025-09-22 02:59:38,893 - Detector - INFO - [1m[31m           ffffffffffff[0m
2025-09-22 02:59:38,893 - Detector - INFO - [1m[31m-----------------------------------------------------[0m
2025-09-22 02:59:38,893 - Detector - INFO - [1m[31mTransaction 2 - totalSupply():[0m
2025-09-22 02:59:38,893 - Detector - INFO - [1m[31m-----------------------------------------------------[0m
2025-09-22 02:59:38,893 - Detector - INFO - [1m[31mFrom:      0xdeadbeefdeadbeefdeadbeefdeadbeefdeadbeef[0m
2025-09-22 02:59:38,893 - Detector - INFO - [1m[31mTo:        0x2c5e8a3b3aad9df32339409534e64dfcabcd3a65[0m
2025-09-22 02:59:38,893 - Detector - INFO - [1m[31mValue:     0 Wei[0m
2025-09-22 02:59:38,893 - Detector - INFO - [1m[31mGas Limit: 4500000[0m
2025-09-22 02:59:38,893 - Detector - INFO - [1m[31mInput:     0x18160ddd[0m
2025-09-22 02:59:38,893 - Detector - INFO - [1m[31m-----------------------------------------------------[0m
2025-09-22 02:59:38,893 - Detector - INFO - [1m[31mTransaction 3 - balanceOf(address):[0m
2025-09-22 02:59:38,893 - Detector - INFO - [1m[31m-----------------------------------------------------[0m
2025-09-22 02:59:38,893 - Detector - INFO - [1m[31mFrom:      0xcafebabecafebabecafebabecafebabecafebabe[0m
2025-09-22 02:59:38,893 - Detector - INFO - [1m[31mTo:        0x2c5e8a3b3aad9df32339409534e64dfcabcd3a65[0m
2025-09-22 02:59:38,893 - Detector - INFO - [1m[31mValue:     1 Wei[0m
2025-09-22 02:59:38,893 - Detector - INFO - [1m[31mGas Limit: 4500000[0m
2025-09-22 02:59:38,893 - Detector - INFO - [1m[31mInput:     0x70a08231000000000000000000000000deadbeef[0m
2025-09-22 02:59:38,893 - Detector - INFO - [1m[31m           deadbeefdeadbeefdeadbeefdeadbeef[0m
2025-09-22 02:59:38,893 - Detector - INFO - [1m[31m-----------------------------------------------------[0m
2025-09-22 02:59:38,895 - Detector - INFO - [1m[33m-----------------------------------------------------[0m
2025-09-22 02:59:38,895 - Detector - INFO - [1m[33m          !!! Assertion failure detected !!!         [0m
2025-09-22 02:59:38,895 - Detector - INFO - [1m[33m-----------------------------------------------------[0m
2025-09-22 02:59:38,895 - Detector - INFO - [1m[33mSWC-ID:   110[0m
2025-09-22 02:59:38,895 - Detector - INFO - [1m[33mSeverity: Medium[0m
2025-09-22 02:59:38,895 - Detector - INFO - [1m[33m-----------------------------------------------------[0m
2025-09-22 02:59:38,895 - Detector - INFO - [1m[33mSource code line:[0m
2025-09-22 02:59:38,895 - Detector - INFO - [1m[33m-----------------------------------------------------[0m
2025-09-22 02:59:38,895 - Detector - INFO - [1m[33m/sb/0x865bfd8232778f00cae81315bf75ef1fe6e30cdd.sol:47:1[0m
2025-09-22 02:59:38,895 - Detector - INFO - [1m[33massert(c >= a)[0m
2025-09-22 02:59:38,895 - Detector - INFO - [1m[33m-----------------------------------------------------[0m
2025-09-22 02:59:38,895 - Detector - INFO - [1m[33mTransaction sequence:[0m
2025-09-22 02:59:38,895 - Detector - INFO - [1m[33m-----------------------------------------------------[0m
2025-09-22 02:59:38,895 - Detector - INFO - [1m[33mTransaction 1 - mint(address,uint256):[0m
2025-09-22 02:59:38,895 - Detector - INFO - [1m[33m-----------------------------------------------------[0m
2025-09-22 02:59:38,895 - Detector - INFO - [1m[33mFrom:      0xcafebabecafebabecafebabecafebabecafebabe[0m
2025-09-22 02:59:38,895 - Detector - INFO - [1m[33mTo:        0x2c5e8a3b3aad9df32339409534e64dfcabcd3a65[0m
2025-09-22 02:59:38,895 - Detector - INFO - [1m[33mValue:     0 Wei[0m
2025-09-22 02:59:38,895 - Detector - INFO - [1m[33mGas Limit: 4500000[0m
2025-09-22 02:59:38,895 - Detector - INFO - [1m[33mInput:     0x40c10f19000000000000000000000000cafebabe[0m
2025-09-22 02:59:38,895 - Detector - INFO - [1m[33m           cafebabecafebabecafebabecafebabeffffffffff[0m
2025-09-22 02:59:38,895 - Detector - INFO - [1m[33m           ffffffffffffffffffffffffffffffffffffffffff[0m
2025-09-22 02:59:38,895 - Detector - INFO - [1m[33m           ffffffffffff[0m
2025-09-22 02:59:38,895 - Detector - INFO - [1m[33m-----------------------------------------------------[0m
2025-09-22 02:59:38,895 - Detector - INFO - [1m[33mTransaction 2 - totalSupply():[0m
2025-09-22 02:59:38,895 - Detector - INFO - [1m[33m-----------------------------------------------------[0m
2025-09-22 02:59:38,895 - Detector - INFO - [1m[33mFrom:      0xdeadbeefdeadbeefdeadbeefdeadbeefdeadbeef[0m
2025-09-22 02:59:38,895 - Detector - INFO - [1m[33mTo:        0x2c5e8a3b3aad9df32339409534e64dfcabcd3a65[0m
2025-09-22 02:59:38,896 - Detector - INFO - [1m[33mValue:     0 Wei[0m
2025-09-22 02:59:38,896 - Detector - INFO - [1m[33mGas Limit: 4500000[0m
2025-09-22 02:59:38,896 - Detector - INFO - [1m[33mInput:     0x18160ddd[0m
2025-09-22 02:59:38,896 - Detector - INFO - [1m[33m-----------------------------------------------------[0m
2025-09-22 02:59:38,896 - Detector - INFO - [1m[33mTransaction 3 - balanceOf(address):[0m
2025-09-22 02:59:38,896 - Detector - INFO - [1m[33m-----------------------------------------------------[0m
2025-09-22 02:59:38,896 - Detector - INFO - [1m[33mFrom:      0xcafebabecafebabecafebabecafebabecafebabe[0m
2025-09-22 02:59:38,896 - Detector - INFO - [1m[33mTo:        0x2c5e8a3b3aad9df32339409534e64dfcabcd3a65[0m
2025-09-22 02:59:38,896 - Detector - INFO - [1m[33mValue:     1 Wei[0m
2025-09-22 02:59:38,896 - Detector - INFO - [1m[33mGas Limit: 4500000[0m
2025-09-22 02:59:38,896 - Detector - INFO - [1m[33mInput:     0x70a08231000000000000000000000000deadbeef[0m
2025-09-22 02:59:38,896 - Detector - INFO - [1m[33m           deadbeefdeadbeefdeadbeefdeadbeef[0m
2025-09-22 02:59:38,896 - Detector - INFO - [1m[33m-----------------------------------------------------[0m
2025-09-22 02:59:39,703 - Analysis - INFO - [1mGeneration number 2 	 Code coverage: 83.04% (2575/3101) 	 Branch coverage: 80.00% (152/190) 	 Transactions: 266 (146 unique)   	 Time: 2.037837028503418[0m
2025-09-22 02:59:41,342 - Analysis - INFO - [1mGeneration number 3 	 Code coverage: 89.65% (2780/3101) 	 Branch coverage: 82.63% (157/190) 	 Transactions: 453 (199 unique)   	 Time: 3.6767547130584717[0m
2025-09-22 02:59:43,198 - Analysis - INFO - [1mGeneration number 4 	 Code coverage: 89.65% (2780/3101) 	 Branch coverage: 82.63% (157/190) 	 Transactions: 658 (248 unique)   	 Time: 5.5331079959869385[0m
2025-09-22 02:59:45,228 - Analysis - INFO - [1mGeneration number 5 	 Code coverage: 89.94% (2789/3101) 	 Branch coverage: 84.21% (160/190) 	 Transactions: 882 (300 unique)   	 Time: 7.5632617473602295[0m
2025-09-22 02:59:47,363 - Analysis - INFO - [1mGeneration number 6 	 Code coverage: 89.94% (2789/3101) 	 Branch coverage: 84.21% (160/190) 	 Transactions: 1107 (352 unique)   	 Time: 9.69829511642456[0m
2025-09-22 02:59:49,505 - Analysis - INFO - [1mGeneration number 7 	 Code coverage: 89.94% (2789/3101) 	 Branch coverage: 84.21% (160/190) 	 Transactions: 1340 (403 unique)   	 Time: 11.840158700942993[0m
2025-09-22 02:59:51,821 - Analysis - INFO - [1mGeneration number 8 	 Code coverage: 89.94% (2789/3101) 	 Branch coverage: 84.21% (160/190) 	 Transactions: 1580 (452 unique)   	 Time: 14.15622854232788[0m
2025-09-22 02:59:54,092 - Analysis - INFO - [1mGeneration number 9 	 Code coverage: 89.94% (2789/3101) 	 Branch coverage: 84.21% (160/190) 	 Transactions: 1820 (504 unique)   	 Time: 16.427138328552246[0m
2025-09-22 02:59:56,453 - Analysis - INFO - [1mGeneration number 10 	 Code coverage: 89.94% (2789/3101) 	 Branch coverage: 84.21% (160/190) 	 Transactions: 2065 (554 unique)   	 Time: 18.788154125213623[0m
2025-09-22 02:59:56,484 - Analysis - INFO - [1m-----------------------------------------------------[0m
2025-09-22 02:59:56,484 - Analysis - INFO - Number of generations: 	 10
2025-09-22 02:59:56,485 - Analysis - INFO - Number of transactions: 	 2065 (554 unique)
2025-09-22 02:59:56,485 - Analysis - INFO - Transactions per second: 	 110
2025-09-22 02:59:56,485 - Analysis - INFO - Total code coverage: 	 89.94% (2789/3101)
2025-09-22 02:59:56,485 - Analysis - INFO - Total branch coverage: 	 84.21% (160/190)
2025-09-22 02:59:56,485 - Analysis - INFO - Total execution time: 	 18.82 seconds
2025-09-22 02:59:56,485 - Analysis - INFO - Total memory consumption: 	 75.54 MB
2025-09-22 02:59:56,487 - Fuzzer   - INFO - [1mFuzzing contract [1mBasicToken[0m[0m
2025-09-22 02:59:56,517 - Analysis - INFO - [1mGeneration number 0 	 Code coverage: 49.68% (154/310) 	 Branch coverage: 72.73% (16/22) 	 Transactions: 9 (8 unique)   	 Time: 0.026793241500854492[0m
2025-09-22 02:59:56,544 - Analysis - INFO - [1mGeneration number 1 	 Code coverage: 49.68% (154/310) 	 Branch coverage: 72.73% (16/22) 	 Transactions: 16 (11 unique)   	 Time: 0.05354785919189453[0m
2025-09-22 02:59:56,592 - Analysis - INFO - [1mGeneration number 2 	 Code coverage: 49.68% (154/310) 	 Branch coverage: 72.73% (16/22) 	 Transactions: 23 (14 unique)   	 Time: 0.1018378734588623[0m
2025-09-22 02:59:56,638 - Analysis - INFO - [1mGeneration number 3 	 Code coverage: 49.68% (154/310) 	 Branch coverage: 72.73% (16/22) 	 Transactions: 29 (17 unique)   	 Time: 0.14796900749206543[0m
2025-09-22 02:59:56,716 - Analysis - INFO - [1mGeneration number 4 	 Code coverage: 98.06% (304/310) 	 Branch coverage: 86.36% (19/22) 	 Transactions: 35 (19 unique)   	 Time: 0.22562551498413086[0m
2025-09-22 02:59:56,758 - Analysis - INFO - [1mGeneration number 5 	 Code coverage: 98.06% (304/310) 	 Branch coverage: 86.36% (19/22) 	 Transactions: 45 (23 unique)   	 Time: 0.2677164077758789[0m
2025-09-22 02:59:56,842 - Analysis - INFO - [1mGeneration number 6 	 Code coverage: 98.06% (304/310) 	 Branch coverage: 86.36% (19/22) 	 Transactions: 60 (27 unique)   	 Time: 0.35230445861816406[0m
2025-09-22 02:59:56,950 - Analysis - INFO - [1mGeneration number 7 	 Code coverage: 99.03% (307/310) 	 Branch coverage: 90.91% (20/22) 	 Transactions: 78 (31 unique)   	 Time: 0.4599616527557373[0m
2025-09-22 02:59:57,054 - Analysis - INFO - [1mGeneration number 8 	 Code coverage: 99.03% (307/310) 	 Branch coverage: 90.91% (20/22) 	 Transactions: 100 (38 unique)   	 Time: 0.5636465549468994[0m
2025-09-22 02:59:57,221 - Analysis - INFO - [1mGeneration number 9 	 Code coverage: 99.03% (307/310) 	 Branch coverage: 90.91% (20/22) 	 Transactions: 130 (45 unique)   	 Time: 0.7308752536773682[0m
2025-09-22 02:59:57,366 - Analysis - INFO - [1mGeneration number 10 	 Code coverage: 99.03% (307/310) 	 Branch coverage: 90.91% (20/22) 	 Transactions: 156 (50 unique)   	 Time: 0.8764402866363525[0m
2025-09-22 02:59:57,385 - Analysis - INFO - [1m-----------------------------------------------------[0m
2025-09-22 02:59:57,385 - Analysis - INFO - Number of generations: 	 10
2025-09-22 02:59:57,385 - Analysis - INFO - Number of transactions: 	 156 (50 unique)
2025-09-22 02:59:57,385 - Analysis - INFO - Transactions per second: 	 174
2025-09-22 02:59:57,385 - Analysis - INFO - Total code coverage: 	 99.03% (307/310)
2025-09-22 02:59:57,385 - Analysis - INFO - Total branch coverage: 	 90.91% (20/22)
2025-09-22 02:59:57,385 - Analysis - INFO - Total execution time: 	 0.90 seconds
2025-09-22 02:59:57,386 - Analysis - INFO - Total memory consumption: 	 76.34 MB
2025-09-22 02:59:57,387 - Fuzzer   - INFO - [1mFuzzing contract [1mBurnableToken[0m[0m
2025-09-22 02:59:57,431 - Analysis - INFO - [1mGeneration number 0 	 Code coverage: 69.94% (356/509) 	 Branch coverage: 75.00% (21/28) 	 Transactions: 11 (10 unique)   	 Time: 0.039971113204956055[0m
2025-09-22 02:59:57,485 - Analysis - INFO - [1mGeneration number 1 	 Code coverage: 70.53% (359/509) 	 Branch coverage: 78.57% (22/28) 	 Transactions: 26 (17 unique)   	 Time: 0.09432554244995117[0m
2025-09-22 02:59:57,577 - Analysis - INFO - [1mGeneration number 2 	 Code coverage: 70.53% (359/509) 	 Branch coverage: 78.57% (22/28) 	 Transactions: 50 (25 unique)   	 Time: 0.18640470504760742[0m
2025-09-22 02:59:57,717 - Analysis - INFO - [1mGeneration number 3 	 Code coverage: 70.53% (359/509) 	 Branch coverage: 78.57% (22/28) 	 Transactions: 81 (32 unique)   	 Time: 0.326326847076416[0m
2025-09-22 02:59:57,871 - Analysis - INFO - [1mGeneration number 4 	 Code coverage: 70.53% (359/509) 	 Branch coverage: 78.57% (22/28) 	 Transactions: 115 (40 unique)   	 Time: 0.4797632694244385[0m
2025-09-22 02:59:58,025 - Analysis - INFO - [1mGeneration number 5 	 Code coverage: 70.53% (359/509) 	 Branch coverage: 78.57% (22/28) 	 Transactions: 149 (49 unique)   	 Time: 0.634326696395874[0m
2025-09-22 02:59:58,212 - Analysis - INFO - [1mGeneration number 6 	 Code coverage: 70.53% (359/509) 	 Branch coverage: 78.57% (22/28) 	 Transactions: 191 (58 unique)   	 Time: 0.8210391998291016[0m
2025-09-22 02:59:58,408 - Analysis - INFO - [1mGeneration number 7 	 Code coverage: 70.53% (359/509) 	 Branch coverage: 78.57% (22/28) 	 Transactions: 238 (68 unique)   	 Time: 1.0170161724090576[0m
2025-09-22 02:59:58,607 - Analysis - INFO - [1mGeneration number 8 	 Code coverage: 70.53% (359/509) 	 Branch coverage: 78.57% (22/28) 	 Transactions: 284 (77 unique)   	 Time: 1.2159433364868164[0m
2025-09-22 02:59:58,795 - Analysis - INFO - [1mGeneration number 9 	 Code coverage: 70.53% (359/509) 	 Branch coverage: 78.57% (22/28) 	 Transactions: 327 (85 unique)   	 Time: 1.404120922088623[0m
2025-09-22 02:59:58,998 - Analysis - INFO - [1mGeneration number 10 	 Code coverage: 70.53% (359/509) 	 Branch coverage: 78.57% (22/28) 	 Transactions: 372 (94 unique)   	 Time: 1.6073229312896729[0m
2025-09-22 02:59:59,020 - Analysis - INFO - [1m-----------------------------------------------------[0m
2025-09-22 02:59:59,020 - Analysis - INFO - Number of generations: 	 10
2025-09-22 02:59:59,020 - Analysis - INFO - Number of transactions: 	 372 (94 unique)
2025-09-22 02:59:59,020 - Analysis - INFO - Transactions per second: 	 228
2025-09-22 02:59:59,020 - Analysis - INFO - Total code coverage: 	 70.53% (359/509)
2025-09-22 02:59:59,020 - Analysis - INFO - Total branch coverage: 	 78.57% (22/28)
2025-09-22 02:59:59,020 - Analysis - INFO - Total execution time: 	 1.63 seconds
2025-09-22 02:59:59,020 - Analysis - INFO - Total memory consumption: 	 76.34 MB
2025-09-22 02:59:59,023 - Fuzzer   - INFO - [1mFuzzing contract [1mMintableToken[0m[0m
2025-09-22 02:59:59,184 - Analysis - INFO - [1mGeneration number 0 	 Code coverage: 59.62% (967/1622) 	 Branch coverage: 77.27% (68/88) 	 Transactions: 31 (30 unique)   	 Time: 0.15334439277648926[0m
2025-09-22 02:59:59,408 - Analysis - INFO - [1mGeneration number 1 	 Code coverage: 62.82% (1019/1622) 	 Branch coverage: 79.55% (70/88) 	 Transactions: 64 (51 unique)   	 Time: 0.377363920211792[0m
2025-09-22 02:59:59,753 - Analysis - INFO - [1mGeneration number 2 	 Code coverage: 62.82% (1019/1622) 	 Branch coverage: 79.55% (70/88) 	 Transactions: 109 (72 unique)   	 Time: 0.7228405475616455[0m
2025-09-22 03:00:00,615 - Analysis - INFO - [1mGeneration number 3 	 Code coverage: 62.82% (1019/1622) 	 Branch coverage: 79.55% (70/88) 	 Transactions: 207 (97 unique)   	 Time: 1.5848217010498047[0m
2025-09-22 03:00:01,541 - Analysis - INFO - [1mGeneration number 4 	 Code coverage: 76.51% (1241/1622) 	 Branch coverage: 82.95% (73/88) 	 Transactions: 308 (125 unique)   	 Time: 2.511138677597046[0m
2025-09-22 03:00:01,868 - Detector - INFO - [1m[31m-----------------------------------------------------[0m
2025-09-22 03:00:01,868 - Detector - INFO - [1m[31m          !!! Integer overflow detected !!!          [0m
2025-09-22 03:00:01,868 - Detector - INFO - [1m[31m-----------------------------------------------------[0m
2025-09-22 03:00:01,868 - Detector - INFO - [1m[31mSWC-ID:   101[0m
2025-09-22 03:00:01,868 - Detector - INFO - [1m[31mSeverity: High[0m
2025-09-22 03:00:01,868 - Detector - INFO - [1m[31m-----------------------------------------------------[0m
2025-09-22 03:00:01,869 - Detector - INFO - [1m[31mSource code line:[0m
2025-09-22 03:00:01,869 - Detector - INFO - [1m[31m-----------------------------------------------------[0m
2025-09-22 03:00:01,869 - Detector - INFO - [1m[31m/sb/0x865bfd8232778f00cae81315bf75ef1fe6e30cdd.sol:46:1[0m
2025-09-22 03:00:01,869 - Detector - INFO - [1m[31ma + b[0m
2025-09-22 03:00:01,869 - Detector - INFO - [1m[31m-----------------------------------------------------[0m
2025-09-22 03:00:01,869 - Detector - INFO - [1m[31mTransaction sequence:[0m
2025-09-22 03:00:01,869 - Detector - INFO - [1m[31m-----------------------------------------------------[0m
2025-09-22 03:00:01,869 - Detector - INFO - [1m[31mTransaction 1 - approve(address,uint256):[0m
2025-09-22 03:00:01,869 - Detector - INFO - [1m[31m-----------------------------------------------------[0m
2025-09-22 03:00:01,869 - Detector - INFO - [1m[31mFrom:      0xcafebabecafebabecafebabecafebabecafebabe[0m
2025-09-22 03:00:01,869 - Detector - INFO - [1m[31mTo:        0x2c5e8a3b3aad9df32339409534e64dfcabcd3a65[0m
2025-09-22 03:00:01,869 - Detector - INFO - [1m[31mValue:     0 Wei[0m
2025-09-22 03:00:01,869 - Detector - INFO - [1m[31mGas Limit: 4500000[0m
2025-09-22 03:00:01,869 - Detector - INFO - [1m[31mInput:     0x095ea7b3000000000000000000000000deadbeef[0m
2025-09-22 03:00:01,869 - Detector - INFO - [1m[31m           deadbeefdeadbeefdeadbeefdeadbeefffffffffff[0m
2025-09-22 03:00:01,869 - Detector - INFO - [1m[31m           ffffffffffffffffffffffffffffffffffffffffff[0m
2025-09-22 03:00:01,869 - Detector - INFO - [1m[31m           ffffffffffff[0m
2025-09-22 03:00:01,869 - Detector - INFO - [1m[31m-----------------------------------------------------[0m
2025-09-22 03:00:01,869 - Detector - INFO - [1m[31mTransaction 2 - increaseApproval(address,uint256):[0m
2025-09-22 03:00:01,869 - Detector - INFO - [1m[31m-----------------------------------------------------[0m
2025-09-22 03:00:01,869 - Detector - INFO - [1m[31mFrom:      0xdeadbeefdeadbeefdeadbeefdeadbeefdeadbeef[0m
2025-09-22 03:00:01,869 - Detector - INFO - [1m[31mTo:        0x2c5e8a3b3aad9df32339409534e64dfcabcd3a65[0m
2025-09-22 03:00:01,870 - Detector - INFO - [1m[31mValue:     0 Wei[0m
2025-09-22 03:00:01,870 - Detector - INFO - [1m[31mGas Limit: 4500000[0m
2025-09-22 03:00:01,870 - Detector - INFO - [1m[31mInput:     0xd73dd623000000000000000000000000cafebabe[0m
2025-09-22 03:00:01,870 - Detector - INFO - [1m[31m           cafebabecafebabecafebabecafebabeffffffffff[0m
2025-09-22 03:00:01,870 - Detector - INFO - [1m[31m           ffffffffffffffffffffffffffffffffffffffffff[0m
2025-09-22 03:00:01,870 - Detector - INFO - [1m[31m           ffffffffffff[0m
2025-09-22 03:00:01,870 - Detector - INFO - [1m[31m-----------------------------------------------------[0m
2025-09-22 03:00:01,870 - Detector - INFO - [1m[31mTransaction 3 - allowance(address,address):[0m
2025-09-22 03:00:01,870 - Detector - INFO - [1m[31m-----------------------------------------------------[0m
2025-09-22 03:00:01,870 - Detector - INFO - [1m[31mFrom:      0xffffffffffffffffffffffffffffffffffffffff[0m
2025-09-22 03:00:01,870 - Detector - INFO - [1m[31mTo:        0x2c5e8a3b3aad9df32339409534e64dfcabcd3a65[0m
2025-09-22 03:00:01,870 - Detector - INFO - [1m[31mValue:     0 Wei[0m
2025-09-22 03:00:01,870 - Detector - INFO - [1m[31mGas Limit: 4500000[0m
2025-09-22 03:00:01,870 - Detector - INFO - [1m[31mInput:     0xdd62ed3e000000000000000000000000ffffffff[0m
2025-09-22 03:00:01,870 - Detector - INFO - [1m[31m           ffffffffffffffffffffffffffffffff0000000000[0m
2025-09-22 03:00:01,870 - Detector - INFO - [1m[31m           00000000000000cafebabecafebabecafebabecafe[0m
2025-09-22 03:00:01,870 - Detector - INFO - [1m[31m           babecafebabe[0m
2025-09-22 03:00:01,870 - Detector - INFO - [1m[31m-----------------------------------------------------[0m
2025-09-22 03:00:01,870 - Detector - INFO - [1m[31mTransaction 4 - increaseApproval(address,uint256):[0m
2025-09-22 03:00:01,870 - Detector - INFO - [1m[31m-----------------------------------------------------[0m
2025-09-22 03:00:01,870 - Detector - INFO - [1m[31mFrom:      0xcafebabecafebabecafebabecafebabecafebabe[0m
2025-09-22 03:00:01,870 - Detector - INFO - [1m[31mTo:        0x2c5e8a3b3aad9df32339409534e64dfcabcd3a65[0m
2025-09-22 03:00:01,870 - Detector - INFO - [1m[31mValue:     0 Wei[0m
2025-09-22 03:00:01,870 - Detector - INFO - [1m[31mGas Limit: 4500000[0m
2025-09-22 03:00:01,870 - Detector - INFO - [1m[31mInput:     0xd73dd623000000000000000000000000deadbeef[0m
2025-09-22 03:00:01,871 - Detector - INFO - [1m[31m           deadbeefdeadbeefdeadbeefdeadbeef9de502d300[0m
2025-09-22 03:00:01,871 - Detector - INFO - [1m[31m           3ac0822fea1a3e449dd0d301f625fec8622d87c4a6[0m
2025-09-22 03:00:01,871 - Detector - INFO - [1m[31m           2b63d7c9fae2[0m
2025-09-22 03:00:01,871 - Detector - INFO - [1m[31m-----------------------------------------------------[0m
2025-09-22 03:00:01,875 - Detector - INFO - [1m[33m-----------------------------------------------------[0m
2025-09-22 03:00:01,875 - Detector - INFO - [1m[33m          !!! Assertion failure detected !!!         [0m
2025-09-22 03:00:01,875 - Detector - INFO - [1m[33m-----------------------------------------------------[0m
2025-09-22 03:00:01,875 - Detector - INFO - [1m[33mSWC-ID:   110[0m
2025-09-22 03:00:01,875 - Detector - INFO - [1m[33mSeverity: Medium[0m
2025-09-22 03:00:01,875 - Detector - INFO - [1m[33m-----------------------------------------------------[0m
2025-09-22 03:00:01,875 - Detector - INFO - [1m[33mSource code line:[0m
2025-09-22 03:00:01,875 - Detector - INFO - [1m[33m-----------------------------------------------------[0m
2025-09-22 03:00:01,875 - Detector - INFO - [1m[33m/sb/0x865bfd8232778f00cae81315bf75ef1fe6e30cdd.sol:47:1[0m
2025-09-22 03:00:01,875 - Detector - INFO - [1m[33massert(c >= a)[0m
2025-09-22 03:00:01,875 - Detector - INFO - [1m[33m-----------------------------------------------------[0m
2025-09-22 03:00:01,875 - Detector - INFO - [1m[33mTransaction sequence:[0m
2025-09-22 03:00:01,875 - Detector - INFO - [1m[33m-----------------------------------------------------[0m
2025-09-22 03:00:01,876 - Detector - INFO - [1m[33mTransaction 1 - approve(address,uint256):[0m
2025-09-22 03:00:01,876 - Detector - INFO - [1m[33m-----------------------------------------------------[0m
2025-09-22 03:00:01,876 - Detector - INFO - [1m[33mFrom:      0xcafebabecafebabecafebabecafebabecafebabe[0m
2025-09-22 03:00:01,876 - Detector - INFO - [1m[33mTo:        0x2c5e8a3b3aad9df32339409534e64dfcabcd3a65[0m
2025-09-22 03:00:01,876 - Detector - INFO - [1m[33mValue:     0 Wei[0m
2025-09-22 03:00:01,876 - Detector - INFO - [1m[33mGas Limit: 4500000[0m
2025-09-22 03:00:01,876 - Detector - INFO - [1m[33mInput:     0x095ea7b3000000000000000000000000deadbeef[0m
2025-09-22 03:00:01,876 - Detector - INFO - [1m[33m           deadbeefdeadbeefdeadbeefdeadbeefffffffffff[0m
2025-09-22 03:00:01,876 - Detector - INFO - [1m[33m           ffffffffffffffffffffffffffffffffffffffffff[0m
2025-09-22 03:00:01,876 - Detector - INFO - [1m[33m           ffffffffffff[0m
2025-09-22 03:00:01,876 - Detector - INFO - [1m[33m-----------------------------------------------------[0m
2025-09-22 03:00:01,876 - Detector - INFO - [1m[33mTransaction 2 - increaseApproval(address,uint256):[0m
2025-09-22 03:00:01,876 - Detector - INFO - [1m[33m-----------------------------------------------------[0m
2025-09-22 03:00:01,876 - Detector - INFO - [1m[33mFrom:      0xdeadbeefdeadbeefdeadbeefdeadbeefdeadbeef[0m
2025-09-22 03:00:01,876 - Detector - INFO - [1m[33mTo:        0x2c5e8a3b3aad9df32339409534e64dfcabcd3a65[0m
2025-09-22 03:00:01,876 - Detector - INFO - [1m[33mValue:     0 Wei[0m
2025-09-22 03:00:01,876 - Detector - INFO - [1m[33mGas Limit: 4500000[0m
2025-09-22 03:00:01,876 - Detector - INFO - [1m[33mInput:     0xd73dd623000000000000000000000000cafebabe[0m
2025-09-22 03:00:01,876 - Detector - INFO - [1m[33m           cafebabecafebabecafebabecafebabeffffffffff[0m
2025-09-22 03:00:01,876 - Detector - INFO - [1m[33m           ffffffffffffffffffffffffffffffffffffffffff[0m
2025-09-22 03:00:01,876 - Detector - INFO - [1m[33m           ffffffffffff[0m
2025-09-22 03:00:01,876 - Detector - INFO - [1m[33m-----------------------------------------------------[0m
2025-09-22 03:00:01,876 - Detector - INFO - [1m[33mTransaction 3 - allowance(address,address):[0m
2025-09-22 03:00:01,876 - Detector - INFO - [1m[33m-----------------------------------------------------[0m
2025-09-22 03:00:01,876 - Detector - INFO - [1m[33mFrom:      0xffffffffffffffffffffffffffffffffffffffff[0m
2025-09-22 03:00:01,877 - Detector - INFO - [1m[33mTo:        0x2c5e8a3b3aad9df32339409534e64dfcabcd3a65[0m
2025-09-22 03:00:01,877 - Detector - INFO - [1m[33mValue:     0 Wei[0m
2025-09-22 03:00:01,877 - Detector - INFO - [1m[33mGas Limit: 4500000[0m
2025-09-22 03:00:01,877 - Detector - INFO - [1m[33mInput:     0xdd62ed3e000000000000000000000000ffffffff[0m
2025-09-22 03:00:01,877 - Detector - INFO - [1m[33m           ffffffffffffffffffffffffffffffff0000000000[0m
2025-09-22 03:00:01,877 - Detector - INFO - [1m[33m           00000000000000cafebabecafebabecafebabecafe[0m
2025-09-22 03:00:01,877 - Detector - INFO - [1m[33m           babecafebabe[0m
2025-09-22 03:00:01,877 - Detector - INFO - [1m[33m-----------------------------------------------------[0m
2025-09-22 03:00:01,877 - Detector - INFO - [1m[33mTransaction 4 - increaseApproval(address,uint256):[0m
2025-09-22 03:00:01,877 - Detector - INFO - [1m[33m-----------------------------------------------------[0m
2025-09-22 03:00:01,877 - Detector - INFO - [1m[33mFrom:      0xcafebabecafebabecafebabecafebabecafebabe[0m
2025-09-22 03:00:01,877 - Detector - INFO - [1m[33mTo:        0x2c5e8a3b3aad9df32339409534e64dfcabcd3a65[0m
2025-09-22 03:00:01,877 - Detector - INFO - [1m[33mValue:     0 Wei[0m
2025-09-22 03:00:01,877 - Detector - INFO - [1m[33mGas Limit: 4500000[0m
2025-09-22 03:00:01,877 - Detector - INFO - [1m[33mInput:     0xd73dd623000000000000000000000000deadbeef[0m
2025-09-22 03:00:01,877 - Detector - INFO - [1m[33m           deadbeefdeadbeefdeadbeefdeadbeef9de502d300[0m
2025-09-22 03:00:01,877 - Detector - INFO - [1m[33m           3ac0822fea1a3e449dd0d301f625fec8622d87c4a6[0m
2025-09-22 03:00:01,877 - Detector - INFO - [1m[33m           2b63d7c9fae2[0m
2025-09-22 03:00:01,877 - Detector - INFO - [1m[33m-----------------------------------------------------[0m
2025-09-22 03:00:02,683 - Analysis - INFO - [1mGeneration number 5 	 Code coverage: 76.57% (1242/1622) 	 Branch coverage: 84.09% (74/88) 	 Transactions: 441 (155 unique)   	 Time: 3.653010368347168[0m
2025-09-22 03:00:03,808 - Analysis - INFO - [1mGeneration number 6 	 Code coverage: 76.57% (1242/1622) 	 Branch coverage: 84.09% (74/88) 	 Transactions: 576 (185 unique)   	 Time: 4.77792763710022[0m
2025-09-22 03:00:05,048 - Analysis - INFO - [1mGeneration number 7 	 Code coverage: 76.57% (1242/1622) 	 Branch coverage: 84.09% (74/88) 	 Transactions: 713 (215 unique)   	 Time: 6.017613172531128[0m
2025-09-22 03:00:06,275 - Analysis - INFO - [1mGeneration number 8 	 Code coverage: 76.57% (1242/1622) 	 Branch coverage: 84.09% (74/88) 	 Transactions: 850 (245 unique)   	 Time: 7.244629859924316[0m
2025-09-22 03:00:07,609 - Analysis - INFO - [1mGeneration number 9 	 Code coverage: 76.57% (1242/1622) 	 Branch coverage: 84.09% (74/88) 	 Transactions: 989 (275 unique)   	 Time: 8.578725337982178[0m
2025-09-22 03:00:08,985 - Analysis - INFO - [1mGeneration number 10 	 Code coverage: 76.57% (1242/1622) 	 Branch coverage: 84.09% (74/88) 	 Transactions: 1128 (305 unique)   	 Time: 9.954423904418945[0m
2025-09-22 03:00:09,026 - Analysis - INFO - [1m-----------------------------------------------------[0m
2025-09-22 03:00:09,026 - Analysis - INFO - Number of generations: 	 10
2025-09-22 03:00:09,026 - Analysis - INFO - Number of transactions: 	 1128 (305 unique)
2025-09-22 03:00:09,026 - Analysis - INFO - Transactions per second: 	 113
2025-09-22 03:00:09,026 - Analysis - INFO - Total code coverage: 	 76.57% (1242/1622)
2025-09-22 03:00:09,026 - Analysis - INFO - Total branch coverage: 	 84.09% (74/88)
2025-09-22 03:00:09,026 - Analysis - INFO - Total execution time: 	 10.00 seconds
2025-09-22 03:00:09,026 - Analysis - INFO - Total memory consumption: 	 76.16 MB
2025-09-22 03:00:09,030 - Fuzzer   - INFO - [1mFuzzing contract [1mOwnable[0m[0m
2025-09-22 03:00:09,059 - Analysis - INFO - [1mGeneration number 0 	 Code coverage: 71.43% (175/245) 	 Branch coverage: 80.00% (16/20) 	 Transactions: 9 (8 unique)   	 Time: 0.02597832679748535[0m
2025-09-22 03:00:09,099 - Analysis - INFO - [1mGeneration number 1 	 Code coverage: 72.65% (178/245) 	 Branch coverage: 85.00% (17/20) 	 Transactions: 20 (14 unique)   	 Time: 0.06669473648071289[0m
2025-09-22 03:00:09,161 - Analysis - INFO - [1mGeneration number 2 	 Code coverage: 98.37% (241/245) 	 Branch coverage: 95.00% (19/20) 	 Transactions: 35 (20 unique)   	 Time: 0.12800335884094238[0m
2025-09-22 03:00:09,282 - Analysis - INFO - [1mGeneration number 3 	 Code coverage: 98.37% (241/245) 	 Branch coverage: 95.00% (19/20) 	 Transactions: 60 (27 unique)   	 Time: 0.248931884765625[0m
2025-09-22 03:00:09,422 - Analysis - INFO - [1mGeneration number 4 	 Code coverage: 99.59% (244/245) 	 Branch coverage: 100.00% (20/20) 	 Transactions: 88 (34 unique)   	 Time: 0.3892362117767334[0m
2025-09-22 03:00:09,571 - Analysis - INFO - [1mGeneration number 5 	 Code coverage: 99.59% (244/245) 	 Branch coverage: 100.00% (20/20) 	 Transactions: 121 (39 unique)   	 Time: 0.5380909442901611[0m
2025-09-22 03:00:09,712 - Analysis - INFO - [1mGeneration number 6 	 Code coverage: 99.59% (244/245) 	 Branch coverage: 100.00% (20/20) 	 Transactions: 151 (43 unique)   	 Time: 0.6792738437652588[0m
2025-09-22 03:00:09,839 - Analysis - INFO - [1mGeneration number 7 	 Code coverage: 99.59% (244/245) 	 Branch coverage: 100.00% (20/20) 	 Transactions: 178 (45 unique)   	 Time: 0.8066258430480957[0m
2025-09-22 03:00:09,976 - Analysis - INFO - [1mGeneration number 8 	 Code coverage: 99.59% (244/245) 	 Branch coverage: 100.00% (20/20) 	 Transactions: 205 (49 unique)   	 Time: 0.9438426494598389[0m
2025-09-22 03:00:10,143 - Analysis - INFO - [1mGeneration number 9 	 Code coverage: 99.59% (244/245) 	 Branch coverage: 100.00% (20/20) 	 Transactions: 236 (55 unique)   	 Time: 1.1100714206695557[0m
2025-09-22 03:00:10,286 - Analysis - INFO - [1mGeneration number 10 	 Code coverage: 99.59% (244/245) 	 Branch coverage: 100.00% (20/20) 	 Transactions: 263 (57 unique)   	 Time: 1.253821849822998[0m
2025-09-22 03:00:10,287 - Analysis - INFO - [1m-----------------------------------------------------[0m
2025-09-22 03:00:10,287 - Analysis - INFO - Number of generations: 	 10
2025-09-22 03:00:10,287 - Analysis - INFO - Number of transactions: 	 263 (57 unique)
2025-09-22 03:00:10,287 - Analysis - INFO - Transactions per second: 	 210
2025-09-22 03:00:10,287 - Analysis - INFO - Total code coverage: 	 99.59% (244/245)
2025-09-22 03:00:10,287 - Analysis - INFO - Total branch coverage: 	 100.00% (20/20)
2025-09-22 03:00:10,287 - Analysis - INFO - Total execution time: 	 1.25 seconds
2025-09-22 03:00:10,287 - Analysis - INFO - Total memory consumption: 	 76.16 MB
2025-09-22 03:00:10,289 - Fuzzer   - INFO - [1mFuzzing contract [1mPausable[0m[0m
2025-09-22 03:00:10,348 - Analysis - INFO - [1mGeneration number 0 	 Code coverage: 91.76% (390/425) 	 Branch coverage: 82.50% (33/40) 	 Transactions: 15 (14 unique)   	 Time: 0.055419921875[0m
2025-09-22 03:00:10,423 - Analysis - INFO - [1mGeneration number 1 	 Code coverage: 93.18% (396/425) 	 Branch coverage: 87.50% (35/40) 	 Transactions: 32 (22 unique)   	 Time: 0.1300525665283203[0m
2025-09-22 03:00:10,682 - Analysis - INFO - [1mGeneration number 2 	 Code coverage: 93.88% (399/425) 	 Branch coverage: 90.00% (36/40) 	 Transactions: 81 (35 unique)   	 Time: 0.38913726806640625[0m
2025-09-22 03:00:10,939 - Analysis - INFO - [1mGeneration number 3 	 Code coverage: 93.88% (399/425) 	 Branch coverage: 90.00% (36/40) 	 Transactions: 126 (42 unique)   	 Time: 0.6460566520690918[0m
2025-09-22 03:00:11,240 - Analysis - INFO - [1mGeneration number 4 	 Code coverage: 95.29% (405/425) 	 Branch coverage: 95.00% (38/40) 	 Transactions: 178 (53 unique)   	 Time: 0.9468071460723877[0m
2025-09-22 03:00:11,452 - Analysis - INFO - [1mGeneration number 5 	 Code coverage: 95.29% (405/425) 	 Branch coverage: 95.00% (38/40) 	 Transactions: 218 (59 unique)   	 Time: 1.158733606338501[0m
2025-09-22 03:00:11,678 - Analysis - INFO - [1mGeneration number 6 	 Code coverage: 95.29% (405/425) 	 Branch coverage: 95.00% (38/40) 	 Transactions: 256 (61 unique)   	 Time: 1.385591745376587[0m
2025-09-22 03:00:11,893 - Analysis - INFO - [1mGeneration number 7 	 Code coverage: 95.29% (405/425) 	 Branch coverage: 95.00% (38/40) 	 Transactions: 292 (64 unique)   	 Time: 1.59979248046875[0m
2025-09-22 03:00:12,120 - Analysis - INFO - [1mGeneration number 8 	 Code coverage: 95.29% (405/425) 	 Branch coverage: 95.00% (38/40) 	 Transactions: 332 (67 unique)   	 Time: 1.8270585536956787[0m
2025-09-22 03:00:12,305 - Analysis - INFO - [1mGeneration number 9 	 Code coverage: 95.29% (405/425) 	 Branch coverage: 95.00% (38/40) 	 Transactions: 360 (69 unique)   	 Time: 2.012523651123047[0m
2025-09-22 03:00:12,439 - Analysis - INFO - [1mGeneration number 10 	 Code coverage: 95.29% (405/425) 	 Branch coverage: 95.00% (38/40) 	 Transactions: 380 (70 unique)   	 Time: 2.1457202434539795[0m
2025-09-22 03:00:12,449 - Analysis - INFO - [1m-----------------------------------------------------[0m
2025-09-22 03:00:12,449 - Analysis - INFO - Number of generations: 	 10
2025-09-22 03:00:12,449 - Analysis - INFO - Number of transactions: 	 380 (70 unique)
2025-09-22 03:00:12,449 - Analysis - INFO - Transactions per second: 	 176
2025-09-22 03:00:12,449 - Analysis - INFO - Total code coverage: 	 95.29% (405/425)
2025-09-22 03:00:12,449 - Analysis - INFO - Total branch coverage: 	 95.00% (38/40)
2025-09-22 03:00:12,449 - Analysis - INFO - Total execution time: 	 2.16 seconds
2025-09-22 03:00:12,449 - Analysis - INFO - Total memory consumption: 	 76.16 MB
2025-09-22 03:00:12,453 - Fuzzer   - INFO - [1mFuzzing contract [1mPausableToken[0m[0m
2025-09-22 03:00:12,618 - Analysis - INFO - [1mGeneration number 0 	 Code coverage: 65.54% (1082/1651) 	 Branch coverage: 74.49% (73/98) 	 Transactions: 31 (30 unique)   	 Time: 0.15709996223449707[0m
2025-09-22 03:00:12,833 - Analysis - INFO - [1mGeneration number 1 	 Code coverage: 72.62% (1199/1651) 	 Branch coverage: 78.57% (77/98) 	 Transactions: 64 (46 unique)   	 Time: 0.37140607833862305[0m
2025-09-22 03:00:13,236 - Analysis - INFO - [1mGeneration number 2 	 Code coverage: 72.62% (1199/1651) 	 Branch coverage: 78.57% (77/98) 	 Transactions: 114 (64 unique)   	 Time: 0.774261474609375[0m
2025-09-22 03:00:14,120 - Analysis - INFO - [1mGeneration number 3 	 Code coverage: 79.65% (1315/1651) 	 Branch coverage: 81.63% (80/98) 	 Transactions: 202 (89 unique)   	 Time: 1.6584930419921875[0m
2025-09-22 03:00:15,131 - Analysis - INFO - [1mGeneration number 4 	 Code coverage: 79.83% (1318/1651) 	 Branch coverage: 82.65% (81/98) 	 Transactions: 319 (114 unique)   	 Time: 2.6694858074188232[0m
2025-09-22 03:00:16,348 - Analysis - INFO - [1mGeneration number 5 	 Code coverage: 79.83% (1318/1651) 	 Branch coverage: 82.65% (81/98) 	 Transactions: 453 (143 unique)   	 Time: 3.8872761726379395[0m
2025-09-22 03:00:17,333 - Detector - INFO - [1m[31m-----------------------------------------------------[0m
2025-09-22 03:00:17,333 - Detector - INFO - [1m[31m          !!! Integer overflow detected !!!          [0m
2025-09-22 03:00:17,333 - Detector - INFO - [1m[31m-----------------------------------------------------[0m
2025-09-22 03:00:17,333 - Detector - INFO - [1m[31mSWC-ID:   101[0m
2025-09-22 03:00:17,334 - Detector - INFO - [1m[31mSeverity: High[0m
2025-09-22 03:00:17,334 - Detector - INFO - [1m[31m-----------------------------------------------------[0m
2025-09-22 03:00:17,334 - Detector - INFO - [1m[31mSource code line:[0m
2025-09-22 03:00:17,334 - Detector - INFO - [1m[31m-----------------------------------------------------[0m
2025-09-22 03:00:17,334 - Detector - INFO - [1m[31m/sb/0x865bfd8232778f00cae81315bf75ef1fe6e30cdd.sol:46:1[0m
2025-09-22 03:00:17,334 - Detector - INFO - [1m[31ma + b[0m
2025-09-22 03:00:17,334 - Detector - INFO - [1m[31m-----------------------------------------------------[0m
2025-09-22 03:00:17,334 - Detector - INFO - [1m[31mTransaction sequence:[0m
2025-09-22 03:00:17,334 - Detector - INFO - [1m[31m-----------------------------------------------------[0m
2025-09-22 03:00:17,334 - Detector - INFO - [1m[31mTransaction 1 - approve(address,uint256):[0m
2025-09-22 03:00:17,334 - Detector - INFO - [1m[31m-----------------------------------------------------[0m
2025-09-22 03:00:17,334 - Detector - INFO - [1m[31mFrom:      0xdeadbeefdeadbeefdeadbeefdeadbeefdeadbeef[0m
2025-09-22 03:00:17,334 - Detector - INFO - [1m[31mTo:        0x2c5e8a3b3aad9df32339409534e64dfcabcd3a65[0m
2025-09-22 03:00:17,334 - Detector - INFO - [1m[31mValue:     0 Wei[0m
2025-09-22 03:00:17,334 - Detector - INFO - [1m[31mGas Limit: 4500000[0m
2025-09-22 03:00:17,334 - Detector - INFO - [1m[31mInput:     0x095ea7b3000000000000000000000000cafebabe[0m
2025-09-22 03:00:17,334 - Detector - INFO - [1m[31m           cafebabecafebabecafebabecafebabeffffffffff[0m
2025-09-22 03:00:17,334 - Detector - INFO - [1m[31m           ffffffffffffffffffffffffffffffffffffffffff[0m
2025-09-22 03:00:17,334 - Detector - INFO - [1m[31m           ffffffffffff[0m
2025-09-22 03:00:17,334 - Detector - INFO - [1m[31m-----------------------------------------------------[0m
2025-09-22 03:00:17,334 - Detector - INFO - [1m[31mTransaction 2 - increaseApproval(address,uint256):[0m
2025-09-22 03:00:17,334 - Detector - INFO - [1m[31m-----------------------------------------------------[0m
2025-09-22 03:00:17,334 - Detector - INFO - [1m[31mFrom:      0xcafebabecafebabecafebabecafebabecafebabe[0m
2025-09-22 03:00:17,334 - Detector - INFO - [1m[31mTo:        0x2c5e8a3b3aad9df32339409534e64dfcabcd3a65[0m
2025-09-22 03:00:17,334 - Detector - INFO - [1m[31mValue:     0 Wei[0m
2025-09-22 03:00:17,334 - Detector - INFO - [1m[31mGas Limit: 4500000[0m
2025-09-22 03:00:17,335 - Detector - INFO - [1m[31mInput:     0xd73dd623000000000000000000000000cafebabe[0m
2025-09-22 03:00:17,335 - Detector - INFO - [1m[31m           cafebabecafebabecafebabecafebabe8837db70b7[0m
2025-09-22 03:00:17,335 - Detector - INFO - [1m[31m           44ab3a436cb47b706b5ca0b179c30ccd45ea3fa438[0m
2025-09-22 03:00:17,335 - Detector - INFO - [1m[31m           79cf049d9259[0m
2025-09-22 03:00:17,335 - Detector - INFO - [1m[31m-----------------------------------------------------[0m
2025-09-22 03:00:17,335 - Detector - INFO - [1m[31mTransaction 3 - decreaseApproval(address,uint256):[0m
2025-09-22 03:00:17,335 - Detector - INFO - [1m[31m-----------------------------------------------------[0m
2025-09-22 03:00:17,335 - Detector - INFO - [1m[31mFrom:      0xcafebabecafebabecafebabecafebabecafebabe[0m
2025-09-22 03:00:17,335 - Detector - INFO - [1m[31mTo:        0x2c5e8a3b3aad9df32339409534e64dfcabcd3a65[0m
2025-09-22 03:00:17,335 - Detector - INFO - [1m[31mValue:     1 Wei[0m
2025-09-22 03:00:17,335 - Detector - INFO - [1m[31mGas Limit: 4500000[0m
2025-09-22 03:00:17,335 - Detector - INFO - [1m[31mInput:     0x66188463000000000000000000000000ffffffff[0m
2025-09-22 03:00:17,335 - Detector - INFO - [1m[31m           ffffffffffffffffffffffffffffffffa6e67ce36e[0m
2025-09-22 03:00:17,335 - Detector - INFO - [1m[31m           620a52043e71d1cb7c102b766d5131c1f08ef085fc[0m
2025-09-22 03:00:17,335 - Detector - INFO - [1m[31m           bd805e464eb7[0m
2025-09-22 03:00:17,335 - Detector - INFO - [1m[31m-----------------------------------------------------[0m
2025-09-22 03:00:17,335 - Detector - INFO - [1m[31mTransaction 4 - increaseApproval(address,uint256):[0m
2025-09-22 03:00:17,335 - Detector - INFO - [1m[31m-----------------------------------------------------[0m
2025-09-22 03:00:17,335 - Detector - INFO - [1m[31mFrom:      0xcafebabecafebabecafebabecafebabecafebabe[0m
2025-09-22 03:00:17,335 - Detector - INFO - [1m[31mTo:        0x2c5e8a3b3aad9df32339409534e64dfcabcd3a65[0m
2025-09-22 03:00:17,335 - Detector - INFO - [1m[31mValue:     0 Wei[0m
2025-09-22 03:00:17,335 - Detector - INFO - [1m[31mGas Limit: 4500000[0m
2025-09-22 03:00:17,335 - Detector - INFO - [1m[31mInput:     0xd73dd623000000000000000000000000cafebabe[0m
2025-09-22 03:00:17,335 - Detector - INFO - [1m[31m           cafebabecafebabecafebabecafebabeffffffffff[0m
2025-09-22 03:00:17,335 - Detector - INFO - [1m[31m           ffffffffffffffffffffffffffffffffffffffffff[0m
2025-09-22 03:00:17,336 - Detector - INFO - [1m[31m           fffffffffffd[0m
2025-09-22 03:00:17,336 - Detector - INFO - [1m[31m-----------------------------------------------------[0m
2025-09-22 03:00:17,338 - Detector - INFO - [1m[33m-----------------------------------------------------[0m
2025-09-22 03:00:17,338 - Detector - INFO - [1m[33m          !!! Assertion failure detected !!!         [0m
2025-09-22 03:00:17,339 - Detector - INFO - [1m[33m-----------------------------------------------------[0m
2025-09-22 03:00:17,339 - Detector - INFO - [1m[33mSWC-ID:   110[0m
2025-09-22 03:00:17,339 - Detector - INFO - [1m[33mSeverity: Medium[0m
2025-09-22 03:00:17,339 - Detector - INFO - [1m[33m-----------------------------------------------------[0m
2025-09-22 03:00:17,339 - Detector - INFO - [1m[33mSource code line:[0m
2025-09-22 03:00:17,339 - Detector - INFO - [1m[33m-----------------------------------------------------[0m
2025-09-22 03:00:17,339 - Detector - INFO - [1m[33m/sb/0x865bfd8232778f00cae81315bf75ef1fe6e30cdd.sol:47:1[0m
2025-09-22 03:00:17,339 - Detector - INFO - [1m[33massert(c >= a)[0m
2025-09-22 03:00:17,339 - Detector - INFO - [1m[33m-----------------------------------------------------[0m
2025-09-22 03:00:17,339 - Detector - INFO - [1m[33mTransaction sequence:[0m
2025-09-22 03:00:17,339 - Detector - INFO - [1m[33m-----------------------------------------------------[0m
2025-09-22 03:00:17,339 - Detector - INFO - [1m[33mTransaction 1 - approve(address,uint256):[0m
2025-09-22 03:00:17,339 - Detector - INFO - [1m[33m-----------------------------------------------------[0m
2025-09-22 03:00:17,339 - Detector - INFO - [1m[33mFrom:      0xdeadbeefdeadbeefdeadbeefdeadbeefdeadbeef[0m
2025-09-22 03:00:17,339 - Detector - INFO - [1m[33mTo:        0x2c5e8a3b3aad9df32339409534e64dfcabcd3a65[0m
2025-09-22 03:00:17,339 - Detector - INFO - [1m[33mValue:     0 Wei[0m
2025-09-22 03:00:17,339 - Detector - INFO - [1m[33mGas Limit: 4500000[0m
2025-09-22 03:00:17,339 - Detector - INFO - [1m[33mInput:     0x095ea7b3000000000000000000000000cafebabe[0m
2025-09-22 03:00:17,339 - Detector - INFO - [1m[33m           cafebabecafebabecafebabecafebabeffffffffff[0m
2025-09-22 03:00:17,339 - Detector - INFO - [1m[33m           ffffffffffffffffffffffffffffffffffffffffff[0m
2025-09-22 03:00:17,339 - Detector - INFO - [1m[33m           ffffffffffff[0m
2025-09-22 03:00:17,339 - Detector - INFO - [1m[33m-----------------------------------------------------[0m
2025-09-22 03:00:17,340 - Detector - INFO - [1m[33mTransaction 2 - increaseApproval(address,uint256):[0m
2025-09-22 03:00:17,340 - Detector - INFO - [1m[33m-----------------------------------------------------[0m
2025-09-22 03:00:17,340 - Detector - INFO - [1m[33mFrom:      0xcafebabecafebabecafebabecafebabecafebabe[0m
2025-09-22 03:00:17,340 - Detector - INFO - [1m[33mTo:        0x2c5e8a3b3aad9df32339409534e64dfcabcd3a65[0m
2025-09-22 03:00:17,340 - Detector - INFO - [1m[33mValue:     0 Wei[0m
2025-09-22 03:00:17,340 - Detector - INFO - [1m[33mGas Limit: 4500000[0m
2025-09-22 03:00:17,340 - Detector - INFO - [1m[33mInput:     0xd73dd623000000000000000000000000cafebabe[0m
2025-09-22 03:00:17,340 - Detector - INFO - [1m[33m           cafebabecafebabecafebabecafebabe8837db70b7[0m
2025-09-22 03:00:17,340 - Detector - INFO - [1m[33m           44ab3a436cb47b706b5ca0b179c30ccd45ea3fa438[0m
2025-09-22 03:00:17,340 - Detector - INFO - [1m[33m           79cf049d9259[0m
2025-09-22 03:00:17,340 - Detector - INFO - [1m[33m-----------------------------------------------------[0m
2025-09-22 03:00:17,340 - Detector - INFO - [1m[33mTransaction 3 - decreaseApproval(address,uint256):[0m
2025-09-22 03:00:17,340 - Detector - INFO - [1m[33m-----------------------------------------------------[0m
2025-09-22 03:00:17,340 - Detector - INFO - [1m[33mFrom:      0xcafebabecafebabecafebabecafebabecafebabe[0m
2025-09-22 03:00:17,340 - Detector - INFO - [1m[33mTo:        0x2c5e8a3b3aad9df32339409534e64dfcabcd3a65[0m
2025-09-22 03:00:17,340 - Detector - INFO - [1m[33mValue:     1 Wei[0m
2025-09-22 03:00:17,340 - Detector - INFO - [1m[33mGas Limit: 4500000[0m
2025-09-22 03:00:17,340 - Detector - INFO - [1m[33mInput:     0x66188463000000000000000000000000ffffffff[0m
2025-09-22 03:00:17,340 - Detector - INFO - [1m[33m           ffffffffffffffffffffffffffffffffa6e67ce36e[0m
2025-09-22 03:00:17,340 - Detector - INFO - [1m[33m           620a52043e71d1cb7c102b766d5131c1f08ef085fc[0m
2025-09-22 03:00:17,340 - Detector - INFO - [1m[33m           bd805e464eb7[0m
2025-09-22 03:00:17,340 - Detector - INFO - [1m[33m-----------------------------------------------------[0m
2025-09-22 03:00:17,340 - Detector - INFO - [1m[33mTransaction 4 - increaseApproval(address,uint256):[0m
2025-09-22 03:00:17,340 - Detector - INFO - [1m[33m-----------------------------------------------------[0m
2025-09-22 03:00:17,341 - Detector - INFO - [1m[33mFrom:      0xcafebabecafebabecafebabecafebabecafebabe[0m
2025-09-22 03:00:17,341 - Detector - INFO - [1m[33mTo:        0x2c5e8a3b3aad9df32339409534e64dfcabcd3a65[0m
2025-09-22 03:00:17,341 - Detector - INFO - [1m[33mValue:     0 Wei[0m
2025-09-22 03:00:17,341 - Detector - INFO - [1m[33mGas Limit: 4500000[0m
2025-09-22 03:00:17,341 - Detector - INFO - [1m[33mInput:     0xd73dd623000000000000000000000000cafebabe[0m
2025-09-22 03:00:17,341 - Detector - INFO - [1m[33m           cafebabecafebabecafebabecafebabeffffffffff[0m
2025-09-22 03:00:17,341 - Detector - INFO - [1m[33m           ffffffffffffffffffffffffffffffffffffffffff[0m
2025-09-22 03:00:17,341 - Detector - INFO - [1m[33m           fffffffffffd[0m
2025-09-22 03:00:17,341 - Detector - INFO - [1m[33m-----------------------------------------------------[0m
2025-09-22 03:00:17,745 - Analysis - INFO - [1mGeneration number 6 	 Code coverage: 79.89% (1319/1651) 	 Branch coverage: 83.67% (82/98) 	 Transactions: 589 (173 unique)   	 Time: 5.284125089645386[0m
2025-09-22 03:00:19,081 - Analysis - INFO - [1mGeneration number 7 	 Code coverage: 79.89% (1319/1651) 	 Branch coverage: 83.67% (82/98) 	 Transactions: 727 (203 unique)   	 Time: 6.620267868041992[0m
2025-09-22 03:00:20,580 - Analysis - INFO - [1mGeneration number 8 	 Code coverage: 79.89% (1319/1651) 	 Branch coverage: 83.67% (82/98) 	 Transactions: 871 (233 unique)   	 Time: 8.11830449104309[0m
2025-09-22 03:00:22,066 - Analysis - INFO - [1mGeneration number 9 	 Code coverage: 79.89% (1319/1651) 	 Branch coverage: 83.67% (82/98) 	 Transactions: 1017 (263 unique)   	 Time: 9.604950666427612[0m
2025-09-22 03:00:23,564 - Analysis - INFO - [1mGeneration number 10 	 Code coverage: 79.89% (1319/1651) 	 Branch coverage: 83.67% (82/98) 	 Transactions: 1160 (292 unique)   	 Time: 11.103030681610107[0m
2025-09-22 03:00:23,614 - Analysis - INFO - [1m-----------------------------------------------------[0m
2025-09-22 03:00:23,614 - Analysis - INFO - Number of generations: 	 10
2025-09-22 03:00:23,614 - Analysis - INFO - Number of transactions: 	 1160 (292 unique)
2025-09-22 03:00:23,614 - Analysis - INFO - Transactions per second: 	 104
2025-09-22 03:00:23,614 - Analysis - INFO - Total code coverage: 	 79.89% (1319/1651)
2025-09-22 03:00:23,614 - Analysis - INFO - Total branch coverage: 	 83.67% (82/98)
2025-09-22 03:00:23,614 - Analysis - INFO - Total execution time: 	 11.15 seconds
2025-09-22 03:00:23,614 - Analysis - INFO - Total memory consumption: 	 76.16 MB
2025-09-22 03:00:23,618 - Fuzzer   - INFO - [1mFuzzing contract [1mStandardBurnableToken[0m[0m
2025-09-22 03:00:23,732 - Analysis - INFO - [1mGeneration number 0 	 Code coverage: 58.93% (845/1434) 	 Branch coverage: 80.65% (50/62) 	 Transactions: 23 (22 unique)   	 Time: 0.1073451042175293[0m
2025-09-22 03:00:23,903 - Analysis - INFO - [1mGeneration number 1 	 Code coverage: 58.93% (845/1434) 	 Branch coverage: 80.65% (50/62) 	 Transactions: 49 (38 unique)   	 Time: 0.2783043384552002[0m
2025-09-22 03:00:24,463 - Analysis - INFO - [1mGeneration number 2 	 Code coverage: 91.28% (1309/1434) 	 Branch coverage: 90.32% (56/62) 	 Transactions: 112 (58 unique)   	 Time: 0.8378710746765137[0m
2025-09-22 03:00:25,122 - Analysis - INFO - [1mGeneration number 3 	 Code coverage: 91.28% (1309/1434) 	 Branch coverage: 90.32% (56/62) 	 Transactions: 197 (80 unique)   	 Time: 1.4972901344299316[0m
2025-09-22 03:00:26,061 - Analysis - INFO - [1mGeneration number 4 	 Code coverage: 91.49% (1312/1434) 	 Branch coverage: 91.94% (57/62) 	 Transactions: 293 (102 unique)   	 Time: 2.4356493949890137[0m
2025-09-22 03:00:26,907 - Analysis - INFO - [1mGeneration number 5 	 Code coverage: 91.49% (1312/1434) 	 Branch coverage: 91.94% (57/62) 	 Transactions: 389 (124 unique)   	 Time: 3.2816903591156006[0m
2025-09-22 03:00:27,987 - Analysis - INFO - [1mGeneration number 6 	 Code coverage: 91.49% (1312/1434) 	 Branch coverage: 91.94% (57/62) 	 Transactions: 490 (146 unique)   	 Time: 4.362013578414917[0m
2025-09-22 03:00:29,107 - Analysis - INFO - [1mGeneration number 7 	 Code coverage: 91.49% (1312/1434) 	 Branch coverage: 91.94% (57/62) 	 Transactions: 590 (168 unique)   	 Time: 5.48239541053772[0m
2025-09-22 03:00:30,176 - Analysis - INFO - [1mGeneration number 8 	 Code coverage: 91.49% (1312/1434) 	 Branch coverage: 91.94% (57/62) 	 Transactions: 685 (190 unique)   	 Time: 6.551090717315674[0m
2025-09-22 03:00:31,337 - Analysis - INFO - [1mGeneration number 9 	 Code coverage: 91.49% (1312/1434) 	 Branch coverage: 91.94% (57/62) 	 Transactions: 784 (212 unique)   	 Time: 7.712045431137085[0m
2025-09-22 03:00:32,507 - Analysis - INFO - [1mGeneration number 10 	 Code coverage: 91.49% (1312/1434) 	 Branch coverage: 91.94% (57/62) 	 Transactions: 882 (234 unique)   	 Time: 8.882131338119507[0m
2025-09-22 03:00:32,546 - Analysis - INFO - [1m-----------------------------------------------------[0m
2025-09-22 03:00:32,547 - Analysis - INFO - Number of generations: 	 10
2025-09-22 03:00:32,547 - Analysis - INFO - Number of transactions: 	 882 (234 unique)
2025-09-22 03:00:32,547 - Analysis - INFO - Transactions per second: 	 99
2025-09-22 03:00:32,547 - Analysis - INFO - Total code coverage: 	 91.49% (1312/1434)
2025-09-22 03:00:32,547 - Analysis - INFO - Total branch coverage: 	 91.94% (57/62)
2025-09-22 03:00:32,547 - Analysis - INFO - Total execution time: 	 8.92 seconds
2025-09-22 03:00:32,547 - Analysis - INFO - Total memory consumption: 	 76.16 MB
2025-09-22 03:00:32,551 - Fuzzer   - INFO - [1mFuzzing contract [1mStandardToken[0m[0m
2025-09-22 03:00:32,653 - Analysis - INFO - [1mGeneration number 0 	 Code coverage: 75.63% (844/1116) 	 Branch coverage: 82.00% (41/50) 	 Transactions: 19 (18 unique)   	 Time: 0.09658408164978027[0m
2025-09-22 03:00:32,862 - Analysis - INFO - [1mGeneration number 1 	 Code coverage: 79.30% (885/1116) 	 Branch coverage: 86.00% (43/50) 	 Transactions: 48 (34 unique)   	 Time: 0.30504512786865234[0m
2025-09-22 03:00:33,295 - Analysis - INFO - [1mGeneration number 2 	 Code coverage: 79.30% (885/1116) 	 Branch coverage: 86.00% (43/50) 	 Transactions: 105 (52 unique)   	 Time: 0.7379927635192871[0m
2025-09-22 03:00:33,892 - Analysis - INFO - [1mGeneration number 3 	 Code coverage: 99.46% (1110/1116) 	 Branch coverage: 94.00% (47/50) 	 Transactions: 172 (70 unique)   	 Time: 1.3352172374725342[0m
2025-09-22 03:00:34,503 - Analysis - INFO - [1mGeneration number 4 	 Code coverage: 99.46% (1110/1116) 	 Branch coverage: 94.00% (47/50) 	 Transactions: 237 (88 unique)   	 Time: 1.9459269046783447[0m
2025-09-22 03:00:35,217 - Analysis - INFO - [1mGeneration number 5 	 Code coverage: 99.46% (1110/1116) 	 Branch coverage: 94.00% (47/50) 	 Transactions: 301 (106 unique)   	 Time: 2.66066312789917[0m
2025-09-22 03:00:35,906 - Analysis - INFO - [1mGeneration number 6 	 Code coverage: 99.46% (1110/1116) 	 Branch coverage: 94.00% (47/50) 	 Transactions: 367 (124 unique)   	 Time: 3.3493094444274902[0m
2025-09-22 03:00:36,118 - Detector - INFO - [1m[31m-----------------------------------------------------[0m
2025-09-22 03:00:36,118 - Detector - INFO - [1m[31m          !!! Integer overflow detected !!!          [0m
2025-09-22 03:00:36,118 - Detector - INFO - [1m[31m-----------------------------------------------------[0m
2025-09-22 03:00:36,118 - Detector - INFO - [1m[31mSWC-ID:   101[0m
2025-09-22 03:00:36,118 - Detector - INFO - [1m[31mSeverity: High[0m
2025-09-22 03:00:36,118 - Detector - INFO - [1m[31m-----------------------------------------------------[0m
2025-09-22 03:00:36,118 - Detector - INFO - [1m[31mSource code line:[0m
2025-09-22 03:00:36,118 - Detector - INFO - [1m[31m-----------------------------------------------------[0m
2025-09-22 03:00:36,118 - Detector - INFO - [1m[31m/sb/0x865bfd8232778f00cae81315bf75ef1fe6e30cdd.sol:46:1[0m
2025-09-22 03:00:36,118 - Detector - INFO - [1m[31ma + b[0m
2025-09-22 03:00:36,118 - Detector - INFO - [1m[31m-----------------------------------------------------[0m
2025-09-22 03:00:36,119 - Detector - INFO - [1m[31mTransaction sequence:[0m
2025-09-22 03:00:36,119 - Detector - INFO - [1m[31m-----------------------------------------------------[0m
2025-09-22 03:00:36,119 - Detector - INFO - [1m[31mTransaction 1 - decreaseApproval(address,uint256):[0m
2025-09-22 03:00:36,119 - Detector - INFO - [1m[31m-----------------------------------------------------[0m
2025-09-22 03:00:36,119 - Detector - INFO - [1m[31mFrom:      0xcafebabecafebabecafebabecafebabecafebabe[0m
2025-09-22 03:00:36,119 - Detector - INFO - [1m[31mTo:        0x2c5e8a3b3aad9df32339409534e64dfcabcd3a65[0m
2025-09-22 03:00:36,119 - Detector - INFO - [1m[31mValue:     0 Wei[0m
2025-09-22 03:00:36,119 - Detector - INFO - [1m[31mGas Limit: 4500000[0m
2025-09-22 03:00:36,119 - Detector - INFO - [1m[31mInput:     0x66188463000000000000000000000000cafebabe[0m
2025-09-22 03:00:36,119 - Detector - INFO - [1m[31m           cafebabecafebabecafebabecafebabe0000000000[0m
2025-09-22 03:00:36,119 - Detector - INFO - [1m[31m           000000000000000000000000000000000000000000[0m
2025-09-22 03:00:36,119 - Detector - INFO - [1m[31m           000000000001[0m
2025-09-22 03:00:36,119 - Detector - INFO - [1m[31m-----------------------------------------------------[0m
2025-09-22 03:00:36,119 - Detector - INFO - [1m[31mTransaction 2 - increaseApproval(address,uint256):[0m
2025-09-22 03:00:36,119 - Detector - INFO - [1m[31m-----------------------------------------------------[0m
2025-09-22 03:00:36,119 - Detector - INFO - [1m[31mFrom:      0xdeadbeefdeadbeefdeadbeefdeadbeefdeadbeef[0m
2025-09-22 03:00:36,119 - Detector - INFO - [1m[31mTo:        0x2c5e8a3b3aad9df32339409534e64dfcabcd3a65[0m
2025-09-22 03:00:36,119 - Detector - INFO - [1m[31mValue:     0 Wei[0m
2025-09-22 03:00:36,119 - Detector - INFO - [1m[31mGas Limit: 4500000[0m
2025-09-22 03:00:36,119 - Detector - INFO - [1m[31mInput:     0xd73dd623000000000000000000000000deadbeef[0m
2025-09-22 03:00:36,119 - Detector - INFO - [1m[31m           deadbeefdeadbeefdeadbeefdeadbeefffffffffff[0m
2025-09-22 03:00:36,119 - Detector - INFO - [1m[31m           ffffffffffffffffffffffffffffffffffffffffff[0m
2025-09-22 03:00:36,119 - Detector - INFO - [1m[31m           ffffffffffff[0m
2025-09-22 03:00:36,119 - Detector - INFO - [1m[31m-----------------------------------------------------[0m
2025-09-22 03:00:36,119 - Detector - INFO - [1m[31mTransaction 3 - increaseApproval(address,uint256):[0m
2025-09-22 03:00:36,119 - Detector - INFO - [1m[31m-----------------------------------------------------[0m
2025-09-22 03:00:36,119 - Detector - INFO - [1m[31mFrom:      0xdeadbeefdeadbeefdeadbeefdeadbeefdeadbeef[0m
2025-09-22 03:00:36,119 - Detector - INFO - [1m[31mTo:        0x2c5e8a3b3aad9df32339409534e64dfcabcd3a65[0m
2025-09-22 03:00:36,119 - Detector - INFO - [1m[31mValue:     0 Wei[0m
2025-09-22 03:00:36,119 - Detector - INFO - [1m[31mGas Limit: 4500000[0m
2025-09-22 03:00:36,119 - Detector - INFO - [1m[31mInput:     0xd73dd623000000000000000000000000deadbeef[0m
2025-09-22 03:00:36,119 - Detector - INFO - [1m[31m           deadbeefdeadbeefdeadbeefdeadbeef1f6fc05465[0m
2025-09-22 03:00:36,119 - Detector - INFO - [1m[31m           f605e4ed10b4216d5dbf159822c7b1e2bce365bd51[0m
2025-09-22 03:00:36,119 - Detector - INFO - [1m[31m           754883414251[0m
2025-09-22 03:00:36,119 - Detector - INFO - [1m[31m-----------------------------------------------------[0m
2025-09-22 03:00:36,119 - Detector - INFO - [1m[31mTransaction 4 - decreaseApproval(address,uint256):[0m
2025-09-22 03:00:36,119 - Detector - INFO - [1m[31m-----------------------------------------------------[0m
2025-09-22 03:00:36,119 - Detector - INFO - [1m[31mFrom:      0xcafebabecafebabecafebabecafebabecafebabe[0m
2025-09-22 03:00:36,119 - Detector - INFO - [1m[31mTo:        0x2c5e8a3b3aad9df32339409534e64dfcabcd3a65[0m
2025-09-22 03:00:36,119 - Detector - INFO - [1m[31mValue:     0 Wei[0m
2025-09-22 03:00:36,119 - Detector - INFO - [1m[31mGas Limit: 4500000[0m
2025-09-22 03:00:36,119 - Detector - INFO - [1m[31mInput:     0x66188463000000000000000000000000ffffffff[0m
2025-09-22 03:00:36,119 - Detector - INFO - [1m[31m           ffffffffffffffffffffffffffffffffc0accc77db[0m
2025-09-22 03:00:36,119 - Detector - INFO - [1m[31m           75e4099f4673b9bd94321369fcee07d60b97d92a25[0m
2025-09-22 03:00:36,119 - Detector - INFO - [1m[31m           b4181dd35daf[0m
2025-09-22 03:00:36,120 - Detector - INFO - [1m[31m-----------------------------------------------------[0m
2025-09-22 03:00:36,122 - Detector - INFO - [1m[33m-----------------------------------------------------[0m
2025-09-22 03:00:36,122 - Detector - INFO - [1m[33m          !!! Assertion failure detected !!!         [0m
2025-09-22 03:00:36,122 - Detector - INFO - [1m[33m-----------------------------------------------------[0m
2025-09-22 03:00:36,122 - Detector - INFO - [1m[33mSWC-ID:   110[0m
2025-09-22 03:00:36,123 - Detector - INFO - [1m[33mSeverity: Medium[0m
2025-09-22 03:00:36,123 - Detector - INFO - [1m[33m-----------------------------------------------------[0m
2025-09-22 03:00:36,123 - Detector - INFO - [1m[33mSource code line:[0m
2025-09-22 03:00:36,123 - Detector - INFO - [1m[33m-----------------------------------------------------[0m
2025-09-22 03:00:36,123 - Detector - INFO - [1m[33m/sb/0x865bfd8232778f00cae81315bf75ef1fe6e30cdd.sol:47:1[0m
2025-09-22 03:00:36,123 - Detector - INFO - [1m[33massert(c >= a)[0m
2025-09-22 03:00:36,123 - Detector - INFO - [1m[33m-----------------------------------------------------[0m
2025-09-22 03:00:36,123 - Detector - INFO - [1m[33mTransaction sequence:[0m
2025-09-22 03:00:36,123 - Detector - INFO - [1m[33m-----------------------------------------------------[0m
2025-09-22 03:00:36,123 - Detector - INFO - [1m[33mTransaction 1 - decreaseApproval(address,uint256):[0m
2025-09-22 03:00:36,123 - Detector - INFO - [1m[33m-----------------------------------------------------[0m
2025-09-22 03:00:36,123 - Detector - INFO - [1m[33mFrom:      0xcafebabecafebabecafebabecafebabecafebabe[0m
2025-09-22 03:00:36,123 - Detector - INFO - [1m[33mTo:        0x2c5e8a3b3aad9df32339409534e64dfcabcd3a65[0m
2025-09-22 03:00:36,123 - Detector - INFO - [1m[33mValue:     0 Wei[0m
2025-09-22 03:00:36,123 - Detector - INFO - [1m[33mGas Limit: 4500000[0m
2025-09-22 03:00:36,123 - Detector - INFO - [1m[33mInput:     0x66188463000000000000000000000000cafebabe[0m
2025-09-22 03:00:36,123 - Detector - INFO - [1m[33m           cafebabecafebabecafebabecafebabe0000000000[0m
2025-09-22 03:00:36,123 - Detector - INFO - [1m[33m           000000000000000000000000000000000000000000[0m
2025-09-22 03:00:36,123 - Detector - INFO - [1m[33m           000000000001[0m
2025-09-22 03:00:36,123 - Detector - INFO - [1m[33m-----------------------------------------------------[0m
2025-09-22 03:00:36,123 - Detector - INFO - [1m[33mTransaction 2 - increaseApproval(address,uint256):[0m
2025-09-22 03:00:36,123 - Detector - INFO - [1m[33m-----------------------------------------------------[0m
2025-09-22 03:00:36,123 - Detector - INFO - [1m[33mFrom:      0xdeadbeefdeadbeefdeadbeefdeadbeefdeadbeef[0m
2025-09-22 03:00:36,123 - Detector - INFO - [1m[33mTo:        0x2c5e8a3b3aad9df32339409534e64dfcabcd3a65[0m
2025-09-22 03:00:36,123 - Detector - INFO - [1m[33mValue:     0 Wei[0m
2025-09-22 03:00:36,123 - Detector - INFO - [1m[33mGas Limit: 4500000[0m
2025-09-22 03:00:36,123 - Detector - INFO - [1m[33mInput:     0xd73dd623000000000000000000000000deadbeef[0m
2025-09-22 03:00:36,123 - Detector - INFO - [1m[33m           deadbeefdeadbeefdeadbeefdeadbeefffffffffff[0m
2025-09-22 03:00:36,123 - Detector - INFO - [1m[33m           ffffffffffffffffffffffffffffffffffffffffff[0m
2025-09-22 03:00:36,123 - Detector - INFO - [1m[33m           ffffffffffff[0m
2025-09-22 03:00:36,123 - Detector - INFO - [1m[33m-----------------------------------------------------[0m
2025-09-22 03:00:36,123 - Detector - INFO - [1m[33mTransaction 3 - increaseApproval(address,uint256):[0m
2025-09-22 03:00:36,123 - Detector - INFO - [1m[33m-----------------------------------------------------[0m
2025-09-22 03:00:36,123 - Detector - INFO - [1m[33mFrom:      0xdeadbeefdeadbeefdeadbeefdeadbeefdeadbeef[0m
2025-09-22 03:00:36,123 - Detector - INFO - [1m[33mTo:        0x2c5e8a3b3aad9df32339409534e64dfcabcd3a65[0m
2025-09-22 03:00:36,123 - Detector - INFO - [1m[33mValue:     0 Wei[0m
2025-09-22 03:00:36,123 - Detector - INFO - [1m[33mGas Limit: 4500000[0m
2025-09-22 03:00:36,123 - Detector - INFO - [1m[33mInput:     0xd73dd623000000000000000000000000deadbeef[0m
2025-09-22 03:00:36,123 - Detector - INFO - [1m[33m           deadbeefdeadbeefdeadbeefdeadbeef1f6fc05465[0m
2025-09-22 03:00:36,123 - Detector - INFO - [1m[33m           f605e4ed10b4216d5dbf159822c7b1e2bce365bd51[0m
2025-09-22 03:00:36,123 - Detector - INFO - [1m[33m           754883414251[0m
2025-09-22 03:00:36,123 - Detector - INFO - [1m[33m-----------------------------------------------------[0m
2025-09-22 03:00:36,123 - Detector - INFO - [1m[33mTransaction 4 - decreaseApproval(address,uint256):[0m
2025-09-22 03:00:36,124 - Detector - INFO - [1m[33m-----------------------------------------------------[0m
2025-09-22 03:00:36,124 - Detector - INFO - [1m[33mFrom:      0xcafebabecafebabecafebabecafebabecafebabe[0m
2025-09-22 03:00:36,124 - Detector - INFO - [1m[33mTo:        0x2c5e8a3b3aad9df32339409534e64dfcabcd3a65[0m
2025-09-22 03:00:36,124 - Detector - INFO - [1m[33mValue:     0 Wei[0m
2025-09-22 03:00:36,124 - Detector - INFO - [1m[33mGas Limit: 4500000[0m
2025-09-22 03:00:36,124 - Detector - INFO - [1m[33mInput:     0x66188463000000000000000000000000ffffffff[0m
2025-09-22 03:00:36,124 - Detector - INFO - [1m[33m           ffffffffffffffffffffffffffffffffc0accc77db[0m
2025-09-22 03:00:36,124 - Detector - INFO - [1m[33m           75e4099f4673b9bd94321369fcee07d60b97d92a25[0m
2025-09-22 03:00:36,124 - Detector - INFO - [1m[33m           b4181dd35daf[0m
2025-09-22 03:00:36,124 - Detector - INFO - [1m[33m-----------------------------------------------------[0m
