2025-09-22 02:54:06,730 - Main     - INFO - [1mInitializing seed to 1427655.0[0m
2025-09-22 02:54:07,071 - Fuzzer   - INFO - [1mFuzzing contract [1mBurnableToken[0m[0m
2025-09-22 02:54:07,173 - Detector - INFO - [1m[33m-----------------------------------------------------[0m
2025-09-22 02:54:07,173 - Detector - INFO - [1m[33m          !!! Assertion failure detected !!!         [0m
2025-09-22 02:54:07,173 - Detector - INFO - [1m[33m-----------------------------------------------------[0m
2025-09-22 02:54:07,173 - Detector - INFO - [1m[33mSWC-ID:   110[0m
2025-09-22 02:54:07,173 - Detector - INFO - [1m[33mSeverity: Medium[0m
2025-09-22 02:54:07,173 - Detector - INFO - [1m[33m-----------------------------------------------------[0m
2025-09-22 02:54:07,173 - Detector - INFO - [1m[33mSource code line:[0m
2025-09-22 02:54:07,173 - Detector - INFO - [1m[33m-----------------------------------------------------[0m
2025-09-22 02:54:07,173 - Detector - INFO - [1m[33m/sb/0x837e9d70de24e6ae273a6c691686c6c431b78c6b.sol:43:1[0m
2025-09-22 02:54:07,173 - Detector - INFO - [1m[33massert(b <= a)[0m
2025-09-22 02:54:07,173 - Detector - INFO - [1m[33m-----------------------------------------------------[0m
2025-09-22 02:54:07,173 - Detector - INFO - [1m[33mTransaction sequence:[0m
2025-09-22 02:54:07,173 - Detector - INFO - [1m[33m-----------------------------------------------------[0m
2025-09-22 02:54:07,173 - Detector - INFO - [1m[33mTransaction - transfer(address,uint256):[0m
2025-09-22 02:54:07,174 - Detector - INFO - [1m[33m-----------------------------------------------------[0m
2025-09-22 02:54:07,174 - Detector - INFO - [1m[33mFrom:      0xdeadbeefdeadbeefdeadbeefdeadbeefdeadbeef[0m
2025-09-22 02:54:07,174 - Detector - INFO - [1m[33mTo:        0x2c5e8a3b3aad9df32339409534e64dfcabcd3a65[0m
2025-09-22 02:54:07,174 - Detector - INFO - [1m[33mValue:     0 Wei[0m
2025-09-22 02:54:07,174 - Detector - INFO - [1m[33mGas Limit: 4500000[0m
2025-09-22 02:54:07,174 - Detector - INFO - [1m[33mInput:     0xa9059cbb000000000000000000000000deadbeef[0m
2025-09-22 02:54:07,174 - Detector - INFO - [1m[33m           deadbeefdeadbeefdeadbeefdeadbeefbe08848ebb[0m
2025-09-22 02:54:07,174 - Detector - INFO - [1m[33m           74e91aaeb74a9881ca17dfafe9770cd37e0f1a41ff[0m
2025-09-22 02:54:07,174 - Detector - INFO - [1m[33m           56235ce655f4[0m
2025-09-22 02:54:07,174 - Detector - INFO - [1m[33m-----------------------------------------------------[0m
2025-09-22 02:54:07,198 - Analysis - INFO - [1mGeneration number 0 	 Code coverage: 48.63% (889/1828) 	 Branch coverage: 65.79% (50/76) 	 Transactions: 23 (22 unique)   	 Time: 0.11650848388671875[0m
2025-09-22 02:54:07,400 - Analysis - INFO - [1mGeneration number 1 	 Code coverage: 48.63% (889/1828) 	 Branch coverage: 65.79% (50/76) 	 Transactions: 48 (38 unique)   	 Time: 0.31836605072021484[0m
2025-09-22 02:54:07,958 - Analysis - INFO - [1mGeneration number 2 	 Code coverage: 51.53% (942/1828) 	 Branch coverage: 72.37% (55/76) 	 Transactions: 103 (58 unique)   	 Time: 0.8766520023345947[0m
2025-09-22 02:54:08,067 - Detector - INFO - [1m[31m-----------------------------------------------------[0m
2025-09-22 02:54:08,067 - Detector - INFO - [1m[31m          !!! Integer overflow detected !!!          [0m
2025-09-22 02:54:08,067 - Detector - INFO - [1m[31m-----------------------------------------------------[0m
2025-09-22 02:54:08,067 - Detector - INFO - [1m[31mSWC-ID:   101[0m
2025-09-22 02:54:08,067 - Detector - INFO - [1m[31mSeverity: High[0m
2025-09-22 02:54:08,067 - Detector - INFO - [1m[31m-----------------------------------------------------[0m
2025-09-22 02:54:08,067 - Detector - INFO - [1m[31mSource code line:[0m
2025-09-22 02:54:08,067 - Detector - INFO - [1m[31m-----------------------------------------------------[0m
2025-09-22 02:54:08,067 - Detector - INFO - [1m[31m/sb/0x837e9d70de24e6ae273a6c691686c6c431b78c6b.sol:51:1[0m
2025-09-22 02:54:08,067 - Detector - INFO - [1m[31ma + b[0m
2025-09-22 02:54:08,067 - Detector - INFO - [1m[31m-----------------------------------------------------[0m
2025-09-22 02:54:08,068 - Detector - INFO - [1m[31mTransaction sequence:[0m
2025-09-22 02:54:08,068 - Detector - INFO - [1m[31m-----------------------------------------------------[0m
2025-09-22 02:54:08,068 - Detector - INFO - [1m[31mTransaction 1 - increaseApproval(address,uint256):[0m
2025-09-22 02:54:08,068 - Detector - INFO - [1m[31m-----------------------------------------------------[0m
2025-09-22 02:54:08,068 - Detector - INFO - [1m[31mFrom:      0xdeadbeefdeadbeefdeadbeefdeadbeefdeadbeef[0m
2025-09-22 02:54:08,068 - Detector - INFO - [1m[31mTo:        0x2c5e8a3b3aad9df32339409534e64dfcabcd3a65[0m
2025-09-22 02:54:08,068 - Detector - INFO - [1m[31mValue:     0 Wei[0m
2025-09-22 02:54:08,068 - Detector - INFO - [1m[31mGas Limit: 4500000[0m
2025-09-22 02:54:08,068 - Detector - INFO - [1m[31mInput:     0xd73dd623000000000000000000000000cafebabe[0m
2025-09-22 02:54:08,068 - Detector - INFO - [1m[31m           cafebabecafebabecafebabecafebabe0000000000[0m
2025-09-22 02:54:08,068 - Detector - INFO - [1m[31m           000000000000000000000000000000000000000000[0m
2025-09-22 02:54:08,068 - Detector - INFO - [1m[31m           000000000001[0m
2025-09-22 02:54:08,068 - Detector - INFO - [1m[31m-----------------------------------------------------[0m
2025-09-22 02:54:08,068 - Detector - INFO - [1m[31mTransaction 2 - decreaseApproval(address,uint256):[0m
2025-09-22 02:54:08,068 - Detector - INFO - [1m[31m-----------------------------------------------------[0m
2025-09-22 02:54:08,068 - Detector - INFO - [1m[31mFrom:      0xdeadbeefdeadbeefdeadbeefdeadbeefdeadbeef[0m
2025-09-22 02:54:08,068 - Detector - INFO - [1m[31mTo:        0x2c5e8a3b3aad9df32339409534e64dfcabcd3a65[0m
2025-09-22 02:54:08,068 - Detector - INFO - [1m[31mValue:     0 Wei[0m
2025-09-22 02:54:08,068 - Detector - INFO - [1m[31mGas Limit: 4500000[0m
2025-09-22 02:54:08,068 - Detector - INFO - [1m[31mInput:     0x66188463000000000000000000000000cafebabe[0m
2025-09-22 02:54:08,068 - Detector - INFO - [1m[31m           cafebabecafebabecafebabecafebabe732b4ce886[0m
2025-09-22 02:54:08,068 - Detector - INFO - [1m[31m           0e0924982402efb19c6b1d775af09bb6f392d96877[0m
2025-09-22 02:54:08,068 - Detector - INFO - [1m[31m           a7d79f6ddfe2[0m
2025-09-22 02:54:08,068 - Detector - INFO - [1m[31m-----------------------------------------------------[0m
2025-09-22 02:54:08,069 - Detector - INFO - [1m[31mTransaction 3 - approve(address,uint256):[0m
2025-09-22 02:54:08,069 - Detector - INFO - [1m[31m-----------------------------------------------------[0m
2025-09-22 02:54:08,069 - Detector - INFO - [1m[31mFrom:      0xdeadbeefdeadbeefdeadbeefdeadbeefdeadbeef[0m
2025-09-22 02:54:08,069 - Detector - INFO - [1m[31mTo:        0x2c5e8a3b3aad9df32339409534e64dfcabcd3a65[0m
2025-09-22 02:54:08,069 - Detector - INFO - [1m[31mValue:     0 Wei[0m
2025-09-22 02:54:08,069 - Detector - INFO - [1m[31mGas Limit: 4500000[0m
2025-09-22 02:54:08,069 - Detector - INFO - [1m[31mInput:     0x095ea7b3000000000000000000000000deadbeef[0m
2025-09-22 02:54:08,069 - Detector - INFO - [1m[31m           deadbeefdeadbeefdeadbeefdeadbeefffffffffff[0m
2025-09-22 02:54:08,069 - Detector - INFO - [1m[31m           ffffffffffffffffffffffffffffffffffffffffff[0m
2025-09-22 02:54:08,069 - Detector - INFO - [1m[31m           fffffffffffd[0m
2025-09-22 02:54:08,069 - Detector - INFO - [1m[31m-----------------------------------------------------[0m
2025-09-22 02:54:08,069 - Detector - INFO - [1m[31mTransaction 4 - increaseApproval(address,uint256):[0m
2025-09-22 02:54:08,069 - Detector - INFO - [1m[31m-----------------------------------------------------[0m
2025-09-22 02:54:08,069 - Detector - INFO - [1m[31mFrom:      0xdeadbeefdeadbeefdeadbeefdeadbeefdeadbeef[0m
2025-09-22 02:54:08,069 - Detector - INFO - [1m[31mTo:        0x2c5e8a3b3aad9df32339409534e64dfcabcd3a65[0m
2025-09-22 02:54:08,069 - Detector - INFO - [1m[31mValue:     0 Wei[0m
2025-09-22 02:54:08,069 - Detector - INFO - [1m[31mGas Limit: 4500000[0m
2025-09-22 02:54:08,069 - Detector - INFO - [1m[31mInput:     0xd73dd623000000000000000000000000deadbeef[0m
2025-09-22 02:54:08,069 - Detector - INFO - [1m[31m           deadbeefdeadbeefdeadbeefdeadbeefc26dfafc57[0m
2025-09-22 02:54:08,069 - Detector - INFO - [1m[31m           6a568041548bdff939439ccdb91a6e2e6d1e8de2f3[0m
2025-09-22 02:54:08,069 - Detector - INFO - [1m[31m           0ce4eb08e58a[0m
2025-09-22 02:54:08,069 - Detector - INFO - [1m[31m-----------------------------------------------------[0m
2025-09-22 02:54:08,069 - Detector - INFO - [1m[31mTransaction 5 - decreaseApproval(address,uint256):[0m
2025-09-22 02:54:08,069 - Detector - INFO - [1m[31m-----------------------------------------------------[0m
2025-09-22 02:54:08,069 - Detector - INFO - [1m[31mFrom:      0xdeadbeefdeadbeefdeadbeefdeadbeefdeadbeef[0m
2025-09-22 02:54:08,070 - Detector - INFO - [1m[31mTo:        0x2c5e8a3b3aad9df32339409534e64dfcabcd3a65[0m
2025-09-22 02:54:08,070 - Detector - INFO - [1m[31mValue:     0 Wei[0m
2025-09-22 02:54:08,070 - Detector - INFO - [1m[31mGas Limit: 4500000[0m
2025-09-22 02:54:08,070 - Detector - INFO - [1m[31mInput:     0x66188463000000000000000000000000deadbeef[0m
2025-09-22 02:54:08,070 - Detector - INFO - [1m[31m           deadbeefdeadbeefdeadbeefdeadbeef0000000000[0m
2025-09-22 02:54:08,070 - Detector - INFO - [1m[31m           000000000000000000000000000000000000000000[0m
2025-09-22 02:54:08,070 - Detector - INFO - [1m[31m           000000000000[0m
2025-09-22 02:54:08,070 - Detector - INFO - [1m[31m-----------------------------------------------------[0m
2025-09-22 02:54:08,072 - Detector - INFO - [1m[33m-----------------------------------------------------[0m
2025-09-22 02:54:08,072 - Detector - INFO - [1m[33m          !!! Assertion failure detected !!!         [0m
2025-09-22 02:54:08,072 - Detector - INFO - [1m[33m-----------------------------------------------------[0m
2025-09-22 02:54:08,072 - Detector - INFO - [1m[33mSWC-ID:   110[0m
2025-09-22 02:54:08,072 - Detector - INFO - [1m[33mSeverity: Medium[0m
2025-09-22 02:54:08,072 - Detector - INFO - [1m[33m-----------------------------------------------------[0m
2025-09-22 02:54:08,072 - Detector - INFO - [1m[33mSource code line:[0m
2025-09-22 02:54:08,072 - Detector - INFO - [1m[33m-----------------------------------------------------[0m
2025-09-22 02:54:08,073 - Detector - INFO - [1m[33m/sb/0x837e9d70de24e6ae273a6c691686c6c431b78c6b.sol:52:1[0m
2025-09-22 02:54:08,073 - Detector - INFO - [1m[33massert(c >= a)[0m
2025-09-22 02:54:08,073 - Detector - INFO - [1m[33m-----------------------------------------------------[0m
2025-09-22 02:54:08,073 - Detector - INFO - [1m[33mTransaction sequence:[0m
2025-09-22 02:54:08,073 - Detector - INFO - [1m[33m-----------------------------------------------------[0m
2025-09-22 02:54:08,073 - Detector - INFO - [1m[33mTransaction 1 - increaseApproval(address,uint256):[0m
2025-09-22 02:54:08,073 - Detector - INFO - [1m[33m-----------------------------------------------------[0m
2025-09-22 02:54:08,073 - Detector - INFO - [1m[33mFrom:      0xdeadbeefdeadbeefdeadbeefdeadbeefdeadbeef[0m
2025-09-22 02:54:08,073 - Detector - INFO - [1m[33mTo:        0x2c5e8a3b3aad9df32339409534e64dfcabcd3a65[0m
2025-09-22 02:54:08,073 - Detector - INFO - [1m[33mValue:     0 Wei[0m
2025-09-22 02:54:08,073 - Detector - INFO - [1m[33mGas Limit: 4500000[0m
2025-09-22 02:54:08,073 - Detector - INFO - [1m[33mInput:     0xd73dd623000000000000000000000000cafebabe[0m
2025-09-22 02:54:08,073 - Detector - INFO - [1m[33m           cafebabecafebabecafebabecafebabe0000000000[0m
2025-09-22 02:54:08,073 - Detector - INFO - [1m[33m           000000000000000000000000000000000000000000[0m
2025-09-22 02:54:08,073 - Detector - INFO - [1m[33m           000000000001[0m
2025-09-22 02:54:08,073 - Detector - INFO - [1m[33m-----------------------------------------------------[0m
2025-09-22 02:54:08,073 - Detector - INFO - [1m[33mTransaction 2 - decreaseApproval(address,uint256):[0m
2025-09-22 02:54:08,073 - Detector - INFO - [1m[33m-----------------------------------------------------[0m
2025-09-22 02:54:08,073 - Detector - INFO - [1m[33mFrom:      0xdeadbeefdeadbeefdeadbeefdeadbeefdeadbeef[0m
2025-09-22 02:54:08,073 - Detector - INFO - [1m[33mTo:        0x2c5e8a3b3aad9df32339409534e64dfcabcd3a65[0m
2025-09-22 02:54:08,073 - Detector - INFO - [1m[33mValue:     0 Wei[0m
2025-09-22 02:54:08,073 - Detector - INFO - [1m[33mGas Limit: 4500000[0m
2025-09-22 02:54:08,073 - Detector - INFO - [1m[33mInput:     0x66188463000000000000000000000000cafebabe[0m
2025-09-22 02:54:08,073 - Detector - INFO - [1m[33m           cafebabecafebabecafebabecafebabe732b4ce886[0m
2025-09-22 02:54:08,073 - Detector - INFO - [1m[33m           0e0924982402efb19c6b1d775af09bb6f392d96877[0m
2025-09-22 02:54:08,074 - Detector - INFO - [1m[33m           a7d79f6ddfe2[0m
2025-09-22 02:54:08,074 - Detector - INFO - [1m[33m-----------------------------------------------------[0m
2025-09-22 02:54:08,074 - Detector - INFO - [1m[33mTransaction 3 - approve(address,uint256):[0m
2025-09-22 02:54:08,074 - Detector - INFO - [1m[33m-----------------------------------------------------[0m
2025-09-22 02:54:08,074 - Detector - INFO - [1m[33mFrom:      0xdeadbeefdeadbeefdeadbeefdeadbeefdeadbeef[0m
2025-09-22 02:54:08,074 - Detector - INFO - [1m[33mTo:        0x2c5e8a3b3aad9df32339409534e64dfcabcd3a65[0m
2025-09-22 02:54:08,074 - Detector - INFO - [1m[33mValue:     0 Wei[0m
2025-09-22 02:54:08,074 - Detector - INFO - [1m[33mGas Limit: 4500000[0m
2025-09-22 02:54:08,074 - Detector - INFO - [1m[33mInput:     0x095ea7b3000000000000000000000000deadbeef[0m
2025-09-22 02:54:08,074 - Detector - INFO - [1m[33m           deadbeefdeadbeefdeadbeefdeadbeefffffffffff[0m
2025-09-22 02:54:08,074 - Detector - INFO - [1m[33m           ffffffffffffffffffffffffffffffffffffffffff[0m
2025-09-22 02:54:08,074 - Detector - INFO - [1m[33m           fffffffffffd[0m
2025-09-22 02:54:08,074 - Detector - INFO - [1m[33m-----------------------------------------------------[0m
2025-09-22 02:54:08,074 - Detector - INFO - [1m[33mTransaction 4 - increaseApproval(address,uint256):[0m
2025-09-22 02:54:08,074 - Detector - INFO - [1m[33m-----------------------------------------------------[0m
2025-09-22 02:54:08,074 - Detector - INFO - [1m[33mFrom:      0xdeadbeefdeadbeefdeadbeefdeadbeefdeadbeef[0m
2025-09-22 02:54:08,074 - Detector - INFO - [1m[33mTo:        0x2c5e8a3b3aad9df32339409534e64dfcabcd3a65[0m
2025-09-22 02:54:08,074 - Detector - INFO - [1m[33mValue:     0 Wei[0m
2025-09-22 02:54:08,074 - Detector - INFO - [1m[33mGas Limit: 4500000[0m
2025-09-22 02:54:08,074 - Detector - INFO - [1m[33mInput:     0xd73dd623000000000000000000000000deadbeef[0m
2025-09-22 02:54:08,074 - Detector - INFO - [1m[33m           deadbeefdeadbeefdeadbeefdeadbeefc26dfafc57[0m
2025-09-22 02:54:08,074 - Detector - INFO - [1m[33m           6a568041548bdff939439ccdb91a6e2e6d1e8de2f3[0m
2025-09-22 02:54:08,074 - Detector - INFO - [1m[33m           0ce4eb08e58a[0m
2025-09-22 02:54:08,074 - Detector - INFO - [1m[33m-----------------------------------------------------[0m
2025-09-22 02:54:08,074 - Detector - INFO - [1m[33mTransaction 5 - decreaseApproval(address,uint256):[0m
2025-09-22 02:54:08,074 - Detector - INFO - [1m[33m-----------------------------------------------------[0m
2025-09-22 02:54:08,074 - Detector - INFO - [1m[33mFrom:      0xdeadbeefdeadbeefdeadbeefdeadbeefdeadbeef[0m
2025-09-22 02:54:08,074 - Detector - INFO - [1m[33mTo:        0x2c5e8a3b3aad9df32339409534e64dfcabcd3a65[0m
2025-09-22 02:54:08,074 - Detector - INFO - [1m[33mValue:     0 Wei[0m
2025-09-22 02:54:08,074 - Detector - INFO - [1m[33mGas Limit: 4500000[0m
2025-09-22 02:54:08,074 - Detector - INFO - [1m[33mInput:     0x66188463000000000000000000000000deadbeef[0m
2025-09-22 02:54:08,074 - Detector - INFO - [1m[33m           deadbeefdeadbeefdeadbeefdeadbeef0000000000[0m
2025-09-22 02:54:08,074 - Detector - INFO - [1m[33m           000000000000000000000000000000000000000000[0m
2025-09-22 02:54:08,074 - Detector - INFO - [1m[33m           000000000000[0m
2025-09-22 02:54:08,074 - Detector - INFO - [1m[33m-----------------------------------------------------[0m
2025-09-22 02:54:08,645 - Analysis - INFO - [1mGeneration number 3 	 Code coverage: 51.59% (943/1828) 	 Branch coverage: 73.68% (56/76) 	 Transactions: 175 (80 unique)   	 Time: 1.5633957386016846[0m
2025-09-22 02:54:09,386 - Analysis - INFO - [1mGeneration number 4 	 Code coverage: 51.59% (943/1828) 	 Branch coverage: 73.68% (56/76) 	 Transactions: 258 (102 unique)   	 Time: 2.3045268058776855[0m
2025-09-22 02:54:10,294 - Analysis - INFO - [1mGeneration number 5 	 Code coverage: 51.59% (943/1828) 	 Branch coverage: 73.68% (56/76) 	 Transactions: 352 (123 unique)   	 Time: 3.2123236656188965[0m
2025-09-22 02:54:11,284 - Analysis - INFO - [1mGeneration number 6 	 Code coverage: 51.59% (943/1828) 	 Branch coverage: 73.68% (56/76) 	 Transactions: 452 (145 unique)   	 Time: 4.202229738235474[0m
2025-09-22 02:54:12,332 - Analysis - INFO - [1mGeneration number 7 	 Code coverage: 51.59% (943/1828) 	 Branch coverage: 73.68% (56/76) 	 Transactions: 556 (167 unique)   	 Time: 5.250144004821777[0m
2025-09-22 02:54:13,423 - Analysis - INFO - [1mGeneration number 8 	 Code coverage: 51.59% (943/1828) 	 Branch coverage: 73.68% (56/76) 	 Transactions: 660 (189 unique)   	 Time: 6.3413779735565186[0m
2025-09-22 02:54:14,451 - Analysis - INFO - [1mGeneration number 9 	 Code coverage: 51.59% (943/1828) 	 Branch coverage: 73.68% (56/76) 	 Transactions: 764 (211 unique)   	 Time: 7.369389057159424[0m
2025-09-22 02:54:15,519 - Analysis - INFO - [1mGeneration number 10 	 Code coverage: 51.59% (943/1828) 	 Branch coverage: 73.68% (56/76) 	 Transactions: 870 (233 unique)   	 Time: 8.437366724014282[0m
2025-09-22 02:54:15,542 - Analysis - INFO - [1m-----------------------------------------------------[0m
2025-09-22 02:54:15,542 - Analysis - INFO - Number of generations: 	 10
2025-09-22 02:54:15,542 - Analysis - INFO - Number of transactions: 	 870 (233 unique)
2025-09-22 02:54:15,542 - Analysis - INFO - Transactions per second: 	 103
2025-09-22 02:54:15,542 - Analysis - INFO - Total code coverage: 	 51.59% (943/1828)
2025-09-22 02:54:15,542 - Analysis - INFO - Total branch coverage: 	 73.68% (56/76)
2025-09-22 02:54:15,542 - Analysis - INFO - Total execution time: 	 8.46 seconds
2025-09-22 02:54:15,542 - Analysis - INFO - Total memory consumption: 	 72.25 MB
2025-09-22 02:54:15,546 - Fuzzer   - INFO - [1mFuzzing contract [1mCappedToken[0m[0m
2025-09-22 02:54:15,552 - Fuzzer   - ERROR - [91m[1m[91m[1mProblem while deploying contract [91m[1m[91m[1mCappedToken[0m[0m[0m[0m using account [91m[1m[91m[1m0xcafebabecafebabecafebabecafebabecafebabe[0m[0m[0m[0m. Error message: b''[0m[0m[0m[0m

     ______            ______                _           
    / ____/___  ____  / ____/_  __________  (_)_  _______
   / /   / __ \/ __ \/ /_  / / / /_  /_  / / / / / / ___/
  / /___/ /_/ / / / / __/ / /_/ / / /_/ /_/ / /_/ (__  ) 
  \____/\____/_/ /_/_/    \__,_/ /___/___/_/\__,_/____/  

delteed file
