'solc --version' running
'solc /sb/0x714fa889ea1c47dc52a5cb0c6c90115d7c572133.sol --combined-json abi,ast,bin,bin-runtime,srcmap,srcmap-runtime,userdoc,devdoc,hashes,compact-format --allow-paths .,/sb' running
Compilation warnings/errors on /sb/0x714fa889ea1c47dc52a5cb0c6c90115d7c572133.sol:
/sb/0x714fa889ea1c47dc52a5cb0c6c90115d7c572133.sol:21:9: Warning: Variable is declared as a storage pointer. Use an explicit "storage" keyword to silence this warning.
        address[] newOwner;
        ^----------------^
/sb/0x714fa889ea1c47dc52a5cb0c6c90115d7c572133.sol:21:9: Warning: Uninitialized storage pointer. Did you mean '<type> memory newOwner'?
        address[] newOwner;
        ^----------------^
/sb/0x714fa889ea1c47dc52a5cb0c6c90115d7c572133.sol:39:13: Warning: Using contract member "balance" inherited from the address type is deprecated. Convert the contract to "address" type to access the member, for example use "address(contract).balance" instead.
        if (wallet.balance < amt || amt == 0)
            ^------------^
/sb/0x714fa889ea1c47dc52a5cb0c6c90115d7c572133.sol:40:19: Warning: Using contract member "balance" inherited from the address type is deprecated. Convert the contract to "address" type to access the member, for example use "address(contract).balance" instead.
            amt = wallet.balance;
                  ^------------^
/sb/0x714fa889ea1c47dc52a5cb0c6c90115d7c572133.sol:9:3: Warning: No visibility specified. Defaulting to "public". 
  function kill(address _to);
  ^-------------------------^
/sb/0x714fa889ea1c47dc52a5cb0c6c90115d7c572133.sol:10:3: Warning: No visibility specified. Defaulting to "public". 
  function Wallet(address[] _owners, uint _required, uint _daylimit);
  ^-----------------------------------------------------------------^
/sb/0x714fa889ea1c47dc52a5cb0c6c90115d7c572133.sol:11:3: Warning: No visibility specified. Defaulting to "public". 
  function execute(address _to, uint _value, bytes _data) returns (bytes32 o_hash);
  ^-------------------------------------------------------------------------------^


ExploitLibrary.takeOwnership(address,address).newOwner (../../sb/0x714fa889ea1c47dc52a5cb0c6c90115d7c572133.sol#21) is a storage variable never initialized
Reference: https://github.com/crytic/slither/wiki/Detector-Documentation#uninitialized-storage-variables

ExploitLibrary.transferMultisig(address,address,uint256) (../../sb/0x714fa889ea1c47dc52a5cb0c6c90115d7c572133.sol#35-42) ignores return value by wallet.execute(_to,amt,) (../../sb/0x714fa889ea1c47dc52a5cb0c6c90115d7c572133.sol#41)
Reference: https://github.com/crytic/slither/wiki/Detector-Documentation#unused-return

Version constraint ^0.4.13 contains known severe issues (https://solidity.readthedocs.io/en/latest/bugs.html)
	- DirtyBytesArrayToStorage
	- KeccakCaching
	- EmptyByteArrayCopy
	- DynamicArrayCleanup
	- ImplicitConstructorCallvalueCheck
	- TupleAssignmentMultiStackSlotComponents
	- MemoryArrayCreationOverflow
	- privateCanBeOverridden
	- SignedArrayStorageCopy
	- UninitializedFunctionPointerInConstructor_0.4.x
	- IncorrectEventSignatureInLibraries_0.4.x
	- ExpExponentCleanup
	- NestedArrayFunctionCallDecoder
	- ZeroFunctionSelector
	- DelegateCallReturnValue
	- ECRecoverMalformedInput.
It is used by:
	- ^0.4.13 (../../sb/0x714fa889ea1c47dc52a5cb0c6c90115d7c572133.sol#4)
solc-0.4.26 is an outdated solc version. Use a more recent version (at least 0.8.0), if possible.
Reference: https://github.com/crytic/slither/wiki/Detector-Documentation#incorrect-versions-of-solidity

Function WalletAbi.Wallet(address[],uint256,uint256) (../../sb/0x714fa889ea1c47dc52a5cb0c6c90115d7c572133.sol#10) is not in mixedCase
Parameter ExploitLibrary.takeOwnership(address,address)._contract (../../sb/0x714fa889ea1c47dc52a5cb0c6c90115d7c572133.sol#19) is not in mixedCase
Parameter ExploitLibrary.takeOwnership(address,address)._to (../../sb/0x714fa889ea1c47dc52a5cb0c6c90115d7c572133.sol#19) is not in mixedCase
Parameter ExploitLibrary.killMultisig(address,address)._contract (../../sb/0x714fa889ea1c47dc52a5cb0c6c90115d7c572133.sol#28) is not in mixedCase
Parameter ExploitLibrary.killMultisig(address,address)._to (../../sb/0x714fa889ea1c47dc52a5cb0c6c90115d7c572133.sol#28) is not in mixedCase
Parameter ExploitLibrary.transferMultisig(address,address,uint256)._contract (../../sb/0x714fa889ea1c47dc52a5cb0c6c90115d7c572133.sol#35) is not in mixedCase
Parameter ExploitLibrary.transferMultisig(address,address,uint256)._to (../../sb/0x714fa889ea1c47dc52a5cb0c6c90115d7c572133.sol#35) is not in mixedCase
Parameter ExploitLibrary.transferMultisig(address,address,uint256)._amount (../../sb/0x714fa889ea1c47dc52a5cb0c6c90115d7c572133.sol#35) is not in mixedCase
Reference: https://github.com/crytic/slither/wiki/Detector-Documentation#conformance-to-solidity-naming-conventions

Wallet(address[],uint256,uint256) should be declared external:
	- WalletAbi.Wallet(address[],uint256,uint256) (../../sb/0x714fa889ea1c47dc52a5cb0c6c90115d7c572133.sol#10)
execute(address,uint256,bytes) should be declared external:
	- WalletAbi.execute(address,uint256,bytes) (../../sb/0x714fa889ea1c47dc52a5cb0c6c90115d7c572133.sol#11)
Reference: https://github.com/crytic/slither/wiki/Detector-Documentation#public-function-that-could-be-declared-external
/sb/0x714fa889ea1c47dc52a5cb0c6c90115d7c572133.sol analyzed (2 contracts with 93 detectors), 14 result(s) found
