Extract contract FindThisHash from /sb/FindThisHash.sol
Extracted 1 contract(s) from /sb/FindThisHash.sol
[0;32m> Created "fuzzMe"[0m
[0;32m> To fuzz contracts:[0m
  chmod +x fuzzMe
  ./fuzzMe
contracts/FindThisHash.sol:17:25: Warning: "sha3" has been deprecated in favour of "keccak256"
        require(hash == sha3(solution));
                        ^------------^
contracts/FindThisHash.sol:17:25: Warning: This function only accepts a single "bytes" argument. Please use "abi.encodePacked(...)" or a similar function to encode the data.
        require(hash == sha3(solution));
                        ^------------^
contracts/FindThisHash.sol:17:25: Warning: The provided argument of type string memory is not implicitly convertible to expected type bytes memory.
        require(hash == sha3(solution));
                        ^------------^
assets/NormalAttacker.sol:5:3: Warning: No visibility specified. Defaulting to "public". 
  function() payable {
  ^ (Relevant source part starts here and spans across multiple lines).
assets/ReentrancyAttacker.sol:8:7: Warning: Return value of low-level calls not used.
      msg.sender.call(bytes4(255));
      ^--------------------------^
assets/ReentrancyAttacker.sol:5:3: Warning: No visibility specified. Defaulting to "public". 
  function() payable {
  ^ (Relevant source part starts here and spans across multiple lines).
>> Fuzz FindThisHash
** Write stats: 0.012769
** Write stats: 5.00005
** Write stats: 10.0005
** Write stats: 15.0002
** Write stats: 20.0001
** Write stats: 25.0002
** Write stats: 30.0002
** Write stats: 35.0005
** Write stats: 40.0174
** Write stats: 45.0003
** Write stats: 50.0565
** Write stats: 55.0001
** Write stats: 60.0002
** Write stats: 65.0003
** Write stats: 70.0126
** Write stats: 75.0006
** Write stats: 80.0001
** Write stats: 85.0002
** Write stats: 90.0001
** Write stats: 95.0004
** Write stats: 100
** Write stats: 105
** Write stats: 110
** Write stats: 115.01
** Write stats: 120.028
** Write stats: 125
** Write stats: 130
** Write stats: 135
** Write stats: 140
** Write stats: 145
** Write stats: 150
** Write stats: 155
** Write stats: 160
** Write stats: 165
** Write stats: 170
** Write stats: 175
** Write stats: 180.019
** Write stats: 185
** Write stats: 190
** Write stats: 195
** Write stats: 200.029
** Write stats: 205.004
** Write stats: 210
** Write stats: 215
** Write stats: 220
** Write stats: 225
** Write stats: 230
** Write stats: 235
** Write stats: 240
** Write stats: 245.004
** Write stats: 250.019
** Write stats: 255
** Write stats: 260
** Write stats: 265
** Write stats: 270.019
** Write stats: 275
** Write stats: 280.031
** Write stats: 285
** Write stats: 290
** Write stats: 295
** Write stats: 298.014
