2025-09-03 22:59:16,391 - Main     - INFO - [1mInitializing seed to 1427655.0[0m
2025-09-03 22:59:16,412 - Fuzzer   - INFO - [1mFuzzing contract [1mEtherBank[0m[0m
2025-09-03 22:59:16,424 - Detector - INFO - [1m[31m-----------------------------------------------------[0m
2025-09-03 22:59:16,424 - Detector - INFO - [1m[31m            !!! Reentrancy detected !!!              [0m
2025-09-03 22:59:16,424 - Detector - INFO - [1m[31m-----------------------------------------------------[0m
2025-09-03 22:59:16,424 - Detector - INFO - [1m[31mSWC-ID:   107[0m
2025-09-03 22:59:16,424 - Detector - INFO - [1m[31mSeverity: High[0m
2025-09-03 22:59:16,424 - Detector - INFO - [1m[31m-----------------------------------------------------[0m
2025-09-03 22:59:16,424 - Detector - INFO - [1m[31mSource code line:[0m
2025-09-03 22:59:16,424 - Detector - INFO - [1m[31m-----------------------------------------------------[0m
2025-09-03 22:59:16,424 - Detector - INFO - [1m[31m/sb/etherbank.sol:21:1[0m
2025-09-03 22:59:16,424 - Detector - INFO - [1m[31mmsg.sender.call.value(amountToWithdraw)()[0m
2025-09-03 22:59:16,424 - Detector - INFO - [1m[31m-----------------------------------------------------[0m
2025-09-03 22:59:16,424 - Detector - INFO - [1m[31mTransaction sequence:[0m
2025-09-03 22:59:16,424 - Detector - INFO - [1m[31m-----------------------------------------------------[0m
2025-09-03 22:59:16,424 - Detector - INFO - [1m[31mTransaction - withdrawBalance():[0m
2025-09-03 22:59:16,424 - Detector - INFO - [1m[31m-----------------------------------------------------[0m
2025-09-03 22:59:16,424 - Detector - INFO - [1m[31mFrom:      0xcafebabecafebabecafebabecafebabecafebabe[0m
2025-09-03 22:59:16,425 - Detector - INFO - [1m[31mTo:        0x2c5e8a3b3aad9df32339409534e64dfcabcd3a65[0m
2025-09-03 22:59:16,425 - Detector - INFO - [1m[31mValue:     0 Wei[0m
2025-09-03 22:59:16,425 - Detector - INFO - [1m[31mGas Limit: 4500000[0m
2025-09-03 22:59:16,425 - Detector - INFO - [1m[31mInput:     0x5fd8c710[0m
2025-09-03 22:59:16,425 - Detector - INFO - [1m[31m-----------------------------------------------------[0m
2025-09-03 22:59:16,455 - Analysis - INFO - [1mGeneration number 0 	 Code coverage: 97.92% (188/192) 	 Branch coverage: 93.75% (15/16) 	 Transactions: 9 (8 unique)   	 Time: 0.036330461502075195[0m
2025-09-03 22:59:16,480 - Detector - INFO - [1m[33m-----------------------------------------------------[0m
2025-09-03 22:59:16,480 - Detector - INFO - [1m[33m    !!! Transaction order dependency detected !!!    [0m
2025-09-03 22:59:16,480 - Detector - INFO - [1m[33m-----------------------------------------------------[0m
2025-09-03 22:59:16,480 - Detector - INFO - [1m[33mSWC-ID:   114[0m
2025-09-03 22:59:16,480 - Detector - INFO - [1m[33mSeverity: Medium[0m
2025-09-03 22:59:16,480 - Detector - INFO - [1m[33m-----------------------------------------------------[0m
2025-09-03 22:59:16,480 - Detector - INFO - [1m[33mSource code line:[0m
2025-09-03 22:59:16,480 - Detector - INFO - [1m[33m-----------------------------------------------------[0m
2025-09-03 22:59:16,480 - Detector - INFO - [1m[33m/sb/etherbank.sol:15:1[0m
2025-09-03 22:59:16,480 - Detector - INFO - [1m[33muserBalances[msg.sender] += msg.value[0m
2025-09-03 22:59:16,480 - Detector - INFO - [1m[33m-----------------------------------------------------[0m
2025-09-03 22:59:16,480 - Detector - INFO - [1m[33mTransaction sequence:[0m
2025-09-03 22:59:16,480 - Detector - INFO - [1m[33m-----------------------------------------------------[0m
2025-09-03 22:59:16,480 - Detector - INFO - [1m[33mTransaction 1 - addToBalance():[0m
2025-09-03 22:59:16,480 - Detector - INFO - [1m[33m-----------------------------------------------------[0m
2025-09-03 22:59:16,480 - Detector - INFO - [1m[33mFrom:      0xcafebabecafebabecafebabecafebabecafebabe[0m
2025-09-03 22:59:16,480 - Detector - INFO - [1m[33mTo:        0x2c5e8a3b3aad9df32339409534e64dfcabcd3a65[0m
2025-09-03 22:59:16,480 - Detector - INFO - [1m[33mValue:     0 Wei[0m
2025-09-03 22:59:16,480 - Detector - INFO - [1m[33mGas Limit: 4500000[0m
2025-09-03 22:59:16,481 - Detector - INFO - [1m[33mInput:     0xc0e317fb[0m
2025-09-03 22:59:16,481 - Detector - INFO - [1m[33m-----------------------------------------------------[0m
2025-09-03 22:59:16,481 - Detector - INFO - [1m[33mTransaction 2 - withdrawBalance():[0m
2025-09-03 22:59:16,481 - Detector - INFO - [1m[33m-----------------------------------------------------[0m
2025-09-03 22:59:16,481 - Detector - INFO - [1m[33mFrom:      0xcafebabecafebabecafebabecafebabecafebabe[0m
2025-09-03 22:59:16,481 - Detector - INFO - [1m[33mTo:        0x2c5e8a3b3aad9df32339409534e64dfcabcd3a65[0m
2025-09-03 22:59:16,481 - Detector - INFO - [1m[33mValue:     0 Wei[0m
2025-09-03 22:59:16,481 - Detector - INFO - [1m[33mGas Limit: 4500000[0m
2025-09-03 22:59:16,481 - Detector - INFO - [1m[33mInput:     0x5fd8c710[0m
2025-09-03 22:59:16,481 - Detector - INFO - [1m[33m-----------------------------------------------------[0m
2025-09-03 22:59:16,505 - Analysis - INFO - [1mGeneration number 1 	 Code coverage: 97.92% (188/192) 	 Branch coverage: 93.75% (15/16) 	 Transactions: 20 (13 unique)   	 Time: 0.08679652214050293[0m
2025-09-03 22:59:16,604 - Analysis - INFO - [1mGeneration number 2 	 Code coverage: 97.92% (188/192) 	 Branch coverage: 93.75% (15/16) 	 Transactions: 39 (18 unique)   	 Time: 0.1860809326171875[0m
2025-09-03 22:59:16,723 - Analysis - INFO - [1mGeneration number 3 	 Code coverage: 97.92% (188/192) 	 Branch coverage: 93.75% (15/16) 	 Transactions: 63 (23 unique)   	 Time: 0.3042171001434326[0m
2025-09-03 22:59:16,863 - Analysis - INFO - [1mGeneration number 4 	 Code coverage: 97.92% (188/192) 	 Branch coverage: 93.75% (15/16) 	 Transactions: 91 (28 unique)   	 Time: 0.44446277618408203[0m
2025-09-03 22:59:17,006 - Analysis - INFO - [1mGeneration number 5 	 Code coverage: 97.92% (188/192) 	 Branch coverage: 93.75% (15/16) 	 Transactions: 120 (31 unique)   	 Time: 0.5871655941009521[0m
2025-09-03 22:59:17,128 - Analysis - INFO - [1mGeneration number 6 	 Code coverage: 97.92% (188/192) 	 Branch coverage: 93.75% (15/16) 	 Transactions: 144 (33 unique)   	 Time: 0.7096011638641357[0m
2025-09-03 22:59:17,299 - Analysis - INFO - [1mGeneration number 7 	 Code coverage: 97.92% (188/192) 	 Branch coverage: 93.75% (15/16) 	 Transactions: 180 (38 unique)   	 Time: 0.8808436393737793[0m
2025-09-03 22:59:17,464 - Analysis - INFO - [1mGeneration number 8 	 Code coverage: 97.92% (188/192) 	 Branch coverage: 93.75% (15/16) 	 Transactions: 212 (41 unique)   	 Time: 1.0457427501678467[0m
2025-09-03 22:59:17,602 - Analysis - INFO - [1mGeneration number 9 	 Code coverage: 97.92% (188/192) 	 Branch coverage: 93.75% (15/16) 	 Transactions: 239 (42 unique)   	 Time: 1.183288335800171[0m
2025-09-03 22:59:17,732 - Analysis - INFO - [1mGeneration number 10 	 Code coverage: 97.92% (188/192) 	 Branch coverage: 93.75% (15/16) 	 Transactions: 266 (45 unique)   	 Time: 1.3134338855743408[0m
2025-09-03 22:59:17,742 - Analysis - INFO - [1m-----------------------------------------------------[0m
2025-09-03 22:59:17,743 - Analysis - INFO - Number of generations: 	 10
2025-09-03 22:59:17,743 - Analysis - INFO - Number of transactions: 	 266 (45 unique)
2025-09-03 22:59:17,743 - Analysis - INFO - Transactions per second: 	 201
2025-09-03 22:59:17,743 - Analysis - INFO - Total code coverage: 	 97.92% (188/192)
2025-09-03 22:59:17,743 - Analysis - INFO - Total branch coverage: 	 93.75% (15/16)
2025-09-03 22:59:17,743 - Analysis - INFO - Total execution time: 	 1.32 seconds
2025-09-03 22:59:17,743 - Analysis - INFO - Total memory consumption: 	 63.67 MB

     ______            ______                _           
    / ____/___  ____  / ____/_  __________  (_)_  _______
   / /   / __ \/ __ \/ /_  / / / /_  /_  / / / / / / ___/
  / /___/ /_/ / / / / __/ / /_/ / / /_/ /_/ / /_/ (__  ) 
  \____/\____/_/ /_/_/    \__,_/ /___/___/_/\__,_/____/  

delteed file
