Extract contract ETH_VAULT from /sb/0x8c7777c45481dba411450c228cb692ac3d550344.sol
Extract contract Log from /sb/0x8c7777c45481dba411450c228cb692ac3d550344.sol
Extracted 2 contract(s) from /sb/0x8c7777c45481dba411450c228cb692ac3d550344.sol
[0;32m> Created "fuzzMe"[0m
[0;32m> To fuzz contracts:[0m
  chmod +x fuzzMe
  ./fuzzMe
contracts/ETH_VAULT.sol:17:5: Warning: Defining constructors as functions with the same name as the contract is deprecated. Use "constructor(...) { ... }" instead.
    function ETH_VAULT(address _log)
    ^ (Relevant source part starts here and spans across multiple lines).
contracts/Log.sol:17:5: Warning: Defining constructors as functions with the same name as the contract is deprecated. Use "constructor(...) { ... }" instead.
    function ETH_VAULT(address _log)
    ^ (Relevant source part starts here and spans across multiple lines).
assets/NormalAttacker.sol:5:3: Warning: No visibility specified. Defaulting to "public". 
  function() payable {
  ^ (Relevant source part starts here and spans across multiple lines).
assets/ReentrancyAttacker.sol:8:7: Warning: Return value of low-level calls not used.
      msg.sender.call(bytes4(255));
      ^--------------------------^
assets/ReentrancyAttacker.sol:5:3: Warning: No visibility specified. Defaulting to "public". 
  function() payable {
  ^ (Relevant source part starts here and spans across multiple lines).
>> Fuzz ETH_VAULT
** Write stats: 0.008325
** Write stats: 5.002
** Write stats: 10.0022
** Write stats: 15.0027
** Write stats: 20.0004
** Write stats: 25.0009
** Write stats: 30.0032
** Write stats: 35.0028
** Write stats: 40.0069
** Write stats: 45.0092
** Write stats: 50.0063
** Write stats: 55.0061
** Write stats: 60.0054
** Write stats: 65.0018
** Write stats: 70.0004
** Write stats: 75.008
** Write stats: 80.0053
** Write stats: 85.0059
** Write stats: 90.0047
** Write stats: 95.0093
** Write stats: 100.006
** Write stats: 105.007
** Write stats: 110.01
** Write stats: 115.002
** Write stats: 120.008
** Write stats: 125.002
** Write stats: 130.009
** Write stats: 135.002
** Write stats: 140.009
** Write stats: 145.01
** Write stats: 150.002
** Write stats: 155
** Write stats: 160.003
** Write stats: 165.011
** Write stats: 170.015
** Write stats: 175.017
** Write stats: 180.004
** Write stats: 185.009
** Write stats: 190.007
** Write stats: 195.002
** Write stats: 200.014
** Write stats: 205.011
** Write stats: 210.004
** Write stats: 215.003
** Write stats: 220.019
** Write stats: 225.004
** Write stats: 230.013
** Write stats: 235.003
** Write stats: 240.003
** Write stats: 245.019
** Write stats: 250.012
** Write stats: 255.003
** Write stats: 260.007
** Write stats: 265.013
** Write stats: 270.006
** Write stats: 275.012
** Write stats: 280.019
** Write stats: 285.017
** Write stats: 290.013
** Write stats: 295
** Write stats: 300.012
** Write stats: 305.012
** Write stats: 310.005
** Write stats: 315.016
** Write stats: 320.014
** Write stats: 325.003
** Write stats: 330.008
** Write stats: 335.017
** Write stats: 340.016
** Write stats: 345.002
** Write stats: 350.002
** Write stats: 355.011
** Write stats: 360.015
** Write stats: 365.001
** Write stats: 370.017
** Write stats: 375.02
** Write stats: 380.02
** Write stats: 385.02
** Write stats: 390.004
** Write stats: 395.012
** Write stats: 400.013
** Write stats: 405.016
** Write stats: 410.026
** Write stats: 415.021
** Write stats: 420.002
** Write stats: 425.002
** Write stats: 430.023
** Write stats: 435.026
** Write stats: 440.008
** Write stats: 445.026
** Write stats: 448.027
>> Fuzz Log
** Write stats: 0.004512
** Write stats: 5.01451
** Write stats: 10.019
** Write stats: 15.0271
** Write stats: 20.0312
** Write stats: 25.0123
** Write stats: 30.0391
** Write stats: 35.0287
** Write stats: 40.0233
** Write stats: 45.0066
** Write stats: 50.0066
** Write stats: 55.0057
** Write stats: 60.0247
** Write stats: 65.0541
** Write stats: 70.0481
** Write stats: 75.0195
** Write stats: 80.0582
** Write stats: 85.0482
** Write stats: 90.0232
** Write stats: 95.0646
** Write stats: 100.004
** Write stats: 105.012
** Write stats: 110.047
** Write stats: 115.074
** Write stats: 120.044
** Write stats: 125.06
** Write stats: 130.031
** Write stats: 135.059
** Write stats: 140.043
** Write stats: 145.08
** Write stats: 150.083
** Write stats: 155.061
** Write stats: 160.011
** Write stats: 165.06
** Write stats: 170.091
** Write stats: 175.031
** Write stats: 180.009
** Write stats: 185.042
** Write stats: 190.01
** Write stats: 195.014
** Write stats: 200.08
** Write stats: 205.076
** Write stats: 210.022
** Write stats: 215.035
** Write stats: 220.054
** Write stats: 225.085
** Write stats: 230.014
** Write stats: 235.087
** Write stats: 240.066
** Write stats: 245.097
** Write stats: 250.047
** Write stats: 255.037
** Write stats: 260.066
** Write stats: 265.02
** Write stats: 270.013
** Write stats: 275.05
** Write stats: 280.09
** Write stats: 285.133
** Write stats: 290.047
** Write stats: 295.087
** Write stats: 300.109
** Write stats: 305.119
** Write stats: 310.005
** Write stats: 315.073
** Write stats: 320.01
** Write stats: 325.121
** Write stats: 330.118
** Write stats: 335.014
** Write stats: 340.1
** Write stats: 345.007
** Write stats: 350.005
** Write stats: 355.141
** Write stats: 360.126
** Write stats: 365.115
** Write stats: 370.11
** Write stats: 375.127
** Write stats: 380.034
** Write stats: 385.093
** Write stats: 390.019
** Write stats: 395.131
** Write stats: 400.112
** Write stats: 405.122
** Write stats: 410.049
** Write stats: 415.133
** Write stats: 420.056
** Write stats: 425.078
** Write stats: 430.127
** Write stats: 435.021
** Write stats: 440.09
** Write stats: 445.149
** Write stats: 448.023
