'solc --version' running
'solc /sb/0x731c491a30d5095601299f0e5c47a69c8f921a1f.sol --combined-json abi,ast,bin,bin-runtime,srcmap,srcmap-runtime,userdoc,devdoc,hashes,compact-format --allow-paths .,/sb' running
Compilation warnings/errors on /sb/0x731c491a30d5095601299f0e5c47a69c8f921a1f.sol:
/sb/0x731c491a30d5095601299f0e5c47a69c8f921a1f.sol:75:3: Warning: Defining constructors as functions with the same name as the contract is deprecated. Use "constructor(...) { ... }" instead.
  function TopPlayerToken() public {
  ^ (Relevant source part starts here and spans across multiple lines).
/sb/0x731c491a30d5095601299f0e5c47a69c8f921a1f.sol:101:5: Warning: Invoking events without "emit" prefix is deprecated.
    Transfer(msg.sender, _to, _value);
    ^-------------------------------^
/sb/0x731c491a30d5095601299f0e5c47a69c8f921a1f.sol:119:5: Warning: Invoking events without "emit" prefix is deprecated.
    Transfer(_from, _to, _value);
    ^--------------------------^
/sb/0x731c491a30d5095601299f0e5c47a69c8f921a1f.sol:135:5: Warning: Invoking events without "emit" prefix is deprecated.
    Approval(msg.sender, _spender, _value);
    ^------------------------------------^


Version constraint ^0.4.18 contains known severe issues (https://solidity.readthedocs.io/en/latest/bugs.html)
	- DirtyBytesArrayToStorage
	- ABIDecodeTwoDimensionalArrayMemory
	- KeccakCaching
	- EmptyByteArrayCopy
	- DynamicArrayCleanup
	- ImplicitConstructorCallvalueCheck
	- TupleAssignmentMultiStackSlotComponents
	- MemoryArrayCreationOverflow
	- privateCanBeOverridden
	- SignedArrayStorageCopy
	- ABIEncoderV2StorageArrayWithMultiSlotElement
	- DynamicConstructorArgumentsClippedABIV2
	- UninitializedFunctionPointerInConstructor_0.4.x
	- IncorrectEventSignatureInLibraries_0.4.x
	- ExpExponentCleanup
	- EventStructWrongData
	- NestedArrayFunctionCallDecoder.
It is used by:
	- ^0.4.18 (../../sb/0x731c491a30d5095601299f0e5c47a69c8f921a1f.sol#1)
	- ^0.4.18 (../../sb/0x731c491a30d5095601299f0e5c47a69c8f921a1f.sol#22)
	- ^0.4.18 (../../sb/0x731c491a30d5095601299f0e5c47a69c8f921a1f.sol#59)
solc-0.4.26 is an outdated solc version. Use a more recent version (at least 0.8.0), if possible.
Reference: https://github.com/crytic/slither/wiki/Detector-Documentation#incorrect-versions-of-solidity

Parameter TopPlayerToken.balanceOf(address)._owner (../../sb/0x731c491a30d5095601299f0e5c47a69c8f921a1f.sol#85) is not in mixedCase
Parameter TopPlayerToken.transfer(address,uint256)._to (../../sb/0x731c491a30d5095601299f0e5c47a69c8f921a1f.sol#94) is not in mixedCase
Parameter TopPlayerToken.transfer(address,uint256)._value (../../sb/0x731c491a30d5095601299f0e5c47a69c8f921a1f.sol#94) is not in mixedCase
Parameter TopPlayerToken.transferFrom(address,address,uint256)._from (../../sb/0x731c491a30d5095601299f0e5c47a69c8f921a1f.sol#111) is not in mixedCase
Parameter TopPlayerToken.transferFrom(address,address,uint256)._to (../../sb/0x731c491a30d5095601299f0e5c47a69c8f921a1f.sol#111) is not in mixedCase
Parameter TopPlayerToken.transferFrom(address,address,uint256)._value (../../sb/0x731c491a30d5095601299f0e5c47a69c8f921a1f.sol#111) is not in mixedCase
Parameter TopPlayerToken.approve(address,uint256)._spender (../../sb/0x731c491a30d5095601299f0e5c47a69c8f921a1f.sol#133) is not in mixedCase
Parameter TopPlayerToken.approve(address,uint256)._value (../../sb/0x731c491a30d5095601299f0e5c47a69c8f921a1f.sol#133) is not in mixedCase
Parameter TopPlayerToken.allowance(address,address)._owner (../../sb/0x731c491a30d5095601299f0e5c47a69c8f921a1f.sol#145) is not in mixedCase
Parameter TopPlayerToken.allowance(address,address)._spender (../../sb/0x731c491a30d5095601299f0e5c47a69c8f921a1f.sol#145) is not in mixedCase
Reference: https://github.com/crytic/slither/wiki/Detector-Documentation#conformance-to-solidity-naming-conventions

TopPlayerToken.TopPlayerToken() (../../sb/0x731c491a30d5095601299f0e5c47a69c8f921a1f.sol#75-78) uses literals with too many digits:
	- totalSupply = 2000000000 * (10 ** decimals) (../../sb/0x731c491a30d5095601299f0e5c47a69c8f921a1f.sol#76)
Reference: https://github.com/crytic/slither/wiki/Detector-Documentation#too-many-digits

TopPlayerToken.decimals (../../sb/0x731c491a30d5095601299f0e5c47a69c8f921a1f.sol#73) should be constant 
TopPlayerToken.name (../../sb/0x731c491a30d5095601299f0e5c47a69c8f921a1f.sol#71) should be constant 
TopPlayerToken.symbol (../../sb/0x731c491a30d5095601299f0e5c47a69c8f921a1f.sol#72) should be constant 
Reference: https://github.com/crytic/slither/wiki/Detector-Documentation#state-variables-that-could-be-declared-constant
/sb/0x731c491a30d5095601299f0e5c47a69c8f921a1f.sol analyzed (3 contracts with 93 detectors), 16 result(s) found
