2025-06-26 14:50:08,813 - Main     - INFO - [1mInitializing seed to 1427655.0[0m
2025-06-26 14:50:08,828 - Fuzzer   - INFO - [1mFuzzing contract [1mIntegerOverflowAdd[0m[0m
2025-06-26 14:50:08,849 - Detector - INFO - [1m[31m-----------------------------------------------------[0m
2025-06-26 14:50:08,849 - Detector - INFO - [1m[31m          !!! Integer overflow detected !!!          [0m
2025-06-26 14:50:08,849 - Detector - INFO - [1m[31m-----------------------------------------------------[0m
2025-06-26 14:50:08,849 - Detector - INFO - [1m[31mSWC-ID:   101[0m
2025-06-26 14:50:08,849 - Detector - INFO - [1m[31mSeverity: High[0m
2025-06-26 14:50:08,849 - Detector - INFO - [1m[31m-----------------------------------------------------[0m
2025-06-26 14:50:08,849 - Detector - INFO - [1m[31mSource code line:[0m
2025-06-26 14:50:08,849 - Detector - INFO - [1m[31m-----------------------------------------------------[0m
2025-06-26 14:50:08,849 - Detector - INFO - [1m[31m/sb/integer_overflow_add.sol:17:1[0m
2025-06-26 14:50:08,849 - Detector - INFO - [1m[31mcount += input[0m
2025-06-26 14:50:08,850 - Detector - INFO - [1m[31m-----------------------------------------------------[0m
2025-06-26 14:50:08,850 - Detector - INFO - [1m[31mTransaction sequence:[0m
2025-06-26 14:50:08,850 - Detector - INFO - [1m[31m-----------------------------------------------------[0m
2025-06-26 14:50:08,850 - Detector - INFO - [1m[31mTransaction - run(uint256):[0m
2025-06-26 14:50:08,850 - Detector - INFO - [1m[31m-----------------------------------------------------[0m
2025-06-26 14:50:08,850 - Detector - INFO - [1m[31mFrom:      0xcafebabecafebabecafebabecafebabecafebabe[0m
2025-06-26 14:50:08,850 - Detector - INFO - [1m[31mTo:        0x2c5e8a3b3aad9df32339409534e64dfcabcd3a65[0m
2025-06-26 14:50:08,850 - Detector - INFO - [1m[31mValue:     0 Wei[0m
2025-06-26 14:50:08,850 - Detector - INFO - [1m[31mGas Limit: 4500000[0m
2025-06-26 14:50:08,850 - Detector - INFO - [1m[31mInput:     0xa444f5e9ffffffffffffffffffffffffffffffff[0m
2025-06-26 14:50:08,850 - Detector - INFO - [1m[31m           ffffffffffffffffffffffffffffffff[0m
2025-06-26 14:50:08,850 - Detector - INFO - [1m[31m-----------------------------------------------------[0m
2025-06-26 14:50:08,859 - Analysis - INFO - [1mGeneration number 0 	 Code coverage: 98.91% (91/92) 	 Branch coverage: 100.00% (10/10) 	 Transactions: 7 (6 unique)   	 Time: 0.025152206420898438[0m
2025-06-26 14:50:08,884 - Analysis - INFO - [1mGeneration number 1 	 Code coverage: 98.91% (91/92) 	 Branch coverage: 100.00% (10/10) 	 Transactions: 15 (9 unique)   	 Time: 0.04996156692504883[0m
2025-06-26 14:50:08,930 - Analysis - INFO - [1mGeneration number 2 	 Code coverage: 98.91% (91/92) 	 Branch coverage: 100.00% (10/10) 	 Transactions: 30 (14 unique)   	 Time: 0.09579968452453613[0m
2025-06-26 14:50:08,985 - Analysis - INFO - [1mGeneration number 3 	 Code coverage: 98.91% (91/92) 	 Branch coverage: 100.00% (10/10) 	 Transactions: 48 (19 unique)   	 Time: 0.15133023262023926[0m
2025-06-26 14:50:09,048 - Analysis - INFO - [1mGeneration number 4 	 Code coverage: 98.91% (91/92) 	 Branch coverage: 100.00% (10/10) 	 Transactions: 66 (24 unique)   	 Time: 0.21442937850952148[0m
2025-06-26 14:50:09,104 - Analysis - INFO - [1mGeneration number 5 	 Code coverage: 98.91% (91/92) 	 Branch coverage: 100.00% (10/10) 	 Transactions: 84 (29 unique)   	 Time: 0.27040553092956543[0m
2025-06-26 14:50:09,159 - Analysis - INFO - [1mGeneration number 6 	 Code coverage: 98.91% (91/92) 	 Branch coverage: 100.00% (10/10) 	 Transactions: 102 (35 unique)   	 Time: 0.3252217769622803[0m
2025-06-26 14:50:09,213 - Analysis - INFO - [1mGeneration number 7 	 Code coverage: 98.91% (91/92) 	 Branch coverage: 100.00% (10/10) 	 Transactions: 120 (40 unique)   	 Time: 0.3787801265716553[0m
2025-06-26 14:50:09,266 - Analysis - INFO - [1mGeneration number 8 	 Code coverage: 98.91% (91/92) 	 Branch coverage: 100.00% (10/10) 	 Transactions: 138 (46 unique)   	 Time: 0.43170595169067383[0m
2025-06-26 14:50:09,319 - Analysis - INFO - [1mGeneration number 9 	 Code coverage: 98.91% (91/92) 	 Branch coverage: 100.00% (10/10) 	 Transactions: 156 (51 unique)   	 Time: 0.485029935836792[0m
2025-06-26 14:50:09,371 - Analysis - INFO - [1mGeneration number 10 	 Code coverage: 98.91% (91/92) 	 Branch coverage: 100.00% (10/10) 	 Transactions: 174 (56 unique)   	 Time: 0.5376005172729492[0m
2025-06-26 14:50:09,372 - Analysis - INFO - [1m-----------------------------------------------------[0m
2025-06-26 14:50:09,372 - Analysis - INFO - Number of generations: 	 10
2025-06-26 14:50:09,372 - Analysis - INFO - Number of transactions: 	 174 (56 unique)
2025-06-26 14:50:09,372 - Analysis - INFO - Transactions per second: 	 324
2025-06-26 14:50:09,372 - Analysis - INFO - Total code coverage: 	 98.91% (91/92)
2025-06-26 14:50:09,372 - Analysis - INFO - Total branch coverage: 	 100.00% (10/10)
2025-06-26 14:50:09,372 - Analysis - INFO - Total execution time: 	 0.54 seconds
2025-06-26 14:50:09,372 - Analysis - INFO - Total memory consumption: 	 55.48 MB

     ______            ______                _           
    / ____/___  ____  / ____/_  __________  (_)_  _______
   / /   / __ \/ __ \/ /_  / / / /_  /_  / / / / / / ___/
  / /___/ /_/ / / / / __/ / /_/ / / /_/ /_/ / /_/ (__  ) 
  \____/\____/_/ /_/_/    \__,_/ /___/___/_/\__,_/____/  

delteed file
