2025-09-21 15:46:36,162 - Main     - INFO - [1mInitializing seed to 1427655.0[0m
2025-09-21 15:46:36,237 - Fuzzer   - INFO - [1mFuzzing contract [1mPJRToken[0m[0m
2025-09-21 15:46:36,374 - Analysis - INFO - [1mGeneration number 0 	 Code coverage: 82.35% (1185/1439) 	 Branch coverage: 80.49% (66/82) 	 Transactions: 25 (24 unique)   	 Time: 0.1241006851196289[0m
2025-09-21 15:46:36,501 - Analysis - INFO - [1mGeneration number 1 	 Code coverage: 82.35% (1185/1439) 	 Branch coverage: 80.49% (66/82) 	 Transactions: 48 (37 unique)   	 Time: 0.2512340545654297[0m
2025-09-21 15:46:36,867 - Analysis - INFO - [1mGeneration number 2 	 Code coverage: 84.02% (1209/1439) 	 Branch coverage: 82.93% (68/82) 	 Transactions: 90 (54 unique)   	 Time: 0.6169543266296387[0m
2025-09-21 15:46:37,550 - Analysis - INFO - [1mGeneration number 3 	 Code coverage: 84.02% (1209/1439) 	 Branch coverage: 82.93% (68/82) 	 Transactions: 177 (77 unique)   	 Time: 1.300424575805664[0m
2025-09-21 15:46:38,410 - Analysis - INFO - [1mGeneration number 4 	 Code coverage: 84.02% (1209/1439) 	 Branch coverage: 82.93% (68/82) 	 Transactions: 277 (101 unique)   	 Time: 2.1599929332733154[0m
2025-09-21 15:46:39,506 - Analysis - INFO - [1mGeneration number 5 	 Code coverage: 84.02% (1209/1439) 	 Branch coverage: 82.93% (68/82) 	 Transactions: 391 (125 unique)   	 Time: 3.2559969425201416[0m
2025-09-21 15:46:40,651 - Analysis - INFO - [1mGeneration number 6 	 Code coverage: 84.02% (1209/1439) 	 Branch coverage: 82.93% (68/82) 	 Transactions: 505 (149 unique)   	 Time: 4.401155948638916[0m
2025-09-21 15:46:41,804 - Analysis - INFO - [1mGeneration number 7 	 Code coverage: 84.02% (1209/1439) 	 Branch coverage: 82.93% (68/82) 	 Transactions: 620 (173 unique)   	 Time: 5.553471326828003[0m
2025-09-21 15:46:43,011 - Analysis - INFO - [1mGeneration number 8 	 Code coverage: 84.02% (1209/1439) 	 Branch coverage: 82.93% (68/82) 	 Transactions: 736 (197 unique)   	 Time: 6.761168718338013[0m
2025-09-21 15:46:44,202 - Analysis - INFO - [1mGeneration number 9 	 Code coverage: 84.02% (1209/1439) 	 Branch coverage: 82.93% (68/82) 	 Transactions: 853 (221 unique)   	 Time: 7.951959133148193[0m
2025-09-21 15:46:45,428 - Analysis - INFO - [1mGeneration number 10 	 Code coverage: 84.02% (1209/1439) 	 Branch coverage: 82.93% (68/82) 	 Transactions: 971 (245 unique)   	 Time: 9.178403854370117[0m
2025-09-21 15:46:45,468 - Analysis - INFO - [1m-----------------------------------------------------[0m
2025-09-21 15:46:45,468 - Analysis - INFO - Number of generations: 	 10
2025-09-21 15:46:45,468 - Analysis - INFO - Number of transactions: 	 971 (245 unique)
2025-09-21 15:46:45,468 - Analysis - INFO - Transactions per second: 	 105
2025-09-21 15:46:45,468 - Analysis - INFO - Total code coverage: 	 84.02% (1209/1439)
2025-09-21 15:46:45,468 - Analysis - INFO - Total branch coverage: 	 82.93% (68/82)
2025-09-21 15:46:45,468 - Analysis - INFO - Total execution time: 	 9.22 seconds
2025-09-21 15:46:45,468 - Analysis - INFO - Total memory consumption: 	 67.95 MB
2025-09-21 15:46:45,470 - Fuzzer   - INFO - [1mFuzzing contract [1mStandardToken[0m[0m
2025-09-21 15:46:45,527 - Analysis - INFO - [1mGeneration number 0 	 Code coverage: 68.98% (427/619) 	 Branch coverage: 83.33% (30/36) 	 Transactions: 15 (14 unique)   	 Time: 0.05248737335205078[0m
2025-09-21 15:46:45,587 - Analysis - INFO - [1mGeneration number 1 	 Code coverage: 68.98% (427/619) 	 Branch coverage: 86.11% (31/36) 	 Transactions: 30 (23 unique)   	 Time: 0.11309576034545898[0m
2025-09-21 15:46:45,694 - Analysis - INFO - [1mGeneration number 2 	 Code coverage: 68.98% (427/619) 	 Branch coverage: 86.11% (31/36) 	 Transactions: 46 (29 unique)   	 Time: 0.21938109397888184[0m
2025-09-21 15:46:45,829 - Analysis - INFO - [1mGeneration number 3 	 Code coverage: 68.98% (427/619) 	 Branch coverage: 86.11% (31/36) 	 Transactions: 65 (36 unique)   	 Time: 0.35492897033691406[0m
2025-09-21 15:46:46,163 - Analysis - INFO - [1mGeneration number 4 	 Code coverage: 68.98% (427/619) 	 Branch coverage: 86.11% (31/36) 	 Transactions: 120 (48 unique)   	 Time: 0.6885366439819336[0m
2025-09-21 15:46:46,535 - Analysis - INFO - [1mGeneration number 5 	 Code coverage: 68.98% (427/619) 	 Branch coverage: 86.11% (31/36) 	 Transactions: 183 (61 unique)   	 Time: 1.060800552368164[0m
2025-09-21 15:46:46,906 - Analysis - INFO - [1mGeneration number 6 	 Code coverage: 68.98% (427/619) 	 Branch coverage: 86.11% (31/36) 	 Transactions: 246 (74 unique)   	 Time: 1.4317572116851807[0m
2025-09-21 15:46:47,291 - Analysis - INFO - [1mGeneration number 7 	 Code coverage: 68.98% (427/619) 	 Branch coverage: 86.11% (31/36) 	 Transactions: 311 (88 unique)   	 Time: 1.8164012432098389[0m
2025-09-21 15:46:47,672 - Analysis - INFO - [1mGeneration number 8 	 Code coverage: 68.98% (427/619) 	 Branch coverage: 86.11% (31/36) 	 Transactions: 374 (102 unique)   	 Time: 2.197798728942871[0m
2025-09-21 15:46:48,034 - Analysis - INFO - [1mGeneration number 9 	 Code coverage: 68.98% (427/619) 	 Branch coverage: 86.11% (31/36) 	 Transactions: 435 (115 unique)   	 Time: 2.560215473175049[0m
2025-09-21 15:46:48,393 - Analysis - INFO - [1mGeneration number 10 	 Code coverage: 68.98% (427/619) 	 Branch coverage: 86.11% (31/36) 	 Transactions: 495 (129 unique)   	 Time: 2.919163465499878[0m
2025-09-21 15:46:48,424 - Analysis - INFO - [1m-----------------------------------------------------[0m
2025-09-21 15:46:48,424 - Analysis - INFO - Number of generations: 	 10
2025-09-21 15:46:48,424 - Analysis - INFO - Number of transactions: 	 495 (129 unique)
2025-09-21 15:46:48,424 - Analysis - INFO - Transactions per second: 	 168
2025-09-21 15:46:48,424 - Analysis - INFO - Total code coverage: 	 68.98% (427/619)
2025-09-21 15:46:48,424 - Analysis - INFO - Total branch coverage: 	 86.11% (31/36)
2025-09-21 15:46:48,424 - Analysis - INFO - Total execution time: 	 2.95 seconds
2025-09-21 15:46:48,425 - Analysis - INFO - Total memory consumption: 	 67.95 MB
2025-09-21 15:46:48,426 - Fuzzer   - INFO - [1mFuzzing contract [1mToken[0m[0m
2025-09-21 15:46:48,475 - Analysis - INFO - [1mGeneration number 0 	 Code coverage: 99.51% (204/205) 	 Branch coverage: 100.00% (24/24) 	 Transactions: 15 (14 unique)   	 Time: 0.04529738426208496[0m
2025-09-21 15:46:48,511 - Analysis - INFO - [1mGeneration number 1 	 Code coverage: 99.51% (204/205) 	 Branch coverage: 100.00% (24/24) 	 Transactions: 26 (21 unique)   	 Time: 0.08102583885192871[0m
2025-09-21 15:46:48,548 - Analysis - INFO - [1mGeneration number 2 	 Code coverage: 99.51% (204/205) 	 Branch coverage: 100.00% (24/24) 	 Transactions: 37 (27 unique)   	 Time: 0.11867594718933105[0m
2025-09-21 15:46:48,583 - Analysis - INFO - [1mGeneration number 3 	 Code coverage: 99.51% (204/205) 	 Branch coverage: 100.00% (24/24) 	 Transactions: 48 (32 unique)   	 Time: 0.1534581184387207[0m
2025-09-21 15:46:48,612 - Analysis - INFO - [1mGeneration number 4 	 Code coverage: 99.51% (204/205) 	 Branch coverage: 100.00% (24/24) 	 Transactions: 57 (35 unique)   	 Time: 0.18249964714050293[0m
2025-09-21 15:46:48,648 - Analysis - INFO - [1mGeneration number 5 	 Code coverage: 99.51% (204/205) 	 Branch coverage: 100.00% (24/24) 	 Transactions: 68 (38 unique)   	 Time: 0.2187819480895996[0m
2025-09-21 15:46:48,689 - Analysis - INFO - [1mGeneration number 6 	 Code coverage: 99.51% (204/205) 	 Branch coverage: 100.00% (24/24) 	 Transactions: 80 (42 unique)   	 Time: 0.2592804431915283[0m
2025-09-21 15:46:48,721 - Analysis - INFO - [1mGeneration number 7 	 Code coverage: 99.51% (204/205) 	 Branch coverage: 100.00% (24/24) 	 Transactions: 89 (45 unique)   	 Time: 0.2912113666534424[0m
2025-09-21 15:46:48,754 - Analysis - INFO - [1mGeneration number 8 	 Code coverage: 99.51% (204/205) 	 Branch coverage: 100.00% (24/24) 	 Transactions: 99 (50 unique)   	 Time: 0.32427167892456055[0m
2025-09-21 15:46:48,775 - Analysis - INFO - [1mGeneration number 9 	 Code coverage: 99.51% (204/205) 	 Branch coverage: 100.00% (24/24) 	 Transactions: 106 (52 unique)   	 Time: 0.3458249568939209[0m
2025-09-21 15:46:48,790 - Analysis - INFO - [1mGeneration number 10 	 Code coverage: 99.51% (204/205) 	 Branch coverage: 100.00% (24/24) 	 Transactions: 111 (52 unique)   	 Time: 0.36014533042907715[0m
2025-09-21 15:46:48,790 - Analysis - INFO - [1m-----------------------------------------------------[0m
2025-09-21 15:46:48,790 - Analysis - INFO - Number of generations: 	 10
2025-09-21 15:46:48,790 - Analysis - INFO - Number of transactions: 	 111 (52 unique)
2025-09-21 15:46:48,790 - Analysis - INFO - Transactions per second: 	 308
2025-09-21 15:46:48,790 - Analysis - INFO - Total code coverage: 	 99.51% (204/205)
2025-09-21 15:46:48,790 - Analysis - INFO - Total branch coverage: 	 100.00% (24/24)
2025-09-21 15:46:48,790 - Analysis - INFO - Total execution time: 	 0.36 seconds
2025-09-21 15:46:48,790 - Analysis - INFO - Total memory consumption: 	 67.95 MB

     ______            ______                _           
    / ____/___  ____  / ____/_  __________  (_)_  _______
   / /   / __ \/ __ \/ /_  / / / /_  /_  / / / / / / ___/
  / /___/ /_/ / / / / __/ / /_/ / / /_/ /_/ / /_/ (__  ) 
  \____/\____/_/ /_/_/    \__,_/ /___/___/_/\__,_/____/  

delteed file
