2025-09-22 00:20:49,094 - Main     - INFO - [1mInitializing seed to 1427655.0[0m
2025-09-22 00:20:49,133 - Fuzzer   - INFO - [1mFuzzing contract [1mLowRiskBag[0m[0m
2025-09-22 00:20:49,206 - Detector - INFO - [1m[32m-----------------------------------------------------[0m
2025-09-22 00:20:49,206 - Detector - INFO - [1m[32m          !!! Block dependency detected !!!          [0m
2025-09-22 00:20:49,206 - Detector - INFO - [1m[32m-----------------------------------------------------[0m
2025-09-22 00:20:49,206 - Detector - INFO - [1m[32mSWC-ID:   120[0m
2025-09-22 00:20:49,206 - Detector - INFO - [1m[32mSeverity: Low[0m
2025-09-22 00:20:49,206 - Detector - INFO - [1m[32m-----------------------------------------------------[0m
2025-09-22 00:20:49,206 - Detector - INFO - [1m[32mSource code line:[0m
2025-09-22 00:20:49,206 - Detector - INFO - [1m[32m-----------------------------------------------------[0m
2025-09-22 00:20:49,206 - Detector - INFO - [1m[32m/sb/0x0a2d553217e92c6553334723f0669cc3f61fd569.sol:100:1[0m
2025-09-22 00:20:49,206 - Detector - INFO - [1m[32mblock.number[0m
2025-09-22 00:20:49,206 - Detector - INFO - [1m[32m-----------------------------------------------------[0m
2025-09-22 00:20:49,206 - Detector - INFO - [1m[32mTransaction sequence:[0m
2025-09-22 00:20:49,206 - Detector - INFO - [1m[32m-----------------------------------------------------[0m
2025-09-22 00:20:49,206 - Detector - INFO - [1m[32mTransaction - getCurrentData():[0m
2025-09-22 00:20:49,206 - Detector - INFO - [1m[32m-----------------------------------------------------[0m
2025-09-22 00:20:49,206 - Detector - INFO - [1m[32mFrom:      0xdeadbeefdeadbeefdeadbeefdeadbeefdeadbeef[0m
2025-09-22 00:20:49,206 - Detector - INFO - [1m[32mTo:        0x2c5e8a3b3aad9df32339409534e64dfcabcd3a65[0m
2025-09-22 00:20:49,206 - Detector - INFO - [1m[32mValue:     0 Wei[0m
2025-09-22 00:20:49,206 - Detector - INFO - [1m[32mGas Limit: 4500000[0m
2025-09-22 00:20:49,207 - Detector - INFO - [1m[32mInput:     0x770b5414[0m
2025-09-22 00:20:49,207 - Detector - INFO - [1m[32m-----------------------------------------------------[0m
2025-09-22 00:20:49,240 - Analysis - INFO - [1mGeneration number 0 	 Code coverage: 55.90% (602/1077) 	 Branch coverage: 55.68% (49/88) 	 Transactions: 21 (20 unique)   	 Time: 0.09594464302062988[0m
2025-09-22 00:20:49,394 - Analysis - INFO - [1mGeneration number 1 	 Code coverage: 62.12% (669/1077) 	 Branch coverage: 60.23% (53/88) 	 Transactions: 47 (32 unique)   	 Time: 0.24961161613464355[0m
2025-09-22 00:20:49,481 - Detector - INFO - [1m[31m-----------------------------------------------------[0m
2025-09-22 00:20:49,481 - Detector - INFO - [1m[31m          !!! Integer overflow detected !!!          [0m
2025-09-22 00:20:49,481 - Detector - INFO - [1m[31m-----------------------------------------------------[0m
2025-09-22 00:20:49,481 - Detector - INFO - [1m[31mSWC-ID:   101[0m
2025-09-22 00:20:49,481 - Detector - INFO - [1m[31mSeverity: High[0m
2025-09-22 00:20:49,481 - Detector - INFO - [1m[31m-----------------------------------------------------[0m
2025-09-22 00:20:49,481 - Detector - INFO - [1m[31mSource code line:[0m
2025-09-22 00:20:49,481 - Detector - INFO - [1m[31m-----------------------------------------------------[0m
2025-09-22 00:20:49,481 - Detector - INFO - [1m[31m/sb/0x0a2d553217e92c6553334723f0669cc3f61fd569.sol:98:1[0m
2025-09-22 00:20:49,481 - Detector - INFO - [1m[31mlastBuyBlock + newRoundDelay[0m
2025-09-22 00:20:49,481 - Detector - INFO - [1m[31m-----------------------------------------------------[0m
2025-09-22 00:20:49,482 - Detector - INFO - [1m[31mTransaction sequence:[0m
2025-09-22 00:20:49,482 - Detector - INFO - [1m[31m-----------------------------------------------------[0m
2025-09-22 00:20:49,482 - Detector - INFO - [1m[31mTransaction 1 - changeNewRoundDelay(uint256):[0m
2025-09-22 00:20:49,482 - Detector - INFO - [1m[31m-----------------------------------------------------[0m
2025-09-22 00:20:49,482 - Detector - INFO - [1m[31mFrom:      0xcafebabecafebabecafebabecafebabecafebabe[0m
2025-09-22 00:20:49,482 - Detector - INFO - [1m[31mTo:        0x2c5e8a3b3aad9df32339409534e64dfcabcd3a65[0m
2025-09-22 00:20:49,482 - Detector - INFO - [1m[31mValue:     0 Wei[0m
2025-09-22 00:20:49,482 - Detector - INFO - [1m[31mGas Limit: 4500000[0m
2025-09-22 00:20:49,482 - Detector - INFO - [1m[31mInput:     0x8c4af723ffffffffffffffffffffffffffffffff[0m
2025-09-22 00:20:49,482 - Detector - INFO - [1m[31m           fffffffffffffffffffffffffffffffd[0m
2025-09-22 00:20:49,482 - Detector - INFO - [1m[31m-----------------------------------------------------[0m
2025-09-22 00:20:49,482 - Detector - INFO - [1m[31mTransaction 2 - getBlocksToNextRound():[0m
2025-09-22 00:20:49,482 - Detector - INFO - [1m[31m-----------------------------------------------------[0m
2025-09-22 00:20:49,482 - Detector - INFO - [1m[31mFrom:      0xdeadbeefdeadbeefdeadbeefdeadbeefdeadbeef[0m
2025-09-22 00:20:49,482 - Detector - INFO - [1m[31mTo:        0x2c5e8a3b3aad9df32339409534e64dfcabcd3a65[0m
2025-09-22 00:20:49,482 - Detector - INFO - [1m[31mValue:     0 Wei[0m
2025-09-22 00:20:49,482 - Detector - INFO - [1m[31mGas Limit: 4500000[0m
2025-09-22 00:20:49,482 - Detector - INFO - [1m[31mInput:     0xdb9311c2[0m
2025-09-22 00:20:49,482 - Detector - INFO - [1m[31m-----------------------------------------------------[0m
2025-09-22 00:20:49,484 - Detector - INFO - [1m[32m-----------------------------------------------------[0m
2025-09-22 00:20:49,484 - Detector - INFO - [1m[32m          !!! Block dependency detected !!!          [0m
2025-09-22 00:20:49,484 - Detector - INFO - [1m[32m-----------------------------------------------------[0m
2025-09-22 00:20:49,484 - Detector - INFO - [1m[32mSWC-ID:   120[0m
2025-09-22 00:20:49,485 - Detector - INFO - [1m[32mSeverity: Low[0m
2025-09-22 00:20:49,485 - Detector - INFO - [1m[32m-----------------------------------------------------[0m
2025-09-22 00:20:49,485 - Detector - INFO - [1m[32mSource code line:[0m
2025-09-22 00:20:49,485 - Detector - INFO - [1m[32m-----------------------------------------------------[0m
2025-09-22 00:20:49,485 - Detector - INFO - [1m[32m/sb/0x0a2d553217e92c6553334723f0669cc3f61fd569.sol:98:1[0m
2025-09-22 00:20:49,485 - Detector - INFO - [1m[32mblock.number[0m
2025-09-22 00:20:49,485 - Detector - INFO - [1m[32m-----------------------------------------------------[0m
2025-09-22 00:20:49,485 - Detector - INFO - [1m[32mTransaction sequence:[0m
2025-09-22 00:20:49,485 - Detector - INFO - [1m[32m-----------------------------------------------------[0m
2025-09-22 00:20:49,485 - Detector - INFO - [1m[32mTransaction 1 - changeNewRoundDelay(uint256):[0m
2025-09-22 00:20:49,485 - Detector - INFO - [1m[32m-----------------------------------------------------[0m
2025-09-22 00:20:49,485 - Detector - INFO - [1m[32mFrom:      0xcafebabecafebabecafebabecafebabecafebabe[0m
2025-09-22 00:20:49,485 - Detector - INFO - [1m[32mTo:        0x2c5e8a3b3aad9df32339409534e64dfcabcd3a65[0m
2025-09-22 00:20:49,485 - Detector - INFO - [1m[32mValue:     0 Wei[0m
2025-09-22 00:20:49,485 - Detector - INFO - [1m[32mGas Limit: 4500000[0m
2025-09-22 00:20:49,485 - Detector - INFO - [1m[32mInput:     0x8c4af723ffffffffffffffffffffffffffffffff[0m
2025-09-22 00:20:49,485 - Detector - INFO - [1m[32m           fffffffffffffffffffffffffffffffd[0m
2025-09-22 00:20:49,485 - Detector - INFO - [1m[32m-----------------------------------------------------[0m
2025-09-22 00:20:49,485 - Detector - INFO - [1m[32mTransaction 2 - getBlocksToNextRound():[0m
2025-09-22 00:20:49,485 - Detector - INFO - [1m[32m-----------------------------------------------------[0m
2025-09-22 00:20:49,485 - Detector - INFO - [1m[32mFrom:      0xdeadbeefdeadbeefdeadbeefdeadbeefdeadbeef[0m
2025-09-22 00:20:49,485 - Detector - INFO - [1m[32mTo:        0x2c5e8a3b3aad9df32339409534e64dfcabcd3a65[0m
2025-09-22 00:20:49,485 - Detector - INFO - [1m[32mValue:     0 Wei[0m
2025-09-22 00:20:49,486 - Detector - INFO - [1m[32mGas Limit: 4500000[0m
2025-09-22 00:20:49,486 - Detector - INFO - [1m[32mInput:     0xdb9311c2[0m
2025-09-22 00:20:49,486 - Detector - INFO - [1m[32m-----------------------------------------------------[0m
2025-09-22 00:20:49,541 - Detector - INFO - [1m[31m-----------------------------------------------------[0m
2025-09-22 00:20:49,541 - Detector - INFO - [1m[31m          !!! Integer underflow detected !!!          [0m
2025-09-22 00:20:49,541 - Detector - INFO - [1m[31m-----------------------------------------------------[0m
2025-09-22 00:20:49,541 - Detector - INFO - [1m[31mSWC-ID:   101[0m
2025-09-22 00:20:49,541 - Detector - INFO - [1m[31mSeverity: High[0m
2025-09-22 00:20:49,541 - Detector - INFO - [1m[31m-----------------------------------------------------[0m
2025-09-22 00:20:49,541 - Detector - INFO - [1m[31mSource code line:[0m
2025-09-22 00:20:49,542 - Detector - INFO - [1m[31m-----------------------------------------------------[0m
2025-09-22 00:20:49,542 - Detector - INFO - [1m[31m/sb/0x0a2d553217e92c6553334723f0669cc3f61fd569.sol:131:1[0m
2025-09-22 00:20:49,542 - Detector - INFO - [1m[31mbalance -= tokenPrice.mul(50).div(110).mul(85).div(100)[0m
2025-09-22 00:20:49,542 - Detector - INFO - [1m[31m-----------------------------------------------------[0m
2025-09-22 00:20:49,542 - Detector - INFO - [1m[31mTransaction sequence:[0m
2025-09-22 00:20:49,542 - Detector - INFO - [1m[31m-----------------------------------------------------[0m
2025-09-22 00:20:49,542 - Detector - INFO - [1m[31mTransaction 1 - changeContractOwner(address):[0m
2025-09-22 00:20:49,542 - Detector - INFO - [1m[31m-----------------------------------------------------[0m
2025-09-22 00:20:49,542 - Detector - INFO - [1m[31mFrom:      0xdeadbeefdeadbeefdeadbeefdeadbeefdeadbeef[0m
2025-09-22 00:20:49,542 - Detector - INFO - [1m[31mTo:        0x2c5e8a3b3aad9df32339409534e64dfcabcd3a65[0m
2025-09-22 00:20:49,542 - Detector - INFO - [1m[31mValue:     1 Wei[0m
2025-09-22 00:20:49,542 - Detector - INFO - [1m[31mGas Limit: 4500000[0m
2025-09-22 00:20:49,542 - Detector - INFO - [1m[31mInput:     0x3ead67b5000000000000000000000000cafebabe[0m
2025-09-22 00:20:49,542 - Detector - INFO - [1m[31m           cafebabecafebabecafebabecafebabe[0m
2025-09-22 00:20:49,542 - Detector - INFO - [1m[31m-----------------------------------------------------[0m
2025-09-22 00:20:49,542 - Detector - INFO - [1m[31mTransaction 2 - changeStartPrice(uint256):[0m
2025-09-22 00:20:49,542 - Detector - INFO - [1m[31m-----------------------------------------------------[0m
2025-09-22 00:20:49,542 - Detector - INFO - [1m[31mFrom:      0xcafebabecafebabecafebabecafebabecafebabe[0m
2025-09-22 00:20:49,542 - Detector - INFO - [1m[31mTo:        0x2c5e8a3b3aad9df32339409534e64dfcabcd3a65[0m
2025-09-22 00:20:49,542 - Detector - INFO - [1m[31mValue:     0 Wei[0m
2025-09-22 00:20:49,542 - Detector - INFO - [1m[31mGas Limit: 4500000[0m
2025-09-22 00:20:49,542 - Detector - INFO - [1m[31mInput:     0xd11cd4c600000000000000000000000000000000[0m
2025-09-22 00:20:49,542 - Detector - INFO - [1m[31m           00000000000000000000000000000001[0m
2025-09-22 00:20:49,543 - Detector - INFO - [1m[31m-----------------------------------------------------[0m
2025-09-22 00:20:49,543 - Detector - INFO - [1m[31mTransaction 3 - payout(uint256):[0m
2025-09-22 00:20:49,543 - Detector - INFO - [1m[31m-----------------------------------------------------[0m
2025-09-22 00:20:49,543 - Detector - INFO - [1m[31mFrom:      0xcafebabecafebabecafebabecafebabecafebabe[0m
2025-09-22 00:20:49,543 - Detector - INFO - [1m[31mTo:        0x2c5e8a3b3aad9df32339409534e64dfcabcd3a65[0m
2025-09-22 00:20:49,543 - Detector - INFO - [1m[31mValue:     0 Wei[0m
2025-09-22 00:20:49,543 - Detector - INFO - [1m[31mGas Limit: 4500000[0m
2025-09-22 00:20:49,543 - Detector - INFO - [1m[31mInput:     0xe1152343d5ebc3769de97efdf74a44806cd787d9[0m
2025-09-22 00:20:49,543 - Detector - INFO - [1m[31m           27d94b3c17a6319945352e936ce6ef31[0m
2025-09-22 00:20:49,543 - Detector - INFO - [1m[31m-----------------------------------------------------[0m
2025-09-22 00:20:49,684 - Analysis - INFO - [1mGeneration number 2 	 Code coverage: 65.55% (706/1077) 	 Branch coverage: 67.05% (59/88) 	 Transactions: 84 (47 unique)   	 Time: 0.5397117137908936[0m
2025-09-22 00:20:50,168 - Analysis - INFO - [1mGeneration number 3 	 Code coverage: 65.83% (709/1077) 	 Branch coverage: 68.18% (60/88) 	 Transactions: 139 (65 unique)   	 Time: 1.0238299369812012[0m
2025-09-22 00:20:50,839 - Analysis - INFO - [1mGeneration number 4 	 Code coverage: 65.83% (709/1077) 	 Branch coverage: 68.18% (60/88) 	 Transactions: 212 (82 unique)   	 Time: 1.6944270133972168[0m
2025-09-22 00:20:51,623 - Analysis - INFO - [1mGeneration number 5 	 Code coverage: 65.83% (709/1077) 	 Branch coverage: 68.18% (60/88) 	 Transactions: 282 (98 unique)   	 Time: 2.4783825874328613[0m
2025-09-22 00:20:52,481 - Analysis - INFO - [1mGeneration number 6 	 Code coverage: 65.83% (709/1077) 	 Branch coverage: 68.18% (60/88) 	 Transactions: 357 (114 unique)   	 Time: 3.336371421813965[0m
2025-09-22 00:20:53,272 - Analysis - INFO - [1mGeneration number 7 	 Code coverage: 65.83% (709/1077) 	 Branch coverage: 68.18% (60/88) 	 Transactions: 437 (131 unique)   	 Time: 4.127432584762573[0m
2025-09-22 00:20:54,114 - Analysis - INFO - [1mGeneration number 8 	 Code coverage: 65.83% (709/1077) 	 Branch coverage: 68.18% (60/88) 	 Transactions: 520 (149 unique)   	 Time: 4.969841003417969[0m
2025-09-22 00:20:54,819 - Analysis - INFO - [1mGeneration number 9 	 Code coverage: 65.83% (709/1077) 	 Branch coverage: 68.18% (60/88) 	 Transactions: 590 (165 unique)   	 Time: 5.674463510513306[0m
2025-09-22 00:20:55,573 - Analysis - INFO - [1mGeneration number 10 	 Code coverage: 65.83% (709/1077) 	 Branch coverage: 68.18% (60/88) 	 Transactions: 662 (184 unique)   	 Time: 6.429014682769775[0m
2025-09-22 00:20:56,268 - Analysis - INFO - [1mGeneration number 11 	 Code coverage: 65.83% (709/1077) 	 Branch coverage: 68.18% (60/88) 	 Transactions: 734 (200 unique)   	 Time: 7.123345375061035[0m
2025-09-22 00:20:57,101 - Analysis - INFO - [1mGeneration number 12 	 Code coverage: 65.83% (709/1077) 	 Branch coverage: 68.18% (60/88) 	 Transactions: 818 (219 unique)   	 Time: 7.956969499588013[0m
2025-09-22 00:20:57,917 - Analysis - INFO - [1mGeneration number 13 	 Code coverage: 65.83% (709/1077) 	 Branch coverage: 68.18% (60/88) 	 Transactions: 906 (237 unique)   	 Time: 8.772728443145752[0m
2025-09-22 00:20:58,720 - Analysis - INFO - [1mGeneration number 14 	 Code coverage: 65.83% (709/1077) 	 Branch coverage: 68.18% (60/88) 	 Transactions: 994 (256 unique)   	 Time: 9.575402975082397[0m
2025-09-22 00:20:59,100 - Analysis - INFO - [1mGeneration number 15 	 Code coverage: 79.57% (857/1077) 	 Branch coverage: 78.41% (69/88) 	 Transactions: 1038 (279 unique)   	 Time: 9.955527067184448[0m
2025-09-22 00:20:59,326 - Detector - INFO - [1m[32m-----------------------------------------------------[0m
2025-09-22 00:20:59,326 - Detector - INFO - [1m[32m          !!! Block dependency detected !!!          [0m
2025-09-22 00:20:59,326 - Detector - INFO - [1m[32m-----------------------------------------------------[0m
2025-09-22 00:20:59,326 - Detector - INFO - [1m[32mSWC-ID:   120[0m
2025-09-22 00:20:59,326 - Detector - INFO - [1m[32mSeverity: Low[0m
2025-09-22 00:20:59,326 - Detector - INFO - [1m[32m-----------------------------------------------------[0m
2025-09-22 00:20:59,326 - Detector - INFO - [1m[32mSource code line:[0m
2025-09-22 00:20:59,326 - Detector - INFO - [1m[32m-----------------------------------------------------[0m
2025-09-22 00:20:59,326 - Detector - INFO - [1m[32m/sb/0x0a2d553217e92c6553334723f0669cc3f61fd569.sol:88:1[0m
2025-09-22 00:20:59,326 - Detector - INFO - [1m[32mblock.number[0m
2025-09-22 00:20:59,326 - Detector - INFO - [1m[32m-----------------------------------------------------[0m
2025-09-22 00:20:59,326 - Detector - INFO - [1m[32mTransaction sequence:[0m
2025-09-22 00:20:59,326 - Detector - INFO - [1m[32m-----------------------------------------------------[0m
2025-09-22 00:20:59,326 - Detector - INFO - [1m[32mTransaction 1 - changeNewRoundDelay(uint256):[0m
2025-09-22 00:20:59,326 - Detector - INFO - [1m[32m-----------------------------------------------------[0m
2025-09-22 00:20:59,327 - Detector - INFO - [1m[32mFrom:      0xdeadbeefdeadbeefdeadbeefdeadbeefdeadbeef[0m
2025-09-22 00:20:59,327 - Detector - INFO - [1m[32mTo:        0x2c5e8a3b3aad9df32339409534e64dfcabcd3a65[0m
2025-09-22 00:20:59,327 - Detector - INFO - [1m[32mValue:     0 Wei[0m
2025-09-22 00:20:59,327 - Detector - INFO - [1m[32mGas Limit: 4500000[0m
2025-09-22 00:20:59,327 - Detector - INFO - [1m[32mInput:     0x8c4af723b29812471c8ebc731fe0ee07f1fdba58[0m
2025-09-22 00:20:59,327 - Detector - INFO - [1m[32m           7650d323f595b31b8708204c21b861e1[0m
2025-09-22 00:20:59,327 - Detector - INFO - [1m[32m-----------------------------------------------------[0m
2025-09-22 00:20:59,327 - Detector - INFO - [1m[32mTransaction 2 - getCurrentData():[0m
2025-09-22 00:20:59,327 - Detector - INFO - [1m[32m-----------------------------------------------------[0m
2025-09-22 00:20:59,327 - Detector - INFO - [1m[32mFrom:      0xdeadbeefdeadbeefdeadbeefdeadbeefdeadbeef[0m
2025-09-22 00:20:59,327 - Detector - INFO - [1m[32mTo:        0x2c5e8a3b3aad9df32339409534e64dfcabcd3a65[0m
2025-09-22 00:20:59,327 - Detector - INFO - [1m[32mValue:     0 Wei[0m
2025-09-22 00:20:59,327 - Detector - INFO - [1m[32mGas Limit: 4500000[0m
2025-09-22 00:20:59,327 - Detector - INFO - [1m[32mInput:     0x770b5414[0m
2025-09-22 00:20:59,327 - Detector - INFO - [1m[32m-----------------------------------------------------[0m
2025-09-22 00:20:59,327 - Detector - INFO - [1m[32mTransaction 3 - buyToken():[0m
2025-09-22 00:20:59,327 - Detector - INFO - [1m[32m-----------------------------------------------------[0m
2025-09-22 00:20:59,327 - Detector - INFO - [1m[32mFrom:      0xdeadbeefdeadbeefdeadbeefdeadbeefdeadbeef[0m
2025-09-22 00:20:59,327 - Detector - INFO - [1m[32mTo:        0x2c5e8a3b3aad9df32339409534e64dfcabcd3a65[0m
2025-09-22 00:20:59,327 - Detector - INFO - [1m[32mValue:     1000000000000000 Wei[0m
2025-09-22 00:20:59,327 - Detector - INFO - [1m[32mGas Limit: 4500000[0m
2025-09-22 00:20:59,327 - Detector - INFO - [1m[32mInput:     0xa4821719[0m
2025-09-22 00:20:59,328 - Detector - INFO - [1m[32m-----------------------------------------------------[0m
2025-09-22 00:20:59,328 - Detector - INFO - [1m[32mTransaction 4 - finishRound():[0m
2025-09-22 00:20:59,328 - Detector - INFO - [1m[32m-----------------------------------------------------[0m
2025-09-22 00:20:59,328 - Detector - INFO - [1m[32mFrom:      0xcafebabecafebabecafebabecafebabecafebabe[0m
2025-09-22 00:20:59,328 - Detector - INFO - [1m[32mTo:        0x2c5e8a3b3aad9df32339409534e64dfcabcd3a65[0m
2025-09-22 00:20:59,328 - Detector - INFO - [1m[32mValue:     0 Wei[0m
2025-09-22 00:20:59,328 - Detector - INFO - [1m[32mGas Limit: 4500000[0m
2025-09-22 00:20:59,328 - Detector - INFO - [1m[32mInput:     0x547916ea[0m
2025-09-22 00:20:59,328 - Detector - INFO - [1m[32m-----------------------------------------------------[0m
2025-09-22 00:20:59,589 - Analysis - INFO - [1mGeneration number 16 	 Code coverage: 79.57% (857/1077) 	 Branch coverage: 78.41% (69/88) 	 Transactions: 1086 (292 unique)   	 Time: 10.444287061691284[0m
2025-09-22 00:20:59,780 - Detector - INFO - [1m[32m-----------------------------------------------------[0m
2025-09-22 00:20:59,780 - Detector - INFO - [1m[32m          !!! Block dependency detected !!!          [0m
2025-09-22 00:20:59,780 - Detector - INFO - [1m[32m-----------------------------------------------------[0m
2025-09-22 00:20:59,780 - Detector - INFO - [1m[32mSWC-ID:   120[0m
2025-09-22 00:20:59,780 - Detector - INFO - [1m[32mSeverity: Low[0m
2025-09-22 00:20:59,780 - Detector - INFO - [1m[32m-----------------------------------------------------[0m
2025-09-22 00:20:59,780 - Detector - INFO - [1m[32mSource code line:[0m
2025-09-22 00:20:59,780 - Detector - INFO - [1m[32m-----------------------------------------------------[0m
2025-09-22 00:20:59,780 - Detector - INFO - [1m[32m/sb/0x0a2d553217e92c6553334723f0669cc3f61fd569.sol:118:1[0m
2025-09-22 00:20:59,780 - Detector - INFO - [1m[32mblock.number[0m
2025-09-22 00:20:59,780 - Detector - INFO - [1m[32m-----------------------------------------------------[0m
2025-09-22 00:20:59,780 - Detector - INFO - [1m[32mTransaction sequence:[0m
2025-09-22 00:20:59,780 - Detector - INFO - [1m[32m-----------------------------------------------------[0m
2025-09-22 00:20:59,780 - Detector - INFO - [1m[32mTransaction 1 - buyToken():[0m
2025-09-22 00:20:59,780 - Detector - INFO - [1m[32m-----------------------------------------------------[0m
2025-09-22 00:20:59,780 - Detector - INFO - [1m[32mFrom:      0xdeadbeefdeadbeefdeadbeefdeadbeefdeadbeef[0m
2025-09-22 00:20:59,780 - Detector - INFO - [1m[32mTo:        0x2c5e8a3b3aad9df32339409534e64dfcabcd3a65[0m
2025-09-22 00:20:59,780 - Detector - INFO - [1m[32mValue:     1000000000000000 Wei[0m
2025-09-22 00:20:59,780 - Detector - INFO - [1m[32mGas Limit: 4500000[0m
2025-09-22 00:20:59,780 - Detector - INFO - [1m[32mInput:     0xa4821719[0m
2025-09-22 00:20:59,780 - Detector - INFO - [1m[32m-----------------------------------------------------[0m
2025-09-22 00:20:59,780 - Detector - INFO - [1m[32mTransaction 2 - finishRound():[0m
2025-09-22 00:20:59,781 - Detector - INFO - [1m[32m-----------------------------------------------------[0m
2025-09-22 00:20:59,781 - Detector - INFO - [1m[32mFrom:      0xcafebabecafebabecafebabecafebabecafebabe[0m
2025-09-22 00:20:59,781 - Detector - INFO - [1m[32mTo:        0x2c5e8a3b3aad9df32339409534e64dfcabcd3a65[0m
2025-09-22 00:20:59,781 - Detector - INFO - [1m[32mValue:     0 Wei[0m
2025-09-22 00:20:59,781 - Detector - INFO - [1m[32mGas Limit: 4500000[0m
2025-09-22 00:20:59,781 - Detector - INFO - [1m[32mInput:     0x547916ea[0m
2025-09-22 00:20:59,781 - Detector - INFO - [1m[32m-----------------------------------------------------[0m
2025-09-22 00:20:59,781 - Detector - INFO - [1m[32mTransaction 3 - changeNewRoundDelay(uint256):[0m
2025-09-22 00:20:59,781 - Detector - INFO - [1m[32m-----------------------------------------------------[0m
2025-09-22 00:20:59,781 - Detector - INFO - [1m[32mFrom:      0xdeadbeefdeadbeefdeadbeefdeadbeefdeadbeef[0m
2025-09-22 00:20:59,781 - Detector - INFO - [1m[32mTo:        0x2c5e8a3b3aad9df32339409534e64dfcabcd3a65[0m
2025-09-22 00:20:59,781 - Detector - INFO - [1m[32mValue:     0 Wei[0m
2025-09-22 00:20:59,781 - Detector - INFO - [1m[32mGas Limit: 4500000[0m
2025-09-22 00:20:59,781 - Detector - INFO - [1m[32mInput:     0x8c4af723ffffffffffffffffffffffffffffffff[0m
2025-09-22 00:20:59,781 - Detector - INFO - [1m[32m           fffffffffffffffffffffffffffffffe[0m
2025-09-22 00:20:59,781 - Detector - INFO - [1m[32m-----------------------------------------------------[0m
2025-09-22 00:20:59,781 - Detector - INFO - [1m[32mTransaction 4 - getCurrentData():[0m
2025-09-22 00:20:59,781 - Detector - INFO - [1m[32m-----------------------------------------------------[0m
2025-09-22 00:20:59,781 - Detector - INFO - [1m[32mFrom:      0xdeadbeefdeadbeefdeadbeefdeadbeefdeadbeef[0m
2025-09-22 00:20:59,781 - Detector - INFO - [1m[32mTo:        0x2c5e8a3b3aad9df32339409534e64dfcabcd3a65[0m
2025-09-22 00:20:59,781 - Detector - INFO - [1m[32mValue:     0 Wei[0m
2025-09-22 00:20:59,781 - Detector - INFO - [1m[32mGas Limit: 4500000[0m
2025-09-22 00:20:59,781 - Detector - INFO - [1m[32mInput:     0x770b5414[0m
2025-09-22 00:20:59,782 - Detector - INFO - [1m[32m-----------------------------------------------------[0m
2025-09-22 00:21:00,383 - Analysis - INFO - [1mGeneration number 17 	 Code coverage: 90.90% (979/1077) 	 Branch coverage: 84.09% (74/88) 	 Transactions: 1148 (307 unique)   	 Time: 11.238343954086304[0m
2025-09-22 00:21:00,788 - Detector - INFO - [1m[31m-----------------------------------------------------[0m
2025-09-22 00:21:00,788 - Detector - INFO - [1m[31m          !!! Integer overflow detected !!!          [0m
2025-09-22 00:21:00,788 - Detector - INFO - [1m[31m-----------------------------------------------------[0m
2025-09-22 00:21:00,788 - Detector - INFO - [1m[31mSWC-ID:   101[0m
2025-09-22 00:21:00,788 - Detector - INFO - [1m[31mSeverity: High[0m
2025-09-22 00:21:00,788 - Detector - INFO - [1m[31m-----------------------------------------------------[0m
2025-09-22 00:21:00,788 - Detector - INFO - [1m[31mSource code line:[0m
2025-09-22 00:21:00,788 - Detector - INFO - [1m[31m-----------------------------------------------------[0m
2025-09-22 00:21:00,788 - Detector - INFO - [1m[31m/sb/0x0a2d553217e92c6553334723f0669cc3f61fd569.sol:117:1[0m
2025-09-22 00:21:00,788 - Detector - INFO - [1m[31mlastBuyBlock + newRoundDelay[0m
2025-09-22 00:21:00,788 - Detector - INFO - [1m[31m-----------------------------------------------------[0m
2025-09-22 00:21:00,788 - Detector - INFO - [1m[31mTransaction sequence:[0m
2025-09-22 00:21:00,788 - Detector - INFO - [1m[31m-----------------------------------------------------[0m
2025-09-22 00:21:00,788 - Detector - INFO - [1m[31mTransaction 1 - changeNewRoundDelay(uint256):[0m
2025-09-22 00:21:00,788 - Detector - INFO - [1m[31m-----------------------------------------------------[0m
2025-09-22 00:21:00,788 - Detector - INFO - [1m[31mFrom:      0xcafebabecafebabecafebabecafebabecafebabe[0m
2025-09-22 00:21:00,788 - Detector - INFO - [1m[31mTo:        0x2c5e8a3b3aad9df32339409534e64dfcabcd3a65[0m
2025-09-22 00:21:00,788 - Detector - INFO - [1m[31mValue:     0 Wei[0m
2025-09-22 00:21:00,788 - Detector - INFO - [1m[31mGas Limit: 4500000[0m
2025-09-22 00:21:00,789 - Detector - INFO - [1m[31mInput:     0x8c4af723ffffffffffffffffffffffffffffffff[0m
2025-09-22 00:21:00,789 - Detector - INFO - [1m[31m           fffffffffffffffffffffffffffffffd[0m
2025-09-22 00:21:00,789 - Detector - INFO - [1m[31m-----------------------------------------------------[0m
2025-09-22 00:21:00,789 - Detector - INFO - [1m[31mTransaction 2 - getCurrentData():[0m
2025-09-22 00:21:00,789 - Detector - INFO - [1m[31m-----------------------------------------------------[0m
2025-09-22 00:21:00,789 - Detector - INFO - [1m[31mFrom:      0xdeadbeefdeadbeefdeadbeefdeadbeefdeadbeef[0m
2025-09-22 00:21:00,789 - Detector - INFO - [1m[31mTo:        0x2c5e8a3b3aad9df32339409534e64dfcabcd3a65[0m
2025-09-22 00:21:00,789 - Detector - INFO - [1m[31mValue:     0 Wei[0m
2025-09-22 00:21:00,789 - Detector - INFO - [1m[31mGas Limit: 4500000[0m
2025-09-22 00:21:00,789 - Detector - INFO - [1m[31mInput:     0x770b5414[0m
2025-09-22 00:21:00,789 - Detector - INFO - [1m[31m-----------------------------------------------------[0m
2025-09-22 00:21:00,789 - Detector - INFO - [1m[31mTransaction 3 - buyToken():[0m
2025-09-22 00:21:00,789 - Detector - INFO - [1m[31m-----------------------------------------------------[0m
2025-09-22 00:21:00,789 - Detector - INFO - [1m[31mFrom:      0xdeadbeefdeadbeefdeadbeefdeadbeefdeadbeef[0m
2025-09-22 00:21:00,789 - Detector - INFO - [1m[31mTo:        0x2c5e8a3b3aad9df32339409534e64dfcabcd3a65[0m
2025-09-22 00:21:00,789 - Detector - INFO - [1m[31mValue:     1000000000008192 Wei[0m
2025-09-22 00:21:00,789 - Detector - INFO - [1m[31mGas Limit: 4500000[0m
2025-09-22 00:21:00,789 - Detector - INFO - [1m[31mInput:     0xa4821719[0m
2025-09-22 00:21:00,789 - Detector - INFO - [1m[31m-----------------------------------------------------[0m
2025-09-22 00:21:00,789 - Detector - INFO - [1m[31mTransaction 4 - finishRound():[0m
2025-09-22 00:21:00,789 - Detector - INFO - [1m[31m-----------------------------------------------------[0m
2025-09-22 00:21:00,789 - Detector - INFO - [1m[31mFrom:      0xcafebabecafebabecafebabecafebabecafebabe[0m
2025-09-22 00:21:00,789 - Detector - INFO - [1m[31mTo:        0x2c5e8a3b3aad9df32339409534e64dfcabcd3a65[0m
2025-09-22 00:21:00,789 - Detector - INFO - [1m[31mValue:     0 Wei[0m
2025-09-22 00:21:00,789 - Detector - INFO - [1m[31mGas Limit: 4500000[0m
2025-09-22 00:21:00,789 - Detector - INFO - [1m[31mInput:     0x547916ea[0m
2025-09-22 00:21:00,789 - Detector - INFO - [1m[31m-----------------------------------------------------[0m
2025-09-22 00:21:01,310 - Analysis - INFO - [1mGeneration number 18 	 Code coverage: 91.27% (983/1077) 	 Branch coverage: 85.23% (75/88) 	 Transactions: 1220 (323 unique)   	 Time: 12.16554856300354[0m
2025-09-22 00:21:01,386 - Detector - INFO - [1m[33m-----------------------------------------------------[0m
2025-09-22 00:21:01,386 - Detector - INFO - [1m[33m    !!! Transaction order dependency detected !!!    [0m
2025-09-22 00:21:01,386 - Detector - INFO - [1m[33m-----------------------------------------------------[0m
2025-09-22 00:21:01,386 - Detector - INFO - [1m[33mSWC-ID:   114[0m
2025-09-22 00:21:01,386 - Detector - INFO - [1m[33mSeverity: Medium[0m
2025-09-22 00:21:01,386 - Detector - INFO - [1m[33m-----------------------------------------------------[0m
2025-09-22 00:21:01,386 - Detector - INFO - [1m[33mSource code line:[0m
2025-09-22 00:21:01,386 - Detector - INFO - [1m[33m-----------------------------------------------------[0m
2025-09-22 00:21:01,387 - Detector - INFO - [1m[33m/sb/0x0a2d553217e92c6553334723f0669cc3f61fd569.sol:87:1[0m
2025-09-22 00:21:01,387 - Detector - INFO - [1m[33mtokenOwner = msg.sender[0m
2025-09-22 00:21:01,387 - Detector - INFO - [1m[33m-----------------------------------------------------[0m
2025-09-22 00:21:01,387 - Detector - INFO - [1m[33mTransaction sequence:[0m
2025-09-22 00:21:01,387 - Detector - INFO - [1m[33m-----------------------------------------------------[0m
2025-09-22 00:21:01,387 - Detector - INFO - [1m[33mTransaction 1 - changeNewRoundDelay(uint256):[0m
2025-09-22 00:21:01,387 - Detector - INFO - [1m[33m-----------------------------------------------------[0m
2025-09-22 00:21:01,387 - Detector - INFO - [1m[33mFrom:      0xdeadbeefdeadbeefdeadbeefdeadbeefdeadbeef[0m
2025-09-22 00:21:01,387 - Detector - INFO - [1m[33mTo:        0x2c5e8a3b3aad9df32339409534e64dfcabcd3a65[0m
2025-09-22 00:21:01,387 - Detector - INFO - [1m[33mValue:     0 Wei[0m
2025-09-22 00:21:01,387 - Detector - INFO - [1m[33mGas Limit: 4500000[0m
2025-09-22 00:21:01,387 - Detector - INFO - [1m[33mInput:     0x8c4af723a2e6a908a7d1ce1cbadbbb76ef0b323c[0m
2025-09-22 00:21:01,387 - Detector - INFO - [1m[33m           361c16f82620db62c6b3f14c86252f28[0m
2025-09-22 00:21:01,387 - Detector - INFO - [1m[33m-----------------------------------------------------[0m
2025-09-22 00:21:01,387 - Detector - INFO - [1m[33mTransaction 2 - getCurrentData():[0m
2025-09-22 00:21:01,387 - Detector - INFO - [1m[33m-----------------------------------------------------[0m
2025-09-22 00:21:01,387 - Detector - INFO - [1m[33mFrom:      0xcafebabecafebabecafebabecafebabecafebabe[0m
2025-09-22 00:21:01,387 - Detector - INFO - [1m[33mTo:        0x2c5e8a3b3aad9df32339409534e64dfcabcd3a65[0m
2025-09-22 00:21:01,387 - Detector - INFO - [1m[33mValue:     0 Wei[0m
2025-09-22 00:21:01,387 - Detector - INFO - [1m[33mGas Limit: 4500000[0m
2025-09-22 00:21:01,387 - Detector - INFO - [1m[33mInput:     0x770b5414[0m
2025-09-22 00:21:01,388 - Detector - INFO - [1m[33m-----------------------------------------------------[0m
2025-09-22 00:21:01,388 - Detector - INFO - [1m[33mTransaction 3 - buyToken():[0m
2025-09-22 00:21:01,388 - Detector - INFO - [1m[33m-----------------------------------------------------[0m
2025-09-22 00:21:01,388 - Detector - INFO - [1m[33mFrom:      0xdeadbeefdeadbeefdeadbeefdeadbeefdeadbeef[0m
2025-09-22 00:21:01,388 - Detector - INFO - [1m[33mTo:        0x2c5e8a3b3aad9df32339409534e64dfcabcd3a65[0m
2025-09-22 00:21:01,388 - Detector - INFO - [1m[33mValue:     1000000000000000 Wei[0m
2025-09-22 00:21:01,388 - Detector - INFO - [1m[33mGas Limit: 4500000[0m
2025-09-22 00:21:01,388 - Detector - INFO - [1m[33mInput:     0xa4821719[0m
2025-09-22 00:21:01,388 - Detector - INFO - [1m[33m-----------------------------------------------------[0m
2025-09-22 00:21:01,388 - Detector - INFO - [1m[33mTransaction 4 - finishRound():[0m
2025-09-22 00:21:01,388 - Detector - INFO - [1m[33m-----------------------------------------------------[0m
2025-09-22 00:21:01,388 - Detector - INFO - [1m[33mFrom:      0xcafebabecafebabecafebabecafebabecafebabe[0m
2025-09-22 00:21:01,388 - Detector - INFO - [1m[33mTo:        0x2c5e8a3b3aad9df32339409534e64dfcabcd3a65[0m
2025-09-22 00:21:01,388 - Detector - INFO - [1m[33mValue:     0 Wei[0m
2025-09-22 00:21:01,388 - Detector - INFO - [1m[33mGas Limit: 4500000[0m
2025-09-22 00:21:01,388 - Detector - INFO - [1m[33mInput:     0x547916ea[0m
2025-09-22 00:21:01,388 - Detector - INFO - [1m[33m-----------------------------------------------------[0m
2025-09-22 00:21:01,388 - Detector - INFO - [1m[33mTransaction 5 - finishRound():[0m
2025-09-22 00:21:01,388 - Detector - INFO - [1m[33m-----------------------------------------------------[0m
2025-09-22 00:21:01,388 - Detector - INFO - [1m[33mFrom:      0xdeadbeefdeadbeefdeadbeefdeadbeefdeadbeef[0m
2025-09-22 00:21:01,388 - Detector - INFO - [1m[33mTo:        0x2c5e8a3b3aad9df32339409534e64dfcabcd3a65[0m
2025-09-22 00:21:01,388 - Detector - INFO - [1m[33mValue:     0 Wei[0m
2025-09-22 00:21:01,389 - Detector - INFO - [1m[33mGas Limit: 4500000[0m
2025-09-22 00:21:01,389 - Detector - INFO - [1m[33mInput:     0x547916ea[0m
2025-09-22 00:21:01,389 - Detector - INFO - [1m[33m-----------------------------------------------------[0m
2025-09-22 00:21:01,687 - Detector - INFO - [1m[33m-----------------------------------------------------[0m
2025-09-22 00:21:01,687 - Detector - INFO - [1m[33m    !!! Transaction order dependency detected !!!    [0m
2025-09-22 00:21:01,687 - Detector - INFO - [1m[33m-----------------------------------------------------[0m
2025-09-22 00:21:01,687 - Detector - INFO - [1m[33mSWC-ID:   114[0m
2025-09-22 00:21:01,687 - Detector - INFO - [1m[33mSeverity: Medium[0m
2025-09-22 00:21:01,687 - Detector - INFO - [1m[33m-----------------------------------------------------[0m
2025-09-22 00:21:01,688 - Detector - INFO - [1m[33mSource code line:[0m
2025-09-22 00:21:01,688 - Detector - INFO - [1m[33m-----------------------------------------------------[0m
2025-09-22 00:21:01,688 - Detector - INFO - [1m[33m/sb/0x0a2d553217e92c6553334723f0669cc3f61fd569.sol:72:1[0m
2025-09-22 00:21:01,688 - Detector - INFO - [1m[33mnewRoundDelay = delay[0m
2025-09-22 00:21:01,688 - Detector - INFO - [1m[33m-----------------------------------------------------[0m
2025-09-22 00:21:01,688 - Detector - INFO - [1m[33mTransaction sequence:[0m
2025-09-22 00:21:01,688 - Detector - INFO - [1m[33m-----------------------------------------------------[0m
2025-09-22 00:21:01,688 - Detector - INFO - [1m[33mTransaction 1 - changeNewRoundDelay(uint256):[0m
2025-09-22 00:21:01,688 - Detector - INFO - [1m[33m-----------------------------------------------------[0m
2025-09-22 00:21:01,688 - Detector - INFO - [1m[33mFrom:      0xcafebabecafebabecafebabecafebabecafebabe[0m
2025-09-22 00:21:01,688 - Detector - INFO - [1m[33mTo:        0x2c5e8a3b3aad9df32339409534e64dfcabcd3a65[0m
2025-09-22 00:21:01,688 - Detector - INFO - [1m[33mValue:     0 Wei[0m
2025-09-22 00:21:01,688 - Detector - INFO - [1m[33mGas Limit: 4500000[0m
2025-09-22 00:21:01,688 - Detector - INFO - [1m[33mInput:     0x8c4af723ffffffffffffffffffffffffffffffff[0m
2025-09-22 00:21:01,688 - Detector - INFO - [1m[33m           ffffffffffffffffffffffffffffffff[0m
2025-09-22 00:21:01,688 - Detector - INFO - [1m[33m-----------------------------------------------------[0m
2025-09-22 00:21:01,688 - Detector - INFO - [1m[33mTransaction 2 - getCurrentData():[0m
2025-09-22 00:21:01,688 - Detector - INFO - [1m[33m-----------------------------------------------------[0m
2025-09-22 00:21:01,689 - Detector - INFO - [1m[33mFrom:      0xcafebabecafebabecafebabecafebabecafebabe[0m
2025-09-22 00:21:01,689 - Detector - INFO - [1m[33mTo:        0x2c5e8a3b3aad9df32339409534e64dfcabcd3a65[0m
2025-09-22 00:21:01,689 - Detector - INFO - [1m[33mValue:     0 Wei[0m
2025-09-22 00:21:01,689 - Detector - INFO - [1m[33mGas Limit: 4500000[0m
2025-09-22 00:21:01,689 - Detector - INFO - [1m[33mInput:     0x770b5414[0m
2025-09-22 00:21:01,689 - Detector - INFO - [1m[33m-----------------------------------------------------[0m
2025-09-22 00:21:01,689 - Detector - INFO - [1m[33mTransaction 3 - buyToken():[0m
2025-09-22 00:21:01,689 - Detector - INFO - [1m[33m-----------------------------------------------------[0m
2025-09-22 00:21:01,689 - Detector - INFO - [1m[33mFrom:      0xdeadbeefdeadbeefdeadbeefdeadbeefdeadbeef[0m
2025-09-22 00:21:01,689 - Detector - INFO - [1m[33mTo:        0x2c5e8a3b3aad9df32339409534e64dfcabcd3a65[0m
2025-09-22 00:21:01,689 - Detector - INFO - [1m[33mValue:     1000000000000000 Wei[0m
2025-09-22 00:21:01,689 - Detector - INFO - [1m[33mGas Limit: 4500000[0m
2025-09-22 00:21:01,689 - Detector - INFO - [1m[33mInput:     0xa4821719[0m
2025-09-22 00:21:01,689 - Detector - INFO - [1m[33m-----------------------------------------------------[0m
2025-09-22 00:21:01,689 - Detector - INFO - [1m[33mTransaction 4 - finishRound():[0m
2025-09-22 00:21:01,689 - Detector - INFO - [1m[33m-----------------------------------------------------[0m
2025-09-22 00:21:01,689 - Detector - INFO - [1m[33mFrom:      0xcafebabecafebabecafebabecafebabecafebabe[0m
2025-09-22 00:21:01,689 - Detector - INFO - [1m[33mTo:        0x2c5e8a3b3aad9df32339409534e64dfcabcd3a65[0m
2025-09-22 00:21:01,689 - Detector - INFO - [1m[33mValue:     0 Wei[0m
2025-09-22 00:21:01,689 - Detector - INFO - [1m[33mGas Limit: 4500000[0m
2025-09-22 00:21:01,689 - Detector - INFO - [1m[33mInput:     0x547916ea[0m
2025-09-22 00:21:01,689 - Detector - INFO - [1m[33m-----------------------------------------------------[0m
2025-09-22 00:21:01,690 - Detector - INFO - [1m[33mTransaction 5 - finishRound():[0m
2025-09-22 00:21:01,690 - Detector - INFO - [1m[33m-----------------------------------------------------[0m
2025-09-22 00:21:01,690 - Detector - INFO - [1m[33mFrom:      0xdeadbeefdeadbeefdeadbeefdeadbeefdeadbeef[0m
2025-09-22 00:21:01,690 - Detector - INFO - [1m[33mTo:        0x2c5e8a3b3aad9df32339409534e64dfcabcd3a65[0m
2025-09-22 00:21:01,690 - Detector - INFO - [1m[33mValue:     0 Wei[0m
2025-09-22 00:21:01,690 - Detector - INFO - [1m[33mGas Limit: 4500000[0m
2025-09-22 00:21:01,690 - Detector - INFO - [1m[33mInput:     0x547916ea[0m
2025-09-22 00:21:01,690 - Detector - INFO - [1m[33m-----------------------------------------------------[0m
2025-09-22 00:21:02,331 - Analysis - INFO - [1mGeneration number 19 	 Code coverage: 91.27% (983/1077) 	 Branch coverage: 85.23% (75/88) 	 Transactions: 1299 (338 unique)   	 Time: 13.186636447906494[0m
2025-09-22 00:21:03,399 - Analysis - INFO - [1mGeneration number 20 	 Code coverage: 91.27% (983/1077) 	 Branch coverage: 85.23% (75/88) 	 Transactions: 1388 (355 unique)   	 Time: 14.254935503005981[0m
2025-09-22 00:21:04,414 - Analysis - INFO - [1mGeneration number 21 	 Code coverage: 91.27% (983/1077) 	 Branch coverage: 85.23% (75/88) 	 Transactions: 1470 (367 unique)   	 Time: 15.269569635391235[0m
2025-09-22 00:21:04,457 - Analysis - INFO - [1m-----------------------------------------------------[0m
2025-09-22 00:21:04,457 - Analysis - INFO - Number of generations: 	 21
2025-09-22 00:21:04,457 - Analysis - INFO - Number of transactions: 	 1470 (367 unique)
2025-09-22 00:21:04,457 - Analysis - INFO - Transactions per second: 	 96
2025-09-22 00:21:04,457 - Analysis - INFO - Total code coverage: 	 91.27% (983/1077)
2025-09-22 00:21:04,457 - Analysis - INFO - Total branch coverage: 	 85.23% (75/88)
2025-09-22 00:21:04,457 - Analysis - INFO - Total execution time: 	 15.31 seconds
2025-09-22 00:21:04,457 - Analysis - INFO - Total memory consumption: 	 68.34 MB

     ______            ______                _           
    / ____/___  ____  / ____/_  __________  (_)_  _______
   / /   / __ \/ __ \/ /_  / / / /_  /_  / / / / / / ___/
  / /___/ /_/ / / / / __/ / /_/ / / /_/ /_/ / /_/ (__  ) 
  \____/\____/_/ /_/_/    \__,_/ /___/___/_/\__,_/____/  

delteed file
