2025-07-07 20:00:46,365: [11] m.main:INFO: Registered plugins: IntrospectionAPIPlugin, <class 'manticore.ethereum.plugins.SkipRevertBasicBlocks'>, <class 'manticore.ethereum.plugins.FilterFunctions'>
2025-07-07 20:00:46,366: [11] m.main:INFO: Beginning analysis
2025-07-07 20:00:46,367: [11] m.e.manticore:INFO: Starting symbolic create contract
2025-07-07 20:00:46,935: [11] m.e.manticore:INFO: Starting symbolic transaction: 0
2025-07-07 20:00:49,650: [11] m.e.manticore:INFO: Found a concrete globalsha3 b'\x00\x00\x00\x00\x00\x00\x00\x00\x00\x00\x00\x00\x00\x00\x00\x00\x00\x00\x00\x00\x00\x00\x00\x00\x00\x00\x00\x00\x00\x02\x00\x00\x00\x00\x00\x00\x00\x00\x00\x00\x00\x00\x00\x00\x00\x00\x00\x00\x00\x00\x00\x00\x00\x00\x00\x00\x00\x00\x00\x00\x00\x00\x00\x01' -> 27376155845717860833342594873357525089589924219251518322086369159840883582034
2025-07-07 20:00:58,088: [11] m.e.manticore:INFO: 3 alive states, 3 terminated states
2025-07-07 20:00:58,362: [11] m.e.manticore:INFO: Starting symbolic transaction: 1
2025-07-07 20:01:38,629: [11] m.e.manticore:INFO: 12 alive states, 9 terminated states
2025-07-07 20:01:38,886: [11] m.e.manticore:INFO: Starting symbolic transaction: 2
2025-07-07 20:05:01,192: [11] m.e.manticore:INFO: 60 alive states, 33 terminated states
2025-07-07 20:05:01,899: [115] m.c.manticore:INFO: Generated testcase No. 0 - STOP(4 txs)
2025-07-07 20:05:01,901: [115] m.c.plugin:WARNING: Caught will_solve in state None, but failed to capture its initialization
2025-07-07 20:05:01,959: [119] m.c.manticore:INFO: Generated testcase No. 1 - STOP(4 txs)
2025-07-07 20:05:01,960: [119] m.c.plugin:WARNING: Caught will_solve in state None, but failed to capture its initialization
2025-07-07 20:05:01,979: [114] m.c.manticore:INFO: Generated testcase No. 2 - STOP(4 txs)
2025-07-07 20:05:01,983: [114] m.c.plugin:WARNING: Caught will_solve in state None, but failed to capture its initialization
2025-07-07 20:05:01,990: [113] m.c.manticore:INFO: Generated testcase No. 3 - STOP(4 txs)
2025-07-07 20:05:01,991: [113] m.c.plugin:WARNING: Caught will_solve in state None, but failed to capture its initialization
2025-07-07 20:05:02,004: [118] m.c.manticore:INFO: Generated testcase No. 5 - STOP(4 txs)
2025-07-07 20:05:02,005: [118] m.c.plugin:WARNING: Caught will_solve in state None, but failed to capture its initialization
2025-07-07 20:05:02,031: [117] m.c.manticore:INFO: Generated testcase No. 4 - STOP(4 txs)
2025-07-07 20:05:02,032: [117] m.c.plugin:WARNING: Caught will_solve in state None, but failed to capture its initialization
2025-07-07 20:05:02,102: [116] m.c.manticore:INFO: Generated testcase No. 6 - STOP(4 txs)
2025-07-07 20:05:02,106: [116] m.c.plugin:WARNING: Caught will_solve in state None, but failed to capture its initialization
2025-07-07 20:05:02,141: [112] m.c.manticore:INFO: Generated testcase No. 7 - STOP(4 txs)
2025-07-07 20:05:02,142: [112] m.c.plugin:WARNING: Caught will_solve in state None, but failed to capture its initialization
2025-07-07 20:05:02,153: [123] m.c.manticore:INFO: Generated testcase No. 9 - STOP(4 txs)
2025-07-07 20:05:02,153: [123] m.c.plugin:WARNING: Caught will_solve in state None, but failed to capture its initialization
2025-07-07 20:05:02,162: [120] m.c.manticore:INFO: Generated testcase No. 8 - STOP(4 txs)
2025-07-07 20:05:02,163: [120] m.c.plugin:WARNING: Caught will_solve in state None, but failed to capture its initialization
2025-07-07 20:05:02,239: [121] m.c.manticore:INFO: Generated testcase No. 10 - STOP(4 txs)
2025-07-07 20:05:02,240: [121] m.c.plugin:WARNING: Caught will_solve in state None, but failed to capture its initialization
2025-07-07 20:05:02,712: [122] m.c.manticore:INFO: Generated testcase No. 11 - STOP(4 txs)
2025-07-07 20:05:02,713: [122] m.c.plugin:WARNING: Caught will_solve in state None, but failed to capture its initialization
2025-07-07 20:05:06,396: [114] m.c.manticore:INFO: Generated testcase No. 12 - STOP(4 txs)
2025-07-07 20:05:06,729: [115] m.c.manticore:INFO: Generated testcase No. 13 - STOP(4 txs)
2025-07-07 20:05:06,838: [113] m.c.manticore:INFO: Generated testcase No. 14 - STOP(4 txs)
2025-07-07 20:05:06,841: [117] m.c.manticore:INFO: Generated testcase No. 15 - STOP(4 txs)
2025-07-07 20:05:06,851: [123] m.c.manticore:INFO: Generated testcase No. 16 - STOP(4 txs)
2025-07-07 20:05:06,863: [118] m.c.manticore:INFO: Generated testcase No. 18 - STOP(4 txs)
2025-07-07 20:05:06,868: [116] m.c.manticore:INFO: Generated testcase No. 17 - STOP(4 txs)
2025-07-07 20:05:06,948: [119] m.c.manticore:INFO: Generated testcase No. 19 - STOP(4 txs)
2025-07-07 20:05:10,931: [121] m.c.manticore:INFO: Generated testcase No. 20 - STOP(4 txs)
2025-07-07 20:05:11,065: [114] m.c.manticore:INFO: Generated testcase No. 21 - STOP(4 txs)
2025-07-07 20:05:11,131: [122] m.c.manticore:INFO: Generated testcase No. 22 - STOP(4 txs)
2025-07-07 20:05:11,260: [118] m.c.manticore:INFO: Generated testcase No. 23 - STOP(4 txs)
2025-07-07 20:05:12,228: [120] m.c.manticore:INFO: Generated testcase No. 24 - STOP(4 txs)
2025-07-07 20:05:12,250: [113] m.c.manticore:INFO: Generated testcase No. 25 - STOP(4 txs)
2025-07-07 20:05:12,355: [115] m.c.manticore:INFO: Generated testcase No. 26 - STOP(4 txs)
2025-07-07 20:05:12,407: [116] m.c.manticore:INFO: Generated testcase No. 27 - STOP(4 txs)
2025-07-07 20:05:13,388: [119] m.c.manticore:INFO: Generated testcase No. 28 - STOP(4 txs)
2025-07-07 20:05:15,243: [112] m.c.manticore:INFO: Generated testcase No. 30 - STOP(4 txs)
2025-07-07 20:05:15,301: [117] m.c.manticore:INFO: Generated testcase No. 29 - STOP(4 txs)
2025-07-07 20:05:15,383: [123] m.c.manticore:INFO: Generated testcase No. 31 - STOP(4 txs)
2025-07-07 20:05:16,736: [121] m.c.manticore:INFO: Generated testcase No. 32 - STOP(4 txs)
2025-07-07 20:05:16,843: [118] m.c.manticore:INFO: Generated testcase No. 33 - STOP(4 txs)
2025-07-07 20:05:18,320: [116] m.c.manticore:INFO: Generated testcase No. 34 - STOP(4 txs)
2025-07-07 20:05:18,446: [113] m.c.manticore:INFO: Generated testcase No. 35 - STOP(4 txs)
2025-07-07 20:05:18,701: [114] m.c.manticore:INFO: Generated testcase No. 36 - STOP(4 txs)
2025-07-07 20:05:19,087: [115] m.c.manticore:INFO: Generated testcase No. 37 - STOP(4 txs)
2025-07-07 20:05:20,367: [119] m.c.manticore:INFO: Generated testcase No. 38 - STOP(4 txs)
2025-07-07 20:05:23,107: [122] m.c.manticore:INFO: Generated testcase No. 39 - STOP(4 txs)
2025-07-07 20:05:23,765: [112] m.c.manticore:INFO: Generated testcase No. 40 - STOP(4 txs)
2025-07-07 20:05:23,989: [121] m.c.manticore:INFO: Generated testcase No. 41 - STOP(4 txs)
2025-07-07 20:05:24,457: [114] m.c.manticore:INFO: Generated testcase No. 42 - STOP(4 txs)
2025-07-07 20:05:25,942: [115] m.c.manticore:INFO: Generated testcase No. 43 - STOP(4 txs)
2025-07-07 20:05:26,236: [113] m.c.manticore:INFO: Generated testcase No. 44 - STOP(4 txs)
2025-07-07 20:05:27,520: [119] m.c.manticore:INFO: Generated testcase No. 45 - STOP(4 txs)
2025-07-07 20:05:30,631: [121] m.c.manticore:INFO: Generated testcase No. 46 - STOP(4 txs)
2025-07-07 20:05:31,451: [115] m.c.manticore:INFO: Generated testcase No. 47 - STOP(4 txs)
2025-07-07 20:05:34,971: [118] m.c.manticore:INFO: Generated testcase No. 48 - STOP(4 txs)
2025-07-07 20:05:35,027: [116] m.c.manticore:INFO: Generated testcase No. 49 - STOP(4 txs)
2025-07-07 20:05:36,430: [112] m.c.manticore:INFO: Generated testcase No. 50 - STOP(4 txs)
2025-07-07 20:05:36,910: [119] m.c.manticore:INFO: Generated testcase No. 51 - STOP(4 txs)
2025-07-07 20:05:38,455: [113] m.c.manticore:INFO: Generated testcase No. 53 - STOP(4 txs)
2025-07-07 20:05:38,541: [114] m.c.manticore:INFO: Generated testcase No. 52 - STOP(4 txs)
2025-07-07 20:05:40,962: [122] m.c.manticore:INFO: Generated testcase No. 54 - STOP(4 txs)
2025-07-07 20:05:42,457: [112] m.c.manticore:INFO: Generated testcase No. 55 - STOP(4 txs)
2025-07-07 20:05:42,927: [115] m.c.manticore:INFO: Generated testcase No. 56 - STOP(4 txs)
2025-07-07 20:05:45,209: [114] m.c.manticore:INFO: Generated testcase No. 57 - STOP(4 txs)
2025-07-07 20:05:45,662: [121] m.c.manticore:INFO: Generated testcase No. 58 - STOP(4 txs)
2025-07-07 20:05:47,480: [119] m.c.manticore:INFO: Generated testcase No. 59 - STOP(4 txs)
