Exception in time_manipulation,unchecked_ll_calls module
Traceback (most recent call last):
  File "/conkas/vuln_finder/vulnerability_finder.py", line 51, in __analyse_modules
    vulns = vuln_finder.available_modules[vuln_module_key](self._traces, self._find_all)
KeyError: 'time_manipulation,unchecked_ll_calls'
Exception in time_manipulation,unchecked_ll_calls module
Traceback (most recent call last):
  File "/conkas/vuln_finder/vulnerability_finder.py", line 51, in __analyse_modules
    vulns = vuln_finder.available_modules[vuln_module_key](self._traces, self._find_all)
KeyError: 'time_manipulation,unchecked_ll_calls'
Exception in time_manipulation,unchecked_ll_calls module
Traceback (most recent call last):
  File "/conkas/vuln_finder/vulnerability_finder.py", line 51, in __analyse_modules
    vulns = vuln_finder.available_modules[vuln_module_key](self._traces, self._find_all)
KeyError: 'time_manipulation,unchecked_ll_calls'
ANTLR runtime and generated code versions disagree: 4.9.2!=4.7.2
ANTLR runtime and generated code versions disagree: 4.9.2!=4.7.2
Analysing /sb/0x732acb28ee1a9b47d544ed662b018219b309cf27.sol:MegaBet...
Analysing /sb/0x732acb28ee1a9b47d544ed662b018219b309cf27.sol:StandardToken...
Analysing /sb/0x732acb28ee1a9b47d544ed662b018219b309cf27.sol:Token...
