Extract contract OpenAddressLottery from /sb/open_address_lottery.sol
Extracted 1 contract(s) from /sb/open_address_lottery.sol
[0;32m> Created "fuzzMe"[0m
[0;32m> To fuzz contracts:[0m
  chmod +x fuzzMe
  ./fuzzMe
contracts/OpenAddressLottery.sol:41:5: Warning: Defining constructors as functions with the same name as the contract is deprecated. Use "constructor(...) { ... }" instead.
    function OpenAddressLottery() {
    ^ (Relevant source part starts here and spans across multiple lines).
contracts/OpenAddressLottery.sol:91:9: Warning: Variable is declared as a storage pointer. Use an explicit "storage" keyword to silence this warning.
        SeedComponents s;
        ^--------------^
contracts/OpenAddressLottery.sol:58:20: Warning: Using contract member "balance" inherited from the address type is deprecated. Convert the contract to "address" type to access the member, for example use "address(contract).balance" instead.
            if(win>this.balance) //if the balance isnt sufficient...
                   ^----------^
contracts/OpenAddressLottery.sol:59:21: Warning: Using contract member "balance" inherited from the address type is deprecated. Convert the contract to "address" type to access the member, for example use "address(contract).balance" instead.
                win=this.balance; //...send everything we've got
                    ^----------^
contracts/OpenAddressLottery.sol:69:18: Warning: This function only accepts a single "bytes" argument. Please use "abi.encodePacked(...)" or a similar function to encode the data.
        n = uint(keccak256(uint(addr), secretSeed)[0]) % 8;
                 ^-------------------------------^
contracts/OpenAddressLottery.sol:73:30: Warning: This function only accepts a single "bytes" argument. Please use "abi.encodePacked(...)" or a similar function to encode the data.
        secretSeed = uint256(keccak256(
                             ^ (Relevant source part starts here and spans across multiple lines).
contracts/OpenAddressLottery.sol:91:9: Warning: Uninitialized storage pointer. Did you mean '<type> memory s'?
        SeedComponents s;
        ^--------------^
contracts/OpenAddressLottery.sol:41:5: Warning: No visibility specified. Defaulting to "public". 
    function OpenAddressLottery() {
    ^ (Relevant source part starts here and spans across multiple lines).
contracts/OpenAddressLottery.sol:46:5: Warning: No visibility specified. Defaulting to "public". 
    function participate() payable {
    ^ (Relevant source part starts here and spans across multiple lines).
contracts/OpenAddressLottery.sol:67:5: Warning: No visibility specified. Defaulting to "public". 
    function luckyNumberOfAddress(address addr) constant returns(uint n){
    ^ (Relevant source part starts here and spans across multiple lines).
contracts/OpenAddressLottery.sol:82:5: Warning: No visibility specified. Defaulting to "public". 
    function kill() {
    ^ (Relevant source part starts here and spans across multiple lines).
contracts/OpenAddressLottery.sol:88:5: Warning: No visibility specified. Defaulting to "public". 
    function forceReseed() { //reseed initiated by the owner - for testing purposes
    ^ (Relevant source part starts here and spans across multiple lines).
contracts/OpenAddressLottery.sol:93:32: Warning: "block.blockhash()" has been deprecated in favor of "blockhash()"
        s.component2 = uint256(block.blockhash(block.number - 1));
                               ^-------------^
contracts/OpenAddressLottery.sol:100:5: Warning: No visibility specified. Defaulting to "public". 
    function () payable { //if someone sends money without any function call, just assume he wanted to participate
    ^ (Relevant source part starts here and spans across multiple lines).
assets/NormalAttacker.sol:5:3: Warning: No visibility specified. Defaulting to "public". 
  function() payable {
  ^ (Relevant source part starts here and spans across multiple lines).
assets/ReentrancyAttacker.sol:8:7: Warning: Return value of low-level calls not used.
      msg.sender.call(bytes4(255));
      ^--------------------------^
assets/ReentrancyAttacker.sol:5:3: Warning: No visibility specified. Defaulting to "public". 
  function() payable {
  ^ (Relevant source part starts here and spans across multiple lines).
>> Fuzz OpenAddressLottery
** Write stats: 0.007967
** Write stats: 5.00021
** Write stats: 10.0001
** Write stats: 15.0116
** Write stats: 20.0002
** Write stats: 25.0001
** Write stats: 30.0002
** Write stats: 35.0001
** Write stats: 40
** Write stats: 45.0001
** Write stats: 50.0002
** Write stats: 55.0002
** Write stats: 60.0003
** Write stats: 65.0051
** Write stats: 70.0001
** Write stats: 75.0096
** Write stats: 80.0188
** Write stats: 85.0005
** Write stats: 90.0001
** Write stats: 95.0137
** Write stats: 100
** Write stats: 105.022
** Write stats: 110
** Write stats: 115
** Write stats: 120.028
** Write stats: 125.021
** Write stats: 130
** Write stats: 135
** Write stats: 140
** Write stats: 145.027
** Write stats: 150
** Write stats: 155
** Write stats: 160
** Write stats: 165
** Write stats: 170.001
** Write stats: 175
** Write stats: 180.001
** Write stats: 185.007
** Write stats: 190
** Write stats: 195
** Write stats: 200
** Write stats: 205
** Write stats: 210.001
** Write stats: 215.001
** Write stats: 220.001
** Write stats: 225.001
** Write stats: 230
** Write stats: 235.003
** Write stats: 240.002
** Write stats: 245.003
** Write stats: 250.002
** Write stats: 255.001
** Write stats: 260.002
** Write stats: 265.001
** Write stats: 270.002
** Write stats: 275.004
** Write stats: 280.004
** Write stats: 285.001
** Write stats: 290.001
** Write stats: 295.001
** Write stats: 300.001
** Write stats: 305.006
** Write stats: 310.004
** Write stats: 315.003
** Write stats: 320.007
** Write stats: 325.005
** Write stats: 330
** Write stats: 335.004
** Write stats: 340.002
** Write stats: 345.004
** Write stats: 350.007
** Write stats: 355.003
** Write stats: 360.004
** Write stats: 365.003
** Write stats: 370.007
** Write stats: 375.009
** Write stats: 380.005
** Write stats: 385.001
** Write stats: 390.007
** Write stats: 395.004
** Write stats: 400.003
** Write stats: 405.009
** Write stats: 410.009
** Write stats: 415.013
** Write stats: 420.006
** Write stats: 425.012
** Write stats: 430.007
** Write stats: 435.006
** Write stats: 440
** Write stats: 445.006
** Write stats: 450.001
** Write stats: 455.003
** Write stats: 460.011
** Write stats: 465.008
** Write stats: 470.004
** Write stats: 475.004
** Write stats: 480.002
** Write stats: 485.005
** Write stats: 490.004
** Write stats: 495.006
** Write stats: 500.011
** Write stats: 505.007
** Write stats: 510
** Write stats: 515
** Write stats: 520.007
** Write stats: 525.006
** Write stats: 530.01
** Write stats: 535.005
** Write stats: 540
** Write stats: 545.004
** Write stats: 550.008
** Write stats: 555
** Write stats: 560.001
** Write stats: 565.011
** Write stats: 570.008
** Write stats: 575.001
** Write stats: 580.001
** Write stats: 585.002
** Write stats: 590.013
** Write stats: 595.012
** Write stats: 600.008
** Write stats: 605.004
** Write stats: 610.004
** Write stats: 615.004
** Write stats: 620.005
** Write stats: 625.008
** Write stats: 630.009
** Write stats: 635.008
** Write stats: 640.014
** Write stats: 645.013
** Write stats: 650.004
** Write stats: 655.002
** Write stats: 660.008
** Write stats: 665.003
** Write stats: 670.015
** Write stats: 675.007
** Write stats: 680.01
** Write stats: 685.004
** Write stats: 690.005
** Write stats: 695.015
** Write stats: 700
** Write stats: 705.01
** Write stats: 710.003
** Write stats: 715.014
** Write stats: 720.012
** Write stats: 725.004
** Write stats: 730.006
** Write stats: 735.004
** Write stats: 740
** Write stats: 745.015
** Write stats: 750.003
** Write stats: 755.016
** Write stats: 760.003
** Write stats: 765.012
** Write stats: 770.012
** Write stats: 775.004
** Write stats: 780.002
** Write stats: 785.008
** Write stats: 790.017
** Write stats: 795.012
** Write stats: 800.01
** Write stats: 805.005
** Write stats: 810.007
** Write stats: 815.009
** Write stats: 820.003
** Write stats: 825.014
** Write stats: 830.005
** Write stats: 835.002
** Write stats: 840.012
** Write stats: 845.005
** Write stats: 850
** Write stats: 855.005
** Write stats: 860.002
** Write stats: 865
** Write stats: 870.001
** Write stats: 875.002
** Write stats: 880.001
** Write stats: 885.004
** Write stats: 890.008
** Write stats: 895.008
** Write stats: 898.025
