Extract contract ETH_VAULT from /sb/0x8c7777c45481dba411450c228cb692ac3d550344.sol
Extract contract Log from /sb/0x8c7777c45481dba411450c228cb692ac3d550344.sol
Extracted 2 contract(s) from /sb/0x8c7777c45481dba411450c228cb692ac3d550344.sol
[0;32m> Created "fuzzMe"[0m
[0;32m> To fuzz contracts:[0m
  chmod +x fuzzMe
  ./fuzzMe
contracts/ETH_VAULT.sol:17:5: Warning: Defining constructors as functions with the same name as the contract is deprecated. Use "constructor(...) { ... }" instead.
    function ETH_VAULT(address _log)
    ^ (Relevant source part starts here and spans across multiple lines).
contracts/Log.sol:17:5: Warning: Defining constructors as functions with the same name as the contract is deprecated. Use "constructor(...) { ... }" instead.
    function ETH_VAULT(address _log)
    ^ (Relevant source part starts here and spans across multiple lines).
assets/NormalAttacker.sol:5:3: Warning: No visibility specified. Defaulting to "public". 
  function() payable {
  ^ (Relevant source part starts here and spans across multiple lines).
assets/ReentrancyAttacker.sol:8:7: Warning: Return value of low-level calls not used.
      msg.sender.call(bytes4(255));
      ^--------------------------^
assets/ReentrancyAttacker.sol:5:3: Warning: No visibility specified. Defaulting to "public". 
  function() payable {
  ^ (Relevant source part starts here and spans across multiple lines).
>> Fuzz ETH_VAULT
** Write stats: 0.011289
** Write stats: 5.00169
** Write stats: 10.0026
** Write stats: 15.0021
** Write stats: 20.0019
** Write stats: 25.0036
** Write stats: 30.0028
** Write stats: 35.0013
** Write stats: 40.0076
** Write stats: 45.0083
** Write stats: 50.0091
** Write stats: 55.0003
** Write stats: 60.0025
** Write stats: 65.0051
** Write stats: 70.0026
** Write stats: 75.0024
** Write stats: 80.0084
** Write stats: 85.0087
** Write stats: 90.0077
** Write stats: 95.0074
** Write stats: 100.01
** Write stats: 105.003
** Write stats: 110.008
** Write stats: 115.005
** Write stats: 120.007
** Write stats: 125.006
** Write stats: 130.003
** Write stats: 135.01
** Write stats: 140.01
** Write stats: 145.006
** Write stats: 150.008
** Write stats: 155.004
** Write stats: 160.006
** Write stats: 165.008
** Write stats: 170.012
** Write stats: 175.003
** Write stats: 180.007
** Write stats: 185.005
** Write stats: 190.012
** Write stats: 195.007
** Write stats: 200.016
** Write stats: 205.011
** Write stats: 210.018
** Write stats: 215.014
** Write stats: 220.014
** Write stats: 225.004
** Write stats: 230.007
** Write stats: 235.009
** Write stats: 240.019
** Write stats: 245.017
** Write stats: 250.004
** Write stats: 255.008
** Write stats: 260.003
** Write stats: 265.008
** Write stats: 270.022
** Write stats: 275.009
** Write stats: 280.011
** Write stats: 285.001
** Write stats: 290.014
** Write stats: 295.006
** Write stats: 300.002
** Write stats: 305.007
** Write stats: 310.017
** Write stats: 315.018
** Write stats: 320.001
** Write stats: 325.01
** Write stats: 330.017
** Write stats: 335.01
** Write stats: 340.011
** Write stats: 345.005
** Write stats: 350.014
** Write stats: 355.002
** Write stats: 360.004
** Write stats: 365.009
** Write stats: 370.022
** Write stats: 375.001
** Write stats: 380.018
** Write stats: 385.024
** Write stats: 390.013
** Write stats: 395.024
** Write stats: 400.001
** Write stats: 405.021
** Write stats: 410.02
** Write stats: 415.006
** Write stats: 420.02
** Write stats: 425.018
** Write stats: 430.011
** Write stats: 435.022
** Write stats: 440.02
** Write stats: 445.019
** Write stats: 448.022
>> Fuzz Log
** Write stats: 0.004305
** Write stats: 5.00218
** Write stats: 10.0045
** Write stats: 15.0052
** Write stats: 20.0174
** Write stats: 25.0147
** Write stats: 30.0027
** Write stats: 35.0417
** Write stats: 40.0216
** Write stats: 45.0198
** Write stats: 50.0208
** Write stats: 55.0179
** Write stats: 60.0367
** Write stats: 65.0452
** Write stats: 70.0246
** Write stats: 75.0107
** Write stats: 80.0625
** Write stats: 85.0688
** Write stats: 90.0202
** Write stats: 95.0324
** Write stats: 100.001
** Write stats: 105.015
** Write stats: 110.055
** Write stats: 115.036
** Write stats: 120.035
** Write stats: 125.006
** Write stats: 130.022
** Write stats: 135.004
** Write stats: 140.052
** Write stats: 145.05
** Write stats: 150.019
** Write stats: 155.044
** Write stats: 160.059
** Write stats: 165.075
** Write stats: 170.069
** Write stats: 175.066
** Write stats: 180.098
** Write stats: 185.057
** Write stats: 190.058
** Write stats: 195.097
** Write stats: 200.085
** Write stats: 205.021
** Write stats: 210.03
** Write stats: 215.08
** Write stats: 220.02
** Write stats: 225.008
** Write stats: 230.103
** Write stats: 235.108
** Write stats: 240.033
** Write stats: 245.114
** Write stats: 250.087
** Write stats: 255.011
** Write stats: 260.095
** Write stats: 265.081
** Write stats: 270.109
** Write stats: 275.075
** Write stats: 280.055
** Write stats: 285.068
** Write stats: 290.095
** Write stats: 295.087
** Write stats: 300.113
** Write stats: 305.122
** Write stats: 310.134
** Write stats: 315.004
** Write stats: 320.145
** Write stats: 325.086
** Write stats: 330.051
** Write stats: 335.037
** Write stats: 340.076
** Write stats: 345.009
** Write stats: 350.047
** Write stats: 355.082
** Write stats: 360.095
** Write stats: 365.128
** Write stats: 370.153
** Write stats: 375.017
** Write stats: 380.037
** Write stats: 385.135
** Write stats: 390.052
** Write stats: 395.148
** Write stats: 400.082
** Write stats: 405.072
** Write stats: 410.07
** Write stats: 415.1
** Write stats: 420.153
** Write stats: 425.066
** Write stats: 430.1
** Write stats: 435.023
** Write stats: 440.144
** Write stats: 445.046
** Write stats: 448.038
