/sb/0x824abb5adc6a58751bee067cc607f12f4c929dea.sol:1:1: Compiler version ^0.4.18 does not satisfy the ^0.5.8 semver requirement [Error/compiler-version]
/sb/0x824abb5adc6a58751bee067cc607f12f4c929dea.sol:34:5: Function name must be in mixedCase [Warning/func-name-mixedcase]
/sb/0x824abb5adc6a58751bee067cc607f12f4c929dea.sol:36:9: Provide an error message for require [Warning/reason-string]
/sb/0x824abb5adc6a58751bee067cc607f12f4c929dea.sol:44:9: Provide an error message for require [Warning/reason-string]
/sb/0x824abb5adc6a58751bee067cc607f12f4c929dea.sol:73:3: Explicitly mark visibility of state [Warning/state-visibility]
/sb/0x824abb5adc6a58751bee067cc607f12f4c929dea.sol:77:5: Provide an error message for require [Warning/reason-string]
/sb/0x824abb5adc6a58751bee067cc607f12f4c929dea.sol:78:5: Provide an error message for require [Warning/reason-string]
/sb/0x824abb5adc6a58751bee067cc607f12f4c929dea.sol:90:5: Provide an error message for require [Warning/reason-string]
/sb/0x824abb5adc6a58751bee067cc607f12f4c929dea.sol:91:5: Provide an error message for require [Warning/reason-string]
/sb/0x824abb5adc6a58751bee067cc607f12f4c929dea.sol:92:5: Provide an error message for require [Warning/reason-string]
/sb/0x824abb5adc6a58751bee067cc607f12f4c929dea.sol:129:9: Provide an error message for require [Warning/reason-string]
/sb/0x824abb5adc6a58751bee067cc607f12f4c929dea.sol:139:62: Variable name must be in mixedCase [Warning/var-name-mixedcase]
/sb/0x824abb5adc6a58751bee067cc607f12f4c929dea.sol:141:7: Avoid to use inline assembly. It is acceptable only in rare cases [Warning/no-inline-assembly]
/sb/0x824abb5adc6a58751bee067cc607f12f4c929dea.sol:151:24: Use double quotes for string literals [Error/quotes]
/sb/0x824abb5adc6a58751bee067cc607f12f4c929dea.sol:152:26: Use double quotes for string literals [Error/quotes]
/sb/0x824abb5adc6a58751bee067cc607f12f4c929dea.sol:158:3: Explicitly mark visibility of state [Warning/state-visibility]
/sb/0x824abb5adc6a58751bee067cc607f12f4c929dea.sol:159:3: Explicitly mark visibility of state [Warning/state-visibility]
/sb/0x824abb5adc6a58751bee067cc607f12f4c929dea.sol:160:3: Explicitly mark visibility of state [Warning/state-visibility]
/sb/0x824abb5adc6a58751bee067cc607f12f4c929dea.sol:162:3: Variable name must be in mixedCase [Warning/var-name-mixedcase]
/sb/0x824abb5adc6a58751bee067cc607f12f4c929dea.sol:165:3: Explicitly mark visibility of state [Warning/state-visibility]
/sb/0x824abb5adc6a58751bee067cc607f12f4c929dea.sol:166:3: Explicitly mark visibility of state [Warning/state-visibility]
/sb/0x824abb5adc6a58751bee067cc607f12f4c929dea.sol:167:3: Explicitly mark visibility of state [Warning/state-visibility]
/sb/0x824abb5adc6a58751bee067cc607f12f4c929dea.sol:177:5: Provide an error message for require [Warning/reason-string]
/sb/0x824abb5adc6a58751bee067cc607f12f4c929dea.sol:186:17: Avoid making time-based decisions in your business logic [Warning/not-rely-on-time]
/sb/0x824abb5adc6a58751bee067cc607f12f4c929dea.sol:187:17: Avoid making time-based decisions in your business logic [Warning/not-rely-on-time]
/sb/0x824abb5adc6a58751bee067cc607f12f4c929dea.sol:191:24: Avoid making time-based decisions in your business logic [Warning/not-rely-on-time]
/sb/0x824abb5adc6a58751bee067cc607f12f4c929dea.sol:192:24: Avoid making time-based decisions in your business logic [Warning/not-rely-on-time]
/sb/0x824abb5adc6a58751bee067cc607f12f4c929dea.sol:196:24: Avoid making time-based decisions in your business logic [Warning/not-rely-on-time]
/sb/0x824abb5adc6a58751bee067cc607f12f4c929dea.sol:206:5: Fallback function must be simple [Warning/no-complex-fallback]
/sb/0x824abb5adc6a58751bee067cc607f12f4c929dea.sol:207:9: Provide an error message for require [Warning/reason-string]
/sb/0x824abb5adc6a58751bee067cc607f12f4c929dea.sol:207:17: Avoid making time-based decisions in your business logic [Warning/not-rely-on-time]
/sb/0x824abb5adc6a58751bee067cc607f12f4c929dea.sol:207:38: Avoid making time-based decisions in your business logic [Warning/not-rely-on-time]
/sb/0x824abb5adc6a58751bee067cc607f12f4c929dea.sol:209:13: Avoid making time-based decisions in your business logic [Warning/not-rely-on-time]
/sb/0x824abb5adc6a58751bee067cc607f12f4c929dea.sol:214:9: Provide an error message for require [Warning/reason-string]

34 problems
