Extract contract FindThisHash from /sb/FindThisHash.sol
Extracted 1 contract(s) from /sb/FindThisHash.sol
[0;32m> Created "fuzzMe"[0m
[0;32m> To fuzz contracts:[0m
  chmod +x fuzzMe
  ./fuzzMe
contracts/FindThisHash.sol:17:25: Warning: "sha3" has been deprecated in favour of "keccak256"
        require(hash == sha3(solution));
                        ^------------^
contracts/FindThisHash.sol:17:25: Warning: This function only accepts a single "bytes" argument. Please use "abi.encodePacked(...)" or a similar function to encode the data.
        require(hash == sha3(solution));
                        ^------------^
contracts/FindThisHash.sol:17:25: Warning: The provided argument of type string memory is not implicitly convertible to expected type bytes memory.
        require(hash == sha3(solution));
                        ^------------^
assets/NormalAttacker.sol:5:3: Warning: No visibility specified. Defaulting to "public". 
  function() payable {
  ^ (Relevant source part starts here and spans across multiple lines).
assets/ReentrancyAttacker.sol:8:7: Warning: Return value of low-level calls not used.
      msg.sender.call(bytes4(255));
      ^--------------------------^
assets/ReentrancyAttacker.sol:5:3: Warning: No visibility specified. Defaulting to "public". 
  function() payable {
  ^ (Relevant source part starts here and spans across multiple lines).
>> Fuzz FindThisHash
** Write stats: 0.003743
** Write stats: 5.00007
** Write stats: 10.0009
** Write stats: 15.0001
** Write stats: 20.0001
** Write stats: 25
** Write stats: 30.0002
** Write stats: 35
** Write stats: 40.0078
** Write stats: 45.0001
** Write stats: 50.016
** Write stats: 55.0048
** Write stats: 60.0002
** Write stats: 65.0002
** Write stats: 70.0001
** Write stats: 75.0002
** Write stats: 80.0001
** Write stats: 85.0002
** Write stats: 90.0002
** Write stats: 95.0002
** Write stats: 100
** Write stats: 105
** Write stats: 110
** Write stats: 115.008
** Write stats: 120.011
** Write stats: 125
** Write stats: 130
** Write stats: 135
** Write stats: 140
** Write stats: 145.025
** Write stats: 150
** Write stats: 155
** Write stats: 160
** Write stats: 165
** Write stats: 170
** Write stats: 175.001
** Write stats: 180.012
** Write stats: 185.017
** Write stats: 190
** Write stats: 195
** Write stats: 200
** Write stats: 205.001
** Write stats: 210
** Write stats: 215
** Write stats: 220.042
** Write stats: 225
** Write stats: 230.016
** Write stats: 235
** Write stats: 240
** Write stats: 245
** Write stats: 250
** Write stats: 255
** Write stats: 260.011
** Write stats: 265
** Write stats: 270.012
** Write stats: 275.001
** Write stats: 280.007
** Write stats: 285
** Write stats: 290
** Write stats: 295
** Write stats: 300
** Write stats: 305.001
** Write stats: 310.001
** Write stats: 315
** Write stats: 320.024
** Write stats: 325.013
** Write stats: 330.003
** Write stats: 335
** Write stats: 340
** Write stats: 345.057
** Write stats: 350
** Write stats: 355
** Write stats: 360
** Write stats: 365
** Write stats: 370
** Write stats: 375
** Write stats: 380
** Write stats: 385.038
** Write stats: 390
** Write stats: 395.014
** Write stats: 400.051
** Write stats: 405
** Write stats: 410
** Write stats: 415.029
** Write stats: 420.057
** Write stats: 425
** Write stats: 430
** Write stats: 435
** Write stats: 440.059
** Write stats: 445.043
** Write stats: 450
** Write stats: 455.008
** Write stats: 460
** Write stats: 465.044
** Write stats: 470
** Write stats: 475
** Write stats: 480.043
** Write stats: 485.045
** Write stats: 490.032
** Write stats: 495.048
** Write stats: 500.002
** Write stats: 505
** Write stats: 510.024
** Write stats: 515.059
** Write stats: 520
** Write stats: 525
** Write stats: 530.053
./fuzzMe: line 5:    21 Killed                  ./fuzzer --file contracts/FindThisHash.sol.json --name FindThisHash --assets assets/ --duration 898 --mode 1 --reporter 1 --log 0 --attacker ReentrancyAttacker
