2025-09-21 14:24:26,894 - Main     - INFO - [1mInitializing seed to 1427655.0[0m
2025-09-21 14:24:26,965 - Fuzzer   - INFO - [1mFuzzing contract [1mEthConnect[0m[0m
2025-09-21 14:24:27,127 - Analysis - INFO - [1mGeneration number 0 	 Code coverage: 68.33% (1012/1481) 	 Branch coverage: 71.59% (63/88) 	 Transactions: 27 (26 unique)   	 Time: 0.14978480339050293[0m
2025-09-21 14:24:27,283 - Analysis - INFO - [1mGeneration number 1 	 Code coverage: 68.33% (1012/1481) 	 Branch coverage: 71.59% (63/88) 	 Transactions: 55 (42 unique)   	 Time: 0.30504369735717773[0m
2025-09-21 14:24:27,602 - Analysis - INFO - [1mGeneration number 2 	 Code coverage: 73.26% (1085/1481) 	 Branch coverage: 76.14% (67/88) 	 Transactions: 84 (56 unique)   	 Time: 0.6249408721923828[0m
2025-09-21 14:24:27,952 - Analysis - INFO - [1mGeneration number 3 	 Code coverage: 73.26% (1085/1481) 	 Branch coverage: 76.14% (67/88) 	 Transactions: 132 (70 unique)   	 Time: 0.9744589328765869[0m
2025-09-21 14:24:28,499 - Analysis - INFO - [1mGeneration number 4 	 Code coverage: 73.26% (1085/1481) 	 Branch coverage: 76.14% (67/88) 	 Transactions: 204 (87 unique)   	 Time: 1.5218148231506348[0m
2025-09-21 14:24:29,253 - Analysis - INFO - [1mGeneration number 5 	 Code coverage: 73.26% (1085/1481) 	 Branch coverage: 76.14% (67/88) 	 Transactions: 308 (110 unique)   	 Time: 2.2759034633636475[0m
2025-09-21 14:24:30,048 - Analysis - INFO - [1mGeneration number 6 	 Code coverage: 73.26% (1085/1481) 	 Branch coverage: 76.14% (67/88) 	 Transactions: 420 (134 unique)   	 Time: 3.070068836212158[0m
2025-09-21 14:24:30,962 - Analysis - INFO - [1mGeneration number 7 	 Code coverage: 73.26% (1085/1481) 	 Branch coverage: 76.14% (67/88) 	 Transactions: 542 (160 unique)   	 Time: 3.984175205230713[0m
2025-09-21 14:24:31,896 - Analysis - INFO - [1mGeneration number 8 	 Code coverage: 73.26% (1085/1481) 	 Branch coverage: 76.14% (67/88) 	 Transactions: 664 (186 unique)   	 Time: 4.9179956912994385[0m
2025-09-21 14:24:32,834 - Analysis - INFO - [1mGeneration number 9 	 Code coverage: 73.26% (1085/1481) 	 Branch coverage: 76.14% (67/88) 	 Transactions: 785 (212 unique)   	 Time: 5.8563151359558105[0m
2025-09-21 14:24:33,740 - Analysis - INFO - [1mGeneration number 10 	 Code coverage: 73.26% (1085/1481) 	 Branch coverage: 76.14% (67/88) 	 Transactions: 906 (238 unique)   	 Time: 6.7627785205841064[0m
2025-09-21 14:24:34,649 - Analysis - INFO - [1mGeneration number 11 	 Code coverage: 73.26% (1085/1481) 	 Branch coverage: 76.14% (67/88) 	 Transactions: 1027 (264 unique)   	 Time: 7.671347141265869[0m
2025-09-21 14:24:35,634 - Analysis - INFO - [1mGeneration number 12 	 Code coverage: 73.26% (1085/1481) 	 Branch coverage: 76.14% (67/88) 	 Transactions: 1151 (290 unique)   	 Time: 8.656128168106079[0m
2025-09-21 14:24:36,514 - Analysis - INFO - [1mGeneration number 13 	 Code coverage: 73.26% (1085/1481) 	 Branch coverage: 76.14% (67/88) 	 Transactions: 1273 (316 unique)   	 Time: 9.536112785339355[0m
2025-09-21 14:24:36,928 - Analysis - INFO - [1mGeneration number 14 	 Code coverage: 86.50% (1281/1481) 	 Branch coverage: 84.09% (74/88) 	 Transactions: 1326 (344 unique)   	 Time: 9.950515270233154[0m
2025-09-21 14:24:37,344 - Analysis - INFO - [1mGeneration number 15 	 Code coverage: 86.50% (1281/1481) 	 Branch coverage: 84.09% (74/88) 	 Transactions: 1380 (360 unique)   	 Time: 10.366181135177612[0m
2025-09-21 14:24:38,097 - Analysis - INFO - [1mGeneration number 16 	 Code coverage: 86.50% (1281/1481) 	 Branch coverage: 84.09% (74/88) 	 Transactions: 1478 (384 unique)   	 Time: 11.119048357009888[0m
2025-09-21 14:24:38,992 - Analysis - INFO - [1mGeneration number 17 	 Code coverage: 86.50% (1281/1481) 	 Branch coverage: 84.09% (74/88) 	 Transactions: 1586 (410 unique)   	 Time: 12.014831304550171[0m
2025-09-21 14:24:40,237 - Analysis - INFO - [1mGeneration number 18 	 Code coverage: 86.50% (1281/1481) 	 Branch coverage: 84.09% (74/88) 	 Transactions: 1701 (436 unique)   	 Time: 13.259347200393677[0m
2025-09-21 14:24:41,200 - Analysis - INFO - [1mGeneration number 19 	 Code coverage: 86.50% (1281/1481) 	 Branch coverage: 84.09% (74/88) 	 Transactions: 1818 (462 unique)   	 Time: 14.22263240814209[0m
2025-09-21 14:24:42,204 - Analysis - INFO - [1mGeneration number 20 	 Code coverage: 86.50% (1281/1481) 	 Branch coverage: 84.09% (74/88) 	 Transactions: 1941 (488 unique)   	 Time: 15.226914405822754[0m
2025-09-21 14:24:43,259 - Analysis - INFO - [1mGeneration number 21 	 Code coverage: 86.50% (1281/1481) 	 Branch coverage: 84.09% (74/88) 	 Transactions: 2063 (513 unique)   	 Time: 16.2813503742218[0m
2025-09-21 14:24:44,375 - Analysis - INFO - [1mGeneration number 22 	 Code coverage: 86.50% (1281/1481) 	 Branch coverage: 84.09% (74/88) 	 Transactions: 2187 (539 unique)   	 Time: 17.397197723388672[0m
2025-09-21 14:24:45,413 - Analysis - INFO - [1mGeneration number 23 	 Code coverage: 86.50% (1281/1481) 	 Branch coverage: 84.09% (74/88) 	 Transactions: 2308 (564 unique)   	 Time: 18.435190200805664[0m
2025-09-21 14:24:45,898 - Analysis - INFO - [1mGeneration number 24 	 Code coverage: 86.50% (1281/1481) 	 Branch coverage: 84.09% (74/88) 	 Transactions: 2364 (592 unique)   	 Time: 18.92027711868286[0m
2025-09-21 14:24:46,790 - Analysis - INFO - [1mGeneration number 25 	 Code coverage: 86.50% (1281/1481) 	 Branch coverage: 84.09% (74/88) 	 Transactions: 2443 (617 unique)   	 Time: 19.812673091888428[0m
2025-09-21 14:24:47,676 - Analysis - INFO - [1mGeneration number 26 	 Code coverage: 86.50% (1281/1481) 	 Branch coverage: 84.09% (74/88) 	 Transactions: 2520 (636 unique)   	 Time: 20.698485374450684[0m
2025-09-21 14:24:48,595 - Analysis - INFO - [1mGeneration number 27 	 Code coverage: 86.50% (1281/1481) 	 Branch coverage: 84.09% (74/88) 	 Transactions: 2598 (656 unique)   	 Time: 21.617621183395386[0m
2025-09-21 14:24:49,497 - Analysis - INFO - [1mGeneration number 28 	 Code coverage: 86.50% (1281/1481) 	 Branch coverage: 84.09% (74/88) 	 Transactions: 2671 (673 unique)   	 Time: 22.519370079040527[0m
2025-09-21 14:24:50,400 - Analysis - INFO - [1mGeneration number 29 	 Code coverage: 86.97% (1288/1481) 	 Branch coverage: 85.23% (75/88) 	 Transactions: 2742 (685 unique)   	 Time: 23.422770023345947[0m
2025-09-21 14:24:51,291 - Analysis - INFO - [1mGeneration number 30 	 Code coverage: 86.97% (1288/1481) 	 Branch coverage: 85.23% (75/88) 	 Transactions: 2816 (698 unique)   	 Time: 24.31333589553833[0m
2025-09-21 14:24:52,207 - Analysis - INFO - [1mGeneration number 31 	 Code coverage: 86.97% (1288/1481) 	 Branch coverage: 85.23% (75/88) 	 Transactions: 2904 (721 unique)   	 Time: 25.2290678024292[0m
2025-09-21 14:24:53,069 - Analysis - INFO - [1mGeneration number 32 	 Code coverage: 86.97% (1288/1481) 	 Branch coverage: 85.23% (75/88) 	 Transactions: 2985 (740 unique)   	 Time: 26.091662168502808[0m
2025-09-21 14:24:54,063 - Analysis - INFO - [1mGeneration number 33 	 Code coverage: 86.97% (1288/1481) 	 Branch coverage: 85.23% (75/88) 	 Transactions: 3071 (758 unique)   	 Time: 27.085129261016846[0m
2025-09-21 14:24:54,988 - Analysis - INFO - [1mGeneration number 34 	 Code coverage: 86.97% (1288/1481) 	 Branch coverage: 85.23% (75/88) 	 Transactions: 3155 (778 unique)   	 Time: 28.01003384590149[0m
2025-09-21 14:24:55,892 - Analysis - INFO - [1mGeneration number 35 	 Code coverage: 86.97% (1288/1481) 	 Branch coverage: 85.23% (75/88) 	 Transactions: 3235 (794 unique)   	 Time: 28.91440987586975[0m
2025-09-21 14:24:56,834 - Analysis - INFO - [1mGeneration number 36 	 Code coverage: 86.97% (1288/1481) 	 Branch coverage: 85.23% (75/88) 	 Transactions: 3323 (817 unique)   	 Time: 29.856318473815918[0m
2025-09-21 14:24:57,696 - Analysis - INFO - [1mGeneration number 37 	 Code coverage: 86.97% (1288/1481) 	 Branch coverage: 85.23% (75/88) 	 Transactions: 3407 (839 unique)   	 Time: 30.718605756759644[0m
2025-09-21 14:24:58,547 - Analysis - INFO - [1mGeneration number 38 	 Code coverage: 86.97% (1288/1481) 	 Branch coverage: 85.23% (75/88) 	 Transactions: 3489 (864 unique)   	 Time: 31.569674015045166[0m
2025-09-21 14:24:59,357 - Analysis - INFO - [1mGeneration number 39 	 Code coverage: 86.97% (1288/1481) 	 Branch coverage: 85.23% (75/88) 	 Transactions: 3569 (878 unique)   	 Time: 32.37968373298645[0m
2025-09-21 14:25:00,176 - Analysis - INFO - [1mGeneration number 40 	 Code coverage: 86.97% (1288/1481) 	 Branch coverage: 85.23% (75/88) 	 Transactions: 3649 (893 unique)   	 Time: 33.19863772392273[0m
2025-09-21 14:25:00,569 - Analysis - INFO - [1mGeneration number 41 	 Code coverage: 86.97% (1288/1481) 	 Branch coverage: 85.23% (75/88) 	 Transactions: 3703 (921 unique)   	 Time: 33.5911819934845[0m
2025-09-21 14:25:01,074 - Analysis - INFO - [1mGeneration number 42 	 Code coverage: 86.97% (1288/1481) 	 Branch coverage: 85.23% (75/88) 	 Transactions: 3764 (940 unique)   	 Time: 34.09683704376221[0m
2025-09-21 14:25:01,747 - Analysis - INFO - [1mGeneration number 43 	 Code coverage: 86.97% (1288/1481) 	 Branch coverage: 85.23% (75/88) 	 Transactions: 3844 (958 unique)   	 Time: 34.76997900009155[0m
2025-09-21 14:25:02,093 - Analysis - ERROR - [91m[1m([91m[1m0xa9059cbb[0m[0m) [symbolic execution : calldataload ] 'NoneType' object has no attribute 'as_long'[0m[0m
2025-09-21 14:25:02,840 - Analysis - INFO - [1mGeneration number 44 	 Code coverage: 86.97% (1288/1481) 	 Branch coverage: 85.23% (75/88) 	 Transactions: 3939 (983 unique)   	 Time: 35.862892627716064[0m
2025-09-21 14:25:03,634 - Analysis - INFO - [1mGeneration number 45 	 Code coverage: 86.97% (1288/1481) 	 Branch coverage: 85.23% (75/88) 	 Transactions: 4036 (1006 unique)   	 Time: 36.656235694885254[0m
2025-09-21 14:25:04,446 - Analysis - INFO - [1mGeneration number 46 	 Code coverage: 86.97% (1288/1481) 	 Branch coverage: 85.23% (75/88) 	 Transactions: 4135 (1028 unique)   	 Time: 37.468515157699585[0m
2025-09-21 14:25:05,364 - Analysis - INFO - [1mGeneration number 47 	 Code coverage: 86.97% (1288/1481) 	 Branch coverage: 85.23% (75/88) 	 Transactions: 4239 (1052 unique)   	 Time: 38.38650155067444[0m
2025-09-21 14:25:06,296 - Analysis - INFO - [1mGeneration number 48 	 Code coverage: 86.97% (1288/1481) 	 Branch coverage: 85.23% (75/88) 	 Transactions: 4341 (1073 unique)   	 Time: 39.31862688064575[0m
2025-09-21 14:25:07,173 - Analysis - INFO - [1mGeneration number 49 	 Code coverage: 86.97% (1288/1481) 	 Branch coverage: 85.23% (75/88) 	 Transactions: 4440 (1096 unique)   	 Time: 40.1951642036438[0m
2025-09-21 14:25:07,358 - Analysis - INFO - [1m-----------------------------------------------------[0m
2025-09-21 14:25:07,358 - Analysis - INFO - Number of generations: 	 49
2025-09-21 14:25:07,358 - Analysis - INFO - Number of transactions: 	 4440 (1096 unique)
2025-09-21 14:25:07,358 - Analysis - INFO - Transactions per second: 	 110
2025-09-21 14:25:07,358 - Analysis - INFO - Total code coverage: 	 86.97% (1288/1481)
2025-09-21 14:25:07,358 - Analysis - INFO - Total branch coverage: 	 85.23% (75/88)
2025-09-21 14:25:07,358 - Analysis - INFO - Total execution time: 	 40.38 seconds
2025-09-21 14:25:07,359 - Analysis - INFO - Total memory consumption: 	 93.48 MB

     ______            ______                _           
    / ____/___  ____  / ____/_  __________  (_)_  _______
   / /   / __ \/ __ \/ /_  / / / /_  /_  / / / / / / ___/
  / /___/ /_/ / / / / __/ / /_/ / / /_/ /_/ / /_/ (__  ) 
  \____/\____/_/ /_/_/    \__,_/ /___/___/_/\__,_/____/  

delteed file
