Extract contract Bank from /sb/modifier_reentrancy.sol
Extract contract ModifierEntrancy from /sb/modifier_reentrancy.sol
Extract contract attack from /sb/modifier_reentrancy.sol
Extracted 3 contract(s) from /sb/modifier_reentrancy.sol
[0;32m> Created "fuzzMe"[0m
[0;32m> To fuzz contracts:[0m
  chmod +x fuzzMe
  ./fuzzMe
assets/NormalAttacker.sol:5:3: Warning: No visibility specified. Defaulting to "public". 
  function() payable {
  ^ (Relevant source part starts here and spans across multiple lines).
assets/ReentrancyAttacker.sol:8:7: Warning: Return value of low-level calls not used.
      msg.sender.call(bytes4(255));
      ^--------------------------^
assets/ReentrancyAttacker.sol:5:3: Warning: No visibility specified. Defaulting to "public". 
  function() payable {
  ^ (Relevant source part starts here and spans across multiple lines).
>> Fuzz ModifierEntrancy
** Write stats: 0.006916
** Write stats: 5.0002
** Write stats: 10.0002
** Write stats: 15.0056
** Write stats: 20.0402
** Write stats: 25.0303
** Write stats: 30.0001
** Write stats: 35.0001
** Write stats: 40.0001
** Write stats: 45.0001
** Write stats: 50.0001
** Write stats: 55.0018
** Write stats: 60.0001
** Write stats: 65.0098
** Write stats: 70.0002
** Write stats: 75.0002
** Write stats: 80.0001
** Write stats: 85.0002
** Write stats: 90.0003
** Write stats: 95.0002
** Write stats: 98.0055
>> Fuzz attack
** Write stats: 0.003101
** Write stats: 5.00014
** Write stats: 10.0002
** Write stats: 15.0001
** Write stats: 20.0003
** Write stats: 25.0001
** Write stats: 30.0002
** Write stats: 35.0002
** Write stats: 40.0001
** Write stats: 45.0001
** Write stats: 50.0001
** Write stats: 55.0003
** Write stats: 60.0004
** Write stats: 65.0002
** Write stats: 70.0001
** Write stats: 75.0001
** Write stats: 80.0002
** Write stats: 85.0001
** Write stats: 90.0002
** Write stats: 95.0004
** Write stats: 98.0203
>> Fuzz Bank
** Write stats: 0.001729
** Write stats: 5.00007
** Write stats: 10.0001
** Write stats: 15.0001
** Write stats: 20.0001
** Write stats: 25.0001
** Write stats: 30.0001
** Write stats: 35.0001
** Write stats: 40.0338
** Write stats: 45
** Write stats: 50.0001
** Write stats: 55
** Write stats: 60.0001
** Write stats: 65.0001
** Write stats: 70.0001
** Write stats: 75.0001
** Write stats: 80.0083
** Write stats: 85.0006
** Write stats: 90
** Write stats: 95.0001
