Extract contract ReentrancyDAO from /sb/reentrancy_dao.sol
Extracted 1 contract(s) from /sb/reentrancy_dao.sol
[0;32m> Created "fuzzMe"[0m
[0;32m> To fuzz contracts:[0m
  chmod +x fuzzMe
  ./fuzzMe
assets/NormalAttacker.sol:5:3: Warning: No visibility specified. Defaulting to "public". 
  function() payable {
  ^ (Relevant source part starts here and spans across multiple lines).
assets/ReentrancyAttacker.sol:8:7: Warning: Return value of low-level calls not used.
      msg.sender.call(bytes4(255));
      ^--------------------------^
assets/ReentrancyAttacker.sol:5:3: Warning: No visibility specified. Defaulting to "public". 
  function() payable {
  ^ (Relevant source part starts here and spans across multiple lines).
>> Fuzz ReentrancyDAO
** Write stats: 0.014251
** Write stats: 5.0032
** Write stats: 10.0028
** Write stats: 15.0037
** Write stats: 20.0065
** Write stats: 25.0016
** Write stats: 30.001
** Write stats: 35.0036
** Write stats: 40.0015
** Write stats: 45.0049
** Write stats: 50.0068
** Write stats: 55.0032
** Write stats: 60.0003
** Write stats: 65.0099
** Write stats: 70.0023
** Write stats: 75.0036
** Write stats: 80.0087
** Write stats: 85.0099
** Write stats: 90.0105
** Write stats: 95.0071
** Write stats: 100.004
** Write stats: 105.009
** Write stats: 110.01
** Write stats: 115.005
** Write stats: 120.009
** Write stats: 120.01
