2025-09-22 01:25:35,931 - Main     - INFO - [1mInitializing seed to 1427655.0[0m
2025-09-22 01:25:35,987 - Fuzzer   - INFO - [1mFuzzing contract [1mCCP[0m[0m
2025-09-22 01:25:36,127 - Analysis - INFO - [1mGeneration number 0 	 Code coverage: 62.08% (933/1503) 	 Branch coverage: 71.79% (56/78) 	 Transactions: 25 (24 unique)   	 Time: 0.12847065925598145[0m
2025-09-22 01:25:36,204 - Detector - INFO - [1m[33m-----------------------------------------------------[0m
2025-09-22 01:25:36,204 - Detector - INFO - [1m[33m          !!! Assertion failure detected !!!         [0m
2025-09-22 01:25:36,204 - Detector - INFO - [1m[33m-----------------------------------------------------[0m
2025-09-22 01:25:36,204 - Detector - INFO - [1m[33mSWC-ID:   110[0m
2025-09-22 01:25:36,204 - Detector - INFO - [1m[33mSeverity: Medium[0m
2025-09-22 01:25:36,204 - Detector - INFO - [1m[33m-----------------------------------------------------[0m
2025-09-22 01:25:36,204 - Detector - INFO - [1m[33mSource code line:[0m
2025-09-22 01:25:36,204 - Detector - INFO - [1m[33m-----------------------------------------------------[0m
2025-09-22 01:25:36,204 - Detector - INFO - [1m[33m/sb/0x747bae8392c526754abc01fa519fa4c1bcb41cc5.sol:137:1[0m
2025-09-22 01:25:36,204 - Detector - INFO - [1m[33massert(b <= a)[0m
2025-09-22 01:25:36,204 - Detector - INFO - [1m[33m-----------------------------------------------------[0m
2025-09-22 01:25:36,204 - Detector - INFO - [1m[33mTransaction sequence:[0m
2025-09-22 01:25:36,204 - Detector - INFO - [1m[33m-----------------------------------------------------[0m
2025-09-22 01:25:36,204 - Detector - INFO - [1m[33mTransaction 1 - transfer(address,uint256):[0m
2025-09-22 01:25:36,204 - Detector - INFO - [1m[33m-----------------------------------------------------[0m
2025-09-22 01:25:36,205 - Detector - INFO - [1m[33mFrom:      0xcafebabecafebabecafebabecafebabecafebabe[0m
2025-09-22 01:25:36,205 - Detector - INFO - [1m[33mTo:        0x2c5e8a3b3aad9df32339409534e64dfcabcd3a65[0m
2025-09-22 01:25:36,205 - Detector - INFO - [1m[33mValue:     0 Wei[0m
2025-09-22 01:25:36,205 - Detector - INFO - [1m[33mGas Limit: 4500000[0m
2025-09-22 01:25:36,205 - Detector - INFO - [1m[33mInput:     0xa9059cbb000000000000000000000000deadbeef[0m
2025-09-22 01:25:36,205 - Detector - INFO - [1m[33m           deadbeefdeadbeefdeadbeefdeadbeef794d035fc5[0m
2025-09-22 01:25:36,205 - Detector - INFO - [1m[33m           148a03b6918f9788ce07235f3c57b32ee4dda463c0[0m
2025-09-22 01:25:36,205 - Detector - INFO - [1m[33m           70d4ab50de71[0m
2025-09-22 01:25:36,205 - Detector - INFO - [1m[33m-----------------------------------------------------[0m
2025-09-22 01:25:36,205 - Detector - INFO - [1m[33mTransaction 2 - balanceOf(address):[0m
2025-09-22 01:25:36,205 - Detector - INFO - [1m[33m-----------------------------------------------------[0m
2025-09-22 01:25:36,205 - Detector - INFO - [1m[33mFrom:      0xcafebabecafebabecafebabecafebabecafebabe[0m
2025-09-22 01:25:36,205 - Detector - INFO - [1m[33mTo:        0x2c5e8a3b3aad9df32339409534e64dfcabcd3a65[0m
2025-09-22 01:25:36,205 - Detector - INFO - [1m[33mValue:     1 Wei[0m
2025-09-22 01:25:36,205 - Detector - INFO - [1m[33mGas Limit: 4500000[0m
2025-09-22 01:25:36,205 - Detector - INFO - [1m[33mInput:     0x70a08231000000000000000000000000cafebabe[0m
2025-09-22 01:25:36,205 - Detector - INFO - [1m[33m           cafebabecafebabecafebabecafebabe[0m
2025-09-22 01:25:36,205 - Detector - INFO - [1m[33m-----------------------------------------------------[0m
2025-09-22 01:25:36,285 - Analysis - INFO - [1mGeneration number 1 	 Code coverage: 62.14% (934/1503) 	 Branch coverage: 73.08% (57/78) 	 Transactions: 52 (39 unique)   	 Time: 0.28642702102661133[0m
2025-09-22 01:25:36,592 - Analysis - INFO - [1mGeneration number 2 	 Code coverage: 62.14% (934/1503) 	 Branch coverage: 73.08% (57/78) 	 Transactions: 95 (58 unique)   	 Time: 0.5936670303344727[0m
2025-09-22 01:25:37,273 - Analysis - INFO - [1mGeneration number 3 	 Code coverage: 70.19% (1055/1503) 	 Branch coverage: 76.92% (60/78) 	 Transactions: 161 (79 unique)   	 Time: 1.274998664855957[0m
2025-09-22 01:25:38,189 - Analysis - INFO - [1mGeneration number 4 	 Code coverage: 70.39% (1058/1503) 	 Branch coverage: 78.21% (61/78) 	 Transactions: 243 (102 unique)   	 Time: 2.190142869949341[0m
2025-09-22 01:25:39,267 - Analysis - INFO - [1mGeneration number 5 	 Code coverage: 70.39% (1058/1503) 	 Branch coverage: 78.21% (61/78) 	 Transactions: 337 (126 unique)   	 Time: 3.2684738636016846[0m
2025-09-22 01:25:40,038 - Analysis - INFO - [1mGeneration number 6 	 Code coverage: 70.39% (1058/1503) 	 Branch coverage: 78.21% (61/78) 	 Transactions: 430 (150 unique)   	 Time: 4.0394415855407715[0m
2025-09-22 01:25:40,948 - Analysis - INFO - [1mGeneration number 7 	 Code coverage: 70.39% (1058/1503) 	 Branch coverage: 78.21% (61/78) 	 Transactions: 527 (174 unique)   	 Time: 4.949403762817383[0m
2025-09-22 01:25:42,047 - Analysis - INFO - [1mGeneration number 8 	 Code coverage: 70.39% (1058/1503) 	 Branch coverage: 78.21% (61/78) 	 Transactions: 630 (198 unique)   	 Time: 6.048183917999268[0m
2025-09-22 01:25:43,064 - Analysis - INFO - [1mGeneration number 9 	 Code coverage: 70.39% (1058/1503) 	 Branch coverage: 78.21% (61/78) 	 Transactions: 731 (222 unique)   	 Time: 7.066035985946655[0m
2025-09-22 01:25:44,073 - Analysis - INFO - [1mGeneration number 10 	 Code coverage: 70.39% (1058/1503) 	 Branch coverage: 78.21% (61/78) 	 Transactions: 828 (245 unique)   	 Time: 8.074187517166138[0m
2025-09-22 01:25:45,377 - Analysis - INFO - [1mGeneration number 11 	 Code coverage: 70.39% (1058/1503) 	 Branch coverage: 78.21% (61/78) 	 Transactions: 931 (268 unique)   	 Time: 9.378475427627563[0m
2025-09-22 01:25:46,614 - Analysis - INFO - [1mGeneration number 12 	 Code coverage: 70.39% (1058/1503) 	 Branch coverage: 78.21% (61/78) 	 Transactions: 1034 (292 unique)   	 Time: 10.615378856658936[0m
2025-09-22 01:25:47,650 - Analysis - INFO - [1mGeneration number 13 	 Code coverage: 70.39% (1058/1503) 	 Branch coverage: 78.21% (61/78) 	 Transactions: 1133 (316 unique)   	 Time: 11.651653289794922[0m
2025-09-22 01:25:48,624 - Analysis - INFO - [1mGeneration number 14 	 Code coverage: 70.39% (1058/1503) 	 Branch coverage: 78.21% (61/78) 	 Transactions: 1229 (340 unique)   	 Time: 12.625761270523071[0m
2025-09-22 01:25:49,629 - Analysis - INFO - [1mGeneration number 15 	 Code coverage: 70.39% (1058/1503) 	 Branch coverage: 78.21% (61/78) 	 Transactions: 1326 (364 unique)   	 Time: 13.630883932113647[0m
2025-09-22 01:25:49,694 - Detector - INFO - [1m[31m-----------------------------------------------------[0m
2025-09-22 01:25:49,694 - Detector - INFO - [1m[31m            !!! Reentrancy detected !!!              [0m
2025-09-22 01:25:49,694 - Detector - INFO - [1m[31m-----------------------------------------------------[0m
2025-09-22 01:25:49,694 - Detector - INFO - [1m[31mSWC-ID:   107[0m
2025-09-22 01:25:49,694 - Detector - INFO - [1m[31mSeverity: High[0m
2025-09-22 01:25:49,694 - Detector - INFO - [1m[31m-----------------------------------------------------[0m
2025-09-22 01:25:49,694 - Detector - INFO - [1m[31mSource code line:[0m
2025-09-22 01:25:49,694 - Detector - INFO - [1m[31m-----------------------------------------------------[0m
2025-09-22 01:25:49,694 - Detector - INFO - [1m[31m/sb/0x747bae8392c526754abc01fa519fa4c1bcb41cc5.sol:66:1[0m
2025-09-22 01:25:49,694 - Detector - INFO - [1m[31mERC223ReceivingContract(_to).tokenFallback(msg.sender, _value, _data)[0m
2025-09-22 01:25:49,694 - Detector - INFO - [1m[31m-----------------------------------------------------[0m
2025-09-22 01:25:49,694 - Detector - INFO - [1m[31mTransaction sequence:[0m
2025-09-22 01:25:49,694 - Detector - INFO - [1m[31m-----------------------------------------------------[0m
2025-09-22 01:25:49,694 - Detector - INFO - [1m[31mTransaction - transfer(address,uint256,bytes):[0m
2025-09-22 01:25:49,694 - Detector - INFO - [1m[31m-----------------------------------------------------[0m
2025-09-22 01:25:49,694 - Detector - INFO - [1m[31mFrom:      0xcafebabecafebabecafebabecafebabecafebabe[0m
2025-09-22 01:25:49,694 - Detector - INFO - [1m[31mTo:        0x2c5e8a3b3aad9df32339409534e64dfcabcd3a65[0m
2025-09-22 01:25:49,694 - Detector - INFO - [1m[31mValue:     0 Wei[0m
2025-09-22 01:25:49,694 - Detector - INFO - [1m[31mGas Limit: 4500000[0m
2025-09-22 01:25:49,694 - Detector - INFO - [1m[31mInput:     0xbe45fd62000000000000000000000000cafebabe[0m
2025-09-22 01:25:49,694 - Detector - INFO - [1m[31m           cafebabecafebabecafebabecafebabe0000000000[0m
2025-09-22 01:25:49,694 - Detector - INFO - [1m[31m           000000000000000000000000000000000000000000[0m
2025-09-22 01:25:49,694 - Detector - INFO - [1m[31m           000000000000000000000000000000000000000000[0m
2025-09-22 01:25:49,695 - Detector - INFO - [1m[31m           000000000000000000000000000000006000000000[0m
2025-09-22 01:25:49,695 - Detector - INFO - [1m[31m           000000000000000000000000000000000000000000[0m
2025-09-22 01:25:49,695 - Detector - INFO - [1m[31m           00000000000001a400000000000000000000000000[0m
2025-09-22 01:25:49,695 - Detector - INFO - [1m[31m           000000000000000000000000000000000000[0m
2025-09-22 01:25:49,695 - Detector - INFO - [1m[31m-----------------------------------------------------[0m
2025-09-22 01:25:50,048 - Analysis - INFO - [1mGeneration number 16 	 Code coverage: 94.54% (1421/1503) 	 Branch coverage: 89.74% (70/78) 	 Transactions: 1377 (391 unique)   	 Time: 14.049968719482422[0m
2025-09-22 01:25:50,584 - Analysis - INFO - [1mGeneration number 17 	 Code coverage: 94.74% (1424/1503) 	 Branch coverage: 91.03% (71/78) 	 Transactions: 1432 (411 unique)   	 Time: 14.585501194000244[0m
2025-09-22 01:25:51,448 - Analysis - INFO - [1mGeneration number 18 	 Code coverage: 94.74% (1424/1503) 	 Branch coverage: 93.59% (73/78) 	 Transactions: 1511 (432 unique)   	 Time: 15.44922947883606[0m
2025-09-22 01:25:51,492 - Analysis - INFO - [1m-----------------------------------------------------[0m
2025-09-22 01:25:51,492 - Analysis - INFO - Number of generations: 	 18
2025-09-22 01:25:51,492 - Analysis - INFO - Number of transactions: 	 1511 (432 unique)
2025-09-22 01:25:51,492 - Analysis - INFO - Transactions per second: 	 98
2025-09-22 01:25:51,492 - Analysis - INFO - Total code coverage: 	 94.74% (1424/1503)
2025-09-22 01:25:51,492 - Analysis - INFO - Total branch coverage: 	 93.59% (73/78)
2025-09-22 01:25:51,492 - Analysis - INFO - Total execution time: 	 15.49 seconds
2025-09-22 01:25:51,493 - Analysis - INFO - Total memory consumption: 	 74.70 MB

     ______            ______                _           
    / ____/___  ____  / ____/_  __________  (_)_  _______
   / /   / __ \/ __ \/ /_  / / / /_  /_  / / / / / / ___/
  / /___/ /_/ / / / / __/ / /_/ / / /_/ /_/ / /_/ (__  ) 
  \____/\____/_/ /_/_/    \__,_/ /___/___/_/\__,_/____/  

delteed file
