2025-09-04 01:09:05,216: [11] m.main:INFO: Registered plugins: IntrospectionAPIPlugin, <class 'manticore.ethereum.plugins.SkipRevertBasicBlocks'>, <class 'manticore.ethereum.plugins.FilterFunctions'>
2025-09-04 01:09:05,217: [11] m.main:INFO: Beginning analysis
2025-09-04 01:09:05,218: [11] m.e.manticore:INFO: Starting symbolic create contract
2025-09-04 01:09:05,924: [11] m.e.manticore:INFO: Starting symbolic transaction: 0
2025-09-04 01:09:08,530: [11] m.e.manticore:INFO: Found a concrete globalsha3 b'\x00\x00\x00\x00\x00\x00\x00\x00\x00\x00\x00\x00\x00\x00\x00\x00\x00\x00\x00\x00\x00\x00\x00\x00\x00\x00\x00\x00\x00\x02\x00\x00\x00\x00\x00\x00\x00\x00\x00\x00\x00\x00\x00\x00\x00\x00\x00\x00\x00\x00\x00\x00\x00\x00\x00\x00\x00\x00\x00\x00\x00\x00\x00\x00' -> 73138091548938366139099779971772605061518111956507126412222883840269740007539
2025-09-04 01:09:11,005: [11] m.e.manticore:INFO: Found a concrete globalsha3 b'\x00\x00\x00\x00\x00\x00\x00\x00\x00\x00\x00\x00\x00\x00\x00\x00\x00\x00\x00\x00\x00\x00\x00\x00\x00\x00\x00\x00\x00\x02\x00\x00\x00\x00\x00\x00\x00\x00\x00\x00\x00\x00\x00\x00\x00\x00\x00\x00\x00\x00\x00\x00\x00\x00\x00\x00\x00\x00\x00\x00\x00\x00\x00\x01' -> 27376155845717860833342594873357525089589924219251518322086369159840883582034
2025-09-04 01:09:11,581: [11] m.e.manticore:INFO: 2 alive states, 2 terminated states
2025-09-04 01:09:12,033: [11] m.e.manticore:INFO: Starting symbolic transaction: 1
2025-09-04 01:09:28,973: [11] m.e.manticore:INFO: 4 alive states, 4 terminated states
2025-09-04 01:09:29,298: [11] m.e.manticore:INFO: Starting symbolic transaction: 2
2025-09-04 01:10:17,174: [11] m.e.manticore:INFO: 9 alive states, 7 terminated states
2025-09-04 01:10:17,485: [11] m.e.manticore:INFO: Starting symbolic transaction: 3
2025-09-04 01:12:30,528: [11] m.e.manticore:INFO: 21 alive states, 13 terminated states
2025-09-04 01:12:32,313: [146] m.c.manticore:INFO: Generated testcase No. 0 - STOP(5 txs)
2025-09-04 01:12:32,314: [146] m.c.plugin:WARNING: Caught will_solve in state None, but failed to capture its initialization
2025-09-04 01:12:33,014: [147] m.c.manticore:INFO: Generated testcase No. 1 - STOP(5 txs)
2025-09-04 01:12:33,014: [147] m.c.plugin:WARNING: Caught will_solve in state None, but failed to capture its initialization
2025-09-04 01:12:33,148: [148] m.c.manticore:INFO: Generated testcase No. 2 - STOP(5 txs)
2025-09-04 01:12:33,149: [148] m.c.plugin:WARNING: Caught will_solve in state None, but failed to capture its initialization
2025-09-04 01:12:33,357: [145] m.c.manticore:INFO: Generated testcase No. 3 - STOP(5 txs)
2025-09-04 01:12:33,358: [145] m.c.plugin:WARNING: Caught will_solve in state None, but failed to capture its initialization
2025-09-04 01:12:33,469: [144] m.c.manticore:INFO: Generated testcase No. 4 - STOP(5 txs)
2025-09-04 01:12:33,473: [144] m.c.plugin:WARNING: Caught will_solve in state None, but failed to capture its initialization
2025-09-04 01:12:33,675: [140] m.c.manticore:INFO: Generated testcase No. 5 - STOP(5 txs)
2025-09-04 01:12:33,676: [140] m.c.plugin:WARNING: Caught will_solve in state None, but failed to capture its initialization
2025-09-04 01:12:33,954: [135] m.c.manticore:INFO: Generated testcase No. 8 - STOP(5 txs)
2025-09-04 01:12:33,958: [135] m.c.plugin:WARNING: Caught will_solve in state None, but failed to capture its initialization
2025-09-04 01:12:33,974: [136] m.c.manticore:INFO: Generated testcase No. 6 - STOP(5 txs)
2025-09-04 01:12:33,975: [136] m.c.plugin:WARNING: Caught will_solve in state None, but failed to capture its initialization
2025-09-04 01:12:34,165: [143] m.c.manticore:INFO: Generated testcase No. 7 - STOP(5 txs)
2025-09-04 01:12:34,169: [143] m.c.plugin:WARNING: Caught will_solve in state None, but failed to capture its initialization
2025-09-04 01:12:34,217: [142] m.c.manticore:INFO: Generated testcase No. 9 - STOP(5 txs)
2025-09-04 01:12:34,218: [142] m.c.plugin:WARNING: Caught will_solve in state None, but failed to capture its initialization
2025-09-04 01:12:35,247: [139] m.c.manticore:INFO: Generated testcase No. 10 - STOP(5 txs)
2025-09-04 01:12:35,247: [139] m.c.plugin:WARNING: Caught will_solve in state None, but failed to capture its initialization
2025-09-04 01:12:35,468: [138] m.c.manticore:INFO: Generated testcase No. 11 - STOP(5 txs)
2025-09-04 01:12:35,474: [138] m.c.plugin:WARNING: Caught will_solve in state None, but failed to capture its initialization
2025-09-04 01:12:54,683: [146] m.c.manticore:INFO: Generated testcase No. 12 - STOP(5 txs)
2025-09-04 01:12:56,670: [148] m.c.manticore:INFO: Generated testcase No. 13 - STOP(5 txs)
2025-09-04 01:13:01,210: [147] m.c.manticore:INFO: Generated testcase No. 14 - STOP(5 txs)
2025-09-04 01:13:08,564: [136] m.c.manticore:INFO: Generated testcase No. 15 - STOP(5 txs)
2025-09-04 01:13:11,307: [140] m.c.manticore:INFO: Generated testcase No. 16 - STOP(5 txs)
2025-09-04 01:13:11,662: [143] m.c.manticore:INFO: Generated testcase No. 17 - STOP(5 txs)
2025-09-04 01:13:12,631: [144] m.c.manticore:INFO: Generated testcase No. 18 - STOP(5 txs)
2025-09-04 01:13:18,362: [145] m.c.manticore:INFO: Generated testcase No. 19 - STOP(5 txs)
2025-09-04 01:13:23,782: [142] m.c.manticore:INFO: Generated testcase No. 20 - STOP(5 txs)
2025-09-04 01:14:47,908: [11] m.c.manticore:INFO: Results in /mcore_jkdwp0yy
2025-09-04 01:14:47,908: [11] m.c.manticore:INFO: Total time: 270.1548204421997
