2025-09-22 02:06:39,868 - Main     - INFO - [1mInitializing seed to 1427655.0[0m
2025-09-22 02:06:39,909 - Fuzzer   - INFO - [1mFuzzing contract [1mDGCASH[0m[0m
2025-09-22 02:06:40,073 - Analysis - INFO - [1mGeneration number 0 	 Code coverage: 83.90% (813/969) 	 Branch coverage: 77.94% (53/68) 	 Transactions: 23 (22 unique)   	 Time: 0.15279245376586914[0m
2025-09-22 02:06:40,372 - Analysis - INFO - [1mGeneration number 1 	 Code coverage: 94.32% (914/969) 	 Branch coverage: 82.35% (56/68) 	 Transactions: 45 (31 unique)   	 Time: 0.45114994049072266[0m
2025-09-22 02:06:41,144 - Analysis - INFO - [1mGeneration number 2 	 Code coverage: 94.32% (914/969) 	 Branch coverage: 82.35% (56/68) 	 Transactions: 89 (46 unique)   	 Time: 1.2234344482421875[0m
2025-09-22 02:06:42,657 - Analysis - INFO - [1mGeneration number 3 	 Code coverage: 94.63% (917/969) 	 Branch coverage: 83.82% (57/68) 	 Transactions: 144 (63 unique)   	 Time: 2.7366926670074463[0m
2025-09-22 02:06:43,992 - Analysis - INFO - [1mGeneration number 4 	 Code coverage: 94.63% (917/969) 	 Branch coverage: 83.82% (57/68) 	 Transactions: 211 (81 unique)   	 Time: 4.0718793869018555[0m
2025-09-22 02:06:45,663 - Analysis - INFO - [1mGeneration number 5 	 Code coverage: 94.63% (917/969) 	 Branch coverage: 83.82% (57/68) 	 Transactions: 274 (97 unique)   	 Time: 5.742304563522339[0m
2025-09-22 02:06:47,510 - Analysis - INFO - [1mGeneration number 6 	 Code coverage: 94.63% (917/969) 	 Branch coverage: 83.82% (57/68) 	 Transactions: 341 (117 unique)   	 Time: 7.589509725570679[0m
2025-09-22 02:06:49,154 - Analysis - INFO - [1mGeneration number 7 	 Code coverage: 94.63% (917/969) 	 Branch coverage: 83.82% (57/68) 	 Transactions: 402 (135 unique)   	 Time: 9.233304977416992[0m
2025-09-22 02:06:50,952 - Analysis - INFO - [1mGeneration number 8 	 Code coverage: 94.63% (917/969) 	 Branch coverage: 83.82% (57/68) 	 Transactions: 466 (150 unique)   	 Time: 11.031872034072876[0m
2025-09-22 02:06:52,831 - Analysis - INFO - [1mGeneration number 9 	 Code coverage: 94.63% (917/969) 	 Branch coverage: 83.82% (57/68) 	 Transactions: 532 (169 unique)   	 Time: 12.910749435424805[0m
2025-09-22 02:06:54,687 - Analysis - INFO - [1mGeneration number 10 	 Code coverage: 94.63% (917/969) 	 Branch coverage: 83.82% (57/68) 	 Transactions: 598 (188 unique)   	 Time: 14.765947580337524[0m
2025-09-22 02:06:56,504 - Analysis - INFO - [1mGeneration number 11 	 Code coverage: 94.63% (917/969) 	 Branch coverage: 83.82% (57/68) 	 Transactions: 661 (207 unique)   	 Time: 16.583540439605713[0m
2025-09-22 02:06:58,438 - Analysis - INFO - [1mGeneration number 12 	 Code coverage: 94.63% (917/969) 	 Branch coverage: 83.82% (57/68) 	 Transactions: 727 (228 unique)   	 Time: 18.517680883407593[0m
2025-09-22 02:07:00,167 - Analysis - INFO - [1mGeneration number 13 	 Code coverage: 94.63% (917/969) 	 Branch coverage: 83.82% (57/68) 	 Transactions: 790 (246 unique)   	 Time: 20.246057271957397[0m
2025-09-22 02:07:01,882 - Analysis - INFO - [1mGeneration number 14 	 Code coverage: 94.63% (917/969) 	 Branch coverage: 83.82% (57/68) 	 Transactions: 856 (260 unique)   	 Time: 21.961372137069702[0m
2025-09-22 02:07:02,776 - Analysis - INFO - [1mGeneration number 15 	 Code coverage: 95.36% (924/969) 	 Branch coverage: 85.29% (58/68) 	 Transactions: 897 (274 unique)   	 Time: 22.855428457260132[0m
2025-09-22 02:07:03,705 - Analysis - INFO - [1mGeneration number 16 	 Code coverage: 95.36% (924/969) 	 Branch coverage: 85.29% (58/68) 	 Transactions: 934 (282 unique)   	 Time: 23.784297466278076[0m
2025-09-22 02:07:04,771 - Analysis - INFO - [1mGeneration number 17 	 Code coverage: 95.36% (924/969) 	 Branch coverage: 85.29% (58/68) 	 Transactions: 981 (293 unique)   	 Time: 24.849992513656616[0m
2025-09-22 02:07:06,021 - Analysis - INFO - [1mGeneration number 18 	 Code coverage: 95.36% (924/969) 	 Branch coverage: 85.29% (58/68) 	 Transactions: 1039 (307 unique)   	 Time: 26.10051131248474[0m
2025-09-22 02:07:07,423 - Analysis - INFO - [1mGeneration number 19 	 Code coverage: 95.36% (924/969) 	 Branch coverage: 85.29% (58/68) 	 Transactions: 1104 (324 unique)   	 Time: 27.50257921218872[0m
2025-09-22 02:07:09,265 - Analysis - INFO - [1mGeneration number 20 	 Code coverage: 95.36% (924/969) 	 Branch coverage: 85.29% (58/68) 	 Transactions: 1192 (343 unique)   	 Time: 29.344549894332886[0m
2025-09-22 02:07:11,152 - Analysis - INFO - [1mGeneration number 21 	 Code coverage: 95.36% (924/969) 	 Branch coverage: 85.29% (58/68) 	 Transactions: 1281 (361 unique)   	 Time: 31.23157787322998[0m
2025-09-22 02:07:12,935 - Analysis - INFO - [1mGeneration number 22 	 Code coverage: 95.36% (924/969) 	 Branch coverage: 85.29% (58/68) 	 Transactions: 1368 (381 unique)   	 Time: 33.01394271850586[0m
2025-09-22 02:07:14,682 - Analysis - INFO - [1mGeneration number 23 	 Code coverage: 95.36% (924/969) 	 Branch coverage: 85.29% (58/68) 	 Transactions: 1449 (398 unique)   	 Time: 34.76139974594116[0m
2025-09-22 02:07:16,628 - Analysis - INFO - [1mGeneration number 24 	 Code coverage: 95.36% (924/969) 	 Branch coverage: 85.29% (58/68) 	 Transactions: 1533 (418 unique)   	 Time: 36.70721101760864[0m
2025-09-22 02:07:17,374 - Analysis - INFO - [1mGeneration number 25 	 Code coverage: 95.36% (924/969) 	 Branch coverage: 85.29% (58/68) 	 Transactions: 1578 (432 unique)   	 Time: 37.45302224159241[0m
2025-09-22 02:07:17,976 - Analysis - INFO - [1mGeneration number 26 	 Code coverage: 95.36% (924/969) 	 Branch coverage: 85.29% (58/68) 	 Transactions: 1610 (440 unique)   	 Time: 38.0556857585907[0m
2025-09-22 02:07:18,978 - Analysis - INFO - [1mGeneration number 27 	 Code coverage: 95.36% (924/969) 	 Branch coverage: 85.29% (58/68) 	 Transactions: 1667 (452 unique)   	 Time: 39.05720067024231[0m
2025-09-22 02:07:20,163 - Analysis - INFO - [1mGeneration number 28 	 Code coverage: 95.36% (924/969) 	 Branch coverage: 85.29% (58/68) 	 Transactions: 1739 (469 unique)   	 Time: 40.2428925037384[0m
2025-09-22 02:07:20,413 - Analysis - INFO - [1m-----------------------------------------------------[0m
2025-09-22 02:07:20,413 - Analysis - INFO - Number of generations: 	 28
2025-09-22 02:07:20,413 - Analysis - INFO - Number of transactions: 	 1739 (469 unique)
2025-09-22 02:07:20,413 - Analysis - INFO - Transactions per second: 	 43
2025-09-22 02:07:20,413 - Analysis - INFO - Total code coverage: 	 95.36% (924/969)
2025-09-22 02:07:20,413 - Analysis - INFO - Total branch coverage: 	 85.29% (58/68)
2025-09-22 02:07:20,413 - Analysis - INFO - Total execution time: 	 40.49 seconds
2025-09-22 02:07:20,413 - Analysis - INFO - Total memory consumption: 	 86.84 MB

     ______            ______                _           
    / ____/___  ____  / ____/_  __________  (_)_  _______
   / /   / __ \/ __ \/ /_  / / / /_  /_  / / / / / / ___/
  / /___/ /_/ / / / / __/ / /_/ / / /_/ /_/ / /_/ (__  ) 
  \____/\____/_/ /_/_/    \__,_/ /___/___/_/\__,_/____/  

delteed file
