Arguments passed: ['/home/user/Documents/GitHub/smartbugs/sb/__main__.py', '-t', 'slither', '-f', 'samples/SmartbugsWild/0x00c4b398500645eb5da00a1a379a88b11683ba01.sol', 'samples/SmartbugsWild/0x00c7221d5fbdaab1448675a156876efb885a6449.sol', 'samples/SmartbugsWild/0x0675daa94725a528b05a3a88635c03ea964bfa7e.sol', 'samples/SmartbugsWild/0x0676c860e11ea7b53c09bd7f2adb70fe81c8dd1e.sol', 'samples/SmartbugsWild/0x0730e01be94258aa1b58a27bb4ed6598586b404c.sol', 'samples/SmartbugsWild/0x0747af71e2034bc2d2fcad388a264f5ccdff505c.sol', 'samples/SmartbugsWild/0x0750c09a0750d505b265f03f7d57d8c86e9c5cd6.sol', 'samples/SmartbugsWild/0x0824d3c0445a0200ed69aeb129e5601108af2192.sol', 'samples/SmartbugsWild/0x0a2a94ded0b8c9cb3bd4ec2ef86eeee637a4db7c.sol', 'samples/SmartbugsWild/0x0a2d553217e92c6553334723f0669cc3f61fd569.sol', 'samples/SmartbugsWild/0x0a2d9370cf74da3fd3df5d764e394ca8205c50b6.sol', 'samples/SmartbugsWild/0x0a2e4752f5e348cd262662450402e4bc1f1b76fc.sol', 'samples/SmartbugsWild/0x0a6f2d9d82baef6dd0f3a2f4679287680aad1fc0.sol', 'samples/SmartbugsWild/0x0a7d11ea2308f80eb239f2e4c77715725ae8650d.sol', 'samples/SmartbugsWild/0x0a7f20c58c3014e1dfb7f9d460d8bc2202f7bf1f.sol', 'samples/SmartbugsWild/0x0a7fa17d89d45370819691e335cb8fe688364632.sol', 'samples/SmartbugsWild/0x0a8c316420f8d27812beae70faa42f0522c868b1.sol', 'samples/SmartbugsWild/0x0a8c3b7e149891ff594e3ad580f8e1769151a07b.sol', 'samples/SmartbugsWild/0x0a9a88059c8d54af3d466020af987e98d4024219.sol', 'samples/SmartbugsWild/0x0a9a9ce600d08bf9b76f49fa4e7b38a67ebeb1e6.sol', 'samples/SmartbugsWild/0x0c01d1a41f21863c194c8e948054f8e3a433c424.sol', 'samples/SmartbugsWild/0x0c04d4f331da8df75f9e2e271e3f3f1494c66c36.sol', 'samples/SmartbugsWild/0x0c116eaa8ebbfbd4295c3361243441f6b50247f7.sol', 'samples/SmartbugsWild/0x0c1a07d17f39a179245f2ef277cef97671cf9648.sol', 'samples/SmartbugsWild/0x0c1a3a44e2161c871b08ebbafda46bd12748953f.sol', 'samples/SmartbugsWild/0x0c1bfd8365100b6176f0149d716182498581e883.sol', 'samples/SmartbugsWild/0x0c1d55e948d26c1e7a6bc9a1f93c9d15395a39f1.sol', 'samples/SmartbugsWild/0x0c4b3bac8832ad0e96850f827b115caf91f902b9.sol', 'samples/SmartbugsWild/0x0c4ca33a680fb974b41f020fda52fa430af22039.sol', 'samples/SmartbugsWild/0x0c4f0652d08951982d38f21e8deca798836a1597.sol', 'samples/SmartbugsWild/0x0c5ba02495f109880cbb0d37391d7bf24d47004b.sol', 'samples/SmartbugsWild/0x0c5c553a0795db4b5e305ccf6c57fe885aadc0be.sol', 'samples/SmartbugsWild/0x0c89a1c85af07540be9ea062c4f68ad6c2cfeda8.sol', 'samples/SmartbugsWild/0x0c93bd73cbb8b4a4abb8e811d5cb7887133ffa3b.sol', 'samples/SmartbugsWild/0x0c94c26d41332070976ef0b4ce3441e430a2db81.sol', 'samples/SmartbugsWild/0x0c99c08f07fe90d3765703ca37004d6deb080e51.sol', 'samples/SmartbugsWild/0x0cc06a72f686662adfb7d29c25c40f9b1725fc76.sol', 'samples/SmartbugsWild/0x0cc4a9231ceeea1b704bc8c6743656255753652b.sol', 'samples/SmartbugsWild/0x0cc4fa70a2a064ad565d82b061be5a4e5bc33879.sol', 'samples/SmartbugsWild/0x0ccb03cb1a89808209eaebbcb059ed05e44cb9cf.sol', 'samples/SmartbugsWild/0x0ccc5899ed51ce1fd512acfa4dcdd5a8ae1d3ab7.sol', 'samples/SmartbugsWild/0x0cccfba8ac882e2025a880c875760ed2d4044860.sol', 'samples/SmartbugsWild/0x0ccd5ea595a3e7537e471f40a4d90f88ed0cf5ec.sol', 'samples/SmartbugsWild/0x0ccf3426755c88f85445e325f6f0f413e3375b49.sol', 'samples/SmartbugsWild/0x0cd161ef9eb19a95fefa69c36f9cf552c19e6b8f.sol', 'samples/SmartbugsWild/0x0cd70d195323e466eccb8797814ee6c7f1df65ee.sol', 'samples/SmartbugsWild/0x0cd7cd39bb7b10bd33a886a47d53e112bbf5ceb2.sol', 'samples/SmartbugsWild/0x0cd8a63e6772b80c6e94c85b596736fd6f1ba0d3.sol', 'samples/SmartbugsWild/0x675f070e80f89ddcc3f2457d9fe571814741e904.sol', 'samples/SmartbugsWild/0x675feee9725a652009cc115a74bc4c32ed5c4f03.sol', 'samples/SmartbugsWild/0x676abde481967851b0c28e81bde8561e756d75e8.sol', 'samples/SmartbugsWild/0x676de375a0944602fb9f767f11b7d093b60497f7.sol', 'samples/SmartbugsWild/0x714f301b4f0df04b81169a51506e2458917dbb56.sol', 'samples/SmartbugsWild/0x714f73d7f983bdc11a9ae2cc1ada2644e2044d31.sol', 'samples/SmartbugsWild/0x714fa889ea1c47dc52a5cb0c6c90115d7c572133.sol', 'samples/SmartbugsWild/0x715a3a95cf9431cb9141040ee280b3d38cf3346d.sol', 'samples/SmartbugsWild/0x715b3870ebd976b78c443b288d3dc3f0efd2f289.sol', 'samples/SmartbugsWild/0x715b58354675ba61dd2b5e4db611caf000cd94e1.sol', 'samples/SmartbugsWild/0x715b88dff71dc777559b9d654dfce55071f8e177.sol', 'samples/SmartbugsWild/0x715bb6b4c3013667de41d90a852152817cb88541.sol', 'samples/SmartbugsWild/0x715c8772e7873739b23d9ebc1c6b84baa347eba5.sol', 'samples/SmartbugsWild/0x715e0ed8658de08f06b059ff97956e874c8e4b1a.sol', 'samples/SmartbugsWild/0x715ea4b194e90e2c6861192be7883fe481bf8be4.sol', 'samples/SmartbugsWild/0x730ffa26b35cc65ededc3990471ee3a180daa357.sol', 'samples/SmartbugsWild/0x731c491a30d5095601299f0e5c47a69c8f921a1f.sol', 'samples/SmartbugsWild/0x732acb28ee1a9b47d544ed662b018219b309cf27.sol', 'samples/SmartbugsWild/0x745ed8e2dc790c3b26f6458e297d7e5d8d1d1ee8.sol', 'samples/SmartbugsWild/0x745fa4002332c020f6a05b3fe04bccf060e36dd3.sol', 'samples/SmartbugsWild/0x746a72cdf33e8464fff742455cca862cd859290c.sol', 'samples/SmartbugsWild/0x746be9d764a4c3d5b29472ffc76a91e639a4192a.sol', 'samples/SmartbugsWild/0x746dda2ea243400d5a63e0700f190ab79f06489e.sol', 'samples/SmartbugsWild/0x747bae8392c526754abc01fa519fa4c1bcb41cc5.sol', 'samples/SmartbugsWild/0x750c9f0fe58bda45a115d903dac033c5c1deb6eb.sol', 'samples/SmartbugsWild/0x750fe5a07d2fb8b8041c609479f7442771218db8.sol', 'samples/SmartbugsWild/0x752a95f199eca0335738ce0cef859fc56ee2c3d4.sol', 'samples/SmartbugsWild/0x752f2e53169191d4c776d6e6d741eb63c9b4d336.sol', 'samples/SmartbugsWild/0x752ff65b884b9c260d212c804e0b7aceea012473.sol', 'samples/SmartbugsWild/0x819f9df405abdadc3ff2e6f9531d87a8c1a5df55.sol', 'samples/SmartbugsWild/0x819fbfd76595700f2d44a337de5549dd6970d568.sol', 'samples/SmartbugsWild/0x820a002161b7617382adf5d8524f032efef12e68.sol', 'samples/SmartbugsWild/0x820b5d21d1b1125b1aad51951f6e032a07caec65.sol', 'samples/SmartbugsWild/0x820d1e2319e12c2b13dcaf25720346f0a7ddec74.sol', 'samples/SmartbugsWild/0x820dd9ae49737695a0ea027670cb2e9cdc5d4e77.sol', 'samples/SmartbugsWild/0x820ff8ccf3e70070cc742db2d64b124d83fcfa76.sol', 'samples/SmartbugsWild/0x823dcd364a0b3f2519751214ca1bcaa093826b90.sol', 'samples/SmartbugsWild/0x823ddda8fb4b1faf08dfc7440b98366454295d28.sol', 'samples/SmartbugsWild/0x823e4e669af591bd45e13164bd0de9ba5b19bc8b.sol', 'samples/SmartbugsWild/0x823f96acc48410eba6e60fbaf0012ab6c49d4633.sol', 'samples/SmartbugsWild/0x824abb5adc6a58751bee067cc607f12f4c929dea.sol', 'samples/SmartbugsWild/0x824bc5ab53f9e58592703483fdbc8a7c954bf635.sol', 'samples/SmartbugsWild/0x837e9d70de24e6ae273a6c691686c6c431b78c6b.sol', 'samples/SmartbugsWild/0x837f936009afb90e31751a4e92d9cc9350a92d93.sol', 'samples/SmartbugsWild/0x838b653d5877f92d0d9ecaea0073b479513b3326.sol', 'samples/SmartbugsWild/0x864def510d754df9c1d43b925dd9887baa5acb07.sol', 'samples/SmartbugsWild/0x864f58021ff09d7abfc2e960dd69c62ad2fc8794.sol', 'samples/SmartbugsWild/0x865a0a003b1523fec58e4b8a956d18ecd923a315.sol', 'samples/SmartbugsWild/0x865bfd8232778f00cae81315bf75ef1fe6e30cdd.sol', 'samples/SmartbugsWild/0x871a71438029549a836c042d3bd0e88ca6c88388.sol', 'samples/SmartbugsWild/0x875cfea793ad6c27fd56fdb9033495e1042c72eb.sol', 'samples/SmartbugsWild/0x9a9199b6332f0d163c33bd4afaaef0c56aa5df19.sol']
Settings: {files: [(None, 'samples/SmartbugsWild/0x00c4b398500645eb5da00a1a379a88b11683ba01.sol'), (None, 'samples/SmartbugsWild/0x00c7221d5fbdaab1448675a156876efb885a6449.sol'), (None, 'samples/SmartbugsWild/0x0675daa94725a528b05a3a88635c03ea964bfa7e.sol'), (None, 'samples/SmartbugsWild/0x0676c860e11ea7b53c09bd7f2adb70fe81c8dd1e.sol'), (None, 'samples/SmartbugsWild/0x0730e01be94258aa1b58a27bb4ed6598586b404c.sol'), (None, 'samples/SmartbugsWild/0x0747af71e2034bc2d2fcad388a264f5ccdff505c.sol'), (None, 'samples/SmartbugsWild/0x0750c09a0750d505b265f03f7d57d8c86e9c5cd6.sol'), (None, 'samples/SmartbugsWild/0x0824d3c0445a0200ed69aeb129e5601108af2192.sol'), (None, 'samples/SmartbugsWild/0x0a2a94ded0b8c9cb3bd4ec2ef86eeee637a4db7c.sol'), (None, 'samples/SmartbugsWild/0x0a2d553217e92c6553334723f0669cc3f61fd569.sol'), (None, 'samples/SmartbugsWild/0x0a2d9370cf74da3fd3df5d764e394ca8205c50b6.sol'), (None, 'samples/SmartbugsWild/0x0a2e4752f5e348cd262662450402e4bc1f1b76fc.sol'), (None, 'samples/SmartbugsWild/0x0a6f2d9d82baef6dd0f3a2f4679287680aad1fc0.sol'), (None, 'samples/SmartbugsWild/0x0a7d11ea2308f80eb239f2e4c77715725ae8650d.sol'), (None, 'samples/SmartbugsWild/0x0a7f20c58c3014e1dfb7f9d460d8bc2202f7bf1f.sol'), (None, 'samples/SmartbugsWild/0x0a7fa17d89d45370819691e335cb8fe688364632.sol'), (None, 'samples/SmartbugsWild/0x0a8c316420f8d27812beae70faa42f0522c868b1.sol'), (None, 'samples/SmartbugsWild/0x0a8c3b7e149891ff594e3ad580f8e1769151a07b.sol'), (None, 'samples/SmartbugsWild/0x0a9a88059c8d54af3d466020af987e98d4024219.sol'), (None, 'samples/SmartbugsWild/0x0a9a9ce600d08bf9b76f49fa4e7b38a67ebeb1e6.sol'), (None, 'samples/SmartbugsWild/0x0c01d1a41f21863c194c8e948054f8e3a433c424.sol'), (None, 'samples/SmartbugsWild/0x0c04d4f331da8df75f9e2e271e3f3f1494c66c36.sol'), (None, 'samples/SmartbugsWild/0x0c116eaa8ebbfbd4295c3361243441f6b50247f7.sol'), (None, 'samples/SmartbugsWild/0x0c1a07d17f39a179245f2ef277cef97671cf9648.sol'), (None, 'samples/SmartbugsWild/0x0c1a3a44e2161c871b08ebbafda46bd12748953f.sol'), (None, 'samples/SmartbugsWild/0x0c1bfd8365100b6176f0149d716182498581e883.sol'), (None, 'samples/SmartbugsWild/0x0c1d55e948d26c1e7a6bc9a1f93c9d15395a39f1.sol'), (None, 'samples/SmartbugsWild/0x0c4b3bac8832ad0e96850f827b115caf91f902b9.sol'), (None, 'samples/SmartbugsWild/0x0c4ca33a680fb974b41f020fda52fa430af22039.sol'), (None, 'samples/SmartbugsWild/0x0c4f0652d08951982d38f21e8deca798836a1597.sol'), (None, 'samples/SmartbugsWild/0x0c5ba02495f109880cbb0d37391d7bf24d47004b.sol'), (None, 'samples/SmartbugsWild/0x0c5c553a0795db4b5e305ccf6c57fe885aadc0be.sol'), (None, 'samples/SmartbugsWild/0x0c89a1c85af07540be9ea062c4f68ad6c2cfeda8.sol'), (None, 'samples/SmartbugsWild/0x0c93bd73cbb8b4a4abb8e811d5cb7887133ffa3b.sol'), (None, 'samples/SmartbugsWild/0x0c94c26d41332070976ef0b4ce3441e430a2db81.sol'), (None, 'samples/SmartbugsWild/0x0c99c08f07fe90d3765703ca37004d6deb080e51.sol'), (None, 'samples/SmartbugsWild/0x0cc06a72f686662adfb7d29c25c40f9b1725fc76.sol'), (None, 'samples/SmartbugsWild/0x0cc4a9231ceeea1b704bc8c6743656255753652b.sol'), (None, 'samples/SmartbugsWild/0x0cc4fa70a2a064ad565d82b061be5a4e5bc33879.sol'), (None, 'samples/SmartbugsWild/0x0ccb03cb1a89808209eaebbcb059ed05e44cb9cf.sol'), (None, 'samples/SmartbugsWild/0x0ccc5899ed51ce1fd512acfa4dcdd5a8ae1d3ab7.sol'), (None, 'samples/SmartbugsWild/0x0cccfba8ac882e2025a880c875760ed2d4044860.sol'), (None, 'samples/SmartbugsWild/0x0ccd5ea595a3e7537e471f40a4d90f88ed0cf5ec.sol'), (None, 'samples/SmartbugsWild/0x0ccf3426755c88f85445e325f6f0f413e3375b49.sol'), (None, 'samples/SmartbugsWild/0x0cd161ef9eb19a95fefa69c36f9cf552c19e6b8f.sol'), (None, 'samples/SmartbugsWild/0x0cd70d195323e466eccb8797814ee6c7f1df65ee.sol'), (None, 'samples/SmartbugsWild/0x0cd7cd39bb7b10bd33a886a47d53e112bbf5ceb2.sol'), (None, 'samples/SmartbugsWild/0x0cd8a63e6772b80c6e94c85b596736fd6f1ba0d3.sol'), (None, 'samples/SmartbugsWild/0x675f070e80f89ddcc3f2457d9fe571814741e904.sol'), (None, 'samples/SmartbugsWild/0x675feee9725a652009cc115a74bc4c32ed5c4f03.sol'), (None, 'samples/SmartbugsWild/0x676abde481967851b0c28e81bde8561e756d75e8.sol'), (None, 'samples/SmartbugsWild/0x676de375a0944602fb9f767f11b7d093b60497f7.sol'), (None, 'samples/SmartbugsWild/0x714f301b4f0df04b81169a51506e2458917dbb56.sol'), (None, 'samples/SmartbugsWild/0x714f73d7f983bdc11a9ae2cc1ada2644e2044d31.sol'), (None, 'samples/SmartbugsWild/0x714fa889ea1c47dc52a5cb0c6c90115d7c572133.sol'), (None, 'samples/SmartbugsWild/0x715a3a95cf9431cb9141040ee280b3d38cf3346d.sol'), (None, 'samples/SmartbugsWild/0x715b3870ebd976b78c443b288d3dc3f0efd2f289.sol'), (None, 'samples/SmartbugsWild/0x715b58354675ba61dd2b5e4db611caf000cd94e1.sol'), (None, 'samples/SmartbugsWild/0x715b88dff71dc777559b9d654dfce55071f8e177.sol'), (None, 'samples/SmartbugsWild/0x715bb6b4c3013667de41d90a852152817cb88541.sol'), (None, 'samples/SmartbugsWild/0x715c8772e7873739b23d9ebc1c6b84baa347eba5.sol'), (None, 'samples/SmartbugsWild/0x715e0ed8658de08f06b059ff97956e874c8e4b1a.sol'), (None, 'samples/SmartbugsWild/0x715ea4b194e90e2c6861192be7883fe481bf8be4.sol'), (None, 'samples/SmartbugsWild/0x730ffa26b35cc65ededc3990471ee3a180daa357.sol'), (None, 'samples/SmartbugsWild/0x731c491a30d5095601299f0e5c47a69c8f921a1f.sol'), (None, 'samples/SmartbugsWild/0x732acb28ee1a9b47d544ed662b018219b309cf27.sol'), (None, 'samples/SmartbugsWild/0x745ed8e2dc790c3b26f6458e297d7e5d8d1d1ee8.sol'), (None, 'samples/SmartbugsWild/0x745fa4002332c020f6a05b3fe04bccf060e36dd3.sol'), (None, 'samples/SmartbugsWild/0x746a72cdf33e8464fff742455cca862cd859290c.sol'), (None, 'samples/SmartbugsWild/0x746be9d764a4c3d5b29472ffc76a91e639a4192a.sol'), (None, 'samples/SmartbugsWild/0x746dda2ea243400d5a63e0700f190ab79f06489e.sol'), (None, 'samples/SmartbugsWild/0x747bae8392c526754abc01fa519fa4c1bcb41cc5.sol'), (None, 'samples/SmartbugsWild/0x750c9f0fe58bda45a115d903dac033c5c1deb6eb.sol'), (None, 'samples/SmartbugsWild/0x750fe5a07d2fb8b8041c609479f7442771218db8.sol'), (None, 'samples/SmartbugsWild/0x752a95f199eca0335738ce0cef859fc56ee2c3d4.sol'), (None, 'samples/SmartbugsWild/0x752f2e53169191d4c776d6e6d741eb63c9b4d336.sol'), (None, 'samples/SmartbugsWild/0x752ff65b884b9c260d212c804e0b7aceea012473.sol'), (None, 'samples/SmartbugsWild/0x819f9df405abdadc3ff2e6f9531d87a8c1a5df55.sol'), (None, 'samples/SmartbugsWild/0x819fbfd76595700f2d44a337de5549dd6970d568.sol'), (None, 'samples/SmartbugsWild/0x820a002161b7617382adf5d8524f032efef12e68.sol'), (None, 'samples/SmartbugsWild/0x820b5d21d1b1125b1aad51951f6e032a07caec65.sol'), (None, 'samples/SmartbugsWild/0x820d1e2319e12c2b13dcaf25720346f0a7ddec74.sol'), (None, 'samples/SmartbugsWild/0x820dd9ae49737695a0ea027670cb2e9cdc5d4e77.sol'), (None, 'samples/SmartbugsWild/0x820ff8ccf3e70070cc742db2d64b124d83fcfa76.sol'), (None, 'samples/SmartbugsWild/0x823dcd364a0b3f2519751214ca1bcaa093826b90.sol'), (None, 'samples/SmartbugsWild/0x823ddda8fb4b1faf08dfc7440b98366454295d28.sol'), (None, 'samples/SmartbugsWild/0x823e4e669af591bd45e13164bd0de9ba5b19bc8b.sol'), (None, 'samples/SmartbugsWild/0x823f96acc48410eba6e60fbaf0012ab6c49d4633.sol'), (None, 'samples/SmartbugsWild/0x824abb5adc6a58751bee067cc607f12f4c929dea.sol'), (None, 'samples/SmartbugsWild/0x824bc5ab53f9e58592703483fdbc8a7c954bf635.sol'), (None, 'samples/SmartbugsWild/0x837e9d70de24e6ae273a6c691686c6c431b78c6b.sol'), (None, 'samples/SmartbugsWild/0x837f936009afb90e31751a4e92d9cc9350a92d93.sol'), (None, 'samples/SmartbugsWild/0x838b653d5877f92d0d9ecaea0073b479513b3326.sol'), (None, 'samples/SmartbugsWild/0x864def510d754df9c1d43b925dd9887baa5acb07.sol'), (None, 'samples/SmartbugsWild/0x864f58021ff09d7abfc2e960dd69c62ad2fc8794.sol'), (None, 'samples/SmartbugsWild/0x865a0a003b1523fec58e4b8a956d18ecd923a315.sol'), (None, 'samples/SmartbugsWild/0x865bfd8232778f00cae81315bf75ef1fe6e30cdd.sol'), (None, 'samples/SmartbugsWild/0x871a71438029549a836c042d3bd0e88ca6c88388.sol'), (None, 'samples/SmartbugsWild/0x875cfea793ad6c27fd56fdb9033495e1042c72eb.sol'), (None, 'samples/SmartbugsWild/0x9a9199b6332f0d163c33bd4afaaef0c56aa5df19.sol')], main: False, runtime: False, tools: ['slither'], tool_keys: {}, tool_arg_history: {}, skip_after_no_args: True, dynamic: True, runid: d_20250921_1801, overwrite: False, processes: 1, timeout: None, time_budget: None, cpu_quota: None, mem_limit: None, results: results/${TOOL}/d_20250921_1801/${FILENAME}, log: results/logs/d_20250921_1801.log, json: False, sarif: False, quiet: False}
Collecting files ...
100 files to analyse
Assembling tasks ...
100 tasks to execute
Starting task 1/100: slither-0.10.4 with no args and timeout 20 on samples/SmartbugsWild/0x00c4b398500645eb5da00a1a379a88b11683ba01.sol
Starting task 2/102: slither-0.10.4 with no args and timeout 20 on samples/SmartbugsWild/0x00c7221d5fbdaab1448675a156876efb885a6449.sol
Starting task 3/104: slither-0.10.4 with no args and timeout 20 on samples/SmartbugsWild/0x0675daa94725a528b05a3a88635c03ea964bfa7e.sol
Starting task 4/106: slither-0.10.4 with no args and timeout 20 on samples/SmartbugsWild/0x0676c860e11ea7b53c09bd7f2adb70fe81c8dd1e.sol
Starting task 5/108: conkas with args -vt time_manipulation and timeout 100 on samples/SmartbugsWild/0x00c4b398500645eb5da00a1a379a88b11683ba01.sol
Starting task 6/109: slither-0.10.4 with no args and timeout 20 on samples/SmartbugsWild/0x0730e01be94258aa1b58a27bb4ed6598586b404c.sol
Starting task 7/111: osiris with no args and timeout 20 on samples/SmartbugsWild/0x00c4b398500645eb5da00a1a379a88b11683ba01.sol
Starting task 8/112: slither-0.10.4 with no args and timeout 20 on samples/SmartbugsWild/0x0747af71e2034bc2d2fcad388a264f5ccdff505c.sol
Starting task 9/115: conkas with args -vt time_manipulation and timeout 100 on samples/SmartbugsWild/0x00c7221d5fbdaab1448675a156876efb885a6449.sol
Starting task 10/116: slither-0.10.4 with no args and timeout 20 on samples/SmartbugsWild/0x0750c09a0750d505b265f03f7d57d8c86e9c5cd6.sol
Starting task 11/118: osiris with no args and timeout 20 on samples/SmartbugsWild/0x00c7221d5fbdaab1448675a156876efb885a6449.sol
Starting task 12/119: slither-0.10.4 with no args and timeout 20 on samples/SmartbugsWild/0x0824d3c0445a0200ed69aeb129e5601108af2192.sol
Starting task 13/122: conkas with args -vt time_manipulation and timeout 100 on samples/SmartbugsWild/0x0675daa94725a528b05a3a88635c03ea964bfa7e.sol
Starting task 14/123: slither-0.10.4 with no args and timeout 20 on samples/SmartbugsWild/0x0a2a94ded0b8c9cb3bd4ec2ef86eeee637a4db7c.sol
Starting task 15/125: osiris with no args and timeout 20 on samples/SmartbugsWild/0x0675daa94725a528b05a3a88635c03ea964bfa7e.sol
Starting task 16/126: slither-0.10.4 with no args and timeout 20 on samples/SmartbugsWild/0x0a2d553217e92c6553334723f0669cc3f61fd569.sol
Starting task 17/129: conkas with args -vt time_manipulation,unchecked_ll_calls and timeout 100 on samples/SmartbugsWild/0x0676c860e11ea7b53c09bd7f2adb70fe81c8dd1e.sol
Starting task 18/130: slither-0.10.4 with no args and timeout 20 on samples/SmartbugsWild/0x0a2d9370cf74da3fd3df5d764e394ca8205c50b6.sol
Starting task 19/134: osiris with no args and timeout 20 on samples/SmartbugsWild/0x0676c860e11ea7b53c09bd7f2adb70fe81c8dd1e.sol
Starting task 20/135: slither-0.10.4 with no args and timeout 20 on samples/SmartbugsWild/0x0a2e4752f5e348cd262662450402e4bc1f1b76fc.sol
Starting task 21/137: smartcheck with no args and timeout 100 on samples/SmartbugsWild/0x00c4b398500645eb5da00a1a379a88b11683ba01.sol
Starting task 22/138: slither-0.10.4 with no args and timeout 20 on samples/SmartbugsWild/0x0a6f2d9d82baef6dd0f3a2f4679287680aad1fc0.sol
Starting task 23/141: conkas with args -vt time_manipulation and timeout 100 on samples/SmartbugsWild/0x0730e01be94258aa1b58a27bb4ed6598586b404c.sol
Starting task 24/142: slither-0.10.4 with no args and timeout 20 on samples/SmartbugsWild/0x0a7d11ea2308f80eb239f2e4c77715725ae8650d.sol
Starting task 25/144: osiris with no args and timeout 20 on samples/SmartbugsWild/0x0730e01be94258aa1b58a27bb4ed6598586b404c.sol
Starting task 26/145: slither-0.10.4 with no args and timeout 20 on samples/SmartbugsWild/0x0a7f20c58c3014e1dfb7f9d460d8bc2202f7bf1f.sol
Starting task 27/148: mythril-0.24.7 with no args and timeout 50 on samples/SmartbugsWild/0x00c4b398500645eb5da00a1a379a88b11683ba01.sol
Starting task 28/149: slither-0.10.4 with no args and timeout 20 on samples/SmartbugsWild/0x0a7fa17d89d45370819691e335cb8fe688364632.sol
Starting task 29/153: conkas with args -vt time_manipulation and timeout 100 on samples/SmartbugsWild/0x0747af71e2034bc2d2fcad388a264f5ccdff505c.sol
Starting task 30/154: slither-0.10.4 with no args and timeout 20 on samples/SmartbugsWild/0x0a8c316420f8d27812beae70faa42f0522c868b1.sol
Starting task 31/156: osiris with no args and timeout 20 on samples/SmartbugsWild/0x0747af71e2034bc2d2fcad388a264f5ccdff505c.sol
Starting task 32/157: slither-0.10.4 with no args and timeout 20 on samples/SmartbugsWild/0x0a8c3b7e149891ff594e3ad580f8e1769151a07b.sol
Starting task 33/159: mythril-0.24.7 with args --modules ArbitraryDelegateCall and timeout 20 on samples/SmartbugsWild/0x0747af71e2034bc2d2fcad388a264f5ccdff505c.sol
Starting task 34/160: slither-0.10.4 with no args and timeout 20 on samples/SmartbugsWild/0x0a9a88059c8d54af3d466020af987e98d4024219.sol
Starting task 35/163: smartcheck with no args and timeout 100 on samples/SmartbugsWild/0x00c7221d5fbdaab1448675a156876efb885a6449.sol
Starting task 36/164: slither-0.10.4 with no args and timeout 20 on samples/SmartbugsWild/0x0a9a9ce600d08bf9b76f49fa4e7b38a67ebeb1e6.sol
Starting task 37/167: conkas with args -vt time_manipulation and timeout 100 on samples/SmartbugsWild/0x0750c09a0750d505b265f03f7d57d8c86e9c5cd6.sol
Starting task 38/168: slither-0.10.4 with no args and timeout 20 on samples/SmartbugsWild/0x0c01d1a41f21863c194c8e948054f8e3a433c424.sol
Starting task 39/171: osiris with no args and timeout 20 on samples/SmartbugsWild/0x0750c09a0750d505b265f03f7d57d8c86e9c5cd6.sol
Starting task 40/172: slither-0.10.4 with no args and timeout 20 on samples/SmartbugsWild/0x0c04d4f331da8df75f9e2e271e3f3f1494c66c36.sol
Starting task 41/175: mythril-0.24.7 with no args and timeout 50 on samples/SmartbugsWild/0x00c7221d5fbdaab1448675a156876efb885a6449.sol
Starting task 42/176: slither-0.10.4 with no args and timeout 20 on samples/SmartbugsWild/0x0c116eaa8ebbfbd4295c3361243441f6b50247f7.sol
Starting task 43/178: conkas with args -vt time_manipulation,unchecked_ll_calls and timeout 100 on samples/SmartbugsWild/0x0824d3c0445a0200ed69aeb129e5601108af2192.sol
Starting task 44/179: slither-0.10.4 with no args and timeout 20 on samples/SmartbugsWild/0x0c1a07d17f39a179245f2ef277cef97671cf9648.sol
Starting task 45/181: osiris with no args and timeout 20 on samples/SmartbugsWild/0x0824d3c0445a0200ed69aeb129e5601108af2192.sol
Starting task 46/182: slither-0.10.4 with no args and timeout 20 on samples/SmartbugsWild/0x0c1a3a44e2161c871b08ebbafda46bd12748953f.sol
Starting task 47/186: mythril-0.24.7 with args --modules ArbitraryDelegateCall and timeout 20 on samples/SmartbugsWild/0x0824d3c0445a0200ed69aeb129e5601108af2192.sol
Starting task 48/187: slither-0.10.4 with no args and timeout 20 on samples/SmartbugsWild/0x0c1bfd8365100b6176f0149d716182498581e883.sol
Starting task 49/189: smartcheck with no args and timeout 100 on samples/SmartbugsWild/0x0675daa94725a528b05a3a88635c03ea964bfa7e.sol
Starting task 50/190: slither-0.10.4 with no args and timeout 20 on samples/SmartbugsWild/0x0c1d55e948d26c1e7a6bc9a1f93c9d15395a39f1.sol
Starting task 51/192: conkas with args -vt time_manipulation and timeout 100 on samples/SmartbugsWild/0x0a2a94ded0b8c9cb3bd4ec2ef86eeee637a4db7c.sol
Starting task 52/193: slither-0.10.4 with no args and timeout 20 on samples/SmartbugsWild/0x0c4b3bac8832ad0e96850f827b115caf91f902b9.sol
Starting task 53/195: osiris with no args and timeout 20 on samples/SmartbugsWild/0x0a2a94ded0b8c9cb3bd4ec2ef86eeee637a4db7c.sol
Starting task 54/196: slither-0.10.4 with no args and timeout 20 on samples/SmartbugsWild/0x0c4ca33a680fb974b41f020fda52fa430af22039.sol
Starting task 55/198: mythril-0.24.7 with no args and timeout 50 on samples/SmartbugsWild/0x0675daa94725a528b05a3a88635c03ea964bfa7e.sol
Starting task 56/199: slither-0.10.4 with no args and timeout 20 on samples/SmartbugsWild/0x0c4f0652d08951982d38f21e8deca798836a1597.sol
Starting task 57/201: conkas with args -vt time_manipulation and timeout 100 on samples/SmartbugsWild/0x0a2d553217e92c6553334723f0669cc3f61fd569.sol
Starting task 58/202: slither-0.10.4 with no args and timeout 20 on samples/SmartbugsWild/0x0c5ba02495f109880cbb0d37391d7bf24d47004b.sol
Starting task 59/205: osiris with no args and timeout 20 on samples/SmartbugsWild/0x0a2d553217e92c6553334723f0669cc3f61fd569.sol
Starting task 60/206: slither-0.10.4 with no args and timeout 20 on samples/SmartbugsWild/0x0c5c553a0795db4b5e305ccf6c57fe885aadc0be.sol
Starting task 61/210: mythril-0.24.7 with args --modules ExternalCalls and timeout 20 on samples/SmartbugsWild/0x0a2d553217e92c6553334723f0669cc3f61fd569.sol
Starting task 62/211: slither-0.10.4 with no args and timeout 20 on samples/SmartbugsWild/0x0c89a1c85af07540be9ea062c4f68ad6c2cfeda8.sol
Starting task 63/215: smartcheck with no args and timeout 100 on samples/SmartbugsWild/0x0676c860e11ea7b53c09bd7f2adb70fe81c8dd1e.sol
Starting task 64/217: slither-0.10.4 with no args and timeout 20 on samples/SmartbugsWild/0x0c93bd73cbb8b4a4abb8e811d5cb7887133ffa3b.sol
Starting task 65/222: manticore-0.3.7 with args --thorough-mode and timeout 480 on samples/SmartbugsWild/0x0a2d9370cf74da3fd3df5d764e394ca8205c50b6.sol
Starting task 66/223: slither-0.10.4 with no args and timeout 20 on samples/SmartbugsWild/0x0c94c26d41332070976ef0b4ce3441e430a2db81.sol
Starting task 67/225: securify with no args and timeout 20 on samples/SmartbugsWild/0x0a2d9370cf74da3fd3df5d764e394ca8205c50b6.sol
Starting task 68/226: slither-0.10.4 with no args and timeout 20 on samples/SmartbugsWild/0x0c99c08f07fe90d3765703ca37004d6deb080e51.sol
Starting task 69/228: conkas with args -vt time_manipulation and timeout 100 on samples/SmartbugsWild/0x0a2d9370cf74da3fd3df5d764e394ca8205c50b6.sol
Starting task 70/229: slither-0.10.4 with no args and timeout 20 on samples/SmartbugsWild/0x0cc06a72f686662adfb7d29c25c40f9b1725fc76.sol
Starting task 71/232: osiris with no args and timeout 20 on samples/SmartbugsWild/0x0a2d9370cf74da3fd3df5d764e394ca8205c50b6.sol
Starting task 72/233: slither-0.10.4 with no args and timeout 20 on samples/SmartbugsWild/0x0cc4a9231ceeea1b704bc8c6743656255753652b.sol
Starting task 73/237: mythril-0.24.7 with args --modules ExternalCalls and timeout 20 on samples/SmartbugsWild/0x0676c860e11ea7b53c09bd7f2adb70fe81c8dd1e.sol
Starting task 74/238: slither-0.10.4 with no args and timeout 20 on samples/SmartbugsWild/0x0cc4fa70a2a064ad565d82b061be5a4e5bc33879.sol
Starting task 75/241: conkas with args -vt time_manipulation and timeout 100 on samples/SmartbugsWild/0x0a2e4752f5e348cd262662450402e4bc1f1b76fc.sol
Starting task 76/242: slither-0.10.4 with no args and timeout 20 on samples/SmartbugsWild/0x0ccb03cb1a89808209eaebbcb059ed05e44cb9cf.sol
Starting task 77/245: osiris with no args and timeout 20 on samples/SmartbugsWild/0x0a2e4752f5e348cd262662450402e4bc1f1b76fc.sol
Starting task 78/246: slither-0.10.4 with no args and timeout 20 on samples/SmartbugsWild/0x0ccc5899ed51ce1fd512acfa4dcdd5a8ae1d3ab7.sol
Starting task 79/248: solhint-3.3.8 with no args and timeout 35 on samples/SmartbugsWild/0x00c4b398500645eb5da00a1a379a88b11683ba01.sol
Starting task 80/249: slither-0.10.4 with no args and timeout 20 on samples/SmartbugsWild/0x0cccfba8ac882e2025a880c875760ed2d4044860.sol
Starting task 81/252: mythril-0.24.7 with args --modules ExternalCalls and timeout 20 on samples/SmartbugsWild/0x0a6f2d9d82baef6dd0f3a2f4679287680aad1fc0.sol
Starting task 82/253: slither-0.10.4 with no args and timeout 20 on samples/SmartbugsWild/0x0ccd5ea595a3e7537e471f40a4d90f88ed0cf5ec.sol
Starting task 83/256: conkas with args -vt time_manipulation and timeout 100 on samples/SmartbugsWild/0x0a6f2d9d82baef6dd0f3a2f4679287680aad1fc0.sol
Starting task 84/257: slither-0.10.4 with no args and timeout 20 on samples/SmartbugsWild/0x0ccf3426755c88f85445e325f6f0f413e3375b49.sol
Starting task 85/260: osiris with no args and timeout 20 on samples/SmartbugsWild/0x0a6f2d9d82baef6dd0f3a2f4679287680aad1fc0.sol
Starting task 86/261: slither-0.10.4 with no args and timeout 20 on samples/SmartbugsWild/0x0cd161ef9eb19a95fefa69c36f9cf552c19e6b8f.sol
Starting task 87/263: smartcheck with no args and timeout 100 on samples/SmartbugsWild/0x0730e01be94258aa1b58a27bb4ed6598586b404c.sol
Starting task 88/264: slither-0.10.4 with no args and timeout 20 on samples/SmartbugsWild/0x0cd70d195323e466eccb8797814ee6c7f1df65ee.sol
Starting task 89/266: conkas with args -vt time_manipulation and timeout 100 on samples/SmartbugsWild/0x0a7d11ea2308f80eb239f2e4c77715725ae8650d.sol
Starting task 90/267: slither-0.10.4 with no args and timeout 20 on samples/SmartbugsWild/0x0cd7cd39bb7b10bd33a886a47d53e112bbf5ceb2.sol
Starting task 91/269: osiris with no args and timeout 20 on samples/SmartbugsWild/0x0a7d11ea2308f80eb239f2e4c77715725ae8650d.sol
Starting task 92/270: slither-0.10.4 with no args and timeout 20 on samples/SmartbugsWild/0x0cd8a63e6772b80c6e94c85b596736fd6f1ba0d3.sol
Starting task 93/274: mythril-0.24.7 with no args and timeout 50 on samples/SmartbugsWild/0x0730e01be94258aa1b58a27bb4ed6598586b404c.sol
Starting task 94/275: slither-0.10.4 with no args and timeout 20 on samples/SmartbugsWild/0x675f070e80f89ddcc3f2457d9fe571814741e904.sol
Starting task 95/278: conkas with args -vt time_manipulation,unchecked_ll_calls and timeout 100 on samples/SmartbugsWild/0x0a7f20c58c3014e1dfb7f9d460d8bc2202f7bf1f.sol
Starting task 96/279: slither-0.10.4 with no args and timeout 20 on samples/SmartbugsWild/0x675feee9725a652009cc115a74bc4c32ed5c4f03.sol
Starting task 97/281: securify with no args and timeout 20 on samples/SmartbugsWild/0x0a7f20c58c3014e1dfb7f9d460d8bc2202f7bf1f.sol
Starting task 98/282: slither-0.10.4 with no args and timeout 20 on samples/SmartbugsWild/0x676abde481967851b0c28e81bde8561e756d75e8.sol
Starting task 99/284: osiris with no args and timeout 20 on samples/SmartbugsWild/0x0a7f20c58c3014e1dfb7f9d460d8bc2202f7bf1f.sol
Starting task 100/285: slither-0.10.4 with no args and timeout 20 on samples/SmartbugsWild/0x676de375a0944602fb9f767f11b7d093b60497f7.sol
Starting task 101/288: maian with no args and timeout 20 on samples/SmartbugsWild/0x00c4b398500645eb5da00a1a379a88b11683ba01.sol
Starting task 102/288: slither-0.10.4 with no args and timeout 20 on samples/SmartbugsWild/0x714f301b4f0df04b81169a51506e2458917dbb56.sol
Starting task 103/290: manticore-0.3.7 with args --thorough-mode and timeout 480 on samples/SmartbugsWild/0x0a7fa17d89d45370819691e335cb8fe688364632.sol
Starting task 104/291: slither-0.10.4 with no args and timeout 20 on samples/SmartbugsWild/0x714f73d7f983bdc11a9ae2cc1ada2644e2044d31.sol
Starting task 105/294: securify with no args and timeout 20 on samples/SmartbugsWild/0x0a7fa17d89d45370819691e335cb8fe688364632.sol
Starting task 106/295: slither-0.10.4 with no args and timeout 20 on samples/SmartbugsWild/0x714fa889ea1c47dc52a5cb0c6c90115d7c572133.sol
Starting task 107/298: conkas with args -vt time_manipulation,unchecked_ll_calls and timeout 100 on samples/SmartbugsWild/0x0a7fa17d89d45370819691e335cb8fe688364632.sol
Starting task 108/299: slither-0.10.4 with no args and timeout 20 on samples/SmartbugsWild/0x715a3a95cf9431cb9141040ee280b3d38cf3346d.sol
Starting task 109/301: osiris with no args and timeout 20 on samples/SmartbugsWild/0x0a7fa17d89d45370819691e335cb8fe688364632.sol
Starting task 110/302: slither-0.10.4 with no args and timeout 20 on samples/SmartbugsWild/0x715b3870ebd976b78c443b288d3dc3f0efd2f289.sol
Starting task 111/305: smartcheck with no args and timeout 100 on samples/SmartbugsWild/0x0747af71e2034bc2d2fcad388a264f5ccdff505c.sol
Starting task 112/306: conkas with args -vt time_manipulation and timeout 100 on samples/SmartbugsWild/0x0a8c316420f8d27812beae70faa42f0522c868b1.sol
Starting task 113/307: slither-0.10.4 with no args and timeout 20 on samples/SmartbugsWild/0x715b58354675ba61dd2b5e4db611caf000cd94e1.sol
Starting task 114/310: osiris with no args and timeout 20 on samples/SmartbugsWild/0x0a8c316420f8d27812beae70faa42f0522c868b1.sol
Starting task 115/311: slither-0.10.4 with no args and timeout 20 on samples/SmartbugsWild/0x715b88dff71dc777559b9d654dfce55071f8e177.sol
Starting task 116/314: solhint-3.3.8 with no args and timeout 35 on samples/SmartbugsWild/0x0747af71e2034bc2d2fcad388a264f5ccdff505c.sol
Starting task 117/315: slither-0.10.4 with no args and timeout 20 on samples/SmartbugsWild/0x715bb6b4c3013667de41d90a852152817cb88541.sol
Starting task 118/319: conkas with args -vt time_manipulation and timeout 100 on samples/SmartbugsWild/0x0a8c3b7e149891ff594e3ad580f8e1769151a07b.sol
Starting task 119/320: slither-0.10.4 with no args and timeout 20 on samples/SmartbugsWild/0x715c8772e7873739b23d9ebc1c6b84baa347eba5.sol
Starting task 120/323: osiris with no args and timeout 20 on samples/SmartbugsWild/0x0a8c3b7e149891ff594e3ad580f8e1769151a07b.sol
Starting task 121/324: slither-0.10.4 with no args and timeout 20 on samples/SmartbugsWild/0x715e0ed8658de08f06b059ff97956e874c8e4b1a.sol
Starting task 122/328: maian with no args and timeout 20 on samples/SmartbugsWild/0x0747af71e2034bc2d2fcad388a264f5ccdff505c.sol
Starting task 123/328: slither-0.10.4 with no args and timeout 20 on samples/SmartbugsWild/0x715ea4b194e90e2c6861192be7883fe481bf8be4.sol
Starting task 124/330: mythril-0.24.7 with args --modules ExternalCalls and timeout 20 on samples/SmartbugsWild/0x0a9a88059c8d54af3d466020af987e98d4024219.sol
Starting task 125/331: slither-0.10.4 with no args and timeout 20 on samples/SmartbugsWild/0x730ffa26b35cc65ededc3990471ee3a180daa357.sol
Starting task 126/333: conkas with args -vt time_manipulation and timeout 100 on samples/SmartbugsWild/0x0a9a88059c8d54af3d466020af987e98d4024219.sol
Starting task 127/334: slither-0.10.4 with no args and timeout 20 on samples/SmartbugsWild/0x731c491a30d5095601299f0e5c47a69c8f921a1f.sol
Starting task 128/336: osiris with no args and timeout 20 on samples/SmartbugsWild/0x0a9a88059c8d54af3d466020af987e98d4024219.sol
Starting task 129/337: slither-0.10.4 with no args and timeout 20 on samples/SmartbugsWild/0x732acb28ee1a9b47d544ed662b018219b309cf27.sol
Starting task 130/340: solhint-3.3.8 with no args and timeout 35 on samples/SmartbugsWild/0x00c7221d5fbdaab1448675a156876efb885a6449.sol
Starting task 131/341: slither-0.10.4 with no args and timeout 20 on samples/SmartbugsWild/0x745ed8e2dc790c3b26f6458e297d7e5d8d1d1ee8.sol
Starting task 132/342: conkas with args -vt time_manipulation and timeout 100 on samples/SmartbugsWild/0x0a9a9ce600d08bf9b76f49fa4e7b38a67ebeb1e6.sol
Starting task 133/343: slither-0.10.4 with no args and timeout 20 on samples/SmartbugsWild/0x745fa4002332c020f6a05b3fe04bccf060e36dd3.sol
Starting task 134/345: osiris with no args and timeout 20 on samples/SmartbugsWild/0x0a9a9ce600d08bf9b76f49fa4e7b38a67ebeb1e6.sol
Starting task 135/346: slither-0.10.4 with no args and timeout 20 on samples/SmartbugsWild/0x746a72cdf33e8464fff742455cca862cd859290c.sol
Starting task 136/348: mythril-0.24.7 with args --modules ExternalCalls and timeout 20 on samples/SmartbugsWild/0x0a9a9ce600d08bf9b76f49fa4e7b38a67ebeb1e6.sol
Starting task 137/349: slither-0.10.4 with no args and timeout 20 on samples/SmartbugsWild/0x746be9d764a4c3d5b29472ffc76a91e639a4192a.sol
Starting task 138/351: smartcheck with no args and timeout 100 on samples/SmartbugsWild/0x0750c09a0750d505b265f03f7d57d8c86e9c5cd6.sol
Starting task 139/352: slither-0.10.4 with no args and timeout 20 on samples/SmartbugsWild/0x746dda2ea243400d5a63e0700f190ab79f06489e.sol
Starting task 140/354: conkas with args -vt time_manipulation and timeout 100 on samples/SmartbugsWild/0x0c01d1a41f21863c194c8e948054f8e3a433c424.sol
Starting task 141/355: slither-0.10.4 with no args and timeout 20 on samples/SmartbugsWild/0x747bae8392c526754abc01fa519fa4c1bcb41cc5.sol
Starting task 142/360: osiris with no args and timeout 20 on samples/SmartbugsWild/0x0c01d1a41f21863c194c8e948054f8e3a433c424.sol
Starting task 143/361: slither-0.10.4 with no args and timeout 20 on samples/SmartbugsWild/0x750c9f0fe58bda45a115d903dac033c5c1deb6eb.sol
Starting task 144/365: mythril-0.24.7 with args --modules ArbitraryDelegateCall and timeout 20 on samples/SmartbugsWild/0x0c01d1a41f21863c194c8e948054f8e3a433c424.sol
Starting task 145/366: slither-0.10.4 with no args and timeout 20 on samples/SmartbugsWild/0x750fe5a07d2fb8b8041c609479f7442771218db8.sol
Starting task 146/368: mythril-0.24.7 with no args and timeout 50 on samples/SmartbugsWild/0x0750c09a0750d505b265f03f7d57d8c86e9c5cd6.sol
Starting task 147/369: slither-0.10.4 with no args and timeout 20 on samples/SmartbugsWild/0x752a95f199eca0335738ce0cef859fc56ee2c3d4.sol
Starting task 148/372: conkas with args -vt time_manipulation,unchecked_ll_calls and timeout 100 on samples/SmartbugsWild/0x0c04d4f331da8df75f9e2e271e3f3f1494c66c36.sol
Starting task 149/373: slither-0.10.4 with no args and timeout 20 on samples/SmartbugsWild/0x752f2e53169191d4c776d6e6d741eb63c9b4d336.sol
Starting task 150/375: mythril-0.24.7 with args --modules ArbitraryDelegateCall,ExternalCalls and timeout 20 on samples/SmartbugsWild/0x0c04d4f331da8df75f9e2e271e3f3f1494c66c36.sol
Starting task 151/376: slither-0.10.4 with no args and timeout 20 on samples/SmartbugsWild/0x752ff65b884b9c260d212c804e0b7aceea012473.sol
Starting task 152/378: osiris with no args and timeout 20 on samples/SmartbugsWild/0x0c04d4f331da8df75f9e2e271e3f3f1494c66c36.sol
Starting task 153/379: slither-0.10.4 with no args and timeout 20 on samples/SmartbugsWild/0x819f9df405abdadc3ff2e6f9531d87a8c1a5df55.sol
Starting task 154/382: maian with no args and timeout 20 on samples/SmartbugsWild/0x00c7221d5fbdaab1448675a156876efb885a6449.sol
Starting task 155/382: slither-0.10.4 with no args and timeout 20 on samples/SmartbugsWild/0x819fbfd76595700f2d44a337de5549dd6970d568.sol
Starting task 156/384: conkas with args -vt time_manipulation and timeout 100 on samples/SmartbugsWild/0x0c116eaa8ebbfbd4295c3361243441f6b50247f7.sol
Starting task 157/385: slither-0.10.4 with no args and timeout 20 on samples/SmartbugsWild/0x820a002161b7617382adf5d8524f032efef12e68.sol
Starting task 158/388: osiris with no args and timeout 20 on samples/SmartbugsWild/0x0c116eaa8ebbfbd4295c3361243441f6b50247f7.sol
Starting task 159/389: slither-0.10.4 with no args and timeout 20 on samples/SmartbugsWild/0x820b5d21d1b1125b1aad51951f6e032a07caec65.sol
Starting task 160/392: smartcheck with no args and timeout 100 on samples/SmartbugsWild/0x0824d3c0445a0200ed69aeb129e5601108af2192.sol
Starting task 161/393: slither-0.10.4 with no args and timeout 20 on samples/SmartbugsWild/0x820d1e2319e12c2b13dcaf25720346f0a7ddec74.sol
Starting task 162/397: conkas with args -vt time_manipulation and timeout 100 on samples/SmartbugsWild/0x0c1a07d17f39a179245f2ef277cef97671cf9648.sol
Starting task 163/398: slither-0.10.4 with no args and timeout 20 on samples/SmartbugsWild/0x820dd9ae49737695a0ea027670cb2e9cdc5d4e77.sol
Starting task 164/401: osiris with no args and timeout 20 on samples/SmartbugsWild/0x0c1a07d17f39a179245f2ef277cef97671cf9648.sol
Starting task 165/402: slither-0.10.4 with no args and timeout 20 on samples/SmartbugsWild/0x820ff8ccf3e70070cc742db2d64b124d83fcfa76.sol
Starting task 166/404: solhint-3.3.8 with no args and timeout 35 on samples/SmartbugsWild/0x0824d3c0445a0200ed69aeb129e5601108af2192.sol
Starting task 167/405: slither-0.10.4 with no args and timeout 20 on samples/SmartbugsWild/0x823dcd364a0b3f2519751214ca1bcaa093826b90.sol
Starting task 168/408: manticore-0.3.7 with args --thorough-mode and timeout 480 on samples/SmartbugsWild/0x0c1a3a44e2161c871b08ebbafda46bd12748953f.sol
Starting task 169/409: slither-0.10.4 with no args and timeout 20 on samples/SmartbugsWild/0x823ddda8fb4b1faf08dfc7440b98366454295d28.sol
Starting task 170/411: securify with no args and timeout 20 on samples/SmartbugsWild/0x0c1a3a44e2161c871b08ebbafda46bd12748953f.sol
Starting task 171/412: slither-0.10.4 with no args and timeout 20 on samples/SmartbugsWild/0x823e4e669af591bd45e13164bd0de9ba5b19bc8b.sol
Starting task 172/416: conkas with args -vt time_manipulation and timeout 100 on samples/SmartbugsWild/0x0c1a3a44e2161c871b08ebbafda46bd12748953f.sol
Starting task 173/417: slither-0.10.4 with no args and timeout 20 on samples/SmartbugsWild/0x823f96acc48410eba6e60fbaf0012ab6c49d4633.sol
Starting task 174/420: osiris with no args and timeout 20 on samples/SmartbugsWild/0x0c1a3a44e2161c871b08ebbafda46bd12748953f.sol
