2025-09-03 23:02:26,495 - Main     - INFO - [1mInitializing seed to 1427655.0[0m
2025-09-03 23:02:26,521 - Fuzzer   - INFO - [1mFuzzing contract [1mTimeLock[0m[0m
2025-09-03 23:02:26,576 - Analysis - INFO - [1mGeneration number 0 	 Code coverage: 73.97% (233/315) 	 Branch coverage: 80.77% (21/26) 	 Transactions: 13 (12 unique)   	 Time: 0.04761457443237305[0m
2025-09-03 23:02:26,636 - Analysis - INFO - [1mGeneration number 1 	 Code coverage: 73.97% (233/315) 	 Branch coverage: 80.77% (21/26) 	 Transactions: 28 (19 unique)   	 Time: 0.10751104354858398[0m
2025-09-03 23:02:26,692 - Detector - INFO - [1m[31m-----------------------------------------------------[0m
2025-09-03 23:02:26,692 - Detector - INFO - [1m[31m          !!! Integer overflow detected !!!          [0m
2025-09-03 23:02:26,692 - Detector - INFO - [1m[31m-----------------------------------------------------[0m
2025-09-03 23:02:26,692 - Detector - INFO - [1m[31mSWC-ID:   101[0m
2025-09-03 23:02:26,693 - Detector - INFO - [1m[31mSeverity: High[0m
2025-09-03 23:02:26,693 - Detector - INFO - [1m[31m-----------------------------------------------------[0m
2025-09-03 23:02:26,693 - Detector - INFO - [1m[31mSource code line:[0m
2025-09-03 23:02:26,693 - Detector - INFO - [1m[31m-----------------------------------------------------[0m
2025-09-03 23:02:26,693 - Detector - INFO - [1m[31m/sb/timelock.sol:22:1[0m
2025-09-03 23:02:26,693 - Detector - INFO - [1m[31mlockTime[msg.sender] += _secondsToIncrease[0m
2025-09-03 23:02:26,693 - Detector - INFO - [1m[31m-----------------------------------------------------[0m
2025-09-03 23:02:26,693 - Detector - INFO - [1m[31mTransaction sequence:[0m
2025-09-03 23:02:26,693 - Detector - INFO - [1m[31m-----------------------------------------------------[0m
2025-09-03 23:02:26,693 - Detector - INFO - [1m[31mTransaction 1 - deposit():[0m
2025-09-03 23:02:26,693 - Detector - INFO - [1m[31m-----------------------------------------------------[0m
2025-09-03 23:02:26,693 - Detector - INFO - [1m[31mFrom:      0xcafebabecafebabecafebabecafebabecafebabe[0m
2025-09-03 23:02:26,693 - Detector - INFO - [1m[31mTo:        0x2c5e8a3b3aad9df32339409534e64dfcabcd3a65[0m
2025-09-03 23:02:26,693 - Detector - INFO - [1m[31mValue:     1 Wei[0m
2025-09-03 23:02:26,693 - Detector - INFO - [1m[31mGas Limit: 4500000[0m
2025-09-03 23:02:26,693 - Detector - INFO - [1m[31mInput:     0xd0e30db0[0m
2025-09-03 23:02:26,693 - Detector - INFO - [1m[31m-----------------------------------------------------[0m
2025-09-03 23:02:26,693 - Detector - INFO - [1m[31mTransaction 2 - increaseLockTime(uint256):[0m
2025-09-03 23:02:26,693 - Detector - INFO - [1m[31m-----------------------------------------------------[0m
2025-09-03 23:02:26,693 - Detector - INFO - [1m[31mFrom:      0xdeadbeefdeadbeefdeadbeefdeadbeefdeadbeef[0m
2025-09-03 23:02:26,693 - Detector - INFO - [1m[31mTo:        0x2c5e8a3b3aad9df32339409534e64dfcabcd3a65[0m
2025-09-03 23:02:26,693 - Detector - INFO - [1m[31mValue:     1 Wei[0m
2025-09-03 23:02:26,693 - Detector - INFO - [1m[31mGas Limit: 4500000[0m
2025-09-03 23:02:26,693 - Detector - INFO - [1m[31mInput:     0x79af55e400000000000000000000000000000000[0m
2025-09-03 23:02:26,693 - Detector - INFO - [1m[31m           00000000000000000000000000000000[0m
2025-09-03 23:02:26,693 - Detector - INFO - [1m[31m-----------------------------------------------------[0m
2025-09-03 23:02:26,693 - Detector - INFO - [1m[31mTransaction 3 - increaseLockTime(uint256):[0m
2025-09-03 23:02:26,693 - Detector - INFO - [1m[31m-----------------------------------------------------[0m
2025-09-03 23:02:26,693 - Detector - INFO - [1m[31mFrom:      0xcafebabecafebabecafebabecafebabecafebabe[0m
2025-09-03 23:02:26,693 - Detector - INFO - [1m[31mTo:        0x2c5e8a3b3aad9df32339409534e64dfcabcd3a65[0m
2025-09-03 23:02:26,693 - Detector - INFO - [1m[31mValue:     0 Wei[0m
2025-09-03 23:02:26,693 - Detector - INFO - [1m[31mGas Limit: 4500000[0m
2025-09-03 23:02:26,693 - Detector - INFO - [1m[31mInput:     0x79af55e4ffffffffffffffffffffffffffffffff[0m
2025-09-03 23:02:26,693 - Detector - INFO - [1m[31m           ffffffffffffffffffffffffffffffff[0m
2025-09-03 23:02:26,693 - Detector - INFO - [1m[31m-----------------------------------------------------[0m
2025-09-03 23:02:26,739 - Analysis - INFO - [1mGeneration number 2 	 Code coverage: 73.97% (233/315) 	 Branch coverage: 80.77% (21/26) 	 Transactions: 52 (28 unique)   	 Time: 0.2107837200164795[0m
2025-09-03 23:02:26,939 - Analysis - INFO - [1mGeneration number 3 	 Code coverage: 73.97% (233/315) 	 Branch coverage: 80.77% (21/26) 	 Transactions: 98 (38 unique)   	 Time: 0.4099757671356201[0m
2025-09-03 23:02:27,148 - Analysis - INFO - [1mGeneration number 4 	 Code coverage: 73.97% (233/315) 	 Branch coverage: 80.77% (21/26) 	 Transactions: 146 (48 unique)   	 Time: 0.6196019649505615[0m
2025-09-03 23:02:27,368 - Analysis - INFO - [1mGeneration number 5 	 Code coverage: 73.97% (233/315) 	 Branch coverage: 80.77% (21/26) 	 Transactions: 196 (59 unique)   	 Time: 0.839024543762207[0m
2025-09-03 23:02:27,596 - Analysis - INFO - [1mGeneration number 6 	 Code coverage: 73.97% (233/315) 	 Branch coverage: 80.77% (21/26) 	 Transactions: 246 (70 unique)   	 Time: 1.0671744346618652[0m
2025-09-03 23:02:27,832 - Analysis - INFO - [1mGeneration number 7 	 Code coverage: 73.97% (233/315) 	 Branch coverage: 80.77% (21/26) 	 Transactions: 299 (81 unique)   	 Time: 1.303145170211792[0m
2025-09-03 23:02:28,062 - Analysis - INFO - [1mGeneration number 8 	 Code coverage: 73.97% (233/315) 	 Branch coverage: 80.77% (21/26) 	 Transactions: 350 (91 unique)   	 Time: 1.5336503982543945[0m
2025-09-03 23:02:28,303 - Analysis - INFO - [1mGeneration number 9 	 Code coverage: 73.97% (233/315) 	 Branch coverage: 80.77% (21/26) 	 Transactions: 398 (101 unique)   	 Time: 1.774503231048584[0m
2025-09-03 23:02:28,521 - Analysis - INFO - [1mGeneration number 10 	 Code coverage: 73.97% (233/315) 	 Branch coverage: 80.77% (21/26) 	 Transactions: 448 (111 unique)   	 Time: 1.992823839187622[0m
2025-09-03 23:02:28,522 - Analysis - INFO - [1m-----------------------------------------------------[0m
2025-09-03 23:02:28,522 - Analysis - INFO - Number of generations: 	 10
2025-09-03 23:02:28,522 - Analysis - INFO - Number of transactions: 	 448 (111 unique)
2025-09-03 23:02:28,522 - Analysis - INFO - Transactions per second: 	 225
2025-09-03 23:02:28,522 - Analysis - INFO - Total code coverage: 	 73.97% (233/315)
2025-09-03 23:02:28,522 - Analysis - INFO - Total branch coverage: 	 80.77% (21/26)
2025-09-03 23:02:28,522 - Analysis - INFO - Total execution time: 	 1.99 seconds
2025-09-03 23:02:28,522 - Analysis - INFO - Total memory consumption: 	 55.14 MB

     ______            ______                _           
    / ____/___  ____  / ____/_  __________  (_)_  _______
   / /   / __ \/ __ \/ /_  / / / /_  /_  / / / / / / ___/
  / /___/ /_/ / / / / __/ / /_/ / / /_/ /_/ / /_/ (__  ) 
  \____/\____/_/ /_/_/    \__,_/ /___/___/_/\__,_/____/  

delteed file
