'solc --version' running
'solc /sb/0x0c4f0652d08951982d38f21e8deca798836a1597.sol --combined-json abi,ast,bin,bin-runtime,srcmap,srcmap-runtime,userdoc,devdoc,hashes,compact-format --allow-paths .,/sb' running

MEDELIN.totalSupply (../../sb/0x0c4f0652d08951982d38f21e8deca798836a1597.sol#79) shadows:
	- ERC20Basic.totalSupply (../../sb/0x0c4f0652d08951982d38f21e8deca798836a1597.sol#54)
Reference: https://github.com/crytic/slither/wiki/Detector-Documentation#state-variable-shadowing-from-abstract-contracts

MEDELIN.transferOwnership(address) (../../sb/0x0c4f0652d08951982d38f21e8deca798836a1597.sol#110-114) should emit an event for: 
	- owner = newOwner (../../sb/0x0c4f0652d08951982d38f21e8deca798836a1597.sol#112) 
Reference: https://github.com/crytic/slither/wiki/Detector-Documentation#missing-events-access-control

MEDELIN.doAirdrop(address,uint256) (../../sb/0x0c4f0652d08951982d38f21e8deca798836a1597.sol#132-147) has costly operations inside a loop:
	- totalDistributed = totalDistributed.add(_amount) (../../sb/0x0c4f0652d08951982d38f21e8deca798836a1597.sol#139)
MEDELIN.doAirdrop(address,uint256) (../../sb/0x0c4f0652d08951982d38f21e8deca798836a1597.sol#132-147) has costly operations inside a loop:
	- distributionFinished = true (../../sb/0x0c4f0652d08951982d38f21e8deca798836a1597.sol#142)
Reference: https://github.com/crytic/slither/wiki/Detector-Documentation#costly-operations-inside-a-loop

Version constraint ^0.4.18 contains known severe issues (https://solidity.readthedocs.io/en/latest/bugs.html)
	- DirtyBytesArrayToStorage
	- ABIDecodeTwoDimensionalArrayMemory
	- KeccakCaching
	- EmptyByteArrayCopy
	- DynamicArrayCleanup
	- ImplicitConstructorCallvalueCheck
	- TupleAssignmentMultiStackSlotComponents
	- MemoryArrayCreationOverflow
	- privateCanBeOverridden
	- SignedArrayStorageCopy
	- ABIEncoderV2StorageArrayWithMultiSlotElement
	- DynamicConstructorArgumentsClippedABIV2
	- UninitializedFunctionPointerInConstructor_0.4.x
	- IncorrectEventSignatureInLibraries_0.4.x
	- ExpExponentCleanup
	- EventStructWrongData
	- NestedArrayFunctionCallDecoder.
It is used by:
	- ^0.4.18 (../../sb/0x0c4f0652d08951982d38f21e8deca798836a1597.sol#1)
solc-0.4.26 is an outdated solc version. Use a more recent version (at least 0.8.0), if possible.
Reference: https://github.com/crytic/slither/wiki/Detector-Documentation#incorrect-versions-of-solidity

Function MEDELIN.LEGEND() (../../sb/0x0c4f0652d08951982d38f21e8deca798836a1597.sol#105-108) is not in mixedCase
Parameter MEDELIN.distr(address,uint256)._to (../../sb/0x0c4f0652d08951982d38f21e8deca798836a1597.sol#123) is not in mixedCase
Parameter MEDELIN.distr(address,uint256)._amount (../../sb/0x0c4f0652d08951982d38f21e8deca798836a1597.sol#123) is not in mixedCase
Parameter MEDELIN.doAirdrop(address,uint256)._participant (../../sb/0x0c4f0652d08951982d38f21e8deca798836a1597.sol#132) is not in mixedCase
Parameter MEDELIN.doAirdrop(address,uint256)._amount (../../sb/0x0c4f0652d08951982d38f21e8deca798836a1597.sol#132) is not in mixedCase
Parameter MEDELIN.adminClaimAirdrop(address,uint256)._participant (../../sb/0x0c4f0652d08951982d38f21e8deca798836a1597.sol#149) is not in mixedCase
Parameter MEDELIN.adminClaimAirdrop(address,uint256)._amount (../../sb/0x0c4f0652d08951982d38f21e8deca798836a1597.sol#149) is not in mixedCase
Parameter MEDELIN.adminClaimAirdropMultiple(address[],uint256)._addresses (../../sb/0x0c4f0652d08951982d38f21e8deca798836a1597.sol#154) is not in mixedCase
Parameter MEDELIN.adminClaimAirdropMultiple(address[],uint256)._amount (../../sb/0x0c4f0652d08951982d38f21e8deca798836a1597.sol#154) is not in mixedCase
Parameter MEDELIN.updateTokensPerEth(uint256)._tokensPerEth (../../sb/0x0c4f0652d08951982d38f21e8deca798836a1597.sol#158) is not in mixedCase
Parameter MEDELIN.balanceOf(address)._owner (../../sb/0x0c4f0652d08951982d38f21e8deca798836a1597.sol#186) is not in mixedCase
Parameter MEDELIN.transfer(address,uint256)._to (../../sb/0x0c4f0652d08951982d38f21e8deca798836a1597.sol#196) is not in mixedCase
Parameter MEDELIN.transfer(address,uint256)._amount (../../sb/0x0c4f0652d08951982d38f21e8deca798836a1597.sol#196) is not in mixedCase
Parameter MEDELIN.transferFrom(address,address,uint256)._from (../../sb/0x0c4f0652d08951982d38f21e8deca798836a1597.sol#207) is not in mixedCase
Parameter MEDELIN.transferFrom(address,address,uint256)._to (../../sb/0x0c4f0652d08951982d38f21e8deca798836a1597.sol#207) is not in mixedCase
Parameter MEDELIN.transferFrom(address,address,uint256)._amount (../../sb/0x0c4f0652d08951982d38f21e8deca798836a1597.sol#207) is not in mixedCase
Parameter MEDELIN.approve(address,uint256)._spender (../../sb/0x0c4f0652d08951982d38f21e8deca798836a1597.sol#220) is not in mixedCase
Parameter MEDELIN.approve(address,uint256)._value (../../sb/0x0c4f0652d08951982d38f21e8deca798836a1597.sol#220) is not in mixedCase
Parameter MEDELIN.allowance(address,address)._owner (../../sb/0x0c4f0652d08951982d38f21e8deca798836a1597.sol#228) is not in mixedCase
Parameter MEDELIN.allowance(address,address)._spender (../../sb/0x0c4f0652d08951982d38f21e8deca798836a1597.sol#228) is not in mixedCase
Parameter MEDELIN.burn(uint256)._value (../../sb/0x0c4f0652d08951982d38f21e8deca798836a1597.sol#244) is not in mixedCase
Parameter MEDELIN.withdrawForeignTokens(address)._tokenContract (../../sb/0x0c4f0652d08951982d38f21e8deca798836a1597.sol#255) is not in mixedCase
Reference: https://github.com/crytic/slither/wiki/Detector-Documentation#conformance-to-solidity-naming-conventions

MEDELIN.slitherConstructorVariables() (../../sb/0x0c4f0652d08951982d38f21e8deca798836a1597.sol#67-261) uses literals with too many digits:
	- totalSupply = 20000000000e8 (../../sb/0x0c4f0652d08951982d38f21e8deca798836a1597.sol#79)
MEDELIN.slitherConstructorVariables() (../../sb/0x0c4f0652d08951982d38f21e8deca798836a1597.sol#67-261) uses literals with too many digits:
	- tokensPerEth = 20000000e8 (../../sb/0x0c4f0652d08951982d38f21e8deca798836a1597.sol#82)
Reference: https://github.com/crytic/slither/wiki/Detector-Documentation#too-many-digits

adminClaimAirdropMultiple(address[],uint256) should be declared external:
	- MEDELIN.adminClaimAirdropMultiple(address[],uint256) (../../sb/0x0c4f0652d08951982d38f21e8deca798836a1597.sol#154-156)
Reference: https://github.com/crytic/slither/wiki/Detector-Documentation#public-function-that-could-be-declared-external
/sb/0x0c4f0652d08951982d38f21e8deca798836a1597.sol analyzed (5 contracts with 93 detectors), 31 result(s) found
