2025-09-21 15:38:18,130 - Main     - INFO - [1mInitializing seed to 1427655.0[0m
2025-09-21 15:38:18,236 - Fuzzer   - INFO - [1mFuzzing contract [1mMyAdvancedToken[0m[0m
2025-09-21 15:38:18,288 - Detector - INFO - [1m[33m-----------------------------------------------------[0m
2025-09-21 15:38:18,288 - Detector - INFO - [1m[33m          !!! Assertion failure detected !!!         [0m
2025-09-21 15:38:18,288 - Detector - INFO - [1m[33m-----------------------------------------------------[0m
2025-09-21 15:38:18,288 - Detector - INFO - [1m[33mSWC-ID:   110[0m
2025-09-21 15:38:18,288 - Detector - INFO - [1m[33mSeverity: Medium[0m
2025-09-21 15:38:18,288 - Detector - INFO - [1m[33m-----------------------------------------------------[0m
2025-09-21 15:38:18,288 - Detector - INFO - [1m[33mSource code line:[0m
2025-09-21 15:38:18,288 - Detector - INFO - [1m[33m-----------------------------------------------------[0m
2025-09-21 15:38:18,288 - Detector - INFO - [1m[33m/sb/0x0cd70d195323e466eccb8797814ee6c7f1df65ee.sol:237:1[0m
2025-09-21 15:38:18,288 - Detector - INFO - [1m[33mmsg.value / buyPrice[0m
2025-09-21 15:38:18,288 - Detector - INFO - [1m[33m-----------------------------------------------------[0m
2025-09-21 15:38:18,288 - Detector - INFO - [1m[33mTransaction sequence:[0m
2025-09-21 15:38:18,288 - Detector - INFO - [1m[33m-----------------------------------------------------[0m
2025-09-21 15:38:18,288 - Detector - INFO - [1m[33mTransaction - buy():[0m
2025-09-21 15:38:18,288 - Detector - INFO - [1m[33m-----------------------------------------------------[0m
2025-09-21 15:38:18,288 - Detector - INFO - [1m[33mFrom:      0xdeadbeefdeadbeefdeadbeefdeadbeefdeadbeef[0m
2025-09-21 15:38:18,288 - Detector - INFO - [1m[33mTo:        0x2c5e8a3b3aad9df32339409534e64dfcabcd3a65[0m
2025-09-21 15:38:18,288 - Detector - INFO - [1m[33mValue:     1 Wei[0m
2025-09-21 15:38:18,288 - Detector - INFO - [1m[33mGas Limit: 4500000[0m
2025-09-21 15:38:18,289 - Detector - INFO - [1m[33mInput:     0xa6f2ae3a[0m
2025-09-21 15:38:18,289 - Detector - INFO - [1m[33m-----------------------------------------------------[0m
2025-09-21 15:38:18,511 - Analysis - INFO - [1mGeneration number 0 	 Code coverage: 70.36% (1505/2139) 	 Branch coverage: 75.00% (108/144) 	 Transactions: 47 (46 unique)   	 Time: 0.2600440979003906[0m
2025-09-21 15:38:18,989 - Analysis - INFO - [1mGeneration number 1 	 Code coverage: 73.63% (1575/2139) 	 Branch coverage: 77.08% (111/144) 	 Transactions: 105 (79 unique)   	 Time: 0.7377820014953613[0m
2025-09-21 15:38:19,339 - Detector - INFO - [1m[31m-----------------------------------------------------[0m
2025-09-21 15:38:19,339 - Detector - INFO - [1m[31m          !!! Integer overflow detected !!!          [0m
2025-09-21 15:38:19,339 - Detector - INFO - [1m[31m-----------------------------------------------------[0m
2025-09-21 15:38:19,339 - Detector - INFO - [1m[31mSWC-ID:   101[0m
2025-09-21 15:38:19,339 - Detector - INFO - [1m[31mSeverity: High[0m
2025-09-21 15:38:19,339 - Detector - INFO - [1m[31m-----------------------------------------------------[0m
2025-09-21 15:38:19,339 - Detector - INFO - [1m[31mSource code line:[0m
2025-09-21 15:38:19,339 - Detector - INFO - [1m[31m-----------------------------------------------------[0m
2025-09-21 15:38:19,339 - Detector - INFO - [1m[31m/sb/0x0cd70d195323e466eccb8797814ee6c7f1df65ee.sol:214:1[0m
2025-09-21 15:38:19,339 - Detector - INFO - [1m[31mtotalSupply += mintedAmount[0m
2025-09-21 15:38:19,339 - Detector - INFO - [1m[31m-----------------------------------------------------[0m
2025-09-21 15:38:19,339 - Detector - INFO - [1m[31mTransaction sequence:[0m
2025-09-21 15:38:19,339 - Detector - INFO - [1m[31m-----------------------------------------------------[0m
2025-09-21 15:38:19,339 - Detector - INFO - [1m[31mTransaction 1 - mintToken(address,uint256):[0m
2025-09-21 15:38:19,339 - Detector - INFO - [1m[31m-----------------------------------------------------[0m
2025-09-21 15:38:19,339 - Detector - INFO - [1m[31mFrom:      0xcafebabecafebabecafebabecafebabecafebabe[0m
2025-09-21 15:38:19,339 - Detector - INFO - [1m[31mTo:        0x2c5e8a3b3aad9df32339409534e64dfcabcd3a65[0m
2025-09-21 15:38:19,339 - Detector - INFO - [1m[31mValue:     0 Wei[0m
2025-09-21 15:38:19,339 - Detector - INFO - [1m[31mGas Limit: 4500000[0m
2025-09-21 15:38:19,340 - Detector - INFO - [1m[31mInput:     0x79c65068000000000000000000000000deadbeef[0m
2025-09-21 15:38:19,340 - Detector - INFO - [1m[31m           deadbeefdeadbeefdeadbeefdeadbeefa3de66092b[0m
2025-09-21 15:38:19,340 - Detector - INFO - [1m[31m           da66ebed9685ec9fbc352373b1c9e94feeea978ffa[0m
2025-09-21 15:38:19,340 - Detector - INFO - [1m[31m           5f1e358740c1[0m
2025-09-21 15:38:19,340 - Detector - INFO - [1m[31m-----------------------------------------------------[0m
2025-09-21 15:38:19,340 - Detector - INFO - [1m[31mTransaction 2 - burn(uint256):[0m
2025-09-21 15:38:19,340 - Detector - INFO - [1m[31m-----------------------------------------------------[0m
2025-09-21 15:38:19,340 - Detector - INFO - [1m[31mFrom:      0xdeadbeefdeadbeefdeadbeefdeadbeefdeadbeef[0m
2025-09-21 15:38:19,340 - Detector - INFO - [1m[31mTo:        0x2c5e8a3b3aad9df32339409534e64dfcabcd3a65[0m
2025-09-21 15:38:19,340 - Detector - INFO - [1m[31mValue:     0 Wei[0m
2025-09-21 15:38:19,340 - Detector - INFO - [1m[31mGas Limit: 4500000[0m
2025-09-21 15:38:19,340 - Detector - INFO - [1m[31mInput:     0x42966c6800000000000000000000000000000000[0m
2025-09-21 15:38:19,340 - Detector - INFO - [1m[31m           00000000000000000000000000000001[0m
2025-09-21 15:38:19,340 - Detector - INFO - [1m[31m-----------------------------------------------------[0m
2025-09-21 15:38:19,340 - Detector - INFO - [1m[31mTransaction 3 - mintToken(address,uint256):[0m
2025-09-21 15:38:19,340 - Detector - INFO - [1m[31m-----------------------------------------------------[0m
2025-09-21 15:38:19,340 - Detector - INFO - [1m[31mFrom:      0xcafebabecafebabecafebabecafebabecafebabe[0m
2025-09-21 15:38:19,340 - Detector - INFO - [1m[31mTo:        0x2c5e8a3b3aad9df32339409534e64dfcabcd3a65[0m
2025-09-21 15:38:19,340 - Detector - INFO - [1m[31mValue:     0 Wei[0m
2025-09-21 15:38:19,340 - Detector - INFO - [1m[31mGas Limit: 4500000[0m
2025-09-21 15:38:19,340 - Detector - INFO - [1m[31mInput:     0x79c65068000000000000000000000000cafebabe[0m
2025-09-21 15:38:19,340 - Detector - INFO - [1m[31m           cafebabecafebabecafebabecafebabe699c7452ee[0m
2025-09-21 15:38:19,340 - Detector - INFO - [1m[31m           acb122f98cc4635ed7100dcf79f7f556b02e54c7ed[0m
2025-09-21 15:38:19,340 - Detector - INFO - [1m[31m           467c65c0057e[0m
2025-09-21 15:38:19,340 - Detector - INFO - [1m[31m-----------------------------------------------------[0m
2025-09-21 15:38:19,341 - Detector - INFO - [1m[31mTransaction 4 - burnFrom(address,uint256):[0m
2025-09-21 15:38:19,341 - Detector - INFO - [1m[31m-----------------------------------------------------[0m
2025-09-21 15:38:19,341 - Detector - INFO - [1m[31mFrom:      0xdeadbeefdeadbeefdeadbeefdeadbeefdeadbeef[0m
2025-09-21 15:38:19,341 - Detector - INFO - [1m[31mTo:        0x2c5e8a3b3aad9df32339409534e64dfcabcd3a65[0m
2025-09-21 15:38:19,341 - Detector - INFO - [1m[31mValue:     0 Wei[0m
2025-09-21 15:38:19,341 - Detector - INFO - [1m[31mGas Limit: 4500000[0m
2025-09-21 15:38:19,341 - Detector - INFO - [1m[31mInput:     0x79cc6790000000000000000000000000deadbeef[0m
2025-09-21 15:38:19,341 - Detector - INFO - [1m[31m           deadbeefdeadbeefdeadbeefdeadbeefffffffffff[0m
2025-09-21 15:38:19,341 - Detector - INFO - [1m[31m           ffffffffffffffffffffffffffffffffffffffffff[0m
2025-09-21 15:38:19,341 - Detector - INFO - [1m[31m           ffffffffffff[0m
2025-09-21 15:38:19,341 - Detector - INFO - [1m[31m-----------------------------------------------------[0m
2025-09-21 15:38:19,384 - Detector - INFO - [1m[31m-----------------------------------------------------[0m
2025-09-21 15:38:19,384 - Detector - INFO - [1m[31m          !!! Integer overflow detected !!!          [0m
2025-09-21 15:38:19,384 - Detector - INFO - [1m[31m-----------------------------------------------------[0m
2025-09-21 15:38:19,384 - Detector - INFO - [1m[31mSWC-ID:   101[0m
2025-09-21 15:38:19,384 - Detector - INFO - [1m[31mSeverity: High[0m
2025-09-21 15:38:19,384 - Detector - INFO - [1m[31m-----------------------------------------------------[0m
2025-09-21 15:38:19,384 - Detector - INFO - [1m[31mSource code line:[0m
2025-09-21 15:38:19,384 - Detector - INFO - [1m[31m-----------------------------------------------------[0m
2025-09-21 15:38:19,384 - Detector - INFO - [1m[31m/sb/0x0cd70d195323e466eccb8797814ee6c7f1df65ee.sol:201:1[0m
2025-09-21 15:38:19,384 - Detector - INFO - [1m[31mbalanceOf[_to] + _value[0m
2025-09-21 15:38:19,385 - Detector - INFO - [1m[31m-----------------------------------------------------[0m
2025-09-21 15:38:19,385 - Detector - INFO - [1m[31mTransaction sequence:[0m
2025-09-21 15:38:19,385 - Detector - INFO - [1m[31m-----------------------------------------------------[0m
2025-09-21 15:38:19,385 - Detector - INFO - [1m[31mTransaction 1 - mintToken(address,uint256):[0m
2025-09-21 15:38:19,385 - Detector - INFO - [1m[31m-----------------------------------------------------[0m
2025-09-21 15:38:19,385 - Detector - INFO - [1m[31mFrom:      0xcafebabecafebabecafebabecafebabecafebabe[0m
2025-09-21 15:38:19,385 - Detector - INFO - [1m[31mTo:        0x2c5e8a3b3aad9df32339409534e64dfcabcd3a65[0m
2025-09-21 15:38:19,385 - Detector - INFO - [1m[31mValue:     0 Wei[0m
2025-09-21 15:38:19,385 - Detector - INFO - [1m[31mGas Limit: 4500000[0m
2025-09-21 15:38:19,385 - Detector - INFO - [1m[31mInput:     0x79c65068000000000000000000000000cafebabe[0m
2025-09-21 15:38:19,385 - Detector - INFO - [1m[31m           cafebabecafebabecafebabecafebabeffffffffff[0m
2025-09-21 15:38:19,385 - Detector - INFO - [1m[31m           ffffffffffffffffffffffffffffffffffffffffff[0m
2025-09-21 15:38:19,385 - Detector - INFO - [1m[31m           ffffffffffff[0m
2025-09-21 15:38:19,385 - Detector - INFO - [1m[31m-----------------------------------------------------[0m
2025-09-21 15:38:19,385 - Detector - INFO - [1m[31mTransaction 2 - burn(uint256):[0m
2025-09-21 15:38:19,385 - Detector - INFO - [1m[31m-----------------------------------------------------[0m
2025-09-21 15:38:19,385 - Detector - INFO - [1m[31mFrom:      0xdeadbeefdeadbeefdeadbeefdeadbeefdeadbeef[0m
2025-09-21 15:38:19,385 - Detector - INFO - [1m[31mTo:        0x2c5e8a3b3aad9df32339409534e64dfcabcd3a65[0m
2025-09-21 15:38:19,385 - Detector - INFO - [1m[31mValue:     0 Wei[0m
2025-09-21 15:38:19,385 - Detector - INFO - [1m[31mGas Limit: 4500000[0m
2025-09-21 15:38:19,385 - Detector - INFO - [1m[31mInput:     0x42966c6800000000000000000000000000000000[0m
2025-09-21 15:38:19,385 - Detector - INFO - [1m[31m           00000000000000000000000000000002[0m
2025-09-21 15:38:19,385 - Detector - INFO - [1m[31m-----------------------------------------------------[0m
2025-09-21 15:38:19,386 - Detector - INFO - [1m[31mTransaction 3 - transfer(address,uint256):[0m
2025-09-21 15:38:19,386 - Detector - INFO - [1m[31m-----------------------------------------------------[0m
2025-09-21 15:38:19,386 - Detector - INFO - [1m[31mFrom:      0xcafebabecafebabecafebabecafebabecafebabe[0m
2025-09-21 15:38:19,386 - Detector - INFO - [1m[31mTo:        0x2c5e8a3b3aad9df32339409534e64dfcabcd3a65[0m
2025-09-21 15:38:19,386 - Detector - INFO - [1m[31mValue:     0 Wei[0m
2025-09-21 15:38:19,386 - Detector - INFO - [1m[31mGas Limit: 4500000[0m
2025-09-21 15:38:19,386 - Detector - INFO - [1m[31mInput:     0xa9059cbb000000000000000000000000cafebabe[0m
2025-09-21 15:38:19,386 - Detector - INFO - [1m[31m           cafebabecafebabecafebabecafebabeffffffffff[0m
2025-09-21 15:38:19,386 - Detector - INFO - [1m[31m           ffffffffffffffffffffffffffffffffffffffffff[0m
2025-09-21 15:38:19,386 - Detector - INFO - [1m[31m           ffffffffffff[0m
2025-09-21 15:38:19,386 - Detector - INFO - [1m[31m-----------------------------------------------------[0m
2025-09-21 15:38:19,797 - Analysis - INFO - [1mGeneration number 2 	 Code coverage: 88.92% (1902/2139) 	 Branch coverage: 82.64% (119/144) 	 Transactions: 201 (119 unique)   	 Time: 1.5458526611328125[0m
2025-09-21 15:38:21,107 - Analysis - INFO - [1mGeneration number 3 	 Code coverage: 88.92% (1902/2139) 	 Branch coverage: 82.64% (119/144) 	 Transactions: 356 (162 unique)   	 Time: 2.8560140132904053[0m
2025-09-21 15:38:22,715 - Detector - INFO - [1m[31m-----------------------------------------------------[0m
2025-09-21 15:38:22,715 - Detector - INFO - [1m[31m          !!! Integer overflow detected !!!          [0m
2025-09-21 15:38:22,715 - Detector - INFO - [1m[31m-----------------------------------------------------[0m
2025-09-21 15:38:22,715 - Detector - INFO - [1m[31mSWC-ID:   101[0m
2025-09-21 15:38:22,716 - Detector - INFO - [1m[31mSeverity: High[0m
2025-09-21 15:38:22,716 - Detector - INFO - [1m[31m-----------------------------------------------------[0m
2025-09-21 15:38:22,716 - Detector - INFO - [1m[31mSource code line:[0m
2025-09-21 15:38:22,716 - Detector - INFO - [1m[31m-----------------------------------------------------[0m
2025-09-21 15:38:22,716 - Detector - INFO - [1m[31m/sb/0x0cd70d195323e466eccb8797814ee6c7f1df65ee.sol:213:1[0m
2025-09-21 15:38:22,716 - Detector - INFO - [1m[31mbalanceOf[target] += mintedAmount[0m
2025-09-21 15:38:22,716 - Detector - INFO - [1m[31m-----------------------------------------------------[0m
2025-09-21 15:38:22,716 - Detector - INFO - [1m[31mTransaction sequence:[0m
2025-09-21 15:38:22,716 - Detector - INFO - [1m[31m-----------------------------------------------------[0m
2025-09-21 15:38:22,716 - Detector - INFO - [1m[31mTransaction 1 - mintToken(address,uint256):[0m
2025-09-21 15:38:22,716 - Detector - INFO - [1m[31m-----------------------------------------------------[0m
2025-09-21 15:38:22,716 - Detector - INFO - [1m[31mFrom:      0xcafebabecafebabecafebabecafebabecafebabe[0m
2025-09-21 15:38:22,716 - Detector - INFO - [1m[31mTo:        0x2c5e8a3b3aad9df32339409534e64dfcabcd3a65[0m
2025-09-21 15:38:22,716 - Detector - INFO - [1m[31mValue:     0 Wei[0m
2025-09-21 15:38:22,716 - Detector - INFO - [1m[31mGas Limit: 4500000[0m
2025-09-21 15:38:22,716 - Detector - INFO - [1m[31mInput:     0x79c65068000000000000000000000000deadbeef[0m
2025-09-21 15:38:22,716 - Detector - INFO - [1m[31m           deadbeefdeadbeefdeadbeefdeadbeef4127cc0639[0m
2025-09-21 15:38:22,716 - Detector - INFO - [1m[31m           0ec38a7840334dd1bbd1f0c8412d950afaa12cf2b3[0m
2025-09-21 15:38:22,716 - Detector - INFO - [1m[31m           2ddb51563ca8[0m
2025-09-21 15:38:22,716 - Detector - INFO - [1m[31m-----------------------------------------------------[0m
2025-09-21 15:38:22,716 - Detector - INFO - [1m[31mTransaction 2 - burn(uint256):[0m
2025-09-21 15:38:22,716 - Detector - INFO - [1m[31m-----------------------------------------------------[0m
2025-09-21 15:38:22,716 - Detector - INFO - [1m[31mFrom:      0xdeadbeefdeadbeefdeadbeefdeadbeefdeadbeef[0m
2025-09-21 15:38:22,716 - Detector - INFO - [1m[31mTo:        0x2c5e8a3b3aad9df32339409534e64dfcabcd3a65[0m
2025-09-21 15:38:22,716 - Detector - INFO - [1m[31mValue:     0 Wei[0m
2025-09-21 15:38:22,716 - Detector - INFO - [1m[31mGas Limit: 4500000[0m
2025-09-21 15:38:22,716 - Detector - INFO - [1m[31mInput:     0x42966c6800000000000000000000000000000000[0m
2025-09-21 15:38:22,716 - Detector - INFO - [1m[31m           00000000000000000000000000000002[0m
2025-09-21 15:38:22,716 - Detector - INFO - [1m[31m-----------------------------------------------------[0m
2025-09-21 15:38:22,716 - Detector - INFO - [1m[31mTransaction 3 - transfer(address,uint256):[0m
2025-09-21 15:38:22,716 - Detector - INFO - [1m[31m-----------------------------------------------------[0m
2025-09-21 15:38:22,716 - Detector - INFO - [1m[31mFrom:      0xcafebabecafebabecafebabecafebabecafebabe[0m
2025-09-21 15:38:22,716 - Detector - INFO - [1m[31mTo:        0x2c5e8a3b3aad9df32339409534e64dfcabcd3a65[0m
2025-09-21 15:38:22,716 - Detector - INFO - [1m[31mValue:     0 Wei[0m
2025-09-21 15:38:22,716 - Detector - INFO - [1m[31mGas Limit: 4500000[0m
2025-09-21 15:38:22,716 - Detector - INFO - [1m[31mInput:     0xa9059cbb000000000000000000000000cafebabe[0m
2025-09-21 15:38:22,716 - Detector - INFO - [1m[31m           cafebabecafebabecafebabecafebabe7855bb99fe[0m
2025-09-21 15:38:22,716 - Detector - INFO - [1m[31m           5967150ca51b2f3c7b20f196974d5ebb9684bbf523[0m
2025-09-21 15:38:22,717 - Detector - INFO - [1m[31m           7f087b84b059[0m
2025-09-21 15:38:22,717 - Detector - INFO - [1m[31m-----------------------------------------------------[0m
2025-09-21 15:38:22,717 - Detector - INFO - [1m[31mTransaction 4 - mintToken(address,uint256):[0m
2025-09-21 15:38:22,717 - Detector - INFO - [1m[31m-----------------------------------------------------[0m
2025-09-21 15:38:22,717 - Detector - INFO - [1m[31mFrom:      0xcafebabecafebabecafebabecafebabecafebabe[0m
2025-09-21 15:38:22,717 - Detector - INFO - [1m[31mTo:        0x2c5e8a3b3aad9df32339409534e64dfcabcd3a65[0m
2025-09-21 15:38:22,717 - Detector - INFO - [1m[31mValue:     0 Wei[0m
2025-09-21 15:38:22,717 - Detector - INFO - [1m[31mGas Limit: 4500000[0m
2025-09-21 15:38:22,717 - Detector - INFO - [1m[31mInput:     0x79c65068000000000000000000000000deadbeef[0m
2025-09-21 15:38:22,717 - Detector - INFO - [1m[31m           deadbeefdeadbeefdeadbeefdeadbeefffffffffff[0m
2025-09-21 15:38:22,717 - Detector - INFO - [1m[31m           ffffffffffffffffffffffffffffffffffffffffff[0m
2025-09-21 15:38:22,717 - Detector - INFO - [1m[31m           fffffffffffe[0m
2025-09-21 15:38:22,717 - Detector - INFO - [1m[31m-----------------------------------------------------[0m
2025-09-21 15:38:22,717 - Detector - INFO - [1m[31mTransaction 5 - balanceOf(address):[0m
2025-09-21 15:38:22,717 - Detector - INFO - [1m[31m-----------------------------------------------------[0m
2025-09-21 15:38:22,717 - Detector - INFO - [1m[31mFrom:      0xcafebabecafebabecafebabecafebabecafebabe[0m
2025-09-21 15:38:22,717 - Detector - INFO - [1m[31mTo:        0x2c5e8a3b3aad9df32339409534e64dfcabcd3a65[0m
2025-09-21 15:38:22,717 - Detector - INFO - [1m[31mValue:     0 Wei[0m
2025-09-21 15:38:22,717 - Detector - INFO - [1m[31mGas Limit: 4500000[0m
2025-09-21 15:38:22,717 - Detector - INFO - [1m[31mInput:     0x70a08231000000000000000000000000cafebabe[0m
2025-09-21 15:38:22,717 - Detector - INFO - [1m[31m           cafebabecafebabecafebabecafebabe[0m
2025-09-21 15:38:22,717 - Detector - INFO - [1m[31m-----------------------------------------------------[0m
2025-09-21 15:38:22,790 - Analysis - INFO - [1mGeneration number 4 	 Code coverage: 89.06% (1905/2139) 	 Branch coverage: 83.33% (120/144) 	 Transactions: 535 (208 unique)   	 Time: 4.538294076919556[0m
2025-09-21 15:38:24,451 - Analysis - INFO - [1mGeneration number 5 	 Code coverage: 89.06% (1905/2139) 	 Branch coverage: 83.33% (120/144) 	 Transactions: 724 (254 unique)   	 Time: 6.199366807937622[0m
2025-09-21 15:38:26,195 - Analysis - INFO - [1mGeneration number 6 	 Code coverage: 89.06% (1905/2139) 	 Branch coverage: 83.33% (120/144) 	 Transactions: 916 (300 unique)   	 Time: 7.94335412979126[0m
2025-09-21 15:38:28,073 - Analysis - INFO - [1mGeneration number 7 	 Code coverage: 89.06% (1905/2139) 	 Branch coverage: 83.33% (120/144) 	 Transactions: 1117 (346 unique)   	 Time: 9.821467399597168[0m
2025-09-21 15:38:30,155 - Analysis - INFO - [1mGeneration number 8 	 Code coverage: 89.06% (1905/2139) 	 Branch coverage: 83.33% (120/144) 	 Transactions: 1326 (391 unique)   	 Time: 11.903454542160034[0m
2025-09-21 15:38:32,221 - Analysis - INFO - [1mGeneration number 9 	 Code coverage: 89.62% (1917/2139) 	 Branch coverage: 84.03% (121/144) 	 Transactions: 1537 (437 unique)   	 Time: 13.969757080078125[0m
2025-09-21 15:38:34,220 - Analysis - INFO - [1mGeneration number 10 	 Code coverage: 89.62% (1917/2139) 	 Branch coverage: 84.03% (121/144) 	 Transactions: 1753 (483 unique)   	 Time: 15.969111442565918[0m
2025-09-21 15:38:34,278 - Analysis - INFO - [1m-----------------------------------------------------[0m
2025-09-21 15:38:34,278 - Analysis - INFO - Number of generations: 	 10
2025-09-21 15:38:34,278 - Analysis - INFO - Number of transactions: 	 1753 (483 unique)
2025-09-21 15:38:34,278 - Analysis - INFO - Transactions per second: 	 109
2025-09-21 15:38:34,278 - Analysis - INFO - Total code coverage: 	 89.62% (1917/2139)
2025-09-21 15:38:34,278 - Analysis - INFO - Total branch coverage: 	 84.03% (121/144)
2025-09-21 15:38:34,278 - Analysis - INFO - Total execution time: 	 16.03 seconds
2025-09-21 15:38:34,278 - Analysis - INFO - Total memory consumption: 	 74.06 MB
2025-09-21 15:38:34,281 - Fuzzer   - INFO - [1mFuzzing contract [1mTokenERC20[0m[0m
2025-09-21 15:38:34,421 - Analysis - INFO - [1mGeneration number 0 	 Code coverage: 66.21% (1013/1530) 	 Branch coverage: 71.11% (64/90) 	 Transactions: 27 (26 unique)   	 Time: 0.1314237117767334[0m
2025-09-21 15:38:34,590 - Analysis - INFO - [1mGeneration number 1 	 Code coverage: 66.21% (1013/1530) 	 Branch coverage: 72.22% (65/90) 	 Transactions: 59 (40 unique)   	 Time: 0.3004636764526367[0m
2025-09-21 15:38:34,864 - Analysis - INFO - [1mGeneration number 2 	 Code coverage: 70.78% (1083/1530) 	 Branch coverage: 75.56% (68/90) 	 Transactions: 99 (57 unique)   	 Time: 0.5739965438842773[0m
2025-09-21 15:38:35,319 - Analysis - INFO - [1mGeneration number 3 	 Code coverage: 70.78% (1083/1530) 	 Branch coverage: 75.56% (68/90) 	 Transactions: 161 (75 unique)   	 Time: 1.028834342956543[0m
2025-09-21 15:38:35,808 - Analysis - INFO - [1mGeneration number 4 	 Code coverage: 70.98% (1086/1530) 	 Branch coverage: 76.67% (69/90) 	 Transactions: 226 (92 unique)   	 Time: 1.5180482864379883[0m
2025-09-21 15:38:36,344 - Analysis - INFO - [1mGeneration number 5 	 Code coverage: 70.98% (1086/1530) 	 Branch coverage: 76.67% (69/90) 	 Transactions: 321 (114 unique)   	 Time: 2.054304599761963[0m
2025-09-21 15:38:37,069 - Analysis - INFO - [1mGeneration number 6 	 Code coverage: 70.98% (1086/1530) 	 Branch coverage: 76.67% (69/90) 	 Transactions: 435 (140 unique)   	 Time: 2.7788493633270264[0m
2025-09-21 15:38:37,780 - Analysis - INFO - [1mGeneration number 7 	 Code coverage: 70.98% (1086/1530) 	 Branch coverage: 76.67% (69/90) 	 Transactions: 543 (165 unique)   	 Time: 3.4906985759735107[0m
2025-09-21 15:38:38,532 - Analysis - INFO - [1mGeneration number 8 	 Code coverage: 70.98% (1086/1530) 	 Branch coverage: 76.67% (69/90) 	 Transactions: 656 (191 unique)   	 Time: 4.241986989974976[0m
2025-09-21 15:38:39,317 - Analysis - INFO - [1mGeneration number 9 	 Code coverage: 70.98% (1086/1530) 	 Branch coverage: 76.67% (69/90) 	 Transactions: 774 (217 unique)   	 Time: 5.026959657669067[0m
2025-09-21 15:38:40,133 - Analysis - INFO - [1mGeneration number 10 	 Code coverage: 70.98% (1086/1530) 	 Branch coverage: 76.67% (69/90) 	 Transactions: 891 (243 unique)   	 Time: 5.843634843826294[0m
2025-09-21 15:38:40,176 - Analysis - INFO - [1m-----------------------------------------------------[0m
2025-09-21 15:38:40,176 - Analysis - INFO - Number of generations: 	 10
2025-09-21 15:38:40,176 - Analysis - INFO - Number of transactions: 	 891 (243 unique)
2025-09-21 15:38:40,176 - Analysis - INFO - Transactions per second: 	 151
2025-09-21 15:38:40,176 - Analysis - INFO - Total code coverage: 	 70.98% (1086/1530)
2025-09-21 15:38:40,176 - Analysis - INFO - Total branch coverage: 	 76.67% (69/90)
2025-09-21 15:38:40,176 - Analysis - INFO - Total execution time: 	 5.89 seconds
2025-09-21 15:38:40,177 - Analysis - INFO - Total memory consumption: 	 74.69 MB
2025-09-21 15:38:40,179 - Fuzzer   - INFO - [1mFuzzing contract [1mowned[0m[0m
2025-09-21 15:38:40,201 - Analysis - INFO - [1mGeneration number 0 	 Code coverage: 81.67% (98/120) 	 Branch coverage: 83.33% (10/12) 	 Transactions: 7 (6 unique)   	 Time: 0.01909494400024414[0m
2025-09-21 15:38:40,223 - Analysis - INFO - [1mGeneration number 1 	 Code coverage: 81.67% (98/120) 	 Branch coverage: 83.33% (10/12) 	 Transactions: 13 (8 unique)   	 Time: 0.041648149490356445[0m
2025-09-21 15:38:40,247 - Analysis - INFO - [1mGeneration number 2 	 Code coverage: 81.67% (98/120) 	 Branch coverage: 83.33% (10/12) 	 Transactions: 16 (9 unique)   	 Time: 0.06608176231384277[0m
2025-09-21 15:38:40,272 - Analysis - INFO - [1mGeneration number 3 	 Code coverage: 81.67% (98/120) 	 Branch coverage: 83.33% (10/12) 	 Transactions: 19 (10 unique)   	 Time: 0.09080076217651367[0m
2025-09-21 15:38:40,298 - Analysis - INFO - [1mGeneration number 4 	 Code coverage: 99.17% (119/120) 	 Branch coverage: 91.67% (11/12) 	 Transactions: 22 (11 unique)   	 Time: 0.11621451377868652[0m
2025-09-21 15:38:40,341 - Analysis - INFO - [1mGeneration number 5 	 Code coverage: 99.17% (119/120) 	 Branch coverage: 91.67% (11/12) 	 Transactions: 32 (15 unique)   	 Time: 0.1598985195159912[0m
2025-09-21 15:38:40,422 - Analysis - INFO - [1mGeneration number 6 	 Code coverage: 99.17% (119/120) 	 Branch coverage: 91.67% (11/12) 	 Transactions: 47 (19 unique)   	 Time: 0.2409203052520752[0m
2025-09-21 15:38:40,488 - Analysis - INFO - [1mGeneration number 7 	 Code coverage: 99.17% (119/120) 	 Branch coverage: 91.67% (11/12) 	 Transactions: 60 (23 unique)   	 Time: 0.3070719242095947[0m
2025-09-21 15:38:40,645 - Analysis - INFO - [1mGeneration number 8 	 Code coverage: 99.17% (119/120) 	 Branch coverage: 91.67% (11/12) 	 Transactions: 86 (29 unique)   	 Time: 0.46328043937683105[0m
2025-09-21 15:38:40,806 - Analysis - INFO - [1mGeneration number 9 	 Code coverage: 99.17% (119/120) 	 Branch coverage: 91.67% (11/12) 	 Transactions: 113 (35 unique)   	 Time: 0.6245410442352295[0m
2025-09-21 15:38:40,977 - Analysis - INFO - [1mGeneration number 10 	 Code coverage: 99.17% (119/120) 	 Branch coverage: 91.67% (11/12) 	 Transactions: 140 (41 unique)   	 Time: 0.7954099178314209[0m
2025-09-21 15:38:40,977 - Analysis - INFO - [1m-----------------------------------------------------[0m
2025-09-21 15:38:40,977 - Analysis - INFO - Number of generations: 	 10
2025-09-21 15:38:40,977 - Analysis - INFO - Number of transactions: 	 140 (41 unique)
2025-09-21 15:38:40,977 - Analysis - INFO - Transactions per second: 	 176
2025-09-21 15:38:40,977 - Analysis - INFO - Total code coverage: 	 99.17% (119/120)
2025-09-21 15:38:40,977 - Analysis - INFO - Total branch coverage: 	 91.67% (11/12)
2025-09-21 15:38:40,977 - Analysis - INFO - Total execution time: 	 0.80 seconds
2025-09-21 15:38:40,977 - Analysis - INFO - Total memory consumption: 	 74.69 MB

     ______            ______                _           
    / ____/___  ____  / ____/_  __________  (_)_  _______
   / /   / __ \/ __ \/ /_  / / / /_  /_  / / / / / / ___/
  / /___/ /_/ / / / / __/ / /_/ / / /_/ /_/ / /_/ (__  ) 
  \____/\____/_/ /_/_/    \__,_/ /___/___/_/\__,_/____/  

delteed file
