Extract contract OpenAddressLottery from /sb/open_address_lottery.sol
Extracted 1 contract(s) from /sb/open_address_lottery.sol
[0;32m> Created "fuzzMe"[0m
[0;32m> To fuzz contracts:[0m
  chmod +x fuzzMe
  ./fuzzMe
contracts/OpenAddressLottery.sol:41:5: Warning: Defining constructors as functions with the same name as the contract is deprecated. Use "constructor(...) { ... }" instead.
    function OpenAddressLottery() {
    ^ (Relevant source part starts here and spans across multiple lines).
contracts/OpenAddressLottery.sol:91:9: Warning: Variable is declared as a storage pointer. Use an explicit "storage" keyword to silence this warning.
        SeedComponents s;
        ^--------------^
contracts/OpenAddressLottery.sol:58:20: Warning: Using contract member "balance" inherited from the address type is deprecated. Convert the contract to "address" type to access the member, for example use "address(contract).balance" instead.
            if(win>this.balance) //if the balance isnt sufficient...
                   ^----------^
contracts/OpenAddressLottery.sol:59:21: Warning: Using contract member "balance" inherited from the address type is deprecated. Convert the contract to "address" type to access the member, for example use "address(contract).balance" instead.
                win=this.balance; //...send everything we've got
                    ^----------^
contracts/OpenAddressLottery.sol:69:18: Warning: This function only accepts a single "bytes" argument. Please use "abi.encodePacked(...)" or a similar function to encode the data.
        n = uint(keccak256(uint(addr), secretSeed)[0]) % 8;
                 ^-------------------------------^
contracts/OpenAddressLottery.sol:73:30: Warning: This function only accepts a single "bytes" argument. Please use "abi.encodePacked(...)" or a similar function to encode the data.
        secretSeed = uint256(keccak256(
                             ^ (Relevant source part starts here and spans across multiple lines).
contracts/OpenAddressLottery.sol:91:9: Warning: Uninitialized storage pointer. Did you mean '<type> memory s'?
        SeedComponents s;
        ^--------------^
contracts/OpenAddressLottery.sol:41:5: Warning: No visibility specified. Defaulting to "public". 
    function OpenAddressLottery() {
    ^ (Relevant source part starts here and spans across multiple lines).
contracts/OpenAddressLottery.sol:46:5: Warning: No visibility specified. Defaulting to "public". 
    function participate() payable {
    ^ (Relevant source part starts here and spans across multiple lines).
contracts/OpenAddressLottery.sol:67:5: Warning: No visibility specified. Defaulting to "public". 
    function luckyNumberOfAddress(address addr) constant returns(uint n){
    ^ (Relevant source part starts here and spans across multiple lines).
contracts/OpenAddressLottery.sol:82:5: Warning: No visibility specified. Defaulting to "public". 
    function kill() {
    ^ (Relevant source part starts here and spans across multiple lines).
contracts/OpenAddressLottery.sol:88:5: Warning: No visibility specified. Defaulting to "public". 
    function forceReseed() { //reseed initiated by the owner - for testing purposes
    ^ (Relevant source part starts here and spans across multiple lines).
contracts/OpenAddressLottery.sol:93:32: Warning: "block.blockhash()" has been deprecated in favor of "blockhash()"
        s.component2 = uint256(block.blockhash(block.number - 1));
                               ^-------------^
contracts/OpenAddressLottery.sol:100:5: Warning: No visibility specified. Defaulting to "public". 
    function () payable { //if someone sends money without any function call, just assume he wanted to participate
    ^ (Relevant source part starts here and spans across multiple lines).
assets/NormalAttacker.sol:5:3: Warning: No visibility specified. Defaulting to "public". 
  function() payable {
  ^ (Relevant source part starts here and spans across multiple lines).
assets/ReentrancyAttacker.sol:8:7: Warning: Return value of low-level calls not used.
      msg.sender.call(bytes4(255));
      ^--------------------------^
assets/ReentrancyAttacker.sol:5:3: Warning: No visibility specified. Defaulting to "public". 
  function() payable {
  ^ (Relevant source part starts here and spans across multiple lines).
>> Fuzz OpenAddressLottery
** Write stats: 0.003072
** Write stats: 5.00018
** Write stats: 10.0003
** Write stats: 15.0002
** Write stats: 20.0001
** Write stats: 25.0002
** Write stats: 30.0001
** Write stats: 35.0001
** Write stats: 40.0001
** Write stats: 45.0001
** Write stats: 50.0001
** Write stats: 55.0001
** Write stats: 60.0001
** Write stats: 65.0001
** Write stats: 70.0001
** Write stats: 75.0002
** Write stats: 80.0004
** Write stats: 85.0002
** Write stats: 90.0001
** Write stats: 95.0001
** Write stats: 100
** Write stats: 105
** Write stats: 110
** Write stats: 115
** Write stats: 120
** Write stats: 125.018
** Write stats: 130
** Write stats: 135
** Write stats: 140
** Write stats: 145
** Write stats: 150
** Write stats: 155
** Write stats: 160
** Write stats: 165
** Write stats: 170
** Write stats: 175.007
** Write stats: 180
** Write stats: 185
** Write stats: 190
** Write stats: 195.007
** Write stats: 200
** Write stats: 205.001
** Write stats: 210.001
** Write stats: 215
** Write stats: 220
** Write stats: 225.001
** Write stats: 230.004
** Write stats: 235.003
** Write stats: 240.001
** Write stats: 245
** Write stats: 250.001
** Write stats: 255.003
** Write stats: 260.003
** Write stats: 265.004
** Write stats: 270.003
** Write stats: 275.002
** Write stats: 280.005
** Write stats: 285.002
** Write stats: 290.004
** Write stats: 295
** Write stats: 300
** Write stats: 305.001
** Write stats: 310.008
** Write stats: 315.004
** Write stats: 320.003
** Write stats: 325.005
** Write stats: 330.009
** Write stats: 335.006
** Write stats: 340.004
** Write stats: 345.009
** Write stats: 350.005
** Write stats: 355.005
** Write stats: 360.001
** Write stats: 365.005
** Write stats: 370.002
** Write stats: 375.004
** Write stats: 380.001
** Write stats: 385.003
** Write stats: 390.007
** Write stats: 395.001
** Write stats: 400.001
** Write stats: 405.006
** Write stats: 410.008
** Write stats: 415.005
** Write stats: 420.008
** Write stats: 425.011
** Write stats: 430.002
** Write stats: 435.004
** Write stats: 440.003
** Write stats: 445.006
** Write stats: 450.008
** Write stats: 455.008
** Write stats: 460.003
** Write stats: 465.007
** Write stats: 470.002
** Write stats: 475.001
** Write stats: 480.012
** Write stats: 485.008
** Write stats: 490.001
** Write stats: 495.004
** Write stats: 500.001
** Write stats: 505.002
** Write stats: 510.001
** Write stats: 515.003
** Write stats: 520.013
** Write stats: 525.012
** Write stats: 530.006
** Write stats: 535.005
** Write stats: 540.003
** Write stats: 545.007
** Write stats: 550.005
** Write stats: 555.009
** Write stats: 560.005
** Write stats: 565.01
** Write stats: 570.003
** Write stats: 575.009
** Write stats: 580.01
** Write stats: 585.008
** Write stats: 590.011
** Write stats: 595.005
** Write stats: 600.003
** Write stats: 605
** Write stats: 610.009
** Write stats: 615.012
** Write stats: 620.008
** Write stats: 625.002
** Write stats: 630.003
** Write stats: 635.005
** Write stats: 640.011
** Write stats: 645.002
** Write stats: 650.008
** Write stats: 655.01
** Write stats: 660.002
** Write stats: 665.002
** Write stats: 670.009
** Write stats: 675.005
** Write stats: 680.007
** Write stats: 685.007
** Write stats: 690.009
** Write stats: 695.01
** Write stats: 700.009
** Write stats: 705.003
** Write stats: 710.009
** Write stats: 715.014
** Write stats: 720.011
** Write stats: 725.005
** Write stats: 730.007
** Write stats: 735.002
** Write stats: 740.012
** Write stats: 745.016
** Write stats: 750.014
** Write stats: 755.012
** Write stats: 760.017
** Write stats: 765.003
** Write stats: 770.003
** Write stats: 775.009
** Write stats: 780.001
** Write stats: 785.017
** Write stats: 790.004
** Write stats: 795.001
** Write stats: 800.009
** Write stats: 805.006
** Write stats: 810.011
** Write stats: 815.017
** Write stats: 820.008
** Write stats: 825.003
** Write stats: 830.002
** Write stats: 835.012
** Write stats: 840.017
** Write stats: 845.013
** Write stats: 850
** Write stats: 855
** Write stats: 860.002
** Write stats: 865
** Write stats: 870.001
** Write stats: 875.019
** Write stats: 880.003
** Write stats: 885.004
** Write stats: 890.008
** Write stats: 895
** Write stats: 898.034
