2025-09-22 02:53:22,249 - Main     - INFO - [1mInitializing seed to 1427655.0[0m
2025-09-22 02:53:22,280 - Fuzzer   - INFO - [1mFuzzing contract [1mAdoption[0m[0m
2025-09-22 02:53:22,314 - Detector - INFO - [1m[33m-----------------------------------------------------[0m
2025-09-22 02:53:22,314 - Detector - INFO - [1m[33m          !!! Assertion failure detected !!!         [0m
2025-09-22 02:53:22,314 - Detector - INFO - [1m[33m-----------------------------------------------------[0m
2025-09-22 02:53:22,314 - Detector - INFO - [1m[33mSWC-ID:   110[0m
2025-09-22 02:53:22,314 - Detector - INFO - [1m[33mSeverity: Medium[0m
2025-09-22 02:53:22,314 - Detector - INFO - [1m[33m-----------------------------------------------------[0m
2025-09-22 02:53:22,314 - Detector - INFO - [1m[33mSource code line:[0m
2025-09-22 02:53:22,315 - Detector - INFO - [1m[33m-----------------------------------------------------[0m
2025-09-22 02:53:22,315 - Detector - INFO - [1m[33m/sb/0x0c1bfd8365100b6176f0149d716182498581e883.sol:5:1[0m
2025-09-22 02:53:22,315 - Detector - INFO - [1m[33muint[16] public prices[0m
2025-09-22 02:53:22,315 - Detector - INFO - [1m[33m-----------------------------------------------------[0m
2025-09-22 02:53:22,315 - Detector - INFO - [1m[33mTransaction sequence:[0m
2025-09-22 02:53:22,315 - Detector - INFO - [1m[33m-----------------------------------------------------[0m
2025-09-22 02:53:22,315 - Detector - INFO - [1m[33mTransaction - prices(uint256):[0m
2025-09-22 02:53:22,315 - Detector - INFO - [1m[33m-----------------------------------------------------[0m
2025-09-22 02:53:22,315 - Detector - INFO - [1m[33mFrom:      0xdeadbeefdeadbeefdeadbeefdeadbeefdeadbeef[0m
2025-09-22 02:53:22,315 - Detector - INFO - [1m[33mTo:        0x2c5e8a3b3aad9df32339409534e64dfcabcd3a65[0m
2025-09-22 02:53:22,315 - Detector - INFO - [1m[33mValue:     0 Wei[0m
2025-09-22 02:53:22,315 - Detector - INFO - [1m[33mGas Limit: 4500000[0m
2025-09-22 02:53:22,315 - Detector - INFO - [1m[33mInput:     0xbc31c1c16d6e924e32009489ade9696412026587[0m
2025-09-22 02:53:22,315 - Detector - INFO - [1m[33m           d9b76a6a603c0945fe0bf0724eaafef4[0m
2025-09-22 02:53:22,315 - Detector - INFO - [1m[33m-----------------------------------------------------[0m
2025-09-22 02:53:22,372 - Detector - INFO - [1m[33m-----------------------------------------------------[0m
2025-09-22 02:53:22,372 - Detector - INFO - [1m[33m          !!! Assertion failure detected !!!         [0m
2025-09-22 02:53:22,372 - Detector - INFO - [1m[33m-----------------------------------------------------[0m
2025-09-22 02:53:22,372 - Detector - INFO - [1m[33mSWC-ID:   110[0m
2025-09-22 02:53:22,372 - Detector - INFO - [1m[33mSeverity: Medium[0m
2025-09-22 02:53:22,372 - Detector - INFO - [1m[33m-----------------------------------------------------[0m
2025-09-22 02:53:22,372 - Detector - INFO - [1m[33mSource code line:[0m
2025-09-22 02:53:22,372 - Detector - INFO - [1m[33m-----------------------------------------------------[0m
2025-09-22 02:53:22,372 - Detector - INFO - [1m[33m/sb/0x0c1bfd8365100b6176f0149d716182498581e883.sol:4:1[0m
2025-09-22 02:53:22,372 - Detector - INFO - [1m[33maddress[16] public adopters[0m
2025-09-22 02:53:22,372 - Detector - INFO - [1m[33m-----------------------------------------------------[0m
2025-09-22 02:53:22,372 - Detector - INFO - [1m[33mTransaction sequence:[0m
2025-09-22 02:53:22,372 - Detector - INFO - [1m[33m-----------------------------------------------------[0m
2025-09-22 02:53:22,372 - Detector - INFO - [1m[33mTransaction - adopters(uint256):[0m
2025-09-22 02:53:22,372 - Detector - INFO - [1m[33m-----------------------------------------------------[0m
2025-09-22 02:53:22,372 - Detector - INFO - [1m[33mFrom:      0xcafebabecafebabecafebabecafebabecafebabe[0m
2025-09-22 02:53:22,372 - Detector - INFO - [1m[33mTo:        0x2c5e8a3b3aad9df32339409534e64dfcabcd3a65[0m
2025-09-22 02:53:22,372 - Detector - INFO - [1m[33mValue:     0 Wei[0m
2025-09-22 02:53:22,372 - Detector - INFO - [1m[33mGas Limit: 4500000[0m
2025-09-22 02:53:22,372 - Detector - INFO - [1m[33mInput:     0x43ae80d3ffffffffffffffffffffffffffffffff[0m
2025-09-22 02:53:22,373 - Detector - INFO - [1m[33m           fffffffffffffffffffffffffffffffe[0m
2025-09-22 02:53:22,373 - Detector - INFO - [1m[33m-----------------------------------------------------[0m
2025-09-22 02:53:22,388 - Analysis - INFO - [1mGeneration number 0 	 Code coverage: 71.25% (461/647) 	 Branch coverage: 63.33% (38/60) 	 Transactions: 15 (14 unique)   	 Time: 0.09519147872924805[0m
2025-09-22 02:53:22,471 - Analysis - INFO - [1mGeneration number 1 	 Code coverage: 76.20% (493/647) 	 Branch coverage: 66.67% (40/60) 	 Transactions: 28 (22 unique)   	 Time: 0.17839479446411133[0m
2025-09-22 02:53:22,564 - Analysis - INFO - [1mGeneration number 2 	 Code coverage: 79.13% (512/647) 	 Branch coverage: 71.67% (43/60) 	 Transactions: 42 (30 unique)   	 Time: 0.27173805236816406[0m
2025-09-22 02:53:22,648 - Analysis - INFO - [1mGeneration number 3 	 Code coverage: 79.13% (512/647) 	 Branch coverage: 73.33% (44/60) 	 Transactions: 55 (36 unique)   	 Time: 0.3557910919189453[0m
2025-09-22 02:53:22,769 - Analysis - INFO - [1mGeneration number 4 	 Code coverage: 79.13% (512/647) 	 Branch coverage: 73.33% (44/60) 	 Transactions: 65 (38 unique)   	 Time: 0.476315975189209[0m
2025-09-22 02:53:22,882 - Analysis - INFO - [1mGeneration number 5 	 Code coverage: 90.26% (584/647) 	 Branch coverage: 81.67% (49/60) 	 Transactions: 73 (39 unique)   	 Time: 0.5898046493530273[0m
2025-09-22 02:53:23,088 - Analysis - INFO - [1mGeneration number 6 	 Code coverage: 90.26% (584/647) 	 Branch coverage: 81.67% (49/60) 	 Transactions: 93 (48 unique)   	 Time: 0.7953555583953857[0m
2025-09-22 02:53:23,546 - Analysis - INFO - [1mGeneration number 7 	 Code coverage: 90.26% (584/647) 	 Branch coverage: 81.67% (49/60) 	 Transactions: 135 (62 unique)   	 Time: 1.252934217453003[0m
2025-09-22 02:53:24,043 - Analysis - INFO - [1mGeneration number 8 	 Code coverage: 90.26% (584/647) 	 Branch coverage: 81.67% (49/60) 	 Transactions: 177 (74 unique)   	 Time: 1.7502846717834473[0m
2025-09-22 02:53:24,484 - Analysis - INFO - [1mGeneration number 9 	 Code coverage: 90.26% (584/647) 	 Branch coverage: 81.67% (49/60) 	 Transactions: 216 (81 unique)   	 Time: 2.191673755645752[0m
2025-09-22 02:53:24,950 - Analysis - INFO - [1mGeneration number 10 	 Code coverage: 90.26% (584/647) 	 Branch coverage: 81.67% (49/60) 	 Transactions: 252 (88 unique)   	 Time: 2.657233238220215[0m
2025-09-22 02:53:25,452 - Analysis - INFO - [1mGeneration number 11 	 Code coverage: 90.26% (584/647) 	 Branch coverage: 81.67% (49/60) 	 Transactions: 288 (95 unique)   	 Time: 3.15895676612854[0m
2025-09-22 02:53:25,926 - Analysis - INFO - [1mGeneration number 12 	 Code coverage: 90.26% (584/647) 	 Branch coverage: 81.67% (49/60) 	 Transactions: 327 (102 unique)   	 Time: 3.6336629390716553[0m
2025-09-22 02:53:26,381 - Analysis - INFO - [1mGeneration number 13 	 Code coverage: 90.26% (584/647) 	 Branch coverage: 81.67% (49/60) 	 Transactions: 366 (111 unique)   	 Time: 4.088620901107788[0m
2025-09-22 02:53:26,786 - Analysis - INFO - [1mGeneration number 14 	 Code coverage: 90.26% (584/647) 	 Branch coverage: 81.67% (49/60) 	 Transactions: 399 (116 unique)   	 Time: 4.493687391281128[0m
2025-09-22 02:53:27,154 - Analysis - INFO - [1mGeneration number 15 	 Code coverage: 90.26% (584/647) 	 Branch coverage: 81.67% (49/60) 	 Transactions: 429 (120 unique)   	 Time: 4.8609778881073[0m
2025-09-22 02:53:27,656 - Analysis - INFO - [1mGeneration number 16 	 Code coverage: 90.26% (584/647) 	 Branch coverage: 81.67% (49/60) 	 Transactions: 471 (126 unique)   	 Time: 5.36346697807312[0m
2025-09-22 02:53:28,122 - Analysis - INFO - [1mGeneration number 17 	 Code coverage: 91.34% (591/647) 	 Branch coverage: 83.33% (50/60) 	 Transactions: 504 (145 unique)   	 Time: 5.829544305801392[0m
2025-09-22 02:53:28,577 - Analysis - INFO - [1mGeneration number 18 	 Code coverage: 91.34% (591/647) 	 Branch coverage: 83.33% (50/60) 	 Transactions: 536 (157 unique)   	 Time: 6.28396201133728[0m
2025-09-22 02:53:29,064 - Analysis - INFO - [1mGeneration number 19 	 Code coverage: 91.34% (591/647) 	 Branch coverage: 83.33% (50/60) 	 Transactions: 574 (169 unique)   	 Time: 6.77094578742981[0m
2025-09-22 02:53:29,582 - Analysis - INFO - [1mGeneration number 20 	 Code coverage: 91.34% (591/647) 	 Branch coverage: 83.33% (50/60) 	 Transactions: 615 (182 unique)   	 Time: 7.289230108261108[0m
2025-09-22 02:53:30,133 - Analysis - INFO - [1mGeneration number 21 	 Code coverage: 91.34% (591/647) 	 Branch coverage: 83.33% (50/60) 	 Transactions: 660 (194 unique)   	 Time: 7.839905023574829[0m
2025-09-22 02:53:30,585 - Analysis - INFO - [1mGeneration number 22 	 Code coverage: 91.34% (591/647) 	 Branch coverage: 83.33% (50/60) 	 Transactions: 700 (204 unique)   	 Time: 8.292702198028564[0m
2025-09-22 02:53:31,177 - Analysis - INFO - [1mGeneration number 23 	 Code coverage: 91.34% (591/647) 	 Branch coverage: 83.33% (50/60) 	 Transactions: 751 (215 unique)   	 Time: 8.884819746017456[0m
2025-09-22 02:53:31,788 - Analysis - INFO - [1mGeneration number 24 	 Code coverage: 91.34% (591/647) 	 Branch coverage: 83.33% (50/60) 	 Transactions: 807 (228 unique)   	 Time: 9.495096445083618[0m
2025-09-22 02:53:32,414 - Analysis - INFO - [1mGeneration number 25 	 Code coverage: 91.34% (591/647) 	 Branch coverage: 83.33% (50/60) 	 Transactions: 859 (239 unique)   	 Time: 10.121662855148315[0m
2025-09-22 02:53:32,906 - Analysis - INFO - [1mGeneration number 26 	 Code coverage: 91.34% (591/647) 	 Branch coverage: 83.33% (50/60) 	 Transactions: 904 (249 unique)   	 Time: 10.613349437713623[0m
2025-09-22 02:53:32,980 - Detector - INFO - [1m[31m-----------------------------------------------------[0m
2025-09-22 02:53:32,980 - Detector - INFO - [1m[31m           !!! Leaking ether detected !!!            [0m
2025-09-22 02:53:32,980 - Detector - INFO - [1m[31m-----------------------------------------------------[0m
2025-09-22 02:53:32,980 - Detector - INFO - [1m[31mSWC-ID:   105[0m
2025-09-22 02:53:32,980 - Detector - INFO - [1m[31mSeverity: High[0m
2025-09-22 02:53:32,980 - Detector - INFO - [1m[31m-----------------------------------------------------[0m
2025-09-22 02:53:32,980 - Detector - INFO - [1m[31mSource code line:[0m
2025-09-22 02:53:32,980 - Detector - INFO - [1m[31m-----------------------------------------------------[0m
2025-09-22 02:53:32,981 - Detector - INFO - [1m[31m/sb/0x0c1bfd8365100b6176f0149d716182498581e883.sol:35:1[0m
2025-09-22 02:53:32,981 - Detector - INFO - [1m[31mmsg.sender.transfer(address(this).balance)[0m
2025-09-22 02:53:32,981 - Detector - INFO - [1m[31m-----------------------------------------------------[0m
2025-09-22 02:53:32,981 - Detector - INFO - [1m[31mTransaction sequence:[0m
2025-09-22 02:53:32,981 - Detector - INFO - [1m[31m-----------------------------------------------------[0m
2025-09-22 02:53:32,981 - Detector - INFO - [1m[31mTransaction - withdraw():[0m
2025-09-22 02:53:32,981 - Detector - INFO - [1m[31m-----------------------------------------------------[0m
2025-09-22 02:53:32,981 - Detector - INFO - [1m[31mFrom:      0xdeadbeefdeadbeefdeadbeefdeadbeefdeadbeef[0m
2025-09-22 02:53:32,981 - Detector - INFO - [1m[31mTo:        0x2c5e8a3b3aad9df32339409534e64dfcabcd3a65[0m
2025-09-22 02:53:32,981 - Detector - INFO - [1m[31mValue:     0 Wei[0m
2025-09-22 02:53:32,981 - Detector - INFO - [1m[31mGas Limit: 4500000[0m
2025-09-22 02:53:32,981 - Detector - INFO - [1m[31mInput:     0x3ccfd60b[0m
2025-09-22 02:53:32,981 - Detector - INFO - [1m[31m-----------------------------------------------------[0m
2025-09-22 02:53:33,192 - Analysis - INFO - [1mGeneration number 27 	 Code coverage: 91.34% (591/647) 	 Branch coverage: 83.33% (50/60) 	 Transactions: 929 (257 unique)   	 Time: 10.898886680603027[0m
2025-09-22 02:53:33,435 - Analysis - INFO - [1mGeneration number 28 	 Code coverage: 91.34% (591/647) 	 Branch coverage: 83.33% (50/60) 	 Transactions: 944 (261 unique)   	 Time: 11.142649173736572[0m
2025-09-22 02:53:33,785 - Analysis - INFO - [1mGeneration number 29 	 Code coverage: 91.34% (591/647) 	 Branch coverage: 83.33% (50/60) 	 Transactions: 972 (269 unique)   	 Time: 11.49251103401184[0m
2025-09-22 02:53:34,254 - Analysis - INFO - [1mGeneration number 30 	 Code coverage: 91.34% (591/647) 	 Branch coverage: 83.33% (50/60) 	 Transactions: 1007 (279 unique)   	 Time: 11.961824893951416[0m
2025-09-22 02:53:34,800 - Analysis - INFO - [1mGeneration number 31 	 Code coverage: 91.34% (591/647) 	 Branch coverage: 83.33% (50/60) 	 Transactions: 1047 (290 unique)   	 Time: 12.507761240005493[0m
2025-09-22 02:53:35,332 - Analysis - INFO - [1mGeneration number 32 	 Code coverage: 91.34% (591/647) 	 Branch coverage: 83.33% (50/60) 	 Transactions: 1087 (298 unique)   	 Time: 13.039386987686157[0m
2025-09-22 02:53:35,969 - Analysis - INFO - [1mGeneration number 33 	 Code coverage: 91.34% (591/647) 	 Branch coverage: 83.33% (50/60) 	 Transactions: 1131 (307 unique)   	 Time: 13.675918340682983[0m
2025-09-22 02:53:36,656 - Analysis - INFO - [1mGeneration number 34 	 Code coverage: 91.34% (591/647) 	 Branch coverage: 83.33% (50/60) 	 Transactions: 1176 (318 unique)   	 Time: 14.363208532333374[0m
2025-09-22 02:53:37,338 - Analysis - INFO - [1mGeneration number 35 	 Code coverage: 91.34% (591/647) 	 Branch coverage: 83.33% (50/60) 	 Transactions: 1228 (330 unique)   	 Time: 15.045705318450928[0m
2025-09-22 02:53:38,024 - Analysis - INFO - [1mGeneration number 36 	 Code coverage: 91.34% (591/647) 	 Branch coverage: 83.33% (50/60) 	 Transactions: 1276 (340 unique)   	 Time: 15.731693267822266[0m
2025-09-22 02:53:38,411 - Analysis - INFO - [1mGeneration number 37 	 Code coverage: 91.34% (591/647) 	 Branch coverage: 83.33% (50/60) 	 Transactions: 1305 (348 unique)   	 Time: 16.11802625656128[0m
2025-09-22 02:53:38,770 - Analysis - INFO - [1mGeneration number 38 	 Code coverage: 91.34% (591/647) 	 Branch coverage: 83.33% (50/60) 	 Transactions: 1329 (356 unique)   	 Time: 16.47730851173401[0m
2025-09-22 02:53:39,303 - Analysis - INFO - [1mGeneration number 39 	 Code coverage: 91.34% (591/647) 	 Branch coverage: 83.33% (50/60) 	 Transactions: 1368 (365 unique)   	 Time: 17.010375022888184[0m
2025-09-22 02:53:39,988 - Analysis - INFO - [1mGeneration number 40 	 Code coverage: 91.34% (591/647) 	 Branch coverage: 83.33% (50/60) 	 Transactions: 1420 (376 unique)   	 Time: 17.69503879547119[0m
2025-09-22 02:53:40,761 - Analysis - INFO - [1mGeneration number 41 	 Code coverage: 91.34% (591/647) 	 Branch coverage: 83.33% (50/60) 	 Transactions: 1478 (389 unique)   	 Time: 18.46822237968445[0m
2025-09-22 02:53:41,631 - Analysis - INFO - [1mGeneration number 42 	 Code coverage: 91.34% (591/647) 	 Branch coverage: 83.33% (50/60) 	 Transactions: 1542 (401 unique)   	 Time: 19.338677883148193[0m
2025-09-22 02:53:42,446 - Analysis - INFO - [1mGeneration number 43 	 Code coverage: 91.34% (591/647) 	 Branch coverage: 83.33% (50/60) 	 Transactions: 1606 (414 unique)   	 Time: 20.15367841720581[0m
2025-09-22 02:53:43,247 - Analysis - INFO - [1mGeneration number 44 	 Code coverage: 91.34% (591/647) 	 Branch coverage: 83.33% (50/60) 	 Transactions: 1670 (427 unique)   	 Time: 20.954370737075806[0m
2025-09-22 02:53:44,072 - Analysis - INFO - [1mGeneration number 45 	 Code coverage: 91.34% (591/647) 	 Branch coverage: 83.33% (50/60) 	 Transactions: 1733 (436 unique)   	 Time: 21.779588222503662[0m
2025-09-22 02:53:44,795 - Analysis - INFO - [1mGeneration number 46 	 Code coverage: 91.34% (591/647) 	 Branch coverage: 83.33% (50/60) 	 Transactions: 1792 (446 unique)   	 Time: 22.50240468978882[0m
2025-09-22 02:53:45,190 - Analysis - INFO - [1mGeneration number 47 	 Code coverage: 91.34% (591/647) 	 Branch coverage: 83.33% (50/60) 	 Transactions: 1820 (455 unique)   	 Time: 22.897412061691284[0m
2025-09-22 02:53:45,614 - Analysis - INFO - [1mGeneration number 48 	 Code coverage: 91.34% (591/647) 	 Branch coverage: 83.33% (50/60) 	 Transactions: 1849 (464 unique)   	 Time: 23.320941925048828[0m
2025-09-22 02:53:46,295 - Analysis - INFO - [1mGeneration number 49 	 Code coverage: 91.34% (591/647) 	 Branch coverage: 83.33% (50/60) 	 Transactions: 1888 (473 unique)   	 Time: 24.001878023147583[0m
2025-09-22 02:53:47,067 - Analysis - INFO - [1mGeneration number 50 	 Code coverage: 91.34% (591/647) 	 Branch coverage: 83.33% (50/60) 	 Transactions: 1933 (482 unique)   	 Time: 24.774413347244263[0m
2025-09-22 02:53:47,973 - Analysis - INFO - [1mGeneration number 51 	 Code coverage: 91.34% (591/647) 	 Branch coverage: 83.33% (50/60) 	 Transactions: 1986 (492 unique)   	 Time: 25.680794954299927[0m
2025-09-22 02:53:49,056 - Analysis - INFO - [1mGeneration number 52 	 Code coverage: 91.34% (591/647) 	 Branch coverage: 83.33% (50/60) 	 Transactions: 2045 (504 unique)   	 Time: 26.763393878936768[0m
2025-09-22 02:53:50,150 - Analysis - INFO - [1mGeneration number 53 	 Code coverage: 91.34% (591/647) 	 Branch coverage: 83.33% (50/60) 	 Transactions: 2105 (516 unique)   	 Time: 27.857747793197632[0m
2025-09-22 02:53:51,222 - Analysis - INFO - [1mGeneration number 54 	 Code coverage: 91.34% (591/647) 	 Branch coverage: 83.33% (50/60) 	 Transactions: 2166 (530 unique)   	 Time: 28.929478883743286[0m
2025-09-22 02:53:52,283 - Analysis - INFO - [1mGeneration number 55 	 Code coverage: 91.34% (591/647) 	 Branch coverage: 83.33% (50/60) 	 Transactions: 2225 (542 unique)   	 Time: 29.990134239196777[0m
2025-09-22 02:53:53,273 - Analysis - INFO - [1mGeneration number 56 	 Code coverage: 91.34% (591/647) 	 Branch coverage: 83.33% (50/60) 	 Transactions: 2283 (554 unique)   	 Time: 30.980568408966064[0m
2025-09-22 02:53:53,597 - Analysis - INFO - [1mGeneration number 57 	 Code coverage: 91.34% (591/647) 	 Branch coverage: 83.33% (50/60) 	 Transactions: 2312 (562 unique)   	 Time: 31.304814100265503[0m
2025-09-22 02:53:53,955 - Analysis - INFO - [1mGeneration number 58 	 Code coverage: 91.34% (591/647) 	 Branch coverage: 83.33% (50/60) 	 Transactions: 2338 (570 unique)   	 Time: 31.662334442138672[0m
2025-09-22 02:53:54,494 - Analysis - INFO - [1mGeneration number 59 	 Code coverage: 91.34% (591/647) 	 Branch coverage: 83.33% (50/60) 	 Transactions: 2375 (580 unique)   	 Time: 32.20114731788635[0m
2025-09-22 02:53:55,078 - Analysis - INFO - [1mGeneration number 60 	 Code coverage: 91.34% (591/647) 	 Branch coverage: 83.33% (50/60) 	 Transactions: 2417 (590 unique)   	 Time: 32.784844160079956[0m
2025-09-22 02:53:55,738 - Analysis - INFO - [1mGeneration number 61 	 Code coverage: 91.34% (591/647) 	 Branch coverage: 83.33% (50/60) 	 Transactions: 2463 (601 unique)   	 Time: 33.44493103027344[0m
2025-09-22 02:53:56,444 - Analysis - INFO - [1mGeneration number 62 	 Code coverage: 91.34% (591/647) 	 Branch coverage: 83.33% (50/60) 	 Transactions: 2516 (614 unique)   	 Time: 34.15131592750549[0m
2025-09-22 02:53:56,990 - Analysis - INFO - [1mGeneration number 63 	 Code coverage: 91.34% (591/647) 	 Branch coverage: 83.33% (50/60) 	 Transactions: 2562 (623 unique)   	 Time: 34.697548151016235[0m
2025-09-22 02:53:57,543 - Analysis - INFO - [1mGeneration number 64 	 Code coverage: 91.34% (591/647) 	 Branch coverage: 83.33% (50/60) 	 Transactions: 2605 (632 unique)   	 Time: 35.250354051589966[0m
2025-09-22 02:53:57,986 - Analysis - INFO - [1mGeneration number 65 	 Code coverage: 91.34% (591/647) 	 Branch coverage: 83.33% (50/60) 	 Transactions: 2644 (640 unique)   	 Time: 35.693195104599[0m
2025-09-22 02:53:58,426 - Analysis - INFO - [1mGeneration number 66 	 Code coverage: 91.34% (591/647) 	 Branch coverage: 83.33% (50/60) 	 Transactions: 2684 (648 unique)   	 Time: 36.1330885887146[0m
2025-09-22 02:53:58,718 - Analysis - INFO - [1mGeneration number 67 	 Code coverage: 91.34% (591/647) 	 Branch coverage: 83.33% (50/60) 	 Transactions: 2713 (657 unique)   	 Time: 36.425490617752075[0m
2025-09-22 02:53:59,007 - Analysis - INFO - [1mGeneration number 68 	 Code coverage: 91.34% (591/647) 	 Branch coverage: 83.33% (50/60) 	 Transactions: 2741 (665 unique)   	 Time: 36.71425724029541[0m
2025-09-22 02:53:59,384 - Analysis - INFO - [1mGeneration number 69 	 Code coverage: 91.34% (591/647) 	 Branch coverage: 83.33% (50/60) 	 Transactions: 2782 (677 unique)   	 Time: 37.09143686294556[0m
2025-09-22 02:53:59,775 - Analysis - INFO - [1mGeneration number 70 	 Code coverage: 91.34% (591/647) 	 Branch coverage: 83.33% (50/60) 	 Transactions: 2825 (689 unique)   	 Time: 37.482765197753906[0m
2025-09-22 02:54:00,163 - Analysis - INFO - [1mGeneration number 71 	 Code coverage: 91.34% (591/647) 	 Branch coverage: 83.33% (50/60) 	 Transactions: 2869 (701 unique)   	 Time: 37.87054634094238[0m
2025-09-22 02:54:00,558 - Analysis - INFO - [1mGeneration number 72 	 Code coverage: 91.34% (591/647) 	 Branch coverage: 83.33% (50/60) 	 Transactions: 2914 (711 unique)   	 Time: 38.26563763618469[0m
2025-09-22 02:54:01,013 - Analysis - INFO - [1mGeneration number 73 	 Code coverage: 91.34% (591/647) 	 Branch coverage: 83.33% (50/60) 	 Transactions: 2966 (722 unique)   	 Time: 38.72005081176758[0m
2025-09-22 02:54:01,464 - Analysis - INFO - [1mGeneration number 74 	 Code coverage: 91.34% (591/647) 	 Branch coverage: 83.33% (50/60) 	 Transactions: 3018 (735 unique)   	 Time: 39.171613454818726[0m
2025-09-22 02:54:01,944 - Analysis - INFO - [1mGeneration number 75 	 Code coverage: 91.34% (591/647) 	 Branch coverage: 83.33% (50/60) 	 Transactions: 3074 (749 unique)   	 Time: 39.65107989311218[0m
2025-09-22 02:54:02,482 - Analysis - INFO - [1mGeneration number 76 	 Code coverage: 91.34% (591/647) 	 Branch coverage: 83.33% (50/60) 	 Transactions: 3136 (763 unique)   	 Time: 40.189775466918945[0m
2025-09-22 02:54:02,661 - Analysis - INFO - [1m-----------------------------------------------------[0m
2025-09-22 02:54:02,661 - Analysis - INFO - Number of generations: 	 76
2025-09-22 02:54:02,661 - Analysis - INFO - Number of transactions: 	 3150 (766 unique)
2025-09-22 02:54:02,661 - Analysis - INFO - Transactions per second: 	 78
2025-09-22 02:54:02,661 - Analysis - INFO - Total code coverage: 	 91.34% (591/647)
2025-09-22 02:54:02,661 - Analysis - INFO - Total branch coverage: 	 83.33% (50/60)
2025-09-22 02:54:02,661 - Analysis - INFO - Total execution time: 	 40.37 seconds
2025-09-22 02:54:02,662 - Analysis - INFO - Total memory consumption: 	 71.02 MB

     ______            ______                _           
    / ____/___  ____  / ____/_  __________  (_)_  _______
   / /   / __ \/ __ \/ /_  / / / /_  /_  / / / / / / ___/
  / /___/ /_/ / / / / __/ / /_/ / / /_/ /_/ / /_/ (__  ) 
  \____/\____/_/ /_/_/    \__,_/ /___/___/_/\__,_/____/  

delteed file
