'solc --version' running
'solc /sb/0x865a0a003b1523fec58e4b8a956d18ecd923a315.sol --combined-json abi,ast,bin,bin-runtime,srcmap,srcmap-runtime,userdoc,devdoc,hashes,compact-format --allow-paths .,/sb' running

VICToken.claimToken(ERC20,address,uint256) (../../sb/0x865a0a003b1523fec58e4b8a956d18ecd923a315.sol#283-286) ignores return value by token.transfer(_to,_value) (../../sb/0x865a0a003b1523fec58e4b8a956d18ecd923a315.sol#284)
Reference: https://github.com/crytic/slither/wiki/Detector-Documentation#unchecked-transfer

VICToken.isContract(address) (../../sb/0x865a0a003b1523fec58e4b8a956d18ecd923a315.sol#305-309) is declared view but contains assembly code
Reference: https://github.com/crytic/slither/wiki/Detector-Documentation#constant-functions-using-assembly-code

VICToken.lock(address,uint256,uint256,uint256,uint256) (../../sb/0x865a0a003b1523fec58e4b8a956d18ecd923a315.sol#219-230) performs a multiplication on the result of a division:
	- lockupInfo[_holder] = LockupInfo(_releaseStart,_termOfRound,_amount.div(100).mul(_releaseRate),_amount) (../../sb/0x865a0a003b1523fec58e4b8a956d18ecd923a315.sol#223)
Reference: https://github.com/crytic/slither/wiki/Detector-Documentation#divide-before-multiply

Contract locking ether found:
	Contract VICToken (../../sb/0x865a0a003b1523fec58e4b8a956d18ecd923a315.sol#112-345) has payable functions:
	 - VICToken.fallback() (../../sb/0x865a0a003b1523fec58e4b8a956d18ecd923a315.sol#157-159)
	But does not have a function to withdraw the ether
Reference: https://github.com/crytic/slither/wiki/Detector-Documentation#contracts-that-lock-ether

Ownable.transferOwnership(address) (../../sb/0x865a0a003b1523fec58e4b8a956d18ecd923a315.sol#56-59) should emit an event for: 
	- newOwner = _newOwner (../../sb/0x865a0a003b1523fec58e4b8a956d18ecd923a315.sol#58) 
Reference: https://github.com/crytic/slither/wiki/Detector-Documentation#missing-events-access-control

VICToken.autoUnlock(address) (../../sb/0x865a0a003b1523fec58e4b8a956d18ecd923a315.sol#311-316) uses timestamp for comparisons
	Dangerous comparisons:
	- lockupInfo[_holder].releaseTime <= now (../../sb/0x865a0a003b1523fec58e4b8a956d18ecd923a315.sol#312)
VICToken.releaseTimeLock(address) (../../sb/0x865a0a003b1523fec58e4b8a956d18ecd923a315.sol#318-342) uses timestamp for comparisons
	Dangerous comparisons:
	- lockupInfo[_holder].releaseTime <= now (../../sb/0x865a0a003b1523fec58e4b8a956d18ecd923a315.sol#323)
Reference: https://github.com/crytic/slither/wiki/Detector-Documentation#block-timestamp

VICToken.isContract(address) (../../sb/0x865a0a003b1523fec58e4b8a956d18ecd923a315.sol#305-309) uses assembly
	- INLINE ASM (../../sb/0x865a0a003b1523fec58e4b8a956d18ecd923a315.sol#307-308)
Reference: https://github.com/crytic/slither/wiki/Detector-Documentation#assembly-usage

VICToken.lock(address,uint256,uint256,uint256,uint256) (../../sb/0x865a0a003b1523fec58e4b8a956d18ecd923a315.sol#219-230) compares to a boolean constant:
	-require(bool)(locks[_holder] == false) (../../sb/0x865a0a003b1523fec58e4b8a956d18ecd923a315.sol#220)
VICToken.unlock(address) (../../sb/0x865a0a003b1523fec58e4b8a956d18ecd923a315.sol#232-243) compares to a boolean constant:
	-require(bool)(locks[_holder] == true) (../../sb/0x865a0a003b1523fec58e4b8a956d18ecd923a315.sol#233)
Reference: https://github.com/crytic/slither/wiki/Detector-Documentation#boolean-equality

Version constraint ^0.4.22 contains known severe issues (https://solidity.readthedocs.io/en/latest/bugs.html)
	- DirtyBytesArrayToStorage
	- ABIDecodeTwoDimensionalArrayMemory
	- KeccakCaching
	- EmptyByteArrayCopy
	- DynamicArrayCleanup
	- ImplicitConstructorCallvalueCheck
	- TupleAssignmentMultiStackSlotComponents
	- MemoryArrayCreationOverflow
	- privateCanBeOverridden
	- SignedArrayStorageCopy
	- ABIEncoderV2StorageArrayWithMultiSlotElement
	- DynamicConstructorArgumentsClippedABIV2
	- UninitializedFunctionPointerInConstructor_0.4.x
	- IncorrectEventSignatureInLibraries_0.4.x
	- ABIEncoderV2PackedStorage_0.4.x
	- ExpExponentCleanup
	- EventStructWrongData
	- OneOfTwoConstructorsSkipped.
It is used by:
	- ^0.4.22 (../../sb/0x865a0a003b1523fec58e4b8a956d18ecd923a315.sol#1)
solc-0.4.26 is an outdated solc version. Use a more recent version (at least 0.8.0), if possible.
Reference: https://github.com/crytic/slither/wiki/Detector-Documentation#incorrect-versions-of-solidity

Parameter Ownable.transferOwnership(address)._newOwner (../../sb/0x865a0a003b1523fec58e4b8a956d18ecd923a315.sol#56) is not in mixedCase
Parameter VICToken.transfer(address,uint256)._to (../../sb/0x865a0a003b1523fec58e4b8a956d18ecd923a315.sol#165) is not in mixedCase
Parameter VICToken.transfer(address,uint256)._value (../../sb/0x865a0a003b1523fec58e4b8a956d18ecd923a315.sol#165) is not in mixedCase
Parameter VICToken.balanceOf(address)._holder (../../sb/0x865a0a003b1523fec58e4b8a956d18ecd923a315.sol#180) is not in mixedCase
Parameter VICToken.transferFrom(address,address,uint256)._from (../../sb/0x865a0a003b1523fec58e4b8a956d18ecd923a315.sol#184) is not in mixedCase
Parameter VICToken.transferFrom(address,address,uint256)._to (../../sb/0x865a0a003b1523fec58e4b8a956d18ecd923a315.sol#184) is not in mixedCase
Parameter VICToken.transferFrom(address,address,uint256)._value (../../sb/0x865a0a003b1523fec58e4b8a956d18ecd923a315.sol#184) is not in mixedCase
Parameter VICToken.approve(address,uint256)._spender (../../sb/0x865a0a003b1523fec58e4b8a956d18ecd923a315.sol#200) is not in mixedCase
Parameter VICToken.approve(address,uint256)._value (../../sb/0x865a0a003b1523fec58e4b8a956d18ecd923a315.sol#200) is not in mixedCase
Parameter VICToken.approveAndCall(address,uint256,bytes)._spender (../../sb/0x865a0a003b1523fec58e4b8a956d18ecd923a315.sol#206) is not in mixedCase
Parameter VICToken.approveAndCall(address,uint256,bytes)._value (../../sb/0x865a0a003b1523fec58e4b8a956d18ecd923a315.sol#206) is not in mixedCase
Parameter VICToken.approveAndCall(address,uint256,bytes)._extraData (../../sb/0x865a0a003b1523fec58e4b8a956d18ecd923a315.sol#206) is not in mixedCase
Parameter VICToken.allowance(address,address)._holder (../../sb/0x865a0a003b1523fec58e4b8a956d18ecd923a315.sol#215) is not in mixedCase
Parameter VICToken.allowance(address,address)._spender (../../sb/0x865a0a003b1523fec58e4b8a956d18ecd923a315.sol#215) is not in mixedCase
Parameter VICToken.lock(address,uint256,uint256,uint256,uint256)._holder (../../sb/0x865a0a003b1523fec58e4b8a956d18ecd923a315.sol#219) is not in mixedCase
Parameter VICToken.lock(address,uint256,uint256,uint256,uint256)._amount (../../sb/0x865a0a003b1523fec58e4b8a956d18ecd923a315.sol#219) is not in mixedCase
Parameter VICToken.lock(address,uint256,uint256,uint256,uint256)._releaseStart (../../sb/0x865a0a003b1523fec58e4b8a956d18ecd923a315.sol#219) is not in mixedCase
Parameter VICToken.lock(address,uint256,uint256,uint256,uint256)._termOfRound (../../sb/0x865a0a003b1523fec58e4b8a956d18ecd923a315.sol#219) is not in mixedCase
Parameter VICToken.lock(address,uint256,uint256,uint256,uint256)._releaseRate (../../sb/0x865a0a003b1523fec58e4b8a956d18ecd923a315.sol#219) is not in mixedCase
Parameter VICToken.unlock(address)._holder (../../sb/0x865a0a003b1523fec58e4b8a956d18ecd923a315.sol#232) is not in mixedCase
Parameter VICToken.freezeAccount(address)._holder (../../sb/0x865a0a003b1523fec58e4b8a956d18ecd923a315.sol#245) is not in mixedCase
Parameter VICToken.unfreezeAccount(address)._holder (../../sb/0x865a0a003b1523fec58e4b8a956d18ecd923a315.sol#252) is not in mixedCase
Parameter VICToken.showLockState(address)._holder (../../sb/0x865a0a003b1523fec58e4b8a956d18ecd923a315.sol#263) is not in mixedCase
Parameter VICToken.distribute(address,uint256)._to (../../sb/0x865a0a003b1523fec58e4b8a956d18ecd923a315.sol#267) is not in mixedCase
Parameter VICToken.distribute(address,uint256)._value (../../sb/0x865a0a003b1523fec58e4b8a956d18ecd923a315.sol#267) is not in mixedCase
Parameter VICToken.distributeWithLockup(address,uint256,uint256,uint256,uint256)._to (../../sb/0x865a0a003b1523fec58e4b8a956d18ecd923a315.sol#277) is not in mixedCase
Parameter VICToken.distributeWithLockup(address,uint256,uint256,uint256,uint256)._value (../../sb/0x865a0a003b1523fec58e4b8a956d18ecd923a315.sol#277) is not in mixedCase
Parameter VICToken.distributeWithLockup(address,uint256,uint256,uint256,uint256)._releaseStart (../../sb/0x865a0a003b1523fec58e4b8a956d18ecd923a315.sol#277) is not in mixedCase
Parameter VICToken.distributeWithLockup(address,uint256,uint256,uint256,uint256)._termOfRound (../../sb/0x865a0a003b1523fec58e4b8a956d18ecd923a315.sol#277) is not in mixedCase
Parameter VICToken.distributeWithLockup(address,uint256,uint256,uint256,uint256)._releaseRate (../../sb/0x865a0a003b1523fec58e4b8a956d18ecd923a315.sol#277) is not in mixedCase
Parameter VICToken.claimToken(ERC20,address,uint256)._to (../../sb/0x865a0a003b1523fec58e4b8a956d18ecd923a315.sol#283) is not in mixedCase
Parameter VICToken.claimToken(ERC20,address,uint256)._value (../../sb/0x865a0a003b1523fec58e4b8a956d18ecd923a315.sol#283) is not in mixedCase
Parameter VICToken.burn(uint256)._value (../../sb/0x865a0a003b1523fec58e4b8a956d18ecd923a315.sol#288) is not in mixedCase
Parameter VICToken.mint(uint256)._amount (../../sb/0x865a0a003b1523fec58e4b8a956d18ecd923a315.sol#297) is not in mixedCase
Parameter VICToken.autoUnlock(address)._holder (../../sb/0x865a0a003b1523fec58e4b8a956d18ecd923a315.sol#311) is not in mixedCase
Parameter VICToken.releaseTimeLock(address)._holder (../../sb/0x865a0a003b1523fec58e4b8a956d18ecd923a315.sol#318) is not in mixedCase
Reference: https://github.com/crytic/slither/wiki/Detector-Documentation#conformance-to-solidity-naming-conventions

VICToken.constructor() (../../sb/0x865a0a003b1523fec58e4b8a956d18ecd923a315.sol#147-155) uses literals with too many digits:
	- initialSupply = 10000000000 (../../sb/0x865a0a003b1523fec58e4b8a956d18ecd923a315.sol#151)
Reference: https://github.com/crytic/slither/wiki/Detector-Documentation#too-many-digits

approveAndCall(address,uint256,bytes) should be declared external:
	- VICToken.approveAndCall(address,uint256,bytes) (../../sb/0x865a0a003b1523fec58e4b8a956d18ecd923a315.sol#206-213)
Reference: https://github.com/crytic/slither/wiki/Detector-Documentation#public-function-that-could-be-declared-external
/sb/0x865a0a003b1523fec58e4b8a956d18ecd923a315.sol analyzed (6 contracts with 93 detectors), 50 result(s) found
