2025-09-21 15:49:43,438 - Main     - INFO - [1mInitializing seed to 1427655.0[0m
2025-09-21 15:49:43,655 - Fuzzer   - INFO - [1mFuzzing contract [1mBaseFixedERC20Token[0m[0m
2025-09-21 15:49:43,829 - Analysis - INFO - [1mGeneration number 0 	 Code coverage: 81.09% (1106/1364) 	 Branch coverage: 78.12% (75/96) 	 Transactions: 31 (30 unique)   	 Time: 0.16277170181274414[0m
2025-09-21 15:49:44,065 - Analysis - INFO - [1mGeneration number 1 	 Code coverage: 81.52% (1112/1364) 	 Branch coverage: 82.29% (79/96) 	 Transactions: 65 (47 unique)   	 Time: 0.39884138107299805[0m
2025-09-21 15:49:44,559 - Analysis - INFO - [1mGeneration number 2 	 Code coverage: 93.18% (1271/1364) 	 Branch coverage: 84.38% (81/96) 	 Transactions: 140 (74 unique)   	 Time: 0.8930597305297852[0m
2025-09-21 15:49:45,235 - Analysis - INFO - [1mGeneration number 3 	 Code coverage: 93.18% (1271/1364) 	 Branch coverage: 84.38% (81/96) 	 Transactions: 240 (100 unique)   	 Time: 1.5688016414642334[0m
2025-09-21 15:49:46,069 - Analysis - INFO - [1mGeneration number 4 	 Code coverage: 93.62% (1277/1364) 	 Branch coverage: 88.54% (85/96) 	 Transactions: 347 (129 unique)   	 Time: 2.402677297592163[0m
2025-09-21 15:49:46,860 - Analysis - INFO - [1mGeneration number 5 	 Code coverage: 93.62% (1277/1364) 	 Branch coverage: 88.54% (85/96) 	 Transactions: 457 (152 unique)   	 Time: 3.1936705112457275[0m
2025-09-21 15:49:47,709 - Analysis - INFO - [1mGeneration number 6 	 Code coverage: 93.62% (1277/1364) 	 Branch coverage: 88.54% (85/96) 	 Transactions: 570 (177 unique)   	 Time: 4.043127775192261[0m
2025-09-21 15:49:48,557 - Analysis - INFO - [1mGeneration number 7 	 Code coverage: 93.62% (1277/1364) 	 Branch coverage: 88.54% (85/96) 	 Transactions: 686 (204 unique)   	 Time: 4.891363620758057[0m
2025-09-21 15:49:49,457 - Analysis - INFO - [1mGeneration number 8 	 Code coverage: 93.62% (1277/1364) 	 Branch coverage: 88.54% (85/96) 	 Transactions: 809 (232 unique)   	 Time: 5.791153430938721[0m
2025-09-21 15:49:50,377 - Analysis - INFO - [1mGeneration number 9 	 Code coverage: 93.62% (1277/1364) 	 Branch coverage: 88.54% (85/96) 	 Transactions: 933 (261 unique)   	 Time: 6.711649656295776[0m
2025-09-21 15:49:51,350 - Analysis - INFO - [1mGeneration number 10 	 Code coverage: 93.62% (1277/1364) 	 Branch coverage: 88.54% (85/96) 	 Transactions: 1061 (291 unique)   	 Time: 7.684535264968872[0m
2025-09-21 15:49:51,379 - Analysis - INFO - [1m-----------------------------------------------------[0m
2025-09-21 15:49:51,379 - Analysis - INFO - Number of generations: 	 10
2025-09-21 15:49:51,379 - Analysis - INFO - Number of transactions: 	 1061 (291 unique)
2025-09-21 15:49:51,379 - Analysis - INFO - Transactions per second: 	 138
2025-09-21 15:49:51,379 - Analysis - INFO - Total code coverage: 	 93.62% (1277/1364)
2025-09-21 15:49:51,379 - Analysis - INFO - Total branch coverage: 	 88.54% (85/96)
2025-09-21 15:49:51,379 - Analysis - INFO - Total execution time: 	 7.71 seconds
2025-09-21 15:49:51,379 - Analysis - INFO - Total memory consumption: 	 70.83 MB
2025-09-21 15:49:51,381 - Fuzzer   - INFO - [1mFuzzing contract [1mLockable[0m[0m
2025-09-21 15:49:51,446 - Analysis - INFO - [1mGeneration number 0 	 Code coverage: 75.66% (342/452) 	 Branch coverage: 79.55% (35/44) 	 Transactions: 17 (16 unique)   	 Time: 0.06161308288574219[0m
2025-09-21 15:49:51,531 - Analysis - INFO - [1mGeneration number 1 	 Code coverage: 76.33% (345/452) 	 Branch coverage: 81.82% (36/44) 	 Transactions: 35 (22 unique)   	 Time: 0.146409273147583[0m
2025-09-21 15:49:51,700 - Analysis - INFO - [1mGeneration number 2 	 Code coverage: 76.33% (345/452) 	 Branch coverage: 81.82% (36/44) 	 Transactions: 73 (33 unique)   	 Time: 0.3151087760925293[0m
2025-09-21 15:49:51,945 - Analysis - INFO - [1mGeneration number 3 	 Code coverage: 76.99% (348/452) 	 Branch coverage: 84.09% (37/44) 	 Transactions: 118 (45 unique)   	 Time: 0.56056809425354[0m
2025-09-21 15:49:52,136 - Analysis - INFO - [1mGeneration number 4 	 Code coverage: 77.65% (351/452) 	 Branch coverage: 86.36% (38/44) 	 Transactions: 161 (53 unique)   	 Time: 0.7516686916351318[0m
2025-09-21 15:49:52,375 - Analysis - INFO - [1mGeneration number 5 	 Code coverage: 77.65% (351/452) 	 Branch coverage: 86.36% (38/44) 	 Transactions: 213 (59 unique)   	 Time: 0.989952564239502[0m
2025-09-21 15:49:52,603 - Analysis - INFO - [1mGeneration number 6 	 Code coverage: 77.65% (351/452) 	 Branch coverage: 86.36% (38/44) 	 Transactions: 257 (62 unique)   	 Time: 1.218332052230835[0m
2025-09-21 15:49:52,776 - Analysis - INFO - [1mGeneration number 7 	 Code coverage: 77.65% (351/452) 	 Branch coverage: 86.36% (38/44) 	 Transactions: 288 (63 unique)   	 Time: 1.3912177085876465[0m
2025-09-21 15:49:52,988 - Analysis - INFO - [1mGeneration number 8 	 Code coverage: 77.65% (351/452) 	 Branch coverage: 86.36% (38/44) 	 Transactions: 327 (68 unique)   	 Time: 1.6033620834350586[0m
2025-09-21 15:49:53,185 - Analysis - INFO - [1mGeneration number 9 	 Code coverage: 77.65% (351/452) 	 Branch coverage: 86.36% (38/44) 	 Transactions: 362 (71 unique)   	 Time: 1.8003103733062744[0m
2025-09-21 15:49:53,387 - Analysis - INFO - [1mGeneration number 10 	 Code coverage: 77.65% (351/452) 	 Branch coverage: 86.36% (38/44) 	 Transactions: 399 (73 unique)   	 Time: 2.0018692016601562[0m
2025-09-21 15:49:53,407 - Analysis - INFO - [1m-----------------------------------------------------[0m
2025-09-21 15:49:53,407 - Analysis - INFO - Number of generations: 	 10
2025-09-21 15:49:53,407 - Analysis - INFO - Number of transactions: 	 399 (73 unique)
2025-09-21 15:49:53,407 - Analysis - INFO - Transactions per second: 	 197
2025-09-21 15:49:53,407 - Analysis - INFO - Total code coverage: 	 77.65% (351/452)
2025-09-21 15:49:53,407 - Analysis - INFO - Total branch coverage: 	 86.36% (38/44)
2025-09-21 15:49:53,407 - Analysis - INFO - Total execution time: 	 2.02 seconds
2025-09-21 15:49:53,408 - Analysis - INFO - Total memory consumption: 	 70.83 MB
2025-09-21 15:49:53,409 - Fuzzer   - INFO - [1mFuzzing contract [1mOwnable[0m[0m
2025-09-21 15:49:53,449 - Analysis - INFO - [1mGeneration number 0 	 Code coverage: 78.89% (213/270) 	 Branch coverage: 83.33% (20/24) 	 Transactions: 11 (10 unique)   	 Time: 0.036891937255859375[0m
2025-09-21 15:49:53,492 - Analysis - INFO - [1mGeneration number 1 	 Code coverage: 78.89% (213/270) 	 Branch coverage: 87.50% (21/24) 	 Transactions: 22 (15 unique)   	 Time: 0.07956767082214355[0m
2025-09-21 15:49:53,592 - Analysis - INFO - [1mGeneration number 2 	 Code coverage: 78.89% (213/270) 	 Branch coverage: 87.50% (21/24) 	 Transactions: 37 (19 unique)   	 Time: 0.18002963066101074[0m
2025-09-21 15:49:53,714 - Analysis - INFO - [1mGeneration number 3 	 Code coverage: 80.00% (216/270) 	 Branch coverage: 91.67% (22/24) 	 Transactions: 59 (24 unique)   	 Time: 0.3013784885406494[0m
2025-09-21 15:49:53,798 - Analysis - INFO - [1mGeneration number 4 	 Code coverage: 80.00% (216/270) 	 Branch coverage: 91.67% (22/24) 	 Transactions: 80 (28 unique)   	 Time: 0.38564038276672363[0m
2025-09-21 15:49:53,910 - Analysis - INFO - [1mGeneration number 5 	 Code coverage: 80.00% (216/270) 	 Branch coverage: 91.67% (22/24) 	 Transactions: 102 (31 unique)   	 Time: 0.49814915657043457[0m
2025-09-21 15:49:54,003 - Analysis - INFO - [1mGeneration number 6 	 Code coverage: 80.00% (216/270) 	 Branch coverage: 91.67% (22/24) 	 Transactions: 118 (32 unique)   	 Time: 0.5909538269042969[0m
2025-09-21 15:49:54,071 - Analysis - INFO - [1mGeneration number 7 	 Code coverage: 80.00% (216/270) 	 Branch coverage: 91.67% (22/24) 	 Transactions: 129 (32 unique)   	 Time: 0.6589550971984863[0m
2025-09-21 15:49:54,142 - Analysis - INFO - [1mGeneration number 8 	 Code coverage: 80.00% (216/270) 	 Branch coverage: 91.67% (22/24) 	 Transactions: 141 (32 unique)   	 Time: 0.7295558452606201[0m
2025-09-21 15:49:54,190 - Analysis - INFO - [1mGeneration number 9 	 Code coverage: 80.00% (216/270) 	 Branch coverage: 91.67% (22/24) 	 Transactions: 147 (32 unique)   	 Time: 0.7772994041442871[0m
2025-09-21 15:49:54,237 - Analysis - INFO - [1mGeneration number 10 	 Code coverage: 80.00% (216/270) 	 Branch coverage: 91.67% (22/24) 	 Transactions: 153 (32 unique)   	 Time: 0.824739933013916[0m
2025-09-21 15:49:54,257 - Analysis - INFO - [1m-----------------------------------------------------[0m
2025-09-21 15:49:54,257 - Analysis - INFO - Number of generations: 	 10
2025-09-21 15:49:54,257 - Analysis - INFO - Number of transactions: 	 153 (32 unique)
2025-09-21 15:49:54,257 - Analysis - INFO - Transactions per second: 	 181
2025-09-21 15:49:54,257 - Analysis - INFO - Total code coverage: 	 80.00% (216/270)
2025-09-21 15:49:54,257 - Analysis - INFO - Total branch coverage: 	 91.67% (22/24)
2025-09-21 15:49:54,257 - Analysis - INFO - Total execution time: 	 0.84 seconds
2025-09-21 15:49:54,257 - Analysis - INFO - Total memory consumption: 	 70.83 MB
2025-09-21 15:49:54,260 - Fuzzer   - INFO - [1mFuzzing contract [1mSNPCToken[0m[0m
2025-09-21 15:49:54,715 - Analysis - INFO - [1mGeneration number 0 	 Code coverage: 59.12% (2080/3518) 	 Branch coverage: 68.65% (173/252) 	 Transactions: 75 (74 unique)   	 Time: 0.43554115295410156[0m
2025-09-21 15:49:55,201 - Analysis - INFO - [1mGeneration number 1 	 Code coverage: 59.12% (2080/3518) 	 Branch coverage: 68.65% (173/252) 	 Transactions: 141 (101 unique)   	 Time: 0.9207954406738281[0m
2025-09-21 15:49:55,803 - Analysis - INFO - [1mGeneration number 2 	 Code coverage: 64.98% (2286/3518) 	 Branch coverage: 71.83% (181/252) 	 Transactions: 214 (129 unique)   	 Time: 1.5228509902954102[0m
2025-09-21 15:49:56,698 - Analysis - INFO - [1mGeneration number 3 	 Code coverage: 67.99% (2392/3518) 	 Branch coverage: 73.41% (185/252) 	 Transactions: 340 (171 unique)   	 Time: 2.418153762817383[0m
2025-09-21 15:49:58,124 - Analysis - INFO - [1mGeneration number 4 	 Code coverage: 67.99% (2392/3518) 	 Branch coverage: 73.41% (185/252) 	 Transactions: 542 (228 unique)   	 Time: 3.844334363937378[0m
2025-09-21 15:50:00,107 - Analysis - INFO - [1mGeneration number 5 	 Code coverage: 73.68% (2592/3518) 	 Branch coverage: 76.19% (192/252) 	 Transactions: 787 (289 unique)   	 Time: 5.827534914016724[0m
2025-09-21 15:50:02,177 - Analysis - INFO - [1mGeneration number 6 	 Code coverage: 73.68% (2592/3518) 	 Branch coverage: 76.19% (192/252) 	 Transactions: 1045 (352 unique)   	 Time: 7.897387266159058[0m
2025-09-21 15:50:04,793 - Analysis - INFO - [1mGeneration number 7 	 Code coverage: 73.68% (2592/3518) 	 Branch coverage: 76.19% (192/252) 	 Transactions: 1314 (416 unique)   	 Time: 10.513144969940186[0m
2025-09-21 15:50:07,571 - Analysis - INFO - [1mGeneration number 8 	 Code coverage: 73.68% (2592/3518) 	 Branch coverage: 76.19% (192/252) 	 Transactions: 1588 (479 unique)   	 Time: 13.290870189666748[0m
2025-09-21 15:50:10,397 - Analysis - INFO - [1mGeneration number 9 	 Code coverage: 73.68% (2592/3518) 	 Branch coverage: 76.19% (192/252) 	 Transactions: 1845 (543 unique)   	 Time: 16.117374420166016[0m
2025-09-21 15:50:13,472 - Analysis - INFO - [1mGeneration number 10 	 Code coverage: 73.68% (2592/3518) 	 Branch coverage: 76.19% (192/252) 	 Transactions: 2097 (606 unique)   	 Time: 19.19196319580078[0m
2025-09-21 15:50:13,543 - Analysis - INFO - [1m-----------------------------------------------------[0m
2025-09-21 15:50:13,543 - Analysis - INFO - Number of generations: 	 10
2025-09-21 15:50:13,543 - Analysis - INFO - Number of transactions: 	 2097 (606 unique)
2025-09-21 15:50:13,543 - Analysis - INFO - Transactions per second: 	 109
2025-09-21 15:50:13,543 - Analysis - INFO - Total code coverage: 	 73.68% (2592/3518)
2025-09-21 15:50:13,543 - Analysis - INFO - Total branch coverage: 	 76.19% (192/252)
2025-09-21 15:50:13,543 - Analysis - INFO - Total execution time: 	 19.26 seconds
2025-09-21 15:50:13,544 - Analysis - INFO - Total memory consumption: 	 76.67 MB
2025-09-21 15:50:13,546 - Fuzzer   - INFO - [1mFuzzing contract [1mSelfDestructible[0m[0m
2025-09-21 15:50:13,594 - Analysis - INFO - [1mGeneration number 0 	 Code coverage: 33.95% (256/754) 	 Branch coverage: 62.50% (25/40) 	 Transactions: 13 (12 unique)   	 Time: 0.04295969009399414[0m
2025-09-21 15:50:13,653 - Analysis - INFO - [1mGeneration number 1 	 Code coverage: 33.95% (256/754) 	 Branch coverage: 65.00% (26/40) 	 Transactions: 25 (19 unique)   	 Time: 0.10204029083251953[0m
2025-09-21 15:50:13,850 - Analysis - INFO - [1mGeneration number 2 	 Code coverage: 40.98% (309/754) 	 Branch coverage: 70.00% (28/40) 	 Transactions: 50 (26 unique)   	 Time: 0.298900842666626[0m
2025-09-21 15:50:14,035 - Analysis - INFO - [1mGeneration number 3 	 Code coverage: 40.98% (309/754) 	 Branch coverage: 70.00% (28/40) 	 Transactions: 79 (32 unique)   	 Time: 0.48406100273132324[0m
2025-09-21 15:50:14,250 - Analysis - INFO - [1mGeneration number 4 	 Code coverage: 40.98% (309/754) 	 Branch coverage: 70.00% (28/40) 	 Transactions: 109 (37 unique)   	 Time: 0.6981866359710693[0m
2025-09-21 15:50:14,563 - Analysis - INFO - [1mGeneration number 5 	 Code coverage: 40.98% (309/754) 	 Branch coverage: 70.00% (28/40) 	 Transactions: 155 (45 unique)   	 Time: 1.0113396644592285[0m
2025-09-21 15:50:14,826 - Analysis - INFO - [1mGeneration number 6 	 Code coverage: 40.98% (309/754) 	 Branch coverage: 70.00% (28/40) 	 Transactions: 192 (48 unique)   	 Time: 1.2748022079467773[0m
2025-09-21 15:50:15,044 - Analysis - INFO - [1mGeneration number 7 	 Code coverage: 40.98% (309/754) 	 Branch coverage: 70.00% (28/40) 	 Transactions: 222 (52 unique)   	 Time: 1.492915153503418[0m
2025-09-21 15:50:15,317 - Analysis - INFO - [1mGeneration number 8 	 Code coverage: 40.98% (309/754) 	 Branch coverage: 70.00% (28/40) 	 Transactions: 262 (55 unique)   	 Time: 1.7661454677581787[0m
2025-09-21 15:50:15,533 - Analysis - INFO - [1mGeneration number 9 	 Code coverage: 40.98% (309/754) 	 Branch coverage: 70.00% (28/40) 	 Transactions: 292 (56 unique)   	 Time: 1.9818894863128662[0m
2025-09-21 15:50:15,715 - Analysis - INFO - [1mGeneration number 10 	 Code coverage: 40.98% (309/754) 	 Branch coverage: 70.00% (28/40) 	 Transactions: 317 (56 unique)   	 Time: 2.163912296295166[0m
2025-09-21 15:50:15,736 - Analysis - INFO - [1m-----------------------------------------------------[0m
2025-09-21 15:50:15,736 - Analysis - INFO - Number of generations: 	 10
2025-09-21 15:50:15,736 - Analysis - INFO - Number of transactions: 	 317 (56 unique)
2025-09-21 15:50:15,736 - Analysis - INFO - Transactions per second: 	 145
2025-09-21 15:50:15,736 - Analysis - INFO - Total code coverage: 	 40.98% (309/754)
2025-09-21 15:50:15,736 - Analysis - INFO - Total branch coverage: 	 70.00% (28/40)
2025-09-21 15:50:15,736 - Analysis - INFO - Total execution time: 	 2.18 seconds
2025-09-21 15:50:15,736 - Analysis - INFO - Total memory consumption: 	 76.80 MB
2025-09-21 15:50:15,738 - Fuzzer   - INFO - [1mFuzzing contract [1mWithdrawal[0m[0m
2025-09-21 15:50:15,794 - Analysis - INFO - [1mGeneration number 0 	 Code coverage: 51.84% (310/598) 	 Branch coverage: 60.00% (30/50) 	 Transactions: 15 (14 unique)   	 Time: 0.05203390121459961[0m
2025-09-21 15:50:15,824 - Analysis - INFO - [1mGeneration number 1 	 Code coverage: 51.84% (310/598) 	 Branch coverage: 62.00% (31/50) 	 Transactions: 23 (15 unique)   	 Time: 0.08232998847961426[0m
2025-09-21 15:50:15,906 - Analysis - INFO - [1mGeneration number 2 	 Code coverage: 51.84% (310/598) 	 Branch coverage: 62.00% (31/50) 	 Transactions: 32 (16 unique)   	 Time: 0.16365957260131836[0m
2025-09-21 15:50:15,971 - Analysis - INFO - [1mGeneration number 3 	 Code coverage: 51.84% (310/598) 	 Branch coverage: 62.00% (31/50) 	 Transactions: 37 (16 unique)   	 Time: 0.22918319702148438[0m
2025-09-21 15:50:16,036 - Analysis - INFO - [1mGeneration number 4 	 Code coverage: 59.53% (356/598) 	 Branch coverage: 66.00% (33/50) 	 Transactions: 40 (17 unique)   	 Time: 0.2939610481262207[0m
2025-09-21 15:50:16,059 - Analysis - INFO - [1mGeneration number 5 	 Code coverage: 59.53% (356/598) 	 Branch coverage: 66.00% (33/50) 	 Transactions: 43 (17 unique)   	 Time: 0.31682610511779785[0m
2025-09-21 15:50:16,127 - Analysis - INFO - [1mGeneration number 6 	 Code coverage: 59.53% (356/598) 	 Branch coverage: 66.00% (33/50) 	 Transactions: 45 (17 unique)   	 Time: 0.3848445415496826[0m
2025-09-21 15:50:16,191 - Analysis - INFO - [1mGeneration number 7 	 Code coverage: 59.53% (356/598) 	 Branch coverage: 66.00% (33/50) 	 Transactions: 47 (18 unique)   	 Time: 0.4485466480255127[0m
2025-09-21 15:50:16,255 - Analysis - INFO - [1mGeneration number 8 	 Code coverage: 59.53% (356/598) 	 Branch coverage: 66.00% (33/50) 	 Transactions: 49 (18 unique)   	 Time: 0.5124895572662354[0m
2025-09-21 15:50:16,319 - Analysis - INFO - [1mGeneration number 9 	 Code coverage: 59.53% (356/598) 	 Branch coverage: 66.00% (33/50) 	 Transactions: 51 (18 unique)   	 Time: 0.5770790576934814[0m
2025-09-21 15:50:16,382 - Analysis - INFO - [1mGeneration number 10 	 Code coverage: 59.53% (356/598) 	 Branch coverage: 66.00% (33/50) 	 Transactions: 53 (18 unique)   	 Time: 0.6402714252471924[0m
2025-09-21 15:50:16,442 - Analysis - INFO - [1m-----------------------------------------------------[0m
2025-09-21 15:50:16,442 - Analysis - INFO - Number of generations: 	 10
2025-09-21 15:50:16,442 - Analysis - INFO - Number of transactions: 	 53 (18 unique)
2025-09-21 15:50:16,442 - Analysis - INFO - Transactions per second: 	 76
2025-09-21 15:50:16,442 - Analysis - INFO - Total code coverage: 	 59.53% (356/598)
2025-09-21 15:50:16,442 - Analysis - INFO - Total branch coverage: 	 66.00% (33/50)
2025-09-21 15:50:16,442 - Analysis - INFO - Total execution time: 	 0.70 seconds
2025-09-21 15:50:16,442 - Analysis - INFO - Total memory consumption: 	 76.80 MB

     ______            ______                _           
    / ____/___  ____  / ____/_  __________  (_)_  _______
   / /   / __ \/ __ \/ /_  / / / /_  /_  / / / / / / ___/
  / /___/ /_/ / / / / __/ / /_/ / / /_/ /_/ / /_/ (__  ) 
  \____/\____/_/ /_/_/    \__,_/ /___/___/_/\__,_/____/  

delteed file
