Extract contract Bank from /sb/modifier_reentrancy.sol
Extract contract ModifierEntrancy from /sb/modifier_reentrancy.sol
Extract contract attack from /sb/modifier_reentrancy.sol
Extracted 3 contract(s) from /sb/modifier_reentrancy.sol
[0;32m> Created "fuzzMe"[0m
[0;32m> To fuzz contracts:[0m
  chmod +x fuzzMe
  ./fuzzMe
assets/NormalAttacker.sol:5:3: Warning: No visibility specified. Defaulting to "public". 
  function() payable {
  ^ (Relevant source part starts here and spans across multiple lines).
assets/ReentrancyAttacker.sol:8:7: Warning: Return value of low-level calls not used.
      msg.sender.call(bytes4(255));
      ^--------------------------^
assets/ReentrancyAttacker.sol:5:3: Warning: No visibility specified. Defaulting to "public". 
  function() payable {
  ^ (Relevant source part starts here and spans across multiple lines).
>> Fuzz ModifierEntrancy
** Write stats: 0.003518
** Write stats: 5.00455
** Write stats: 10.0001
** Write stats: 15.0001
** Write stats: 20.0445
** Write stats: 25.0004
** Write stats: 30.0005
** Write stats: 35.0001
** Write stats: 40.0074
** Write stats: 45.0003
** Write stats: 50.0003
** Write stats: 55.0001
** Write stats: 60.0003
** Write stats: 65.001
** Write stats: 70.0003
** Write stats: 75.0001
** Write stats: 80.014
** Write stats: 85.0004
** Write stats: 90.0109
** Write stats: 95.0004
** Write stats: 100
** Write stats: 105
** Write stats: 110
** Write stats: 115.001
** Write stats: 120
** Write stats: 120.008
>> Fuzz attack
** Write stats: 0.003346
** Write stats: 5.00014
** Write stats: 10.0002
** Write stats: 15.0001
** Write stats: 20.0001
** Write stats: 25.0001
** Write stats: 30.0004
** Write stats: 35.0001
** Write stats: 40.0001
** Write stats: 45.0002
** Write stats: 50.0001
** Write stats: 55.0001
** Write stats: 60.0001
** Write stats: 65.0002
** Write stats: 70.0003
** Write stats: 75.0001
** Write stats: 80.0108
** Write stats: 85.0001
** Write stats: 90.0002
** Write stats: 95.0009
** Write stats: 100
** Write stats: 105.001
** Write stats: 110.015
** Write stats: 115
** Write stats: 120.027
>> Fuzz Bank
** Write stats: 0.00214
** Write stats: 5.00005
** Write stats: 10
** Write stats: 15.0001
** Write stats: 20.0001
** Write stats: 25.0001
** Write stats: 30.0001
** Write stats: 35.0001
** Write stats: 40
** Write stats: 45.0996
** Write stats: 50.0001
** Write stats: 55.0001
** Write stats: 60.0001
** Write stats: 65.0001
** Write stats: 70.0001
** Write stats: 75
** Write stats: 80.0001
** Write stats: 85.0001
./fuzzMe: line 9:    27 Killed                  ./fuzzer --file contracts/Bank.sol.json --name Bank --assets assets/ --duration 120 --mode 1 --reporter 1 --log 0 --attacker ReentrancyAttacker
