2025-09-21 03:37:37,014 - Main     - INFO - [1mInitializing seed to 1427655.0[0m
2025-09-21 03:37:37,278 - Fuzzer   - INFO - [1mFuzzing contract [1mBasicToken[0m[0m
2025-09-21 03:37:37,314 - Analysis - INFO - [1mGeneration number 0 	 Code coverage: 49.36% (154/312) 	 Branch coverage: 72.73% (16/22) 	 Transactions: 9 (8 unique)   	 Time: 0.028888463973999023[0m
2025-09-21 03:37:37,342 - Analysis - INFO - [1mGeneration number 1 	 Code coverage: 49.36% (154/312) 	 Branch coverage: 72.73% (16/22) 	 Transactions: 16 (12 unique)   	 Time: 0.057147979736328125[0m
2025-09-21 03:37:37,398 - Analysis - INFO - [1mGeneration number 2 	 Code coverage: 98.08% (306/312) 	 Branch coverage: 86.36% (19/22) 	 Transactions: 22 (17 unique)   	 Time: 0.11261558532714844[0m
2025-09-21 03:37:37,454 - Analysis - INFO - [1mGeneration number 3 	 Code coverage: 99.04% (309/312) 	 Branch coverage: 90.91% (20/22) 	 Transactions: 32 (22 unique)   	 Time: 0.16899967193603516[0m
2025-09-21 03:37:37,598 - Analysis - INFO - [1mGeneration number 4 	 Code coverage: 99.04% (309/312) 	 Branch coverage: 90.91% (20/22) 	 Transactions: 48 (28 unique)   	 Time: 0.31290721893310547[0m
2025-09-21 03:37:37,761 - Analysis - INFO - [1mGeneration number 5 	 Code coverage: 99.04% (309/312) 	 Branch coverage: 90.91% (20/22) 	 Transactions: 65 (35 unique)   	 Time: 0.4761354923248291[0m
2025-09-21 03:37:37,964 - Analysis - INFO - [1mGeneration number 6 	 Code coverage: 99.04% (309/312) 	 Branch coverage: 90.91% (20/22) 	 Transactions: 83 (39 unique)   	 Time: 0.6786134243011475[0m
2025-09-21 03:37:38,196 - Analysis - INFO - [1mGeneration number 7 	 Code coverage: 99.04% (309/312) 	 Branch coverage: 90.91% (20/22) 	 Transactions: 108 (44 unique)   	 Time: 0.9112629890441895[0m
2025-09-21 03:37:38,427 - Analysis - INFO - [1mGeneration number 8 	 Code coverage: 99.04% (309/312) 	 Branch coverage: 90.91% (20/22) 	 Transactions: 132 (49 unique)   	 Time: 1.1421396732330322[0m
2025-09-21 03:37:38,668 - Analysis - INFO - [1mGeneration number 9 	 Code coverage: 99.04% (309/312) 	 Branch coverage: 90.91% (20/22) 	 Transactions: 156 (54 unique)   	 Time: 1.3833961486816406[0m
2025-09-21 03:37:38,871 - Analysis - INFO - [1mGeneration number 10 	 Code coverage: 99.04% (309/312) 	 Branch coverage: 90.91% (20/22) 	 Transactions: 177 (57 unique)   	 Time: 1.5863432884216309[0m
2025-09-21 03:37:39,011 - Analysis - INFO - [1m-----------------------------------------------------[0m
2025-09-21 03:37:39,011 - Analysis - INFO - Number of generations: 	 10
2025-09-21 03:37:39,011 - Analysis - INFO - Number of transactions: 	 177 (57 unique)
2025-09-21 03:37:39,011 - Analysis - INFO - Transactions per second: 	 103
2025-09-21 03:37:39,011 - Analysis - INFO - Total code coverage: 	 99.04% (309/312)
2025-09-21 03:37:39,011 - Analysis - INFO - Total branch coverage: 	 90.91% (20/22)
2025-09-21 03:37:39,011 - Analysis - INFO - Total execution time: 	 1.73 seconds
2025-09-21 03:37:39,011 - Analysis - INFO - Total memory consumption: 	 77.15 MB
2025-09-21 03:37:39,013 - Fuzzer   - INFO - [1mFuzzing contract [1mBurnableToken[0m[0m
2025-09-21 03:37:39,053 - Analysis - INFO - [1mGeneration number 0 	 Code coverage: 45.91% (213/464) 	 Branch coverage: 75.00% (21/28) 	 Transactions: 11 (10 unique)   	 Time: 0.03713726997375488[0m
2025-09-21 03:37:39,094 - Analysis - INFO - [1mGeneration number 1 	 Code coverage: 45.91% (213/464) 	 Branch coverage: 75.00% (21/28) 	 Transactions: 21 (13 unique)   	 Time: 0.07802104949951172[0m
2025-09-21 03:37:39,186 - Analysis - INFO - [1mGeneration number 2 	 Code coverage: 99.35% (461/464) 	 Branch coverage: 92.86% (26/28) 	 Transactions: 30 (16 unique)   	 Time: 0.1696023941040039[0m
2025-09-21 03:37:39,316 - Analysis - INFO - [1mGeneration number 3 	 Code coverage: 99.35% (461/464) 	 Branch coverage: 92.86% (26/28) 	 Transactions: 42 (22 unique)   	 Time: 0.2997465133666992[0m
2025-09-21 03:37:39,800 - Analysis - INFO - [1mGeneration number 4 	 Code coverage: 99.35% (461/464) 	 Branch coverage: 92.86% (26/28) 	 Transactions: 82 (32 unique)   	 Time: 0.7839112281799316[0m
2025-09-21 03:37:40,496 - Analysis - INFO - [1mGeneration number 5 	 Code coverage: 99.35% (461/464) 	 Branch coverage: 92.86% (26/28) 	 Transactions: 122 (41 unique)   	 Time: 1.4796690940856934[0m
2025-09-21 03:37:40,979 - Analysis - INFO - [1mGeneration number 6 	 Code coverage: 99.35% (461/464) 	 Branch coverage: 92.86% (26/28) 	 Transactions: 162 (50 unique)   	 Time: 1.9625060558319092[0m
2025-09-21 03:37:41,617 - Analysis - INFO - [1mGeneration number 7 	 Code coverage: 99.35% (461/464) 	 Branch coverage: 92.86% (26/28) 	 Transactions: 202 (60 unique)   	 Time: 2.601165294647217[0m
2025-09-21 03:37:42,067 - Analysis - INFO - [1mGeneration number 8 	 Code coverage: 99.35% (461/464) 	 Branch coverage: 92.86% (26/28) 	 Transactions: 242 (70 unique)   	 Time: 3.0504069328308105[0m
2025-09-21 03:37:42,524 - Analysis - INFO - [1mGeneration number 9 	 Code coverage: 99.35% (461/464) 	 Branch coverage: 92.86% (26/28) 	 Transactions: 282 (80 unique)   	 Time: 3.5080721378326416[0m
2025-09-21 03:37:43,005 - Analysis - INFO - [1mGeneration number 10 	 Code coverage: 99.35% (461/464) 	 Branch coverage: 92.86% (26/28) 	 Transactions: 322 (89 unique)   	 Time: 3.9888525009155273[0m
2025-09-21 03:37:43,125 - Analysis - INFO - [1m-----------------------------------------------------[0m
2025-09-21 03:37:43,125 - Analysis - INFO - Number of generations: 	 10
2025-09-21 03:37:43,125 - Analysis - INFO - Number of transactions: 	 322 (89 unique)
2025-09-21 03:37:43,125 - Analysis - INFO - Transactions per second: 	 78
2025-09-21 03:37:43,125 - Analysis - INFO - Total code coverage: 	 99.35% (461/464)
2025-09-21 03:37:43,125 - Analysis - INFO - Total branch coverage: 	 92.86% (26/28)
2025-09-21 03:37:43,125 - Analysis - INFO - Total execution time: 	 4.11 seconds
2025-09-21 03:37:43,126 - Analysis - INFO - Total memory consumption: 	 82.25 MB
2025-09-21 03:37:43,128 - Fuzzer   - INFO - [1mFuzzing contract [1mCappedToken[0m[0m

     ______            ______                _           
    / ____/___  ____  / ____/_  __________  (_)_  _______
   / /   / __ \/ __ \/ /_  / / / /_  /_  / / / / / / ___/
  / /___/ /_/ / / / / __/ / /_/ / / /_/ /_/ / /_/ (__  ) 
  \____/\____/_/ /_/_/    \__,_/ /___/___/_/\__,_/____/  

delteed file
2025-09-21 03:37:43,134 - Fuzzer   - ERROR - [91m[1m[91m[1m[91m[1mProblem while deploying contract [91m[1m[91m[1m[91m[1mCappedToken[0m[0m[0m[0m[0m[0m using account [91m[1m[91m[1m[91m[1m0xcafebabecafebabecafebabecafebabecafebabe[0m[0m[0m[0m[0m[0m. Error message: b''[0m[0m[0m[0m[0m[0m
