'solc --version' running
'solc /sb/0x0a8c3b7e149891ff594e3ad580f8e1769151a07b.sol --combined-json abi,ast,bin,bin-runtime,srcmap,srcmap-runtime,userdoc,devdoc,hashes,compact-format --allow-paths .,/sb' running

BasicToken.totalSupply_ (../../sb/0x0a8c3b7e149891ff594e3ad580f8e1769151a07b.sol#73) is never initialized. It is used in:
	- BasicToken.totalSupply() (../../sb/0x0a8c3b7e149891ff594e3ad580f8e1769151a07b.sol#78-80)
Reference: https://github.com/crytic/slither/wiki/Detector-Documentation#uninitialized-state-variables

TocosToken.totalSupply (../../sb/0x0a8c3b7e149891ff594e3ad580f8e1769151a07b.sol#248) is set pre-construction with a non-constant function or state variable:
	- 1000000000 * (10 ** decimals)
Reference: https://github.com/crytic/slither/wiki/Detector-Documentation#function-initializing-state

Version constraint ^0.4.24 contains known severe issues (https://solidity.readthedocs.io/en/latest/bugs.html)
	- DirtyBytesArrayToStorage
	- ABIDecodeTwoDimensionalArrayMemory
	- KeccakCaching
	- EmptyByteArrayCopy
	- DynamicArrayCleanup
	- ImplicitConstructorCallvalueCheck
	- TupleAssignmentMultiStackSlotComponents
	- MemoryArrayCreationOverflow
	- privateCanBeOverridden
	- SignedArrayStorageCopy
	- ABIEncoderV2StorageArrayWithMultiSlotElement
	- DynamicConstructorArgumentsClippedABIV2
	- UninitializedFunctionPointerInConstructor_0.4.x
	- IncorrectEventSignatureInLibraries_0.4.x
	- ABIEncoderV2PackedStorage_0.4.x
	- ExpExponentCleanup
	- EventStructWrongData.
It is used by:
	- ^0.4.24 (../../sb/0x0a8c3b7e149891ff594e3ad580f8e1769151a07b.sol#1)
solc-0.4.26 is an outdated solc version. Use a more recent version (at least 0.8.0), if possible.
Reference: https://github.com/crytic/slither/wiki/Detector-Documentation#incorrect-versions-of-solidity

Parameter BasicToken.transfer(address,uint256)._to (../../sb/0x0a8c3b7e149891ff594e3ad580f8e1769151a07b.sol#87) is not in mixedCase
Parameter BasicToken.transfer(address,uint256)._value (../../sb/0x0a8c3b7e149891ff594e3ad580f8e1769151a07b.sol#87) is not in mixedCase
Parameter BasicToken.balanceOf(address)._owner (../../sb/0x0a8c3b7e149891ff594e3ad580f8e1769151a07b.sol#102) is not in mixedCase
Parameter StandardToken.transferFrom(address,address,uint256)._from (../../sb/0x0a8c3b7e149891ff594e3ad580f8e1769151a07b.sol#144) is not in mixedCase
Parameter StandardToken.transferFrom(address,address,uint256)._to (../../sb/0x0a8c3b7e149891ff594e3ad580f8e1769151a07b.sol#145) is not in mixedCase
Parameter StandardToken.transferFrom(address,address,uint256)._value (../../sb/0x0a8c3b7e149891ff594e3ad580f8e1769151a07b.sol#146) is not in mixedCase
Parameter StandardToken.approve(address,uint256)._spender (../../sb/0x0a8c3b7e149891ff594e3ad580f8e1769151a07b.sol#171) is not in mixedCase
Parameter StandardToken.approve(address,uint256)._value (../../sb/0x0a8c3b7e149891ff594e3ad580f8e1769151a07b.sol#171) is not in mixedCase
Parameter StandardToken.allowance(address,address)._owner (../../sb/0x0a8c3b7e149891ff594e3ad580f8e1769151a07b.sol#184) is not in mixedCase
Parameter StandardToken.allowance(address,address)._spender (../../sb/0x0a8c3b7e149891ff594e3ad580f8e1769151a07b.sol#185) is not in mixedCase
Parameter StandardToken.increaseApproval(address,uint256)._spender (../../sb/0x0a8c3b7e149891ff594e3ad580f8e1769151a07b.sol#204) is not in mixedCase
Parameter StandardToken.increaseApproval(address,uint256)._addedValue (../../sb/0x0a8c3b7e149891ff594e3ad580f8e1769151a07b.sol#205) is not in mixedCase
Parameter StandardToken.decreaseApproval(address,uint256)._spender (../../sb/0x0a8c3b7e149891ff594e3ad580f8e1769151a07b.sol#226) is not in mixedCase
Parameter StandardToken.decreaseApproval(address,uint256)._subtractedValue (../../sb/0x0a8c3b7e149891ff594e3ad580f8e1769151a07b.sol#227) is not in mixedCase
Reference: https://github.com/crytic/slither/wiki/Detector-Documentation#conformance-to-solidity-naming-conventions

TocosToken.slitherConstructorVariables() (../../sb/0x0a8c3b7e149891ff594e3ad580f8e1769151a07b.sol#244-254) uses literals with too many digits:
	- totalSupply = 1000000000 * (10 ** decimals) (../../sb/0x0a8c3b7e149891ff594e3ad580f8e1769151a07b.sol#248)
Reference: https://github.com/crytic/slither/wiki/Detector-Documentation#too-many-digits

BasicToken.totalSupply_ (../../sb/0x0a8c3b7e149891ff594e3ad580f8e1769151a07b.sol#73) should be constant 
TocosToken.decimals (../../sb/0x0a8c3b7e149891ff594e3ad580f8e1769151a07b.sol#247) should be constant 
TocosToken.name (../../sb/0x0a8c3b7e149891ff594e3ad580f8e1769151a07b.sol#245) should be constant 
TocosToken.symbol (../../sb/0x0a8c3b7e149891ff594e3ad580f8e1769151a07b.sol#246) should be constant 
Reference: https://github.com/crytic/slither/wiki/Detector-Documentation#state-variables-that-could-be-declared-constant
/sb/0x0a8c3b7e149891ff594e3ad580f8e1769151a07b.sol analyzed (6 contracts with 93 detectors), 23 result(s) found
