'solc --version' running
'solc /sb/eth_tx_order_dependence_minimal.sol --combined-json abi,ast,bin,bin-runtime,srcmap,srcmap-runtime,userdoc,devdoc,hashes,compact-format --allow-paths .,/sb' running
Compilation warnings/errors on /sb/eth_tx_order_dependence_minimal.sol:
/sb/eth_tx_order_dependence_minimal.sol:14:5: Warning: Defining constructors as functions with the same name as the contract is deprecated. Use "constructor(...) { ... }" instead.
    function EthTxOrderDependenceMinimal() public {
    ^ (Relevant source part starts here and spans across multiple lines).
/sb/eth_tx_order_dependence_minimal.sol:27:5: Warning: No visibility specified. Defaulting to "public". 
    function claimReward(uint256 submission) {
    ^ (Relevant source part starts here and spans across multiple lines).


EthTxOrderDependenceMinimal.setReward() (../../sb/eth_tx_order_dependence_minimal.sol#18-25) should emit an event for: 
	- reward = msg.value (../../sb/eth_tx_order_dependence_minimal.sol#24) 
Reference: https://github.com/crytic/slither/wiki/Detector-Documentation#missing-events-arithmetic

Version constraint ^0.4.16 contains known severe issues (https://solidity.readthedocs.io/en/latest/bugs.html)
	- DirtyBytesArrayToStorage
	- ABIDecodeTwoDimensionalArrayMemory
	- KeccakCaching
	- EmptyByteArrayCopy
	- DynamicArrayCleanup
	- ImplicitConstructorCallvalueCheck
	- TupleAssignmentMultiStackSlotComponents
	- MemoryArrayCreationOverflow
	- privateCanBeOverridden
	- SignedArrayStorageCopy
	- ABIEncoderV2StorageArrayWithMultiSlotElement
	- DynamicConstructorArgumentsClippedABIV2
	- UninitializedFunctionPointerInConstructor_0.4.x
	- IncorrectEventSignatureInLibraries_0.4.x
	- ExpExponentCleanup
	- NestedArrayFunctionCallDecoder
	- ZeroFunctionSelector.
It is used by:
	- ^0.4.16 (../../sb/eth_tx_order_dependence_minimal.sol#7)
solc-0.4.26 is an outdated solc version. Use a more recent version (at least 0.8.0), if possible.
Reference: https://github.com/crytic/slither/wiki/Detector-Documentation#incorrect-versions-of-solidity

Reentrancy in EthTxOrderDependenceMinimal.claimReward(uint256) (../../sb/eth_tx_order_dependence_minimal.sol#27-33):
	External calls:
	- msg.sender.transfer(reward) (../../sb/eth_tx_order_dependence_minimal.sol#31)
	State variables written after the call(s):
	- claimed = true (../../sb/eth_tx_order_dependence_minimal.sol#32)
Reentrancy in EthTxOrderDependenceMinimal.setReward() (../../sb/eth_tx_order_dependence_minimal.sol#18-25):
	External calls:
	- owner.transfer(reward) (../../sb/eth_tx_order_dependence_minimal.sol#23)
	State variables written after the call(s):
	- reward = msg.value (../../sb/eth_tx_order_dependence_minimal.sol#24)
Reference: https://github.com/crytic/slither/wiki/Detector-Documentation#reentrancy-vulnerabilities-4
/sb/eth_tx_order_dependence_minimal.sol analyzed (1 contracts with 93 detectors), 5 result(s) found
