2025-09-19 17:04:35,790 - Main     - INFO - [1mInitializing seed to 1427655.0[0m
2025-09-19 17:04:35,839 - Fuzzer   - INFO - [1mFuzzing contract [1mLowRiskBag[0m[0m
2025-09-19 17:04:35,892 - Detector - INFO - [1m[32m-----------------------------------------------------[0m
2025-09-19 17:04:35,892 - Detector - INFO - [1m[32m          !!! Block dependency detected !!!          [0m
2025-09-19 17:04:35,892 - Detector - INFO - [1m[32m-----------------------------------------------------[0m
2025-09-19 17:04:35,892 - Detector - INFO - [1m[32mSWC-ID:   120[0m
2025-09-19 17:04:35,892 - Detector - INFO - [1m[32mSeverity: Low[0m
2025-09-19 17:04:35,892 - Detector - INFO - [1m[32m-----------------------------------------------------[0m
2025-09-19 17:04:35,892 - Detector - INFO - [1m[32mSource code line:[0m
2025-09-19 17:04:35,892 - Detector - INFO - [1m[32m-----------------------------------------------------[0m
2025-09-19 17:04:35,892 - Detector - INFO - [1m[32m/sb/0x0a2d553217e92c6553334723f0669cc3f61fd569.sol:100:1[0m
2025-09-19 17:04:35,892 - Detector - INFO - [1m[32mblock.number[0m
2025-09-19 17:04:35,892 - Detector - INFO - [1m[32m-----------------------------------------------------[0m
2025-09-19 17:04:35,893 - Detector - INFO - [1m[32mTransaction sequence:[0m
2025-09-19 17:04:35,893 - Detector - INFO - [1m[32m-----------------------------------------------------[0m
2025-09-19 17:04:35,893 - Detector - INFO - [1m[32mTransaction - getBlocksToNextRound():[0m
2025-09-19 17:04:35,893 - Detector - INFO - [1m[32m-----------------------------------------------------[0m
2025-09-19 17:04:35,893 - Detector - INFO - [1m[32mFrom:      0xdeadbeefdeadbeefdeadbeefdeadbeefdeadbeef[0m
2025-09-19 17:04:35,893 - Detector - INFO - [1m[32mTo:        0x2c5e8a3b3aad9df32339409534e64dfcabcd3a65[0m
2025-09-19 17:04:35,893 - Detector - INFO - [1m[32mValue:     0 Wei[0m
2025-09-19 17:04:35,893 - Detector - INFO - [1m[32mGas Limit: 4500000[0m
2025-09-19 17:04:35,893 - Detector - INFO - [1m[32mInput:     0xdb9311c2[0m
2025-09-19 17:04:35,893 - Detector - INFO - [1m[32m-----------------------------------------------------[0m
2025-09-19 17:04:35,967 - Analysis - INFO - [1mGeneration number 0 	 Code coverage: 53.67% (578/1077) 	 Branch coverage: 56.82% (50/88) 	 Transactions: 21 (20 unique)   	 Time: 0.11778926849365234[0m
2025-09-19 17:04:36,071 - Analysis - INFO - [1mGeneration number 1 	 Code coverage: 60.07% (647/1077) 	 Branch coverage: 61.36% (54/88) 	 Transactions: 38 (28 unique)   	 Time: 0.22235536575317383[0m
2025-09-19 17:04:36,196 - Analysis - INFO - [1mGeneration number 2 	 Code coverage: 60.07% (647/1077) 	 Branch coverage: 61.36% (54/88) 	 Transactions: 51 (33 unique)   	 Time: 0.3470790386199951[0m
2025-09-19 17:04:36,361 - Detector - INFO - [1m[32m-----------------------------------------------------[0m
2025-09-19 17:04:36,361 - Detector - INFO - [1m[32m          !!! Block dependency detected !!!          [0m
2025-09-19 17:04:36,361 - Detector - INFO - [1m[32m-----------------------------------------------------[0m
2025-09-19 17:04:36,361 - Detector - INFO - [1m[32mSWC-ID:   120[0m
2025-09-19 17:04:36,361 - Detector - INFO - [1m[32mSeverity: Low[0m
2025-09-19 17:04:36,361 - Detector - INFO - [1m[32m-----------------------------------------------------[0m
2025-09-19 17:04:36,361 - Detector - INFO - [1m[32mSource code line:[0m
2025-09-19 17:04:36,361 - Detector - INFO - [1m[32m-----------------------------------------------------[0m
2025-09-19 17:04:36,362 - Detector - INFO - [1m[32m/sb/0x0a2d553217e92c6553334723f0669cc3f61fd569.sol:98:1[0m
2025-09-19 17:04:36,362 - Detector - INFO - [1m[32mblock.number[0m
2025-09-19 17:04:36,362 - Detector - INFO - [1m[32m-----------------------------------------------------[0m
2025-09-19 17:04:36,362 - Detector - INFO - [1m[32mTransaction sequence:[0m
2025-09-19 17:04:36,362 - Detector - INFO - [1m[32m-----------------------------------------------------[0m
2025-09-19 17:04:36,362 - Detector - INFO - [1m[32mTransaction - getCurrentData():[0m
2025-09-19 17:04:36,362 - Detector - INFO - [1m[32m-----------------------------------------------------[0m
2025-09-19 17:04:36,362 - Detector - INFO - [1m[32mFrom:      0xcafebabecafebabecafebabecafebabecafebabe[0m
2025-09-19 17:04:36,362 - Detector - INFO - [1m[32mTo:        0x2c5e8a3b3aad9df32339409534e64dfcabcd3a65[0m
2025-09-19 17:04:36,362 - Detector - INFO - [1m[32mValue:     0 Wei[0m
2025-09-19 17:04:36,362 - Detector - INFO - [1m[32mGas Limit: 4500000[0m
2025-09-19 17:04:36,362 - Detector - INFO - [1m[32mInput:     0x770b5414[0m
2025-09-19 17:04:36,362 - Detector - INFO - [1m[32m-----------------------------------------------------[0m
2025-09-19 17:04:36,477 - Analysis - INFO - [1mGeneration number 3 	 Code coverage: 60.82% (655/1077) 	 Branch coverage: 64.77% (57/88) 	 Transactions: 59 (38 unique)   	 Time: 0.6277592182159424[0m
2025-09-19 17:04:36,581 - Analysis - INFO - [1mGeneration number 4 	 Code coverage: 60.82% (655/1077) 	 Branch coverage: 64.77% (57/88) 	 Transactions: 66 (40 unique)   	 Time: 0.731590986251831[0m
2025-09-19 17:04:36,694 - Analysis - INFO - [1mGeneration number 5 	 Code coverage: 60.82% (655/1077) 	 Branch coverage: 64.77% (57/88) 	 Transactions: 71 (40 unique)   	 Time: 0.8449585437774658[0m
2025-09-19 17:04:36,819 - Analysis - INFO - [1mGeneration number 6 	 Code coverage: 60.82% (655/1077) 	 Branch coverage: 64.77% (57/88) 	 Transactions: 77 (41 unique)   	 Time: 0.9694795608520508[0m
2025-09-19 17:04:36,948 - Analysis - INFO - [1mGeneration number 7 	 Code coverage: 60.82% (655/1077) 	 Branch coverage: 64.77% (57/88) 	 Transactions: 83 (41 unique)   	 Time: 1.0991947650909424[0m
2025-09-19 17:04:37,074 - Analysis - INFO - [1mGeneration number 8 	 Code coverage: 60.82% (655/1077) 	 Branch coverage: 64.77% (57/88) 	 Transactions: 89 (41 unique)   	 Time: 1.2251918315887451[0m
2025-09-19 17:04:37,189 - Analysis - INFO - [1mGeneration number 9 	 Code coverage: 60.82% (655/1077) 	 Branch coverage: 64.77% (57/88) 	 Transactions: 94 (41 unique)   	 Time: 1.3398082256317139[0m
2025-09-19 17:04:37,303 - Analysis - INFO - [1mGeneration number 10 	 Code coverage: 60.82% (655/1077) 	 Branch coverage: 64.77% (57/88) 	 Transactions: 99 (41 unique)   	 Time: 1.4536190032958984[0m
2025-09-19 17:04:37,429 - Analysis - INFO - [1mGeneration number 11 	 Code coverage: 60.82% (655/1077) 	 Branch coverage: 64.77% (57/88) 	 Transactions: 105 (41 unique)   	 Time: 1.5803256034851074[0m
2025-09-19 17:04:37,571 - Analysis - INFO - [1mGeneration number 12 	 Code coverage: 60.82% (655/1077) 	 Branch coverage: 64.77% (57/88) 	 Transactions: 110 (41 unique)   	 Time: 1.7218677997589111[0m
2025-09-19 17:04:37,703 - Analysis - INFO - [1mGeneration number 13 	 Code coverage: 60.82% (655/1077) 	 Branch coverage: 64.77% (57/88) 	 Transactions: 116 (41 unique)   	 Time: 1.854398488998413[0m
2025-09-19 17:04:37,833 - Analysis - INFO - [1mGeneration number 14 	 Code coverage: 60.82% (655/1077) 	 Branch coverage: 64.77% (57/88) 	 Transactions: 122 (41 unique)   	 Time: 1.984165906906128[0m
2025-09-19 17:04:38,225 - Analysis - INFO - [1mGeneration number 15 	 Code coverage: 77.16% (831/1077) 	 Branch coverage: 76.14% (67/88) 	 Transactions: 165 (65 unique)   	 Time: 2.376218318939209[0m
2025-09-19 17:04:38,511 - Analysis - INFO - [1mGeneration number 16 	 Code coverage: 77.16% (831/1077) 	 Branch coverage: 76.14% (67/88) 	 Transactions: 203 (78 unique)   	 Time: 2.6615841388702393[0m
2025-09-19 17:04:39,110 - Analysis - INFO - [1mGeneration number 17 	 Code coverage: 81.89% (882/1077) 	 Branch coverage: 79.55% (70/88) 	 Transactions: 265 (90 unique)   	 Time: 3.2611279487609863[0m
2025-09-19 17:04:39,401 - Detector - INFO - [1m[31m-----------------------------------------------------[0m
2025-09-19 17:04:39,401 - Detector - INFO - [1m[31m          !!! Integer overflow detected !!!          [0m
2025-09-19 17:04:39,401 - Detector - INFO - [1m[31m-----------------------------------------------------[0m
2025-09-19 17:04:39,401 - Detector - INFO - [1m[31mSWC-ID:   101[0m
2025-09-19 17:04:39,401 - Detector - INFO - [1m[31mSeverity: High[0m
2025-09-19 17:04:39,401 - Detector - INFO - [1m[31m-----------------------------------------------------[0m
2025-09-19 17:04:39,401 - Detector - INFO - [1m[31mSource code line:[0m
2025-09-19 17:04:39,402 - Detector - INFO - [1m[31m-----------------------------------------------------[0m
2025-09-19 17:04:39,402 - Detector - INFO - [1m[31m/sb/0x0a2d553217e92c6553334723f0669cc3f61fd569.sol:98:1[0m
2025-09-19 17:04:39,402 - Detector - INFO - [1m[31mlastBuyBlock + newRoundDelay[0m
2025-09-19 17:04:39,402 - Detector - INFO - [1m[31m-----------------------------------------------------[0m
2025-09-19 17:04:39,402 - Detector - INFO - [1m[31mTransaction sequence:[0m
2025-09-19 17:04:39,402 - Detector - INFO - [1m[31m-----------------------------------------------------[0m
2025-09-19 17:04:39,402 - Detector - INFO - [1m[31mTransaction 1 - changeContractOwner(address):[0m
2025-09-19 17:04:39,402 - Detector - INFO - [1m[31m-----------------------------------------------------[0m
2025-09-19 17:04:39,402 - Detector - INFO - [1m[31mFrom:      0xdeadbeefdeadbeefdeadbeefdeadbeefdeadbeef[0m
2025-09-19 17:04:39,402 - Detector - INFO - [1m[31mTo:        0x2c5e8a3b3aad9df32339409534e64dfcabcd3a65[0m
2025-09-19 17:04:39,402 - Detector - INFO - [1m[31mValue:     0 Wei[0m
2025-09-19 17:04:39,402 - Detector - INFO - [1m[31mGas Limit: 4500000[0m
2025-09-19 17:04:39,402 - Detector - INFO - [1m[31mInput:     0x3ead67b5000000000000000000000000cafebabe[0m
2025-09-19 17:04:39,402 - Detector - INFO - [1m[31m           cafebabecafebabecafebabecafebabe[0m
2025-09-19 17:04:39,402 - Detector - INFO - [1m[31m-----------------------------------------------------[0m
2025-09-19 17:04:39,402 - Detector - INFO - [1m[31mTransaction 2 - payout(uint256):[0m
2025-09-19 17:04:39,402 - Detector - INFO - [1m[31m-----------------------------------------------------[0m
2025-09-19 17:04:39,402 - Detector - INFO - [1m[31mFrom:      0xcafebabecafebabecafebabecafebabecafebabe[0m
2025-09-19 17:04:39,402 - Detector - INFO - [1m[31mTo:        0x2c5e8a3b3aad9df32339409534e64dfcabcd3a65[0m
2025-09-19 17:04:39,402 - Detector - INFO - [1m[31mValue:     0 Wei[0m
2025-09-19 17:04:39,402 - Detector - INFO - [1m[31mGas Limit: 4500000[0m
2025-09-19 17:04:39,402 - Detector - INFO - [1m[31mInput:     0xe1152343398cf2c8edf153cc194ee8c736941c14[0m
2025-09-19 17:04:39,402 - Detector - INFO - [1m[31m           8bfbe569729afb38e87b17a7a2774fc7[0m
2025-09-19 17:04:39,402 - Detector - INFO - [1m[31m-----------------------------------------------------[0m
2025-09-19 17:04:39,402 - Detector - INFO - [1m[31mTransaction 3 - changeContractOwner(address):[0m
2025-09-19 17:04:39,402 - Detector - INFO - [1m[31m-----------------------------------------------------[0m
2025-09-19 17:04:39,402 - Detector - INFO - [1m[31mFrom:      0xdeadbeefdeadbeefdeadbeefdeadbeefdeadbeef[0m
2025-09-19 17:04:39,402 - Detector - INFO - [1m[31mTo:        0x2c5e8a3b3aad9df32339409534e64dfcabcd3a65[0m
2025-09-19 17:04:39,402 - Detector - INFO - [1m[31mValue:     0 Wei[0m
2025-09-19 17:04:39,402 - Detector - INFO - [1m[31mGas Limit: 4500000[0m
2025-09-19 17:04:39,402 - Detector - INFO - [1m[31mInput:     0x3ead67b5000000000000000000000000deadbeef[0m
2025-09-19 17:04:39,402 - Detector - INFO - [1m[31m           deadbeefdeadbeefdeadbeefdeadbeef[0m
2025-09-19 17:04:39,402 - Detector - INFO - [1m[31m-----------------------------------------------------[0m
2025-09-19 17:04:39,402 - Detector - INFO - [1m[31mTransaction 4 - changeNewRoundDelay(uint256):[0m
2025-09-19 17:04:39,402 - Detector - INFO - [1m[31m-----------------------------------------------------[0m
2025-09-19 17:04:39,402 - Detector - INFO - [1m[31mFrom:      0xcafebabecafebabecafebabecafebabecafebabe[0m
2025-09-19 17:04:39,402 - Detector - INFO - [1m[31mTo:        0x2c5e8a3b3aad9df32339409534e64dfcabcd3a65[0m
2025-09-19 17:04:39,402 - Detector - INFO - [1m[31mValue:     0 Wei[0m
2025-09-19 17:04:39,402 - Detector - INFO - [1m[31mGas Limit: 4500000[0m
2025-09-19 17:04:39,402 - Detector - INFO - [1m[31mInput:     0x8c4af723ffffffffffffffffffffffffffffffff[0m
2025-09-19 17:04:39,402 - Detector - INFO - [1m[31m           ffffffffffffffffffffffffffffffff[0m
2025-09-19 17:04:39,402 - Detector - INFO - [1m[31m-----------------------------------------------------[0m
2025-09-19 17:04:39,402 - Detector - INFO - [1m[31mTransaction 5 - getCurrentData():[0m
2025-09-19 17:04:39,403 - Detector - INFO - [1m[31m-----------------------------------------------------[0m
2025-09-19 17:04:39,403 - Detector - INFO - [1m[31mFrom:      0xdeadbeefdeadbeefdeadbeefdeadbeefdeadbeef[0m
2025-09-19 17:04:39,403 - Detector - INFO - [1m[31mTo:        0x2c5e8a3b3aad9df32339409534e64dfcabcd3a65[0m
2025-09-19 17:04:39,403 - Detector - INFO - [1m[31mValue:     0 Wei[0m
2025-09-19 17:04:39,403 - Detector - INFO - [1m[31mGas Limit: 4500000[0m
2025-09-19 17:04:39,403 - Detector - INFO - [1m[31mInput:     0x770b5414[0m
2025-09-19 17:04:39,403 - Detector - INFO - [1m[31m-----------------------------------------------------[0m
2025-09-19 17:04:39,775 - Analysis - INFO - [1mGeneration number 18 	 Code coverage: 81.89% (882/1077) 	 Branch coverage: 79.55% (70/88) 	 Transactions: 336 (102 unique)   	 Time: 3.9264144897460938[0m
2025-09-19 17:04:40,583 - Analysis - INFO - [1mGeneration number 19 	 Code coverage: 81.89% (882/1077) 	 Branch coverage: 79.55% (70/88) 	 Transactions: 415 (113 unique)   	 Time: 4.733775854110718[0m
2025-09-19 17:04:41,455 - Analysis - INFO - [1mGeneration number 20 	 Code coverage: 81.89% (882/1077) 	 Branch coverage: 79.55% (70/88) 	 Transactions: 494 (125 unique)   	 Time: 5.606290340423584[0m
2025-09-19 17:04:41,860 - Detector - INFO - [1m[32m-----------------------------------------------------[0m
2025-09-19 17:04:41,861 - Detector - INFO - [1m[32m          !!! Block dependency detected !!!          [0m
2025-09-19 17:04:41,861 - Detector - INFO - [1m[32m-----------------------------------------------------[0m
2025-09-19 17:04:41,861 - Detector - INFO - [1m[32mSWC-ID:   120[0m
2025-09-19 17:04:41,861 - Detector - INFO - [1m[32mSeverity: Low[0m
2025-09-19 17:04:41,861 - Detector - INFO - [1m[32m-----------------------------------------------------[0m
2025-09-19 17:04:41,861 - Detector - INFO - [1m[32mSource code line:[0m
2025-09-19 17:04:41,861 - Detector - INFO - [1m[32m-----------------------------------------------------[0m
2025-09-19 17:04:41,861 - Detector - INFO - [1m[32m/sb/0x0a2d553217e92c6553334723f0669cc3f61fd569.sol:117:1[0m
2025-09-19 17:04:41,861 - Detector - INFO - [1m[32mblock.number[0m
2025-09-19 17:04:41,861 - Detector - INFO - [1m[32m-----------------------------------------------------[0m
2025-09-19 17:04:41,861 - Detector - INFO - [1m[32mTransaction sequence:[0m
2025-09-19 17:04:41,861 - Detector - INFO - [1m[32m-----------------------------------------------------[0m
2025-09-19 17:04:41,861 - Detector - INFO - [1m[32mTransaction 1 - buyToken():[0m
2025-09-19 17:04:41,861 - Detector - INFO - [1m[32m-----------------------------------------------------[0m
2025-09-19 17:04:41,861 - Detector - INFO - [1m[32mFrom:      0xdeadbeefdeadbeefdeadbeefdeadbeefdeadbeef[0m
2025-09-19 17:04:41,861 - Detector - INFO - [1m[32mTo:        0x2c5e8a3b3aad9df32339409534e64dfcabcd3a65[0m
2025-09-19 17:04:41,861 - Detector - INFO - [1m[32mValue:     1000000000000000 Wei[0m
2025-09-19 17:04:41,861 - Detector - INFO - [1m[32mGas Limit: 4500000[0m
2025-09-19 17:04:41,861 - Detector - INFO - [1m[32mInput:     0xa4821719[0m
2025-09-19 17:04:41,861 - Detector - INFO - [1m[32m-----------------------------------------------------[0m
2025-09-19 17:04:41,861 - Detector - INFO - [1m[32mTransaction 2 - finishRound():[0m
2025-09-19 17:04:41,861 - Detector - INFO - [1m[32m-----------------------------------------------------[0m
2025-09-19 17:04:41,862 - Detector - INFO - [1m[32mFrom:      0xcafebabecafebabecafebabecafebabecafebabe[0m
2025-09-19 17:04:41,862 - Detector - INFO - [1m[32mTo:        0x2c5e8a3b3aad9df32339409534e64dfcabcd3a65[0m
2025-09-19 17:04:41,862 - Detector - INFO - [1m[32mValue:     0 Wei[0m
2025-09-19 17:04:41,862 - Detector - INFO - [1m[32mGas Limit: 4500000[0m
2025-09-19 17:04:41,862 - Detector - INFO - [1m[32mInput:     0x547916ea[0m
2025-09-19 17:04:41,862 - Detector - INFO - [1m[32m-----------------------------------------------------[0m
2025-09-19 17:04:41,862 - Detector - INFO - [1m[32mTransaction 3 - getBalance():[0m
2025-09-19 17:04:41,862 - Detector - INFO - [1m[32m-----------------------------------------------------[0m
2025-09-19 17:04:41,862 - Detector - INFO - [1m[32mFrom:      0xdeadbeefdeadbeefdeadbeefdeadbeefdeadbeef[0m
2025-09-19 17:04:41,862 - Detector - INFO - [1m[32mTo:        0x2c5e8a3b3aad9df32339409534e64dfcabcd3a65[0m
2025-09-19 17:04:41,862 - Detector - INFO - [1m[32mValue:     0 Wei[0m
2025-09-19 17:04:41,862 - Detector - INFO - [1m[32mGas Limit: 4500000[0m
2025-09-19 17:04:41,862 - Detector - INFO - [1m[32mInput:     0x12065fe0[0m
2025-09-19 17:04:41,862 - Detector - INFO - [1m[32m-----------------------------------------------------[0m
2025-09-19 17:04:42,467 - Analysis - INFO - [1mGeneration number 21 	 Code coverage: 84.68% (912/1077) 	 Branch coverage: 82.95% (73/88) 	 Transactions: 584 (138 unique)   	 Time: 6.617565631866455[0m
2025-09-19 17:04:43,435 - Analysis - INFO - [1mGeneration number 22 	 Code coverage: 84.68% (912/1077) 	 Branch coverage: 82.95% (73/88) 	 Transactions: 674 (147 unique)   	 Time: 7.586326599121094[0m
2025-09-19 17:04:43,668 - Detector - INFO - [1m[32m-----------------------------------------------------[0m
2025-09-19 17:04:43,668 - Detector - INFO - [1m[32m          !!! Block dependency detected !!!          [0m
2025-09-19 17:04:43,668 - Detector - INFO - [1m[32m-----------------------------------------------------[0m
2025-09-19 17:04:43,668 - Detector - INFO - [1m[32mSWC-ID:   120[0m
2025-09-19 17:04:43,668 - Detector - INFO - [1m[32mSeverity: Low[0m
2025-09-19 17:04:43,668 - Detector - INFO - [1m[32m-----------------------------------------------------[0m
2025-09-19 17:04:43,668 - Detector - INFO - [1m[32mSource code line:[0m
2025-09-19 17:04:43,668 - Detector - INFO - [1m[32m-----------------------------------------------------[0m
2025-09-19 17:04:43,668 - Detector - INFO - [1m[32m/sb/0x0a2d553217e92c6553334723f0669cc3f61fd569.sol:118:1[0m
2025-09-19 17:04:43,668 - Detector - INFO - [1m[32mblock.number[0m
2025-09-19 17:04:43,669 - Detector - INFO - [1m[32m-----------------------------------------------------[0m
2025-09-19 17:04:43,669 - Detector - INFO - [1m[32mTransaction sequence:[0m
2025-09-19 17:04:43,669 - Detector - INFO - [1m[32m-----------------------------------------------------[0m
2025-09-19 17:04:43,669 - Detector - INFO - [1m[32mTransaction 1 - buyToken():[0m
2025-09-19 17:04:43,669 - Detector - INFO - [1m[32m-----------------------------------------------------[0m
2025-09-19 17:04:43,669 - Detector - INFO - [1m[32mFrom:      0xdeadbeefdeadbeefdeadbeefdeadbeefdeadbeef[0m
2025-09-19 17:04:43,669 - Detector - INFO - [1m[32mTo:        0x2c5e8a3b3aad9df32339409534e64dfcabcd3a65[0m
2025-09-19 17:04:43,669 - Detector - INFO - [1m[32mValue:     1000000000000000 Wei[0m
2025-09-19 17:04:43,669 - Detector - INFO - [1m[32mGas Limit: 4500000[0m
2025-09-19 17:04:43,669 - Detector - INFO - [1m[32mInput:     0xa4821719[0m
2025-09-19 17:04:43,669 - Detector - INFO - [1m[32m-----------------------------------------------------[0m
2025-09-19 17:04:43,669 - Detector - INFO - [1m[32mTransaction 2 - finishRound():[0m
2025-09-19 17:04:43,669 - Detector - INFO - [1m[32m-----------------------------------------------------[0m
2025-09-19 17:04:43,669 - Detector - INFO - [1m[32mFrom:      0xcafebabecafebabecafebabecafebabecafebabe[0m
2025-09-19 17:04:43,669 - Detector - INFO - [1m[32mTo:        0x2c5e8a3b3aad9df32339409534e64dfcabcd3a65[0m
2025-09-19 17:04:43,669 - Detector - INFO - [1m[32mValue:     0 Wei[0m
2025-09-19 17:04:43,669 - Detector - INFO - [1m[32mGas Limit: 4500000[0m
2025-09-19 17:04:43,669 - Detector - INFO - [1m[32mInput:     0x547916ea[0m
2025-09-19 17:04:43,669 - Detector - INFO - [1m[32m-----------------------------------------------------[0m
2025-09-19 17:04:43,669 - Detector - INFO - [1m[32mTransaction 3 - getBalance():[0m
2025-09-19 17:04:43,669 - Detector - INFO - [1m[32m-----------------------------------------------------[0m
2025-09-19 17:04:43,669 - Detector - INFO - [1m[32mFrom:      0xdeadbeefdeadbeefdeadbeefdeadbeefdeadbeef[0m
2025-09-19 17:04:43,669 - Detector - INFO - [1m[32mTo:        0x2c5e8a3b3aad9df32339409534e64dfcabcd3a65[0m
2025-09-19 17:04:43,669 - Detector - INFO - [1m[32mValue:     0 Wei[0m
2025-09-19 17:04:43,669 - Detector - INFO - [1m[32mGas Limit: 4500000[0m
2025-09-19 17:04:43,669 - Detector - INFO - [1m[32mInput:     0x12065fe0[0m
2025-09-19 17:04:43,669 - Detector - INFO - [1m[32m-----------------------------------------------------[0m
2025-09-19 17:04:44,402 - Analysis - INFO - [1mGeneration number 23 	 Code coverage: 93.13% (1003/1077) 	 Branch coverage: 85.23% (75/88) 	 Transactions: 756 (159 unique)   	 Time: 8.552809715270996[0m
2025-09-19 17:04:45,221 - Analysis - INFO - [1mGeneration number 24 	 Code coverage: 93.13% (1003/1077) 	 Branch coverage: 86.36% (76/88) 	 Transactions: 833 (172 unique)   	 Time: 9.372382879257202[0m
2025-09-19 17:04:46,075 - Analysis - INFO - [1mGeneration number 25 	 Code coverage: 93.13% (1003/1077) 	 Branch coverage: 86.36% (76/88) 	 Transactions: 906 (183 unique)   	 Time: 10.225968837738037[0m
2025-09-19 17:04:47,202 - Analysis - INFO - [1mGeneration number 26 	 Code coverage: 93.13% (1003/1077) 	 Branch coverage: 86.36% (76/88) 	 Transactions: 989 (196 unique)   	 Time: 11.353298664093018[0m
2025-09-19 17:04:48,117 - Analysis - INFO - [1mGeneration number 27 	 Code coverage: 93.13% (1003/1077) 	 Branch coverage: 86.36% (76/88) 	 Transactions: 1056 (204 unique)   	 Time: 12.268361568450928[0m
2025-09-19 17:04:49,224 - Analysis - INFO - [1mGeneration number 28 	 Code coverage: 93.13% (1003/1077) 	 Branch coverage: 86.36% (76/88) 	 Transactions: 1135 (215 unique)   	 Time: 13.375320672988892[0m
2025-09-19 17:04:50,271 - Analysis - INFO - [1mGeneration number 29 	 Code coverage: 93.13% (1003/1077) 	 Branch coverage: 86.36% (76/88) 	 Transactions: 1212 (225 unique)   	 Time: 14.421576738357544[0m
2025-09-19 17:04:51,048 - Detector - INFO - [1m[31m-----------------------------------------------------[0m
2025-09-19 17:04:51,048 - Detector - INFO - [1m[31m          !!! Integer underflow detected !!!          [0m
2025-09-19 17:04:51,048 - Detector - INFO - [1m[31m-----------------------------------------------------[0m
2025-09-19 17:04:51,048 - Detector - INFO - [1m[31mSWC-ID:   101[0m
2025-09-19 17:04:51,048 - Detector - INFO - [1m[31mSeverity: High[0m
2025-09-19 17:04:51,048 - Detector - INFO - [1m[31m-----------------------------------------------------[0m
2025-09-19 17:04:51,048 - Detector - INFO - [1m[31mSource code line:[0m
2025-09-19 17:04:51,048 - Detector - INFO - [1m[31m-----------------------------------------------------[0m
2025-09-19 17:04:51,048 - Detector - INFO - [1m[31m/sb/0x0a2d553217e92c6553334723f0669cc3f61fd569.sol:131:1[0m
2025-09-19 17:04:51,048 - Detector - INFO - [1m[31mbalance -= tokenPrice.mul(50).div(110).mul(85).div(100)[0m
2025-09-19 17:04:51,048 - Detector - INFO - [1m[31m-----------------------------------------------------[0m
2025-09-19 17:04:51,048 - Detector - INFO - [1m[31mTransaction sequence:[0m
2025-09-19 17:04:51,048 - Detector - INFO - [1m[31m-----------------------------------------------------[0m
2025-09-19 17:04:51,048 - Detector - INFO - [1m[31mTransaction 1 - changeStartPrice(uint256):[0m
2025-09-19 17:04:51,048 - Detector - INFO - [1m[31m-----------------------------------------------------[0m
2025-09-19 17:04:51,049 - Detector - INFO - [1m[31mFrom:      0xcafebabecafebabecafebabecafebabecafebabe[0m
2025-09-19 17:04:51,049 - Detector - INFO - [1m[31mTo:        0x2c5e8a3b3aad9df32339409534e64dfcabcd3a65[0m
2025-09-19 17:04:51,049 - Detector - INFO - [1m[31mValue:     0 Wei[0m
2025-09-19 17:04:51,049 - Detector - INFO - [1m[31mGas Limit: 4500000[0m
2025-09-19 17:04:51,049 - Detector - INFO - [1m[31mInput:     0xd11cd4c600000000000000000000000000000000[0m
2025-09-19 17:04:51,049 - Detector - INFO - [1m[31m           00000000000000000000000000000001[0m
2025-09-19 17:04:51,049 - Detector - INFO - [1m[31m-----------------------------------------------------[0m
2025-09-19 17:04:51,049 - Detector - INFO - [1m[31mTransaction 2 - payout(uint256):[0m
2025-09-19 17:04:51,049 - Detector - INFO - [1m[31m-----------------------------------------------------[0m
2025-09-19 17:04:51,049 - Detector - INFO - [1m[31mFrom:      0xcafebabecafebabecafebabecafebabecafebabe[0m
2025-09-19 17:04:51,049 - Detector - INFO - [1m[31mTo:        0x2c5e8a3b3aad9df32339409534e64dfcabcd3a65[0m
2025-09-19 17:04:51,049 - Detector - INFO - [1m[31mValue:     0 Wei[0m
2025-09-19 17:04:51,049 - Detector - INFO - [1m[31mGas Limit: 4500000[0m
2025-09-19 17:04:51,049 - Detector - INFO - [1m[31mInput:     0xe1152343398cf2c8edf153cc194ee8c736941c14[0m
2025-09-19 17:04:51,049 - Detector - INFO - [1m[31m           8bfbe569729afb38e87b17a7a2774fc7[0m
2025-09-19 17:04:51,049 - Detector - INFO - [1m[31m-----------------------------------------------------[0m
2025-09-19 17:04:51,049 - Detector - INFO - [1m[31mTransaction 3 - buyToken():[0m
2025-09-19 17:04:51,049 - Detector - INFO - [1m[31m-----------------------------------------------------[0m
2025-09-19 17:04:51,049 - Detector - INFO - [1m[31mFrom:      0xdeadbeefdeadbeefdeadbeefdeadbeefdeadbeef[0m
2025-09-19 17:04:51,049 - Detector - INFO - [1m[31mTo:        0x2c5e8a3b3aad9df32339409534e64dfcabcd3a65[0m
2025-09-19 17:04:51,049 - Detector - INFO - [1m[31mValue:     1000000000008192 Wei[0m
2025-09-19 17:04:51,049 - Detector - INFO - [1m[31mGas Limit: 4500000[0m
2025-09-19 17:04:51,049 - Detector - INFO - [1m[31mInput:     0xa4821719[0m
2025-09-19 17:04:51,049 - Detector - INFO - [1m[31m-----------------------------------------------------[0m
2025-09-19 17:04:51,050 - Detector - INFO - [1m[31mTransaction 4 - getBalance():[0m
2025-09-19 17:04:51,050 - Detector - INFO - [1m[31m-----------------------------------------------------[0m
2025-09-19 17:04:51,050 - Detector - INFO - [1m[31mFrom:      0xdeadbeefdeadbeefdeadbeefdeadbeefdeadbeef[0m
2025-09-19 17:04:51,050 - Detector - INFO - [1m[31mTo:        0x2c5e8a3b3aad9df32339409534e64dfcabcd3a65[0m
2025-09-19 17:04:51,050 - Detector - INFO - [1m[31mValue:     0 Wei[0m
2025-09-19 17:04:51,050 - Detector - INFO - [1m[31mGas Limit: 4500000[0m
2025-09-19 17:04:51,050 - Detector - INFO - [1m[31mInput:     0x12065fe0[0m
2025-09-19 17:04:51,050 - Detector - INFO - [1m[31m-----------------------------------------------------[0m
2025-09-19 17:04:51,050 - Detector - INFO - [1m[31mTransaction 5 - getCurrentData():[0m
2025-09-19 17:04:51,050 - Detector - INFO - [1m[31m-----------------------------------------------------[0m
2025-09-19 17:04:51,050 - Detector - INFO - [1m[31mFrom:      0xdeadbeefdeadbeefdeadbeefdeadbeefdeadbeef[0m
2025-09-19 17:04:51,050 - Detector - INFO - [1m[31mTo:        0x2c5e8a3b3aad9df32339409534e64dfcabcd3a65[0m
2025-09-19 17:04:51,050 - Detector - INFO - [1m[31mValue:     0 Wei[0m
2025-09-19 17:04:51,050 - Detector - INFO - [1m[31mGas Limit: 4500000[0m
2025-09-19 17:04:51,050 - Detector - INFO - [1m[31mInput:     0x770b5414[0m
2025-09-19 17:04:51,050 - Detector - INFO - [1m[31m-----------------------------------------------------[0m
2025-09-19 17:04:51,432 - Analysis - INFO - [1mGeneration number 30 	 Code coverage: 93.13% (1003/1077) 	 Branch coverage: 86.36% (76/88) 	 Transactions: 1290 (235 unique)   	 Time: 15.582846879959106[0m
2025-09-19 17:04:51,475 - Analysis - INFO - [1m-----------------------------------------------------[0m
2025-09-19 17:04:51,475 - Analysis - INFO - Number of generations: 	 30
2025-09-19 17:04:51,475 - Analysis - INFO - Number of transactions: 	 1290 (235 unique)
2025-09-19 17:04:51,475 - Analysis - INFO - Transactions per second: 	 83
2025-09-19 17:04:51,475 - Analysis - INFO - Total code coverage: 	 93.13% (1003/1077)
2025-09-19 17:04:51,475 - Analysis - INFO - Total branch coverage: 	 86.36% (76/88)
2025-09-19 17:04:51,475 - Analysis - INFO - Total execution time: 	 15.63 seconds
2025-09-19 17:04:51,475 - Analysis - INFO - Total memory consumption: 	 71.69 MB

     ______            ______                _           
    / ____/___  ____  / ____/_  __________  (_)_  _______
   / /   / __ \/ __ \/ /_  / / / /_  /_  / / / / / / ___/
  / /___/ /_/ / / / / __/ / /_/ / / /_/ /_/ / /_/ (__  ) 
  \____/\____/_/ /_/_/    \__,_/ /___/___/_/\__,_/____/  

delteed file
