2025-09-22 01:32:26,647 - Main     - INFO - [1mInitializing seed to 1427655.0[0m
2025-09-22 01:32:26,762 - Fuzzer   - INFO - [1mFuzzing contract [1mMinter[0m[0m
2025-09-22 01:32:26,864 - Analysis - INFO - [1mGeneration number 0 	 Code coverage: 69.91% (402/575) 	 Branch coverage: 71.15% (37/52) 	 Transactions: 19 (18 unique)   	 Time: 0.09464526176452637[0m
2025-09-22 01:32:26,952 - Analysis - INFO - [1mGeneration number 1 	 Code coverage: 69.91% (402/575) 	 Branch coverage: 73.08% (38/52) 	 Transactions: 39 (25 unique)   	 Time: 0.18233561515808105[0m
2025-09-22 01:32:27,149 - Analysis - INFO - [1mGeneration number 2 	 Code coverage: 70.43% (405/575) 	 Branch coverage: 75.00% (39/52) 	 Transactions: 62 (33 unique)   	 Time: 0.37878894805908203[0m
2025-09-22 01:32:27,260 - Detector - INFO - [1m[32m-----------------------------------------------------[0m
2025-09-22 01:32:27,260 - Detector - INFO - [1m[32m          !!! Block dependency detected !!!          [0m
2025-09-22 01:32:27,260 - Detector - INFO - [1m[32m-----------------------------------------------------[0m
2025-09-22 01:32:27,260 - Detector - INFO - [1m[32mSWC-ID:   120[0m
2025-09-22 01:32:27,260 - Detector - INFO - [1m[32mSeverity: Low[0m
2025-09-22 01:32:27,260 - Detector - INFO - [1m[32m-----------------------------------------------------[0m
2025-09-22 01:32:27,260 - Detector - INFO - [1m[32mSource code line:[0m
2025-09-22 01:32:27,260 - Detector - INFO - [1m[32m-----------------------------------------------------[0m
2025-09-22 01:32:27,260 - Detector - INFO - [1m[32m/sb/0x0c04d4f331da8df75f9e2e271e3f3f1494c66c36.sol:205:1[0m
2025-09-22 01:32:27,260 - Detector - INFO - [1m[32mblock.timestamp[0m
2025-09-22 01:32:27,260 - Detector - INFO - [1m[32m-----------------------------------------------------[0m
2025-09-22 01:32:27,260 - Detector - INFO - [1m[32mTransaction sequence:[0m
2025-09-22 01:32:27,260 - Detector - INFO - [1m[32m-----------------------------------------------------[0m
2025-09-22 01:32:27,260 - Detector - INFO - [1m[32mTransaction 1 - transferOwnership(address):[0m
2025-09-22 01:32:27,260 - Detector - INFO - [1m[32m-----------------------------------------------------[0m
2025-09-22 01:32:27,260 - Detector - INFO - [1m[32mFrom:      0xdeadbeefdeadbeefdeadbeefdeadbeefdeadbeef[0m
2025-09-22 01:32:27,260 - Detector - INFO - [1m[32mTo:        0x2c5e8a3b3aad9df32339409534e64dfcabcd3a65[0m
2025-09-22 01:32:27,260 - Detector - INFO - [1m[32mValue:     0 Wei[0m
2025-09-22 01:32:27,260 - Detector - INFO - [1m[32mGas Limit: 4500000[0m
2025-09-22 01:32:27,261 - Detector - INFO - [1m[32mInput:     0xf2fde38b000000000000000000000000deadbeef[0m
2025-09-22 01:32:27,261 - Detector - INFO - [1m[32m           deadbeefdeadbeefdeadbeefdeadbeef[0m
2025-09-22 01:32:27,261 - Detector - INFO - [1m[32m-----------------------------------------------------[0m
2025-09-22 01:32:27,261 - Detector - INFO - [1m[32mTransaction 2 - mint():[0m
2025-09-22 01:32:27,261 - Detector - INFO - [1m[32m-----------------------------------------------------[0m
2025-09-22 01:32:27,261 - Detector - INFO - [1m[32mFrom:      0xcafebabecafebabecafebabecafebabecafebabe[0m
2025-09-22 01:32:27,261 - Detector - INFO - [1m[32mTo:        0x2c5e8a3b3aad9df32339409534e64dfcabcd3a65[0m
2025-09-22 01:32:27,261 - Detector - INFO - [1m[32mValue:     0 Wei[0m
2025-09-22 01:32:27,261 - Detector - INFO - [1m[32mGas Limit: 4500000[0m
2025-09-22 01:32:27,261 - Detector - INFO - [1m[32mInput:     0x1249c58b[0m
2025-09-22 01:32:27,261 - Detector - INFO - [1m[32m-----------------------------------------------------[0m
2025-09-22 01:32:27,261 - Detector - INFO - [1m[32mTransaction 3 - owner():[0m
2025-09-22 01:32:27,261 - Detector - INFO - [1m[32m-----------------------------------------------------[0m
2025-09-22 01:32:27,261 - Detector - INFO - [1m[32mFrom:      0xdeadbeefdeadbeefdeadbeefdeadbeefdeadbeef[0m
2025-09-22 01:32:27,261 - Detector - INFO - [1m[32mTo:        0x2c5e8a3b3aad9df32339409534e64dfcabcd3a65[0m
2025-09-22 01:32:27,261 - Detector - INFO - [1m[32mValue:     0 Wei[0m
2025-09-22 01:32:27,261 - Detector - INFO - [1m[32mGas Limit: 4500000[0m
2025-09-22 01:32:27,261 - Detector - INFO - [1m[32mInput:     0x8da5cb5b[0m
2025-09-22 01:32:27,261 - Detector - INFO - [1m[32m-----------------------------------------------------[0m
2025-09-22 01:32:27,382 - Analysis - INFO - [1mGeneration number 3 	 Code coverage: 70.96% (408/575) 	 Branch coverage: 76.92% (40/52) 	 Transactions: 109 (45 unique)   	 Time: 0.6123929023742676[0m
2025-09-22 01:32:27,727 - Analysis - INFO - [1mGeneration number 4 	 Code coverage: 74.78% (430/575) 	 Branch coverage: 78.85% (41/52) 	 Transactions: 173 (55 unique)   	 Time: 0.9572851657867432[0m
2025-09-22 01:32:28,074 - Analysis - INFO - [1mGeneration number 5 	 Code coverage: 74.78% (430/575) 	 Branch coverage: 78.85% (41/52) 	 Transactions: 243 (63 unique)   	 Time: 1.3041784763336182[0m
2025-09-22 01:32:28,517 - Analysis - INFO - [1mGeneration number 6 	 Code coverage: 74.78% (430/575) 	 Branch coverage: 78.85% (41/52) 	 Transactions: 321 (77 unique)   	 Time: 1.747718334197998[0m
2025-09-22 01:32:28,991 - Analysis - INFO - [1mGeneration number 7 	 Code coverage: 74.78% (430/575) 	 Branch coverage: 78.85% (41/52) 	 Transactions: 395 (88 unique)   	 Time: 2.2210350036621094[0m
2025-09-22 01:32:29,411 - Analysis - INFO - [1mGeneration number 8 	 Code coverage: 74.78% (430/575) 	 Branch coverage: 78.85% (41/52) 	 Transactions: 468 (98 unique)   	 Time: 2.641179323196411[0m
2025-09-22 01:32:29,792 - Analysis - INFO - [1mGeneration number 9 	 Code coverage: 74.78% (430/575) 	 Branch coverage: 78.85% (41/52) 	 Transactions: 543 (109 unique)   	 Time: 3.0219643115997314[0m
2025-09-22 01:32:30,194 - Analysis - INFO - [1mGeneration number 10 	 Code coverage: 74.78% (430/575) 	 Branch coverage: 78.85% (41/52) 	 Transactions: 621 (119 unique)   	 Time: 3.42470121383667[0m
2025-09-22 01:32:30,206 - Analysis - INFO - [1m-----------------------------------------------------[0m
2025-09-22 01:32:30,206 - Analysis - INFO - Number of generations: 	 10
2025-09-22 01:32:30,206 - Analysis - INFO - Number of transactions: 	 621 (119 unique)
2025-09-22 01:32:30,206 - Analysis - INFO - Transactions per second: 	 181
2025-09-22 01:32:30,207 - Analysis - INFO - Total code coverage: 	 74.78% (430/575)
2025-09-22 01:32:30,207 - Analysis - INFO - Total branch coverage: 	 78.85% (41/52)
2025-09-22 01:32:30,207 - Analysis - INFO - Total execution time: 	 3.44 seconds
2025-09-22 01:32:30,207 - Analysis - INFO - Total memory consumption: 	 66.65 MB
2025-09-22 01:32:30,208 - Fuzzer   - INFO - [1mFuzzing contract [1mOwned[0m[0m
2025-09-22 01:32:30,229 - Analysis - INFO - [1mGeneration number 0 	 Code coverage: 82.50% (99/120) 	 Branch coverage: 83.33% (10/12) 	 Transactions: 7 (6 unique)   	 Time: 0.017957448959350586[0m
2025-09-22 01:32:30,249 - Analysis - INFO - [1mGeneration number 1 	 Code coverage: 82.50% (99/120) 	 Branch coverage: 83.33% (10/12) 	 Transactions: 13 (7 unique)   	 Time: 0.03862929344177246[0m
2025-09-22 01:32:30,278 - Analysis - INFO - [1mGeneration number 2 	 Code coverage: 82.50% (99/120) 	 Branch coverage: 83.33% (10/12) 	 Transactions: 18 (7 unique)   	 Time: 0.06780099868774414[0m
2025-09-22 01:32:30,304 - Analysis - INFO - [1mGeneration number 3 	 Code coverage: 82.50% (99/120) 	 Branch coverage: 91.67% (11/12) 	 Transactions: 22 (9 unique)   	 Time: 0.09334516525268555[0m
2025-09-22 01:32:30,336 - Analysis - INFO - [1mGeneration number 4 	 Code coverage: 99.17% (119/120) 	 Branch coverage: 100.00% (12/12) 	 Transactions: 27 (10 unique)   	 Time: 0.125258207321167[0m
2025-09-22 01:32:30,376 - Analysis - INFO - [1mGeneration number 5 	 Code coverage: 99.17% (119/120) 	 Branch coverage: 100.00% (12/12) 	 Transactions: 37 (14 unique)   	 Time: 0.16557574272155762[0m
2025-09-22 01:32:30,436 - Analysis - INFO - [1mGeneration number 6 	 Code coverage: 99.17% (119/120) 	 Branch coverage: 100.00% (12/12) 	 Transactions: 52 (19 unique)   	 Time: 0.2257218360900879[0m
2025-09-22 01:32:30,515 - Analysis - INFO - [1mGeneration number 7 	 Code coverage: 99.17% (119/120) 	 Branch coverage: 100.00% (12/12) 	 Transactions: 70 (23 unique)   	 Time: 0.30440235137939453[0m
2025-09-22 01:32:30,606 - Analysis - INFO - [1mGeneration number 8 	 Code coverage: 99.17% (119/120) 	 Branch coverage: 100.00% (12/12) 	 Transactions: 88 (28 unique)   	 Time: 0.3953263759613037[0m
2025-09-22 01:32:30,682 - Analysis - INFO - [1mGeneration number 9 	 Code coverage: 99.17% (119/120) 	 Branch coverage: 100.00% (12/12) 	 Transactions: 103 (31 unique)   	 Time: 0.4709892272949219[0m
2025-09-22 01:32:30,760 - Analysis - INFO - [1mGeneration number 10 	 Code coverage: 99.17% (119/120) 	 Branch coverage: 100.00% (12/12) 	 Transactions: 118 (34 unique)   	 Time: 0.548903226852417[0m
2025-09-22 01:32:30,760 - Analysis - INFO - [1m-----------------------------------------------------[0m
2025-09-22 01:32:30,760 - Analysis - INFO - Number of generations: 	 10
2025-09-22 01:32:30,760 - Analysis - INFO - Number of transactions: 	 118 (34 unique)
2025-09-22 01:32:30,760 - Analysis - INFO - Transactions per second: 	 215
2025-09-22 01:32:30,760 - Analysis - INFO - Total code coverage: 	 99.17% (119/120)
2025-09-22 01:32:30,760 - Analysis - INFO - Total branch coverage: 	 100.00% (12/12)
2025-09-22 01:32:30,760 - Analysis - INFO - Total execution time: 	 0.55 seconds
2025-09-22 01:32:30,760 - Analysis - INFO - Total memory consumption: 	 67.02 MB
2025-09-22 01:32:30,764 - Fuzzer   - INFO - [1mFuzzing contract [1mProsperaToken[0m[0m
2025-09-22 01:32:30,971 - Analysis - INFO - [1mGeneration number 0 	 Code coverage: 74.98% (1531/2042) 	 Branch coverage: 74.22% (95/128) 	 Transactions: 37 (36 unique)   	 Time: 0.1940326690673828[0m
2025-09-22 01:32:31,214 - Analysis - INFO - [1mGeneration number 1 	 Code coverage: 79.19% (1617/2042) 	 Branch coverage: 78.91% (101/128) 	 Transactions: 71 (54 unique)   	 Time: 0.43656039237976074[0m
2025-09-22 01:32:31,493 - Analysis - INFO - [1mGeneration number 2 	 Code coverage: 79.19% (1617/2042) 	 Branch coverage: 78.91% (101/128) 	 Transactions: 104 (73 unique)   	 Time: 0.7154381275177002[0m
2025-09-22 01:32:31,869 - Analysis - INFO - [1mGeneration number 3 	 Code coverage: 82.17% (1678/2042) 	 Branch coverage: 81.25% (104/128) 	 Transactions: 139 (88 unique)   	 Time: 1.0914113521575928[0m
2025-09-22 01:32:32,269 - Analysis - INFO - [1mGeneration number 4 	 Code coverage: 82.17% (1678/2042) 	 Branch coverage: 81.25% (104/128) 	 Transactions: 193 (104 unique)   	 Time: 1.4920260906219482[0m
2025-09-22 01:32:33,057 - Analysis - INFO - [1mGeneration number 5 	 Code coverage: 83.40% (1703/2042) 	 Branch coverage: 82.03% (105/128) 	 Transactions: 276 (125 unique)   	 Time: 2.27925181388855[0m
2025-09-22 01:32:33,948 - Analysis - INFO - [1mGeneration number 6 	 Code coverage: 87.22% (1781/2042) 	 Branch coverage: 83.59% (107/128) 	 Transactions: 386 (153 unique)   	 Time: 3.170241594314575[0m
2025-09-22 01:32:35,083 - Analysis - INFO - [1mGeneration number 7 	 Code coverage: 87.22% (1781/2042) 	 Branch coverage: 83.59% (107/128) 	 Transactions: 515 (185 unique)   	 Time: 4.305185317993164[0m
2025-09-22 01:32:36,443 - Analysis - INFO - [1mGeneration number 8 	 Code coverage: 87.22% (1781/2042) 	 Branch coverage: 83.59% (107/128) 	 Transactions: 658 (218 unique)   	 Time: 5.665332317352295[0m
2025-09-22 01:32:37,936 - Analysis - INFO - [1mGeneration number 9 	 Code coverage: 87.22% (1781/2042) 	 Branch coverage: 83.59% (107/128) 	 Transactions: 816 (252 unique)   	 Time: 7.158929824829102[0m
2025-09-22 01:32:39,419 - Analysis - INFO - [1mGeneration number 10 	 Code coverage: 87.22% (1781/2042) 	 Branch coverage: 83.59% (107/128) 	 Transactions: 971 (285 unique)   	 Time: 8.641746282577515[0m
2025-09-22 01:32:39,518 - Analysis - INFO - [1m-----------------------------------------------------[0m
2025-09-22 01:32:39,518 - Analysis - INFO - Number of generations: 	 10
2025-09-22 01:32:39,518 - Analysis - INFO - Number of transactions: 	 971 (285 unique)
2025-09-22 01:32:39,518 - Analysis - INFO - Transactions per second: 	 111
2025-09-22 01:32:39,518 - Analysis - INFO - Total code coverage: 	 87.22% (1781/2042)
2025-09-22 01:32:39,518 - Analysis - INFO - Total branch coverage: 	 83.59% (107/128)
2025-09-22 01:32:39,518 - Analysis - INFO - Total execution time: 	 8.74 seconds
2025-09-22 01:32:39,519 - Analysis - INFO - Total memory consumption: 	 71.34 MB
2025-09-22 01:32:39,521 - Fuzzer   - INFO - [1mFuzzing contract [1mStandardToken[0m[0m
2025-09-22 01:32:39,581 - Analysis - INFO - [1mGeneration number 0 	 Code coverage: 67.96% (420/618) 	 Branch coverage: 83.33% (30/36) 	 Transactions: 15 (14 unique)   	 Time: 0.05472826957702637[0m
2025-09-22 01:32:39,635 - Analysis - INFO - [1mGeneration number 1 	 Code coverage: 67.96% (420/618) 	 Branch coverage: 83.33% (30/36) 	 Transactions: 28 (21 unique)   	 Time: 0.10845351219177246[0m
2025-09-22 01:32:39,726 - Analysis - INFO - [1mGeneration number 2 	 Code coverage: 67.96% (420/618) 	 Branch coverage: 83.33% (30/36) 	 Transactions: 39 (27 unique)   	 Time: 0.19956326484680176[0m
2025-09-22 01:32:39,856 - Analysis - INFO - [1mGeneration number 3 	 Code coverage: 67.96% (420/618) 	 Branch coverage: 83.33% (30/36) 	 Transactions: 58 (35 unique)   	 Time: 0.3301866054534912[0m
2025-09-22 01:32:40,037 - Analysis - INFO - [1mGeneration number 4 	 Code coverage: 68.61% (424/618) 	 Branch coverage: 86.11% (31/36) 	 Transactions: 87 (44 unique)   	 Time: 0.5110154151916504[0m
2025-09-22 01:32:40,223 - Analysis - INFO - [1mGeneration number 5 	 Code coverage: 68.61% (424/618) 	 Branch coverage: 86.11% (31/36) 	 Transactions: 123 (50 unique)   	 Time: 0.6964795589447021[0m
2025-09-22 01:32:40,446 - Analysis - INFO - [1mGeneration number 6 	 Code coverage: 68.61% (424/618) 	 Branch coverage: 86.11% (31/36) 	 Transactions: 162 (58 unique)   	 Time: 0.9198455810546875[0m
2025-09-22 01:32:40,685 - Analysis - INFO - [1mGeneration number 7 	 Code coverage: 68.61% (424/618) 	 Branch coverage: 86.11% (31/36) 	 Transactions: 203 (67 unique)   	 Time: 1.1585307121276855[0m
2025-09-22 01:32:40,922 - Analysis - INFO - [1mGeneration number 8 	 Code coverage: 68.61% (424/618) 	 Branch coverage: 86.11% (31/36) 	 Transactions: 243 (74 unique)   	 Time: 1.3956613540649414[0m
2025-09-22 01:32:41,162 - Analysis - INFO - [1mGeneration number 9 	 Code coverage: 68.61% (424/618) 	 Branch coverage: 86.11% (31/36) 	 Transactions: 282 (81 unique)   	 Time: 1.6358928680419922[0m
2025-09-22 01:32:41,410 - Analysis - INFO - [1mGeneration number 10 	 Code coverage: 68.61% (424/618) 	 Branch coverage: 86.11% (31/36) 	 Transactions: 323 (89 unique)   	 Time: 1.8841633796691895[0m
2025-09-22 01:32:41,440 - Analysis - INFO - [1m-----------------------------------------------------[0m
2025-09-22 01:32:41,441 - Analysis - INFO - Number of generations: 	 10
2025-09-22 01:32:41,441 - Analysis - INFO - Number of transactions: 	 323 (89 unique)
2025-09-22 01:32:41,441 - Analysis - INFO - Transactions per second: 	 169
2025-09-22 01:32:41,441 - Analysis - INFO - Total code coverage: 	 68.61% (424/618)
2025-09-22 01:32:41,441 - Analysis - INFO - Total branch coverage: 	 86.11% (31/36)
2025-09-22 01:32:41,441 - Analysis - INFO - Total execution time: 	 1.91 seconds
2025-09-22 01:32:41,441 - Analysis - INFO - Total memory consumption: 	 71.34 MB

     ______            ______                _           
    / ____/___  ____  / ____/_  __________  (_)_  _______
   / /   / __ \/ __ \/ /_  / / / /_  /_  / / / / / / ___/
  / /___/ /_/ / / / / __/ / /_/ / / /_/ /_/ / /_/ (__  ) 
  \____/\____/_/ /_/_/    \__,_/ /___/___/_/\__,_/____/  

delteed file
