2025-09-22 01:11:35,510 - Main     - INFO - [1mInitializing seed to 1427655.0[0m
2025-09-22 01:11:35,590 - Fuzzer   - INFO - [1mFuzzing contract [1mGrowToken[0m[0m
2025-09-22 01:11:35,899 - Analysis - INFO - [1mGeneration number 0 	 Code coverage: 65.34% (1572/2406) 	 Branch coverage: 66.11% (119/180) 	 Transactions: 47 (46 unique)   	 Time: 0.29143738746643066[0m
2025-09-22 01:11:36,241 - Analysis - INFO - [1mGeneration number 1 	 Code coverage: 65.34% (1572/2406) 	 Branch coverage: 66.11% (119/180) 	 Transactions: 95 (72 unique)   	 Time: 0.6338999271392822[0m
2025-09-22 01:11:36,899 - Analysis - INFO - [1mGeneration number 2 	 Code coverage: 71.90% (1730/2406) 	 Branch coverage: 70.00% (126/180) 	 Transactions: 165 (106 unique)   	 Time: 1.2919445037841797[0m
2025-09-22 01:11:37,683 - Analysis - INFO - [1mGeneration number 3 	 Code coverage: 72.03% (1733/2406) 	 Branch coverage: 70.56% (127/180) 	 Transactions: 266 (139 unique)   	 Time: 2.0758166313171387[0m
2025-09-22 01:11:39,148 - Analysis - INFO - [1mGeneration number 4 	 Code coverage: 72.15% (1736/2406) 	 Branch coverage: 71.67% (129/180) 	 Transactions: 418 (180 unique)   	 Time: 3.540628433227539[0m
2025-09-22 01:11:40,674 - Analysis - INFO - [1mGeneration number 5 	 Code coverage: 72.15% (1736/2406) 	 Branch coverage: 71.67% (129/180) 	 Transactions: 596 (225 unique)   	 Time: 5.066868305206299[0m
2025-09-22 01:11:42,642 - Analysis - INFO - [1mGeneration number 6 	 Code coverage: 73.19% (1761/2406) 	 Branch coverage: 73.89% (133/180) 	 Transactions: 790 (271 unique)   	 Time: 7.033963203430176[0m
2025-09-22 01:11:44,523 - Analysis - INFO - [1mGeneration number 7 	 Code coverage: 73.19% (1761/2406) 	 Branch coverage: 73.89% (133/180) 	 Transactions: 990 (317 unique)   	 Time: 8.915173053741455[0m
2025-09-22 01:11:46,542 - Analysis - INFO - [1mGeneration number 8 	 Code coverage: 73.19% (1761/2406) 	 Branch coverage: 73.89% (133/180) 	 Transactions: 1203 (363 unique)   	 Time: 10.933963298797607[0m
2025-09-22 01:11:48,577 - Analysis - INFO - [1mGeneration number 9 	 Code coverage: 73.19% (1761/2406) 	 Branch coverage: 73.89% (133/180) 	 Transactions: 1419 (409 unique)   	 Time: 12.969439029693604[0m
2025-09-22 01:11:50,693 - Analysis - INFO - [1mGeneration number 10 	 Code coverage: 73.19% (1761/2406) 	 Branch coverage: 73.89% (133/180) 	 Transactions: 1641 (455 unique)   	 Time: 15.085655927658081[0m
2025-09-22 01:11:52,867 - Analysis - INFO - [1mGeneration number 11 	 Code coverage: 73.19% (1761/2406) 	 Branch coverage: 73.89% (133/180) 	 Transactions: 1868 (501 unique)   	 Time: 17.259011268615723[0m
2025-09-22 01:11:55,095 - Analysis - INFO - [1mGeneration number 12 	 Code coverage: 78.39% (1886/2406) 	 Branch coverage: 75.00% (135/180) 	 Transactions: 2097 (547 unique)   	 Time: 19.487241983413696[0m
2025-09-22 01:11:57,257 - Analysis - INFO - [1mGeneration number 13 	 Code coverage: 78.39% (1886/2406) 	 Branch coverage: 75.00% (135/180) 	 Transactions: 2327 (593 unique)   	 Time: 21.64952278137207[0m
2025-09-22 01:11:59,524 - Analysis - INFO - [1mGeneration number 14 	 Code coverage: 78.39% (1886/2406) 	 Branch coverage: 75.00% (135/180) 	 Transactions: 2557 (639 unique)   	 Time: 23.916365385055542[0m
2025-09-22 01:12:01,874 - Analysis - INFO - [1mGeneration number 15 	 Code coverage: 78.39% (1886/2406) 	 Branch coverage: 75.00% (135/180) 	 Transactions: 2787 (685 unique)   	 Time: 26.266647338867188[0m
2025-09-22 01:12:04,303 - Analysis - INFO - [1mGeneration number 16 	 Code coverage: 78.39% (1886/2406) 	 Branch coverage: 75.00% (135/180) 	 Transactions: 3017 (731 unique)   	 Time: 28.695682048797607[0m
2025-09-22 01:12:06,691 - Analysis - INFO - [1mGeneration number 17 	 Code coverage: 78.39% (1886/2406) 	 Branch coverage: 75.00% (135/180) 	 Transactions: 3247 (777 unique)   	 Time: 31.08329463005066[0m
2025-09-22 01:12:09,075 - Analysis - INFO - [1mGeneration number 18 	 Code coverage: 78.39% (1886/2406) 	 Branch coverage: 75.00% (135/180) 	 Transactions: 3477 (823 unique)   	 Time: 33.46715307235718[0m
2025-09-22 01:12:11,415 - Analysis - INFO - [1mGeneration number 19 	 Code coverage: 78.39% (1886/2406) 	 Branch coverage: 75.00% (135/180) 	 Transactions: 3707 (869 unique)   	 Time: 35.80777359008789[0m
2025-09-22 01:12:13,812 - Analysis - INFO - [1mGeneration number 20 	 Code coverage: 78.39% (1886/2406) 	 Branch coverage: 75.00% (135/180) 	 Transactions: 3937 (915 unique)   	 Time: 38.20400404930115[0m
2025-09-22 01:12:16,178 - Analysis - INFO - [1mGeneration number 21 	 Code coverage: 78.39% (1886/2406) 	 Branch coverage: 75.00% (135/180) 	 Transactions: 4167 (961 unique)   	 Time: 40.56994915008545[0m
2025-09-22 01:12:16,219 - Analysis - INFO - [1m-----------------------------------------------------[0m
2025-09-22 01:12:16,219 - Analysis - INFO - Number of generations: 	 21
2025-09-22 01:12:16,219 - Analysis - INFO - Number of transactions: 	 4167 (961 unique)
2025-09-22 01:12:16,219 - Analysis - INFO - Transactions per second: 	 103
2025-09-22 01:12:16,219 - Analysis - INFO - Total code coverage: 	 78.39% (1886/2406)
2025-09-22 01:12:16,219 - Analysis - INFO - Total branch coverage: 	 75.00% (135/180)
2025-09-22 01:12:16,219 - Analysis - INFO - Total execution time: 	 40.61 seconds
2025-09-22 01:12:16,220 - Analysis - INFO - Total memory consumption: 	 75.18 MB

     ______            ______                _           
    / ____/___  ____  / ____/_  __________  (_)_  _______
   / /   / __ \/ __ \/ /_  / / / /_  /_  / / / / / / ___/
  / /___/ /_/ / / / / __/ / /_/ / / /_/ /_/ / /_/ (__  ) 
  \____/\____/_/ /_/_/    \__,_/ /___/___/_/\__,_/____/  

delteed file
