2025-09-22 02:33:52,478 - Main     - INFO - [1mInitializing seed to 1427655.0[0m
2025-09-22 02:33:52,608 - Fuzzer   - INFO - [1mFuzzing contract [1mMyAdvancedToken[0m[0m
2025-09-22 02:33:52,800 - Analysis - INFO - [1mGeneration number 0 	 Code coverage: 73.07% (1156/1582) 	 Branch coverage: 76.92% (80/104) 	 Transactions: 35 (34 unique)   	 Time: 0.17825531959533691[0m
2025-09-22 02:33:53,061 - Analysis - INFO - [1mGeneration number 1 	 Code coverage: 77.75% (1230/1582) 	 Branch coverage: 79.81% (83/104) 	 Transactions: 73 (52 unique)   	 Time: 0.4384939670562744[0m
2025-09-22 02:33:53,592 - Analysis - INFO - [1mGeneration number 2 	 Code coverage: 77.94% (1233/1582) 	 Branch coverage: 80.77% (84/104) 	 Transactions: 152 (81 unique)   	 Time: 0.970191478729248[0m
2025-09-22 02:33:54,243 - Analysis - INFO - [1mGeneration number 3 	 Code coverage: 77.94% (1233/1582) 	 Branch coverage: 80.77% (84/104) 	 Transactions: 253 (109 unique)   	 Time: 1.6206650733947754[0m
2025-09-22 02:33:55,172 - Analysis - INFO - [1mGeneration number 4 	 Code coverage: 77.94% (1233/1582) 	 Branch coverage: 80.77% (84/104) 	 Transactions: 369 (139 unique)   	 Time: 2.5495245456695557[0m
2025-09-22 02:33:56,271 - Analysis - INFO - [1mGeneration number 5 	 Code coverage: 77.94% (1233/1582) 	 Branch coverage: 80.77% (84/104) 	 Transactions: 501 (170 unique)   	 Time: 3.6488196849823[0m
2025-09-22 02:33:57,526 - Analysis - INFO - [1mGeneration number 6 	 Code coverage: 77.94% (1233/1582) 	 Branch coverage: 80.77% (84/104) 	 Transactions: 640 (201 unique)   	 Time: 4.904133081436157[0m
2025-09-22 02:33:58,790 - Analysis - INFO - [1mGeneration number 7 	 Code coverage: 77.94% (1233/1582) 	 Branch coverage: 80.77% (84/104) 	 Transactions: 782 (235 unique)   	 Time: 6.167827129364014[0m
2025-09-22 02:34:00,016 - Analysis - INFO - [1mGeneration number 8 	 Code coverage: 77.94% (1233/1582) 	 Branch coverage: 80.77% (84/104) 	 Transactions: 921 (266 unique)   	 Time: 7.394366264343262[0m
2025-09-22 02:34:01,249 - Analysis - INFO - [1mGeneration number 9 	 Code coverage: 77.94% (1233/1582) 	 Branch coverage: 80.77% (84/104) 	 Transactions: 1058 (298 unique)   	 Time: 8.627257108688354[0m
2025-09-22 02:34:02,559 - Analysis - INFO - [1mGeneration number 10 	 Code coverage: 77.94% (1233/1582) 	 Branch coverage: 80.77% (84/104) 	 Transactions: 1199 (330 unique)   	 Time: 9.937129735946655[0m
2025-09-22 02:34:02,609 - Analysis - INFO - [1m-----------------------------------------------------[0m
2025-09-22 02:34:02,609 - Analysis - INFO - Number of generations: 	 10
2025-09-22 02:34:02,609 - Analysis - INFO - Number of transactions: 	 1199 (330 unique)
2025-09-22 02:34:02,609 - Analysis - INFO - Transactions per second: 	 120
2025-09-22 02:34:02,609 - Analysis - INFO - Total code coverage: 	 77.94% (1233/1582)
2025-09-22 02:34:02,609 - Analysis - INFO - Total branch coverage: 	 80.77% (84/104)
2025-09-22 02:34:02,609 - Analysis - INFO - Total execution time: 	 9.99 seconds
2025-09-22 02:34:02,609 - Analysis - INFO - Total memory consumption: 	 70.55 MB
2025-09-22 02:34:02,613 - Fuzzer   - INFO - [1mFuzzing contract [1mTokenERC20[0m[0m
2025-09-22 02:34:02,755 - Analysis - INFO - [1mGeneration number 0 	 Code coverage: 74.35% (942/1267) 	 Branch coverage: 78.57% (66/84) 	 Transactions: 29 (28 unique)   	 Time: 0.1331925392150879[0m
2025-09-22 02:34:02,924 - Analysis - INFO - [1mGeneration number 1 	 Code coverage: 74.35% (942/1267) 	 Branch coverage: 79.76% (67/84) 	 Transactions: 57 (45 unique)   	 Time: 0.30239176750183105[0m
2025-09-22 02:34:03,234 - Analysis - INFO - [1mGeneration number 2 	 Code coverage: 94.55% (1198/1267) 	 Branch coverage: 85.71% (72/84) 	 Transactions: 86 (59 unique)   	 Time: 0.612065315246582[0m
2025-09-22 02:34:03,796 - Analysis - INFO - [1mGeneration number 3 	 Code coverage: 94.79% (1201/1267) 	 Branch coverage: 86.90% (73/84) 	 Transactions: 147 (80 unique)   	 Time: 1.1740138530731201[0m
2025-09-22 02:34:04,610 - Analysis - INFO - [1mGeneration number 4 	 Code coverage: 95.03% (1204/1267) 	 Branch coverage: 88.10% (74/84) 	 Transactions: 228 (101 unique)   	 Time: 1.988257884979248[0m
2025-09-22 02:34:05,414 - Analysis - INFO - [1mGeneration number 5 	 Code coverage: 95.03% (1204/1267) 	 Branch coverage: 88.10% (74/84) 	 Transactions: 315 (125 unique)   	 Time: 2.79156231880188[0m
2025-09-22 02:34:06,635 - Analysis - INFO - [1mGeneration number 6 	 Code coverage: 96.84% (1227/1267) 	 Branch coverage: 89.29% (75/84) 	 Transactions: 425 (152 unique)   	 Time: 4.012526273727417[0m
2025-09-22 02:34:07,959 - Analysis - INFO - [1mGeneration number 7 	 Code coverage: 96.84% (1227/1267) 	 Branch coverage: 89.29% (75/84) 	 Transactions: 549 (180 unique)   	 Time: 5.336601495742798[0m
2025-09-22 02:34:09,217 - Analysis - INFO - [1mGeneration number 8 	 Code coverage: 96.84% (1227/1267) 	 Branch coverage: 89.29% (75/84) 	 Transactions: 677 (208 unique)   	 Time: 6.594876289367676[0m
2025-09-22 02:34:10,469 - Analysis - INFO - [1mGeneration number 9 	 Code coverage: 96.84% (1227/1267) 	 Branch coverage: 89.29% (75/84) 	 Transactions: 807 (236 unique)   	 Time: 7.846813917160034[0m
2025-09-22 02:34:11,764 - Analysis - INFO - [1mGeneration number 10 	 Code coverage: 96.84% (1227/1267) 	 Branch coverage: 89.29% (75/84) 	 Transactions: 938 (264 unique)   	 Time: 9.141560554504395[0m
2025-09-22 02:34:11,774 - Analysis - INFO - [1m-----------------------------------------------------[0m
2025-09-22 02:34:11,774 - Analysis - INFO - Number of generations: 	 10
2025-09-22 02:34:11,774 - Analysis - INFO - Number of transactions: 	 938 (264 unique)
2025-09-22 02:34:11,774 - Analysis - INFO - Transactions per second: 	 102
2025-09-22 02:34:11,774 - Analysis - INFO - Total code coverage: 	 96.84% (1227/1267)
2025-09-22 02:34:11,774 - Analysis - INFO - Total branch coverage: 	 89.29% (75/84)
2025-09-22 02:34:11,774 - Analysis - INFO - Total execution time: 	 9.15 seconds
2025-09-22 02:34:11,774 - Analysis - INFO - Total memory consumption: 	 71.92 MB
2025-09-22 02:34:11,776 - Fuzzer   - INFO - [1mFuzzing contract [1mUETH[0m[0m
2025-09-22 02:34:12,029 - Analysis - INFO - [1mGeneration number 0 	 Code coverage: 74.21% (1502/2024) 	 Branch coverage: 73.88% (99/134) 	 Transactions: 43 (42 unique)   	 Time: 0.24176239967346191[0m
2025-09-22 02:34:12,093 - Detector - INFO - [1m[32m-----------------------------------------------------[0m
2025-09-22 02:34:12,093 - Detector - INFO - [1m[32m          !!! Block dependency detected !!!          [0m
2025-09-22 02:34:12,093 - Detector - INFO - [1m[32m-----------------------------------------------------[0m
2025-09-22 02:34:12,093 - Detector - INFO - [1m[32mSWC-ID:   120[0m
2025-09-22 02:34:12,093 - Detector - INFO - [1m[32mSeverity: Low[0m
2025-09-22 02:34:12,093 - Detector - INFO - [1m[32m-----------------------------------------------------[0m
2025-09-22 02:34:12,093 - Detector - INFO - [1m[32mSource code line:[0m
2025-09-22 02:34:12,093 - Detector - INFO - [1m[32m-----------------------------------------------------[0m
2025-09-22 02:34:12,093 - Detector - INFO - [1m[32m/sb/0x750c9f0fe58bda45a115d903dac033c5c1deb6eb.sol:128:12[0m
2025-09-22 02:34:12,093 - Detector - INFO - [1m[32mnow[0m
2025-09-22 02:34:12,093 - Detector - INFO - [1m[32m-----------------------------------------------------[0m
2025-09-22 02:34:12,093 - Detector - INFO - [1m[32mTransaction sequence:[0m
2025-09-22 02:34:12,093 - Detector - INFO - [1m[32m-----------------------------------------------------[0m
2025-09-22 02:34:12,093 - Detector - INFO - [1m[32mTransaction 1 - transfer(address,uint256):[0m
2025-09-22 02:34:12,093 - Detector - INFO - [1m[32m-----------------------------------------------------[0m
2025-09-22 02:34:12,093 - Detector - INFO - [1m[32mFrom:      0xdeadbeefdeadbeefdeadbeefdeadbeefdeadbeef[0m
2025-09-22 02:34:12,093 - Detector - INFO - [1m[32mTo:        0x2c5e8a3b3aad9df32339409534e64dfcabcd3a65[0m
2025-09-22 02:34:12,093 - Detector - INFO - [1m[32mValue:     0 Wei[0m
2025-09-22 02:34:12,093 - Detector - INFO - [1m[32mGas Limit: 4500000[0m
2025-09-22 02:34:12,093 - Detector - INFO - [1m[32mInput:     0xa9059cbb000000000000000000000000cafebabe[0m
2025-09-22 02:34:12,093 - Detector - INFO - [1m[32m           cafebabecafebabecafebabecafebabeffffffffff[0m
2025-09-22 02:34:12,093 - Detector - INFO - [1m[32m           ffffffffffffffffffffffffffffffffffffffffff[0m
2025-09-22 02:34:12,093 - Detector - INFO - [1m[32m           ffffffffffff[0m
2025-09-22 02:34:12,093 - Detector - INFO - [1m[32m-----------------------------------------------------[0m
2025-09-22 02:34:12,093 - Detector - INFO - [1m[32mTransaction 2 - lockdate(address):[0m
2025-09-22 02:34:12,093 - Detector - INFO - [1m[32m-----------------------------------------------------[0m
2025-09-22 02:34:12,093 - Detector - INFO - [1m[32mFrom:      0xdeadbeefdeadbeefdeadbeefdeadbeefdeadbeef[0m
2025-09-22 02:34:12,094 - Detector - INFO - [1m[32mTo:        0x2c5e8a3b3aad9df32339409534e64dfcabcd3a65[0m
2025-09-22 02:34:12,094 - Detector - INFO - [1m[32mValue:     0 Wei[0m
2025-09-22 02:34:12,094 - Detector - INFO - [1m[32mGas Limit: 4500000[0m
2025-09-22 02:34:12,094 - Detector - INFO - [1m[32mInput:     0x24ab83d3000000000000000000000000deadbeef[0m
2025-09-22 02:34:12,094 - Detector - INFO - [1m[32m           deadbeefdeadbeefdeadbeefdeadbeef[0m
2025-09-22 02:34:12,094 - Detector - INFO - [1m[32m-----------------------------------------------------[0m
2025-09-22 02:34:12,142 - Detector - INFO - [1m[32m-----------------------------------------------------[0m
2025-09-22 02:34:12,142 - Detector - INFO - [1m[32m          !!! Block dependency detected !!!          [0m
2025-09-22 02:34:12,142 - Detector - INFO - [1m[32m-----------------------------------------------------[0m
2025-09-22 02:34:12,142 - Detector - INFO - [1m[32mSWC-ID:   120[0m
2025-09-22 02:34:12,142 - Detector - INFO - [1m[32mSeverity: Low[0m
2025-09-22 02:34:12,142 - Detector - INFO - [1m[32m-----------------------------------------------------[0m
2025-09-22 02:34:12,142 - Detector - INFO - [1m[32mSource code line:[0m
2025-09-22 02:34:12,142 - Detector - INFO - [1m[32m-----------------------------------------------------[0m
2025-09-22 02:34:12,142 - Detector - INFO - [1m[32m/sb/0x750c9f0fe58bda45a115d903dac033c5c1deb6eb.sol:151:1[0m
2025-09-22 02:34:12,142 - Detector - INFO - [1m[32mnow[0m
2025-09-22 02:34:12,142 - Detector - INFO - [1m[32m-----------------------------------------------------[0m
2025-09-22 02:34:12,142 - Detector - INFO - [1m[32mTransaction sequence:[0m
2025-09-22 02:34:12,142 - Detector - INFO - [1m[32m-----------------------------------------------------[0m
2025-09-22 02:34:12,142 - Detector - INFO - [1m[32mTransaction 1 - transferOwnership(address):[0m
2025-09-22 02:34:12,142 - Detector - INFO - [1m[32m-----------------------------------------------------[0m
2025-09-22 02:34:12,142 - Detector - INFO - [1m[32mFrom:      0xcafebabecafebabecafebabecafebabecafebabe[0m
2025-09-22 02:34:12,142 - Detector - INFO - [1m[32mTo:        0x2c5e8a3b3aad9df32339409534e64dfcabcd3a65[0m
2025-09-22 02:34:12,142 - Detector - INFO - [1m[32mValue:     0 Wei[0m
2025-09-22 02:34:12,142 - Detector - INFO - [1m[32mGas Limit: 4500000[0m
2025-09-22 02:34:12,142 - Detector - INFO - [1m[32mInput:     0xf2fde38b000000000000000000000000deadbeef[0m
2025-09-22 02:34:12,142 - Detector - INFO - [1m[32m           deadbeefdeadbeefdeadbeefdeadbeef[0m
2025-09-22 02:34:12,142 - Detector - INFO - [1m[32m-----------------------------------------------------[0m
2025-09-22 02:34:12,143 - Detector - INFO - [1m[32mTransaction 2 - lockTokenDays(address,uint256,uint256):[0m
2025-09-22 02:34:12,143 - Detector - INFO - [1m[32m-----------------------------------------------------[0m
2025-09-22 02:34:12,143 - Detector - INFO - [1m[32mFrom:      0xdeadbeefdeadbeefdeadbeefdeadbeefdeadbeef[0m
2025-09-22 02:34:12,143 - Detector - INFO - [1m[32mTo:        0x2c5e8a3b3aad9df32339409534e64dfcabcd3a65[0m
2025-09-22 02:34:12,143 - Detector - INFO - [1m[32mValue:     0 Wei[0m
2025-09-22 02:34:12,143 - Detector - INFO - [1m[32mGas Limit: 4500000[0m
2025-09-22 02:34:12,143 - Detector - INFO - [1m[32mInput:     0xd95405f200000000000000000000000035014541[0m
2025-09-22 02:34:12,143 - Detector - INFO - [1m[32m           350145413501454135014541350145414152fa2a37[0m
2025-09-22 02:34:12,143 - Detector - INFO - [1m[32m           02696ce02413dddfa7c3fac147820844a544a63071[0m
2025-09-22 02:34:12,143 - Detector - INFO - [1m[32m           b5f0ccbca5feced381c70cc062fe82103259bf5798[0m
2025-09-22 02:34:12,143 - Detector - INFO - [1m[32m           71a9b3c35785fd40f06652f7508c1c880b[0m
2025-09-22 02:34:12,143 - Detector - INFO - [1m[32m-----------------------------------------------------[0m
2025-09-22 02:34:12,456 - Analysis - INFO - [1mGeneration number 1 	 Code coverage: 77.62% (1571/2024) 	 Branch coverage: 78.36% (105/134) 	 Transactions: 97 (72 unique)   	 Time: 0.668445348739624[0m
2025-09-22 02:34:13,134 - Analysis - INFO - [1mGeneration number 2 	 Code coverage: 79.00% (1599/2024) 	 Branch coverage: 79.85% (107/134) 	 Transactions: 181 (108 unique)   	 Time: 1.3465776443481445[0m
2025-09-22 02:34:13,349 - Detector - INFO - [1m[32m-----------------------------------------------------[0m
2025-09-22 02:34:13,349 - Detector - INFO - [1m[32m          !!! Block dependency detected !!!          [0m
2025-09-22 02:34:13,349 - Detector - INFO - [1m[32m-----------------------------------------------------[0m
2025-09-22 02:34:13,349 - Detector - INFO - [1m[32mSWC-ID:   120[0m
2025-09-22 02:34:13,349 - Detector - INFO - [1m[32mSeverity: Low[0m
2025-09-22 02:34:13,349 - Detector - INFO - [1m[32m-----------------------------------------------------[0m
2025-09-22 02:34:13,349 - Detector - INFO - [1m[32mSource code line:[0m
2025-09-22 02:34:13,349 - Detector - INFO - [1m[32m-----------------------------------------------------[0m
2025-09-22 02:34:13,349 - Detector - INFO - [1m[32m/sb/0x750c9f0fe58bda45a115d903dac033c5c1deb6eb.sol:160:42[0m
2025-09-22 02:34:13,349 - Detector - INFO - [1m[32mnow[0m
2025-09-22 02:34:13,350 - Detector - INFO - [1m[32m-----------------------------------------------------[0m
2025-09-22 02:34:13,350 - Detector - INFO - [1m[32mTransaction sequence:[0m
2025-09-22 02:34:13,350 - Detector - INFO - [1m[32m-----------------------------------------------------[0m
2025-09-22 02:34:13,350 - Detector - INFO - [1m[32mTransaction 1 - transfer(address,uint256):[0m
2025-09-22 02:34:13,350 - Detector - INFO - [1m[32m-----------------------------------------------------[0m
2025-09-22 02:34:13,350 - Detector - INFO - [1m[32mFrom:      0xdeadbeefdeadbeefdeadbeefdeadbeefdeadbeef[0m
2025-09-22 02:34:13,350 - Detector - INFO - [1m[32mTo:        0x2c5e8a3b3aad9df32339409534e64dfcabcd3a65[0m
2025-09-22 02:34:13,350 - Detector - INFO - [1m[32mValue:     0 Wei[0m
2025-09-22 02:34:13,350 - Detector - INFO - [1m[32mGas Limit: 4500000[0m
2025-09-22 02:34:13,350 - Detector - INFO - [1m[32mInput:     0xa9059cbb000000000000000000000000deadbeef[0m
2025-09-22 02:34:13,350 - Detector - INFO - [1m[32m           deadbeefdeadbeefdeadbeefdeadbeefffffffffff[0m
2025-09-22 02:34:13,350 - Detector - INFO - [1m[32m           ffffffffffffffffffffffffffffffffffffffffff[0m
2025-09-22 02:34:13,350 - Detector - INFO - [1m[32m           ffffffffffff[0m
2025-09-22 02:34:13,350 - Detector - INFO - [1m[32m-----------------------------------------------------[0m
2025-09-22 02:34:13,350 - Detector - INFO - [1m[32mTransaction 2 - lockdate(address):[0m
2025-09-22 02:34:13,350 - Detector - INFO - [1m[32m-----------------------------------------------------[0m
2025-09-22 02:34:13,350 - Detector - INFO - [1m[32mFrom:      0xdeadbeefdeadbeefdeadbeefdeadbeefdeadbeef[0m
2025-09-22 02:34:13,350 - Detector - INFO - [1m[32mTo:        0x2c5e8a3b3aad9df32339409534e64dfcabcd3a65[0m
2025-09-22 02:34:13,351 - Detector - INFO - [1m[32mValue:     0 Wei[0m
2025-09-22 02:34:13,351 - Detector - INFO - [1m[32mGas Limit: 4500000[0m
2025-09-22 02:34:13,351 - Detector - INFO - [1m[32mInput:     0x24ab83d3000000000000000000000000deadbeef[0m
2025-09-22 02:34:13,351 - Detector - INFO - [1m[32m           deadbeefdeadbeefdeadbeefdeadbeef[0m
2025-09-22 02:34:13,351 - Detector - INFO - [1m[32m-----------------------------------------------------[0m
2025-09-22 02:34:13,351 - Detector - INFO - [1m[32mTransaction 3 - lockTokenDays(address,uint256,uint256):[0m
2025-09-22 02:34:13,351 - Detector - INFO - [1m[32m-----------------------------------------------------[0m
2025-09-22 02:34:13,351 - Detector - INFO - [1m[32mFrom:      0xdeadbeefdeadbeefdeadbeefdeadbeefdeadbeef[0m
2025-09-22 02:34:13,351 - Detector - INFO - [1m[32mTo:        0x2c5e8a3b3aad9df32339409534e64dfcabcd3a65[0m
2025-09-22 02:34:13,351 - Detector - INFO - [1m[32mValue:     0 Wei[0m
2025-09-22 02:34:13,351 - Detector - INFO - [1m[32mGas Limit: 4500000[0m
2025-09-22 02:34:13,351 - Detector - INFO - [1m[32mInput:     0xd95405f2000000000000000000000000cafebabe[0m
2025-09-22 02:34:13,351 - Detector - INFO - [1m[32m           cafebabecafebabecafebabecafebabeffffffffff[0m
2025-09-22 02:34:13,351 - Detector - INFO - [1m[32m           ffffffffffffffffffffffffffffffffffffffffff[0m
2025-09-22 02:34:13,351 - Detector - INFO - [1m[32m           ffffffffffffffffffffffffffffffffffffffffff[0m
2025-09-22 02:34:13,351 - Detector - INFO - [1m[32m           fffffffffffffffffffffffffffffffffe[0m
2025-09-22 02:34:13,351 - Detector - INFO - [1m[32m-----------------------------------------------------[0m
2025-09-22 02:34:13,352 - Detector - INFO - [1m[32mTransaction 4 - transferOwnership(address):[0m
2025-09-22 02:34:13,352 - Detector - INFO - [1m[32m-----------------------------------------------------[0m
2025-09-22 02:34:13,352 - Detector - INFO - [1m[32mFrom:      0xcafebabecafebabecafebabecafebabecafebabe[0m
2025-09-22 02:34:13,352 - Detector - INFO - [1m[32mTo:        0x2c5e8a3b3aad9df32339409534e64dfcabcd3a65[0m
2025-09-22 02:34:13,352 - Detector - INFO - [1m[32mValue:     0 Wei[0m
2025-09-22 02:34:13,352 - Detector - INFO - [1m[32mGas Limit: 4500000[0m
2025-09-22 02:34:13,352 - Detector - INFO - [1m[32mInput:     0xf2fde38b000000000000000000000000ffffffff[0m
2025-09-22 02:34:13,352 - Detector - INFO - [1m[32m           ffffffffffffffffffffffffffffffff[0m
2025-09-22 02:34:13,352 - Detector - INFO - [1m[32m-----------------------------------------------------[0m
2025-09-22 02:34:13,352 - Detector - INFO - [1m[32mTransaction 5 - lockTokenDays(address,uint256,uint256):[0m
2025-09-22 02:34:13,352 - Detector - INFO - [1m[32m-----------------------------------------------------[0m
2025-09-22 02:34:13,352 - Detector - INFO - [1m[32mFrom:      0xcafebabecafebabecafebabecafebabecafebabe[0m
2025-09-22 02:34:13,352 - Detector - INFO - [1m[32mTo:        0x2c5e8a3b3aad9df32339409534e64dfcabcd3a65[0m
2025-09-22 02:34:13,352 - Detector - INFO - [1m[32mValue:     0 Wei[0m
2025-09-22 02:34:13,352 - Detector - INFO - [1m[32mGas Limit: 4500000[0m
2025-09-22 02:34:13,352 - Detector - INFO - [1m[32mInput:     0xd95405f2000000000000000000000000deadbeef[0m
2025-09-22 02:34:13,353 - Detector - INFO - [1m[32m           deadbeefdeadbeefdeadbeefdeadbeefffffffffff[0m
2025-09-22 02:34:13,353 - Detector - INFO - [1m[32m           ffffffffffffffffffffffffffffffffffffffffff[0m
2025-09-22 02:34:13,353 - Detector - INFO - [1m[32m           fffffffffffe000000000000000000000000000000[0m
2025-09-22 02:34:13,353 - Detector - INFO - [1m[32m           0000000000000000000000000000000002[0m
2025-09-22 02:34:13,353 - Detector - INFO - [1m[32m-----------------------------------------------------[0m
2025-09-22 02:34:14,389 - Analysis - INFO - [1mGeneration number 3 	 Code coverage: 89.08% (1803/2024) 	 Branch coverage: 83.58% (112/134) 	 Transactions: 312 (148 unique)   	 Time: 2.6012063026428223[0m
2025-09-22 02:34:14,702 - Detector - INFO - [1m[31m-----------------------------------------------------[0m
2025-09-22 02:34:14,702 - Detector - INFO - [1m[31m          !!! Integer overflow detected !!!          [0m
2025-09-22 02:34:14,702 - Detector - INFO - [1m[31m-----------------------------------------------------[0m
2025-09-22 02:34:14,702 - Detector - INFO - [1m[31mSWC-ID:   101[0m
2025-09-22 02:34:14,702 - Detector - INFO - [1m[31mSeverity: High[0m
2025-09-22 02:34:14,702 - Detector - INFO - [1m[31m-----------------------------------------------------[0m
2025-09-22 02:34:14,702 - Detector - INFO - [1m[31mSource code line:[0m
2025-09-22 02:34:14,702 - Detector - INFO - [1m[31m-----------------------------------------------------[0m
2025-09-22 02:34:14,702 - Detector - INFO - [1m[31m/sb/0x750c9f0fe58bda45a115d903dac033c5c1deb6eb.sol:140:1[0m
2025-09-22 02:34:14,702 - Detector - INFO - [1m[31mbalanceOf[_to] + _value[0m
2025-09-22 02:34:14,702 - Detector - INFO - [1m[31m-----------------------------------------------------[0m
2025-09-22 02:34:14,702 - Detector - INFO - [1m[31mTransaction sequence:[0m
2025-09-22 02:34:14,702 - Detector - INFO - [1m[31m-----------------------------------------------------[0m
2025-09-22 02:34:14,702 - Detector - INFO - [1m[31mTransaction 1 - mintToken(address,uint256):[0m
2025-09-22 02:34:14,702 - Detector - INFO - [1m[31m-----------------------------------------------------[0m
2025-09-22 02:34:14,702 - Detector - INFO - [1m[31mFrom:      0xffffffffffffffffffffffffffffffffffffffff[0m
2025-09-22 02:34:14,702 - Detector - INFO - [1m[31mTo:        0x2c5e8a3b3aad9df32339409534e64dfcabcd3a65[0m
2025-09-22 02:34:14,702 - Detector - INFO - [1m[31mValue:     0 Wei[0m
2025-09-22 02:34:14,702 - Detector - INFO - [1m[31mGas Limit: 4500000[0m
2025-09-22 02:34:14,702 - Detector - INFO - [1m[31mInput:     0x79c65068000000000000000000000000deadbeef[0m
2025-09-22 02:34:14,702 - Detector - INFO - [1m[31m           deadbeefdeadbeefdeadbeefdeadbeefffffffffff[0m
2025-09-22 02:34:14,702 - Detector - INFO - [1m[31m           ffffffffffffffffffffffffffffffffffffffffff[0m
2025-09-22 02:34:14,702 - Detector - INFO - [1m[31m           fffffffffffd[0m
2025-09-22 02:34:14,702 - Detector - INFO - [1m[31m-----------------------------------------------------[0m
2025-09-22 02:34:14,702 - Detector - INFO - [1m[31mTransaction 2 - balanceOf(address):[0m
2025-09-22 02:34:14,702 - Detector - INFO - [1m[31m-----------------------------------------------------[0m
2025-09-22 02:34:14,702 - Detector - INFO - [1m[31mFrom:      0xdeadbeefdeadbeefdeadbeefdeadbeefdeadbeef[0m
2025-09-22 02:34:14,702 - Detector - INFO - [1m[31mTo:        0x2c5e8a3b3aad9df32339409534e64dfcabcd3a65[0m
2025-09-22 02:34:14,702 - Detector - INFO - [1m[31mValue:     0 Wei[0m
2025-09-22 02:34:14,702 - Detector - INFO - [1m[31mGas Limit: 4500000[0m
2025-09-22 02:34:14,702 - Detector - INFO - [1m[31mInput:     0x70a08231000000000000000000000000ffffffff[0m
2025-09-22 02:34:14,702 - Detector - INFO - [1m[31m           ffffffffffffffffffffffffffffffff[0m
2025-09-22 02:34:14,702 - Detector - INFO - [1m[31m-----------------------------------------------------[0m
2025-09-22 02:34:14,702 - Detector - INFO - [1m[31mTransaction 3 - mintToken(address,uint256):[0m
2025-09-22 02:34:14,702 - Detector - INFO - [1m[31m-----------------------------------------------------[0m
2025-09-22 02:34:14,702 - Detector - INFO - [1m[31mFrom:      0xcafebabecafebabecafebabecafebabecafebabe[0m
2025-09-22 02:34:14,702 - Detector - INFO - [1m[31mTo:        0x2c5e8a3b3aad9df32339409534e64dfcabcd3a65[0m
2025-09-22 02:34:14,702 - Detector - INFO - [1m[31mValue:     0 Wei[0m
2025-09-22 02:34:14,702 - Detector - INFO - [1m[31mGas Limit: 4500000[0m
2025-09-22 02:34:14,702 - Detector - INFO - [1m[31mInput:     0x79c65068000000000000000000000000deadbeef[0m
2025-09-22 02:34:14,703 - Detector - INFO - [1m[31m           deadbeefdeadbeefdeadbeefdeadbeefffffffffff[0m
2025-09-22 02:34:14,703 - Detector - INFO - [1m[31m           ffffffffffffffffffffffffffffffffffffffffff[0m
2025-09-22 02:34:14,703 - Detector - INFO - [1m[31m           fffffffffffe[0m
2025-09-22 02:34:14,703 - Detector - INFO - [1m[31m-----------------------------------------------------[0m
2025-09-22 02:34:14,703 - Detector - INFO - [1m[31mTransaction 4 - transfer(address,uint256):[0m
2025-09-22 02:34:14,703 - Detector - INFO - [1m[31m-----------------------------------------------------[0m
2025-09-22 02:34:14,703 - Detector - INFO - [1m[31mFrom:      0xdeadbeefdeadbeefdeadbeefdeadbeefdeadbeef[0m
2025-09-22 02:34:14,703 - Detector - INFO - [1m[31mTo:        0x2c5e8a3b3aad9df32339409534e64dfcabcd3a65[0m
2025-09-22 02:34:14,703 - Detector - INFO - [1m[31mValue:     0 Wei[0m
2025-09-22 02:34:14,703 - Detector - INFO - [1m[31mGas Limit: 4500000[0m
2025-09-22 02:34:14,703 - Detector - INFO - [1m[31mInput:     0xa9059cbb000000000000000000000000deadbeef[0m
2025-09-22 02:34:14,703 - Detector - INFO - [1m[31m           deadbeefdeadbeefdeadbeefdeadbeef24bffaf1d3[0m
2025-09-22 02:34:14,703 - Detector - INFO - [1m[31m           4273afaa2ff2217dedf2a9c6aa741d4edc55c644fa[0m
2025-09-22 02:34:14,703 - Detector - INFO - [1m[31m           de711e538bd3[0m
2025-09-22 02:34:14,703 - Detector - INFO - [1m[31m-----------------------------------------------------[0m
2025-09-22 02:34:14,703 - Detector - INFO - [1m[31mTransaction 5 - mintToken(address,uint256):[0m
2025-09-22 02:34:14,703 - Detector - INFO - [1m[31m-----------------------------------------------------[0m
2025-09-22 02:34:14,703 - Detector - INFO - [1m[31mFrom:      0xdeadbeefdeadbeefdeadbeefdeadbeefdeadbeef[0m
2025-09-22 02:34:14,703 - Detector - INFO - [1m[31mTo:        0x2c5e8a3b3aad9df32339409534e64dfcabcd3a65[0m
2025-09-22 02:34:14,703 - Detector - INFO - [1m[31mValue:     0 Wei[0m
2025-09-22 02:34:14,703 - Detector - INFO - [1m[31mGas Limit: 4500000[0m
2025-09-22 02:34:14,703 - Detector - INFO - [1m[31mInput:     0x79c65068000000000000000000000000cafebabe[0m
2025-09-22 02:34:14,703 - Detector - INFO - [1m[31m           cafebabecafebabecafebabecafebabe0000000000[0m
2025-09-22 02:34:14,703 - Detector - INFO - [1m[31m           000000000000000000000000000000000000000000[0m
2025-09-22 02:34:14,703 - Detector - INFO - [1m[31m           000000000000[0m
2025-09-22 02:34:14,703 - Detector - INFO - [1m[31m-----------------------------------------------------[0m
2025-09-22 02:34:15,270 - Detector - INFO - [1m[31m-----------------------------------------------------[0m
2025-09-22 02:34:15,270 - Detector - INFO - [1m[31m          !!! Integer overflow detected !!!          [0m
2025-09-22 02:34:15,270 - Detector - INFO - [1m[31m-----------------------------------------------------[0m
2025-09-22 02:34:15,270 - Detector - INFO - [1m[31mSWC-ID:   101[0m
2025-09-22 02:34:15,270 - Detector - INFO - [1m[31mSeverity: High[0m
2025-09-22 02:34:15,270 - Detector - INFO - [1m[31m-----------------------------------------------------[0m
2025-09-22 02:34:15,270 - Detector - INFO - [1m[31mSource code line:[0m
2025-09-22 02:34:15,270 - Detector - INFO - [1m[31m-----------------------------------------------------[0m
2025-09-22 02:34:15,270 - Detector - INFO - [1m[31m/sb/0x750c9f0fe58bda45a115d903dac033c5c1deb6eb.sol:160:25[0m
2025-09-22 02:34:15,270 - Detector - INFO - [1m[31m_days * 1 days + now[0m
2025-09-22 02:34:15,270 - Detector - INFO - [1m[31m-----------------------------------------------------[0m
2025-09-22 02:34:15,270 - Detector - INFO - [1m[31mTransaction sequence:[0m
2025-09-22 02:34:15,270 - Detector - INFO - [1m[31m-----------------------------------------------------[0m
2025-09-22 02:34:15,270 - Detector - INFO - [1m[31mTransaction 1 - transferOwnership(address):[0m
2025-09-22 02:34:15,270 - Detector - INFO - [1m[31m-----------------------------------------------------[0m
2025-09-22 02:34:15,270 - Detector - INFO - [1m[31mFrom:      0xcafebabecafebabecafebabecafebabecafebabe[0m
2025-09-22 02:34:15,270 - Detector - INFO - [1m[31mTo:        0x2c5e8a3b3aad9df32339409534e64dfcabcd3a65[0m
2025-09-22 02:34:15,270 - Detector - INFO - [1m[31mValue:     0 Wei[0m
2025-09-22 02:34:15,270 - Detector - INFO - [1m[31mGas Limit: 4500000[0m
2025-09-22 02:34:15,270 - Detector - INFO - [1m[31mInput:     0xf2fde38b000000000000000000000000ffffffff[0m
2025-09-22 02:34:15,270 - Detector - INFO - [1m[31m           ffffffffffffffffffffffffffffffff[0m
2025-09-22 02:34:15,270 - Detector - INFO - [1m[31m-----------------------------------------------------[0m
2025-09-22 02:34:15,270 - Detector - INFO - [1m[31mTransaction 2 - lockTokenDays(address,uint256,uint256):[0m
2025-09-22 02:34:15,270 - Detector - INFO - [1m[31m-----------------------------------------------------[0m
2025-09-22 02:34:15,271 - Detector - INFO - [1m[31mFrom:      0xdeadbeefdeadbeefdeadbeefdeadbeefdeadbeef[0m
2025-09-22 02:34:15,271 - Detector - INFO - [1m[31mTo:        0x2c5e8a3b3aad9df32339409534e64dfcabcd3a65[0m
2025-09-22 02:34:15,271 - Detector - INFO - [1m[31mValue:     0 Wei[0m
2025-09-22 02:34:15,271 - Detector - INFO - [1m[31mGas Limit: 4500000[0m
2025-09-22 02:34:15,271 - Detector - INFO - [1m[31mInput:     0xd95405f2000000000000000000000000deadbeef[0m
2025-09-22 02:34:15,271 - Detector - INFO - [1m[31m           deadbeefdeadbeefdeadbeefdeadbeefffffffffff[0m
2025-09-22 02:34:15,271 - Detector - INFO - [1m[31m           ffffffffffffffffffffffffffffffffffffffffff[0m
2025-09-22 02:34:15,271 - Detector - INFO - [1m[31m           fffffffffffeffffffffffffffffffffffffffffff[0m
2025-09-22 02:34:15,271 - Detector - INFO - [1m[31m           fffffffffffffffffffffffffffffffffe[0m
2025-09-22 02:34:15,271 - Detector - INFO - [1m[31m-----------------------------------------------------[0m
2025-09-22 02:34:15,271 - Detector - INFO - [1m[31mTransaction 3 - transferOwnership(address):[0m
2025-09-22 02:34:15,271 - Detector - INFO - [1m[31m-----------------------------------------------------[0m
2025-09-22 02:34:15,271 - Detector - INFO - [1m[31mFrom:      0xcafebabecafebabecafebabecafebabecafebabe[0m
2025-09-22 02:34:15,271 - Detector - INFO - [1m[31mTo:        0x2c5e8a3b3aad9df32339409534e64dfcabcd3a65[0m
2025-09-22 02:34:15,271 - Detector - INFO - [1m[31mValue:     0 Wei[0m
2025-09-22 02:34:15,271 - Detector - INFO - [1m[31mGas Limit: 4500000[0m
2025-09-22 02:34:15,271 - Detector - INFO - [1m[31mInput:     0xf2fde38b00000000000000000000000035014541[0m
2025-09-22 02:34:15,271 - Detector - INFO - [1m[31m           35014541350145413501454135014541[0m
2025-09-22 02:34:15,271 - Detector - INFO - [1m[31m-----------------------------------------------------[0m
2025-09-22 02:34:15,271 - Detector - INFO - [1m[31mTransaction 4 - mintToken(address,uint256):[0m
2025-09-22 02:34:15,271 - Detector - INFO - [1m[31m-----------------------------------------------------[0m
2025-09-22 02:34:15,271 - Detector - INFO - [1m[31mFrom:      0xffffffffffffffffffffffffffffffffffffffff[0m
2025-09-22 02:34:15,271 - Detector - INFO - [1m[31mTo:        0x2c5e8a3b3aad9df32339409534e64dfcabcd3a65[0m
2025-09-22 02:34:15,271 - Detector - INFO - [1m[31mValue:     0 Wei[0m
2025-09-22 02:34:15,271 - Detector - INFO - [1m[31mGas Limit: 4500000[0m
2025-09-22 02:34:15,271 - Detector - INFO - [1m[31mInput:     0x79c65068000000000000000000000000ffffffff[0m
2025-09-22 02:34:15,271 - Detector - INFO - [1m[31m           ffffffffffffffffffffffffffffffffffffffffff[0m
2025-09-22 02:34:15,271 - Detector - INFO - [1m[31m           ffffffffffffffffffffffffffffffffffffffffff[0m
2025-09-22 02:34:15,271 - Detector - INFO - [1m[31m           ffffffffffff[0m
2025-09-22 02:34:15,271 - Detector - INFO - [1m[31m-----------------------------------------------------[0m
2025-09-22 02:34:15,271 - Detector - INFO - [1m[31mTransaction 5 - lockTokenDays(address,uint256,uint256):[0m
2025-09-22 02:34:15,271 - Detector - INFO - [1m[31m-----------------------------------------------------[0m
2025-09-22 02:34:15,271 - Detector - INFO - [1m[31mFrom:      0xffffffffffffffffffffffffffffffffffffffff[0m
2025-09-22 02:34:15,271 - Detector - INFO - [1m[31mTo:        0x2c5e8a3b3aad9df32339409534e64dfcabcd3a65[0m
2025-09-22 02:34:15,271 - Detector - INFO - [1m[31mValue:     0 Wei[0m
2025-09-22 02:34:15,271 - Detector - INFO - [1m[31mGas Limit: 4500000[0m
2025-09-22 02:34:15,271 - Detector - INFO - [1m[31mInput:     0xd95405f2000000000000000000000000deadbeef[0m
2025-09-22 02:34:15,271 - Detector - INFO - [1m[31m           deadbeefdeadbeefdeadbeefdeadbeefffffffffff[0m
2025-09-22 02:34:15,271 - Detector - INFO - [1m[31m           ffffffffffffffffffffffffffffffffffffffffff[0m
2025-09-22 02:34:15,271 - Detector - INFO - [1m[31m           fffffffffffeffffffffffffffffffffffffffffff[0m
2025-09-22 02:34:15,271 - Detector - INFO - [1m[31m           fffffffffffffffffffffffffffffffffe[0m
2025-09-22 02:34:15,271 - Detector - INFO - [1m[31m-----------------------------------------------------[0m
2025-09-22 02:34:16,130 - Analysis - INFO - [1mGeneration number 4 	 Code coverage: 89.23% (1806/2024) 	 Branch coverage: 84.33% (113/134) 	 Transactions: 482 (188 unique)   	 Time: 4.342272758483887[0m
2025-09-22 02:34:16,444 - Detector - INFO - [1m[31m-----------------------------------------------------[0m
2025-09-22 02:34:16,444 - Detector - INFO - [1m[31m          !!! Integer overflow detected !!!          [0m
2025-09-22 02:34:16,444 - Detector - INFO - [1m[31m-----------------------------------------------------[0m
2025-09-22 02:34:16,444 - Detector - INFO - [1m[31mSWC-ID:   101[0m
2025-09-22 02:34:16,444 - Detector - INFO - [1m[31mSeverity: High[0m
2025-09-22 02:34:16,444 - Detector - INFO - [1m[31m-----------------------------------------------------[0m
2025-09-22 02:34:16,444 - Detector - INFO - [1m[31mSource code line:[0m
2025-09-22 02:34:16,444 - Detector - INFO - [1m[31m-----------------------------------------------------[0m
2025-09-22 02:34:16,444 - Detector - INFO - [1m[31m/sb/0x750c9f0fe58bda45a115d903dac033c5c1deb6eb.sol:102:1[0m
2025-09-22 02:34:16,444 - Detector - INFO - [1m[31mtotalSupply += mintedAmount[0m
2025-09-22 02:34:16,445 - Detector - INFO - [1m[31m-----------------------------------------------------[0m
2025-09-22 02:34:16,445 - Detector - INFO - [1m[31mTransaction sequence:[0m
2025-09-22 02:34:16,445 - Detector - INFO - [1m[31m-----------------------------------------------------[0m
2025-09-22 02:34:16,445 - Detector - INFO - [1m[31mTransaction 1 - mintToken(address,uint256):[0m
2025-09-22 02:34:16,445 - Detector - INFO - [1m[31m-----------------------------------------------------[0m
2025-09-22 02:34:16,445 - Detector - INFO - [1m[31mFrom:      0xcafebabecafebabecafebabecafebabecafebabe[0m
2025-09-22 02:34:16,445 - Detector - INFO - [1m[31mTo:        0x2c5e8a3b3aad9df32339409534e64dfcabcd3a65[0m
2025-09-22 02:34:16,445 - Detector - INFO - [1m[31mValue:     0 Wei[0m
2025-09-22 02:34:16,445 - Detector - INFO - [1m[31mGas Limit: 4500000[0m
2025-09-22 02:34:16,445 - Detector - INFO - [1m[31mInput:     0x79c65068000000000000000000000000ffffffff[0m
2025-09-22 02:34:16,445 - Detector - INFO - [1m[31m           fffffffffffffffffffffffffffffffff89922ddb7[0m
2025-09-22 02:34:16,445 - Detector - INFO - [1m[31m           9e27815ed977f1d4e3dcbb7134fc42d87478fdc430[0m
2025-09-22 02:34:16,445 - Detector - INFO - [1m[31m           8865ee3c0218[0m
2025-09-22 02:34:16,445 - Detector - INFO - [1m[31m-----------------------------------------------------[0m
2025-09-22 02:34:16,445 - Detector - INFO - [1m[31mTransaction 2 - lockTokenDays(address,uint256,uint256):[0m
2025-09-22 02:34:16,445 - Detector - INFO - [1m[31m-----------------------------------------------------[0m
2025-09-22 02:34:16,445 - Detector - INFO - [1m[31mFrom:      0xdeadbeefdeadbeefdeadbeefdeadbeefdeadbeef[0m
2025-09-22 02:34:16,445 - Detector - INFO - [1m[31mTo:        0x2c5e8a3b3aad9df32339409534e64dfcabcd3a65[0m
2025-09-22 02:34:16,445 - Detector - INFO - [1m[31mValue:     0 Wei[0m
2025-09-22 02:34:16,445 - Detector - INFO - [1m[31mGas Limit: 4500000[0m
2025-09-22 02:34:16,445 - Detector - INFO - [1m[31mInput:     0xd95405f2000000000000000000000000deadbeef[0m
2025-09-22 02:34:16,445 - Detector - INFO - [1m[31m           deadbeefdeadbeefdeadbeefdeadbeef648b4ba6e1[0m
2025-09-22 02:34:16,445 - Detector - INFO - [1m[31m           2e0617660224267b087a26cb4b0fb24ebdf982416a[0m
2025-09-22 02:34:16,445 - Detector - INFO - [1m[31m           6bd9fa5154ddffffffffffffffffffffffffffffff[0m
2025-09-22 02:34:16,445 - Detector - INFO - [1m[31m           fffffffffffffffffffffffffffffffffe[0m
2025-09-22 02:34:16,445 - Detector - INFO - [1m[31m-----------------------------------------------------[0m
2025-09-22 02:34:16,445 - Detector - INFO - [1m[31mTransaction 3 - transferOwnership(address):[0m
2025-09-22 02:34:16,445 - Detector - INFO - [1m[31m-----------------------------------------------------[0m
2025-09-22 02:34:16,445 - Detector - INFO - [1m[31mFrom:      0xcafebabecafebabecafebabecafebabecafebabe[0m
2025-09-22 02:34:16,445 - Detector - INFO - [1m[31mTo:        0x2c5e8a3b3aad9df32339409534e64dfcabcd3a65[0m
2025-09-22 02:34:16,445 - Detector - INFO - [1m[31mValue:     1 Wei[0m
2025-09-22 02:34:16,445 - Detector - INFO - [1m[31mGas Limit: 4500000[0m
2025-09-22 02:34:16,445 - Detector - INFO - [1m[31mInput:     0xf2fde38b000000000000000000000000ffffffff[0m
2025-09-22 02:34:16,445 - Detector - INFO - [1m[31m           ffffffffffffffffffffffffffffffff[0m
2025-09-22 02:34:16,445 - Detector - INFO - [1m[31m-----------------------------------------------------[0m
2025-09-22 02:34:16,445 - Detector - INFO - [1m[31mTransaction 4 - mintToken(address,uint256):[0m
2025-09-22 02:34:16,445 - Detector - INFO - [1m[31m-----------------------------------------------------[0m
2025-09-22 02:34:16,445 - Detector - INFO - [1m[31mFrom:      0xcafebabecafebabecafebabecafebabecafebabe[0m
2025-09-22 02:34:16,445 - Detector - INFO - [1m[31mTo:        0x2c5e8a3b3aad9df32339409534e64dfcabcd3a65[0m
2025-09-22 02:34:16,445 - Detector - INFO - [1m[31mValue:     0 Wei[0m
2025-09-22 02:34:16,445 - Detector - INFO - [1m[31mGas Limit: 4500000[0m
2025-09-22 02:34:16,445 - Detector - INFO - [1m[31mInput:     0x79c65068000000000000000000000000cafebabe[0m
2025-09-22 02:34:16,445 - Detector - INFO - [1m[31m           cafebabecafebabecafebabecafebabeffffffffff[0m
2025-09-22 02:34:16,445 - Detector - INFO - [1m[31m           ffffffffffffffffffffffffffffffffffffffffff[0m
2025-09-22 02:34:16,445 - Detector - INFO - [1m[31m           fffffffffffe[0m
2025-09-22 02:34:16,446 - Detector - INFO - [1m[31m-----------------------------------------------------[0m
2025-09-22 02:34:16,446 - Detector - INFO - [1m[31mTransaction 5 - transfer(address,uint256):[0m
2025-09-22 02:34:16,446 - Detector - INFO - [1m[31m-----------------------------------------------------[0m
2025-09-22 02:34:16,446 - Detector - INFO - [1m[31mFrom:      0xdeadbeefdeadbeefdeadbeefdeadbeefdeadbeef[0m
2025-09-22 02:34:16,446 - Detector - INFO - [1m[31mTo:        0x2c5e8a3b3aad9df32339409534e64dfcabcd3a65[0m
2025-09-22 02:34:16,446 - Detector - INFO - [1m[31mValue:     0 Wei[0m
2025-09-22 02:34:16,446 - Detector - INFO - [1m[31mGas Limit: 4500000[0m
2025-09-22 02:34:16,446 - Detector - INFO - [1m[31mInput:     0xa9059cbb000000000000000000000000ffffffff[0m
2025-09-22 02:34:16,446 - Detector - INFO - [1m[31m           ffffffffffffffffffffffffffffffffffffffffff[0m
2025-09-22 02:34:16,446 - Detector - INFO - [1m[31m           ffffffffffffffffffffffffffffffffffffffffff[0m
2025-09-22 02:34:16,446 - Detector - INFO - [1m[31m           ffffffffffff[0m
2025-09-22 02:34:16,446 - Detector - INFO - [1m[31m-----------------------------------------------------[0m
2025-09-22 02:34:17,943 - Analysis - INFO - [1mGeneration number 5 	 Code coverage: 89.38% (1809/2024) 	 Branch coverage: 85.07% (114/134) 	 Transactions: 658 (229 unique)   	 Time: 6.155627727508545[0m
2025-09-22 02:34:19,924 - Analysis - INFO - [1mGeneration number 6 	 Code coverage: 89.38% (1809/2024) 	 Branch coverage: 85.07% (114/134) 	 Transactions: 850 (270 unique)   	 Time: 8.136956691741943[0m
2025-09-22 02:34:21,535 - Detector - INFO - [1m[31m-----------------------------------------------------[0m
2025-09-22 02:34:21,535 - Detector - INFO - [1m[31m          !!! Integer overflow detected !!!          [0m
2025-09-22 02:34:21,535 - Detector - INFO - [1m[31m-----------------------------------------------------[0m
2025-09-22 02:34:21,535 - Detector - INFO - [1m[31mSWC-ID:   101[0m
2025-09-22 02:34:21,535 - Detector - INFO - [1m[31mSeverity: High[0m
2025-09-22 02:34:21,535 - Detector - INFO - [1m[31m-----------------------------------------------------[0m
2025-09-22 02:34:21,535 - Detector - INFO - [1m[31mSource code line:[0m
2025-09-22 02:34:21,535 - Detector - INFO - [1m[31m-----------------------------------------------------[0m
2025-09-22 02:34:21,535 - Detector - INFO - [1m[31m/sb/0x750c9f0fe58bda45a115d903dac033c5c1deb6eb.sol:101:1[0m
2025-09-22 02:34:21,535 - Detector - INFO - [1m[31mbalanceOf[target] += mintedAmount[0m
2025-09-22 02:34:21,535 - Detector - INFO - [1m[31m-----------------------------------------------------[0m
2025-09-22 02:34:21,535 - Detector - INFO - [1m[31mTransaction sequence:[0m
2025-09-22 02:34:21,535 - Detector - INFO - [1m[31m-----------------------------------------------------[0m
2025-09-22 02:34:21,535 - Detector - INFO - [1m[31mTransaction 1 - mintToken(address,uint256):[0m
2025-09-22 02:34:21,535 - Detector - INFO - [1m[31m-----------------------------------------------------[0m
2025-09-22 02:34:21,535 - Detector - INFO - [1m[31mFrom:      0xcafebabecafebabecafebabecafebabecafebabe[0m
2025-09-22 02:34:21,535 - Detector - INFO - [1m[31mTo:        0x2c5e8a3b3aad9df32339409534e64dfcabcd3a65[0m
2025-09-22 02:34:21,536 - Detector - INFO - [1m[31mValue:     0 Wei[0m
2025-09-22 02:34:21,536 - Detector - INFO - [1m[31mGas Limit: 4500000[0m
2025-09-22 02:34:21,536 - Detector - INFO - [1m[31mInput:     0x79c65068000000000000000000000000cafebabe[0m
2025-09-22 02:34:21,536 - Detector - INFO - [1m[31m           cafebabecafebabecafebabecafebabef89922ddb7[0m
2025-09-22 02:34:21,536 - Detector - INFO - [1m[31m           9e27815ed977f1d4e3dcbb7134fc42d87478fdc430[0m
2025-09-22 02:34:21,536 - Detector - INFO - [1m[31m           8865ee3c0218[0m
2025-09-22 02:34:21,536 - Detector - INFO - [1m[31m-----------------------------------------------------[0m
2025-09-22 02:34:21,536 - Detector - INFO - [1m[31mTransaction 2 - lockTokenDays(address,uint256,uint256):[0m
2025-09-22 02:34:21,536 - Detector - INFO - [1m[31m-----------------------------------------------------[0m
2025-09-22 02:34:21,536 - Detector - INFO - [1m[31mFrom:      0xdeadbeefdeadbeefdeadbeefdeadbeefdeadbeef[0m
2025-09-22 02:34:21,536 - Detector - INFO - [1m[31mTo:        0x2c5e8a3b3aad9df32339409534e64dfcabcd3a65[0m
2025-09-22 02:34:21,536 - Detector - INFO - [1m[31mValue:     0 Wei[0m
2025-09-22 02:34:21,536 - Detector - INFO - [1m[31mGas Limit: 4500000[0m
2025-09-22 02:34:21,536 - Detector - INFO - [1m[31mInput:     0xd95405f2000000000000000000000000ffffffff[0m
2025-09-22 02:34:21,536 - Detector - INFO - [1m[31m           ffffffffffffffffffffffffffffffff698dd51564[0m
2025-09-22 02:34:21,536 - Detector - INFO - [1m[31m           0c45c16030a936b5ce6e2a86a01e7df0648095c5fd[0m
2025-09-22 02:34:21,536 - Detector - INFO - [1m[31m           dc83399b70c2000000000000000000000000000000[0m
2025-09-22 02:34:21,536 - Detector - INFO - [1m[31m           0000000000000000000000000000000001[0m
2025-09-22 02:34:21,536 - Detector - INFO - [1m[31m-----------------------------------------------------[0m
2025-09-22 02:34:21,536 - Detector - INFO - [1m[31mTransaction 3 - transferOwnership(address):[0m
2025-09-22 02:34:21,536 - Detector - INFO - [1m[31m-----------------------------------------------------[0m
2025-09-22 02:34:21,536 - Detector - INFO - [1m[31mFrom:      0xcafebabecafebabecafebabecafebabecafebabe[0m
2025-09-22 02:34:21,536 - Detector - INFO - [1m[31mTo:        0x2c5e8a3b3aad9df32339409534e64dfcabcd3a65[0m
2025-09-22 02:34:21,537 - Detector - INFO - [1m[31mValue:     1 Wei[0m
2025-09-22 02:34:21,537 - Detector - INFO - [1m[31mGas Limit: 4500000[0m
2025-09-22 02:34:21,537 - Detector - INFO - [1m[31mInput:     0xf2fde38b000000000000000000000000deadbeef[0m
2025-09-22 02:34:21,537 - Detector - INFO - [1m[31m           deadbeefdeadbeefdeadbeefdeadbeef[0m
2025-09-22 02:34:21,537 - Detector - INFO - [1m[31m-----------------------------------------------------[0m
2025-09-22 02:34:21,537 - Detector - INFO - [1m[31mTransaction 4 - mintToken(address,uint256):[0m
2025-09-22 02:34:21,537 - Detector - INFO - [1m[31m-----------------------------------------------------[0m
2025-09-22 02:34:21,537 - Detector - INFO - [1m[31mFrom:      0xcafebabecafebabecafebabecafebabecafebabe[0m
2025-09-22 02:34:21,537 - Detector - INFO - [1m[31mTo:        0x2c5e8a3b3aad9df32339409534e64dfcabcd3a65[0m
2025-09-22 02:34:21,537 - Detector - INFO - [1m[31mValue:     0 Wei[0m
2025-09-22 02:34:21,537 - Detector - INFO - [1m[31mGas Limit: 4500000[0m
2025-09-22 02:34:21,537 - Detector - INFO - [1m[31mInput:     0x79c65068000000000000000000000000cafebabe[0m
2025-09-22 02:34:21,537 - Detector - INFO - [1m[31m           cafebabecafebabecafebabecafebabeffffffffff[0m
2025-09-22 02:34:21,537 - Detector - INFO - [1m[31m           ffffffffffffffffffffffffffffffffffffffffff[0m
2025-09-22 02:34:21,537 - Detector - INFO - [1m[31m           fffffffffffe[0m
2025-09-22 02:34:21,537 - Detector - INFO - [1m[31m-----------------------------------------------------[0m
2025-09-22 02:34:21,537 - Detector - INFO - [1m[31mTransaction 5 - transfer(address,uint256):[0m
2025-09-22 02:34:21,537 - Detector - INFO - [1m[31m-----------------------------------------------------[0m
2025-09-22 02:34:21,537 - Detector - INFO - [1m[31mFrom:      0xdeadbeefdeadbeefdeadbeefdeadbeefdeadbeef[0m
2025-09-22 02:34:21,537 - Detector - INFO - [1m[31mTo:        0x2c5e8a3b3aad9df32339409534e64dfcabcd3a65[0m
2025-09-22 02:34:21,537 - Detector - INFO - [1m[31mValue:     0 Wei[0m
2025-09-22 02:34:21,537 - Detector - INFO - [1m[31mGas Limit: 4500000[0m
2025-09-22 02:34:21,537 - Detector - INFO - [1m[31mInput:     0xa9059cbb00000000000000000000000000000000[0m
2025-09-22 02:34:21,538 - Detector - INFO - [1m[31m           000000000000000000000000000000000000000000[0m
2025-09-22 02:34:21,538 - Detector - INFO - [1m[31m           000000000000000000000000000000000000000000[0m
2025-09-22 02:34:21,538 - Detector - INFO - [1m[31m           000000000001[0m
2025-09-22 02:34:21,538 - Detector - INFO - [1m[31m-----------------------------------------------------[0m
2025-09-22 02:34:22,019 - Analysis - INFO - [1mGeneration number 7 	 Code coverage: 89.53% (1812/2024) 	 Branch coverage: 85.82% (115/134) 	 Transactions: 1054 (312 unique)   	 Time: 10.231672286987305[0m
2025-09-22 02:34:24,110 - Analysis - INFO - [1mGeneration number 8 	 Code coverage: 89.53% (1812/2024) 	 Branch coverage: 85.82% (115/134) 	 Transactions: 1262 (354 unique)   	 Time: 12.322920560836792[0m
2025-09-22 02:34:26,263 - Analysis - INFO - [1mGeneration number 9 	 Code coverage: 89.53% (1812/2024) 	 Branch coverage: 85.82% (115/134) 	 Transactions: 1467 (396 unique)   	 Time: 14.475831985473633[0m
2025-09-22 02:34:28,409 - Analysis - INFO - [1mGeneration number 10 	 Code coverage: 89.67% (1815/2024) 	 Branch coverage: 86.57% (116/134) 	 Transactions: 1672 (438 unique)   	 Time: 16.621932983398438[0m
2025-09-22 02:34:28,409 - Analysis - INFO - [1m-----------------------------------------------------[0m
2025-09-22 02:34:28,409 - Analysis - INFO - Number of generations: 	 10
2025-09-22 02:34:28,409 - Analysis - INFO - Number of transactions: 	 1672 (438 unique)
2025-09-22 02:34:28,410 - Analysis - INFO - Transactions per second: 	 101
2025-09-22 02:34:28,410 - Analysis - INFO - Total code coverage: 	 89.67% (1815/2024)
2025-09-22 02:34:28,410 - Analysis - INFO - Total branch coverage: 	 86.57% (116/134)
2025-09-22 02:34:28,410 - Analysis - INFO - Total execution time: 	 16.62 seconds
2025-09-22 02:34:28,410 - Analysis - INFO - Total memory consumption: 	 73.92 MB
2025-09-22 02:34:28,413 - Fuzzer   - INFO - [1mFuzzing contract [1mowned[0m[0m
2025-09-22 02:34:28,434 - Analysis - INFO - [1mGeneration number 0 	 Code coverage: 96.64% (115/119) 	 Branch coverage: 91.67% (11/12) 	 Transactions: 7 (6 unique)   	 Time: 0.01886725425720215[0m
2025-09-22 02:34:28,455 - Analysis - INFO - [1mGeneration number 1 	 Code coverage: 99.16% (118/119) 	 Branch coverage: 100.00% (12/12) 	 Transactions: 13 (10 unique)   	 Time: 0.03947639465332031[0m
2025-09-22 02:34:28,482 - Analysis - INFO - [1mGeneration number 2 	 Code coverage: 99.16% (118/119) 	 Branch coverage: 100.00% (12/12) 	 Transactions: 21 (12 unique)   	 Time: 0.06643247604370117[0m
2025-09-22 02:34:28,509 - Analysis - INFO - [1mGeneration number 3 	 Code coverage: 99.16% (118/119) 	 Branch coverage: 100.00% (12/12) 	 Transactions: 29 (14 unique)   	 Time: 0.09347248077392578[0m
2025-09-22 02:34:28,552 - Analysis - INFO - [1mGeneration number 4 	 Code coverage: 99.16% (118/119) 	 Branch coverage: 100.00% (12/12) 	 Transactions: 42 (17 unique)   	 Time: 0.13706421852111816[0m
2025-09-22 02:34:28,593 - Analysis - INFO - [1mGeneration number 5 	 Code coverage: 99.16% (118/119) 	 Branch coverage: 100.00% (12/12) 	 Transactions: 54 (20 unique)   	 Time: 0.17733359336853027[0m
2025-09-22 02:34:28,650 - Analysis - INFO - [1mGeneration number 6 	 Code coverage: 99.16% (118/119) 	 Branch coverage: 100.00% (12/12) 	 Transactions: 71 (22 unique)   	 Time: 0.23471474647521973[0m
2025-09-22 02:34:28,706 - Analysis - INFO - [1mGeneration number 7 	 Code coverage: 99.16% (118/119) 	 Branch coverage: 100.00% (12/12) 	 Transactions: 88 (24 unique)   	 Time: 0.29118943214416504[0m
2025-09-22 02:34:28,760 - Analysis - INFO - [1mGeneration number 8 	 Code coverage: 99.16% (118/119) 	 Branch coverage: 100.00% (12/12) 	 Transactions: 104 (26 unique)   	 Time: 0.34496092796325684[0m
2025-09-22 02:34:28,798 - Analysis - INFO - [1mGeneration number 9 	 Code coverage: 99.16% (118/119) 	 Branch coverage: 100.00% (12/12) 	 Transactions: 115 (27 unique)   	 Time: 0.3827698230743408[0m
2025-09-22 02:34:28,851 - Analysis - INFO - [1mGeneration number 10 	 Code coverage: 99.16% (118/119) 	 Branch coverage: 100.00% (12/12) 	 Transactions: 131 (29 unique)   	 Time: 0.4356658458709717[0m
2025-09-22 02:34:28,851 - Analysis - INFO - [1m-----------------------------------------------------[0m
2025-09-22 02:34:28,851 - Analysis - INFO - Number of generations: 	 10
2025-09-22 02:34:28,851 - Analysis - INFO - Number of transactions: 	 131 (29 unique)
2025-09-22 02:34:28,851 - Analysis - INFO - Transactions per second: 	 301
2025-09-22 02:34:28,851 - Analysis - INFO - Total code coverage: 	 99.16% (118/119)
2025-09-22 02:34:28,851 - Analysis - INFO - Total branch coverage: 	 100.00% (12/12)
2025-09-22 02:34:28,851 - Analysis - INFO - Total execution time: 	 0.44 seconds
2025-09-22 02:34:28,851 - Analysis - INFO - Total memory consumption: 	 73.92 MB

     ______            ______                _           
    / ____/___  ____  / ____/_  __________  (_)_  _______
   / /   / __ \/ __ \/ /_  / / / /_  /_  / / / / / / ___/
  / /___/ /_/ / / / / __/ / /_/ / / /_/ /_/ / /_/ (__  ) 
  \____/\____/_/ /_/_/    \__,_/ /___/___/_/\__,_/____/  

delteed file
