2025-09-22 02:44:03,130: [11] m.main:INFO: Registered plugins: IntrospectionAPIPlugin, DetectInvalid, DetectIntegerOverflow, DetectUninitializedStorage, DetectUninitializedMemory, DetectReentrancySimple, DetectReentrancyAdvanced, DetectUnusedRetVal, DetectSuicidal, DetectDelegatecall, DetectExternalCallAndLeak, DetectEnvInstruction, DetectManipulableBalance
2025-09-22 02:44:03,130: [11] m.main:INFO: Beginning analysis
2025-09-22 02:44:03,132: [11] m.e.manticore:INFO: Starting symbolic create contract
2025-09-22 02:44:03,952: [11] m.e.manticore:INFO: Starting symbolic transaction: 0
2025-09-22 02:44:06,575: [11] m.e.manticore:INFO: 3 alive states, 9 terminated states
2025-09-22 02:44:07,009: [11] m.e.manticore:INFO: Starting symbolic transaction: 1
2025-09-22 02:44:15,882: [11] m.e.manticore:INFO: 10 alive states, 32 terminated states
2025-09-22 02:44:16,347: [11] m.e.manticore:INFO: Starting symbolic transaction: 2
2025-09-22 02:44:53,124: [11] m.e.manticore:INFO: 37 alive states, 106 terminated states
2025-09-22 02:44:53,486: [11] m.e.manticore:INFO: Starting symbolic transaction: 3
2025-09-22 02:47:40,569: [11] m.e.manticore:INFO: 149 alive states, 373 terminated states
2025-09-22 02:47:41,235: [141] m.c.manticore:INFO: Generated testcase No. 0 - STOP(5 txs)
2025-09-22 02:47:41,236: [141] m.c.plugin:WARNING: Caught will_solve in state None, but failed to capture its initialization
2025-09-22 02:47:41,298: [142] m.c.manticore:INFO: Generated testcase No. 1 - STOP(5 txs)
2025-09-22 02:47:41,303: [142] m.c.plugin:WARNING: Caught will_solve in state None, but failed to capture its initialization
2025-09-22 02:47:41,368: [147] m.c.manticore:INFO: Generated testcase No. 2 - STOP(5 txs)
2025-09-22 02:47:41,373: [147] m.c.plugin:WARNING: Caught will_solve in state None, but failed to capture its initialization
2025-09-22 02:47:41,402: [149] m.c.manticore:INFO: Generated testcase No. 3 - STOP(5 txs)
2025-09-22 02:47:41,406: [149] m.c.plugin:WARNING: Caught will_solve in state None, but failed to capture its initialization
2025-09-22 02:47:41,427: [159] m.c.manticore:INFO: Generated testcase No. 4 - RETURN(5 txs)
2025-09-22 02:47:41,431: [159] m.c.plugin:WARNING: Caught will_solve in state None, but failed to capture its initialization
2025-09-22 02:47:41,458: [155] m.c.manticore:INFO: Generated testcase No. 5 - STOP(5 txs)
2025-09-22 02:47:41,459: [155] m.c.plugin:WARNING: Caught will_solve in state None, but failed to capture its initialization
2025-09-22 02:47:41,496: [139] m.c.manticore:INFO: Generated testcase No. 6 - STOP(5 txs)
2025-09-22 02:47:41,501: [139] m.c.plugin:WARNING: Caught will_solve in state None, but failed to capture its initialization
2025-09-22 02:47:41,514: [143] m.c.manticore:INFO: Generated testcase No. 7 - STOP(5 txs)
2025-09-22 02:47:41,514: [143] m.c.plugin:WARNING: Caught will_solve in state None, but failed to capture its initialization
2025-09-22 02:47:41,600: [146] m.c.manticore:INFO: Generated testcase No. 8 - STOP(5 txs)
2025-09-22 02:47:41,604: [146] m.c.plugin:WARNING: Caught will_solve in state None, but failed to capture its initialization
2025-09-22 02:47:41,616: [138] m.c.manticore:INFO: Generated testcase No. 9 - STOP(5 txs)
2025-09-22 02:47:41,617: [138] m.c.plugin:WARNING: Caught will_solve in state None, but failed to capture its initialization
2025-09-22 02:47:41,652: [145] m.c.manticore:INFO: Generated testcase No. 10 - RETURN(5 txs)
2025-09-22 02:47:41,657: [145] m.c.plugin:WARNING: Caught will_solve in state None, but failed to capture its initialization
2025-09-22 02:47:41,769: [152] m.c.manticore:INFO: Generated testcase No. 11 - RETURN(5 txs)
2025-09-22 02:47:41,770: [152] m.c.plugin:WARNING: Caught will_solve in state None, but failed to capture its initialization
2025-09-22 02:47:49,498: [142] m.c.manticore:INFO: Generated testcase No. 12 - RETURN(5 txs)
2025-09-22 02:47:49,789: [155] m.c.manticore:INFO: Generated testcase No. 13 - RETURN(5 txs)
2025-09-22 02:47:49,907: [149] m.c.manticore:INFO: Generated testcase No. 14 - STOP(5 txs)
2025-09-22 02:47:50,359: [147] m.c.manticore:INFO: Generated testcase No. 15 - RETURN(5 txs)
2025-09-22 02:47:52,306: [143] m.c.manticore:INFO: Generated testcase No. 16 - RETURN(5 txs)
2025-09-22 02:47:52,621: [141] m.c.manticore:INFO: Generated testcase No. 17 - STOP(5 txs)
2025-09-22 02:47:55,907: [138] m.c.manticore:INFO: Generated testcase No. 18 - STOP(5 txs)
2025-09-22 02:47:55,996: [155] m.c.manticore:INFO: Generated testcase No. 19 - STOP(5 txs)
2025-09-22 02:47:56,159: [146] m.c.manticore:INFO: Generated testcase No. 20 - STOP(5 txs)
2025-09-22 02:47:57,081: [159] m.c.manticore:INFO: Generated testcase No. 21 - RETURN(5 txs)
2025-09-22 02:47:57,206: [139] m.c.manticore:INFO: Generated testcase No. 22 - STOP(5 txs)
2025-09-22 02:47:58,788: [152] m.c.manticore:INFO: Generated testcase No. 23 - STOP(5 txs)
2025-09-22 02:47:59,697: [145] m.c.manticore:INFO: Generated testcase No. 24 - RETURN(5 txs)
2025-09-22 02:48:00,627: [149] m.c.manticore:INFO: Generated testcase No. 25 - RETURN(5 txs)
2025-09-22 02:48:02,458: [139] m.c.manticore:INFO: Generated testcase No. 26 - STOP(5 txs)
2025-09-22 02:48:02,907: [138] m.c.manticore:INFO: Generated testcase No. 27 - STOP(5 txs)
2025-09-22 02:48:03,980: [159] m.c.manticore:INFO: Generated testcase No. 28 - STOP(5 txs)
2025-09-22 02:48:04,317: [155] m.c.manticore:INFO: Generated testcase No. 29 - RETURN(5 txs)
2025-09-22 02:48:05,478: [149] m.c.manticore:INFO: Generated testcase No. 30 - RETURN(5 txs)
2025-09-22 02:48:05,557: [143] m.c.manticore:INFO: Generated testcase No. 31 - RETURN(5 txs)
2025-09-22 02:48:06,124: [142] m.c.manticore:INFO: Generated testcase No. 32 - RETURN(5 txs)
2025-09-22 02:48:06,332: [146] m.c.manticore:INFO: Generated testcase No. 33 - RETURN(5 txs)
2025-09-22 02:48:07,523: [147] m.c.manticore:INFO: Generated testcase No. 34 - RETURN(5 txs)
2025-09-22 02:48:08,759: [145] m.c.manticore:INFO: Generated testcase No. 35 - RETURN(5 txs)
2025-09-22 02:48:09,494: [139] m.c.manticore:INFO: Generated testcase No. 36 - STOP(5 txs)
2025-09-22 02:48:09,860: [152] m.c.manticore:INFO: Generated testcase No. 37 - RETURN(5 txs)
2025-09-22 02:48:10,122: [155] m.c.manticore:INFO: Generated testcase No. 38 - RETURN(5 txs)
2025-09-22 02:48:10,511: [141] m.c.manticore:INFO: Generated testcase No. 39 - STOP(5 txs)
2025-09-22 02:48:10,817: [138] m.c.manticore:INFO: Generated testcase No. 40 - RETURN(5 txs)
2025-09-22 02:48:12,013: [159] m.c.manticore:INFO: Generated testcase No. 41 - STOP(5 txs)
2025-09-22 02:48:12,297: [149] m.c.manticore:INFO: Generated testcase No. 42 - RETURN(5 txs)
2025-09-22 02:48:13,014: [142] m.c.manticore:INFO: Generated testcase No. 43 - RETURN(5 txs)
2025-09-22 02:48:15,021: [143] m.c.manticore:INFO: Generated testcase No. 44 - STOP(5 txs)
2025-09-22 02:48:15,790: [139] m.c.manticore:INFO: Generated testcase No. 45 - RETURN(5 txs)
2025-09-22 02:48:17,427: [152] m.c.manticore:INFO: Generated testcase No. 46 - STOP(5 txs)
2025-09-22 02:48:17,767: [138] m.c.manticore:INFO: Generated testcase No. 47 - RETURN(5 txs)
2025-09-22 02:48:18,576: [145] m.c.manticore:INFO: Generated testcase No. 48 - RETURN(5 txs)
2025-09-22 02:48:19,104: [149] m.c.manticore:INFO: Generated testcase No. 49 - RETURN(5 txs)
2025-09-22 02:48:19,437: [155] m.c.manticore:INFO: Generated testcase No. 50 - STOP(5 txs)
2025-09-22 02:48:19,917: [146] m.c.manticore:INFO: Generated testcase No. 51 - STOP(5 txs)
2025-09-22 02:48:19,954: [147] m.c.manticore:INFO: Generated testcase No. 52 - STOP(5 txs)
2025-09-22 02:48:22,541: [139] m.c.manticore:INFO: Generated testcase No. 53 - STOP(5 txs)
2025-09-22 02:48:22,783: [159] m.c.manticore:INFO: Generated testcase No. 54 - RETURN(5 txs)
2025-09-22 02:48:23,157: [141] m.c.manticore:INFO: Generated testcase No. 55 - RETURN(5 txs)
2025-09-22 02:48:24,743: [143] m.c.manticore:INFO: Generated testcase No. 56 - STOP(5 txs)
2025-09-22 02:48:25,172: [138] m.c.manticore:INFO: Generated testcase No. 57 - STOP(5 txs)
2025-09-22 02:48:25,337: [145] m.c.manticore:INFO: Generated testcase No. 58 - STOP(5 txs)
2025-09-22 02:48:27,766: [147] m.c.manticore:INFO: Generated testcase No. 59 - STOP(5 txs)
2025-09-22 02:48:28,092: [142] m.c.manticore:INFO: Generated testcase No. 60 - RETURN(5 txs)
2025-09-22 02:48:30,203: [155] m.c.manticore:INFO: Generated testcase No. 61 - STOP(5 txs)
2025-09-22 02:48:30,355: [149] m.c.manticore:INFO: Generated testcase No. 62 - STOP(5 txs)
2025-09-22 02:48:31,458: [139] m.c.manticore:INFO: Generated testcase No. 63 - RETURN(5 txs)
2025-09-22 02:48:33,169: [146] m.c.manticore:INFO: Generated testcase No. 64 - RETURN(5 txs)
2025-09-22 02:48:33,777: [152] m.c.manticore:INFO: Generated testcase No. 65 - RETURN(5 txs)
2025-09-22 02:48:34,466: [142] m.c.manticore:INFO: Generated testcase No. 66 - RETURN(5 txs)
2025-09-22 02:48:35,928: [143] m.c.manticore:INFO: Generated testcase No. 67 - RETURN(5 txs)
2025-09-22 02:48:36,297: [147] m.c.manticore:INFO: Generated testcase No. 68 - RETURN(5 txs)
2025-09-22 02:48:37,142: [141] m.c.manticore:INFO: Generated testcase No. 69 - RETURN(5 txs)
2025-09-22 02:48:39,975: [155] m.c.manticore:INFO: Generated testcase No. 70 - STOP(5 txs)
2025-09-22 02:48:40,354: [145] m.c.manticore:INFO: Generated testcase No. 71 - RETURN(5 txs)
2025-09-22 02:48:40,653: [146] m.c.manticore:INFO: Generated testcase No. 72 - STOP(5 txs)
2025-09-22 02:48:40,896: [138] m.c.manticore:INFO: Generated testcase No. 73 - STOP(5 txs)
2025-09-22 02:48:41,228: [139] m.c.manticore:INFO: Generated testcase No. 74 - STOP(5 txs)
2025-09-22 02:48:43,521: [159] m.c.manticore:INFO: Generated testcase No. 75 - RETURN(5 txs)
2025-09-22 02:48:43,677: [143] m.c.manticore:INFO: Generated testcase No. 76 - STOP(5 txs)
2025-09-22 02:48:44,064: [149] m.c.manticore:INFO: Generated testcase No. 77 - STOP(5 txs)
2025-09-22 02:48:44,642: [147] m.c.manticore:INFO: Generated testcase No. 78 - STOP(5 txs)
2025-09-22 02:48:45,339: [152] m.c.manticore:INFO: Generated testcase No. 79 - RETURN(5 txs)
2025-09-22 02:48:47,396: [155] m.c.manticore:INFO: Generated testcase No. 80 - STOP(5 txs)
2025-09-22 02:48:47,563: [139] m.c.manticore:INFO: Generated testcase No. 82 - STOP(5 txs)
2025-09-22 02:48:47,573: [142] m.c.manticore:INFO: Generated testcase No. 81 - STOP(5 txs)
2025-09-22 02:48:47,939: [146] m.c.manticore:INFO: Generated testcase No. 83 - RETURN(5 txs)
2025-09-22 02:48:49,290: [138] m.c.manticore:INFO: Generated testcase No. 84 - RETURN(5 txs)
2025-09-22 02:48:49,629: [145] m.c.manticore:INFO: Generated testcase No. 85 - RETURN(5 txs)
2025-09-22 02:48:50,032: [159] m.c.manticore:INFO: Generated testcase No. 86 - STOP(5 txs)
2025-09-22 02:48:51,091: [147] m.c.manticore:INFO: Generated testcase No. 87 - RETURN(5 txs)
2025-09-22 02:48:51,103: [143] m.c.manticore:INFO: Generated testcase No. 88 - RETURN(5 txs)
2025-09-22 02:48:53,050: [149] m.c.manticore:INFO: Generated testcase No. 89 - RETURN(5 txs)
2025-09-22 02:48:54,657: [141] m.c.manticore:INFO: Generated testcase No. 90 - RETURN(5 txs)
2025-09-22 02:48:56,604: [142] m.c.manticore:INFO: Generated testcase No. 91 - RETURN(5 txs)
2025-09-22 02:48:57,134: [145] m.c.manticore:INFO: Generated testcase No. 92 - STOP(5 txs)
2025-09-22 02:48:57,814: [152] m.c.manticore:INFO: Generated testcase No. 93 - STOP(5 txs)
2025-09-22 02:48:58,507: [155] m.c.manticore:INFO: Generated testcase No. 94 - RETURN(5 txs)
2025-09-22 02:48:59,021: [149] m.c.manticore:INFO: Generated testcase No. 95 - STOP(5 txs)
2025-09-22 02:48:59,719: [139] m.c.manticore:INFO: Generated testcase No. 96 - STOP(5 txs)
2025-09-22 02:49:01,342: [141] m.c.manticore:INFO: Generated testcase No. 97 - STOP(5 txs)
2025-09-22 02:49:01,676: [146] m.c.manticore:INFO: Generated testcase No. 98 - RETURN(5 txs)
2025-09-22 02:49:02,732: [138] m.c.manticore:INFO: Generated testcase No. 99 - RETURN(5 txs)
2025-09-22 02:49:04,654: [142] m.c.manticore:INFO: Generated testcase No. 100 - RETURN(5 txs)
2025-09-22 02:49:04,770: [159] m.c.manticore:INFO: Generated testcase No. 101 - STOP(5 txs)
2025-09-22 02:49:05,599: [152] m.c.manticore:INFO: Generated testcase No. 102 - STOP(5 txs)
2025-09-22 02:49:06,165: [147] m.c.manticore:INFO: Generated testcase No. 103 - RETURN(5 txs)
2025-09-22 02:49:06,488: [139] m.c.manticore:INFO: Generated testcase No. 104 - RETURN(5 txs)
2025-09-22 02:49:07,537: [155] m.c.manticore:INFO: Generated testcase No. 105 - RETURN(5 txs)
2025-09-22 02:49:07,996: [141] m.c.manticore:INFO: Generated testcase No. 106 - STOP(5 txs)
2025-09-22 02:49:09,855: [143] m.c.manticore:INFO: Generated testcase No. 107 - RETURN(5 txs)
2025-09-22 02:49:11,641: [145] m.c.manticore:INFO: Generated testcase No. 108 - RETURN(5 txs)
2025-09-22 02:49:11,902: [142] m.c.manticore:INFO: Generated testcase No. 109 - RETURN(5 txs)
2025-09-22 02:49:14,490: [146] m.c.manticore:INFO: Generated testcase No. 110 - STOP(5 txs)
2025-09-22 02:49:15,062: [159] m.c.manticore:INFO: Generated testcase No. 111 - RETURN(5 txs)
2025-09-22 02:49:16,227: [138] m.c.manticore:INFO: Generated testcase No. 112 - RETURN(5 txs)
2025-09-22 02:49:16,480: [149] m.c.manticore:INFO: Generated testcase No. 113 - STOP(5 txs)
2025-09-22 02:49:18,514: [147] m.c.manticore:INFO: Generated testcase No. 114 - RETURN(5 txs)
2025-09-22 02:49:19,261: [139] m.c.manticore:INFO: Generated testcase No. 115 - RETURN(5 txs)
2025-09-22 02:49:19,655: [142] m.c.manticore:INFO: Generated testcase No. 116 - STOP(5 txs)
2025-09-22 02:49:20,484: [141] m.c.manticore:INFO: Generated testcase No. 117 - STOP(5 txs)
2025-09-22 02:49:22,037: [152] m.c.manticore:INFO: Generated testcase No. 118 - STOP(5 txs)
2025-09-22 02:49:23,146: [138] m.c.manticore:INFO: Generated testcase No. 119 - RETURN(5 txs)
2025-09-22 02:49:23,325: [145] m.c.manticore:INFO: Generated testcase No. 120 - RETURN(5 txs)
2025-09-22 02:49:23,629: [146] m.c.manticore:INFO: Generated testcase No. 121 - RETURN(5 txs)
2025-09-22 02:49:23,905: [143] m.c.manticore:INFO: Generated testcase No. 122 - STOP(5 txs)
2025-09-22 02:49:24,196: [149] m.c.manticore:INFO: Generated testcase No. 123 - STOP(5 txs)
2025-09-22 02:49:25,291: [155] m.c.manticore:INFO: Generated testcase No. 124 - STOP(5 txs)
2025-09-22 02:49:26,242: [159] m.c.manticore:INFO: Generated testcase No. 125 - RETURN(5 txs)
2025-09-22 02:49:27,175: [139] m.c.manticore:INFO: Generated testcase No. 126 - RETURN(5 txs)
2025-09-22 02:49:28,038: [142] m.c.manticore:INFO: Generated testcase No. 127 - STOP(5 txs)
2025-09-22 02:49:28,370: [141] m.c.manticore:INFO: Generated testcase No. 128 - STOP(5 txs)
2025-09-22 02:49:28,768: [152] m.c.manticore:INFO: Generated testcase No. 129 - STOP(5 txs)
2025-09-22 02:49:29,753: [143] m.c.manticore:INFO: Generated testcase No. 130 - STOP(5 txs)
2025-09-22 02:49:33,414: [155] m.c.manticore:INFO: Generated testcase No. 131 - RETURN(5 txs)
2025-09-22 02:49:33,756: [147] m.c.manticore:INFO: Generated testcase No. 132 - STOP(5 txs)
2025-09-22 02:49:34,253: [139] m.c.manticore:INFO: Generated testcase No. 133 - RETURN(5 txs)
2025-09-22 02:49:35,103: [146] m.c.manticore:INFO: Generated testcase No. 134 - STOP(5 txs)
2025-09-22 02:49:35,545: [138] m.c.manticore:INFO: Generated testcase No. 135 - STOP(5 txs)
2025-09-22 02:49:35,752: [145] m.c.manticore:INFO: Generated testcase No. 136 - RETURN(5 txs)
2025-09-22 02:49:36,361: [159] m.c.manticore:INFO: Generated testcase No. 137 - STOP(5 txs)
2025-09-22 02:49:37,179: [143] m.c.manticore:INFO: Generated testcase No. 139 - RETURN(5 txs)
2025-09-22 02:49:37,180: [141] m.c.manticore:INFO: Generated testcase No. 138 - STOP(5 txs)
2025-09-22 02:49:37,514: [152] m.c.manticore:INFO: Generated testcase No. 140 - RETURN(5 txs)
2025-09-22 02:49:37,625: [149] m.c.manticore:INFO: Generated testcase No. 141 - RETURN(5 txs)
2025-09-22 02:49:37,989: [142] m.c.manticore:INFO: Generated testcase No. 142 - RETURN(5 txs)
2025-09-22 02:49:42,984: [138] m.c.manticore:INFO: Generated testcase No. 143 - STOP(5 txs)
2025-09-22 02:49:43,925: [146] m.c.manticore:INFO: Generated testcase No. 144 - RETURN(5 txs)
2025-09-22 02:49:44,258: [159] m.c.manticore:INFO: Generated testcase No. 145 - STOP(5 txs)
2025-09-22 02:49:45,674: [143] m.c.manticore:INFO: Generated testcase No. 146 - STOP(5 txs)
2025-09-22 02:49:45,933: [145] m.c.manticore:INFO: Generated testcase No. 147 - STOP(5 txs)
2025-09-22 02:49:46,828: [147] m.c.manticore:INFO: Generated testcase No. 148 - STOP(5 txs)
2025-09-22 02:49:48,451: [139] m.c.manticore:INFO: Generated testcase No. 149 - REVERT(1 txs)
2025-09-22 02:49:48,750: [155] m.c.manticore:INFO: Generated testcase No. 150 - REVERT(2 txs)
2025-09-22 02:49:49,021: [139] m.c.manticore:INFO: Generated testcase No. 151 - REVERT(2 txs)
2025-09-22 02:49:49,450: [141] m.c.manticore:INFO: Generated testcase No. 152 - REVERT(2 txs)
2025-09-22 02:49:52,873: [155] m.c.manticore:INFO: Generated testcase No. 153 - REVERT(2 txs)
2025-09-22 02:49:53,375: [139] m.c.manticore:INFO: Generated testcase No. 154 - REVERT(2 txs)
2025-09-22 02:49:53,420: [143] m.c.manticore:INFO: Generated testcase No. 155 - REVERT(2 txs)
2025-09-22 02:49:53,575: [146] m.c.manticore:INFO: Generated testcase No. 156 - REVERT(2 txs)
2025-09-22 02:49:54,034: [142] m.c.manticore:INFO: Generated testcase No. 157 - REVERT(2 txs)
2025-09-22 02:49:54,311: [141] m.c.manticore:INFO: Generated testcase No. 158 - REVERT(3 txs)
2025-09-22 02:49:55,028: [152] m.c.manticore:INFO: Generated testcase No. 159 - REVERT(3 txs)
2025-09-22 02:49:55,314: [149] m.c.manticore:INFO: Generated testcase No. 160 - REVERT(3 txs)
2025-09-22 02:49:55,647: [159] m.c.manticore:INFO: Generated testcase No. 161 - REVERT(3 txs)
2025-09-22 02:49:55,774: [138] m.c.manticore:INFO: Generated testcase No. 162 - REVERT(3 txs)
2025-09-22 02:49:56,804: [143] m.c.manticore:INFO: Generated testcase No. 163 - REVERT(3 txs)
2025-09-22 02:49:56,812: [146] m.c.manticore:INFO: Generated testcase No. 164 - REVERT(3 txs)
2025-09-22 02:49:56,886: [139] m.c.manticore:INFO: Generated testcase No. 165 - REVERT(3 txs)
2025-09-22 02:49:56,904: [147] m.c.manticore:INFO: Generated testcase No. 166 - REVERT(3 txs)
2025-09-22 02:49:57,376: [145] m.c.manticore:INFO: Generated testcase No. 167 - REVERT(3 txs)
2025-09-22 02:49:57,463: [155] m.c.manticore:INFO: Generated testcase No. 168 - REVERT(3 txs)
2025-09-22 02:49:57,975: [142] m.c.manticore:INFO: Generated testcase No. 169 - REVERT(3 txs)
2025-09-22 02:49:58,944: [141] m.c.manticore:INFO: Generated testcase No. 170 - REVERT(3 txs)
2025-09-22 02:49:59,518: [149] m.c.manticore:INFO: Generated testcase No. 171 - REVERT(3 txs)
2025-09-22 02:49:59,857: [152] m.c.manticore:INFO: Generated testcase No. 172 - REVERT(3 txs)
2025-09-22 02:49:59,913: [138] m.c.manticore:INFO: Generated testcase No. 173 - REVERT(3 txs)
2025-09-22 02:50:00,309: [159] m.c.manticore:INFO: Generated testcase No. 174 - REVERT(3 txs)
2025-09-22 02:50:01,297: [146] m.c.manticore:INFO: Generated testcase No. 175 - REVERT(3 txs)
2025-09-22 02:50:01,677: [147] m.c.manticore:INFO: Generated testcase No. 176 - REVERT(3 txs)
2025-09-22 02:50:01,756: [139] m.c.manticore:INFO: Generated testcase No. 177 - REVERT(3 txs)
2025-09-22 02:50:02,042: [145] m.c.manticore:INFO: Generated testcase No. 178 - REVERT(3 txs)
2025-09-22 02:50:02,107: [155] m.c.manticore:INFO: Generated testcase No. 179 - REVERT(3 txs)
2025-09-22 02:50:02,928: [143] m.c.manticore:INFO: Generated testcase No. 180 - REVERT(3 txs)
2025-09-22 02:50:03,808: [142] m.c.manticore:INFO: Generated testcase No. 181 - REVERT(4 txs)
2025-09-22 02:50:04,456: [141] m.c.manticore:INFO: Generated testcase No. 182 - REVERT(4 txs)
2025-09-22 02:50:05,611: [138] m.c.manticore:INFO: Generated testcase No. 183 - REVERT(4 txs)
2025-09-22 02:50:05,737: [149] m.c.manticore:INFO: Generated testcase No. 184 - REVERT(4 txs)
2025-09-22 02:50:05,841: [152] m.c.manticore:INFO: Generated testcase No. 185 - REVERT(4 txs)
2025-09-22 02:50:06,886: [159] m.c.manticore:INFO: Generated testcase No. 186 - REVERT(4 txs)
2025-09-22 02:50:07,121: [147] m.c.manticore:INFO: Generated testcase No. 187 - REVERT(4 txs)
2025-09-22 02:50:07,282: [146] m.c.manticore:INFO: Generated testcase No. 188 - REVERT(4 txs)
2025-09-22 02:50:07,479: [139] m.c.manticore:INFO: Generated testcase No. 189 - REVERT(4 txs)
2025-09-22 02:50:07,484: [143] m.c.manticore:INFO: Generated testcase No. 190 - REVERT(4 txs)
2025-09-22 02:50:07,614: [155] m.c.manticore:INFO: Generated testcase No. 191 - REVERT(4 txs)
2025-09-22 02:50:07,993: [145] m.c.manticore:INFO: Generated testcase No. 192 - REVERT(4 txs)
2025-09-22 02:50:09,293: [141] m.c.manticore:INFO: Generated testcase No. 193 - REVERT(4 txs)
2025-09-22 02:50:09,793: [149] m.c.manticore:INFO: Generated testcase No. 194 - REVERT(4 txs)
2025-09-22 02:50:10,020: [152] m.c.manticore:INFO: Generated testcase No. 195 - REVERT(4 txs)
2025-09-22 02:50:12,846: [159] m.c.manticore:INFO: Generated testcase No. 196 - REVERT(4 txs)
2025-09-22 02:50:12,900: [147] m.c.manticore:INFO: Generated testcase No. 197 - REVERT(4 txs)
2025-09-22 02:50:13,169: [139] m.c.manticore:INFO: Generated testcase No. 198 - REVERT(4 txs)
2025-09-22 02:50:13,828: [155] m.c.manticore:INFO: Generated testcase No. 199 - REVERT(4 txs)
2025-09-22 02:50:14,017: [146] m.c.manticore:INFO: Generated testcase No. 200 - REVERT(4 txs)
2025-09-22 02:50:14,091: [143] m.c.manticore:INFO: Generated testcase No. 201 - REVERT(4 txs)
2025-09-22 02:50:14,427: [145] m.c.manticore:INFO: Generated testcase No. 202 - REVERT(4 txs)
2025-09-22 02:50:14,502: [142] m.c.manticore:INFO: Generated testcase No. 203 - REVERT(4 txs)
2025-09-22 02:50:15,596: [138] m.c.manticore:INFO: Generated testcase No. 204 - REVERT(4 txs)
2025-09-22 02:50:16,100: [141] m.c.manticore:INFO: Generated testcase No. 205 - REVERT(4 txs)
2025-09-22 02:50:16,717: [149] m.c.manticore:INFO: Generated testcase No. 206 - REVERT(4 txs)
2025-09-22 02:50:16,803: [152] m.c.manticore:INFO: Generated testcase No. 207 - REVERT(4 txs)
2025-09-22 02:50:18,198: [147] m.c.manticore:INFO: Generated testcase No. 208 - REVERT(4 txs)
2025-09-22 02:50:18,532: [139] m.c.manticore:INFO: Generated testcase No. 209 - REVERT(4 txs)
2025-09-22 02:50:18,895: [146] m.c.manticore:INFO: Generated testcase No. 211 - REVERT(4 txs)
2025-09-22 02:50:18,941: [155] m.c.manticore:INFO: Generated testcase No. 210 - REVERT(4 txs)
2025-09-22 02:50:19,148: [142] m.c.manticore:INFO: Generated testcase No. 212 - REVERT(4 txs)
2025-09-22 02:50:19,836: [143] m.c.manticore:INFO: Generated testcase No. 213 - REVERT(4 txs)
2025-09-22 02:50:20,107: [145] m.c.manticore:INFO: Generated testcase No. 214 - REVERT(4 txs)
2025-09-22 02:50:21,141: [138] m.c.manticore:INFO: Generated testcase No. 215 - REVERT(4 txs)
2025-09-22 02:50:22,108: [141] m.c.manticore:INFO: Generated testcase No. 216 - REVERT(4 txs)
2025-09-22 02:50:23,856: [152] m.c.manticore:INFO: Generated testcase No. 217 - REVERT(4 txs)
2025-09-22 02:50:23,908: [159] m.c.manticore:INFO: Generated testcase No. 218 - REVERT(4 txs)
2025-09-22 02:50:24,323: [147] m.c.manticore:INFO: Generated testcase No. 219 - REVERT(4 txs)
2025-09-22 02:50:25,086: [142] m.c.manticore:INFO: Generated testcase No. 220 - REVERT(4 txs)
2025-09-22 02:50:25,208: [139] m.c.manticore:INFO: Generated testcase No. 221 - REVERT(4 txs)
2025-09-22 02:50:25,236: [149] m.c.manticore:INFO: Generated testcase No. 222 - REVERT(4 txs)
2025-09-22 02:50:25,446: [146] m.c.manticore:INFO: Generated testcase No. 223 - REVERT(4 txs)
2025-09-22 02:50:25,798: [155] m.c.manticore:INFO: Generated testcase No. 224 - REVERT(4 txs)
2025-09-22 02:50:26,975: [138] m.c.manticore:INFO: Generated testcase No. 225 - REVERT(4 txs)
2025-09-22 02:50:27,028: [145] m.c.manticore:INFO: Generated testcase No. 226 - REVERT(4 txs)
2025-09-22 02:50:27,307: [143] m.c.manticore:INFO: Generated testcase No. 227 - REVERT(4 txs)
2025-09-22 02:50:28,800: [141] m.c.manticore:INFO: Generated testcase No. 228 - REVERT(4 txs)
2025-09-22 02:50:29,255: [159] m.c.manticore:INFO: Generated testcase No. 229 - REVERT(4 txs)
2025-09-22 02:50:29,828: [152] m.c.manticore:INFO: Generated testcase No. 230 - REVERT(4 txs)
2025-09-22 02:50:29,844: [149] m.c.manticore:INFO: Generated testcase No. 231 - REVERT(4 txs)
2025-09-22 02:50:32,122: [142] m.c.manticore:INFO: Generated testcase No. 232 - REVERT(4 txs)
2025-09-22 02:50:32,425: [155] m.c.manticore:INFO: Generated testcase No. 233 - REVERT(4 txs)
2025-09-22 02:50:32,853: [147] m.c.manticore:INFO: Generated testcase No. 234 - REVERT(4 txs)
2025-09-22 02:50:33,129: [146] m.c.manticore:INFO: Generated testcase No. 235 - REVERT(4 txs)
2025-09-22 02:50:34,782: [143] m.c.manticore:INFO: Generated testcase No. 236 - REVERT(4 txs)
2025-09-22 02:50:35,444: [139] m.c.manticore:INFO: Generated testcase No. 237 - REVERT(4 txs)
2025-09-22 02:50:36,310: [141] m.c.manticore:INFO: Generated testcase No. 238 - REVERT(4 txs)
2025-09-22 02:50:36,420: [159] m.c.manticore:INFO: Generated testcase No. 239 - REVERT(4 txs)
2025-09-22 02:50:37,541: [142] m.c.manticore:INFO: Generated testcase No. 240 - REVERT(4 txs)
2025-09-22 02:50:37,760: [155] m.c.manticore:INFO: Generated testcase No. 241 - REVERT(4 txs)
2025-09-22 02:50:37,835: [145] m.c.manticore:INFO: Generated testcase No. 242 - REVERT(4 txs)
2025-09-22 02:50:38,025: [152] m.c.manticore:INFO: Generated testcase No. 243 - REVERT(4 txs)
2025-09-22 02:50:38,199: [138] m.c.manticore:INFO: Generated testcase No. 244 - REVERT(4 txs)
2025-09-22 02:50:38,264: [147] m.c.manticore:INFO: Generated testcase No. 245 - REVERT(4 txs)
2025-09-22 02:50:38,758: [146] m.c.manticore:INFO: Generated testcase No. 246 - REVERT(4 txs)
2025-09-22 02:50:39,671: [149] m.c.manticore:INFO: Generated testcase No. 247 - REVERT(4 txs)
2025-09-22 02:50:40,174: [143] m.c.manticore:INFO: Generated testcase No. 248 - REVERT(4 txs)
2025-09-22 02:50:40,413: [139] m.c.manticore:INFO: Generated testcase No. 249 - REVERT(4 txs)
2025-09-22 02:50:43,008: [159] m.c.manticore:INFO: Generated testcase No. 250 - REVERT(4 txs)
2025-09-22 02:50:43,217: [141] m.c.manticore:INFO: Generated testcase No. 251 - REVERT(4 txs)
2025-09-22 02:50:44,467: [145] m.c.manticore:INFO: Generated testcase No. 252 - REVERT(4 txs)
2025-09-22 02:50:44,815: [147] m.c.manticore:INFO: Generated testcase No. 253 - REVERT(5 txs)
2025-09-22 02:50:45,030: [138] m.c.manticore:INFO: Generated testcase No. 254 - REVERT(4 txs)
2025-09-22 02:50:45,055: [142] m.c.manticore:INFO: Generated testcase No. 255 - REVERT(4 txs)
2025-09-22 02:50:45,087: [152] m.c.manticore:INFO: Generated testcase No. 256 - REVERT(5 txs)
2025-09-22 02:50:45,946: [149] m.c.manticore:INFO: Generated testcase No. 257 - REVERT(5 txs)
2025-09-22 02:50:46,017: [146] m.c.manticore:INFO: Generated testcase No. 258 - REVERT(5 txs)
2025-09-22 02:50:46,794: [143] m.c.manticore:INFO: Generated testcase No. 259 - REVERT(5 txs)
2025-09-22 02:50:47,457: [139] m.c.manticore:INFO: Generated testcase No. 260 - REVERT(5 txs)
2025-09-22 02:50:48,093: [159] m.c.manticore:INFO: Generated testcase No. 261 - REVERT(5 txs)
2025-09-22 02:50:48,150: [141] m.c.manticore:INFO: Generated testcase No. 262 - REVERT(5 txs)
2025-09-22 02:50:48,843: [155] m.c.manticore:INFO: Generated testcase No. 263 - REVERT(5 txs)
2025-09-22 02:50:53,044: [145] m.c.manticore:INFO: Generated testcase No. 264 - REVERT(5 txs)
2025-09-22 02:50:53,478: [147] m.c.manticore:INFO: Generated testcase No. 265 - REVERT(5 txs)
2025-09-22 02:50:54,013: [142] m.c.manticore:INFO: Generated testcase No. 266 - REVERT(5 txs)
2025-09-22 02:50:54,401: [149] m.c.manticore:INFO: Generated testcase No. 267 - REVERT(5 txs)
2025-09-22 02:50:54,974: [138] m.c.manticore:INFO: Generated testcase No. 268 - REVERT(5 txs)
2025-09-22 02:50:55,194: [141] m.c.manticore:INFO: Generated testcase No. 269 - REVERT(5 txs)
2025-09-22 02:50:55,232: [139] m.c.manticore:INFO: Generated testcase No. 271 - REVERT(5 txs)
2025-09-22 02:50:55,288: [159] m.c.manticore:INFO: Generated testcase No. 270 - REVERT(5 txs)
2025-09-22 02:50:56,290: [146] m.c.manticore:INFO: Generated testcase No. 272 - REVERT(5 txs)
2025-09-22 02:50:56,342: [155] m.c.manticore:INFO: Generated testcase No. 273 - REVERT(5 txs)
2025-09-22 02:50:56,880: [152] m.c.manticore:INFO: Generated testcase No. 274 - REVERT(5 txs)
2025-09-22 02:50:57,549: [143] m.c.manticore:INFO: Generated testcase No. 275 - REVERT(5 txs)
2025-09-22 02:50:59,697: [141] m.c.manticore:INFO: Generated testcase No. 276 - REVERT(5 txs)
2025-09-22 02:51:00,420: [147] m.c.manticore:INFO: Generated testcase No. 277 - REVERT(5 txs)
2025-09-22 02:51:01,949: [139] m.c.manticore:INFO: Generated testcase No. 278 - REVERT(5 txs)
2025-09-22 02:51:02,172: [138] m.c.manticore:INFO: Generated testcase No. 279 - REVERT(5 txs)
2025-09-22 02:51:02,291: [149] m.c.manticore:INFO: Generated testcase No. 280 - REVERT(5 txs)
2025-09-22 02:51:03,544: [155] m.c.manticore:INFO: Generated testcase No. 281 - REVERT(5 txs)
2025-09-22 02:51:04,016: [146] m.c.manticore:INFO: Generated testcase No. 282 - REVERT(5 txs)
2025-09-22 02:51:04,259: [152] m.c.manticore:INFO: Generated testcase No. 283 - REVERT(5 txs)
2025-09-22 02:51:04,838: [142] m.c.manticore:INFO: Generated testcase No. 284 - REVERT(5 txs)
2025-09-22 02:51:05,076: [145] m.c.manticore:INFO: Generated testcase No. 285 - REVERT(5 txs)
2025-09-22 02:51:05,730: [143] m.c.manticore:INFO: Generated testcase No. 286 - REVERT(5 txs)
2025-09-22 02:51:07,142: [159] m.c.manticore:INFO: Generated testcase No. 287 - REVERT(5 txs)
2025-09-22 02:51:07,909: [147] m.c.manticore:INFO: Generated testcase No. 288 - REVERT(5 txs)
2025-09-22 02:51:08,020: [141] m.c.manticore:INFO: Generated testcase No. 289 - REVERT(5 txs)
2025-09-22 02:51:08,501: [138] m.c.manticore:INFO: Generated testcase No. 290 - REVERT(5 txs)
2025-09-22 02:51:10,576: [155] m.c.manticore:INFO: Generated testcase No. 291 - REVERT(5 txs)
2025-09-22 02:51:12,380: [139] m.c.manticore:INFO: Generated testcase No. 292 - REVERT(5 txs)
2025-09-22 02:51:13,470: [149] m.c.manticore:INFO: Generated testcase No. 293 - REVERT(5 txs)
2025-09-22 02:51:15,162: [147] m.c.manticore:INFO: Generated testcase No. 294 - REVERT(5 txs)
2025-09-22 02:51:15,881: [159] m.c.manticore:INFO: Generated testcase No. 295 - REVERT(5 txs)
2025-09-22 02:51:15,997: [142] m.c.manticore:INFO: Generated testcase No. 296 - REVERT(5 txs)
2025-09-22 02:51:16,262: [138] m.c.manticore:INFO: Generated testcase No. 297 - REVERT(5 txs)
2025-09-22 02:51:16,881: [152] m.c.manticore:INFO: Generated testcase No. 298 - REVERT(5 txs)
2025-09-22 02:51:17,149: [145] m.c.manticore:INFO: Generated testcase No. 299 - REVERT(5 txs)
2025-09-22 02:51:17,326: [146] m.c.manticore:INFO: Generated testcase No. 300 - REVERT(5 txs)
2025-09-22 02:51:19,884: [143] m.c.manticore:INFO: Generated testcase No. 301 - REVERT(5 txs)
2025-09-22 02:51:20,206: [141] m.c.manticore:INFO: Generated testcase No. 302 - REVERT(5 txs)
2025-09-22 02:51:23,501: [159] m.c.manticore:INFO: Generated testcase No. 303 - REVERT(5 txs)
2025-09-22 02:51:24,147: [138] m.c.manticore:INFO: Generated testcase No. 304 - REVERT(5 txs)
2025-09-22 02:51:24,352: [145] m.c.manticore:INFO: Generated testcase No. 305 - REVERT(5 txs)
2025-09-22 02:51:25,433: [146] m.c.manticore:INFO: Generated testcase No. 306 - REVERT(5 txs)
2025-09-22 02:51:25,842: [155] m.c.manticore:INFO: Generated testcase No. 307 - REVERT(5 txs)
2025-09-22 02:51:26,720: [147] m.c.manticore:INFO: Generated testcase No. 308 - REVERT(5 txs)
2025-09-22 02:51:27,281: [143] m.c.manticore:INFO: Generated testcase No. 309 - REVERT(5 txs)
2025-09-22 02:51:28,258: [149] m.c.manticore:INFO: Generated testcase No. 310 - REVERT(5 txs)
2025-09-22 02:51:28,615: [139] m.c.manticore:INFO: Generated testcase No. 311 - REVERT(5 txs)
2025-09-22 02:51:28,625: [142] m.c.manticore:INFO: Generated testcase No. 312 - REVERT(5 txs)
2025-09-22 02:51:29,473: [152] m.c.manticore:INFO: Generated testcase No. 313 - REVERT(5 txs)
2025-09-22 02:51:30,238: [138] m.c.manticore:INFO: Generated testcase No. 314 - REVERT(5 txs)
2025-09-22 02:51:32,193: [141] m.c.manticore:INFO: Generated testcase No. 315 - REVERT(5 txs)
2025-09-22 02:51:34,457: [155] m.c.manticore:INFO: Generated testcase No. 316 - REVERT(5 txs)
2025-09-22 02:51:35,708: [142] m.c.manticore:INFO: Generated testcase No. 317 - REVERT(5 txs)
2025-09-22 02:51:35,880: [145] m.c.manticore:INFO: Generated testcase No. 318 - REVERT(5 txs)
2025-09-22 02:51:35,925: [149] m.c.manticore:INFO: Generated testcase No. 319 - REVERT(5 txs)
2025-09-22 02:51:37,305: [138] m.c.manticore:INFO: Generated testcase No. 320 - REVERT(5 txs)
2025-09-22 02:51:37,457: [159] m.c.manticore:INFO: Generated testcase No. 321 - REVERT(5 txs)
2025-09-22 02:51:38,717: [147] m.c.manticore:INFO: Generated testcase No. 322 - REVERT(5 txs)
2025-09-22 02:51:38,728: [143] m.c.manticore:INFO: Generated testcase No. 323 - REVERT(5 txs)
2025-09-22 02:51:38,997: [141] m.c.manticore:INFO: Generated testcase No. 324 - REVERT(5 txs)
2025-09-22 02:51:40,137: [146] m.c.manticore:INFO: Generated testcase No. 325 - REVERT(5 txs)
2025-09-22 02:51:40,315: [155] m.c.manticore:INFO: Generated testcase No. 326 - REVERT(5 txs)
2025-09-22 02:51:41,490: [152] m.c.manticore:INFO: Generated testcase No. 327 - REVERT(5 txs)
2025-09-22 02:51:42,751: [142] m.c.manticore:INFO: Generated testcase No. 328 - REVERT(5 txs)
2025-09-22 02:51:44,301: [149] m.c.manticore:INFO: Generated testcase No. 329 - REVERT(5 txs)
2025-09-22 02:51:46,074: [139] m.c.manticore:INFO: Generated testcase No. 330 - REVERT(5 txs)
2025-09-22 02:51:46,136: [141] m.c.manticore:INFO: Generated testcase No. 331 - REVERT(5 txs)
2025-09-22 02:51:46,591: [147] m.c.manticore:INFO: Generated testcase No. 332 - REVERT(5 txs)
2025-09-22 02:51:47,759: [146] m.c.manticore:INFO: Generated testcase No. 333 - REVERT(5 txs)
2025-09-22 02:51:48,650: [152] m.c.manticore:INFO: Generated testcase No. 334 - REVERT(5 txs)
2025-09-22 02:51:49,091: [143] m.c.manticore:INFO: Generated testcase No. 335 - REVERT(5 txs)
2025-09-22 02:51:49,799: [142] m.c.manticore:INFO: Generated testcase No. 336 - REVERT(5 txs)
2025-09-22 02:51:49,872: [138] m.c.manticore:INFO: Generated testcase No. 337 - REVERT(5 txs)
2025-09-22 02:51:50,524: [159] m.c.manticore:INFO: Generated testcase No. 338 - REVERT(5 txs)
2025-09-22 02:51:51,024: [145] m.c.manticore:INFO: Generated testcase No. 339 - REVERT(5 txs)
2025-09-22 02:51:51,300: [149] m.c.manticore:INFO: Generated testcase No. 340 - REVERT(5 txs)
2025-09-22 02:51:51,870: [155] m.c.manticore:INFO: Generated testcase No. 341 - REVERT(5 txs)
2025-09-22 02:51:53,601: [141] m.c.manticore:INFO: Generated testcase No. 342 - REVERT(5 txs)
2025-09-22 02:51:54,687: [139] m.c.manticore:INFO: Generated testcase No. 343 - REVERT(5 txs)
2025-09-22 02:51:57,078: [138] m.c.manticore:INFO: Generated testcase No. 344 - REVERT(5 txs)
2025-09-22 02:51:57,136: [143] m.c.manticore:INFO: Generated testcase No. 345 - REVERT(5 txs)
2025-09-22 02:51:58,403: [155] m.c.manticore:INFO: Generated testcase No. 346 - REVERT(5 txs)
2025-09-22 02:51:58,484: [147] m.c.manticore:INFO: Generated testcase No. 347 - REVERT(5 txs)
2025-09-22 02:52:00,600: [149] m.c.manticore:INFO: Generated testcase No. 348 - REVERT(5 txs)
2025-09-22 02:52:00,866: [159] m.c.manticore:INFO: Generated testcase No. 349 - REVERT(5 txs)
2025-09-22 02:52:01,085: [145] m.c.manticore:INFO: Generated testcase No. 350 - REVERT(5 txs)
2025-09-22 02:52:01,774: [152] m.c.manticore:INFO: Generated testcase No. 352 - REVERT(5 txs)
2025-09-22 02:52:01,795: [139] m.c.manticore:INFO: Generated testcase No. 351 - REVERT(5 txs)
2025-09-22 02:52:03,821: [146] m.c.manticore:INFO: Generated testcase No. 353 - REVERT(5 txs)
2025-09-22 02:52:03,842: [142] m.c.manticore:INFO: Generated testcase No. 354 - REVERT(5 txs)
2025-09-22 02:52:05,162: [143] m.c.manticore:INFO: Generated testcase No. 355 - REVERT(5 txs)
2025-09-22 02:52:05,360: [138] m.c.manticore:INFO: Generated testcase No. 356 - REVERT(5 txs)
2025-09-22 02:52:06,018: [155] m.c.manticore:INFO: Generated testcase No. 357 - REVERT(5 txs)
2025-09-22 02:52:07,207: [147] m.c.manticore:INFO: Generated testcase No. 358 - REVERT(5 txs)
2025-09-22 02:52:09,345: [145] m.c.manticore:INFO: Generated testcase No. 359 - REVERT(5 txs)
2025-09-22 02:52:09,698: [159] m.c.manticore:INFO: Generated testcase No. 360 - REVERT(5 txs)
2025-09-22 02:52:10,658: [146] m.c.manticore:INFO: Generated testcase No. 361 - REVERT(5 txs)
2025-09-22 02:52:10,740: [141] m.c.manticore:INFO: Generated testcase No. 362 - REVERT(5 txs)
2025-09-22 02:52:10,883: [142] m.c.manticore:INFO: Generated testcase No. 363 - REVERT(5 txs)
