Extract contract Lottery from /sb/lottery.sol
Extracted 1 contract(s) from /sb/lottery.sol
[0;32m> Created "fuzzMe"[0m
[0;32m> To fuzz contracts:[0m
  chmod +x fuzzMe
  ./fuzzMe
contracts/Lottery.sol:24:6: Warning: Defining constructors as functions with the same name as the contract is deprecated. Use "constructor(...) { ... }" instead.
     function Lottery() {
     ^ (Relevant source part starts here and spans across multiple lines).
contracts/Lottery.sol:30:10: Warning: "throw" is deprecated in favour of "revert()", "require()" and "assert()".
         throw;
         ^---^
contracts/Lottery.sol:48:18: Warning: "throw" is deprecated in favour of "revert()", "require()" and "assert()".
                 throw;
                 ^---^
contracts/Lottery.sol:55:40: Warning: "throw" is deprecated in favour of "revert()", "require()" and "assert()".
         if(msg.sender != organizer) { throw; }
                                       ^---^
contracts/Lottery.sol:64:40: Warning: "throw" is deprecated in favour of "revert()", "require()" and "assert()".
         if(msg.sender != organizer) { throw; }
                                       ^---^
contracts/Lottery.sol:58:14: Warning: Invoking events without "emit" prefix is deprecated.
             GetBet(bets[i].betAmount, bets[i].blockNumber, bets[i].won);
             ^---------------------------------------------------------^
contracts/Lottery.sol:66:10: Warning: "suicide" has been deprecated in favour of "selfdestruct"
         suicide(organizer);
         ^----------------^
contracts/Lottery.sol:24:6: Warning: No visibility specified. Defaulting to "public". 
     function Lottery() {
     ^ (Relevant source part starts here and spans across multiple lines).
contracts/Lottery.sol:29:6: Warning: No visibility specified. Defaulting to "public". 
     function() {
     ^ (Relevant source part starts here and spans across multiple lines).
contracts/Lottery.sol:34:6: Warning: No visibility specified. Defaulting to "public". 
     function makeBet() {
     ^ (Relevant source part starts here and spans across multiple lines).
contracts/Lottery.sol:42:24: Warning: "msg.value" used in non-payable function. Do you want to add the "payable" modifier to this function?
         bets.push(Bet(msg.value, block.number, won));
                       ^-------^
contracts/Lottery.sol:46:34: Warning: "msg.value" used in non-payable function. Do you want to add the "payable" modifier to this function?
             if(!msg.sender.send(msg.value)) {
                                 ^-------^
contracts/Lottery.sol:54:6: Warning: No visibility specified. Defaulting to "public". 
     function getBets() {
     ^ (Relevant source part starts here and spans across multiple lines).
contracts/Lottery.sol:63:6: Warning: No visibility specified. Defaulting to "public". 
     function destroy() {
     ^ (Relevant source part starts here and spans across multiple lines).
assets/NormalAttacker.sol:5:3: Warning: No visibility specified. Defaulting to "public". 
  function() payable {
  ^ (Relevant source part starts here and spans across multiple lines).
assets/ReentrancyAttacker.sol:8:7: Warning: Return value of low-level calls not used.
      msg.sender.call(bytes4(255));
      ^--------------------------^
assets/ReentrancyAttacker.sol:5:3: Warning: No visibility specified. Defaulting to "public". 
  function() payable {
  ^ (Relevant source part starts here and spans across multiple lines).
>> Fuzz Lottery
** Write stats: 0.01409
** Write stats: 5.00009
** Write stats: 10.0002
** Write stats: 15.0001
** Write stats: 20.0001
** Write stats: 25.003
** Write stats: 30.0001
** Write stats: 35.0002
** Write stats: 40.0001
** Write stats: 45.0001
** Write stats: 50
** Write stats: 55.0141
** Write stats: 60.0544
** Write stats: 65.0596
** Write stats: 70.0268
** Write stats: 75.1242
** Write stats: 85.008
** Write stats: 90.0695
** Write stats: 95.0827
** Write stats: 100.005
** Write stats: 105.039
** Write stats: 110.102
** Write stats: 115.27
** Write stats: 120.189
** Write stats: 125.086
** Write stats: 130.193
** Write stats: 135.144
** Write stats: 140.047
** Write stats: 145.153
** Write stats: 150.18
** Write stats: 155.116
** Write stats: 160.356
** Write stats: 165.356
** Write stats: 170.216
** Write stats: 175.279
** Write stats: 180.387
** Write stats: 185.377
** Write stats: 190.339
./fuzzMe: line 5:    21 Killed                  ./fuzzer --file contracts/Lottery.sol.json --name Lottery --assets assets/ --duration 898 --mode 1 --reporter 1 --log 0 --attacker ReentrancyAttacker
