METRICS: Using configs from the Registry (like --config=p/ci) reports pseudonymous rule metrics to semgrep.dev.
To disable Registry rule metrics, use "--metrics=off".
Using configs only from local files (like --config=xyz.yml) does not enable metrics.

More information: https://semgrep.dev/docs/metrics

               
               
┌─────────────┐
│ Scan Status │
└─────────────┘
  Scanning 1 file tracked by git with 48 Code rules:
  Scanning 1 file with 48 solidity rules.
                   
                   
┌─────────────────┐
│ 7 Code Findings │
└─────────────────┘
                    
    /sb/lottery.sol 
       solidity.performance.array-length-outside-loop                           
          Caching the array length outside a loop saves reading it on each      
  iteration, as long as the                                                     
          array's length is not changed during the loop.                        
                                                                                
           57┆ for (uint i = 0; i < bets.length; i++) {
            ⋮┆----------------------------------------
       solidity.performance.state-variable-read-in-a-loop                       
          Replace state variable reads and writes within loops with local       
  variable reads and writes.                                                    
                                                                                
           57┆ for (uint i = 0; i < bets.length; i++) {
            ⋮┆----------------------------------------
           58┆ GetBet(bets[i].betAmount, bets[i].blockNumber, bets[i].won);
            ⋮┆----------------------------------------
           58┆ GetBet(bets[i].betAmount, bets[i].blockNumber, bets[i].won);
            ⋮┆----------------------------------------
           58┆ GetBet(bets[i].betAmount, bets[i].blockNumber, bets[i].won);
            ⋮┆----------------------------------------
       solidity.performance.unnecessary-checked-arithmetic-in-loop              
          A lot of times there is no risk that the loop counter can overflow.   
  Using Solidity's                                                              
          unchecked block saves the overflow checks.                            
                                                                                
           57┆ for (uint i = 0; i < bets.length; i++) {
            ⋮┆----------------------------------------
       solidity.performance.use-prefix-increment-not-postfix                    
          Consider using the prefix increment expression whenever the return    
  value is not needed. The                                                      
          prefix increment expression is cheaper in terms of gas.               
                                                                                
           57┆ for (uint i = 0; i < bets.length; i++) {

                
                
┌──────────────┐
│ Scan Summary │
└──────────────┘

Ran 48 rules on 1 file: 7 findings.

A new version of Semgrep is available. See https://semgrep.dev/docs/upgrading

Versions prior to 1.76.0 are no longer supported by Semgrep.dev, please upgrade.
