2025-09-19 04:17:00,043: [11] m.main:INFO: Registered plugins: IntrospectionAPIPlugin, DetectInvalid, DetectIntegerOverflow, DetectUninitializedStorage, DetectUninitializedMemory, DetectReentrancySimple, DetectReentrancyAdvanced, DetectUnusedRetVal, DetectSuicidal, DetectDelegatecall, DetectExternalCallAndLeak, DetectEnvInstruction, DetectManipulableBalance
2025-09-19 04:17:00,043: [11] m.main:INFO: Beginning analysis
2025-09-19 04:17:00,045: [11] m.e.manticore:INFO: Starting symbolic create contract
2025-09-19 04:17:01,416: [11] m.e.manticore:INFO: Starting symbolic transaction: 0
2025-09-19 04:17:25,493: [11] m.e.manticore:INFO: 2 alive states, 10 terminated states
2025-09-19 04:17:26,309: [11] m.e.manticore:INFO: Starting symbolic transaction: 1
2025-09-19 04:18:15,075: [11] m.e.manticore:INFO: 4 alive states, 30 terminated states
2025-09-19 04:18:16,160: [108] m.c.manticore:INFO: Generated testcase No. 2 - RETURN(3 txs)
2025-09-19 04:18:16,161: [108] m.c.plugin:WARNING: Caught will_solve in state None, but failed to capture its initialization
2025-09-19 04:18:16,168: [109] m.c.manticore:INFO: Generated testcase No. 1 - RETURN(3 txs)
2025-09-19 04:18:16,173: [109] m.c.plugin:WARNING: Caught will_solve in state None, but failed to capture its initialization
2025-09-19 04:18:16,201: [107] m.c.manticore:INFO: Generated testcase No. 0 - RETURN(3 txs)
2025-09-19 04:18:16,202: [107] m.c.plugin:WARNING: Caught will_solve in state None, but failed to capture its initialization
2025-09-19 04:18:16,227: [110] m.c.manticore:INFO: Generated testcase No. 3 - RETURN(3 txs)
2025-09-19 04:18:16,228: [110] m.c.plugin:WARNING: Caught will_solve in state None, but failed to capture its initialization
2025-09-19 04:18:16,351: [112] m.c.manticore:INFO: Generated testcase No. 6 - REVERT(2 txs)
2025-09-19 04:18:16,348: [111] m.c.manticore:INFO: Generated testcase No. 4 - REVERT(2 txs)
2025-09-19 04:18:16,352: [112] m.c.plugin:WARNING: Caught will_solve in state None, but failed to capture its initialization
2025-09-19 04:18:16,353: [111] m.c.plugin:WARNING: Caught will_solve in state None, but failed to capture its initialization
2025-09-19 04:18:16,393: [113] m.c.manticore:INFO: Generated testcase No. 5 - REVERT(2 txs)
2025-09-19 04:18:16,394: [113] m.c.plugin:WARNING: Caught will_solve in state None, but failed to capture its initialization
2025-09-19 04:18:16,416: [119] m.c.manticore:INFO: Generated testcase No. 8 - REVERT(2 txs)
2025-09-19 04:18:16,417: [119] m.c.plugin:WARNING: Caught will_solve in state None, but failed to capture its initialization
2025-09-19 04:18:16,458: [115] m.c.manticore:INFO: Generated testcase No. 7 - REVERT(2 txs)
2025-09-19 04:18:16,459: [115] m.c.plugin:WARNING: Caught will_solve in state None, but failed to capture its initialization
2025-09-19 04:18:16,505: [124] m.c.manticore:INFO: Generated testcase No. 9 - REVERT(2 txs)
2025-09-19 04:18:16,506: [124] m.c.plugin:WARNING: Caught will_solve in state None, but failed to capture its initialization
2025-09-19 04:18:16,542: [122] m.c.manticore:INFO: Generated testcase No. 10 - REVERT(2 txs)
2025-09-19 04:18:16,543: [122] m.c.plugin:WARNING: Caught will_solve in state None, but failed to capture its initialization
2025-09-19 04:18:16,621: [126] m.c.manticore:INFO: Generated testcase No. 11 - REVERT(2 txs)
2025-09-19 04:18:16,627: [126] m.c.plugin:WARNING: Caught will_solve in state None, but failed to capture its initialization
2025-09-19 04:18:21,380: [119] m.c.manticore:INFO: Generated testcase No. 12 - REVERT(2 txs)
2025-09-19 04:18:21,625: [113] m.c.manticore:INFO: Generated testcase No. 13 - REVERT(2 txs)
2025-09-19 04:18:21,759: [115] m.c.manticore:INFO: Generated testcase No. 14 - REVERT(3 txs)
2025-09-19 04:18:22,043: [126] m.c.manticore:INFO: Generated testcase No. 15 - REVERT(3 txs)
2025-09-19 04:18:22,147: [124] m.c.manticore:INFO: Generated testcase No. 16 - REVERT(3 txs)
2025-09-19 04:18:22,394: [112] m.c.manticore:INFO: Generated testcase No. 17 - REVERT(3 txs)
2025-09-19 04:18:22,642: [110] m.c.manticore:INFO: Generated testcase No. 18 - REVERT(3 txs)
2025-09-19 04:18:22,941: [122] m.c.manticore:INFO: Generated testcase No. 20 - REVERT(3 txs)
2025-09-19 04:18:23,872: [111] m.c.manticore:INFO: Generated testcase No. 19 - REVERT(3 txs)
2025-09-19 04:18:24,883: [109] m.c.manticore:INFO: Generated testcase No. 21 - REVERT(3 txs)
2025-09-19 04:18:26,477: [108] m.c.manticore:INFO: Generated testcase No. 22 - REVERT(3 txs)
2025-09-19 04:18:27,976: [119] m.c.manticore:INFO: Generated testcase No. 23 - REVERT(3 txs)
2025-09-19 04:18:28,604: [113] m.c.manticore:INFO: Generated testcase No. 24 - REVERT(3 txs)
2025-09-19 04:18:29,267: [126] m.c.manticore:INFO: Generated testcase No. 25 - REVERT(3 txs)
2025-09-19 04:18:29,921: [115] m.c.manticore:INFO: Generated testcase No. 27 - REVERT(3 txs)
2025-09-19 04:18:30,178: [110] m.c.manticore:INFO: Generated testcase No. 28 - REVERT(3 txs)
2025-09-19 04:18:30,319: [107] m.c.manticore:INFO: Generated testcase No. 26 - REVERT(3 txs)
2025-09-19 04:18:30,982: [122] m.c.manticore:INFO: Generated testcase No. 29 - REVERT(3 txs)
2025-09-19 04:18:31,674: [109] m.c.manticore:INFO: Generated testcase No. 30 - REVERT(3 txs)
2025-09-19 04:18:32,218: [124] m.c.manticore:INFO: Generated testcase No. 31 - REVERT(3 txs)
2025-09-19 04:18:33,596: [111] m.c.manticore:INFO: Generated testcase No. 32 - REVERT(3 txs)
2025-09-19 04:18:33,678: [112] m.c.manticore:INFO: Generated testcase No. 33 - REVERT(3 txs)
2025-09-19 04:18:43,563: [11] m.c.manticore:INFO: Results in /mcore_p01tgxsp
2025-09-19 04:18:43,563: [11] m.c.manticore:INFO: Total time: 77.16878199577332
2025-09-19 04:18:44,072: [156] m.main:INFO: Registered plugins: IntrospectionAPIPlugin, DetectInvalid, DetectIntegerOverflow, DetectUninitializedStorage, DetectUninitializedMemory, DetectReentrancySimple, DetectReentrancyAdvanced, DetectUnusedRetVal, DetectSuicidal, DetectDelegatecall, DetectExternalCallAndLeak, DetectEnvInstruction, DetectManipulableBalance
2025-09-19 04:18:44,072: [156] m.main:INFO: Beginning analysis
2025-09-19 04:18:44,074: [156] m.e.manticore:INFO: Starting symbolic create contract
2025-09-19 04:18:44,729: [156] m.e.manticore:INFO: Starting symbolic transaction: 0
2025-09-19 04:18:46,702: [156] m.e.manticore:INFO: 2 alive states, 8 terminated states
2025-09-19 04:18:46,915: [156] m.e.manticore:INFO: Starting symbolic transaction: 1
2025-09-19 04:18:51,138: [156] m.e.manticore:INFO: 4 alive states, 22 terminated states
2025-09-19 04:18:51,517: [243] m.c.manticore:INFO: Generated testcase No. 0 - RETURN(3 txs)
2025-09-19 04:18:51,518: [243] m.c.plugin:WARNING: Caught will_solve in state None, but failed to capture its initialization
2025-09-19 04:18:51,533: [248] m.c.manticore:INFO: Generated testcase No. 2 - REVERT(1 txs)
2025-09-19 04:18:51,534: [248] m.c.plugin:WARNING: Caught will_solve in state None, but failed to capture its initialization
2025-09-19 04:18:51,577: [244] m.c.manticore:INFO: Generated testcase No. 1 - RETURN(3 txs)
2025-09-19 04:18:51,582: [244] m.c.plugin:WARNING: Caught will_solve in state None, but failed to capture its initialization
2025-09-19 04:18:51,588: [245] m.c.manticore:INFO: Generated testcase No. 3 - RETURN(3 txs)
2025-09-19 04:18:51,592: [245] m.c.plugin:WARNING: Caught will_solve in state None, but failed to capture its initialization
2025-09-19 04:18:51,618: [260] m.c.manticore:INFO: Generated testcase No. 4 - REVERT(2 txs)
2025-09-19 04:18:51,619: [260] m.c.plugin:WARNING: Caught will_solve in state None, but failed to capture its initialization
2025-09-19 04:18:51,626: [253] m.c.manticore:INFO: Generated testcase No. 5 - REVERT(2 txs)
2025-09-19 04:18:51,627: [253] m.c.plugin:WARNING: Caught will_solve in state None, but failed to capture its initialization
2025-09-19 04:18:51,674: [254] m.c.manticore:INFO: Generated testcase No. 7 - REVERT(2 txs)
2025-09-19 04:18:51,675: [254] m.c.plugin:WARNING: Caught will_solve in state None, but failed to capture its initialization
2025-09-19 04:18:51,676: [247] m.c.manticore:INFO: Generated testcase No. 6 - RETURN(3 txs)
2025-09-19 04:18:51,678: [247] m.c.plugin:WARNING: Caught will_solve in state None, but failed to capture its initialization
2025-09-19 04:18:51,700: [251] m.c.manticore:INFO: Generated testcase No. 9 - REVERT(2 txs)
2025-09-19 04:18:51,701: [250] m.c.manticore:INFO: Generated testcase No. 8 - REVERT(2 txs)
2025-09-19 04:18:51,702: [250] m.c.plugin:WARNING: Caught will_solve in state None, but failed to capture its initialization
2025-09-19 04:18:51,705: [251] m.c.plugin:WARNING: Caught will_solve in state None, but failed to capture its initialization
2025-09-19 04:18:51,770: [259] m.c.manticore:INFO: Generated testcase No. 10 - REVERT(2 txs)
2025-09-19 04:18:51,772: [259] m.c.plugin:WARNING: Caught will_solve in state None, but failed to capture its initialization
2025-09-19 04:18:52,002: [248] m.c.manticore:INFO: Generated testcase No. 11 - REVERT(2 txs)
2025-09-19 04:18:54,337: [253] m.c.manticore:INFO: Generated testcase No. 12 - REVERT(3 txs)
2025-09-19 04:18:54,363: [259] m.c.manticore:INFO: Generated testcase No. 13 - REVERT(3 txs)
2025-09-19 04:18:54,374: [251] m.c.manticore:INFO: Generated testcase No. 14 - REVERT(3 txs)
2025-09-19 04:18:54,437: [248] m.c.manticore:INFO: Generated testcase No. 15 - REVERT(3 txs)
2025-09-19 04:18:54,464: [260] m.c.manticore:INFO: Generated testcase No. 16 - REVERT(3 txs)
2025-09-19 04:18:54,516: [254] m.c.manticore:INFO: Generated testcase No. 17 - REVERT(3 txs)
2025-09-19 04:18:54,525: [250] m.c.manticore:INFO: Generated testcase No. 18 - REVERT(3 txs)
2025-09-19 04:18:54,709: [245] m.c.manticore:INFO: Generated testcase No. 19 - REVERT(3 txs)
2025-09-19 04:18:57,211: [244] m.c.manticore:INFO: Generated testcase No. 20 - REVERT(3 txs)
2025-09-19 04:18:57,426: [248] m.c.manticore:INFO: Generated testcase No. 21 - REVERT(3 txs)
2025-09-19 04:18:57,604: [259] m.c.manticore:INFO: Generated testcase No. 22 - REVERT(3 txs)
2025-09-19 04:18:57,704: [254] m.c.manticore:INFO: Generated testcase No. 23 - REVERT(3 txs)
2025-09-19 04:18:57,914: [250] m.c.manticore:INFO: Generated testcase No. 24 - REVERT(3 txs)
2025-09-19 04:18:58,359: [247] m.c.manticore:INFO: Generated testcase No. 25 - REVERT(3 txs)
2025-09-19 04:19:02,938: [156] m.c.manticore:INFO: Results in /mcore_58x18_cc
2025-09-19 04:19:02,939: [156] m.c.manticore:INFO: Total time: 15.967317581176758
