2025-09-21 15:06:43,301 - Main     - INFO - [1mInitializing seed to 1427655.0[0m
2025-09-21 15:06:43,418 - Fuzzer   - INFO - [1mFuzzing contract [1mBasicToken[0m[0m
2025-09-21 15:06:43,450 - Detector - INFO - [1m[33m-----------------------------------------------------[0m
2025-09-21 15:06:43,450 - Detector - INFO - [1m[33m          !!! Assertion failure detected !!!         [0m
2025-09-21 15:06:43,450 - Detector - INFO - [1m[33m-----------------------------------------------------[0m
2025-09-21 15:06:43,450 - Detector - INFO - [1m[33mSWC-ID:   110[0m
2025-09-21 15:06:43,450 - Detector - INFO - [1m[33mSeverity: Medium[0m
2025-09-21 15:06:43,450 - Detector - INFO - [1m[33m-----------------------------------------------------[0m
2025-09-21 15:06:43,450 - Detector - INFO - [1m[33mSource code line:[0m
2025-09-21 15:06:43,450 - Detector - INFO - [1m[33m-----------------------------------------------------[0m
2025-09-21 15:06:43,450 - Detector - INFO - [1m[33m/sb/0x820a002161b7617382adf5d8524f032efef12e68.sol:43:1[0m
2025-09-21 15:06:43,450 - Detector - INFO - [1m[33massert(b <= a)[0m
2025-09-21 15:06:43,450 - Detector - INFO - [1m[33m-----------------------------------------------------[0m
2025-09-21 15:06:43,450 - Detector - INFO - [1m[33mTransaction sequence:[0m
2025-09-21 15:06:43,450 - Detector - INFO - [1m[33m-----------------------------------------------------[0m
2025-09-21 15:06:43,450 - Detector - INFO - [1m[33mTransaction - transfer(address,uint256):[0m
2025-09-21 15:06:43,450 - Detector - INFO - [1m[33m-----------------------------------------------------[0m
2025-09-21 15:06:43,450 - Detector - INFO - [1m[33mFrom:      0xcafebabecafebabecafebabecafebabecafebabe[0m
2025-09-21 15:06:43,450 - Detector - INFO - [1m[33mTo:        0x2c5e8a3b3aad9df32339409534e64dfcabcd3a65[0m
2025-09-21 15:06:43,450 - Detector - INFO - [1m[33mValue:     0 Wei[0m
2025-09-21 15:06:43,450 - Detector - INFO - [1m[33mGas Limit: 4500000[0m
2025-09-21 15:06:43,450 - Detector - INFO - [1m[33mInput:     0xa9059cbb000000000000000000000000deadbeef[0m
2025-09-21 15:06:43,451 - Detector - INFO - [1m[33m           deadbeefdeadbeefdeadbeefdeadbeefffffffffff[0m
2025-09-21 15:06:43,451 - Detector - INFO - [1m[33m           ffffffffffffffffffffffffffffffffffffffffff[0m
2025-09-21 15:06:43,451 - Detector - INFO - [1m[33m           fffffffffffd[0m
2025-09-21 15:06:43,451 - Detector - INFO - [1m[33m-----------------------------------------------------[0m
2025-09-21 15:06:43,472 - Analysis - INFO - [1mGeneration number 0 	 Code coverage: 55.56% (160/288) 	 Branch coverage: 75.00% (15/20) 	 Transactions: 9 (8 unique)   	 Time: 0.047838687896728516[0m
2025-09-21 15:06:43,505 - Analysis - INFO - [1mGeneration number 1 	 Code coverage: 55.56% (160/288) 	 Branch coverage: 80.00% (16/20) 	 Transactions: 17 (12 unique)   	 Time: 0.0808115005493164[0m
2025-09-21 15:06:43,630 - Analysis - INFO - [1mGeneration number 2 	 Code coverage: 98.26% (283/288) 	 Branch coverage: 90.00% (18/20) 	 Transactions: 24 (15 unique)   	 Time: 0.20552873611450195[0m
2025-09-21 15:06:43,684 - Analysis - INFO - [1mGeneration number 3 	 Code coverage: 99.31% (286/288) 	 Branch coverage: 95.00% (19/20) 	 Transactions: 33 (19 unique)   	 Time: 0.25919222831726074[0m
2025-09-21 15:06:43,881 - Analysis - INFO - [1mGeneration number 4 	 Code coverage: 99.31% (286/288) 	 Branch coverage: 95.00% (19/20) 	 Transactions: 54 (26 unique)   	 Time: 0.45623159408569336[0m
2025-09-21 15:06:44,297 - Analysis - INFO - [1mGeneration number 5 	 Code coverage: 99.31% (286/288) 	 Branch coverage: 95.00% (19/20) 	 Transactions: 86 (34 unique)   	 Time: 0.8721721172332764[0m
2025-09-21 15:06:44,739 - Analysis - INFO - [1mGeneration number 6 	 Code coverage: 99.31% (286/288) 	 Branch coverage: 95.00% (19/20) 	 Transactions: 121 (39 unique)   	 Time: 1.3145699501037598[0m
2025-09-21 15:06:45,185 - Analysis - INFO - [1mGeneration number 7 	 Code coverage: 99.31% (286/288) 	 Branch coverage: 95.00% (19/20) 	 Transactions: 158 (47 unique)   	 Time: 1.760875940322876[0m
2025-09-21 15:06:45,742 - Analysis - INFO - [1mGeneration number 8 	 Code coverage: 99.31% (286/288) 	 Branch coverage: 95.00% (19/20) 	 Transactions: 195 (54 unique)   	 Time: 2.31788969039917[0m
2025-09-21 15:06:46,197 - Analysis - INFO - [1mGeneration number 9 	 Code coverage: 99.31% (286/288) 	 Branch coverage: 95.00% (19/20) 	 Transactions: 232 (60 unique)   	 Time: 2.7723798751831055[0m
2025-09-21 15:06:46,744 - Analysis - INFO - [1mGeneration number 10 	 Code coverage: 99.31% (286/288) 	 Branch coverage: 95.00% (19/20) 	 Transactions: 271 (67 unique)   	 Time: 3.3192358016967773[0m
2025-09-21 15:06:46,853 - Analysis - INFO - [1m-----------------------------------------------------[0m
2025-09-21 15:06:46,853 - Analysis - INFO - Number of generations: 	 10
2025-09-21 15:06:46,853 - Analysis - INFO - Number of transactions: 	 271 (67 unique)
2025-09-21 15:06:46,853 - Analysis - INFO - Transactions per second: 	 79
2025-09-21 15:06:46,853 - Analysis - INFO - Total code coverage: 	 99.31% (286/288)
2025-09-21 15:06:46,853 - Analysis - INFO - Total branch coverage: 	 95.00% (19/20)
2025-09-21 15:06:46,853 - Analysis - INFO - Total execution time: 	 3.43 seconds
2025-09-21 15:06:46,854 - Analysis - INFO - Total memory consumption: 	 78.05 MB
2025-09-21 15:06:46,855 - Fuzzer   - INFO - [1mFuzzing contract [1mBurnableToken[0m[0m
2025-09-21 15:06:46,921 - Detector - INFO - [1m[33m-----------------------------------------------------[0m
2025-09-21 15:06:46,921 - Detector - INFO - [1m[33m          !!! Assertion failure detected !!!         [0m
2025-09-21 15:06:46,921 - Detector - INFO - [1m[33m-----------------------------------------------------[0m
2025-09-21 15:06:46,922 - Detector - INFO - [1m[33mSWC-ID:   110[0m
2025-09-21 15:06:46,922 - Detector - INFO - [1m[33mSeverity: Medium[0m
2025-09-21 15:06:46,922 - Detector - INFO - [1m[33m-----------------------------------------------------[0m
2025-09-21 15:06:46,922 - Detector - INFO - [1m[33mSource code line:[0m
2025-09-21 15:06:46,922 - Detector - INFO - [1m[33m-----------------------------------------------------[0m
2025-09-21 15:06:46,922 - Detector - INFO - [1m[33m/sb/0x820a002161b7617382adf5d8524f032efef12e68.sol:43:1[0m
2025-09-21 15:06:46,922 - Detector - INFO - [1m[33massert(b <= a)[0m
2025-09-21 15:06:46,922 - Detector - INFO - [1m[33m-----------------------------------------------------[0m
2025-09-21 15:06:46,922 - Detector - INFO - [1m[33mTransaction sequence:[0m
2025-09-21 15:06:46,922 - Detector - INFO - [1m[33m-----------------------------------------------------[0m
2025-09-21 15:06:46,922 - Detector - INFO - [1m[33mTransaction - transfer(address,uint256):[0m
2025-09-21 15:06:46,922 - Detector - INFO - [1m[33m-----------------------------------------------------[0m
2025-09-21 15:06:46,922 - Detector - INFO - [1m[33mFrom:      0xcafebabecafebabecafebabecafebabecafebabe[0m
2025-09-21 15:06:46,922 - Detector - INFO - [1m[33mTo:        0x2c5e8a3b3aad9df32339409534e64dfcabcd3a65[0m
2025-09-21 15:06:46,922 - Detector - INFO - [1m[33mValue:     0 Wei[0m
2025-09-21 15:06:46,922 - Detector - INFO - [1m[33mGas Limit: 4500000[0m
2025-09-21 15:06:46,922 - Detector - INFO - [1m[33mInput:     0xa9059cbb000000000000000000000000deadbeef[0m
2025-09-21 15:06:46,923 - Detector - INFO - [1m[33m           deadbeefdeadbeefdeadbeefdeadbeef0000000000[0m
2025-09-21 15:06:46,923 - Detector - INFO - [1m[33m           000000000000000000000000000000000000000000[0m
2025-09-21 15:06:46,923 - Detector - INFO - [1m[33m           000000000001[0m
2025-09-21 15:06:46,923 - Detector - INFO - [1m[33m-----------------------------------------------------[0m
2025-09-21 15:06:46,962 - Analysis - INFO - [1mGeneration number 0 	 Code coverage: 68.93% (801/1162) 	 Branch coverage: 86.54% (45/52) 	 Transactions: 21 (20 unique)   	 Time: 0.10068821907043457[0m
2025-09-21 15:06:47,105 - Analysis - INFO - [1mGeneration number 1 	 Code coverage: 68.93% (801/1162) 	 Branch coverage: 86.54% (45/52) 	 Transactions: 47 (37 unique)   	 Time: 0.24437165260314941[0m
2025-09-21 15:06:47,461 - Analysis - INFO - [1mGeneration number 2 	 Code coverage: 84.34% (980/1162) 	 Branch coverage: 92.31% (48/52) 	 Transactions: 88 (54 unique)   	 Time: 0.6006181240081787[0m
2025-09-21 15:06:47,736 - Detector - INFO - [1m[31m-----------------------------------------------------[0m
2025-09-21 15:06:47,736 - Detector - INFO - [1m[31m          !!! Integer overflow detected !!!          [0m
2025-09-21 15:06:47,736 - Detector - INFO - [1m[31m-----------------------------------------------------[0m
2025-09-21 15:06:47,736 - Detector - INFO - [1m[31mSWC-ID:   101[0m
2025-09-21 15:06:47,736 - Detector - INFO - [1m[31mSeverity: High[0m
2025-09-21 15:06:47,736 - Detector - INFO - [1m[31m-----------------------------------------------------[0m
2025-09-21 15:06:47,736 - Detector - INFO - [1m[31mSource code line:[0m
2025-09-21 15:06:47,736 - Detector - INFO - [1m[31m-----------------------------------------------------[0m
2025-09-21 15:06:47,736 - Detector - INFO - [1m[31m/sb/0x820a002161b7617382adf5d8524f032efef12e68.sol:53:17[0m
2025-09-21 15:06:47,737 - Detector - INFO - [1m[31ma + b[0m
2025-09-21 15:06:47,737 - Detector - INFO - [1m[31m-----------------------------------------------------[0m
2025-09-21 15:06:47,737 - Detector - INFO - [1m[31mTransaction sequence:[0m
2025-09-21 15:06:47,737 - Detector - INFO - [1m[31m-----------------------------------------------------[0m
2025-09-21 15:06:47,737 - Detector - INFO - [1m[31mTransaction 1 - increaseApproval(address,uint256):[0m
2025-09-21 15:06:47,737 - Detector - INFO - [1m[31m-----------------------------------------------------[0m
2025-09-21 15:06:47,737 - Detector - INFO - [1m[31mFrom:      0xdeadbeefdeadbeefdeadbeefdeadbeefdeadbeef[0m
2025-09-21 15:06:47,737 - Detector - INFO - [1m[31mTo:        0x2c5e8a3b3aad9df32339409534e64dfcabcd3a65[0m
2025-09-21 15:06:47,737 - Detector - INFO - [1m[31mValue:     0 Wei[0m
2025-09-21 15:06:47,737 - Detector - INFO - [1m[31mGas Limit: 4500000[0m
2025-09-21 15:06:47,737 - Detector - INFO - [1m[31mInput:     0xd73dd623000000000000000000000000cafebabe[0m
2025-09-21 15:06:47,737 - Detector - INFO - [1m[31m           cafebabecafebabecafebabecafebabeffffffffff[0m
2025-09-21 15:06:47,737 - Detector - INFO - [1m[31m           ffffffffffffffffffffffffffffffffffffffffff[0m
2025-09-21 15:06:47,737 - Detector - INFO - [1m[31m           fffffffffffd[0m
2025-09-21 15:06:47,737 - Detector - INFO - [1m[31m-----------------------------------------------------[0m
2025-09-21 15:06:47,737 - Detector - INFO - [1m[31mTransaction 2 - approve(address,uint256):[0m
2025-09-21 15:06:47,737 - Detector - INFO - [1m[31m-----------------------------------------------------[0m
2025-09-21 15:06:47,737 - Detector - INFO - [1m[31mFrom:      0xdeadbeefdeadbeefdeadbeefdeadbeefdeadbeef[0m
2025-09-21 15:06:47,737 - Detector - INFO - [1m[31mTo:        0x2c5e8a3b3aad9df32339409534e64dfcabcd3a65[0m
2025-09-21 15:06:47,737 - Detector - INFO - [1m[31mValue:     1 Wei[0m
2025-09-21 15:06:47,737 - Detector - INFO - [1m[31mGas Limit: 4500000[0m
2025-09-21 15:06:47,737 - Detector - INFO - [1m[31mInput:     0x095ea7b3000000000000000000000000cafebabe[0m
2025-09-21 15:06:47,737 - Detector - INFO - [1m[31m           cafebabecafebabecafebabecafebabe0000000000[0m
2025-09-21 15:06:47,737 - Detector - INFO - [1m[31m           000000000000000000000000000000000000000000[0m
2025-09-21 15:06:47,737 - Detector - INFO - [1m[31m           000000000000[0m
2025-09-21 15:06:47,737 - Detector - INFO - [1m[31m-----------------------------------------------------[0m
2025-09-21 15:06:47,737 - Detector - INFO - [1m[31mTransaction 3 - increaseApproval(address,uint256):[0m
2025-09-21 15:06:47,737 - Detector - INFO - [1m[31m-----------------------------------------------------[0m
2025-09-21 15:06:47,737 - Detector - INFO - [1m[31mFrom:      0xdeadbeefdeadbeefdeadbeefdeadbeefdeadbeef[0m
2025-09-21 15:06:47,737 - Detector - INFO - [1m[31mTo:        0x2c5e8a3b3aad9df32339409534e64dfcabcd3a65[0m
2025-09-21 15:06:47,737 - Detector - INFO - [1m[31mValue:     0 Wei[0m
2025-09-21 15:06:47,737 - Detector - INFO - [1m[31mGas Limit: 4500000[0m
2025-09-21 15:06:47,737 - Detector - INFO - [1m[31mInput:     0xd73dd623000000000000000000000000cafebabe[0m
2025-09-21 15:06:47,737 - Detector - INFO - [1m[31m           cafebabecafebabecafebabecafebabe16bd222514[0m
2025-09-21 15:06:47,737 - Detector - INFO - [1m[31m           07d061a292a014150bc7ee8d6fe84c334b215d8e91[0m
2025-09-21 15:06:47,737 - Detector - INFO - [1m[31m           f5e5d0104938[0m
2025-09-21 15:06:47,737 - Detector - INFO - [1m[31m-----------------------------------------------------[0m
2025-09-21 15:06:47,737 - Detector - INFO - [1m[31mTransaction 4 - transferFrom(address,address,uint256):[0m
2025-09-21 15:06:47,737 - Detector - INFO - [1m[31m-----------------------------------------------------[0m
2025-09-21 15:06:47,737 - Detector - INFO - [1m[31mFrom:      0xffffffffffffffffffffffffffffffffffffffff[0m
2025-09-21 15:06:47,737 - Detector - INFO - [1m[31mTo:        0x2c5e8a3b3aad9df32339409534e64dfcabcd3a65[0m
2025-09-21 15:06:47,737 - Detector - INFO - [1m[31mValue:     0 Wei[0m
2025-09-21 15:06:47,737 - Detector - INFO - [1m[31mGas Limit: 4500000[0m
2025-09-21 15:06:47,737 - Detector - INFO - [1m[31mInput:     0x23b872dd000000000000000000000000ffffffff[0m
2025-09-21 15:06:47,738 - Detector - INFO - [1m[31m           ffffffffffffffffffffffffffffffff0000000000[0m
2025-09-21 15:06:47,738 - Detector - INFO - [1m[31m           00000000000000ffffffffffffffffffffffffffff[0m
2025-09-21 15:06:47,738 - Detector - INFO - [1m[31m           ffffffffffff180e9b7dca1b3c965c177f7afe043f[0m
2025-09-21 15:06:47,738 - Detector - INFO - [1m[31m           899f1d82cc60eef397343d0c76a9eb76fd[0m
2025-09-21 15:06:47,738 - Detector - INFO - [1m[31m-----------------------------------------------------[0m
2025-09-21 15:06:47,740 - Detector - INFO - [1m[33m-----------------------------------------------------[0m
2025-09-21 15:06:47,740 - Detector - INFO - [1m[33m          !!! Assertion failure detected !!!         [0m
2025-09-21 15:06:47,741 - Detector - INFO - [1m[33m-----------------------------------------------------[0m
2025-09-21 15:06:47,741 - Detector - INFO - [1m[33mSWC-ID:   110[0m
2025-09-21 15:06:47,741 - Detector - INFO - [1m[33mSeverity: Medium[0m
2025-09-21 15:06:47,741 - Detector - INFO - [1m[33m-----------------------------------------------------[0m
2025-09-21 15:06:47,741 - Detector - INFO - [1m[33mSource code line:[0m
2025-09-21 15:06:47,741 - Detector - INFO - [1m[33m-----------------------------------------------------[0m
2025-09-21 15:06:47,741 - Detector - INFO - [1m[33m/sb/0x820a002161b7617382adf5d8524f032efef12e68.sol:55:1[0m
2025-09-21 15:06:47,741 - Detector - INFO - [1m[33massert(c >= a)[0m
2025-09-21 15:06:47,741 - Detector - INFO - [1m[33m-----------------------------------------------------[0m
2025-09-21 15:06:47,741 - Detector - INFO - [1m[33mTransaction sequence:[0m
2025-09-21 15:06:47,741 - Detector - INFO - [1m[33m-----------------------------------------------------[0m
2025-09-21 15:06:47,741 - Detector - INFO - [1m[33mTransaction 1 - increaseApproval(address,uint256):[0m
2025-09-21 15:06:47,741 - Detector - INFO - [1m[33m-----------------------------------------------------[0m
2025-09-21 15:06:47,741 - Detector - INFO - [1m[33mFrom:      0xdeadbeefdeadbeefdeadbeefdeadbeefdeadbeef[0m
2025-09-21 15:06:47,741 - Detector - INFO - [1m[33mTo:        0x2c5e8a3b3aad9df32339409534e64dfcabcd3a65[0m
2025-09-21 15:06:47,741 - Detector - INFO - [1m[33mValue:     0 Wei[0m
2025-09-21 15:06:47,741 - Detector - INFO - [1m[33mGas Limit: 4500000[0m
2025-09-21 15:06:47,741 - Detector - INFO - [1m[33mInput:     0xd73dd623000000000000000000000000cafebabe[0m
2025-09-21 15:06:47,741 - Detector - INFO - [1m[33m           cafebabecafebabecafebabecafebabeffffffffff[0m
2025-09-21 15:06:47,741 - Detector - INFO - [1m[33m           ffffffffffffffffffffffffffffffffffffffffff[0m
2025-09-21 15:06:47,741 - Detector - INFO - [1m[33m           fffffffffffd[0m
2025-09-21 15:06:47,741 - Detector - INFO - [1m[33m-----------------------------------------------------[0m
2025-09-21 15:06:47,741 - Detector - INFO - [1m[33mTransaction 2 - approve(address,uint256):[0m
2025-09-21 15:06:47,741 - Detector - INFO - [1m[33m-----------------------------------------------------[0m
2025-09-21 15:06:47,741 - Detector - INFO - [1m[33mFrom:      0xdeadbeefdeadbeefdeadbeefdeadbeefdeadbeef[0m
2025-09-21 15:06:47,741 - Detector - INFO - [1m[33mTo:        0x2c5e8a3b3aad9df32339409534e64dfcabcd3a65[0m
2025-09-21 15:06:47,741 - Detector - INFO - [1m[33mValue:     1 Wei[0m
2025-09-21 15:06:47,741 - Detector - INFO - [1m[33mGas Limit: 4500000[0m
2025-09-21 15:06:47,741 - Detector - INFO - [1m[33mInput:     0x095ea7b3000000000000000000000000cafebabe[0m
2025-09-21 15:06:47,741 - Detector - INFO - [1m[33m           cafebabecafebabecafebabecafebabe0000000000[0m
2025-09-21 15:06:47,741 - Detector - INFO - [1m[33m           000000000000000000000000000000000000000000[0m
2025-09-21 15:06:47,741 - Detector - INFO - [1m[33m           000000000000[0m
2025-09-21 15:06:47,741 - Detector - INFO - [1m[33m-----------------------------------------------------[0m
2025-09-21 15:06:47,741 - Detector - INFO - [1m[33mTransaction 3 - increaseApproval(address,uint256):[0m
2025-09-21 15:06:47,741 - Detector - INFO - [1m[33m-----------------------------------------------------[0m
2025-09-21 15:06:47,741 - Detector - INFO - [1m[33mFrom:      0xdeadbeefdeadbeefdeadbeefdeadbeefdeadbeef[0m
2025-09-21 15:06:47,741 - Detector - INFO - [1m[33mTo:        0x2c5e8a3b3aad9df32339409534e64dfcabcd3a65[0m
2025-09-21 15:06:47,741 - Detector - INFO - [1m[33mValue:     0 Wei[0m
2025-09-21 15:06:47,741 - Detector - INFO - [1m[33mGas Limit: 4500000[0m
2025-09-21 15:06:47,741 - Detector - INFO - [1m[33mInput:     0xd73dd623000000000000000000000000cafebabe[0m
2025-09-21 15:06:47,741 - Detector - INFO - [1m[33m           cafebabecafebabecafebabecafebabe16bd222514[0m
2025-09-21 15:06:47,741 - Detector - INFO - [1m[33m           07d061a292a014150bc7ee8d6fe84c334b215d8e91[0m
2025-09-21 15:06:47,741 - Detector - INFO - [1m[33m           f5e5d0104938[0m
2025-09-21 15:06:47,742 - Detector - INFO - [1m[33m-----------------------------------------------------[0m
2025-09-21 15:06:47,742 - Detector - INFO - [1m[33mTransaction 4 - transferFrom(address,address,uint256):[0m
2025-09-21 15:06:47,742 - Detector - INFO - [1m[33m-----------------------------------------------------[0m
2025-09-21 15:06:47,742 - Detector - INFO - [1m[33mFrom:      0xffffffffffffffffffffffffffffffffffffffff[0m
2025-09-21 15:06:47,742 - Detector - INFO - [1m[33mTo:        0x2c5e8a3b3aad9df32339409534e64dfcabcd3a65[0m
2025-09-21 15:06:47,742 - Detector - INFO - [1m[33mValue:     0 Wei[0m
2025-09-21 15:06:47,742 - Detector - INFO - [1m[33mGas Limit: 4500000[0m
2025-09-21 15:06:47,742 - Detector - INFO - [1m[33mInput:     0x23b872dd000000000000000000000000ffffffff[0m
2025-09-21 15:06:47,742 - Detector - INFO - [1m[33m           ffffffffffffffffffffffffffffffff0000000000[0m
2025-09-21 15:06:47,742 - Detector - INFO - [1m[33m           00000000000000ffffffffffffffffffffffffffff[0m
2025-09-21 15:06:47,742 - Detector - INFO - [1m[33m           ffffffffffff180e9b7dca1b3c965c177f7afe043f[0m
2025-09-21 15:06:47,742 - Detector - INFO - [1m[33m           899f1d82cc60eef397343d0c76a9eb76fd[0m
2025-09-21 15:06:47,742 - Detector - INFO - [1m[33m-----------------------------------------------------[0m
2025-09-21 15:06:47,923 - Analysis - INFO - [1mGeneration number 3 	 Code coverage: 84.42% (981/1162) 	 Branch coverage: 94.23% (49/52) 	 Transactions: 148 (73 unique)   	 Time: 1.0616717338562012[0m
2025-09-21 15:06:48,551 - Analysis - INFO - [1mGeneration number 4 	 Code coverage: 84.42% (981/1162) 	 Branch coverage: 94.23% (49/52) 	 Transactions: 218 (93 unique)   	 Time: 1.6897804737091064[0m
2025-09-21 15:06:49,240 - Analysis - INFO - [1mGeneration number 5 	 Code coverage: 84.68% (984/1162) 	 Branch coverage: 96.15% (50/52) 	 Transactions: 292 (113 unique)   	 Time: 2.379410743713379[0m
2025-09-21 15:06:49,860 - Analysis - INFO - [1mGeneration number 6 	 Code coverage: 84.68% (984/1162) 	 Branch coverage: 96.15% (50/52) 	 Transactions: 367 (133 unique)   	 Time: 2.998711109161377[0m
2025-09-21 15:06:50,554 - Analysis - INFO - [1mGeneration number 7 	 Code coverage: 84.68% (984/1162) 	 Branch coverage: 96.15% (50/52) 	 Transactions: 446 (153 unique)   	 Time: 3.6926519870758057[0m
2025-09-21 15:06:51,226 - Analysis - INFO - [1mGeneration number 8 	 Code coverage: 84.68% (984/1162) 	 Branch coverage: 96.15% (50/52) 	 Transactions: 524 (173 unique)   	 Time: 4.365556240081787[0m
2025-09-21 15:06:51,988 - Analysis - INFO - [1mGeneration number 9 	 Code coverage: 84.68% (984/1162) 	 Branch coverage: 96.15% (50/52) 	 Transactions: 604 (193 unique)   	 Time: 5.1273558139801025[0m
2025-09-21 15:06:52,763 - Analysis - INFO - [1mGeneration number 10 	 Code coverage: 84.68% (984/1162) 	 Branch coverage: 96.15% (50/52) 	 Transactions: 684 (213 unique)   	 Time: 5.902479648590088[0m
2025-09-21 15:06:52,783 - Analysis - INFO - [1m-----------------------------------------------------[0m
2025-09-21 15:06:52,783 - Analysis - INFO - Number of generations: 	 10
2025-09-21 15:06:52,783 - Analysis - INFO - Number of transactions: 	 684 (213 unique)
2025-09-21 15:06:52,783 - Analysis - INFO - Transactions per second: 	 116
2025-09-21 15:06:52,783 - Analysis - INFO - Total code coverage: 	 84.68% (984/1162)
2025-09-21 15:06:52,783 - Analysis - INFO - Total branch coverage: 	 96.15% (50/52)
2025-09-21 15:06:52,783 - Analysis - INFO - Total execution time: 	 5.92 seconds
2025-09-21 15:06:52,783 - Analysis - INFO - Total memory consumption: 	 81.30 MB
2025-09-21 15:06:52,785 - Fuzzer   - INFO - [1mFuzzing contract [1mOwnable[0m[0m
2025-09-21 15:06:52,806 - Analysis - INFO - [1mGeneration number 0 	 Code coverage: 65.14% (114/175) 	 Branch coverage: 78.57% (11/14) 	 Transactions: 7 (6 unique)   	 Time: 0.018401622772216797[0m
2025-09-21 15:06:52,824 - Analysis - INFO - [1mGeneration number 1 	 Code coverage: 65.14% (114/175) 	 Branch coverage: 78.57% (11/14) 	 Transactions: 13 (9 unique)   	 Time: 0.0366976261138916[0m
2025-09-21 15:06:52,855 - Analysis - INFO - [1mGeneration number 2 	 Code coverage: 65.14% (114/175) 	 Branch coverage: 78.57% (11/14) 	 Transactions: 19 (12 unique)   	 Time: 0.06723928451538086[0m
2025-09-21 15:06:52,882 - Analysis - INFO - [1mGeneration number 3 	 Code coverage: 65.14% (114/175) 	 Branch coverage: 78.57% (11/14) 	 Transactions: 24 (12 unique)   	 Time: 0.09470844268798828[0m
2025-09-21 15:06:52,906 - Analysis - INFO - [1mGeneration number 4 	 Code coverage: 65.14% (114/175) 	 Branch coverage: 78.57% (11/14) 	 Transactions: 28 (13 unique)   	 Time: 0.11802148818969727[0m
2025-09-21 15:06:52,938 - Analysis - INFO - [1mGeneration number 5 	 Code coverage: 65.14% (114/175) 	 Branch coverage: 78.57% (11/14) 	 Transactions: 33 (14 unique)   	 Time: 0.15053534507751465[0m
2025-09-21 15:06:52,968 - Analysis - INFO - [1mGeneration number 6 	 Code coverage: 97.71% (171/175) 	 Branch coverage: 92.86% (13/14) 	 Transactions: 37 (15 unique)   	 Time: 0.18019318580627441[0m
2025-09-21 15:06:53,006 - Analysis - INFO - [1mGeneration number 7 	 Code coverage: 97.71% (171/175) 	 Branch coverage: 92.86% (13/14) 	 Transactions: 44 (18 unique)   	 Time: 0.21857047080993652[0m
2025-09-21 15:06:53,144 - Analysis - INFO - [1mGeneration number 8 	 Code coverage: 99.43% (174/175) 	 Branch coverage: 100.00% (14/14) 	 Transactions: 62 (24 unique)   	 Time: 0.35646939277648926[0m
2025-09-21 15:06:53,229 - Analysis - INFO - [1mGeneration number 9 	 Code coverage: 99.43% (174/175) 	 Branch coverage: 100.00% (14/14) 	 Transactions: 74 (28 unique)   	 Time: 0.44112348556518555[0m
2025-09-21 15:06:53,275 - Analysis - INFO - [1mGeneration number 10 	 Code coverage: 99.43% (174/175) 	 Branch coverage: 100.00% (14/14) 	 Transactions: 80 (29 unique)   	 Time: 0.48741579055786133[0m
2025-09-21 15:06:53,275 - Analysis - INFO - [1m-----------------------------------------------------[0m
2025-09-21 15:06:53,275 - Analysis - INFO - Number of generations: 	 10
2025-09-21 15:06:53,275 - Analysis - INFO - Number of transactions: 	 80 (29 unique)
2025-09-21 15:06:53,275 - Analysis - INFO - Transactions per second: 	 164
2025-09-21 15:06:53,275 - Analysis - INFO - Total code coverage: 	 99.43% (174/175)
2025-09-21 15:06:53,275 - Analysis - INFO - Total branch coverage: 	 100.00% (14/14)
2025-09-21 15:06:53,275 - Analysis - INFO - Total execution time: 	 0.49 seconds
2025-09-21 15:06:53,276 - Analysis - INFO - Total memory consumption: 	 81.30 MB
2025-09-21 15:06:53,278 - Fuzzer   - INFO - [1mFuzzing contract [1mPotionOwl[0m[0m
2025-09-21 15:06:53,298 - Detector - INFO - [1m[33m-----------------------------------------------------[0m
2025-09-21 15:06:53,298 - Detector - INFO - [1m[33m          !!! Assertion failure detected !!!         [0m
2025-09-21 15:06:53,298 - Detector - INFO - [1m[33m-----------------------------------------------------[0m
2025-09-21 15:06:53,298 - Detector - INFO - [1m[33mSWC-ID:   110[0m
2025-09-21 15:06:53,298 - Detector - INFO - [1m[33mSeverity: Medium[0m
2025-09-21 15:06:53,298 - Detector - INFO - [1m[33m-----------------------------------------------------[0m
2025-09-21 15:06:53,298 - Detector - INFO - [1m[33mSource code line:[0m
2025-09-21 15:06:53,298 - Detector - INFO - [1m[33m-----------------------------------------------------[0m
2025-09-21 15:06:53,298 - Detector - INFO - [1m[33m/sb/0x820a002161b7617382adf5d8524f032efef12e68.sol:43:1[0m
2025-09-21 15:06:53,298 - Detector - INFO - [1m[33massert(b <= a)[0m
2025-09-21 15:06:53,298 - Detector - INFO - [1m[33m-----------------------------------------------------[0m
2025-09-21 15:06:53,298 - Detector - INFO - [1m[33mTransaction sequence:[0m
2025-09-21 15:06:53,298 - Detector - INFO - [1m[33m-----------------------------------------------------[0m
2025-09-21 15:06:53,298 - Detector - INFO - [1m[33mTransaction - transfer(address,uint256):[0m
2025-09-21 15:06:53,298 - Detector - INFO - [1m[33m-----------------------------------------------------[0m
2025-09-21 15:06:53,298 - Detector - INFO - [1m[33mFrom:      0xcafebabecafebabecafebabecafebabecafebabe[0m
2025-09-21 15:06:53,298 - Detector - INFO - [1m[33mTo:        0x2c5e8a3b3aad9df32339409534e64dfcabcd3a65[0m
2025-09-21 15:06:53,298 - Detector - INFO - [1m[33mValue:     0 Wei[0m
2025-09-21 15:06:53,299 - Detector - INFO - [1m[33mGas Limit: 4500000[0m
2025-09-21 15:06:53,299 - Detector - INFO - [1m[33mInput:     0xa9059cbb000000000000000000000000ffffffff[0m
2025-09-21 15:06:53,299 - Detector - INFO - [1m[33m           ffffffffffffffffffffffffffffffffffffffffff[0m
2025-09-21 15:06:53,299 - Detector - INFO - [1m[33m           ffffffffffffffffffffffffffffffffffffffffff[0m
2025-09-21 15:06:53,299 - Detector - INFO - [1m[33m           fffffffffffd[0m
2025-09-21 15:06:53,299 - Detector - INFO - [1m[33m-----------------------------------------------------[0m
2025-09-21 15:06:53,448 - Analysis - INFO - [1mGeneration number 0 	 Code coverage: 72.79% (1121/1540) 	 Branch coverage: 85.71% (72/84) 	 Transactions: 33 (32 unique)   	 Time: 0.16310977935791016[0m
2025-09-21 15:06:53,722 - Analysis - INFO - [1mGeneration number 1 	 Code coverage: 81.75% (1259/1540) 	 Branch coverage: 88.10% (74/84) 	 Transactions: 71 (55 unique)   	 Time: 0.4368782043457031[0m
2025-09-21 15:06:54,313 - Analysis - INFO - [1mGeneration number 2 	 Code coverage: 89.74% (1382/1540) 	 Branch coverage: 90.48% (76/84) 	 Transactions: 142 (81 unique)   	 Time: 1.0274808406829834[0m
2025-09-21 15:06:55,188 - Analysis - INFO - [1mGeneration number 3 	 Code coverage: 95.52% (1471/1540) 	 Branch coverage: 90.48% (76/84) 	 Transactions: 244 (111 unique)   	 Time: 1.9034528732299805[0m
2025-09-21 15:06:56,241 - Analysis - INFO - [1mGeneration number 4 	 Code coverage: 95.52% (1471/1540) 	 Branch coverage: 90.48% (76/84) 	 Transactions: 372 (143 unique)   	 Time: 2.9557995796203613[0m
2025-09-21 15:06:57,381 - Analysis - INFO - [1mGeneration number 5 	 Code coverage: 95.91% (1477/1540) 	 Branch coverage: 92.86% (78/84) 	 Transactions: 512 (175 unique)   	 Time: 4.096161127090454[0m
2025-09-21 15:06:58,570 - Analysis - INFO - [1mGeneration number 6 	 Code coverage: 96.10% (1480/1540) 	 Branch coverage: 94.05% (79/84) 	 Transactions: 651 (207 unique)   	 Time: 5.285193681716919[0m
2025-09-21 15:06:59,802 - Analysis - INFO - [1mGeneration number 7 	 Code coverage: 96.10% (1480/1540) 	 Branch coverage: 94.05% (79/84) 	 Transactions: 793 (239 unique)   	 Time: 6.517190217971802[0m
2025-09-21 15:07:00,492 - Detector - INFO - [1m[31m-----------------------------------------------------[0m
2025-09-21 15:07:00,492 - Detector - INFO - [1m[31m          !!! Integer overflow detected !!!          [0m
2025-09-21 15:07:00,492 - Detector - INFO - [1m[31m-----------------------------------------------------[0m
2025-09-21 15:07:00,492 - Detector - INFO - [1m[31mSWC-ID:   101[0m
2025-09-21 15:07:00,492 - Detector - INFO - [1m[31mSeverity: High[0m
2025-09-21 15:07:00,492 - Detector - INFO - [1m[31m-----------------------------------------------------[0m
2025-09-21 15:07:00,492 - Detector - INFO - [1m[31mSource code line:[0m
2025-09-21 15:07:00,492 - Detector - INFO - [1m[31m-----------------------------------------------------[0m
2025-09-21 15:07:00,492 - Detector - INFO - [1m[31m/sb/0x820a002161b7617382adf5d8524f032efef12e68.sol:53:17[0m
2025-09-21 15:07:00,492 - Detector - INFO - [1m[31ma + b[0m
2025-09-21 15:07:00,492 - Detector - INFO - [1m[31m-----------------------------------------------------[0m
2025-09-21 15:07:00,492 - Detector - INFO - [1m[31mTransaction sequence:[0m
2025-09-21 15:07:00,492 - Detector - INFO - [1m[31m-----------------------------------------------------[0m
2025-09-21 15:07:00,492 - Detector - INFO - [1m[31mTransaction 1 - approve(address,uint256):[0m
2025-09-21 15:07:00,492 - Detector - INFO - [1m[31m-----------------------------------------------------[0m
2025-09-21 15:07:00,492 - Detector - INFO - [1m[31mFrom:      0xdeadbeefdeadbeefdeadbeefdeadbeefdeadbeef[0m
2025-09-21 15:07:00,492 - Detector - INFO - [1m[31mTo:        0x2c5e8a3b3aad9df32339409534e64dfcabcd3a65[0m
2025-09-21 15:07:00,492 - Detector - INFO - [1m[31mValue:     0 Wei[0m
2025-09-21 15:07:00,492 - Detector - INFO - [1m[31mGas Limit: 4500000[0m
2025-09-21 15:07:00,492 - Detector - INFO - [1m[31mInput:     0x095ea7b3000000000000000000000000deadbeef[0m
2025-09-21 15:07:00,492 - Detector - INFO - [1m[31m           deadbeefdeadbeefdeadbeefdeadbeef148cc455b4[0m
2025-09-21 15:07:00,492 - Detector - INFO - [1m[31m           ab7faa405b86fd3065c00a93cbbef0b85faa6dfa78[0m
2025-09-21 15:07:00,492 - Detector - INFO - [1m[31m           58353e8cdf6a[0m
2025-09-21 15:07:00,492 - Detector - INFO - [1m[31m-----------------------------------------------------[0m
2025-09-21 15:07:00,493 - Detector - INFO - [1m[31mTransaction 2 - transferFrom(address,address,uint256):[0m
2025-09-21 15:07:00,493 - Detector - INFO - [1m[31m-----------------------------------------------------[0m
2025-09-21 15:07:00,493 - Detector - INFO - [1m[31mFrom:      0xcafebabecafebabecafebabecafebabecafebabe[0m
2025-09-21 15:07:00,493 - Detector - INFO - [1m[31mTo:        0x2c5e8a3b3aad9df32339409534e64dfcabcd3a65[0m
2025-09-21 15:07:00,493 - Detector - INFO - [1m[31mValue:     0 Wei[0m
2025-09-21 15:07:00,493 - Detector - INFO - [1m[31mGas Limit: 4500000[0m
2025-09-21 15:07:00,493 - Detector - INFO - [1m[31mInput:     0x23b872dd000000000000000000000000ffffffff[0m
2025-09-21 15:07:00,493 - Detector - INFO - [1m[31m           ffffffffffffffffffffffffffffffff0000000000[0m
2025-09-21 15:07:00,493 - Detector - INFO - [1m[31m           00000000000000deadbeefdeadbeefdeadbeefdead[0m
2025-09-21 15:07:00,493 - Detector - INFO - [1m[31m           beefdeadbeef576c3868d1fac5c4098a6b23662e92[0m
2025-09-21 15:07:00,493 - Detector - INFO - [1m[31m           385c729300abcca9910466a44133c3d0ee[0m
2025-09-21 15:07:00,493 - Detector - INFO - [1m[31m-----------------------------------------------------[0m
2025-09-21 15:07:00,493 - Detector - INFO - [1m[31mTransaction 3 - transferFrom(address,address,uint256):[0m
2025-09-21 15:07:00,493 - Detector - INFO - [1m[31m-----------------------------------------------------[0m
2025-09-21 15:07:00,493 - Detector - INFO - [1m[31mFrom:      0xcafebabecafebabecafebabecafebabecafebabe[0m
2025-09-21 15:07:00,493 - Detector - INFO - [1m[31mTo:        0x2c5e8a3b3aad9df32339409534e64dfcabcd3a65[0m
2025-09-21 15:07:00,493 - Detector - INFO - [1m[31mValue:     0 Wei[0m
2025-09-21 15:07:00,493 - Detector - INFO - [1m[31mGas Limit: 4500000[0m
2025-09-21 15:07:00,493 - Detector - INFO - [1m[31mInput:     0x23b872dd000000000000000000000000deadbeef[0m
2025-09-21 15:07:00,493 - Detector - INFO - [1m[31m           deadbeefdeadbeefdeadbeefdeadbeef0000000000[0m
2025-09-21 15:07:00,493 - Detector - INFO - [1m[31m           00000000000000ffffffffffffffffffffffffffff[0m
2025-09-21 15:07:00,493 - Detector - INFO - [1m[31m           ffffffffffffc7765c9a87b1cc05e01934b6ab8cc9[0m
2025-09-21 15:07:00,493 - Detector - INFO - [1m[31m           4b17180237ded37b9db24fa8d3de720c6f[0m
2025-09-21 15:07:00,493 - Detector - INFO - [1m[31m-----------------------------------------------------[0m
2025-09-21 15:07:00,493 - Detector - INFO - [1m[31mTransaction 4 - increaseApproval(address,uint256):[0m
2025-09-21 15:07:00,493 - Detector - INFO - [1m[31m-----------------------------------------------------[0m
2025-09-21 15:07:00,493 - Detector - INFO - [1m[31mFrom:      0xdeadbeefdeadbeefdeadbeefdeadbeefdeadbeef[0m
2025-09-21 15:07:00,493 - Detector - INFO - [1m[31mTo:        0x2c5e8a3b3aad9df32339409534e64dfcabcd3a65[0m
2025-09-21 15:07:00,493 - Detector - INFO - [1m[31mValue:     0 Wei[0m
2025-09-21 15:07:00,493 - Detector - INFO - [1m[31mGas Limit: 4500000[0m
2025-09-21 15:07:00,493 - Detector - INFO - [1m[31mInput:     0xd73dd623000000000000000000000000deadbeef[0m
2025-09-21 15:07:00,493 - Detector - INFO - [1m[31m           deadbeefdeadbeefdeadbeefdeadbeefffffffffff[0m
2025-09-21 15:07:00,493 - Detector - INFO - [1m[31m           ffffffffffffffffffffffffffffffffffffffffff[0m
2025-09-21 15:07:00,493 - Detector - INFO - [1m[31m           ffffffffffff[0m
2025-09-21 15:07:00,493 - Detector - INFO - [1m[31m-----------------------------------------------------[0m
2025-09-21 15:07:00,493 - Detector - INFO - [1m[31mTransaction 5 - transferFrom(address,address,uint256):[0m
2025-09-21 15:07:00,493 - Detector - INFO - [1m[31m-----------------------------------------------------[0m
2025-09-21 15:07:00,493 - Detector - INFO - [1m[31mFrom:      0xdeadbeefdeadbeefdeadbeefdeadbeefdeadbeef[0m
2025-09-21 15:07:00,493 - Detector - INFO - [1m[31mTo:        0x2c5e8a3b3aad9df32339409534e64dfcabcd3a65[0m
2025-09-21 15:07:00,493 - Detector - INFO - [1m[31mValue:     0 Wei[0m
2025-09-21 15:07:00,493 - Detector - INFO - [1m[31mGas Limit: 4500000[0m
2025-09-21 15:07:00,493 - Detector - INFO - [1m[31mInput:     0x23b872dd000000000000000000000000ffffffff[0m
2025-09-21 15:07:00,493 - Detector - INFO - [1m[31m           ffffffffffffffffffffffffffffffff0000000000[0m
2025-09-21 15:07:00,493 - Detector - INFO - [1m[31m           00000000000000ffffffffffffffffffffffffffff[0m
2025-09-21 15:07:00,494 - Detector - INFO - [1m[31m           ffffffffffff70954a612bde646cc3579999095963[0m
2025-09-21 15:07:00,494 - Detector - INFO - [1m[31m           c042f7b53fc48d9048c38371f8b0b20171[0m
2025-09-21 15:07:00,494 - Detector - INFO - [1m[31m-----------------------------------------------------[0m
2025-09-21 15:07:00,495 - Detector - INFO - [1m[33m-----------------------------------------------------[0m
2025-09-21 15:07:00,496 - Detector - INFO - [1m[33m          !!! Assertion failure detected !!!         [0m
2025-09-21 15:07:00,496 - Detector - INFO - [1m[33m-----------------------------------------------------[0m
2025-09-21 15:07:00,496 - Detector - INFO - [1m[33mSWC-ID:   110[0m
2025-09-21 15:07:00,496 - Detector - INFO - [1m[33mSeverity: Medium[0m
2025-09-21 15:07:00,496 - Detector - INFO - [1m[33m-----------------------------------------------------[0m
2025-09-21 15:07:00,496 - Detector - INFO - [1m[33mSource code line:[0m
2025-09-21 15:07:00,496 - Detector - INFO - [1m[33m-----------------------------------------------------[0m
2025-09-21 15:07:00,496 - Detector - INFO - [1m[33m/sb/0x820a002161b7617382adf5d8524f032efef12e68.sol:55:1[0m
2025-09-21 15:07:00,496 - Detector - INFO - [1m[33massert(c >= a)[0m
2025-09-21 15:07:00,496 - Detector - INFO - [1m[33m-----------------------------------------------------[0m
2025-09-21 15:07:00,496 - Detector - INFO - [1m[33mTransaction sequence:[0m
2025-09-21 15:07:00,496 - Detector - INFO - [1m[33m-----------------------------------------------------[0m
2025-09-21 15:07:00,496 - Detector - INFO - [1m[33mTransaction 1 - approve(address,uint256):[0m
2025-09-21 15:07:00,496 - Detector - INFO - [1m[33m-----------------------------------------------------[0m
2025-09-21 15:07:00,496 - Detector - INFO - [1m[33mFrom:      0xdeadbeefdeadbeefdeadbeefdeadbeefdeadbeef[0m
2025-09-21 15:07:00,496 - Detector - INFO - [1m[33mTo:        0x2c5e8a3b3aad9df32339409534e64dfcabcd3a65[0m
2025-09-21 15:07:00,496 - Detector - INFO - [1m[33mValue:     0 Wei[0m
2025-09-21 15:07:00,496 - Detector - INFO - [1m[33mGas Limit: 4500000[0m
2025-09-21 15:07:00,496 - Detector - INFO - [1m[33mInput:     0x095ea7b3000000000000000000000000deadbeef[0m
2025-09-21 15:07:00,496 - Detector - INFO - [1m[33m           deadbeefdeadbeefdeadbeefdeadbeef148cc455b4[0m
2025-09-21 15:07:00,496 - Detector - INFO - [1m[33m           ab7faa405b86fd3065c00a93cbbef0b85faa6dfa78[0m
2025-09-21 15:07:00,496 - Detector - INFO - [1m[33m           58353e8cdf6a[0m
2025-09-21 15:07:00,496 - Detector - INFO - [1m[33m-----------------------------------------------------[0m
2025-09-21 15:07:00,496 - Detector - INFO - [1m[33mTransaction 2 - transferFrom(address,address,uint256):[0m
2025-09-21 15:07:00,496 - Detector - INFO - [1m[33m-----------------------------------------------------[0m
2025-09-21 15:07:00,496 - Detector - INFO - [1m[33mFrom:      0xcafebabecafebabecafebabecafebabecafebabe[0m
2025-09-21 15:07:00,496 - Detector - INFO - [1m[33mTo:        0x2c5e8a3b3aad9df32339409534e64dfcabcd3a65[0m
2025-09-21 15:07:00,496 - Detector - INFO - [1m[33mValue:     0 Wei[0m
2025-09-21 15:07:00,496 - Detector - INFO - [1m[33mGas Limit: 4500000[0m
2025-09-21 15:07:00,496 - Detector - INFO - [1m[33mInput:     0x23b872dd000000000000000000000000ffffffff[0m
2025-09-21 15:07:00,496 - Detector - INFO - [1m[33m           ffffffffffffffffffffffffffffffff0000000000[0m
2025-09-21 15:07:00,496 - Detector - INFO - [1m[33m           00000000000000deadbeefdeadbeefdeadbeefdead[0m
2025-09-21 15:07:00,496 - Detector - INFO - [1m[33m           beefdeadbeef576c3868d1fac5c4098a6b23662e92[0m
2025-09-21 15:07:00,496 - Detector - INFO - [1m[33m           385c729300abcca9910466a44133c3d0ee[0m
2025-09-21 15:07:00,496 - Detector - INFO - [1m[33m-----------------------------------------------------[0m
2025-09-21 15:07:00,496 - Detector - INFO - [1m[33mTransaction 3 - transferFrom(address,address,uint256):[0m
2025-09-21 15:07:00,496 - Detector - INFO - [1m[33m-----------------------------------------------------[0m
2025-09-21 15:07:00,496 - Detector - INFO - [1m[33mFrom:      0xcafebabecafebabecafebabecafebabecafebabe[0m
2025-09-21 15:07:00,496 - Detector - INFO - [1m[33mTo:        0x2c5e8a3b3aad9df32339409534e64dfcabcd3a65[0m
2025-09-21 15:07:00,496 - Detector - INFO - [1m[33mValue:     0 Wei[0m
2025-09-21 15:07:00,497 - Detector - INFO - [1m[33mGas Limit: 4500000[0m
2025-09-21 15:07:00,497 - Detector - INFO - [1m[33mInput:     0x23b872dd000000000000000000000000deadbeef[0m
2025-09-21 15:07:00,497 - Detector - INFO - [1m[33m           deadbeefdeadbeefdeadbeefdeadbeef0000000000[0m
2025-09-21 15:07:00,497 - Detector - INFO - [1m[33m           00000000000000ffffffffffffffffffffffffffff[0m
2025-09-21 15:07:00,497 - Detector - INFO - [1m[33m           ffffffffffffc7765c9a87b1cc05e01934b6ab8cc9[0m
2025-09-21 15:07:00,497 - Detector - INFO - [1m[33m           4b17180237ded37b9db24fa8d3de720c6f[0m
2025-09-21 15:07:00,497 - Detector - INFO - [1m[33m-----------------------------------------------------[0m
2025-09-21 15:07:00,497 - Detector - INFO - [1m[33mTransaction 4 - increaseApproval(address,uint256):[0m
2025-09-21 15:07:00,497 - Detector - INFO - [1m[33m-----------------------------------------------------[0m
2025-09-21 15:07:00,497 - Detector - INFO - [1m[33mFrom:      0xdeadbeefdeadbeefdeadbeefdeadbeefdeadbeef[0m
2025-09-21 15:07:00,497 - Detector - INFO - [1m[33mTo:        0x2c5e8a3b3aad9df32339409534e64dfcabcd3a65[0m
2025-09-21 15:07:00,497 - Detector - INFO - [1m[33mValue:     0 Wei[0m
2025-09-21 15:07:00,497 - Detector - INFO - [1m[33mGas Limit: 4500000[0m
2025-09-21 15:07:00,497 - Detector - INFO - [1m[33mInput:     0xd73dd623000000000000000000000000deadbeef[0m
2025-09-21 15:07:00,497 - Detector - INFO - [1m[33m           deadbeefdeadbeefdeadbeefdeadbeefffffffffff[0m
2025-09-21 15:07:00,497 - Detector - INFO - [1m[33m           ffffffffffffffffffffffffffffffffffffffffff[0m
2025-09-21 15:07:00,497 - Detector - INFO - [1m[33m           ffffffffffff[0m
2025-09-21 15:07:00,497 - Detector - INFO - [1m[33m-----------------------------------------------------[0m
2025-09-21 15:07:00,497 - Detector - INFO - [1m[33mTransaction 5 - transferFrom(address,address,uint256):[0m
2025-09-21 15:07:00,497 - Detector - INFO - [1m[33m-----------------------------------------------------[0m
2025-09-21 15:07:00,497 - Detector - INFO - [1m[33mFrom:      0xdeadbeefdeadbeefdeadbeefdeadbeefdeadbeef[0m
2025-09-21 15:07:00,497 - Detector - INFO - [1m[33mTo:        0x2c5e8a3b3aad9df32339409534e64dfcabcd3a65[0m
2025-09-21 15:07:00,497 - Detector - INFO - [1m[33mValue:     0 Wei[0m
2025-09-21 15:07:00,497 - Detector - INFO - [1m[33mGas Limit: 4500000[0m
2025-09-21 15:07:00,497 - Detector - INFO - [1m[33mInput:     0x23b872dd000000000000000000000000ffffffff[0m
2025-09-21 15:07:00,497 - Detector - INFO - [1m[33m           ffffffffffffffffffffffffffffffff0000000000[0m
2025-09-21 15:07:00,497 - Detector - INFO - [1m[33m           00000000000000ffffffffffffffffffffffffffff[0m
2025-09-21 15:07:00,497 - Detector - INFO - [1m[33m           ffffffffffff70954a612bde646cc3579999095963[0m
2025-09-21 15:07:00,497 - Detector - INFO - [1m[33m           c042f7b53fc48d9048c38371f8b0b20171[0m
2025-09-21 15:07:00,497 - Detector - INFO - [1m[33m-----------------------------------------------------[0m
2025-09-21 15:07:01,141 - Analysis - INFO - [1mGeneration number 8 	 Code coverage: 96.17% (1481/1540) 	 Branch coverage: 95.24% (80/84) 	 Transactions: 937 (271 unique)   	 Time: 7.856287002563477[0m
2025-09-21 15:07:02,570 - Analysis - INFO - [1mGeneration number 9 	 Code coverage: 96.17% (1481/1540) 	 Branch coverage: 95.24% (80/84) 	 Transactions: 1086 (302 unique)   	 Time: 9.284837484359741[0m
2025-09-21 15:07:04,051 - Analysis - INFO - [1mGeneration number 10 	 Code coverage: 96.17% (1481/1540) 	 Branch coverage: 95.24% (80/84) 	 Transactions: 1240 (334 unique)   	 Time: 10.765863180160522[0m
2025-09-21 15:07:04,062 - Analysis - INFO - [1m-----------------------------------------------------[0m
2025-09-21 15:07:04,062 - Analysis - INFO - Number of generations: 	 10
2025-09-21 15:07:04,062 - Analysis - INFO - Number of transactions: 	 1240 (334 unique)
2025-09-21 15:07:04,062 - Analysis - INFO - Transactions per second: 	 115
2025-09-21 15:07:04,062 - Analysis - INFO - Total code coverage: 	 96.17% (1481/1540)
2025-09-21 15:07:04,062 - Analysis - INFO - Total branch coverage: 	 95.24% (80/84)
2025-09-21 15:07:04,062 - Analysis - INFO - Total execution time: 	 10.78 seconds
2025-09-21 15:07:04,062 - Analysis - INFO - Total memory consumption: 	 82.30 MB
2025-09-21 15:07:04,065 - Fuzzer   - INFO - [1mFuzzing contract [1mStandardToken[0m[0m
2025-09-21 15:07:04,119 - Detector - INFO - [1m[33m-----------------------------------------------------[0m
2025-09-21 15:07:04,119 - Detector - INFO - [1m[33m          !!! Assertion failure detected !!!         [0m
2025-09-21 15:07:04,119 - Detector - INFO - [1m[33m-----------------------------------------------------[0m
2025-09-21 15:07:04,119 - Detector - INFO - [1m[33mSWC-ID:   110[0m
2025-09-21 15:07:04,119 - Detector - INFO - [1m[33mSeverity: Medium[0m
2025-09-21 15:07:04,119 - Detector - INFO - [1m[33m-----------------------------------------------------[0m
2025-09-21 15:07:04,119 - Detector - INFO - [1m[33mSource code line:[0m
2025-09-21 15:07:04,119 - Detector - INFO - [1m[33m-----------------------------------------------------[0m
2025-09-21 15:07:04,119 - Detector - INFO - [1m[33m/sb/0x820a002161b7617382adf5d8524f032efef12e68.sol:43:1[0m
2025-09-21 15:07:04,119 - Detector - INFO - [1m[33massert(b <= a)[0m
2025-09-21 15:07:04,119 - Detector - INFO - [1m[33m-----------------------------------------------------[0m
2025-09-21 15:07:04,119 - Detector - INFO - [1m[33mTransaction sequence:[0m
2025-09-21 15:07:04,119 - Detector - INFO - [1m[33m-----------------------------------------------------[0m
2025-09-21 15:07:04,119 - Detector - INFO - [1m[33mTransaction - transfer(address,uint256):[0m
2025-09-21 15:07:04,119 - Detector - INFO - [1m[33m-----------------------------------------------------[0m
2025-09-21 15:07:04,119 - Detector - INFO - [1m[33mFrom:      0xdeadbeefdeadbeefdeadbeefdeadbeefdeadbeef[0m
2025-09-21 15:07:04,119 - Detector - INFO - [1m[33mTo:        0x2c5e8a3b3aad9df32339409534e64dfcabcd3a65[0m
2025-09-21 15:07:04,119 - Detector - INFO - [1m[33mValue:     0 Wei[0m
2025-09-21 15:07:04,119 - Detector - INFO - [1m[33mGas Limit: 4500000[0m
2025-09-21 15:07:04,120 - Detector - INFO - [1m[33mInput:     0xa9059cbb000000000000000000000000deadbeef[0m
2025-09-21 15:07:04,120 - Detector - INFO - [1m[33m           deadbeefdeadbeefdeadbeefdeadbeefc06681bfe7[0m
2025-09-21 15:07:04,120 - Detector - INFO - [1m[33m           e36b6cfb0ed0d53c48f37ea28e4df73c470503c8b5[0m
2025-09-21 15:07:04,120 - Detector - INFO - [1m[33m           60ba37e6435b[0m
2025-09-21 15:07:04,120 - Detector - INFO - [1m[33m-----------------------------------------------------[0m
2025-09-21 15:07:04,158 - Analysis - INFO - [1mGeneration number 0 	 Code coverage: 73.37% (752/1025) 	 Branch coverage: 88.64% (39/44) 	 Transactions: 19 (18 unique)   	 Time: 0.08702945709228516[0m
2025-09-21 15:07:04,325 - Analysis - INFO - [1mGeneration number 1 	 Code coverage: 77.66% (796/1025) 	 Branch coverage: 93.18% (41/44) 	 Transactions: 46 (36 unique)   	 Time: 0.2539033889770508[0m
2025-09-21 15:07:04,708 - Analysis - INFO - [1mGeneration number 2 	 Code coverage: 77.66% (796/1025) 	 Branch coverage: 93.18% (41/44) 	 Transactions: 101 (53 unique)   	 Time: 0.6369915008544922[0m
2025-09-21 15:07:05,188 - Analysis - INFO - [1mGeneration number 3 	 Code coverage: 77.95% (799/1025) 	 Branch coverage: 95.45% (42/44) 	 Transactions: 163 (70 unique)   	 Time: 1.1168761253356934[0m
2025-09-21 15:07:05,615 - Analysis - INFO - [1mGeneration number 4 	 Code coverage: 77.95% (799/1025) 	 Branch coverage: 95.45% (42/44) 	 Transactions: 222 (88 unique)   	 Time: 1.5444447994232178[0m
2025-09-21 15:07:06,123 - Analysis - INFO - [1mGeneration number 5 	 Code coverage: 77.95% (799/1025) 	 Branch coverage: 95.45% (42/44) 	 Transactions: 287 (104 unique)   	 Time: 2.052610397338867[0m
2025-09-21 15:07:06,640 - Analysis - INFO - [1mGeneration number 6 	 Code coverage: 77.95% (799/1025) 	 Branch coverage: 95.45% (42/44) 	 Transactions: 353 (121 unique)   	 Time: 2.5695858001708984[0m
2025-09-21 15:07:07,065 - Detector - INFO - [1m[31m-----------------------------------------------------[0m
2025-09-21 15:07:07,065 - Detector - INFO - [1m[31m          !!! Integer overflow detected !!!          [0m
2025-09-21 15:07:07,065 - Detector - INFO - [1m[31m-----------------------------------------------------[0m
2025-09-21 15:07:07,065 - Detector - INFO - [1m[31mSWC-ID:   101[0m
2025-09-21 15:07:07,065 - Detector - INFO - [1m[31mSeverity: High[0m
2025-09-21 15:07:07,065 - Detector - INFO - [1m[31m-----------------------------------------------------[0m
2025-09-21 15:07:07,065 - Detector - INFO - [1m[31mSource code line:[0m
2025-09-21 15:07:07,065 - Detector - INFO - [1m[31m-----------------------------------------------------[0m
2025-09-21 15:07:07,065 - Detector - INFO - [1m[31m/sb/0x820a002161b7617382adf5d8524f032efef12e68.sol:53:17[0m
2025-09-21 15:07:07,065 - Detector - INFO - [1m[31ma + b[0m
2025-09-21 15:07:07,066 - Detector - INFO - [1m[31m-----------------------------------------------------[0m
2025-09-21 15:07:07,066 - Detector - INFO - [1m[31mTransaction sequence:[0m
2025-09-21 15:07:07,066 - Detector - INFO - [1m[31m-----------------------------------------------------[0m
2025-09-21 15:07:07,066 - Detector - INFO - [1m[31mTransaction 1 - approve(address,uint256):[0m
2025-09-21 15:07:07,066 - Detector - INFO - [1m[31m-----------------------------------------------------[0m
2025-09-21 15:07:07,066 - Detector - INFO - [1m[31mFrom:      0xdeadbeefdeadbeefdeadbeefdeadbeefdeadbeef[0m
2025-09-21 15:07:07,066 - Detector - INFO - [1m[31mTo:        0x2c5e8a3b3aad9df32339409534e64dfcabcd3a65[0m
2025-09-21 15:07:07,066 - Detector - INFO - [1m[31mValue:     0 Wei[0m
2025-09-21 15:07:07,066 - Detector - INFO - [1m[31mGas Limit: 4500000[0m
2025-09-21 15:07:07,066 - Detector - INFO - [1m[31mInput:     0x095ea7b3000000000000000000000000ffffffff[0m
2025-09-21 15:07:07,066 - Detector - INFO - [1m[31m           ffffffffffffffffffffffffffffffffffffffffff[0m
2025-09-21 15:07:07,066 - Detector - INFO - [1m[31m           ffffffffffffffffffffffffffffffffffffffffff[0m
2025-09-21 15:07:07,066 - Detector - INFO - [1m[31m           fffffffffffd[0m
2025-09-21 15:07:07,066 - Detector - INFO - [1m[31m-----------------------------------------------------[0m
2025-09-21 15:07:07,066 - Detector - INFO - [1m[31mTransaction 2 - increaseApproval(address,uint256):[0m
2025-09-21 15:07:07,066 - Detector - INFO - [1m[31m-----------------------------------------------------[0m
2025-09-21 15:07:07,066 - Detector - INFO - [1m[31mFrom:      0xdeadbeefdeadbeefdeadbeefdeadbeefdeadbeef[0m
2025-09-21 15:07:07,066 - Detector - INFO - [1m[31mTo:        0x2c5e8a3b3aad9df32339409534e64dfcabcd3a65[0m
2025-09-21 15:07:07,066 - Detector - INFO - [1m[31mValue:     0 Wei[0m
2025-09-21 15:07:07,066 - Detector - INFO - [1m[31mGas Limit: 4500000[0m
2025-09-21 15:07:07,066 - Detector - INFO - [1m[31mInput:     0xd73dd623000000000000000000000000ffffffff[0m
2025-09-21 15:07:07,067 - Detector - INFO - [1m[31m           ffffffffffffffffffffffffffffffffffffffffff[0m
2025-09-21 15:07:07,067 - Detector - INFO - [1m[31m           ffffffffffffffffffffffffffffffffffffffffff[0m
2025-09-21 15:07:07,067 - Detector - INFO - [1m[31m           fffffffffffd[0m
2025-09-21 15:07:07,067 - Detector - INFO - [1m[31m-----------------------------------------------------[0m
2025-09-21 15:07:07,067 - Detector - INFO - [1m[31mTransaction 3 - decreaseApproval(address,uint256):[0m
2025-09-21 15:07:07,067 - Detector - INFO - [1m[31m-----------------------------------------------------[0m
2025-09-21 15:07:07,067 - Detector - INFO - [1m[31mFrom:      0xdeadbeefdeadbeefdeadbeefdeadbeefdeadbeef[0m
2025-09-21 15:07:07,067 - Detector - INFO - [1m[31mTo:        0x2c5e8a3b3aad9df32339409534e64dfcabcd3a65[0m
2025-09-21 15:07:07,067 - Detector - INFO - [1m[31mValue:     1 Wei[0m
2025-09-21 15:07:07,067 - Detector - INFO - [1m[31mGas Limit: 4500000[0m
2025-09-21 15:07:07,067 - Detector - INFO - [1m[31mInput:     0x66188463000000000000000000000000cafebabe[0m
2025-09-21 15:07:07,067 - Detector - INFO - [1m[31m           cafebabecafebabecafebabecafebabe0000000000[0m
2025-09-21 15:07:07,067 - Detector - INFO - [1m[31m           000000000000000000000000000000000000000000[0m
2025-09-21 15:07:07,067 - Detector - INFO - [1m[31m           000000000000[0m
2025-09-21 15:07:07,067 - Detector - INFO - [1m[31m-----------------------------------------------------[0m
2025-09-21 15:07:07,067 - Detector - INFO - [1m[31mTransaction 4 - increaseApproval(address,uint256):[0m
2025-09-21 15:07:07,067 - Detector - INFO - [1m[31m-----------------------------------------------------[0m
2025-09-21 15:07:07,067 - Detector - INFO - [1m[31mFrom:      0xdeadbeefdeadbeefdeadbeefdeadbeefdeadbeef[0m
2025-09-21 15:07:07,067 - Detector - INFO - [1m[31mTo:        0x2c5e8a3b3aad9df32339409534e64dfcabcd3a65[0m
2025-09-21 15:07:07,067 - Detector - INFO - [1m[31mValue:     0 Wei[0m
2025-09-21 15:07:07,067 - Detector - INFO - [1m[31mGas Limit: 4500000[0m
2025-09-21 15:07:07,067 - Detector - INFO - [1m[31mInput:     0xd73dd623000000000000000000000000deadbeef[0m
2025-09-21 15:07:07,068 - Detector - INFO - [1m[31m           deadbeefdeadbeefdeadbeefdeadbeefa47e3678fa[0m
2025-09-21 15:07:07,068 - Detector - INFO - [1m[31m           5ee61ecb34cce345594c89b3a9540dd0495cc307de[0m
2025-09-21 15:07:07,068 - Detector - INFO - [1m[31m           fe107dd08281[0m
2025-09-21 15:07:07,068 - Detector - INFO - [1m[31m-----------------------------------------------------[0m
2025-09-21 15:07:07,072 - Detector - INFO - [1m[33m-----------------------------------------------------[0m
2025-09-21 15:07:07,072 - Detector - INFO - [1m[33m          !!! Assertion failure detected !!!         [0m
2025-09-21 15:07:07,072 - Detector - INFO - [1m[33m-----------------------------------------------------[0m
2025-09-21 15:07:07,072 - Detector - INFO - [1m[33mSWC-ID:   110[0m
2025-09-21 15:07:07,072 - Detector - INFO - [1m[33mSeverity: Medium[0m
2025-09-21 15:07:07,072 - Detector - INFO - [1m[33m-----------------------------------------------------[0m
2025-09-21 15:07:07,072 - Detector - INFO - [1m[33mSource code line:[0m
2025-09-21 15:07:07,072 - Detector - INFO - [1m[33m-----------------------------------------------------[0m
2025-09-21 15:07:07,072 - Detector - INFO - [1m[33m/sb/0x820a002161b7617382adf5d8524f032efef12e68.sol:55:1[0m
2025-09-21 15:07:07,072 - Detector - INFO - [1m[33massert(c >= a)[0m
2025-09-21 15:07:07,072 - Detector - INFO - [1m[33m-----------------------------------------------------[0m
2025-09-21 15:07:07,072 - Detector - INFO - [1m[33mTransaction sequence:[0m
2025-09-21 15:07:07,072 - Detector - INFO - [1m[33m-----------------------------------------------------[0m
2025-09-21 15:07:07,072 - Detector - INFO - [1m[33mTransaction 1 - approve(address,uint256):[0m
2025-09-21 15:07:07,073 - Detector - INFO - [1m[33m-----------------------------------------------------[0m
2025-09-21 15:07:07,073 - Detector - INFO - [1m[33mFrom:      0xdeadbeefdeadbeefdeadbeefdeadbeefdeadbeef[0m
2025-09-21 15:07:07,073 - Detector - INFO - [1m[33mTo:        0x2c5e8a3b3aad9df32339409534e64dfcabcd3a65[0m
2025-09-21 15:07:07,073 - Detector - INFO - [1m[33mValue:     0 Wei[0m
2025-09-21 15:07:07,073 - Detector - INFO - [1m[33mGas Limit: 4500000[0m
2025-09-21 15:07:07,073 - Detector - INFO - [1m[33mInput:     0x095ea7b3000000000000000000000000ffffffff[0m
2025-09-21 15:07:07,073 - Detector - INFO - [1m[33m           ffffffffffffffffffffffffffffffffffffffffff[0m
2025-09-21 15:07:07,073 - Detector - INFO - [1m[33m           ffffffffffffffffffffffffffffffffffffffffff[0m
2025-09-21 15:07:07,073 - Detector - INFO - [1m[33m           fffffffffffd[0m
2025-09-21 15:07:07,073 - Detector - INFO - [1m[33m-----------------------------------------------------[0m
2025-09-21 15:07:07,073 - Detector - INFO - [1m[33mTransaction 2 - increaseApproval(address,uint256):[0m
2025-09-21 15:07:07,073 - Detector - INFO - [1m[33m-----------------------------------------------------[0m
2025-09-21 15:07:07,073 - Detector - INFO - [1m[33mFrom:      0xdeadbeefdeadbeefdeadbeefdeadbeefdeadbeef[0m
2025-09-21 15:07:07,073 - Detector - INFO - [1m[33mTo:        0x2c5e8a3b3aad9df32339409534e64dfcabcd3a65[0m
2025-09-21 15:07:07,073 - Detector - INFO - [1m[33mValue:     0 Wei[0m
2025-09-21 15:07:07,073 - Detector - INFO - [1m[33mGas Limit: 4500000[0m
2025-09-21 15:07:07,073 - Detector - INFO - [1m[33mInput:     0xd73dd623000000000000000000000000ffffffff[0m
2025-09-21 15:07:07,073 - Detector - INFO - [1m[33m           ffffffffffffffffffffffffffffffffffffffffff[0m
2025-09-21 15:07:07,073 - Detector - INFO - [1m[33m           ffffffffffffffffffffffffffffffffffffffffff[0m
2025-09-21 15:07:07,073 - Detector - INFO - [1m[33m           fffffffffffd[0m
2025-09-21 15:07:07,073 - Detector - INFO - [1m[33m-----------------------------------------------------[0m
2025-09-21 15:07:07,073 - Detector - INFO - [1m[33mTransaction 3 - decreaseApproval(address,uint256):[0m
2025-09-21 15:07:07,074 - Detector - INFO - [1m[33m-----------------------------------------------------[0m
2025-09-21 15:07:07,074 - Detector - INFO - [1m[33mFrom:      0xdeadbeefdeadbeefdeadbeefdeadbeefdeadbeef[0m
2025-09-21 15:07:07,074 - Detector - INFO - [1m[33mTo:        0x2c5e8a3b3aad9df32339409534e64dfcabcd3a65[0m
2025-09-21 15:07:07,074 - Detector - INFO - [1m[33mValue:     1 Wei[0m
2025-09-21 15:07:07,074 - Detector - INFO - [1m[33mGas Limit: 4500000[0m
2025-09-21 15:07:07,074 - Detector - INFO - [1m[33mInput:     0x66188463000000000000000000000000cafebabe[0m
2025-09-21 15:07:07,074 - Detector - INFO - [1m[33m           cafebabecafebabecafebabecafebabe0000000000[0m
2025-09-21 15:07:07,074 - Detector - INFO - [1m[33m           000000000000000000000000000000000000000000[0m
2025-09-21 15:07:07,074 - Detector - INFO - [1m[33m           000000000000[0m
2025-09-21 15:07:07,074 - Detector - INFO - [1m[33m-----------------------------------------------------[0m
2025-09-21 15:07:07,074 - Detector - INFO - [1m[33mTransaction 4 - increaseApproval(address,uint256):[0m
2025-09-21 15:07:07,074 - Detector - INFO - [1m[33m-----------------------------------------------------[0m
2025-09-21 15:07:07,074 - Detector - INFO - [1m[33mFrom:      0xdeadbeefdeadbeefdeadbeefdeadbeefdeadbeef[0m
2025-09-21 15:07:07,074 - Detector - INFO - [1m[33mTo:        0x2c5e8a3b3aad9df32339409534e64dfcabcd3a65[0m
2025-09-21 15:07:07,074 - Detector - INFO - [1m[33mValue:     0 Wei[0m
2025-09-21 15:07:07,074 - Detector - INFO - [1m[33mGas Limit: 4500000[0m
2025-09-21 15:07:07,074 - Detector - INFO - [1m[33mInput:     0xd73dd623000000000000000000000000deadbeef[0m
2025-09-21 15:07:07,074 - Detector - INFO - [1m[33m           deadbeefdeadbeefdeadbeefdeadbeefa47e3678fa[0m
2025-09-21 15:07:07,074 - Detector - INFO - [1m[33m           5ee61ecb34cce345594c89b3a9540dd0495cc307de[0m
2025-09-21 15:07:07,074 - Detector - INFO - [1m[33m           fe107dd08281[0m
2025-09-21 15:07:07,074 - Detector - INFO - [1m[33m-----------------------------------------------------[0m
2025-09-21 15:07:07,311 - Analysis - INFO - [1mGeneration number 7 	 Code coverage: 78.05% (800/1025) 	 Branch coverage: 97.73% (43/44) 	 Transactions: 432 (138 unique)   	 Time: 3.2402596473693848[0m
2025-09-21 15:07:07,926 - Analysis - INFO - [1mGeneration number 8 	 Code coverage: 90.93% (932/1025) 	 Branch coverage: 97.73% (43/44) 	 Transactions: 515 (156 unique)   	 Time: 3.8553953170776367[0m
2025-09-21 15:07:08,615 - Analysis - INFO - [1mGeneration number 9 	 Code coverage: 90.93% (932/1025) 	 Branch coverage: 97.73% (43/44) 	 Transactions: 603 (174 unique)   	 Time: 4.5443336963653564[0m
2025-09-21 15:07:09,302 - Analysis - INFO - [1mGeneration number 10 	 Code coverage: 90.93% (932/1025) 	 Branch coverage: 97.73% (43/44) 	 Transactions: 691 (192 unique)   	 Time: 5.231722593307495[0m
2025-09-21 15:07:09,313 - Analysis - INFO - [1m-----------------------------------------------------[0m
2025-09-21 15:07:09,313 - Analysis - INFO - Number of generations: 	 10
2025-09-21 15:07:09,313 - Analysis - INFO - Number of transactions: 	 691 (192 unique)
2025-09-21 15:07:09,313 - Analysis - INFO - Transactions per second: 	 132
2025-09-21 15:07:09,313 - Analysis - INFO - Total code coverage: 	 90.93% (932/1025)
2025-09-21 15:07:09,313 - Analysis - INFO - Total branch coverage: 	 97.73% (43/44)
2025-09-21 15:07:09,313 - Analysis - INFO - Total execution time: 	 5.24 seconds
2025-09-21 15:07:09,313 - Analysis - INFO - Total memory consumption: 	 82.30 MB

     ______            ______                _           
    / ____/___  ____  / ____/_  __________  (_)_  _______
   / /   / __ \/ __ \/ /_  / / / /_  /_  / / / / / / ___/
  / /___/ /_/ / / / / __/ / /_/ / / /_/ /_/ / /_/ (__  ) 
  \____/\____/_/ /_/_/    \__,_/ /___/___/_/\__,_/____/  

delteed file
