METRICS: Using configs from the Registry (like --config=p/ci) reports pseudonymous rule metrics to semgrep.dev.
To disable Registry rule metrics, use "--metrics=off".
Using configs only from local files (like --config=xyz.yml) does not enable metrics.

More information: https://semgrep.dev/docs/metrics

               
               
┌─────────────┐
│ Scan Status │
└─────────────┘
  Scanning 1 file tracked by git with 48 Code rules:
  Scanning 1 file with 48 solidity rules.
                  
                  
┌────────────────┐
│ 1 Code Finding │
└────────────────┘
                                                       
    /sb/0x4e73b32ed6c35f570686b89848e5f39f20ecc106.sol 
       solidity.performance.use-nested-if                                       
          Using nested is cheaper than using && multiple check combinations.    
  There are more                                                                
          advantages, such as easier to read code and better coverage reports.  
                                                                                
           51┆ if(balances[msg.sender]>=MinSum && balances[msg.sender]>=_am)
           52┆ {
           53┆     // <yes> <report> REENTRANCY
           54┆     if(msg.sender.call.value(_am)())
           55┆     {
           56┆         balances[msg.sender]-=_am;
           57┆         Log.AddMessage(msg.sender,_am,"Collect");
           58┆     }
           59┆ }

                
                
┌──────────────┐
│ Scan Summary │
└──────────────┘

Ran 48 rules on 1 file: 1 finding.

A new version of Semgrep is available. See https://semgrep.dev/docs/upgrading

Versions prior to 1.76.0 are no longer supported by Semgrep.dev, please upgrade.
