'solc --version' running
'solc /sb/wallet_03_wrong_constructor.sol --combined-json abi,ast,bin,bin-runtime,srcmap,srcmap-runtime,userdoc,devdoc,hashes,compact-format --allow-paths .,/sb' running
Compilation warnings/errors on /sb/wallet_03_wrong_constructor.sol:
/sb/wallet_03_wrong_constructor.sol:38:22: Warning: Using contract member "balance" inherited from the address type is deprecated. Convert the contract to "address" type to access the member, for example use "address(contract).balance" instead.
         to.transfer(this.balance);
                     ^----------^


Wallet.migrateTo(address).to (../../sb/wallet_03_wrong_constructor.sol#36) lacks a zero-check on :
		- to.transfer(this.balance) (../../sb/wallet_03_wrong_constructor.sol#38)
Reference: https://github.com/crytic/slither/wiki/Detector-Documentation#missing-zero-address-validation

Version constraint ^0.4.24 contains known severe issues (https://solidity.readthedocs.io/en/latest/bugs.html)
	- DirtyBytesArrayToStorage
	- ABIDecodeTwoDimensionalArrayMemory
	- KeccakCaching
	- EmptyByteArrayCopy
	- DynamicArrayCleanup
	- ImplicitConstructorCallvalueCheck
	- TupleAssignmentMultiStackSlotComponents
	- MemoryArrayCreationOverflow
	- privateCanBeOverridden
	- SignedArrayStorageCopy
	- ABIEncoderV2StorageArrayWithMultiSlotElement
	- DynamicConstructorArgumentsClippedABIV2
	- UninitializedFunctionPointerInConstructor_0.4.x
	- IncorrectEventSignatureInLibraries_0.4.x
	- ABIEncoderV2PackedStorage_0.4.x
	- ExpExponentCleanup
	- EventStructWrongData.
It is used by:
	- ^0.4.24 (../../sb/wallet_03_wrong_constructor.sol#7)
solc-0.4.26 is an outdated solc version. Use a more recent version (at least 0.8.0), if possible.
Reference: https://github.com/crytic/slither/wiki/Detector-Documentation#incorrect-versions-of-solidity

Reentrancy in Wallet.withdraw(uint256) (../../sb/wallet_03_wrong_constructor.sol#28-32):
	External calls:
	- msg.sender.transfer(amount) (../../sb/wallet_03_wrong_constructor.sol#30)
	State variables written after the call(s):
	- balances[msg.sender] -= amount (../../sb/wallet_03_wrong_constructor.sol#31)
Reference: https://github.com/crytic/slither/wiki/Detector-Documentation#reentrancy-vulnerabilities-4
/sb/wallet_03_wrong_constructor.sol analyzed (1 contracts with 93 detectors), 4 result(s) found
