'solc --version' running
'solc /sb/0x864def510d754df9c1d43b925dd9887baa5acb07.sol --combined-json abi,ast,bin,bin-runtime,srcmap,srcmap-runtime,userdoc,devdoc,hashes,compact-format --allow-paths .,/sb' running
Compilation warnings/errors on /sb/0x864def510d754df9c1d43b925dd9887baa5acb07.sol:
/sb/0x864def510d754df9c1d43b925dd9887baa5acb07.sol:5:5: Warning: Defining constructors as functions with the same name as the contract is deprecated. Use "constructor(...) { ... }" instead.
    function owned() {
    ^ (Relevant source part starts here and spans across multiple lines).
/sb/0x864def510d754df9c1d43b925dd9887baa5acb07.sol:48:5: Warning: Defining constructors as functions with the same name as the contract is deprecated. Use "constructor(...) { ... }" instead.
    function MyToken() {
    ^ (Relevant source part starts here and spans across multiple lines).
/sb/0x864def510d754df9c1d43b925dd9887baa5acb07.sol:51:9: Warning: Invoking events without "emit" prefix is deprecated.
        Transfer(this, msg.sender,4000000000000000000000);
        ^-----------------------------------------------^
/sb/0x864def510d754df9c1d43b925dd9887baa5acb07.sol:64:9: Warning: Invoking events without "emit" prefix is deprecated.
        Transfer(this,msg.sender, totalTokens);
        ^------------------------------------^
/sb/0x864def510d754df9c1d43b925dd9887baa5acb07.sol:88:10: Warning: Invoking events without "emit" prefix is deprecated.
         FrozenFunds(target, freeze);
         ^-------------------------^
/sb/0x864def510d754df9c1d43b925dd9887baa5acb07.sol:98:9: Warning: Invoking events without "emit" prefix is deprecated.
        Transfer(msg.sender, _to, _value);                   // Notify anyone listening that this transfer took place
        ^-------------------------------^
/sb/0x864def510d754df9c1d43b925dd9887baa5acb07.sol:104:9: Warning: Invoking events without "emit" prefix is deprecated.
        Approval(msg.sender, _spender, _value);
        ^------------------------------------^
/sb/0x864def510d754df9c1d43b925dd9887baa5acb07.sol:117:9: Warning: Invoking events without "emit" prefix is deprecated.
        Transfer(_from, _to, _value);
        ^--------------------------^
/sb/0x864def510d754df9c1d43b925dd9887baa5acb07.sol:5:5: Warning: No visibility specified. Defaulting to "public". 
    function owned() {
    ^ (Relevant source part starts here and spans across multiple lines).
/sb/0x864def510d754df9c1d43b925dd9887baa5acb07.sol:18:5: Warning: No visibility specified. Defaulting to "public". 
    function transferOwnership(address newOwner) onlyOwner {
    ^ (Relevant source part starts here and spans across multiple lines).
/sb/0x864def510d754df9c1d43b925dd9887baa5acb07.sol:27:27: Warning: No visibility specified. Defaulting to "public". 
contract tokenRecipient { function receiveApproval(address _from, uint256 _value, address _token, bytes _extraData); }
                          ^----------------------------------------------------------------------------------------^
/sb/0x864def510d754df9c1d43b925dd9887baa5acb07.sol:48:5: Warning: No visibility specified. Defaulting to "public". 
    function MyToken() {
    ^ (Relevant source part starts here and spans across multiple lines).
/sb/0x864def510d754df9c1d43b925dd9887baa5acb07.sol:53:5: Warning: No visibility specified. Defaulting to "public". 
    function changeAuthorisedContract(address target) onlyOwner
    ^ (Relevant source part starts here and spans across multiple lines).
/sb/0x864def510d754df9c1d43b925dd9887baa5acb07.sol:57:5: Warning: No visibility specified. Defaulting to "public". 
    function() payable{
    ^ (Relevant source part starts here and spans across multiple lines).
/sb/0x864def510d754df9c1d43b925dd9887baa5acb07.sol:66:6: Warning: No visibility specified. Defaulting to "public". 
     function totalSupply() constant returns (uint TotalSupply){
     ^ (Relevant source part starts here and spans across multiple lines).
/sb/0x864def510d754df9c1d43b925dd9887baa5acb07.sol:69:7: Warning: No visibility specified. Defaulting to "public". 
      function balanceOf(address _owner) constant returns (uint balance) {
      ^ (Relevant source part starts here and spans across multiple lines).
/sb/0x864def510d754df9c1d43b925dd9887baa5acb07.sol:72:6: Warning: No visibility specified. Defaulting to "public". 
     function closeCrowdsale() onlyOwner{
     ^ (Relevant source part starts here and spans across multiple lines).
/sb/0x864def510d754df9c1d43b925dd9887baa5acb07.sol:75:6: Warning: No visibility specified. Defaulting to "public". 
     function openCrowdsale() onlyOwner{
     ^ (Relevant source part starts here and spans across multiple lines).
/sb/0x864def510d754df9c1d43b925dd9887baa5acb07.sol:78:6: Warning: No visibility specified. Defaulting to "public". 
     function changePrice(uint newAmountOfTokensPerEther) onlyOwner{
     ^ (Relevant source part starts here and spans across multiple lines).
/sb/0x864def510d754df9c1d43b925dd9887baa5acb07.sol:82:6: Warning: No visibility specified. Defaulting to "public". 
     function withdrawal(uint256 amountOfWei) onlyOwner{
     ^ (Relevant source part starts here and spans across multiple lines).
/sb/0x864def510d754df9c1d43b925dd9887baa5acb07.sol:85:6: Warning: No visibility specified. Defaulting to "public". 
     function freezeAccount(address target, bool freeze) onlyAuthorisedAddress
     ^ (Relevant source part starts here and spans across multiple lines).
/sb/0x864def510d754df9c1d43b925dd9887baa5acb07.sol:92:5: Warning: No visibility specified. Defaulting to "public". 
    function transfer(address _to, uint256 _value) onlyPayloadSize(2*32) {
    ^ (Relevant source part starts here and spans across multiple lines).
/sb/0x864def510d754df9c1d43b925dd9887baa5acb07.sol:101:5: Warning: No visibility specified. Defaulting to "public". 
    function approve(address _spender, uint256 _value)onlyPayloadSize(2*32)
    ^ (Relevant source part starts here and spans across multiple lines).
/sb/0x864def510d754df9c1d43b925dd9887baa5acb07.sol:109:5: Warning: No visibility specified. Defaulting to "public". 
    function transferFrom(address _from, address _to, uint256 _value) returns (bool success)  {
    ^ (Relevant source part starts here and spans across multiple lines).
/sb/0x864def510d754df9c1d43b925dd9887baa5acb07.sol:120:5: Warning: No visibility specified. Defaulting to "public". 
    function allowance(address _owner, address _spender) constant returns (uint remaining) {
    ^ (Relevant source part starts here and spans across multiple lines).


MyToken (../../sb/0x864def510d754df9c1d43b925dd9887baa5acb07.sol#29-124) has incorrect ERC20 function interface:MyToken.transfer(address,uint256) (../../sb/0x864def510d754df9c1d43b925dd9887baa5acb07.sol#92-99)
Reference: https://github.com/crytic/slither/wiki/Detector-Documentation#incorrect-erc20-interface

owned.transferOwnership(address) (../../sb/0x864def510d754df9c1d43b925dd9887baa5acb07.sol#18-20) should emit an event for: 
	- owner = newOwner (../../sb/0x864def510d754df9c1d43b925dd9887baa5acb07.sol#19) 
MyToken.changeAuthorisedContract(address) (../../sb/0x864def510d754df9c1d43b925dd9887baa5acb07.sol#53-56) should emit an event for: 
	- authorisedContract = target (../../sb/0x864def510d754df9c1d43b925dd9887baa5acb07.sol#55) 
Reference: https://github.com/crytic/slither/wiki/Detector-Documentation#missing-events-access-control

MyToken.changePrice(uint256) (../../sb/0x864def510d754df9c1d43b925dd9887baa5acb07.sol#78-81) should emit an event for: 
	- amountOfTokensPerEther = newAmountOfTokensPerEther (../../sb/0x864def510d754df9c1d43b925dd9887baa5acb07.sol#80) 
Reference: https://github.com/crytic/slither/wiki/Detector-Documentation#missing-events-arithmetic

owned.transferOwnership(address).newOwner (../../sb/0x864def510d754df9c1d43b925dd9887baa5acb07.sol#18) lacks a zero-check on :
		- owner = newOwner (../../sb/0x864def510d754df9c1d43b925dd9887baa5acb07.sol#19)
MyToken.changeAuthorisedContract(address).target (../../sb/0x864def510d754df9c1d43b925dd9887baa5acb07.sol#53) lacks a zero-check on :
		- authorisedContract = target (../../sb/0x864def510d754df9c1d43b925dd9887baa5acb07.sol#55)
Reference: https://github.com/crytic/slither/wiki/Detector-Documentation#missing-zero-address-validation

Version constraint ^0.4.11 contains known severe issues (https://solidity.readthedocs.io/en/latest/bugs.html)
	- DirtyBytesArrayToStorage
	- KeccakCaching
	- EmptyByteArrayCopy
	- DynamicArrayCleanup
	- ImplicitConstructorCallvalueCheck
	- TupleAssignmentMultiStackSlotComponents
	- MemoryArrayCreationOverflow
	- privateCanBeOverridden
	- SignedArrayStorageCopy
	- UninitializedFunctionPointerInConstructor_0.4.x
	- IncorrectEventSignatureInLibraries_0.4.x
	- ExpExponentCleanup
	- NestedArrayFunctionCallDecoder
	- ZeroFunctionSelector
	- DelegateCallReturnValue
	- ECRecoverMalformedInput
	- SkipEmptyStringLiteral.
It is used by:
	- ^0.4.11 (../../sb/0x864def510d754df9c1d43b925dd9887baa5acb07.sol#1)
solc-0.4.26 is an outdated solc version. Use a more recent version (at least 0.8.0), if possible.
Reference: https://github.com/crytic/slither/wiki/Detector-Documentation#incorrect-versions-of-solidity

Contract owned (../../sb/0x864def510d754df9c1d43b925dd9887baa5acb07.sol#2-25) is not in CapWords
Contract tokenRecipient (../../sb/0x864def510d754df9c1d43b925dd9887baa5acb07.sol#27) is not in CapWords
Parameter MyToken.balanceOf(address)._owner (../../sb/0x864def510d754df9c1d43b925dd9887baa5acb07.sol#69) is not in mixedCase
Parameter MyToken.transfer(address,uint256)._to (../../sb/0x864def510d754df9c1d43b925dd9887baa5acb07.sol#92) is not in mixedCase
Parameter MyToken.transfer(address,uint256)._value (../../sb/0x864def510d754df9c1d43b925dd9887baa5acb07.sol#92) is not in mixedCase
Parameter MyToken.approve(address,uint256)._spender (../../sb/0x864def510d754df9c1d43b925dd9887baa5acb07.sol#101) is not in mixedCase
Parameter MyToken.approve(address,uint256)._value (../../sb/0x864def510d754df9c1d43b925dd9887baa5acb07.sol#101) is not in mixedCase
Parameter MyToken.transferFrom(address,address,uint256)._from (../../sb/0x864def510d754df9c1d43b925dd9887baa5acb07.sol#109) is not in mixedCase
Parameter MyToken.transferFrom(address,address,uint256)._to (../../sb/0x864def510d754df9c1d43b925dd9887baa5acb07.sol#109) is not in mixedCase
Parameter MyToken.transferFrom(address,address,uint256)._value (../../sb/0x864def510d754df9c1d43b925dd9887baa5acb07.sol#109) is not in mixedCase
Parameter MyToken.allowance(address,address)._owner (../../sb/0x864def510d754df9c1d43b925dd9887baa5acb07.sol#120) is not in mixedCase
Parameter MyToken.allowance(address,address)._spender (../../sb/0x864def510d754df9c1d43b925dd9887baa5acb07.sol#120) is not in mixedCase
Reference: https://github.com/crytic/slither/wiki/Detector-Documentation#conformance-to-solidity-naming-conventions

MyToken.MyToken() (../../sb/0x864def510d754df9c1d43b925dd9887baa5acb07.sol#48-52) uses literals with too many digits:
	- _balanceOf[msg.sender] = 4000000000000000000000 (../../sb/0x864def510d754df9c1d43b925dd9887baa5acb07.sol#49)
MyToken.MyToken() (../../sb/0x864def510d754df9c1d43b925dd9887baa5acb07.sol#48-52) uses literals with too many digits:
	- _totalSupply = 4000000000000000000000 (../../sb/0x864def510d754df9c1d43b925dd9887baa5acb07.sol#50)
MyToken.MyToken() (../../sb/0x864def510d754df9c1d43b925dd9887baa5acb07.sol#48-52) uses literals with too many digits:
	- Transfer(this,msg.sender,4000000000000000000000) (../../sb/0x864def510d754df9c1d43b925dd9887baa5acb07.sol#51)
Reference: https://github.com/crytic/slither/wiki/Detector-Documentation#too-many-digits

MyToken.decimals (../../sb/0x864def510d754df9c1d43b925dd9887baa5acb07.sol#33) should be constant 
MyToken.name (../../sb/0x864def510d754df9c1d43b925dd9887baa5acb07.sol#31) should be constant 
MyToken.symbol (../../sb/0x864def510d754df9c1d43b925dd9887baa5acb07.sol#32) should be constant 
Reference: https://github.com/crytic/slither/wiki/Detector-Documentation#state-variables-that-could-be-declared-constant

receiveApproval(address,uint256,address,bytes) should be declared external:
	- tokenRecipient.receiveApproval(address,uint256,address,bytes) (../../sb/0x864def510d754df9c1d43b925dd9887baa5acb07.sol#27)
Reference: https://github.com/crytic/slither/wiki/Detector-Documentation#public-function-that-could-be-declared-external
/sb/0x864def510d754df9c1d43b925dd9887baa5acb07.sol analyzed (3 contracts with 93 detectors), 27 result(s) found
