2025-09-21 15:39:52,675 - Main     - INFO - [1mInitializing seed to 1427655.0[0m
2025-09-21 15:39:52,767 - Fuzzer   - INFO - [1mFuzzing contract [1mEOCToken[0m[0m
2025-09-21 15:39:52,908 - Analysis - INFO - [1mGeneration number 0 	 Code coverage: 64.90% (993/1530) 	 Branch coverage: 71.11% (64/90) 	 Transactions: 27 (26 unique)   	 Time: 0.127763032913208[0m
2025-09-21 15:39:53,061 - Analysis - INFO - [1mGeneration number 1 	 Code coverage: 66.21% (1013/1530) 	 Branch coverage: 72.22% (65/90) 	 Transactions: 50 (38 unique)   	 Time: 0.28096723556518555[0m
2025-09-21 15:39:53,278 - Analysis - INFO - [1mGeneration number 2 	 Code coverage: 70.78% (1083/1530) 	 Branch coverage: 75.56% (68/90) 	 Transactions: 74 (50 unique)   	 Time: 0.49770450592041016[0m
2025-09-21 15:39:53,743 - Analysis - INFO - [1mGeneration number 3 	 Code coverage: 70.78% (1083/1530) 	 Branch coverage: 75.56% (68/90) 	 Transactions: 126 (67 unique)   	 Time: 0.9635140895843506[0m
2025-09-21 15:39:54,583 - Analysis - INFO - [1mGeneration number 4 	 Code coverage: 70.98% (1086/1530) 	 Branch coverage: 76.67% (69/90) 	 Transactions: 207 (89 unique)   	 Time: 1.8031513690948486[0m
2025-09-21 15:39:55,504 - Analysis - INFO - [1mGeneration number 5 	 Code coverage: 70.98% (1086/1530) 	 Branch coverage: 76.67% (69/90) 	 Transactions: 295 (112 unique)   	 Time: 2.7237043380737305[0m
2025-09-21 15:39:56,578 - Analysis - INFO - [1mGeneration number 6 	 Code coverage: 70.98% (1086/1530) 	 Branch coverage: 76.67% (69/90) 	 Transactions: 399 (138 unique)   	 Time: 3.7981550693511963[0m
2025-09-21 15:39:57,770 - Analysis - INFO - [1mGeneration number 7 	 Code coverage: 70.98% (1086/1530) 	 Branch coverage: 76.67% (69/90) 	 Transactions: 509 (164 unique)   	 Time: 4.99044942855835[0m
2025-09-21 15:39:59,016 - Analysis - INFO - [1mGeneration number 8 	 Code coverage: 70.98% (1086/1530) 	 Branch coverage: 76.67% (69/90) 	 Transactions: 621 (190 unique)   	 Time: 6.236461639404297[0m
2025-09-21 15:40:00,323 - Analysis - INFO - [1mGeneration number 9 	 Code coverage: 70.98% (1086/1530) 	 Branch coverage: 76.67% (69/90) 	 Transactions: 738 (216 unique)   	 Time: 7.543178558349609[0m
2025-09-21 15:40:01,677 - Analysis - INFO - [1mGeneration number 10 	 Code coverage: 70.98% (1086/1530) 	 Branch coverage: 76.67% (69/90) 	 Transactions: 856 (242 unique)   	 Time: 8.89750051498413[0m
2025-09-21 15:40:03,018 - Analysis - INFO - [1mGeneration number 11 	 Code coverage: 70.98% (1086/1530) 	 Branch coverage: 76.67% (69/90) 	 Transactions: 974 (268 unique)   	 Time: 10.237977504730225[0m
2025-09-21 15:40:04,375 - Analysis - INFO - [1mGeneration number 12 	 Code coverage: 70.98% (1086/1530) 	 Branch coverage: 76.67% (69/90) 	 Transactions: 1098 (294 unique)   	 Time: 11.595259666442871[0m
2025-09-21 15:40:05,827 - Analysis - INFO - [1mGeneration number 13 	 Code coverage: 70.98% (1086/1530) 	 Branch coverage: 76.67% (69/90) 	 Transactions: 1223 (320 unique)   	 Time: 13.047598123550415[0m
2025-09-21 15:40:07,212 - Analysis - INFO - [1mGeneration number 14 	 Code coverage: 70.98% (1086/1530) 	 Branch coverage: 76.67% (69/90) 	 Transactions: 1344 (346 unique)   	 Time: 14.432488203048706[0m
2025-09-21 15:40:08,642 - Analysis - INFO - [1mGeneration number 15 	 Code coverage: 70.98% (1086/1530) 	 Branch coverage: 76.67% (69/90) 	 Transactions: 1467 (372 unique)   	 Time: 15.862107038497925[0m
2025-09-21 15:40:08,827 - Analysis - INFO - [1m-----------------------------------------------------[0m
2025-09-21 15:40:08,827 - Analysis - INFO - Number of generations: 	 15
2025-09-21 15:40:08,827 - Analysis - INFO - Number of transactions: 	 1489 (389 unique)
2025-09-21 15:40:08,827 - Analysis - INFO - Transactions per second: 	 93
2025-09-21 15:40:08,827 - Analysis - INFO - Total code coverage: 	 83.79% (1282/1530)
2025-09-21 15:40:08,827 - Analysis - INFO - Total branch coverage: 	 82.22% (74/90)
2025-09-21 15:40:08,827 - Analysis - INFO - Total execution time: 	 16.05 seconds
2025-09-21 15:40:08,827 - Analysis - INFO - Total memory consumption: 	 73.84 MB
2025-09-21 15:40:08,829 - Fuzzer   - INFO - [1mFuzzing contract [1mTokenERC20[0m[0m
2025-09-21 15:40:08,971 - Analysis - INFO - [1mGeneration number 0 	 Code coverage: 66.21% (1013/1530) 	 Branch coverage: 70.00% (63/90) 	 Transactions: 27 (26 unique)   	 Time: 0.1327979564666748[0m
2025-09-21 15:40:09,149 - Analysis - INFO - [1mGeneration number 1 	 Code coverage: 66.21% (1013/1530) 	 Branch coverage: 71.11% (64/90) 	 Transactions: 53 (40 unique)   	 Time: 0.3107013702392578[0m
2025-09-21 15:40:09,608 - Analysis - INFO - [1mGeneration number 2 	 Code coverage: 74.31% (1137/1530) 	 Branch coverage: 76.67% (69/90) 	 Transactions: 96 (59 unique)   	 Time: 0.7695403099060059[0m
2025-09-21 15:40:10,360 - Analysis - INFO - [1mGeneration number 3 	 Code coverage: 74.31% (1137/1530) 	 Branch coverage: 76.67% (69/90) 	 Transactions: 170 (81 unique)   	 Time: 1.5216128826141357[0m
2025-09-21 15:40:11,234 - Analysis - INFO - [1mGeneration number 4 	 Code coverage: 74.51% (1140/1530) 	 Branch coverage: 77.78% (70/90) 	 Transactions: 258 (107 unique)   	 Time: 2.3957552909851074[0m
2025-09-21 15:40:12,240 - Analysis - INFO - [1mGeneration number 5 	 Code coverage: 74.51% (1140/1530) 	 Branch coverage: 77.78% (70/90) 	 Transactions: 362 (133 unique)   	 Time: 3.4016666412353516[0m
2025-09-21 15:40:13,312 - Analysis - INFO - [1mGeneration number 6 	 Code coverage: 74.51% (1140/1530) 	 Branch coverage: 77.78% (70/90) 	 Transactions: 468 (159 unique)   	 Time: 4.474092960357666[0m
2025-09-21 15:40:14,476 - Analysis - INFO - [1mGeneration number 7 	 Code coverage: 74.51% (1140/1530) 	 Branch coverage: 77.78% (70/90) 	 Transactions: 579 (185 unique)   	 Time: 5.637711763381958[0m
2025-09-21 15:40:15,779 - Analysis - INFO - [1mGeneration number 8 	 Code coverage: 74.51% (1140/1530) 	 Branch coverage: 77.78% (70/90) 	 Transactions: 701 (211 unique)   	 Time: 6.941007137298584[0m
2025-09-21 15:40:17,081 - Analysis - INFO - [1mGeneration number 9 	 Code coverage: 74.51% (1140/1530) 	 Branch coverage: 77.78% (70/90) 	 Transactions: 825 (237 unique)   	 Time: 8.242896795272827[0m
2025-09-21 15:40:18,385 - Analysis - INFO - [1mGeneration number 10 	 Code coverage: 74.51% (1140/1530) 	 Branch coverage: 77.78% (70/90) 	 Transactions: 948 (263 unique)   	 Time: 9.54702377319336[0m
2025-09-21 15:40:19,727 - Analysis - INFO - [1mGeneration number 11 	 Code coverage: 74.51% (1140/1530) 	 Branch coverage: 77.78% (70/90) 	 Transactions: 1075 (289 unique)   	 Time: 10.88939118385315[0m
2025-09-21 15:40:21,092 - Analysis - INFO - [1mGeneration number 12 	 Code coverage: 74.51% (1140/1530) 	 Branch coverage: 77.78% (70/90) 	 Transactions: 1202 (315 unique)   	 Time: 12.253759860992432[0m
2025-09-21 15:40:22,479 - Analysis - INFO - [1mGeneration number 13 	 Code coverage: 74.51% (1140/1530) 	 Branch coverage: 77.78% (70/90) 	 Transactions: 1330 (341 unique)   	 Time: 13.640847444534302[0m
2025-09-21 15:40:23,887 - Analysis - INFO - [1mGeneration number 14 	 Code coverage: 74.51% (1140/1530) 	 Branch coverage: 77.78% (70/90) 	 Transactions: 1459 (367 unique)   	 Time: 15.04914140701294[0m
2025-09-21 15:40:23,920 - Analysis - INFO - [1m-----------------------------------------------------[0m
2025-09-21 15:40:23,920 - Analysis - INFO - Number of generations: 	 14
2025-09-21 15:40:23,921 - Analysis - INFO - Number of transactions: 	 1459 (367 unique)
2025-09-21 15:40:23,921 - Analysis - INFO - Transactions per second: 	 97
2025-09-21 15:40:23,921 - Analysis - INFO - Total code coverage: 	 74.51% (1140/1530)
2025-09-21 15:40:23,921 - Analysis - INFO - Total branch coverage: 	 77.78% (70/90)
2025-09-21 15:40:23,921 - Analysis - INFO - Total execution time: 	 15.08 seconds
2025-09-21 15:40:23,921 - Analysis - INFO - Total memory consumption: 	 75.15 MB

     ______            ______                _           
    / ____/___  ____  / ____/_  __________  (_)_  _______
   / /   / __ \/ __ \/ /_  / / / /_  /_  / / / / / / ___/
  / /___/ /_/ / / / / __/ / /_/ / / /_/ /_/ / /_/ (__  ) 
  \____/\____/_/ /_/_/    \__,_/ /___/___/_/\__,_/____/  

delteed file
