2025-07-03 17:21:14,258: [11] m.main:INFO: Registered plugins: IntrospectionAPIPlugin, <class 'manticore.ethereum.plugins.SkipRevertBasicBlocks'>, <class 'manticore.ethereum.plugins.FilterFunctions'>
2025-07-03 17:21:14,258: [11] m.main:INFO: Beginning analysis
2025-07-03 17:21:14,260: [11] m.e.manticore:INFO: Starting symbolic create contract
2025-07-03 17:21:14,639: [11] m.e.manticore:INFO: Starting symbolic transaction: 0
2025-07-03 17:21:15,663: [11] m.e.manticore:INFO: Found a concrete globalsha3 b'\x00\x00\x00\x00\x00\x00\x00\x00\x00\x00\x00\x00\x00\x00\x00\x00\x00\x00\x00\x00\x00\x00\x00\x00\x00\x00\x00\x00\x00\x02\x00\x00\x00\x00\x00\x00\x00\x00\x00\x00\x00\x00\x00\x00\x00\x00\x00\x00\x00\x00\x00\x00\x00\x00\x00\x00\x00\x00\x00\x00\x00\x00\x00\x00' -> 73138091548938366139099779971772605061518111956507126412222883840269740007539
2025-07-03 17:21:16,290: [11] m.e.manticore:INFO: 2 alive states, 1 terminated states
2025-07-03 17:21:16,413: [11] m.e.manticore:INFO: Starting symbolic transaction: 1
2025-07-03 17:21:21,523: [11] m.e.manticore:INFO: 5 alive states, 1 terminated states
2025-07-03 17:21:21,661: [11] m.e.manticore:INFO: Starting symbolic transaction: 2
2025-07-03 17:21:34,504: [11] m.e.manticore:INFO: 12 alive states, 1 terminated states
2025-07-03 17:21:34,789: [116] m.c.manticore:INFO: Generated testcase No. 0 - STOP(4 txs)
2025-07-03 17:21:34,790: [116] m.c.plugin:WARNING: Caught will_solve in state None, but failed to capture its initialization
2025-07-03 17:21:34,864: [127] m.c.manticore:INFO: Generated testcase No. 2 - STOP(4 txs)
2025-07-03 17:21:34,865: [127] m.c.plugin:WARNING: Caught will_solve in state None, but failed to capture its initialization
2025-07-03 17:21:34,879: [113] m.c.manticore:INFO: Generated testcase No. 1 - STOP(4 txs)
2025-07-03 17:21:34,880: [113] m.c.plugin:WARNING: Caught will_solve in state None, but failed to capture its initialization
2025-07-03 17:21:34,906: [121] m.c.manticore:INFO: Generated testcase No. 3 - STOP(4 txs)
2025-07-03 17:21:34,906: [121] m.c.plugin:WARNING: Caught will_solve in state None, but failed to capture its initialization
2025-07-03 17:21:34,912: [125] m.c.manticore:INFO: Generated testcase No. 4 - STOP(4 txs)
2025-07-03 17:21:34,913: [125] m.c.plugin:WARNING: Caught will_solve in state None, but failed to capture its initialization
2025-07-03 17:21:34,924: [122] m.c.manticore:INFO: Generated testcase No. 5 - STOP(4 txs)
2025-07-03 17:21:34,929: [122] m.c.plugin:WARNING: Caught will_solve in state None, but failed to capture its initialization
2025-07-03 17:21:34,950: [126] m.c.manticore:INFO: Generated testcase No. 6 - STOP(4 txs)
2025-07-03 17:21:34,950: [126] m.c.plugin:WARNING: Caught will_solve in state None, but failed to capture its initialization
2025-07-03 17:21:35,405: [119] m.c.manticore:INFO: Generated testcase No. 7 - STOP(4 txs)
2025-07-03 17:21:35,406: [119] m.c.plugin:WARNING: Caught will_solve in state None, but failed to capture its initialization
2025-07-03 17:21:35,463: [114] m.c.manticore:INFO: Generated testcase No. 8 - STOP(4 txs)
2025-07-03 17:21:35,468: [114] m.c.plugin:WARNING: Caught will_solve in state None, but failed to capture its initialization
2025-07-03 17:21:35,881: [112] m.c.manticore:INFO: Generated testcase No. 9 - STOP(4 txs)
2025-07-03 17:21:35,887: [112] m.c.plugin:WARNING: Caught will_solve in state None, but failed to capture its initialization
2025-07-03 17:21:36,710: [117] m.c.manticore:INFO: Generated testcase No. 10 - STOP(4 txs)
2025-07-03 17:21:36,711: [117] m.c.plugin:WARNING: Caught will_solve in state None, but failed to capture its initialization
2025-07-03 17:21:38,140: [125] m.c.manticore:INFO: Generated testcase No. 11 - STOP(4 txs)
2025-07-03 17:21:45,264: [11] m.c.manticore:INFO: Results in /mcore_beh0v652
2025-07-03 17:21:45,264: [11] m.c.manticore:INFO: Total time: 23.558882474899292
