Extract contract LogFile from /sb/0x4e73b32ed6c35f570686b89848e5f39f20ecc106.sol
Extract contract PRIVATE_ETH_CELL from /sb/0x4e73b32ed6c35f570686b89848e5f39f20ecc106.sol
Extracted 2 contract(s) from /sb/0x4e73b32ed6c35f570686b89848e5f39f20ecc106.sol
[0;32m> Created "fuzzMe"[0m
[0;32m> To fuzz contracts:[0m
  chmod +x fuzzMe
  ./fuzzMe
assets/NormalAttacker.sol:5:3: Warning: No visibility specified. Defaulting to "public". 
  function() payable {
  ^ (Relevant source part starts here and spans across multiple lines).
assets/ReentrancyAttacker.sol:8:7: Warning: Return value of low-level calls not used.
      msg.sender.call(bytes4(255));
      ^--------------------------^
assets/ReentrancyAttacker.sol:5:3: Warning: No visibility specified. Defaulting to "public". 
  function() payable {
  ^ (Relevant source part starts here and spans across multiple lines).
>> Fuzz LogFile
** Write stats: 0.013264
** Write stats: 5.00147
** Write stats: 10.0172
** Write stats: 15.0162
** Write stats: 20.0038
** Write stats: 25.0048
** Write stats: 30.017
** Write stats: 35.0109
** Write stats: 40.0156
** Write stats: 45.0024
** Write stats: 50.0013
** Write stats: 55.0419
** Write stats: 60.0364
** Write stats: 65.023
** Write stats: 70.0324
** Write stats: 75.0216
** Write stats: 80.0661
** Write stats: 85.0587
** Write stats: 90.048
** Write stats: 95.0394
** Write stats: 100.056
** Write stats: 105.047
** Write stats: 110.039
** Write stats: 115.057
** Write stats: 120.022
** Write stats: 125.058
** Write stats: 130.055
** Write stats: 135.014
** Write stats: 140.01
** Write stats: 145.059
** Write stats: 148.081
>> Fuzz PRIVATE_ETH_CELL
** Write stats: 0.006655
** Write stats: 5.00045
** Write stats: 10.0004
** Write stats: 15.0018
** Write stats: 20.001
** Write stats: 25.0005
** Write stats: 30.0005
** Write stats: 35.0026
** Write stats: 40.0005
** Write stats: 45
** Write stats: 50.0023
** Write stats: 55.001
** Write stats: 60.0038
** Write stats: 65.0043
** Write stats: 70.0027
** Write stats: 75.0024
** Write stats: 80.0007
** Write stats: 85.0018
** Write stats: 90.005
** Write stats: 95.0042
** Write stats: 100.001
** Write stats: 105
** Write stats: 110.002
** Write stats: 115.001
** Write stats: 120.006
** Write stats: 125.004
** Write stats: 130.006
** Write stats: 135.001
** Write stats: 140.004
** Write stats: 145.004
** Write stats: 148.032
