Extract contract ReentrancyDAO from /sb/reentrancy_dao.sol
Extracted 1 contract(s) from /sb/reentrancy_dao.sol
[0;32m> Created "fuzzMe"[0m
[0;32m> To fuzz contracts:[0m
  chmod +x fuzzMe
  ./fuzzMe
assets/NormalAttacker.sol:5:3: Warning: No visibility specified. Defaulting to "public". 
  function() payable {
  ^ (Relevant source part starts here and spans across multiple lines).
assets/ReentrancyAttacker.sol:8:7: Warning: Return value of low-level calls not used.
      msg.sender.call(bytes4(255));
      ^--------------------------^
assets/ReentrancyAttacker.sol:5:3: Warning: No visibility specified. Defaulting to "public". 
  function() payable {
  ^ (Relevant source part starts here and spans across multiple lines).
>> Fuzz ReentrancyDAO
** Write stats: 0.012115
** Write stats: 5.00394
** Write stats: 10.0021
** Write stats: 15.0059
** Write stats: 20.0069
** Write stats: 25.0052
** Write stats: 30.0003
** Write stats: 35.001
** Write stats: 40.0046
** Write stats: 45.0072
** Write stats: 50.0048
** Write stats: 55.0066
** Write stats: 60.0079
** Write stats: 65.0023
** Write stats: 70.0029
** Write stats: 75.007
** Write stats: 80.006
** Write stats: 85.0046
** Write stats: 90.0017
** Write stats: 95.0048
** Write stats: 100.003
** Write stats: 105.006
** Write stats: 110.002
** Write stats: 115.008
** Write stats: 120.003
** Write stats: 120.003
