2025-09-21 15:04:05,723 - Main     - INFO - [1mInitializing seed to 1427655.0[0m
2025-09-21 15:04:05,879 - Fuzzer   - INFO - [1mFuzzing contract [1mRENTCONTROL[0m[0m
2025-09-21 15:04:06,494 - Analysis - INFO - [1mGeneration number 0 	 Code coverage: 60.54% (2073/3424) 	 Branch coverage: 72.46% (171/236) 	 Transactions: 71 (70 unique)   	 Time: 0.5916740894317627[0m
2025-09-21 15:04:10,386 - Analysis - INFO - [1mGeneration number 1 	 Code coverage: 67.11% (2298/3424) 	 Branch coverage: 78.81% (186/236) 	 Transactions: 164 (121 unique)   	 Time: 4.48320746421814[0m
2025-09-21 15:04:13,269 - Detector - INFO - [1m[33m-----------------------------------------------------[0m
2025-09-21 15:04:13,270 - Detector - INFO - [1m[33m          !!! Assertion failure detected !!!         [0m
2025-09-21 15:04:13,270 - Detector - INFO - [1m[33m-----------------------------------------------------[0m
2025-09-21 15:04:13,270 - Detector - INFO - [1m[33mSWC-ID:   110[0m
2025-09-21 15:04:13,270 - Detector - INFO - [1m[33mSeverity: Medium[0m
2025-09-21 15:04:13,270 - Detector - INFO - [1m[33m-----------------------------------------------------[0m
2025-09-21 15:04:13,270 - Detector - INFO - [1m[33mSource code line:[0m
2025-09-21 15:04:13,270 - Detector - INFO - [1m[33m-----------------------------------------------------[0m
2025-09-21 15:04:13,270 - Detector - INFO - [1m[33m/sb/0x752a95f199eca0335738ce0cef859fc56ee2c3d4.sol:576:1[0m
2025-09-21 15:04:13,270 - Detector - INFO - [1m[33massert(c >= a)[0m
2025-09-21 15:04:13,270 - Detector - INFO - [1m[33m-----------------------------------------------------[0m
2025-09-21 15:04:13,270 - Detector - INFO - [1m[33mTransaction sequence:[0m
2025-09-21 15:04:13,270 - Detector - INFO - [1m[33m-----------------------------------------------------[0m
2025-09-21 15:04:13,270 - Detector - INFO - [1m[33mTransaction 1 - addNewLevel(uint256):[0m
2025-09-21 15:04:13,270 - Detector - INFO - [1m[33m-----------------------------------------------------[0m
2025-09-21 15:04:13,270 - Detector - INFO - [1m[33mFrom:      0xdeadbeefdeadbeefdeadbeefdeadbeefdeadbeef[0m
2025-09-21 15:04:13,270 - Detector - INFO - [1m[33mTo:        0x2c5e8a3b3aad9df32339409534e64dfcabcd3a65[0m
2025-09-21 15:04:13,270 - Detector - INFO - [1m[33mValue:     1 Wei[0m
2025-09-21 15:04:13,270 - Detector - INFO - [1m[33mGas Limit: 4500000[0m
2025-09-21 15:04:13,270 - Detector - INFO - [1m[33mInput:     0x24195f20ffffffffffffffffffffffffffffffff[0m
2025-09-21 15:04:13,270 - Detector - INFO - [1m[33m           fffffffffffffffffffffffffffffffe[0m
2025-09-21 15:04:13,270 - Detector - INFO - [1m[33m-----------------------------------------------------[0m
2025-09-21 15:04:13,270 - Detector - INFO - [1m[33mTransaction 2 - transfer(address,uint256):[0m
2025-09-21 15:04:13,270 - Detector - INFO - [1m[33m-----------------------------------------------------[0m
2025-09-21 15:04:13,270 - Detector - INFO - [1m[33mFrom:      0xdeadbeefdeadbeefdeadbeefdeadbeefdeadbeef[0m
2025-09-21 15:04:13,270 - Detector - INFO - [1m[33mTo:        0x2c5e8a3b3aad9df32339409534e64dfcabcd3a65[0m
2025-09-21 15:04:13,270 - Detector - INFO - [1m[33mValue:     0 Wei[0m
2025-09-21 15:04:13,270 - Detector - INFO - [1m[33mGas Limit: 4500000[0m
2025-09-21 15:04:13,270 - Detector - INFO - [1m[33mInput:     0xa9059cbb000000000000000000000000deadbeef[0m
2025-09-21 15:04:13,270 - Detector - INFO - [1m[33m           deadbeefdeadbeefdeadbeefdeadbeef0000000000[0m
2025-09-21 15:04:13,270 - Detector - INFO - [1m[33m           000000000000000000000000000000000000000000[0m
2025-09-21 15:04:13,270 - Detector - INFO - [1m[33m           000000000001[0m
2025-09-21 15:04:13,270 - Detector - INFO - [1m[33m-----------------------------------------------------[0m
2025-09-21 15:04:13,270 - Detector - INFO - [1m[33mTransaction 3 - distributeRent(uint256,uint256):[0m
2025-09-21 15:04:13,270 - Detector - INFO - [1m[33m-----------------------------------------------------[0m
2025-09-21 15:04:13,270 - Detector - INFO - [1m[33mFrom:      0xdeadbeefdeadbeefdeadbeefdeadbeefdeadbeef[0m
2025-09-21 15:04:13,270 - Detector - INFO - [1m[33mTo:        0x2c5e8a3b3aad9df32339409534e64dfcabcd3a65[0m
2025-09-21 15:04:13,270 - Detector - INFO - [1m[33mValue:     0 Wei[0m
2025-09-21 15:04:13,270 - Detector - INFO - [1m[33mGas Limit: 4500000[0m
2025-09-21 15:04:13,270 - Detector - INFO - [1m[33mInput:     0x9a5c57cdffffffffffffffffffffffffffffffff[0m
2025-09-21 15:04:13,271 - Detector - INFO - [1m[33m           fffffffffffffffffffffffffffffffdffffffffff[0m
2025-09-21 15:04:13,271 - Detector - INFO - [1m[33m           ffffffffffffffffffffffffffffffffffffffffff[0m
2025-09-21 15:04:13,271 - Detector - INFO - [1m[33m           fffffffffffe[0m
2025-09-21 15:04:13,271 - Detector - INFO - [1m[33m-----------------------------------------------------[0m
2025-09-21 15:04:13,271 - Detector - INFO - [1m[33mTransaction 4 - withdrawPart(uint256):[0m
2025-09-21 15:04:13,271 - Detector - INFO - [1m[33m-----------------------------------------------------[0m
2025-09-21 15:04:13,271 - Detector - INFO - [1m[33mFrom:      0xdeadbeefdeadbeefdeadbeefdeadbeefdeadbeef[0m
2025-09-21 15:04:13,271 - Detector - INFO - [1m[33mTo:        0x2c5e8a3b3aad9df32339409534e64dfcabcd3a65[0m
2025-09-21 15:04:13,271 - Detector - INFO - [1m[33mValue:     1 Wei[0m
2025-09-21 15:04:13,271 - Detector - INFO - [1m[33mGas Limit: 4500000[0m
2025-09-21 15:04:13,271 - Detector - INFO - [1m[33mInput:     0x7daf06fd001ee4beed2e7ae322728349bfa8020d[0m
2025-09-21 15:04:13,271 - Detector - INFO - [1m[33m           182b44c8986591a7f57b1b5f9d589ccc[0m
2025-09-21 15:04:13,271 - Detector - INFO - [1m[33m-----------------------------------------------------[0m
2025-09-21 15:04:20,191 - Detector - INFO - [1m[31m-----------------------------------------------------[0m
2025-09-21 15:04:20,191 - Detector - INFO - [1m[31m          !!! Integer overflow detected !!!          [0m
2025-09-21 15:04:20,191 - Detector - INFO - [1m[31m-----------------------------------------------------[0m
2025-09-21 15:04:20,191 - Detector - INFO - [1m[31mSWC-ID:   101[0m
2025-09-21 15:04:20,191 - Detector - INFO - [1m[31mSeverity: High[0m
2025-09-21 15:04:20,191 - Detector - INFO - [1m[31m-----------------------------------------------------[0m
2025-09-21 15:04:20,191 - Detector - INFO - [1m[31mSource code line:[0m
2025-09-21 15:04:20,191 - Detector - INFO - [1m[31m-----------------------------------------------------[0m
2025-09-21 15:04:20,191 - Detector - INFO - [1m[31m/sb/0x752a95f199eca0335738ce0cef859fc56ee2c3d4.sol:575:1[0m
2025-09-21 15:04:20,191 - Detector - INFO - [1m[31ma + b[0m
2025-09-21 15:04:20,191 - Detector - INFO - [1m[31m-----------------------------------------------------[0m
2025-09-21 15:04:20,191 - Detector - INFO - [1m[31mTransaction sequence:[0m
2025-09-21 15:04:20,191 - Detector - INFO - [1m[31m-----------------------------------------------------[0m
2025-09-21 15:04:20,191 - Detector - INFO - [1m[31mTransaction 1 - distributeRent(uint256,uint256):[0m
2025-09-21 15:04:20,191 - Detector - INFO - [1m[31m-----------------------------------------------------[0m
2025-09-21 15:04:20,191 - Detector - INFO - [1m[31mFrom:      0xcafebabecafebabecafebabecafebabecafebabe[0m
2025-09-21 15:04:20,191 - Detector - INFO - [1m[31mTo:        0x2c5e8a3b3aad9df32339409534e64dfcabcd3a65[0m
2025-09-21 15:04:20,191 - Detector - INFO - [1m[31mValue:     0 Wei[0m
2025-09-21 15:04:20,191 - Detector - INFO - [1m[31mGas Limit: 4500000[0m
2025-09-21 15:04:20,191 - Detector - INFO - [1m[31mInput:     0x9a5c57cddb759d5eb2415a87f85b3dd2060823ad[0m
2025-09-21 15:04:20,191 - Detector - INFO - [1m[31m           21c3d08ccc6ec0e079456117d68bd3a08014216354[0m
2025-09-21 15:04:20,192 - Detector - INFO - [1m[31m           0421cd27f375b188d2499e6f4787f9dfdacbdfa6d3[0m
2025-09-21 15:04:20,192 - Detector - INFO - [1m[31m           9a67fcc03b1d[0m
2025-09-21 15:04:20,192 - Detector - INFO - [1m[31m-----------------------------------------------------[0m
2025-09-21 15:04:20,192 - Detector - INFO - [1m[31mTransaction 2 - setAutoNewlevel(bool):[0m
2025-09-21 15:04:20,192 - Detector - INFO - [1m[31m-----------------------------------------------------[0m
2025-09-21 15:04:20,192 - Detector - INFO - [1m[31mFrom:      0xdeadbeefdeadbeefdeadbeefdeadbeefdeadbeef[0m
2025-09-21 15:04:20,192 - Detector - INFO - [1m[31mTo:        0x2c5e8a3b3aad9df32339409534e64dfcabcd3a65[0m
2025-09-21 15:04:20,192 - Detector - INFO - [1m[31mValue:     1 Wei[0m
2025-09-21 15:04:20,192 - Detector - INFO - [1m[31mGas Limit: 4500000[0m
2025-09-21 15:04:20,192 - Detector - INFO - [1m[31mInput:     0xd9a83b4700000000000000000000000000000000[0m
2025-09-21 15:04:20,192 - Detector - INFO - [1m[31m           00000000000000000000000000000001[0m
2025-09-21 15:04:20,192 - Detector - INFO - [1m[31m-----------------------------------------------------[0m
2025-09-21 15:04:20,192 - Detector - INFO - [1m[31mTransaction 3 - distributeRent(uint256,uint256):[0m
2025-09-21 15:04:20,192 - Detector - INFO - [1m[31m-----------------------------------------------------[0m
2025-09-21 15:04:20,192 - Detector - INFO - [1m[31mFrom:      0xdeadbeefdeadbeefdeadbeefdeadbeefdeadbeef[0m
2025-09-21 15:04:20,192 - Detector - INFO - [1m[31mTo:        0x2c5e8a3b3aad9df32339409534e64dfcabcd3a65[0m
2025-09-21 15:04:20,192 - Detector - INFO - [1m[31mValue:     0 Wei[0m
2025-09-21 15:04:20,192 - Detector - INFO - [1m[31mGas Limit: 4500000[0m
2025-09-21 15:04:20,192 - Detector - INFO - [1m[31mInput:     0x9a5c57cd00000000000000000000000000000000[0m
2025-09-21 15:04:20,192 - Detector - INFO - [1m[31m           00000000000000000000000000000001b0a88060c2[0m
2025-09-21 15:04:20,192 - Detector - INFO - [1m[31m           0729cfa0893846bd411e0ea43a70410ba06d588530[0m
2025-09-21 15:04:20,192 - Detector - INFO - [1m[31m           1d09f3420563[0m
2025-09-21 15:04:20,192 - Detector - INFO - [1m[31m-----------------------------------------------------[0m
2025-09-21 15:04:22,691 - Analysis - INFO - [1mGeneration number 2 	 Code coverage: 82.07% (2810/3424) 	 Branch coverage: 85.59% (202/236) 	 Transactions: 317 (177 unique)   	 Time: 16.788760900497437[0m
2025-09-21 15:04:22,691 - Analysis - INFO - [1m-----------------------------------------------------[0m
2025-09-21 15:04:22,691 - Analysis - INFO - Number of generations: 	 2
2025-09-21 15:04:22,691 - Analysis - INFO - Number of transactions: 	 317 (177 unique)
2025-09-21 15:04:22,691 - Analysis - INFO - Transactions per second: 	 19
2025-09-21 15:04:22,691 - Analysis - INFO - Total code coverage: 	 82.07% (2810/3424)
2025-09-21 15:04:22,691 - Analysis - INFO - Total branch coverage: 	 85.59% (202/236)
2025-09-21 15:04:22,691 - Analysis - INFO - Total execution time: 	 16.79 seconds
2025-09-21 15:04:22,692 - Analysis - INFO - Total memory consumption: 	 71.08 MB

     ______            ______                _           
    / ____/___  ____  / ____/_  __________  (_)_  _______
   / /   / __ \/ __ \/ /_  / / / /_  /_  / / / / / / ___/
  / /___/ /_/ / / / / __/ / /_/ / / /_/ /_/ / /_/ (__  ) 
  \____/\____/_/ /_/_/    \__,_/ /___/___/_/\__,_/____/  

delteed file
