Extract contract GuessTheRandomNumberChallenge from /sb/guess_the_random_number.sol
Extracted 1 contract(s) from /sb/guess_the_random_number.sol
[0;32m> Created "fuzzMe"[0m
[0;32m> To fuzz contracts:[0m
  chmod +x fuzzMe
  ./fuzzMe
contracts/GuessTheRandomNumberChallenge.sol:12:5: Warning: Defining constructors as functions with the same name as the contract is deprecated. Use "constructor(...) { ... }" instead.
    function GuessTheRandomNumberChallenge() public payable {
    ^ (Relevant source part starts here and spans across multiple lines).
contracts/GuessTheRandomNumberChallenge.sol:15:24: Warning: This function only accepts a single "bytes" argument. Please use "abi.encodePacked(...)" or a similar function to encode the data.
        answer = uint8(keccak256(block.blockhash(block.number - 1), now));
                       ^-----------------------------------------------^
contracts/GuessTheRandomNumberChallenge.sol:15:34: Warning: "block.blockhash()" has been deprecated in favor of "blockhash()"
        answer = uint8(keccak256(block.blockhash(block.number - 1), now));
                                 ^-------------^
assets/NormalAttacker.sol:5:3: Warning: No visibility specified. Defaulting to "public". 
  function() payable {
  ^ (Relevant source part starts here and spans across multiple lines).
assets/ReentrancyAttacker.sol:8:7: Warning: Return value of low-level calls not used.
      msg.sender.call(bytes4(255));
      ^--------------------------^
assets/ReentrancyAttacker.sol:5:3: Warning: No visibility specified. Defaulting to "public". 
  function() payable {
  ^ (Relevant source part starts here and spans across multiple lines).
>> Fuzz GuessTheRandomNumberChallenge
** Write stats: 0.007939
** Write stats: 5.0002
** Write stats: 10.0002
** Write stats: 15.0001
** Write stats: 20.0001
** Write stats: 25.0001
** Write stats: 30.0001
** Write stats: 35.0002
** Write stats: 40.0001
** Write stats: 45.0001
** Write stats: 50.0001
** Write stats: 55.0001
** Write stats: 60.0001
** Write stats: 65.0005
** Write stats: 70.0001
** Write stats: 75.0001
** Write stats: 80.5295
** Write stats: 85
** Write stats: 90.0001
** Write stats: 95.0001
** Write stats: 100
** Write stats: 105
** Write stats: 110
** Write stats: 115
** Write stats: 120
** Write stats: 125
** Write stats: 130
** Write stats: 135.001
** Write stats: 140
** Write stats: 145
** Write stats: 150
** Write stats: 155
** Write stats: 160.001
** Write stats: 165.766
** Write stats: 170.004
** Write stats: 175
** Write stats: 180
** Write stats: 185
** Write stats: 190
** Write stats: 195
** Write stats: 200
** Write stats: 205.002
** Write stats: 210
** Write stats: 215
** Write stats: 220
** Write stats: 230
** Write stats: 235
** Write stats: 240
** Write stats: 245
** Write stats: 250
** Write stats: 255
** Write stats: 260
** Write stats: 265
** Write stats: 270
** Write stats: 275
** Write stats: 280
** Write stats: 285
** Write stats: 290
** Write stats: 295
** Write stats: 300.002
** Write stats: 305
** Write stats: 310
** Write stats: 315.006
** Write stats: 320
** Write stats: 325
** Write stats: 330
** Write stats: 335
** Write stats: 340
** Write stats: 345
** Write stats: 350
** Write stats: 355
** Write stats: 360
** Write stats: 365
** Write stats: 370.003
** Write stats: 395.035
** Write stats: 400.428
** Write stats: 425.846
** Write stats: 436.015
** Write stats: 445.73
** Write stats: 460.39
** Write stats: 465.456
** Write stats: 475.693
** Write stats: 480.301
** Write stats: 485.15
** Write stats: 490.255
** Write stats: 495.277
** Write stats: 500.742
** Write stats: 505.866
** Write stats: 511.067
** Write stats: 515.527
** Write stats: 520.267
** Write stats: 535.963
** Write stats: 540.896
** Write stats: 545.814
** Write stats: 565.497
** Write stats: 571.125
** Write stats: 590.926
** Write stats: 595.177
** Write stats: 825.267
** Write stats: 830.757
** Write stats: 835.934
** Write stats: 840.264
** Write stats: 845.092
** Write stats: 850.179
** Write stats: 855.493
** Write stats: 895.586
** Write stats: 909.977
