'solc --version' running
'solc /sb/0x820d1e2319e12c2b13dcaf25720346f0a7ddec74.sol --combined-json abi,ast,bin,bin-runtime,srcmap,srcmap-runtime,userdoc,devdoc,hashes,compact-format --allow-paths .,/sb' running
Compilation warnings/errors on /sb/0x820d1e2319e12c2b13dcaf25720346f0a7ddec74.sol:
/sb/0x820d1e2319e12c2b13dcaf25720346f0a7ddec74.sol:62:5: Warning: Defining constructors as functions with the same name as the contract is deprecated. Use "constructor(...) { ... }" instead.
    function Owned() public {
    ^ (Relevant source part starts here and spans across multiple lines).
/sb/0x820d1e2319e12c2b13dcaf25720346f0a7ddec74.sol:100:5: Warning: Defining constructors as functions with the same name as the contract is deprecated. Use "constructor(...) { ... }" instead.
    function OmVPNToken() public {
    ^ (Relevant source part starts here and spans across multiple lines).
/sb/0x820d1e2319e12c2b13dcaf25720346f0a7ddec74.sol:76:9: Warning: Invoking events without "emit" prefix is deprecated.
        OwnershipTransferred(owner, newOwner);
        ^-----------------------------------^
/sb/0x820d1e2319e12c2b13dcaf25720346f0a7ddec74.sol:106:9: Warning: Invoking events without "emit" prefix is deprecated.
        Transfer(address(0), 0x878B30979b755620D9EaE3D1AA19E5cDA06D81c0, _totalSupply);
        ^----------------------------------------------------------------------------^
/sb/0x820d1e2319e12c2b13dcaf25720346f0a7ddec74.sol:134:9: Warning: Invoking events without "emit" prefix is deprecated.
        Transfer(msg.sender, to, tokens);
        ^------------------------------^
/sb/0x820d1e2319e12c2b13dcaf25720346f0a7ddec74.sol:149:9: Warning: Invoking events without "emit" prefix is deprecated.
        Approval(msg.sender, spender, tokens);
        ^-----------------------------------^
/sb/0x820d1e2319e12c2b13dcaf25720346f0a7ddec74.sol:167:9: Warning: Invoking events without "emit" prefix is deprecated.
        Transfer(from, to, tokens);
        ^------------------------^
/sb/0x820d1e2319e12c2b13dcaf25720346f0a7ddec74.sol:188:9: Warning: Invoking events without "emit" prefix is deprecated.
        Approval(msg.sender, spender, tokens);
        ^-----------------------------------^


Contract locking ether found:
	Contract OmVPNToken (../../sb/0x820d1e2319e12c2b13dcaf25720346f0a7ddec74.sol#87-209) has payable functions:
	 - OmVPNToken.fallback() (../../sb/0x820d1e2319e12c2b13dcaf25720346f0a7ddec74.sol#197-199)
	But does not have a function to withdraw the ether
Reference: https://github.com/crytic/slither/wiki/Detector-Documentation#contracts-that-lock-ether

Owned.transferOwnership(address)._newOwner (../../sb/0x820d1e2319e12c2b13dcaf25720346f0a7ddec74.sol#71) lacks a zero-check on :
		- newOwner = _newOwner (../../sb/0x820d1e2319e12c2b13dcaf25720346f0a7ddec74.sol#72)
Reference: https://github.com/crytic/slither/wiki/Detector-Documentation#missing-zero-address-validation

Version constraint ^0.4.18 contains known severe issues (https://solidity.readthedocs.io/en/latest/bugs.html)
	- DirtyBytesArrayToStorage
	- ABIDecodeTwoDimensionalArrayMemory
	- KeccakCaching
	- EmptyByteArrayCopy
	- DynamicArrayCleanup
	- ImplicitConstructorCallvalueCheck
	- TupleAssignmentMultiStackSlotComponents
	- MemoryArrayCreationOverflow
	- privateCanBeOverridden
	- SignedArrayStorageCopy
	- ABIEncoderV2StorageArrayWithMultiSlotElement
	- DynamicConstructorArgumentsClippedABIV2
	- UninitializedFunctionPointerInConstructor_0.4.x
	- IncorrectEventSignatureInLibraries_0.4.x
	- ExpExponentCleanup
	- EventStructWrongData
	- NestedArrayFunctionCallDecoder.
It is used by:
	- ^0.4.18 (../../sb/0x820d1e2319e12c2b13dcaf25720346f0a7ddec74.sol#1)
solc-0.4.26 is an outdated solc version. Use a more recent version (at least 0.8.0), if possible.
Reference: https://github.com/crytic/slither/wiki/Detector-Documentation#incorrect-versions-of-solidity

Parameter Owned.transferOwnership(address)._newOwner (../../sb/0x820d1e2319e12c2b13dcaf25720346f0a7ddec74.sol#71) is not in mixedCase
Variable OmVPNToken._totalSupply (../../sb/0x820d1e2319e12c2b13dcaf25720346f0a7ddec74.sol#91) is not in mixedCase
Reference: https://github.com/crytic/slither/wiki/Detector-Documentation#conformance-to-solidity-naming-conventions

OmVPNToken.OmVPNToken() (../../sb/0x820d1e2319e12c2b13dcaf25720346f0a7ddec74.sol#100-107) uses literals with too many digits:
	- _totalSupply = 100000000 (../../sb/0x820d1e2319e12c2b13dcaf25720346f0a7ddec74.sol#104)
Reference: https://github.com/crytic/slither/wiki/Detector-Documentation#too-many-digits

receiveApproval(address,uint256,address,bytes) should be declared external:
	- ApproveAndCallFallBack.receiveApproval(address,uint256,address,bytes) (../../sb/0x820d1e2319e12c2b13dcaf25720346f0a7ddec74.sol#49)
approveAndCall(address,uint256,bytes) should be declared external:
	- OmVPNToken.approveAndCall(address,uint256,bytes) (../../sb/0x820d1e2319e12c2b13dcaf25720346f0a7ddec74.sol#186-191)
Reference: https://github.com/crytic/slither/wiki/Detector-Documentation#public-function-that-could-be-declared-external
/sb/0x820d1e2319e12c2b13dcaf25720346f0a7ddec74.sol analyzed (5 contracts with 93 detectors), 9 result(s) found
