2025-09-22 03:18:29,175 - Main     - INFO - [1mInitializing seed to 1427655.0[0m
2025-09-22 03:18:29,250 - Fuzzer   - INFO - [1mFuzzing contract [1mBOSAGORA[0m[0m
2025-09-22 03:18:29,409 - Analysis - INFO - [1mGeneration number 0 	 Code coverage: 77.76% (1119/1439) 	 Branch coverage: 71.62% (53/74) 	 Transactions: 29 (28 unique)   	 Time: 0.14526152610778809[0m
2025-09-22 03:18:29,704 - Analysis - INFO - [1mGeneration number 1 	 Code coverage: 77.76% (1119/1439) 	 Branch coverage: 71.62% (53/74) 	 Transactions: 65 (48 unique)   	 Time: 0.4402749538421631[0m
2025-09-22 03:18:30,338 - Analysis - INFO - [1mGeneration number 2 	 Code coverage: 80.68% (1161/1439) 	 Branch coverage: 77.03% (57/74) 	 Transactions: 130 (75 unique)   	 Time: 1.0736770629882812[0m
2025-09-22 03:18:31,303 - Analysis - INFO - [1mGeneration number 3 	 Code coverage: 84.23% (1212/1439) 	 Branch coverage: 78.38% (58/74) 	 Transactions: 222 (102 unique)   	 Time: 2.038745403289795[0m
2025-09-22 03:18:32,753 - Analysis - INFO - [1mGeneration number 4 	 Code coverage: 84.23% (1212/1439) 	 Branch coverage: 78.38% (58/74) 	 Transactions: 337 (130 unique)   	 Time: 3.488901376724243[0m
2025-09-22 03:18:34,257 - Analysis - INFO - [1mGeneration number 5 	 Code coverage: 84.23% (1212/1439) 	 Branch coverage: 78.38% (58/74) 	 Transactions: 452 (158 unique)   	 Time: 4.993280649185181[0m
2025-09-22 03:18:35,724 - Analysis - INFO - [1mGeneration number 6 	 Code coverage: 84.23% (1212/1439) 	 Branch coverage: 78.38% (58/74) 	 Transactions: 569 (186 unique)   	 Time: 6.460405349731445[0m
2025-09-22 03:18:37,205 - Analysis - INFO - [1mGeneration number 7 	 Code coverage: 84.23% (1212/1439) 	 Branch coverage: 78.38% (58/74) 	 Transactions: 687 (214 unique)   	 Time: 7.94157862663269[0m
2025-09-22 03:18:38,778 - Analysis - INFO - [1mGeneration number 8 	 Code coverage: 84.23% (1212/1439) 	 Branch coverage: 78.38% (58/74) 	 Transactions: 807 (242 unique)   	 Time: 9.513857364654541[0m
2025-09-22 03:18:40,479 - Analysis - INFO - [1mGeneration number 9 	 Code coverage: 84.23% (1212/1439) 	 Branch coverage: 78.38% (58/74) 	 Transactions: 931 (270 unique)   	 Time: 11.21536922454834[0m
2025-09-22 03:18:42,261 - Analysis - INFO - [1mGeneration number 10 	 Code coverage: 84.23% (1212/1439) 	 Branch coverage: 78.38% (58/74) 	 Transactions: 1060 (298 unique)   	 Time: 12.99692416191101[0m
2025-09-22 03:18:42,321 - Analysis - INFO - [1m-----------------------------------------------------[0m
2025-09-22 03:18:42,321 - Analysis - INFO - Number of generations: 	 10
2025-09-22 03:18:42,321 - Analysis - INFO - Number of transactions: 	 1060 (298 unique)
2025-09-22 03:18:42,321 - Analysis - INFO - Transactions per second: 	 81
2025-09-22 03:18:42,321 - Analysis - INFO - Total code coverage: 	 84.23% (1212/1439)
2025-09-22 03:18:42,322 - Analysis - INFO - Total branch coverage: 	 78.38% (58/74)
2025-09-22 03:18:42,322 - Analysis - INFO - Total execution time: 	 13.06 seconds
2025-09-22 03:18:42,322 - Analysis - INFO - Total memory consumption: 	 72.00 MB
2025-09-22 03:18:42,323 - Fuzzer   - INFO - [1mFuzzing contract [1mERC20[0m[0m
2025-09-22 03:18:42,421 - Analysis - INFO - [1mGeneration number 0 	 Code coverage: 64.53% (673/1043) 	 Branch coverage: 73.91% (34/46) 	 Transactions: 19 (18 unique)   	 Time: 0.09243345260620117[0m
2025-09-22 03:18:42,617 - Analysis - INFO - [1mGeneration number 1 	 Code coverage: 64.53% (673/1043) 	 Branch coverage: 78.26% (36/46) 	 Transactions: 40 (32 unique)   	 Time: 0.28841471672058105[0m
2025-09-22 03:18:43,086 - Analysis - INFO - [1mGeneration number 2 	 Code coverage: 65.10% (679/1043) 	 Branch coverage: 84.78% (39/46) 	 Transactions: 77 (49 unique)   	 Time: 0.7573943138122559[0m
2025-09-22 03:18:43,697 - Detector - INFO - [1m[31m-----------------------------------------------------[0m
2025-09-22 03:18:43,697 - Detector - INFO - [1m[31m          !!! Integer overflow detected !!!          [0m
2025-09-22 03:18:43,697 - Detector - INFO - [1m[31m-----------------------------------------------------[0m
2025-09-22 03:18:43,697 - Detector - INFO - [1m[31mSWC-ID:   101[0m
2025-09-22 03:18:43,697 - Detector - INFO - [1m[31mSeverity: High[0m
2025-09-22 03:18:43,697 - Detector - INFO - [1m[31m-----------------------------------------------------[0m
2025-09-22 03:18:43,697 - Detector - INFO - [1m[31mSource code line:[0m
2025-09-22 03:18:43,697 - Detector - INFO - [1m[31m-----------------------------------------------------[0m
2025-09-22 03:18:43,697 - Detector - INFO - [1m[31m/sb/0x746dda2ea243400d5a63e0700f190ab79f06489e.sol:71:1[0m
2025-09-22 03:18:43,697 - Detector - INFO - [1m[31ma + b[0m
2025-09-22 03:18:43,697 - Detector - INFO - [1m[31m-----------------------------------------------------[0m
2025-09-22 03:18:43,697 - Detector - INFO - [1m[31mTransaction sequence:[0m
2025-09-22 03:18:43,697 - Detector - INFO - [1m[31m-----------------------------------------------------[0m
2025-09-22 03:18:43,697 - Detector - INFO - [1m[31mTransaction 1 - approve(address,uint256):[0m
2025-09-22 03:18:43,697 - Detector - INFO - [1m[31m-----------------------------------------------------[0m
2025-09-22 03:18:43,697 - Detector - INFO - [1m[31mFrom:      0xffffffffffffffffffffffffffffffffffffffff[0m
2025-09-22 03:18:43,697 - Detector - INFO - [1m[31mTo:        0x2c5e8a3b3aad9df32339409534e64dfcabcd3a65[0m
2025-09-22 03:18:43,697 - Detector - INFO - [1m[31mValue:     0 Wei[0m
2025-09-22 03:18:43,697 - Detector - INFO - [1m[31mGas Limit: 4500000[0m
2025-09-22 03:18:43,697 - Detector - INFO - [1m[31mInput:     0x095ea7b3000000000000000000000000cafebabe[0m
2025-09-22 03:18:43,697 - Detector - INFO - [1m[31m           cafebabecafebabecafebabecafebabeffffffffff[0m
2025-09-22 03:18:43,698 - Detector - INFO - [1m[31m           ffffffffffffffffffffffffffffffffffffffffff[0m
2025-09-22 03:18:43,698 - Detector - INFO - [1m[31m           ffffffffffff[0m
2025-09-22 03:18:43,698 - Detector - INFO - [1m[31m-----------------------------------------------------[0m
2025-09-22 03:18:43,698 - Detector - INFO - [1m[31mTransaction 2 - increaseAllowance(address,uint256):[0m
2025-09-22 03:18:43,698 - Detector - INFO - [1m[31m-----------------------------------------------------[0m
2025-09-22 03:18:43,698 - Detector - INFO - [1m[31mFrom:      0xffffffffffffffffffffffffffffffffffffffff[0m
2025-09-22 03:18:43,698 - Detector - INFO - [1m[31mTo:        0x2c5e8a3b3aad9df32339409534e64dfcabcd3a65[0m
2025-09-22 03:18:43,698 - Detector - INFO - [1m[31mValue:     0 Wei[0m
2025-09-22 03:18:43,698 - Detector - INFO - [1m[31mGas Limit: 4500000[0m
2025-09-22 03:18:43,698 - Detector - INFO - [1m[31mInput:     0x39509351000000000000000000000000cafebabe[0m
2025-09-22 03:18:43,698 - Detector - INFO - [1m[31m           cafebabecafebabecafebabecafebabe8000000000[0m
2025-09-22 03:18:43,698 - Detector - INFO - [1m[31m           000000000000000000000000000000000000000000[0m
2025-09-22 03:18:43,698 - Detector - INFO - [1m[31m           000000000000[0m
2025-09-22 03:18:43,698 - Detector - INFO - [1m[31m-----------------------------------------------------[0m
2025-09-22 03:18:43,698 - Detector - INFO - [1m[31mTransaction 3 - decreaseAllowance(address,uint256):[0m
2025-09-22 03:18:43,698 - Detector - INFO - [1m[31m-----------------------------------------------------[0m
2025-09-22 03:18:43,698 - Detector - INFO - [1m[31mFrom:      0xcafebabecafebabecafebabecafebabecafebabe[0m
2025-09-22 03:18:43,698 - Detector - INFO - [1m[31mTo:        0x2c5e8a3b3aad9df32339409534e64dfcabcd3a65[0m
2025-09-22 03:18:43,698 - Detector - INFO - [1m[31mValue:     0 Wei[0m
2025-09-22 03:18:43,698 - Detector - INFO - [1m[31mGas Limit: 4500000[0m
2025-09-22 03:18:43,698 - Detector - INFO - [1m[31mInput:     0xa457c2d7000000000000000000000000deadbeef[0m
2025-09-22 03:18:43,698 - Detector - INFO - [1m[31m           deadbeefdeadbeefdeadbeefdeadbeef893516a959[0m
2025-09-22 03:18:43,698 - Detector - INFO - [1m[31m           983622fab8cb9a90573deabdcde95b7f2ae068be6a[0m
2025-09-22 03:18:43,698 - Detector - INFO - [1m[31m           7a37e14f0310[0m
2025-09-22 03:18:43,698 - Detector - INFO - [1m[31m-----------------------------------------------------[0m
2025-09-22 03:18:43,698 - Detector - INFO - [1m[31mTransaction 4 - approve(address,uint256):[0m
2025-09-22 03:18:43,698 - Detector - INFO - [1m[31m-----------------------------------------------------[0m
2025-09-22 03:18:43,698 - Detector - INFO - [1m[31mFrom:      0xdeadbeefdeadbeefdeadbeefdeadbeefdeadbeef[0m
2025-09-22 03:18:43,698 - Detector - INFO - [1m[31mTo:        0x2c5e8a3b3aad9df32339409534e64dfcabcd3a65[0m
2025-09-22 03:18:43,698 - Detector - INFO - [1m[31mValue:     0 Wei[0m
2025-09-22 03:18:43,698 - Detector - INFO - [1m[31mGas Limit: 4500000[0m
2025-09-22 03:18:43,698 - Detector - INFO - [1m[31mInput:     0x095ea7b3000000000000000000000000deadbeef[0m
2025-09-22 03:18:43,698 - Detector - INFO - [1m[31m           deadbeefdeadbeefdeadbeefdeadbeef0d905fc4ce[0m
2025-09-22 03:18:43,698 - Detector - INFO - [1m[31m           4f8c419b77bca45c964f12409437af18822e4e0efb[0m
2025-09-22 03:18:43,698 - Detector - INFO - [1m[31m           43f7624eccba[0m
2025-09-22 03:18:43,698 - Detector - INFO - [1m[31m-----------------------------------------------------[0m
2025-09-22 03:18:43,698 - Detector - INFO - [1m[31mTransaction 5 - increaseAllowance(address,uint256):[0m
2025-09-22 03:18:43,698 - Detector - INFO - [1m[31m-----------------------------------------------------[0m
2025-09-22 03:18:43,698 - Detector - INFO - [1m[31mFrom:      0xffffffffffffffffffffffffffffffffffffffff[0m
2025-09-22 03:18:43,698 - Detector - INFO - [1m[31mTo:        0x2c5e8a3b3aad9df32339409534e64dfcabcd3a65[0m
2025-09-22 03:18:43,698 - Detector - INFO - [1m[31mValue:     0 Wei[0m
2025-09-22 03:18:43,698 - Detector - INFO - [1m[31mGas Limit: 4500000[0m
2025-09-22 03:18:43,698 - Detector - INFO - [1m[31mInput:     0x39509351000000000000000000000000cafebabe[0m
2025-09-22 03:18:43,698 - Detector - INFO - [1m[31m           cafebabecafebabecafebabecafebabe0000000000[0m
2025-09-22 03:18:43,699 - Detector - INFO - [1m[31m           000000000000000000000000000000000000000000[0m
2025-09-22 03:18:43,699 - Detector - INFO - [1m[31m           000000000000[0m
2025-09-22 03:18:43,699 - Detector - INFO - [1m[31m-----------------------------------------------------[0m
2025-09-22 03:18:43,865 - Analysis - INFO - [1mGeneration number 3 	 Code coverage: 68.46% (714/1043) 	 Branch coverage: 86.96% (40/46) 	 Transactions: 145 (67 unique)   	 Time: 1.5356481075286865[0m
2025-09-22 03:18:44,697 - Analysis - INFO - [1mGeneration number 4 	 Code coverage: 68.46% (714/1043) 	 Branch coverage: 86.96% (40/46) 	 Transactions: 221 (84 unique)   	 Time: 2.3680191040039062[0m
2025-09-22 03:18:45,690 - Analysis - INFO - [1mGeneration number 5 	 Code coverage: 68.46% (714/1043) 	 Branch coverage: 86.96% (40/46) 	 Transactions: 304 (102 unique)   	 Time: 3.361456871032715[0m
2025-09-22 03:18:46,750 - Analysis - INFO - [1mGeneration number 6 	 Code coverage: 68.46% (714/1043) 	 Branch coverage: 86.96% (40/46) 	 Transactions: 392 (120 unique)   	 Time: 4.421364784240723[0m
2025-09-22 03:18:47,826 - Analysis - INFO - [1mGeneration number 7 	 Code coverage: 68.46% (714/1043) 	 Branch coverage: 86.96% (40/46) 	 Transactions: 479 (138 unique)   	 Time: 5.497151136398315[0m
2025-09-22 03:18:48,890 - Analysis - INFO - [1mGeneration number 8 	 Code coverage: 68.46% (714/1043) 	 Branch coverage: 86.96% (40/46) 	 Transactions: 566 (156 unique)   	 Time: 6.560785293579102[0m
2025-09-22 03:18:49,978 - Analysis - INFO - [1mGeneration number 9 	 Code coverage: 68.46% (714/1043) 	 Branch coverage: 86.96% (40/46) 	 Transactions: 653 (174 unique)   	 Time: 7.648599147796631[0m
2025-09-22 03:18:51,066 - Analysis - INFO - [1mGeneration number 10 	 Code coverage: 68.46% (714/1043) 	 Branch coverage: 86.96% (40/46) 	 Transactions: 739 (192 unique)   	 Time: 8.737483501434326[0m
2025-09-22 03:18:51,118 - Analysis - INFO - [1m-----------------------------------------------------[0m
2025-09-22 03:18:51,118 - Analysis - INFO - Number of generations: 	 10
2025-09-22 03:18:51,118 - Analysis - INFO - Number of transactions: 	 739 (192 unique)
2025-09-22 03:18:51,118 - Analysis - INFO - Transactions per second: 	 84
2025-09-22 03:18:51,118 - Analysis - INFO - Total code coverage: 	 68.46% (714/1043)
2025-09-22 03:18:51,118 - Analysis - INFO - Total branch coverage: 	 86.96% (40/46)
2025-09-22 03:18:51,118 - Analysis - INFO - Total execution time: 	 8.79 seconds
2025-09-22 03:18:51,118 - Analysis - INFO - Total memory consumption: 	 79.03 MB

     ______            ______                _           
    / ____/___  ____  / ____/_  __________  (_)_  _______
   / /   / __ \/ __ \/ /_  / / / /_  /_  / / / / / / ___/
  / /___/ /_/ / / / / __/ / /_/ / / /_/ /_/ / /_/ (__  ) 
  \____/\____/_/ /_/_/    \__,_/ /___/___/_/\__,_/____/  

delteed file
