2025-09-03 23:43:38,012: [11] m.main:INFO: Registered plugins: IntrospectionAPIPlugin, <class 'manticore.ethereum.plugins.SkipRevertBasicBlocks'>, <class 'manticore.ethereum.plugins.FilterFunctions'>
2025-09-03 23:43:38,013: [11] m.main:INFO: Beginning analysis
2025-09-03 23:43:38,015: [11] m.e.manticore:INFO: Starting symbolic create contract
2025-09-03 23:43:38,434: [11] m.e.manticore:INFO: Starting symbolic transaction: 0
2025-09-03 23:43:39,364: [11] m.e.manticore:INFO: Found a concrete globalsha3 b'\x00\x00\x00\x00\x00\x00\x00\x00\x00\x00\x00\x00\x00\x00\x00\x00\x00\x00\x00\x00\x00\x00\x00\x00\x00\x00\x00\x00\x00\x02\x00\x00\x00\x00\x00\x00\x00\x00\x00\x00\x00\x00\x00\x00\x00\x00\x00\x00\x00\x00\x00\x00\x00\x00\x00\x00\x00\x00\x00\x00\x00\x00\x00\x00' -> 73138091548938366139099779971772605061518111956507126412222883840269740007539
2025-09-03 23:43:40,047: [11] m.e.manticore:INFO: 2 alive states, 1 terminated states
2025-09-03 23:43:40,171: [11] m.e.manticore:INFO: Starting symbolic transaction: 1
2025-09-03 23:43:45,541: [11] m.e.manticore:INFO: 5 alive states, 1 terminated states
2025-09-03 23:43:45,670: [11] m.e.manticore:INFO: Starting symbolic transaction: 2
2025-09-03 23:43:58,879: [11] m.e.manticore:INFO: 12 alive states, 1 terminated states
2025-09-03 23:43:59,188: [123] m.c.manticore:INFO: Generated testcase No. 0 - STOP(4 txs)
2025-09-03 23:43:59,189: [123] m.c.plugin:WARNING: Caught will_solve in state None, but failed to capture its initialization
2025-09-03 23:43:59,226: [117] m.c.manticore:INFO: Generated testcase No. 1 - STOP(4 txs)
2025-09-03 23:43:59,230: [117] m.c.plugin:WARNING: Caught will_solve in state None, but failed to capture its initialization
2025-09-03 23:43:59,290: [115] m.c.manticore:INFO: Generated testcase No. 2 - STOP(4 txs)
2025-09-03 23:43:59,291: [115] m.c.plugin:WARNING: Caught will_solve in state None, but failed to capture its initialization
2025-09-03 23:43:59,305: [119] m.c.manticore:INFO: Generated testcase No. 3 - STOP(4 txs)
2025-09-03 23:43:59,309: [119] m.c.plugin:WARNING: Caught will_solve in state None, but failed to capture its initialization
2025-09-03 23:43:59,312: [126] m.c.manticore:INFO: Generated testcase No. 4 - STOP(4 txs)
2025-09-03 23:43:59,313: [122] m.c.manticore:INFO: Generated testcase No. 5 - STOP(4 txs)
2025-09-03 23:43:59,314: [122] m.c.plugin:WARNING: Caught will_solve in state None, but failed to capture its initialization
2025-09-03 23:43:59,316: [126] m.c.plugin:WARNING: Caught will_solve in state None, but failed to capture its initialization
2025-09-03 23:43:59,336: [120] m.c.manticore:INFO: Generated testcase No. 6 - STOP(4 txs)
2025-09-03 23:43:59,337: [120] m.c.plugin:WARNING: Caught will_solve in state None, but failed to capture its initialization
2025-09-03 23:43:59,360: [129] m.c.manticore:INFO: Generated testcase No. 7 - STOP(4 txs)
2025-09-03 23:43:59,364: [129] m.c.plugin:WARNING: Caught will_solve in state None, but failed to capture its initialization
2025-09-03 23:43:59,791: [113] m.c.manticore:INFO: Generated testcase No. 8 - STOP(4 txs)
2025-09-03 23:43:59,797: [113] m.c.plugin:WARNING: Caught will_solve in state None, but failed to capture its initialization
2025-09-03 23:44:00,105: [124] m.c.manticore:INFO: Generated testcase No. 9 - STOP(4 txs)
2025-09-03 23:44:00,110: [124] m.c.plugin:WARNING: Caught will_solve in state None, but failed to capture its initialization
2025-09-03 23:44:00,147: [112] m.c.manticore:INFO: Generated testcase No. 10 - STOP(4 txs)
2025-09-03 23:44:00,152: [112] m.c.plugin:WARNING: Caught will_solve in state None, but failed to capture its initialization
2025-09-03 23:44:01,588: [116] m.c.manticore:INFO: Generated testcase No. 11 - STOP(4 txs)
2025-09-03 23:44:01,592: [116] m.c.plugin:WARNING: Caught will_solve in state None, but failed to capture its initialization
2025-09-03 23:44:11,157: [11] m.c.manticore:INFO: Results in /mcore_1zs2vfii
2025-09-03 23:44:11,157: [11] m.c.manticore:INFO: Total time: 25.416078567504883
