2025-09-21 15:10:51,468 - Main     - INFO - [1mInitializing seed to 1427655.0[0m
2025-09-21 15:10:51,511 - Fuzzer   - INFO - [1mFuzzing contract [1mOwnable[0m[0m
2025-09-21 15:10:51,539 - Analysis - INFO - [1mGeneration number 0 	 Code coverage: 65.14% (114/175) 	 Branch coverage: 78.57% (11/14) 	 Transactions: 7 (6 unique)   	 Time: 0.021860599517822266[0m
2025-09-21 15:10:51,558 - Analysis - INFO - [1mGeneration number 1 	 Code coverage: 65.14% (114/175) 	 Branch coverage: 78.57% (11/14) 	 Transactions: 12 (7 unique)   	 Time: 0.04049396514892578[0m
2025-09-21 15:10:51,581 - Analysis - INFO - [1mGeneration number 2 	 Code coverage: 65.14% (114/175) 	 Branch coverage: 78.57% (11/14) 	 Transactions: 15 (8 unique)   	 Time: 0.0635535717010498[0m
2025-09-21 15:10:51,607 - Analysis - INFO - [1mGeneration number 3 	 Code coverage: 65.14% (114/175) 	 Branch coverage: 78.57% (11/14) 	 Transactions: 19 (8 unique)   	 Time: 0.08951473236083984[0m
2025-09-21 15:10:51,639 - Analysis - INFO - [1mGeneration number 4 	 Code coverage: 97.71% (171/175) 	 Branch coverage: 92.86% (13/14) 	 Transactions: 24 (9 unique)   	 Time: 0.12157034873962402[0m
2025-09-21 15:10:51,661 - Analysis - INFO - [1mGeneration number 5 	 Code coverage: 97.71% (171/175) 	 Branch coverage: 92.86% (13/14) 	 Transactions: 29 (11 unique)   	 Time: 0.14364075660705566[0m
2025-09-21 15:10:51,710 - Analysis - INFO - [1mGeneration number 6 	 Code coverage: 99.43% (174/175) 	 Branch coverage: 100.00% (14/14) 	 Transactions: 39 (14 unique)   	 Time: 0.19282102584838867[0m
2025-09-21 15:10:51,760 - Analysis - INFO - [1mGeneration number 7 	 Code coverage: 99.43% (174/175) 	 Branch coverage: 100.00% (14/14) 	 Transactions: 53 (18 unique)   	 Time: 0.24226641654968262[0m
2025-09-21 15:10:51,813 - Analysis - INFO - [1mGeneration number 8 	 Code coverage: 99.43% (174/175) 	 Branch coverage: 100.00% (14/14) 	 Transactions: 68 (20 unique)   	 Time: 0.2954087257385254[0m
2025-09-21 15:10:51,857 - Analysis - INFO - [1mGeneration number 9 	 Code coverage: 99.43% (174/175) 	 Branch coverage: 100.00% (14/14) 	 Transactions: 80 (21 unique)   	 Time: 0.3399479389190674[0m
2025-09-21 15:10:51,902 - Analysis - INFO - [1mGeneration number 10 	 Code coverage: 99.43% (174/175) 	 Branch coverage: 100.00% (14/14) 	 Transactions: 92 (21 unique)   	 Time: 0.38456034660339355[0m
2025-09-21 15:10:51,902 - Analysis - INFO - [1m-----------------------------------------------------[0m
2025-09-21 15:10:51,902 - Analysis - INFO - Number of generations: 	 10
2025-09-21 15:10:51,902 - Analysis - INFO - Number of transactions: 	 92 (21 unique)
2025-09-21 15:10:51,902 - Analysis - INFO - Transactions per second: 	 239
2025-09-21 15:10:51,902 - Analysis - INFO - Total code coverage: 	 99.43% (174/175)
2025-09-21 15:10:51,902 - Analysis - INFO - Total branch coverage: 	 100.00% (14/14)
2025-09-21 15:10:51,902 - Analysis - INFO - Total execution time: 	 0.38 seconds
2025-09-21 15:10:51,903 - Analysis - INFO - Total memory consumption: 	 63.82 MB
2025-09-21 15:10:51,904 - Fuzzer   - INFO - [1mFuzzing contract [1mlockEtherPay[0m[0m
2025-09-21 15:10:51,991 - Detector - INFO - [1m[32m-----------------------------------------------------[0m
2025-09-21 15:10:51,991 - Detector - INFO - [1m[32m          !!! Block dependency detected !!!          [0m
2025-09-21 15:10:51,991 - Detector - INFO - [1m[32m-----------------------------------------------------[0m
2025-09-21 15:10:51,991 - Detector - INFO - [1m[32mSWC-ID:   120[0m
2025-09-21 15:10:51,991 - Detector - INFO - [1m[32mSeverity: Low[0m
2025-09-21 15:10:51,991 - Detector - INFO - [1m[32m-----------------------------------------------------[0m
2025-09-21 15:10:51,991 - Detector - INFO - [1m[32mSource code line:[0m
2025-09-21 15:10:51,991 - Detector - INFO - [1m[32m-----------------------------------------------------[0m
2025-09-21 15:10:51,991 - Detector - INFO - [1m[32m/sb/0x823f96acc48410eba6e60fbaf0012ab6c49d4633.sol:96:1[0m
2025-09-21 15:10:51,991 - Detector - INFO - [1m[32mnow[0m
2025-09-21 15:10:51,991 - Detector - INFO - [1m[32m-----------------------------------------------------[0m
2025-09-21 15:10:51,991 - Detector - INFO - [1m[32mTransaction sequence:[0m
2025-09-21 15:10:51,991 - Detector - INFO - [1m[32m-----------------------------------------------------[0m
2025-09-21 15:10:51,991 - Detector - INFO - [1m[32mTransaction - lockOver():[0m
2025-09-21 15:10:51,991 - Detector - INFO - [1m[32m-----------------------------------------------------[0m
2025-09-21 15:10:51,991 - Detector - INFO - [1m[32mFrom:      0xdeadbeefdeadbeefdeadbeefdeadbeefdeadbeef[0m
2025-09-21 15:10:51,991 - Detector - INFO - [1m[32mTo:        0x2c5e8a3b3aad9df32339409534e64dfcabcd3a65[0m
2025-09-21 15:10:51,991 - Detector - INFO - [1m[32mValue:     0 Wei[0m
2025-09-21 15:10:51,991 - Detector - INFO - [1m[32mGas Limit: 4500000[0m
2025-09-21 15:10:51,991 - Detector - INFO - [1m[32mInput:     0x9b7faaf0[0m
2025-09-21 15:10:51,991 - Detector - INFO - [1m[32m-----------------------------------------------------[0m
2025-09-21 15:10:52,013 - Analysis - INFO - [1mGeneration number 0 	 Code coverage: 56.50% (478/846) 	 Branch coverage: 65.85% (54/82) 	 Transactions: 27 (26 unique)   	 Time: 0.10434246063232422[0m
2025-09-21 15:10:52,091 - Analysis - INFO - [1mGeneration number 1 	 Code coverage: 56.50% (478/846) 	 Branch coverage: 65.85% (54/82) 	 Transactions: 44 (28 unique)   	 Time: 0.18249750137329102[0m
2025-09-21 15:10:52,181 - Analysis - INFO - [1mGeneration number 2 	 Code coverage: 56.50% (478/846) 	 Branch coverage: 65.85% (54/82) 	 Transactions: 59 (31 unique)   	 Time: 0.2724130153656006[0m
2025-09-21 15:10:52,310 - Analysis - INFO - [1mGeneration number 3 	 Code coverage: 58.39% (494/846) 	 Branch coverage: 68.29% (56/82) 	 Transactions: 76 (34 unique)   	 Time: 0.40070104598999023[0m
2025-09-21 15:10:52,379 - Analysis - INFO - [1mGeneration number 4 	 Code coverage: 58.39% (494/846) 	 Branch coverage: 68.29% (56/82) 	 Transactions: 89 (35 unique)   	 Time: 0.47026944160461426[0m
2025-09-21 15:10:52,478 - Analysis - INFO - [1mGeneration number 5 	 Code coverage: 65.13% (551/846) 	 Branch coverage: 70.73% (58/82) 	 Transactions: 101 (36 unique)   	 Time: 0.5687849521636963[0m
2025-09-21 15:10:52,578 - Analysis - INFO - [1mGeneration number 6 	 Code coverage: 65.13% (551/846) 	 Branch coverage: 70.73% (58/82) 	 Transactions: 114 (40 unique)   	 Time: 0.6691679954528809[0m
2025-09-21 15:10:52,781 - Analysis - INFO - [1mGeneration number 7 	 Code coverage: 65.48% (554/846) 	 Branch coverage: 71.95% (59/82) 	 Transactions: 134 (45 unique)   	 Time: 0.8721208572387695[0m
2025-09-21 15:10:53,028 - Analysis - INFO - [1mGeneration number 8 	 Code coverage: 65.48% (554/846) 	 Branch coverage: 71.95% (59/82) 	 Transactions: 162 (50 unique)   	 Time: 1.1194450855255127[0m
2025-09-21 15:10:53,406 - Analysis - INFO - [1mGeneration number 9 	 Code coverage: 65.48% (554/846) 	 Branch coverage: 71.95% (59/82) 	 Transactions: 205 (58 unique)   	 Time: 1.4966919422149658[0m
2025-09-21 15:10:54,050 - Analysis - INFO - [1mGeneration number 10 	 Code coverage: 65.48% (554/846) 	 Branch coverage: 71.95% (59/82) 	 Transactions: 272 (67 unique)   	 Time: 2.1410491466522217[0m
2025-09-21 15:10:54,071 - Analysis - INFO - [1m-----------------------------------------------------[0m
2025-09-21 15:10:54,071 - Analysis - INFO - Number of generations: 	 10
2025-09-21 15:10:54,071 - Analysis - INFO - Number of transactions: 	 272 (67 unique)
2025-09-21 15:10:54,071 - Analysis - INFO - Transactions per second: 	 126
2025-09-21 15:10:54,071 - Analysis - INFO - Total code coverage: 	 65.48% (554/846)
2025-09-21 15:10:54,071 - Analysis - INFO - Total branch coverage: 	 71.95% (59/82)
2025-09-21 15:10:54,071 - Analysis - INFO - Total execution time: 	 2.16 seconds
2025-09-21 15:10:54,071 - Analysis - INFO - Total memory consumption: 	 67.20 MB

     ______            ______                _           
    / ____/___  ____  / ____/_  __________  (_)_  _______
   / /   / __ \/ __ \/ /_  / / / /_  /_  / / / / / / ___/
  / /___/ /_/ / / / / __/ / /_/ / / /_/ /_/ / /_/ (__  ) 
  \____/\____/_/ /_/_/    \__,_/ /___/___/_/\__,_/____/  

delteed file
