Extract contract Reentrance from /sb/reentrance.sol
Extracted 1 contract(s) from /sb/reentrance.sol
[0;32m> Created "fuzzMe"[0m
[0;32m> To fuzz contracts:[0m
  chmod +x fuzzMe
  ./fuzzMe
assets/NormalAttacker.sol:5:3: Warning: No visibility specified. Defaulting to "public". 
  function() payable {
  ^ (Relevant source part starts here and spans across multiple lines).
assets/ReentrancyAttacker.sol:8:7: Warning: Return value of low-level calls not used.
      msg.sender.call(bytes4(255));
      ^--------------------------^
assets/ReentrancyAttacker.sol:5:3: Warning: No visibility specified. Defaulting to "public". 
  function() payable {
  ^ (Relevant source part starts here and spans across multiple lines).
>> Fuzz Reentrance
** Write stats: 0.014814
** Write stats: 5.00235
** Write stats: 10.0013
** Write stats: 15.0041
** Write stats: 20.001
** Write stats: 25.0036
** Write stats: 30.0043
** Write stats: 35.0073
** Write stats: 40.0082
** Write stats: 45.0063
** Write stats: 50.0106
** Write stats: 55.0065
** Write stats: 60.0094
** Write stats: 65.01
** Write stats: 70.0053
** Write stats: 75.0024
** Write stats: 80.0002
** Write stats: 85.0046
** Write stats: 90.0018
** Write stats: 95.003
** Write stats: 100
** Write stats: 105.005
** Write stats: 110.008
** Write stats: 115.012
** Write stats: 120.017
** Write stats: 120.02
