2025-07-04 19:11:31,313: [11] m.main:INFO: Registered plugins: IntrospectionAPIPlugin, <class 'manticore.ethereum.plugins.SkipRevertBasicBlocks'>, <class 'manticore.ethereum.plugins.FilterFunctions'>
2025-07-04 19:11:31,313: [11] m.main:INFO: Beginning analysis
2025-07-04 19:11:31,317: [11] m.e.manticore:INFO: Starting symbolic create contract
2025-07-04 19:11:32,043: [11] m.e.manticore:INFO: Starting symbolic transaction: 0
2025-07-04 19:11:34,626: [11] m.e.manticore:INFO: Found a concrete globalsha3 b'\x00\x00\x00\x00\x00\x00\x00\x00\x00\x00\x00\x00\x00\x00\x00\x00\x00\x00\x00\x00\x00\x00\x00\x00\x00\x00\x00\x00\x00\x02\x00\x00\x00\x00\x00\x00\x00\x00\x00\x00\x00\x00\x00\x00\x00\x00\x00\x00\x00\x00\x00\x00\x00\x00\x00\x00\x00\x00\x00\x00\x00\x00\x00\x01' -> 27376155845717860833342594873357525089589924219251518322086369159840883582034
2025-07-04 19:11:42,956: [11] m.e.manticore:INFO: 3 alive states, 3 terminated states
2025-07-04 19:11:43,213: [11] m.e.manticore:INFO: Starting symbolic transaction: 1
2025-07-04 19:12:22,920: [11] m.e.manticore:INFO: 12 alive states, 9 terminated states
2025-07-04 19:12:23,210: [11] m.e.manticore:INFO: Starting symbolic transaction: 2
2025-07-04 19:15:45,872: [11] m.e.manticore:INFO: 60 alive states, 33 terminated states
2025-07-04 19:15:46,340: [113] m.c.manticore:INFO: Generated testcase No. 0 - STOP(4 txs)
2025-07-04 19:15:46,341: [113] m.c.plugin:WARNING: Caught will_solve in state None, but failed to capture its initialization
2025-07-04 19:15:46,386: [114] m.c.manticore:INFO: Generated testcase No. 2 - STOP(4 txs)
2025-07-04 19:15:46,387: [114] m.c.plugin:WARNING: Caught will_solve in state None, but failed to capture its initialization
2025-07-04 19:15:46,410: [112] m.c.manticore:INFO: Generated testcase No. 1 - STOP(4 txs)
2025-07-04 19:15:46,412: [116] m.c.manticore:INFO: Generated testcase No. 4 - STOP(4 txs)
2025-07-04 19:15:46,413: [116] m.c.plugin:WARNING: Caught will_solve in state None, but failed to capture its initialization
2025-07-04 19:15:46,414: [112] m.c.plugin:WARNING: Caught will_solve in state None, but failed to capture its initialization
2025-07-04 19:15:46,416: [120] m.c.manticore:INFO: Generated testcase No. 3 - STOP(4 txs)
2025-07-04 19:15:46,417: [120] m.c.plugin:WARNING: Caught will_solve in state None, but failed to capture its initialization
2025-07-04 19:15:46,480: [117] m.c.manticore:INFO: Generated testcase No. 5 - STOP(4 txs)
2025-07-04 19:15:46,481: [117] m.c.plugin:WARNING: Caught will_solve in state None, but failed to capture its initialization
2025-07-04 19:15:46,531: [119] m.c.manticore:INFO: Generated testcase No. 8 - STOP(4 txs)
2025-07-04 19:15:46,532: [119] m.c.plugin:WARNING: Caught will_solve in state None, but failed to capture its initialization
2025-07-04 19:15:46,533: [127] m.c.manticore:INFO: Generated testcase No. 6 - STOP(4 txs)
2025-07-04 19:15:46,534: [127] m.c.plugin:WARNING: Caught will_solve in state None, but failed to capture its initialization
2025-07-04 19:15:46,538: [122] m.c.manticore:INFO: Generated testcase No. 7 - STOP(4 txs)
2025-07-04 19:15:46,538: [122] m.c.plugin:WARNING: Caught will_solve in state None, but failed to capture its initialization
2025-07-04 19:15:46,576: [130] m.c.manticore:INFO: Generated testcase No. 9 - STOP(4 txs)
2025-07-04 19:15:46,580: [130] m.c.plugin:WARNING: Caught will_solve in state None, but failed to capture its initialization
2025-07-04 19:15:46,642: [121] m.c.manticore:INFO: Generated testcase No. 10 - STOP(4 txs)
2025-07-04 19:15:46,643: [121] m.c.plugin:WARNING: Caught will_solve in state None, but failed to capture its initialization
2025-07-04 19:15:46,998: [125] m.c.manticore:INFO: Generated testcase No. 11 - STOP(4 txs)
2025-07-04 19:15:47,003: [125] m.c.plugin:WARNING: Caught will_solve in state None, but failed to capture its initialization
2025-07-04 19:15:50,567: [114] m.c.manticore:INFO: Generated testcase No. 12 - STOP(4 txs)
2025-07-04 19:15:50,906: [116] m.c.manticore:INFO: Generated testcase No. 13 - STOP(4 txs)
2025-07-04 19:15:50,977: [113] m.c.manticore:INFO: Generated testcase No. 14 - STOP(4 txs)
2025-07-04 19:15:52,016: [127] m.c.manticore:INFO: Generated testcase No. 15 - STOP(4 txs)
2025-07-04 19:15:52,928: [120] m.c.manticore:INFO: Generated testcase No. 16 - STOP(4 txs)
2025-07-04 19:15:54,797: [125] m.c.manticore:INFO: Generated testcase No. 17 - STOP(4 txs)
2025-07-04 19:15:54,867: [117] m.c.manticore:INFO: Generated testcase No. 18 - STOP(4 txs)
2025-07-04 19:15:55,584: [112] m.c.manticore:INFO: Generated testcase No. 19 - STOP(4 txs)
2025-07-04 19:15:55,632: [122] m.c.manticore:INFO: Generated testcase No. 20 - STOP(4 txs)
2025-07-04 19:15:55,646: [114] m.c.manticore:INFO: Generated testcase No. 21 - STOP(4 txs)
2025-07-04 19:15:56,108: [116] m.c.manticore:INFO: Generated testcase No. 22 - STOP(4 txs)
2025-07-04 19:15:56,229: [130] m.c.manticore:INFO: Generated testcase No. 23 - STOP(4 txs)
2025-07-04 19:15:57,004: [113] m.c.manticore:INFO: Generated testcase No. 24 - STOP(4 txs)
2025-07-04 19:15:57,919: [121] m.c.manticore:INFO: Generated testcase No. 25 - STOP(4 txs)
2025-07-04 19:15:58,312: [119] m.c.manticore:INFO: Generated testcase No. 26 - STOP(4 txs)
2025-07-04 19:15:58,399: [127] m.c.manticore:INFO: Generated testcase No. 27 - STOP(4 txs)
2025-07-04 19:15:59,752: [120] m.c.manticore:INFO: Generated testcase No. 28 - STOP(4 txs)
2025-07-04 19:15:59,838: [125] m.c.manticore:INFO: Generated testcase No. 29 - STOP(4 txs)
2025-07-04 19:16:00,985: [116] m.c.manticore:INFO: Generated testcase No. 30 - STOP(4 txs)
2025-07-04 19:16:01,287: [112] m.c.manticore:INFO: Generated testcase No. 31 - STOP(4 txs)
2025-07-04 19:16:01,760: [130] m.c.manticore:INFO: Generated testcase No. 32 - STOP(4 txs)
2025-07-04 19:16:02,553: [114] m.c.manticore:INFO: Generated testcase No. 33 - STOP(4 txs)
2025-07-04 19:16:02,663: [117] m.c.manticore:INFO: Generated testcase No. 34 - STOP(4 txs)
2025-07-04 19:16:02,948: [113] m.c.manticore:INFO: Generated testcase No. 35 - STOP(4 txs)
2025-07-04 19:16:03,829: [119] m.c.manticore:INFO: Generated testcase No. 36 - STOP(4 txs)
2025-07-04 19:16:04,115: [121] m.c.manticore:INFO: Generated testcase No. 37 - STOP(4 txs)
2025-07-04 19:16:06,059: [116] m.c.manticore:INFO: Generated testcase No. 38 - STOP(4 txs)
2025-07-04 19:16:07,926: [130] m.c.manticore:INFO: Generated testcase No. 39 - STOP(4 txs)
2025-07-04 19:16:08,045: [125] m.c.manticore:INFO: Generated testcase No. 40 - STOP(4 txs)
2025-07-04 19:16:08,108: [120] m.c.manticore:INFO: Generated testcase No. 41 - STOP(4 txs)
2025-07-04 19:16:09,370: [122] m.c.manticore:INFO: Generated testcase No. 42 - STOP(4 txs)
2025-07-04 19:16:09,696: [112] m.c.manticore:INFO: Generated testcase No. 43 - STOP(4 txs)
2025-07-04 19:16:10,587: [127] m.c.manticore:INFO: Generated testcase No. 44 - STOP(4 txs)
2025-07-04 19:16:10,792: [121] m.c.manticore:INFO: Generated testcase No. 45 - STOP(4 txs)
2025-07-04 19:16:11,075: [119] m.c.manticore:INFO: Generated testcase No. 46 - STOP(4 txs)
2025-07-04 19:16:11,239: [117] m.c.manticore:INFO: Generated testcase No. 47 - STOP(4 txs)
2025-07-04 19:16:16,698: [121] m.c.manticore:INFO: Generated testcase No. 48 - STOP(4 txs)
2025-07-04 19:16:17,477: [116] m.c.manticore:INFO: Generated testcase No. 49 - STOP(4 txs)
2025-07-04 19:16:17,780: [130] m.c.manticore:INFO: Generated testcase No. 50 - STOP(4 txs)
2025-07-04 19:16:18,256: [119] m.c.manticore:INFO: Generated testcase No. 51 - STOP(4 txs)
2025-07-04 19:16:20,073: [122] m.c.manticore:INFO: Generated testcase No. 52 - STOP(4 txs)
2025-07-04 19:16:22,869: [121] m.c.manticore:INFO: Generated testcase No. 53 - STOP(4 txs)
2025-07-04 19:16:24,178: [117] m.c.manticore:INFO: Generated testcase No. 54 - STOP(4 txs)
2025-07-04 19:16:24,931: [119] m.c.manticore:INFO: Generated testcase No. 55 - STOP(4 txs)
2025-07-04 19:16:25,973: [127] m.c.manticore:INFO: Generated testcase No. 56 - STOP(4 txs)
2025-07-04 19:16:26,806: [122] m.c.manticore:INFO: Generated testcase No. 57 - STOP(4 txs)
2025-07-04 19:16:27,641: [125] m.c.manticore:INFO: Generated testcase No. 58 - STOP(4 txs)
2025-07-04 19:16:28,109: [112] m.c.manticore:INFO: Generated testcase No. 59 - STOP(4 txs)
2025-07-04 19:16:58,674: [11] m.c.manticore:INFO: Results in /mcore_b0sop04i
2025-07-04 19:16:58,674: [11] m.c.manticore:INFO: Total time: 275.1971571445465
