2025-09-21 14:40:54,828 - Main     - INFO - [1mInitializing seed to 1427655.0[0m
2025-09-21 14:40:54,889 - Fuzzer   - INFO - [1mFuzzing contract [1mDinosaurFarmer2[0m[0m
2025-09-21 14:40:54,945 - Detector - INFO - [1m[33m-----------------------------------------------------[0m
2025-09-21 14:40:54,945 - Detector - INFO - [1m[33m          !!! Assertion failure detected !!!         [0m
2025-09-21 14:40:54,945 - Detector - INFO - [1m[33m-----------------------------------------------------[0m
2025-09-21 14:40:54,945 - Detector - INFO - [1m[33mSWC-ID:   110[0m
2025-09-21 14:40:54,945 - Detector - INFO - [1m[33mSeverity: Medium[0m
2025-09-21 14:40:54,945 - Detector - INFO - [1m[33m-----------------------------------------------------[0m
2025-09-21 14:40:54,945 - Detector - INFO - [1m[33mSource code line:[0m
2025-09-21 14:40:54,945 - Detector - INFO - [1m[33m-----------------------------------------------------[0m
2025-09-21 14:40:54,945 - Detector - INFO - [1m[33m/sb/0x675f070e80f89ddcc3f2457d9fe571814741e904.sol:110:1[0m
2025-09-21 14:40:54,945 - Detector - INFO - [1m[33massert(c / a == b)[0m
2025-09-21 14:40:54,945 - Detector - INFO - [1m[33m-----------------------------------------------------[0m
2025-09-21 14:40:54,945 - Detector - INFO - [1m[33mTransaction sequence:[0m
2025-09-21 14:40:54,945 - Detector - INFO - [1m[33m-----------------------------------------------------[0m
2025-09-21 14:40:54,945 - Detector - INFO - [1m[33mTransaction - calculateEggBuy(uint256,uint256):[0m
2025-09-21 14:40:54,945 - Detector - INFO - [1m[33m-----------------------------------------------------[0m
2025-09-21 14:40:54,945 - Detector - INFO - [1m[33mFrom:      0xcafebabecafebabecafebabecafebabecafebabe[0m
2025-09-21 14:40:54,945 - Detector - INFO - [1m[33mTo:        0x2c5e8a3b3aad9df32339409534e64dfcabcd3a65[0m
2025-09-21 14:40:54,945 - Detector - INFO - [1m[33mValue:     0 Wei[0m
2025-09-21 14:40:54,945 - Detector - INFO - [1m[33mGas Limit: 4500000[0m
2025-09-21 14:40:54,946 - Detector - INFO - [1m[33mInput:     0x26fd8422a2a3cdd2406b0d001ddd5f90f6f774cb[0m
2025-09-21 14:40:54,946 - Detector - INFO - [1m[33m           564ea1e08a30029556f306ea876214bdfe0bf0724e[0m
2025-09-21 14:40:54,946 - Detector - INFO - [1m[33m           aafef4f7135d8be8a27d961c81018879906fe5d769[0m
2025-09-21 14:40:54,946 - Detector - INFO - [1m[33m           58f4e81c827a[0m
2025-09-21 14:40:54,946 - Detector - INFO - [1m[33m-----------------------------------------------------[0m
2025-09-21 14:40:54,992 - Detector - INFO - [1m[32m-----------------------------------------------------[0m
2025-09-21 14:40:54,992 - Detector - INFO - [1m[32m          !!! Block dependency detected !!!          [0m
2025-09-21 14:40:54,992 - Detector - INFO - [1m[32m-----------------------------------------------------[0m
2025-09-21 14:40:54,992 - Detector - INFO - [1m[32mSWC-ID:   120[0m
2025-09-21 14:40:54,992 - Detector - INFO - [1m[32mSeverity: Low[0m
2025-09-21 14:40:54,992 - Detector - INFO - [1m[32m-----------------------------------------------------[0m
2025-09-21 14:40:54,992 - Detector - INFO - [1m[32mSource code line:[0m
2025-09-21 14:40:54,992 - Detector - INFO - [1m[32m-----------------------------------------------------[0m
2025-09-21 14:40:54,992 - Detector - INFO - [1m[32m/sb/0x675f070e80f89ddcc3f2457d9fe571814741e904.sol:92:1[0m
2025-09-21 14:40:54,992 - Detector - INFO - [1m[32mnow[0m
2025-09-21 14:40:54,992 - Detector - INFO - [1m[32m-----------------------------------------------------[0m
2025-09-21 14:40:54,992 - Detector - INFO - [1m[32mTransaction sequence:[0m
2025-09-21 14:40:54,992 - Detector - INFO - [1m[32m-----------------------------------------------------[0m
2025-09-21 14:40:54,992 - Detector - INFO - [1m[32mTransaction - getMyEggs():[0m
2025-09-21 14:40:54,992 - Detector - INFO - [1m[32m-----------------------------------------------------[0m
2025-09-21 14:40:54,992 - Detector - INFO - [1m[32mFrom:      0xcafebabecafebabecafebabecafebabecafebabe[0m
2025-09-21 14:40:54,992 - Detector - INFO - [1m[32mTo:        0x2c5e8a3b3aad9df32339409534e64dfcabcd3a65[0m
2025-09-21 14:40:54,993 - Detector - INFO - [1m[32mValue:     0 Wei[0m
2025-09-21 14:40:54,993 - Detector - INFO - [1m[32mGas Limit: 4500000[0m
2025-09-21 14:40:54,993 - Detector - INFO - [1m[32mInput:     0x43ce7422[0m
2025-09-21 14:40:54,993 - Detector - INFO - [1m[32m-----------------------------------------------------[0m
2025-09-21 14:40:55,159 - Analysis - INFO - [1mGeneration number 0 	 Code coverage: 65.17% (1042/1599) 	 Branch coverage: 81.75% (103/126) 	 Transactions: 49 (48 unique)   	 Time: 0.25845885276794434[0m
2025-09-21 14:40:55,483 - Detector - INFO - [1m[32m-----------------------------------------------------[0m
2025-09-21 14:40:55,483 - Detector - INFO - [1m[32m          !!! Block dependency detected !!!          [0m
2025-09-21 14:40:55,483 - Detector - INFO - [1m[32m-----------------------------------------------------[0m
2025-09-21 14:40:55,483 - Detector - INFO - [1m[32mSWC-ID:   120[0m
2025-09-21 14:40:55,483 - Detector - INFO - [1m[32mSeverity: Low[0m
2025-09-21 14:40:55,483 - Detector - INFO - [1m[32m-----------------------------------------------------[0m
2025-09-21 14:40:55,483 - Detector - INFO - [1m[32mSource code line:[0m
2025-09-21 14:40:55,483 - Detector - INFO - [1m[32m-----------------------------------------------------[0m
2025-09-21 14:40:55,483 - Detector - INFO - [1m[32m/sb/0x675f070e80f89ddcc3f2457d9fe571814741e904.sol:28:1[0m
2025-09-21 14:40:55,483 - Detector - INFO - [1m[32mnow[0m
2025-09-21 14:40:55,483 - Detector - INFO - [1m[32m-----------------------------------------------------[0m
2025-09-21 14:40:55,483 - Detector - INFO - [1m[32mTransaction sequence:[0m
2025-09-21 14:40:55,483 - Detector - INFO - [1m[32m-----------------------------------------------------[0m
2025-09-21 14:40:55,483 - Detector - INFO - [1m[32mTransaction 1 - seedMarket(uint256):[0m
2025-09-21 14:40:55,483 - Detector - INFO - [1m[32m-----------------------------------------------------[0m
2025-09-21 14:40:55,483 - Detector - INFO - [1m[32mFrom:      0xcafebabecafebabecafebabecafebabecafebabe[0m
2025-09-21 14:40:55,483 - Detector - INFO - [1m[32mTo:        0x2c5e8a3b3aad9df32339409534e64dfcabcd3a65[0m
2025-09-21 14:40:55,483 - Detector - INFO - [1m[32mValue:     1 Wei[0m
2025-09-21 14:40:55,483 - Detector - INFO - [1m[32mGas Limit: 4500000[0m
2025-09-21 14:40:55,483 - Detector - INFO - [1m[32mInput:     0x3b653755e83a869022f1724870c8eeb6a2c1357b[0m
2025-09-21 14:40:55,483 - Detector - INFO - [1m[32m           ed874bd3ef7dde7a9b1aff4eb5931e23[0m
2025-09-21 14:40:55,483 - Detector - INFO - [1m[32m-----------------------------------------------------[0m
2025-09-21 14:40:55,483 - Detector - INFO - [1m[32mTransaction 2 - hatchEggs(address):[0m
2025-09-21 14:40:55,483 - Detector - INFO - [1m[32m-----------------------------------------------------[0m
2025-09-21 14:40:55,483 - Detector - INFO - [1m[32mFrom:      0xcafebabecafebabecafebabecafebabecafebabe[0m
2025-09-21 14:40:55,483 - Detector - INFO - [1m[32mTo:        0x2c5e8a3b3aad9df32339409534e64dfcabcd3a65[0m
2025-09-21 14:40:55,483 - Detector - INFO - [1m[32mValue:     0 Wei[0m
2025-09-21 14:40:55,483 - Detector - INFO - [1m[32mGas Limit: 4500000[0m
2025-09-21 14:40:55,483 - Detector - INFO - [1m[32mInput:     0x3ec862a8000000000000000000000000deadbeef[0m
2025-09-21 14:40:55,483 - Detector - INFO - [1m[32m           deadbeefdeadbeefdeadbeefdeadbeef[0m
2025-09-21 14:40:55,483 - Detector - INFO - [1m[32m-----------------------------------------------------[0m
2025-09-21 14:40:55,519 - Analysis - INFO - [1mGeneration number 1 	 Code coverage: 83.61% (1337/1599) 	 Branch coverage: 87.30% (110/126) 	 Transactions: 105 (72 unique)   	 Time: 0.6187136173248291[0m
2025-09-21 14:40:55,857 - Detector - INFO - [1m[33m-----------------------------------------------------[0m
2025-09-21 14:40:55,857 - Detector - INFO - [1m[33m          !!! Assertion failure detected !!!         [0m
2025-09-21 14:40:55,857 - Detector - INFO - [1m[33m-----------------------------------------------------[0m
2025-09-21 14:40:55,857 - Detector - INFO - [1m[33mSWC-ID:   110[0m
2025-09-21 14:40:55,857 - Detector - INFO - [1m[33mSeverity: Medium[0m
2025-09-21 14:40:55,857 - Detector - INFO - [1m[33m-----------------------------------------------------[0m
2025-09-21 14:40:55,857 - Detector - INFO - [1m[33mSource code line:[0m
2025-09-21 14:40:55,857 - Detector - INFO - [1m[33m-----------------------------------------------------[0m
2025-09-21 14:40:55,857 - Detector - INFO - [1m[33m/sb/0x675f070e80f89ddcc3f2457d9fe571814741e904.sol:119:1[0m
2025-09-21 14:40:55,857 - Detector - INFO - [1m[33ma / b[0m
2025-09-21 14:40:55,857 - Detector - INFO - [1m[33m-----------------------------------------------------[0m
2025-09-21 14:40:55,857 - Detector - INFO - [1m[33mTransaction sequence:[0m
2025-09-21 14:40:55,857 - Detector - INFO - [1m[33m-----------------------------------------------------[0m
2025-09-21 14:40:55,857 - Detector - INFO - [1m[33mTransaction 1 - seedMarket(uint256):[0m
2025-09-21 14:40:55,857 - Detector - INFO - [1m[33m-----------------------------------------------------[0m
2025-09-21 14:40:55,857 - Detector - INFO - [1m[33mFrom:      0xcafebabecafebabecafebabecafebabecafebabe[0m
2025-09-21 14:40:55,857 - Detector - INFO - [1m[33mTo:        0x2c5e8a3b3aad9df32339409534e64dfcabcd3a65[0m
2025-09-21 14:40:55,857 - Detector - INFO - [1m[33mValue:     1 Wei[0m
2025-09-21 14:40:55,857 - Detector - INFO - [1m[33mGas Limit: 4500000[0m
2025-09-21 14:40:55,857 - Detector - INFO - [1m[33mInput:     0x3b65375500000000000000000000000000000000[0m
2025-09-21 14:40:55,857 - Detector - INFO - [1m[33m           00000000000000000000000000000002[0m
2025-09-21 14:40:55,857 - Detector - INFO - [1m[33m-----------------------------------------------------[0m
2025-09-21 14:40:55,858 - Detector - INFO - [1m[33mTransaction 2 - buyEggs():[0m
2025-09-21 14:40:55,858 - Detector - INFO - [1m[33m-----------------------------------------------------[0m
2025-09-21 14:40:55,858 - Detector - INFO - [1m[33mFrom:      0xcafebabecafebabecafebabecafebabecafebabe[0m
2025-09-21 14:40:55,858 - Detector - INFO - [1m[33mTo:        0x2c5e8a3b3aad9df32339409534e64dfcabcd3a65[0m
2025-09-21 14:40:55,858 - Detector - INFO - [1m[33mValue:     0 Wei[0m
2025-09-21 14:40:55,858 - Detector - INFO - [1m[33mGas Limit: 4500000[0m
2025-09-21 14:40:55,858 - Detector - INFO - [1m[33mInput:     0x4f74acfe[0m
2025-09-21 14:40:55,858 - Detector - INFO - [1m[33m-----------------------------------------------------[0m
2025-09-21 14:40:56,092 - Analysis - INFO - [1mGeneration number 2 	 Code coverage: 83.86% (1341/1599) 	 Branch coverage: 88.89% (112/126) 	 Transactions: 196 (106 unique)   	 Time: 1.191645860671997[0m
2025-09-21 14:40:56,316 - Detector - INFO - [1m[32m-----------------------------------------------------[0m
2025-09-21 14:40:56,316 - Detector - INFO - [1m[32m          !!! Block dependency detected !!!          [0m
2025-09-21 14:40:56,316 - Detector - INFO - [1m[32m-----------------------------------------------------[0m
2025-09-21 14:40:56,316 - Detector - INFO - [1m[32mSWC-ID:   120[0m
2025-09-21 14:40:56,316 - Detector - INFO - [1m[32mSeverity: Low[0m
2025-09-21 14:40:56,316 - Detector - INFO - [1m[32m-----------------------------------------------------[0m
2025-09-21 14:40:56,316 - Detector - INFO - [1m[32mSource code line:[0m
2025-09-21 14:40:56,316 - Detector - INFO - [1m[32m-----------------------------------------------------[0m
2025-09-21 14:40:56,316 - Detector - INFO - [1m[32m/sb/0x675f070e80f89ddcc3f2457d9fe571814741e904.sol:79:1[0m
2025-09-21 14:40:56,316 - Detector - INFO - [1m[32mnow[0m
2025-09-21 14:40:56,316 - Detector - INFO - [1m[32m-----------------------------------------------------[0m
2025-09-21 14:40:56,316 - Detector - INFO - [1m[32mTransaction sequence:[0m
2025-09-21 14:40:56,316 - Detector - INFO - [1m[32m-----------------------------------------------------[0m
2025-09-21 14:40:56,316 - Detector - INFO - [1m[32mTransaction 1 - seedMarket(uint256):[0m
2025-09-21 14:40:56,316 - Detector - INFO - [1m[32m-----------------------------------------------------[0m
2025-09-21 14:40:56,316 - Detector - INFO - [1m[32mFrom:      0xdeadbeefdeadbeefdeadbeefdeadbeefdeadbeef[0m
2025-09-21 14:40:56,316 - Detector - INFO - [1m[32mTo:        0x2c5e8a3b3aad9df32339409534e64dfcabcd3a65[0m
2025-09-21 14:40:56,316 - Detector - INFO - [1m[32mValue:     0 Wei[0m
2025-09-21 14:40:56,316 - Detector - INFO - [1m[32mGas Limit: 4500000[0m
2025-09-21 14:40:56,316 - Detector - INFO - [1m[32mInput:     0x3b653755f0efbb18f8dc608a51f36774c7b51470[0m
2025-09-21 14:40:56,316 - Detector - INFO - [1m[32m           52848c460e8e21d4fa9627f4e71812bb[0m
2025-09-21 14:40:56,316 - Detector - INFO - [1m[32m-----------------------------------------------------[0m
2025-09-21 14:40:56,316 - Detector - INFO - [1m[32mTransaction 2 - calculateEggSell(uint256):[0m
2025-09-21 14:40:56,316 - Detector - INFO - [1m[32m-----------------------------------------------------[0m
2025-09-21 14:40:56,316 - Detector - INFO - [1m[32mFrom:      0xcafebabecafebabecafebabecafebabecafebabe[0m
2025-09-21 14:40:56,316 - Detector - INFO - [1m[32mTo:        0x2c5e8a3b3aad9df32339409534e64dfcabcd3a65[0m
2025-09-21 14:40:56,316 - Detector - INFO - [1m[32mValue:     0 Wei[0m
2025-09-21 14:40:56,316 - Detector - INFO - [1m[32mGas Limit: 4500000[0m
2025-09-21 14:40:56,316 - Detector - INFO - [1m[32mInput:     0x8e3163278854068eda0f2db2cce499fc6c2c4d64[0m
2025-09-21 14:40:56,316 - Detector - INFO - [1m[32m           1cf9abaa1426e6c7dc5890d3c3f73cf4[0m
2025-09-21 14:40:56,316 - Detector - INFO - [1m[32m-----------------------------------------------------[0m
2025-09-21 14:40:56,316 - Detector - INFO - [1m[32mTransaction 3 - seedMarket(uint256):[0m
2025-09-21 14:40:56,316 - Detector - INFO - [1m[32m-----------------------------------------------------[0m
2025-09-21 14:40:56,317 - Detector - INFO - [1m[32mFrom:      0xdeadbeefdeadbeefdeadbeefdeadbeefdeadbeef[0m
2025-09-21 14:40:56,317 - Detector - INFO - [1m[32mTo:        0x2c5e8a3b3aad9df32339409534e64dfcabcd3a65[0m
2025-09-21 14:40:56,317 - Detector - INFO - [1m[32mValue:     0 Wei[0m
2025-09-21 14:40:56,317 - Detector - INFO - [1m[32mGas Limit: 4500000[0m
2025-09-21 14:40:56,317 - Detector - INFO - [1m[32mInput:     0x3b65375500000000000000000000000000000000[0m
2025-09-21 14:40:56,317 - Detector - INFO - [1m[32m           00000000000000000000000000000002[0m
2025-09-21 14:40:56,317 - Detector - INFO - [1m[32m-----------------------------------------------------[0m
2025-09-21 14:40:56,317 - Detector - INFO - [1m[32mTransaction 4 - sellEggs():[0m
2025-09-21 14:40:56,317 - Detector - INFO - [1m[32m-----------------------------------------------------[0m
2025-09-21 14:40:56,317 - Detector - INFO - [1m[32mFrom:      0xdeadbeefdeadbeefdeadbeefdeadbeefdeadbeef[0m
2025-09-21 14:40:56,317 - Detector - INFO - [1m[32mTo:        0x2c5e8a3b3aad9df32339409534e64dfcabcd3a65[0m
2025-09-21 14:40:56,317 - Detector - INFO - [1m[32mValue:     0 Wei[0m
2025-09-21 14:40:56,317 - Detector - INFO - [1m[32mGas Limit: 4500000[0m
2025-09-21 14:40:56,317 - Detector - INFO - [1m[32mInput:     0x3955f0fe[0m
2025-09-21 14:40:56,317 - Detector - INFO - [1m[32m-----------------------------------------------------[0m
2025-09-21 14:40:56,317 - Detector - INFO - [1m[32mTransaction 5 - getFreeShrimp():[0m
2025-09-21 14:40:56,317 - Detector - INFO - [1m[32m-----------------------------------------------------[0m
2025-09-21 14:40:56,317 - Detector - INFO - [1m[32mFrom:      0xcafebabecafebabecafebabecafebabecafebabe[0m
2025-09-21 14:40:56,317 - Detector - INFO - [1m[32mTo:        0x2c5e8a3b3aad9df32339409534e64dfcabcd3a65[0m
2025-09-21 14:40:56,317 - Detector - INFO - [1m[32mValue:     0 Wei[0m
2025-09-21 14:40:56,317 - Detector - INFO - [1m[32mGas Limit: 4500000[0m
2025-09-21 14:40:56,317 - Detector - INFO - [1m[32mInput:     0x23b3c771[0m
2025-09-21 14:40:56,317 - Detector - INFO - [1m[32m-----------------------------------------------------[0m
2025-09-21 14:40:57,132 - Analysis - INFO - [1mGeneration number 3 	 Code coverage: 83.86% (1341/1599) 	 Branch coverage: 88.89% (112/126) 	 Transactions: 338 (138 unique)   	 Time: 2.2310638427734375[0m
2025-09-21 14:40:58,399 - Analysis - INFO - [1mGeneration number 4 	 Code coverage: 84.37% (1349/1599) 	 Branch coverage: 90.48% (114/126) 	 Transactions: 504 (172 unique)   	 Time: 3.4988536834716797[0m
2025-09-21 14:40:59,936 - Analysis - INFO - [1mGeneration number 5 	 Code coverage: 90.18% (1442/1599) 	 Branch coverage: 92.86% (117/126) 	 Transactions: 685 (208 unique)   	 Time: 5.035439491271973[0m
2025-09-21 14:41:01,713 - Analysis - INFO - [1mGeneration number 6 	 Code coverage: 90.18% (1442/1599) 	 Branch coverage: 92.86% (117/126) 	 Transactions: 892 (250 unique)   	 Time: 6.8128297328948975[0m
2025-09-21 14:41:03,713 - Analysis - INFO - [1mGeneration number 7 	 Code coverage: 90.18% (1442/1599) 	 Branch coverage: 92.86% (117/126) 	 Transactions: 1098 (287 unique)   	 Time: 8.812691450119019[0m
2025-09-21 14:41:05,548 - Analysis - INFO - [1mGeneration number 8 	 Code coverage: 90.18% (1442/1599) 	 Branch coverage: 92.86% (117/126) 	 Transactions: 1301 (324 unique)   	 Time: 10.647382974624634[0m
2025-09-21 14:41:07,346 - Analysis - INFO - [1mGeneration number 9 	 Code coverage: 90.18% (1442/1599) 	 Branch coverage: 92.86% (117/126) 	 Transactions: 1498 (363 unique)   	 Time: 12.44523572921753[0m
2025-09-21 14:41:09,229 - Analysis - INFO - [1mGeneration number 10 	 Code coverage: 90.18% (1442/1599) 	 Branch coverage: 92.86% (117/126) 	 Transactions: 1711 (397 unique)   	 Time: 14.3282470703125[0m
2025-09-21 14:41:10,945 - Detector - INFO - [1m[33m-----------------------------------------------------[0m
2025-09-21 14:41:10,945 - Detector - INFO - [1m[33m          !!! Assertion failure detected !!!         [0m
2025-09-21 14:41:10,945 - Detector - INFO - [1m[33m-----------------------------------------------------[0m
2025-09-21 14:41:10,945 - Detector - INFO - [1m[33mSWC-ID:   110[0m
2025-09-21 14:41:10,945 - Detector - INFO - [1m[33mSeverity: Medium[0m
2025-09-21 14:41:10,945 - Detector - INFO - [1m[33m-----------------------------------------------------[0m
2025-09-21 14:41:10,945 - Detector - INFO - [1m[33mSource code line:[0m
2025-09-21 14:41:10,945 - Detector - INFO - [1m[33m-----------------------------------------------------[0m
2025-09-21 14:41:10,945 - Detector - INFO - [1m[33m/sb/0x675f070e80f89ddcc3f2457d9fe571814741e904.sol:128:1[0m
2025-09-21 14:41:10,945 - Detector - INFO - [1m[33massert(b <= a)[0m
2025-09-21 14:41:10,945 - Detector - INFO - [1m[33m-----------------------------------------------------[0m
2025-09-21 14:41:10,945 - Detector - INFO - [1m[33mTransaction sequence:[0m
2025-09-21 14:41:10,945 - Detector - INFO - [1m[33m-----------------------------------------------------[0m
2025-09-21 14:41:10,945 - Detector - INFO - [1m[33mTransaction 1 - seedMarket(uint256):[0m
2025-09-21 14:41:10,945 - Detector - INFO - [1m[33m-----------------------------------------------------[0m
2025-09-21 14:41:10,945 - Detector - INFO - [1m[33mFrom:      0xdeadbeefdeadbeefdeadbeefdeadbeefdeadbeef[0m
2025-09-21 14:41:10,946 - Detector - INFO - [1m[33mTo:        0x2c5e8a3b3aad9df32339409534e64dfcabcd3a65[0m
2025-09-21 14:41:10,946 - Detector - INFO - [1m[33mValue:     0 Wei[0m
2025-09-21 14:41:10,946 - Detector - INFO - [1m[33mGas Limit: 4500000[0m
2025-09-21 14:41:10,946 - Detector - INFO - [1m[33mInput:     0x3b653755ffffffffffffffffffffffffffffffff[0m
2025-09-21 14:41:10,946 - Detector - INFO - [1m[33m           ffffffffffffffffffffffffffffffff[0m
2025-09-21 14:41:10,946 - Detector - INFO - [1m[33m-----------------------------------------------------[0m
2025-09-21 14:41:10,946 - Detector - INFO - [1m[33mTransaction 2 - hatchEggs(address):[0m
2025-09-21 14:41:10,946 - Detector - INFO - [1m[33m-----------------------------------------------------[0m
2025-09-21 14:41:10,946 - Detector - INFO - [1m[33mFrom:      0xcafebabecafebabecafebabecafebabecafebabe[0m
2025-09-21 14:41:10,946 - Detector - INFO - [1m[33mTo:        0x2c5e8a3b3aad9df32339409534e64dfcabcd3a65[0m
2025-09-21 14:41:10,946 - Detector - INFO - [1m[33mValue:     0 Wei[0m
2025-09-21 14:41:10,946 - Detector - INFO - [1m[33mGas Limit: 4500000[0m
2025-09-21 14:41:10,946 - Detector - INFO - [1m[33mInput:     0x3ec862a8000000000000000000000000deadbeef[0m
2025-09-21 14:41:10,946 - Detector - INFO - [1m[33m           deadbeefdeadbeefdeadbeefdeadbeef[0m
2025-09-21 14:41:10,946 - Detector - INFO - [1m[33m-----------------------------------------------------[0m
2025-09-21 14:41:10,946 - Detector - INFO - [1m[33mTransaction 3 - getMyEggs():[0m
2025-09-21 14:41:10,946 - Detector - INFO - [1m[33m-----------------------------------------------------[0m
2025-09-21 14:41:10,946 - Detector - INFO - [1m[33mFrom:      0xdeadbeefdeadbeefdeadbeefdeadbeefdeadbeef[0m
2025-09-21 14:41:10,946 - Detector - INFO - [1m[33mTo:        0x2c5e8a3b3aad9df32339409534e64dfcabcd3a65[0m
2025-09-21 14:41:10,946 - Detector - INFO - [1m[33mValue:     0 Wei[0m
2025-09-21 14:41:10,946 - Detector - INFO - [1m[33mGas Limit: 4500000[0m
2025-09-21 14:41:10,946 - Detector - INFO - [1m[33mInput:     0x43ce7422[0m
2025-09-21 14:41:10,946 - Detector - INFO - [1m[33m-----------------------------------------------------[0m
2025-09-21 14:41:10,946 - Detector - INFO - [1m[33mTransaction 4 - hatchEggs(address):[0m
2025-09-21 14:41:10,946 - Detector - INFO - [1m[33m-----------------------------------------------------[0m
2025-09-21 14:41:10,946 - Detector - INFO - [1m[33mFrom:      0xcafebabecafebabecafebabecafebabecafebabe[0m
2025-09-21 14:41:10,946 - Detector - INFO - [1m[33mTo:        0x2c5e8a3b3aad9df32339409534e64dfcabcd3a65[0m
2025-09-21 14:41:10,946 - Detector - INFO - [1m[33mValue:     0 Wei[0m
2025-09-21 14:41:10,946 - Detector - INFO - [1m[33mGas Limit: 4500000[0m
2025-09-21 14:41:10,946 - Detector - INFO - [1m[33mInput:     0x3ec862a8000000000000000000000000deadbeef[0m
2025-09-21 14:41:10,946 - Detector - INFO - [1m[33m           deadbeefdeadbeefdeadbeefdeadbeef[0m
2025-09-21 14:41:10,946 - Detector - INFO - [1m[33m-----------------------------------------------------[0m
2025-09-21 14:41:10,946 - Detector - INFO - [1m[33mTransaction 5 - referrals(address):[0m
2025-09-21 14:41:10,946 - Detector - INFO - [1m[33m-----------------------------------------------------[0m
2025-09-21 14:41:10,946 - Detector - INFO - [1m[33mFrom:      0xcafebabecafebabecafebabecafebabecafebabe[0m
2025-09-21 14:41:10,946 - Detector - INFO - [1m[33mTo:        0x2c5e8a3b3aad9df32339409534e64dfcabcd3a65[0m
2025-09-21 14:41:10,946 - Detector - INFO - [1m[33mValue:     0 Wei[0m
2025-09-21 14:41:10,946 - Detector - INFO - [1m[33mGas Limit: 4500000[0m
2025-09-21 14:41:10,946 - Detector - INFO - [1m[33mInput:     0x9ca423b3000000000000000000000000cafebabe[0m
2025-09-21 14:41:10,946 - Detector - INFO - [1m[33m           cafebabecafebabecafebabecafebabe[0m
2025-09-21 14:41:10,946 - Detector - INFO - [1m[33m-----------------------------------------------------[0m
2025-09-21 14:41:11,022 - Analysis - INFO - [1mGeneration number 11 	 Code coverage: 90.24% (1443/1599) 	 Branch coverage: 93.65% (118/126) 	 Transactions: 1920 (431 unique)   	 Time: 16.12169337272644[0m
2025-09-21 14:41:11,022 - Analysis - INFO - [1m-----------------------------------------------------[0m
2025-09-21 14:41:11,022 - Analysis - INFO - Number of generations: 	 11
2025-09-21 14:41:11,022 - Analysis - INFO - Number of transactions: 	 1920 (431 unique)
2025-09-21 14:41:11,022 - Analysis - INFO - Transactions per second: 	 119
2025-09-21 14:41:11,022 - Analysis - INFO - Total code coverage: 	 90.24% (1443/1599)
2025-09-21 14:41:11,022 - Analysis - INFO - Total branch coverage: 	 93.65% (118/126)
2025-09-21 14:41:11,023 - Analysis - INFO - Total execution time: 	 16.12 seconds
2025-09-21 14:41:11,023 - Analysis - INFO - Total memory consumption: 	 93.49 MB

     ______            ______                _           
    / ____/___  ____  / ____/_  __________  (_)_  _______
   / /   / __ \/ __ \/ /_  / / / /_  /_  / / / / / / ___/
  / /___/ /_/ / / / / __/ / /_/ / / /_/ /_/ / /_/ (__  ) 
  \____/\____/_/ /_/_/    \__,_/ /___/___/_/\__,_/____/  

delteed file
