'solc --version' running
'solc /sb/0x0a7f20c58c3014e1dfb7f9d460d8bc2202f7bf1f.sol --combined-json abi,ast,bin,bin-runtime,srcmap,srcmap-runtime,userdoc,devdoc,hashes,compact-format --allow-paths .,/sb' running

SetBuyer.buy(ISetToken,IKyberNetworkProxy) (../../sb/0x0a7f20c58c3014e1dfb7f9d460d8bc2202f7bf1f.sol#290-337) sends eth to arbitrary user
	Dangerous calls:
	- msg.sender.transfer(address(this).balance) (../../sb/0x0a7f20c58c3014e1dfb7f9d460d8bc2202f7bf1f.sol#329)
Reference: https://github.com/crytic/slither/wiki/Detector-Documentation#functions-that-send-ether-to-arbitrary-destinations

SetBuyer.buy(ISetToken,IKyberNetworkProxy) (../../sb/0x0a7f20c58c3014e1dfb7f9d460d8bc2202f7bf1f.sol#290-337) use msg.value in a loop: amount = msg.value.mul(weight[i]).div(weightSum) (../../sb/0x0a7f20c58c3014e1dfb7f9d460d8bc2202f7bf1f.sol#309)
Reference: https://github.com/crytic/slither/wiki/Detector-Documentation/#msgvalue-inside-a-loop

ISetToken (../../sb/0x0a7f20c58c3014e1dfb7f9d460d8bc2202f7bf1f.sol#157-251) has incorrect ERC20 function interface:ISetToken.transfer(address,uint256) (../../sb/0x0a7f20c58c3014e1dfb7f9d460d8bc2202f7bf1f.sol#246-250)
Reference: https://github.com/crytic/slither/wiki/Detector-Documentation#incorrect-erc20-interface

SetBuyer.buy(ISetToken,IKyberNetworkProxy) (../../sb/0x0a7f20c58c3014e1dfb7f9d460d8bc2202f7bf1f.sol#290-337) ignores return value by (weight[i],None) = kyber.getExpectedRate(components[i],ETHER_ADDRESS,units[i]) (../../sb/0x0a7f20c58c3014e1dfb7f9d460d8bc2202f7bf1f.sol#303)
Reference: https://github.com/crytic/slither/wiki/Detector-Documentation#unused-return

SetBuyer.buy(ISetToken,IKyberNetworkProxy) (../../sb/0x0a7f20c58c3014e1dfb7f9d460d8bc2202f7bf1f.sol#290-337) has external calls inside a loop: (weight[i],None) = kyber.getExpectedRate(components[i],ETHER_ADDRESS,units[i]) (../../sb/0x0a7f20c58c3014e1dfb7f9d460d8bc2202f7bf1f.sol#303)
SetBuyer.buy(ISetToken,IKyberNetworkProxy) (../../sb/0x0a7f20c58c3014e1dfb7f9d460d8bc2202f7bf1f.sol#290-337) has external calls inside a loop: received = kyber.tradeWithHint.value(amount)(ETHER_ADDRESS,amount,components[i],this,1 << 255,0,0,) (../../sb/0x0a7f20c58c3014e1dfb7f9d460d8bc2202f7bf1f.sol#310-319)
SetBuyer.buy(ISetToken,IKyberNetworkProxy) (../../sb/0x0a7f20c58c3014e1dfb7f9d460d8bc2202f7bf1f.sol#290-337) has external calls inside a loop: token.balanceOf(this) > 0 (../../sb/0x0a7f20c58c3014e1dfb7f9d460d8bc2202f7bf1f.sol#333)
SetBuyer.buy(ISetToken,IKyberNetworkProxy) (../../sb/0x0a7f20c58c3014e1dfb7f9d460d8bc2202f7bf1f.sol#290-337) has external calls inside a loop: require(bool,string)(token.transfer(msg.sender,token.balanceOf(this)),transfer failed) (../../sb/0x0a7f20c58c3014e1dfb7f9d460d8bc2202f7bf1f.sol#334)
Reference: https://github.com/crytic/slither/wiki/Detector-Documentation/#calls-inside-a-loop

ExternalCall.externalCall(address,uint256,bytes,uint256,uint256) (../../sb/0x0a7f20c58c3014e1dfb7f9d460d8bc2202f7bf1f.sol#110-127) uses assembly
	- INLINE ASM (../../sb/0x0a7f20c58c3014e1dfb7f9d460d8bc2202f7bf1f.sol#112-127)
Reference: https://github.com/crytic/slither/wiki/Detector-Documentation#assembly-usage

Version constraint ^0.4.24 contains known severe issues (https://solidity.readthedocs.io/en/latest/bugs.html)
	- DirtyBytesArrayToStorage
	- ABIDecodeTwoDimensionalArrayMemory
	- KeccakCaching
	- EmptyByteArrayCopy
	- DynamicArrayCleanup
	- ImplicitConstructorCallvalueCheck
	- TupleAssignmentMultiStackSlotComponents
	- MemoryArrayCreationOverflow
	- privateCanBeOverridden
	- SignedArrayStorageCopy
	- ABIEncoderV2StorageArrayWithMultiSlotElement
	- DynamicConstructorArgumentsClippedABIV2
	- UninitializedFunctionPointerInConstructor_0.4.x
	- IncorrectEventSignatureInLibraries_0.4.x
	- ABIEncoderV2PackedStorage_0.4.x
	- ExpExponentCleanup
	- EventStructWrongData.
It is used by:
	- ^0.4.24 (../../sb/0x0a7f20c58c3014e1dfb7f9d460d8bc2202f7bf1f.sol#1)
	- ^0.4.24 (../../sb/0x0a7f20c58c3014e1dfb7f9d460d8bc2202f7bf1f.sol#148)
solc-0.4.26 is an outdated solc version. Use a more recent version (at least 0.8.0), if possible.
Reference: https://github.com/crytic/slither/wiki/Detector-Documentation#incorrect-versions-of-solidity

tradeWithHint(address,uint256,address,address,uint256,uint256,address,bytes) should be declared external:
	- IKyberNetworkProxy.tradeWithHint(address,uint256,address,address,uint256,uint256,address,bytes) (../../sb/0x0a7f20c58c3014e1dfb7f9d460d8bc2202f7bf1f.sol#256-268)
Reference: https://github.com/crytic/slither/wiki/Detector-Documentation#public-function-that-could-be-declared-external
/sb/0x0a7f20c58c3014e1dfb7f9d460d8bc2202f7bf1f.sol analyzed (6 contracts with 93 detectors), 12 result(s) found
