'solc --version' running
'solc /sb/0x0a2d9370cf74da3fd3df5d764e394ca8205c50b6.sol --combined-json abi,ast,bin,bin-runtime,srcmap,srcmap-runtime,userdoc,devdoc,hashes,compact-format --allow-paths .,/sb' running
Compilation warnings/errors on /sb/0x0a2d9370cf74da3fd3df5d764e394ca8205c50b6.sol:
/sb/0x0a2d9370cf74da3fd3df5d764e394ca8205c50b6.sol:95:5: Warning: Defining constructors as functions with the same name as the contract is deprecated. Use "constructor(...) { ... }" instead.
    function Token() public {
    ^ (Relevant source part starts here and spans across multiple lines).
/sb/0x0a2d9370cf74da3fd3df5d764e394ca8205c50b6.sol:101:9: Warning: Invoking events without "emit" prefix is deprecated.
        Transfer(address(0), msg.sender, totalSupply);
        ^-------------------------------------------^
/sb/0x0a2d9370cf74da3fd3df5d764e394ca8205c50b6.sol:128:9: Warning: Invoking events without "emit" prefix is deprecated.
        Transfer(msg.sender, _to, _value);
        ^-------------------------------^
/sb/0x0a2d9370cf74da3fd3df5d764e394ca8205c50b6.sol:148:9: Warning: Invoking events without "emit" prefix is deprecated.
        Transfer(_from, _to, _value);
        ^--------------------------^
/sb/0x0a2d9370cf74da3fd3df5d764e394ca8205c50b6.sol:162:9: Warning: Invoking events without "emit" prefix is deprecated.
        Approval(msg.sender, _spender, _value);
        ^------------------------------------^


Contract locking ether found:
	Contract Token (../../sb/0x0a2d9370cf74da3fd3df5d764e394ca8205c50b6.sol#72-180) has payable functions:
	 - Token.fallback() (../../sb/0x0a2d9370cf74da3fd3df5d764e394ca8205c50b6.sol#106)
	But does not have a function to withdraw the ether
Reference: https://github.com/crytic/slither/wiki/Detector-Documentation#contracts-that-lock-ether

Version constraint ^0.4.18 contains known severe issues (https://solidity.readthedocs.io/en/latest/bugs.html)
	- DirtyBytesArrayToStorage
	- ABIDecodeTwoDimensionalArrayMemory
	- KeccakCaching
	- EmptyByteArrayCopy
	- DynamicArrayCleanup
	- ImplicitConstructorCallvalueCheck
	- TupleAssignmentMultiStackSlotComponents
	- MemoryArrayCreationOverflow
	- privateCanBeOverridden
	- SignedArrayStorageCopy
	- ABIEncoderV2StorageArrayWithMultiSlotElement
	- DynamicConstructorArgumentsClippedABIV2
	- UninitializedFunctionPointerInConstructor_0.4.x
	- IncorrectEventSignatureInLibraries_0.4.x
	- ExpExponentCleanup
	- EventStructWrongData
	- NestedArrayFunctionCallDecoder.
It is used by:
	- ^0.4.18 (../../sb/0x0a2d9370cf74da3fd3df5d764e394ca8205c50b6.sol#1)
solc-0.4.26 is an outdated solc version. Use a more recent version (at least 0.8.0), if possible.
Reference: https://github.com/crytic/slither/wiki/Detector-Documentation#incorrect-versions-of-solidity

Parameter Token.balanceOf(address)._owner (../../sb/0x0a2d9370cf74da3fd3df5d764e394ca8205c50b6.sol#112) is not in mixedCase
Parameter Token.transfer(address,uint256)._to (../../sb/0x0a2d9370cf74da3fd3df5d764e394ca8205c50b6.sol#125) is not in mixedCase
Parameter Token.transfer(address,uint256)._value (../../sb/0x0a2d9370cf74da3fd3df5d764e394ca8205c50b6.sol#125) is not in mixedCase
Parameter Token.transferFrom(address,address,uint256)._from (../../sb/0x0a2d9370cf74da3fd3df5d764e394ca8205c50b6.sol#141) is not in mixedCase
Parameter Token.transferFrom(address,address,uint256)._to (../../sb/0x0a2d9370cf74da3fd3df5d764e394ca8205c50b6.sol#141) is not in mixedCase
Parameter Token.transferFrom(address,address,uint256)._value (../../sb/0x0a2d9370cf74da3fd3df5d764e394ca8205c50b6.sol#141) is not in mixedCase
Parameter Token.approve(address,uint256)._spender (../../sb/0x0a2d9370cf74da3fd3df5d764e394ca8205c50b6.sol#157) is not in mixedCase
Parameter Token.approve(address,uint256)._value (../../sb/0x0a2d9370cf74da3fd3df5d764e394ca8205c50b6.sol#157) is not in mixedCase
Parameter Token.allowance(address,address)._owner (../../sb/0x0a2d9370cf74da3fd3df5d764e394ca8205c50b6.sol#172) is not in mixedCase
Parameter Token.allowance(address,address)._spender (../../sb/0x0a2d9370cf74da3fd3df5d764e394ca8205c50b6.sol#172) is not in mixedCase
Reference: https://github.com/crytic/slither/wiki/Detector-Documentation#conformance-to-solidity-naming-conventions

Token.Token() (../../sb/0x0a2d9370cf74da3fd3df5d764e394ca8205c50b6.sol#95-102) uses literals with too many digits:
	- totalSupply = 55000000000000000000000000 (../../sb/0x0a2d9370cf74da3fd3df5d764e394ca8205c50b6.sol#99)
Reference: https://github.com/crytic/slither/wiki/Detector-Documentation#too-many-digits
/sb/0x0a2d9370cf74da3fd3df5d764e394ca8205c50b6.sol analyzed (2 contracts with 93 detectors), 14 result(s) found
