2025-09-22 03:12:57,018 - Main     - INFO - [1mInitializing seed to 1427655.0[0m
2025-09-22 03:12:57,070 - Fuzzer   - INFO - [1mFuzzing contract [1mXBYR[0m[0m
2025-09-22 03:12:57,198 - Analysis - INFO - [1mGeneration number 0 	 Code coverage: 78.47% (860/1096) 	 Branch coverage: 82.35% (56/68) 	 Transactions: 25 (24 unique)   	 Time: 0.11400413513183594[0m
2025-09-22 03:12:57,348 - Analysis - INFO - [1mGeneration number 1 	 Code coverage: 78.47% (860/1096) 	 Branch coverage: 82.35% (56/68) 	 Transactions: 53 (37 unique)   	 Time: 0.2639503479003906[0m
2025-09-22 03:12:57,783 - Analysis - INFO - [1mGeneration number 2 	 Code coverage: 90.42% (991/1096) 	 Branch coverage: 86.76% (59/68) 	 Transactions: 112 (56 unique)   	 Time: 0.6992495059967041[0m
2025-09-22 03:12:58,268 - Analysis - INFO - [1mGeneration number 3 	 Code coverage: 96.72% (1060/1096) 	 Branch coverage: 88.24% (60/68) 	 Transactions: 181 (76 unique)   	 Time: 1.1842892169952393[0m
2025-09-22 03:12:58,992 - Analysis - INFO - [1mGeneration number 4 	 Code coverage: 96.72% (1060/1096) 	 Branch coverage: 88.24% (60/68) 	 Transactions: 277 (98 unique)   	 Time: 1.908236026763916[0m
2025-09-22 03:12:59,867 - Analysis - INFO - [1mGeneration number 5 	 Code coverage: 96.72% (1060/1096) 	 Branch coverage: 89.71% (61/68) 	 Transactions: 387 (122 unique)   	 Time: 2.782813549041748[0m
2025-09-22 03:13:00,792 - Analysis - INFO - [1mGeneration number 6 	 Code coverage: 96.72% (1060/1096) 	 Branch coverage: 89.71% (61/68) 	 Transactions: 497 (146 unique)   	 Time: 3.708038330078125[0m
2025-09-22 03:13:01,760 - Analysis - INFO - [1mGeneration number 7 	 Code coverage: 96.72% (1060/1096) 	 Branch coverage: 89.71% (61/68) 	 Transactions: 609 (170 unique)   	 Time: 4.675966262817383[0m
2025-09-22 03:13:02,782 - Analysis - INFO - [1mGeneration number 8 	 Code coverage: 96.72% (1060/1096) 	 Branch coverage: 89.71% (61/68) 	 Transactions: 724 (194 unique)   	 Time: 5.698361873626709[0m
2025-09-22 03:13:03,817 - Analysis - INFO - [1mGeneration number 9 	 Code coverage: 96.72% (1060/1096) 	 Branch coverage: 89.71% (61/68) 	 Transactions: 838 (218 unique)   	 Time: 6.73334813117981[0m
2025-09-22 03:13:04,834 - Analysis - INFO - [1mGeneration number 10 	 Code coverage: 96.72% (1060/1096) 	 Branch coverage: 89.71% (61/68) 	 Transactions: 951 (242 unique)   	 Time: 7.750504493713379[0m
2025-09-22 03:13:05,897 - Analysis - INFO - [1mGeneration number 11 	 Code coverage: 96.72% (1060/1096) 	 Branch coverage: 89.71% (61/68) 	 Transactions: 1066 (266 unique)   	 Time: 8.813478469848633[0m
2025-09-22 03:13:06,976 - Analysis - INFO - [1mGeneration number 12 	 Code coverage: 96.72% (1060/1096) 	 Branch coverage: 89.71% (61/68) 	 Transactions: 1181 (290 unique)   	 Time: 9.892469882965088[0m
2025-09-22 03:13:08,053 - Analysis - INFO - [1mGeneration number 13 	 Code coverage: 96.72% (1060/1096) 	 Branch coverage: 89.71% (61/68) 	 Transactions: 1297 (314 unique)   	 Time: 10.969360828399658[0m
2025-09-22 03:13:09,054 - Analysis - INFO - [1mGeneration number 14 	 Code coverage: 96.72% (1060/1096) 	 Branch coverage: 89.71% (61/68) 	 Transactions: 1410 (338 unique)   	 Time: 11.97071099281311[0m
2025-09-22 03:13:09,439 - Analysis - INFO - [1mGeneration number 15 	 Code coverage: 96.72% (1060/1096) 	 Branch coverage: 89.71% (61/68) 	 Transactions: 1461 (368 unique)   	 Time: 12.35495924949646[0m
2025-09-22 03:13:10,090 - Analysis - INFO - [1mGeneration number 16 	 Code coverage: 96.72% (1060/1096) 	 Branch coverage: 89.71% (61/68) 	 Transactions: 1527 (386 unique)   	 Time: 13.00658130645752[0m
2025-09-22 03:13:10,877 - Analysis - INFO - [1mGeneration number 17 	 Code coverage: 96.72% (1060/1096) 	 Branch coverage: 89.71% (61/68) 	 Transactions: 1611 (409 unique)   	 Time: 13.793341398239136[0m
2025-09-22 03:13:11,711 - Analysis - INFO - [1mGeneration number 18 	 Code coverage: 96.72% (1060/1096) 	 Branch coverage: 89.71% (61/68) 	 Transactions: 1702 (433 unique)   	 Time: 14.627091407775879[0m
2025-09-22 03:13:12,573 - Analysis - INFO - [1mGeneration number 19 	 Code coverage: 96.72% (1060/1096) 	 Branch coverage: 89.71% (61/68) 	 Transactions: 1792 (457 unique)   	 Time: 15.48926043510437[0m
2025-09-22 03:13:13,439 - Analysis - INFO - [1mGeneration number 20 	 Code coverage: 96.72% (1060/1096) 	 Branch coverage: 89.71% (61/68) 	 Transactions: 1879 (481 unique)   	 Time: 16.355222463607788[0m
2025-09-22 03:13:14,254 - Analysis - INFO - [1mGeneration number 21 	 Code coverage: 96.72% (1060/1096) 	 Branch coverage: 89.71% (61/68) 	 Transactions: 1959 (504 unique)   	 Time: 17.17049527168274[0m
2025-09-22 03:13:15,053 - Analysis - INFO - [1mGeneration number 22 	 Code coverage: 96.72% (1060/1096) 	 Branch coverage: 89.71% (61/68) 	 Transactions: 2036 (528 unique)   	 Time: 17.9696044921875[0m
2025-09-22 03:13:15,825 - Analysis - INFO - [1mGeneration number 23 	 Code coverage: 96.72% (1060/1096) 	 Branch coverage: 89.71% (61/68) 	 Transactions: 2112 (551 unique)   	 Time: 18.74155068397522[0m
2025-09-22 03:13:16,501 - Analysis - INFO - [1mGeneration number 24 	 Code coverage: 96.72% (1060/1096) 	 Branch coverage: 89.71% (61/68) 	 Transactions: 2185 (575 unique)   	 Time: 19.416949033737183[0m
2025-09-22 03:13:16,855 - Analysis - INFO - [1mGeneration number 25 	 Code coverage: 96.72% (1060/1096) 	 Branch coverage: 89.71% (61/68) 	 Transactions: 2234 (594 unique)   	 Time: 19.770775318145752[0m
2025-09-22 03:13:17,223 - Analysis - INFO - [1mGeneration number 26 	 Code coverage: 96.72% (1060/1096) 	 Branch coverage: 89.71% (61/68) 	 Transactions: 2280 (610 unique)   	 Time: 20.138912677764893[0m
2025-09-22 03:13:17,694 - Analysis - INFO - [1mGeneration number 27 	 Code coverage: 96.72% (1060/1096) 	 Branch coverage: 89.71% (61/68) 	 Transactions: 2339 (626 unique)   	 Time: 20.610281229019165[0m
2025-09-22 03:13:18,235 - Analysis - INFO - [1mGeneration number 28 	 Code coverage: 96.72% (1060/1096) 	 Branch coverage: 89.71% (61/68) 	 Transactions: 2412 (644 unique)   	 Time: 21.150763034820557[0m
2025-09-22 03:13:18,869 - Analysis - INFO - [1mGeneration number 29 	 Code coverage: 96.72% (1060/1096) 	 Branch coverage: 89.71% (61/68) 	 Transactions: 2499 (664 unique)   	 Time: 21.785579204559326[0m
2025-09-22 03:13:19,527 - Analysis - INFO - [1mGeneration number 30 	 Code coverage: 96.72% (1060/1096) 	 Branch coverage: 89.71% (61/68) 	 Transactions: 2595 (685 unique)   	 Time: 22.4434015750885[0m
2025-09-22 03:13:20,192 - Analysis - INFO - [1mGeneration number 31 	 Code coverage: 96.72% (1060/1096) 	 Branch coverage: 89.71% (61/68) 	 Transactions: 2690 (706 unique)   	 Time: 23.108309268951416[0m
2025-09-22 03:13:20,896 - Analysis - INFO - [1mGeneration number 32 	 Code coverage: 96.72% (1060/1096) 	 Branch coverage: 89.71% (61/68) 	 Transactions: 2790 (726 unique)   	 Time: 23.812161684036255[0m
2025-09-22 03:13:21,664 - Analysis - INFO - [1mGeneration number 33 	 Code coverage: 96.72% (1060/1096) 	 Branch coverage: 89.71% (61/68) 	 Transactions: 2897 (749 unique)   	 Time: 24.580137729644775[0m
2025-09-22 03:13:22,420 - Analysis - INFO - [1mGeneration number 34 	 Code coverage: 96.72% (1060/1096) 	 Branch coverage: 89.71% (61/68) 	 Transactions: 3002 (772 unique)   	 Time: 25.33655333518982[0m
2025-09-22 03:13:22,745 - Analysis - INFO - [1mGeneration number 35 	 Code coverage: 96.72% (1060/1096) 	 Branch coverage: 89.71% (61/68) 	 Transactions: 3051 (786 unique)   	 Time: 25.6607506275177[0m
2025-09-22 03:13:23,132 - Analysis - INFO - [1mGeneration number 36 	 Code coverage: 96.72% (1060/1096) 	 Branch coverage: 89.71% (61/68) 	 Transactions: 3105 (799 unique)   	 Time: 26.048277854919434[0m
2025-09-22 03:13:23,688 - Analysis - INFO - [1mGeneration number 37 	 Code coverage: 96.72% (1060/1096) 	 Branch coverage: 89.71% (61/68) 	 Transactions: 3186 (818 unique)   	 Time: 26.60402536392212[0m
2025-09-22 03:13:24,386 - Analysis - INFO - [1mGeneration number 38 	 Code coverage: 96.72% (1060/1096) 	 Branch coverage: 89.71% (61/68) 	 Transactions: 3286 (840 unique)   	 Time: 27.302720546722412[0m
2025-09-22 03:13:25,120 - Analysis - INFO - [1mGeneration number 39 	 Code coverage: 96.72% (1060/1096) 	 Branch coverage: 89.71% (61/68) 	 Transactions: 3392 (864 unique)   	 Time: 28.035793781280518[0m
2025-09-22 03:13:25,884 - Analysis - INFO - [1mGeneration number 40 	 Code coverage: 96.72% (1060/1096) 	 Branch coverage: 89.71% (61/68) 	 Transactions: 3498 (887 unique)   	 Time: 28.800135374069214[0m
2025-09-22 03:13:26,617 - Analysis - INFO - [1mGeneration number 41 	 Code coverage: 96.72% (1060/1096) 	 Branch coverage: 89.71% (61/68) 	 Transactions: 3603 (911 unique)   	 Time: 29.53298544883728[0m
2025-09-22 03:13:27,391 - Analysis - INFO - [1mGeneration number 42 	 Code coverage: 96.72% (1060/1096) 	 Branch coverage: 89.71% (61/68) 	 Transactions: 3711 (935 unique)   	 Time: 30.30706262588501[0m
2025-09-22 03:13:28,133 - Analysis - INFO - [1mGeneration number 43 	 Code coverage: 96.72% (1060/1096) 	 Branch coverage: 89.71% (61/68) 	 Transactions: 3819 (959 unique)   	 Time: 31.049574851989746[0m
2025-09-22 03:13:28,864 - Analysis - INFO - [1mGeneration number 44 	 Code coverage: 96.72% (1060/1096) 	 Branch coverage: 89.71% (61/68) 	 Transactions: 3923 (983 unique)   	 Time: 31.780340433120728[0m
2025-09-22 03:13:29,164 - Analysis - INFO - [1mGeneration number 45 	 Code coverage: 96.72% (1060/1096) 	 Branch coverage: 89.71% (61/68) 	 Transactions: 3967 (994 unique)   	 Time: 32.0801420211792[0m
2025-09-22 03:13:29,761 - Analysis - INFO - [1mGeneration number 46 	 Code coverage: 96.72% (1060/1096) 	 Branch coverage: 89.71% (61/68) 	 Transactions: 4026 (1012 unique)   	 Time: 32.67688512802124[0m
2025-09-22 03:13:30,551 - Analysis - INFO - [1mGeneration number 47 	 Code coverage: 96.72% (1060/1096) 	 Branch coverage: 89.71% (61/68) 	 Transactions: 4103 (1035 unique)   	 Time: 33.467244386672974[0m
2025-09-22 03:13:31,343 - Analysis - INFO - [1mGeneration number 48 	 Code coverage: 96.72% (1060/1096) 	 Branch coverage: 89.71% (61/68) 	 Transactions: 4178 (1057 unique)   	 Time: 34.25899577140808[0m
2025-09-22 03:13:32,078 - Analysis - INFO - [1mGeneration number 49 	 Code coverage: 96.72% (1060/1096) 	 Branch coverage: 89.71% (61/68) 	 Transactions: 4255 (1077 unique)   	 Time: 34.99458980560303[0m
2025-09-22 03:13:32,902 - Analysis - INFO - [1mGeneration number 50 	 Code coverage: 96.72% (1060/1096) 	 Branch coverage: 89.71% (61/68) 	 Transactions: 4337 (1100 unique)   	 Time: 35.81845808029175[0m
2025-09-22 03:13:33,769 - Analysis - INFO - [1mGeneration number 51 	 Code coverage: 96.72% (1060/1096) 	 Branch coverage: 89.71% (61/68) 	 Transactions: 4423 (1121 unique)   	 Time: 36.68574094772339[0m
2025-09-22 03:13:34,689 - Analysis - INFO - [1mGeneration number 52 	 Code coverage: 96.72% (1060/1096) 	 Branch coverage: 89.71% (61/68) 	 Transactions: 4509 (1145 unique)   	 Time: 37.605679988861084[0m
2025-09-22 03:13:35,697 - Analysis - INFO - [1mGeneration number 53 	 Code coverage: 96.72% (1060/1096) 	 Branch coverage: 89.71% (61/68) 	 Transactions: 4607 (1167 unique)   	 Time: 38.61352562904358[0m
2025-09-22 03:13:36,764 - Analysis - INFO - [1mGeneration number 54 	 Code coverage: 96.72% (1060/1096) 	 Branch coverage: 89.71% (61/68) 	 Transactions: 4710 (1191 unique)   	 Time: 39.679980993270874[0m
2025-09-22 03:13:37,101 - Analysis - INFO - [1mGeneration number 55 	 Code coverage: 96.72% (1060/1096) 	 Branch coverage: 89.71% (61/68) 	 Transactions: 4761 (1204 unique)   	 Time: 40.01745247840881[0m
2025-09-22 03:13:37,101 - Analysis - INFO - [1m-----------------------------------------------------[0m
2025-09-22 03:13:37,101 - Analysis - INFO - Number of generations: 	 55
2025-09-22 03:13:37,101 - Analysis - INFO - Number of transactions: 	 4761 (1204 unique)
2025-09-22 03:13:37,101 - Analysis - INFO - Transactions per second: 	 119
2025-09-22 03:13:37,102 - Analysis - INFO - Total code coverage: 	 96.72% (1060/1096)
2025-09-22 03:13:37,102 - Analysis - INFO - Total branch coverage: 	 89.71% (61/68)
2025-09-22 03:13:37,102 - Analysis - INFO - Total execution time: 	 40.02 seconds
2025-09-22 03:13:37,102 - Analysis - INFO - Total memory consumption: 	 69.46 MB

     ______            ______                _           
    / ____/___  ____  / ____/_  __________  (_)_  _______
   / /   / __ \/ __ \/ /_  / / / /_  /_  / / / / / / ___/
  / /___/ /_/ / / / / __/ / /_/ / / /_/ /_/ / /_/ (__  ) 
  \____/\____/_/ /_/_/    \__,_/ /___/___/_/\__,_/____/  

delteed file
