2025-09-03 23:49:36,869 - Main     - INFO - [1mInitializing seed to 1427655.0[0m
2025-09-03 23:49:36,890 - Fuzzer   - INFO - [1mFuzzing contract [1mReentrance[0m[0m
2025-09-03 23:49:36,937 - Analysis - INFO - [1mGeneration number 0 	 Code coverage: 83.04% (186/224) 	 Branch coverage: 94.44% (17/18) 	 Transactions: 11 (10 unique)   	 Time: 0.04004096984863281[0m
2025-09-03 23:49:36,955 - Detector - INFO - [1m[31m-----------------------------------------------------[0m
2025-09-03 23:49:36,956 - Detector - INFO - [1m[31m            !!! Reentrancy detected !!!              [0m
2025-09-03 23:49:36,956 - Detector - INFO - [1m[31m-----------------------------------------------------[0m
2025-09-03 23:49:36,956 - Detector - INFO - [1m[31mSWC-ID:   107[0m
2025-09-03 23:49:36,956 - Detector - INFO - [1m[31mSeverity: High[0m
2025-09-03 23:49:36,956 - Detector - INFO - [1m[31m-----------------------------------------------------[0m
2025-09-03 23:49:36,956 - Detector - INFO - [1m[31mSource code line:[0m
2025-09-03 23:49:36,956 - Detector - INFO - [1m[31m-----------------------------------------------------[0m
2025-09-03 23:49:36,956 - Detector - INFO - [1m[31m/sb/reentrance.sol:24:1[0m
2025-09-03 23:49:36,956 - Detector - INFO - [1m[31mmsg.sender.call.value(_amount)()[0m
2025-09-03 23:49:36,956 - Detector - INFO - [1m[31m-----------------------------------------------------[0m
2025-09-03 23:49:36,956 - Detector - INFO - [1m[31mTransaction sequence:[0m
2025-09-03 23:49:36,956 - Detector - INFO - [1m[31m-----------------------------------------------------[0m
2025-09-03 23:49:36,956 - Detector - INFO - [1m[31mTransaction 1 - donate(address):[0m
2025-09-03 23:49:36,956 - Detector - INFO - [1m[31m-----------------------------------------------------[0m
2025-09-03 23:49:36,956 - Detector - INFO - [1m[31mFrom:      0xdeadbeefdeadbeefdeadbeefdeadbeefdeadbeef[0m
2025-09-03 23:49:36,956 - Detector - INFO - [1m[31mTo:        0x2c5e8a3b3aad9df32339409534e64dfcabcd3a65[0m
2025-09-03 23:49:36,956 - Detector - INFO - [1m[31mValue:     1 Wei[0m
2025-09-03 23:49:36,956 - Detector - INFO - [1m[31mGas Limit: 4500000[0m
2025-09-03 23:49:36,956 - Detector - INFO - [1m[31mInput:     0x00362a95000000000000000000000000cafebabe[0m
2025-09-03 23:49:36,956 - Detector - INFO - [1m[31m           cafebabecafebabecafebabecafebabe[0m
2025-09-03 23:49:36,956 - Detector - INFO - [1m[31m-----------------------------------------------------[0m
2025-09-03 23:49:36,956 - Detector - INFO - [1m[31mTransaction 2 - withdraw(uint256):[0m
2025-09-03 23:49:36,957 - Detector - INFO - [1m[31m-----------------------------------------------------[0m
2025-09-03 23:49:36,957 - Detector - INFO - [1m[31mFrom:      0xcafebabecafebabecafebabecafebabecafebabe[0m
2025-09-03 23:49:36,957 - Detector - INFO - [1m[31mTo:        0x2c5e8a3b3aad9df32339409534e64dfcabcd3a65[0m
2025-09-03 23:49:36,957 - Detector - INFO - [1m[31mValue:     0 Wei[0m
2025-09-03 23:49:36,957 - Detector - INFO - [1m[31mGas Limit: 4500000[0m
2025-09-03 23:49:36,957 - Detector - INFO - [1m[31mInput:     0x2e1a7d4d00000000000000000000000000000000[0m
2025-09-03 23:49:36,957 - Detector - INFO - [1m[31m           00000000000000000000000000000001[0m
2025-09-03 23:49:36,957 - Detector - INFO - [1m[31m-----------------------------------------------------[0m
2025-09-03 23:49:36,966 - Detector - INFO - [1m[33m-----------------------------------------------------[0m
2025-09-03 23:49:36,966 - Detector - INFO - [1m[33m        !!! Unhandled exception detected !!!         [0m
2025-09-03 23:49:36,967 - Detector - INFO - [1m[33m-----------------------------------------------------[0m
2025-09-03 23:49:36,967 - Detector - INFO - [1m[33mSWC-ID:   104[0m
2025-09-03 23:49:36,967 - Detector - INFO - [1m[33mSeverity: Medium[0m
2025-09-03 23:49:36,967 - Detector - INFO - [1m[33m-----------------------------------------------------[0m
2025-09-03 23:49:36,967 - Detector - INFO - [1m[33mSource code line:[0m
2025-09-03 23:49:36,967 - Detector - INFO - [1m[33m-----------------------------------------------------[0m
2025-09-03 23:49:36,967 - Detector - INFO - [1m[33m/sb/reentrance.sol:24:1[0m
2025-09-03 23:49:36,967 - Detector - INFO - [1m[33mmsg.sender.call.value(_amount)()[0m
2025-09-03 23:49:36,967 - Detector - INFO - [1m[33m-----------------------------------------------------[0m
2025-09-03 23:49:36,967 - Detector - INFO - [1m[33mTransaction sequence:[0m
2025-09-03 23:49:36,967 - Detector - INFO - [1m[33m-----------------------------------------------------[0m
2025-09-03 23:49:36,967 - Detector - INFO - [1m[33mTransaction 1 - donate(address):[0m
2025-09-03 23:49:36,967 - Detector - INFO - [1m[33m-----------------------------------------------------[0m
2025-09-03 23:49:36,967 - Detector - INFO - [1m[33mFrom:      0xdeadbeefdeadbeefdeadbeefdeadbeefdeadbeef[0m
2025-09-03 23:49:36,967 - Detector - INFO - [1m[33mTo:        0x2c5e8a3b3aad9df32339409534e64dfcabcd3a65[0m
2025-09-03 23:49:36,967 - Detector - INFO - [1m[33mValue:     1 Wei[0m
2025-09-03 23:49:36,967 - Detector - INFO - [1m[33mGas Limit: 4500000[0m
2025-09-03 23:49:36,967 - Detector - INFO - [1m[33mInput:     0x00362a95000000000000000000000000cafebabe[0m
2025-09-03 23:49:36,967 - Detector - INFO - [1m[33m           cafebabecafebabecafebabecafebabe[0m
2025-09-03 23:49:36,967 - Detector - INFO - [1m[33m-----------------------------------------------------[0m
2025-09-03 23:49:36,967 - Detector - INFO - [1m[33mTransaction 2 - withdraw(uint256):[0m
2025-09-03 23:49:36,967 - Detector - INFO - [1m[33m-----------------------------------------------------[0m
2025-09-03 23:49:36,967 - Detector - INFO - [1m[33mFrom:      0xcafebabecafebabecafebabecafebabecafebabe[0m
2025-09-03 23:49:36,967 - Detector - INFO - [1m[33mTo:        0x2c5e8a3b3aad9df32339409534e64dfcabcd3a65[0m
2025-09-03 23:49:36,967 - Detector - INFO - [1m[33mValue:     0 Wei[0m
2025-09-03 23:49:36,968 - Detector - INFO - [1m[33mGas Limit: 4500000[0m
2025-09-03 23:49:36,968 - Detector - INFO - [1m[33mInput:     0x2e1a7d4d00000000000000000000000000000000[0m
2025-09-03 23:49:36,968 - Detector - INFO - [1m[33m           00000000000000000000000000000001[0m
2025-09-03 23:49:36,968 - Detector - INFO - [1m[33m-----------------------------------------------------[0m
2025-09-03 23:49:37,019 - Analysis - INFO - [1mGeneration number 1 	 Code coverage: 99.55% (223/224) 	 Branch coverage: 100.00% (18/18) 	 Transactions: 26 (18 unique)   	 Time: 0.12174367904663086[0m
2025-09-03 23:49:37,153 - Analysis - INFO - [1mGeneration number 2 	 Code coverage: 99.55% (223/224) 	 Branch coverage: 100.00% (18/18) 	 Transactions: 56 (26 unique)   	 Time: 0.25576353073120117[0m
2025-09-03 23:49:37,306 - Analysis - INFO - [1mGeneration number 3 	 Code coverage: 99.55% (223/224) 	 Branch coverage: 100.00% (18/18) 	 Transactions: 91 (35 unique)   	 Time: 0.40948009490966797[0m
2025-09-03 23:49:37,453 - Analysis - INFO - [1mGeneration number 4 	 Code coverage: 99.55% (223/224) 	 Branch coverage: 100.00% (18/18) 	 Transactions: 126 (42 unique)   	 Time: 0.5558233261108398[0m
2025-09-03 23:49:37,619 - Analysis - INFO - [1mGeneration number 5 	 Code coverage: 99.55% (223/224) 	 Branch coverage: 100.00% (18/18) 	 Transactions: 165 (51 unique)   	 Time: 0.7223353385925293[0m
2025-09-03 23:49:37,823 - Analysis - INFO - [1mGeneration number 6 	 Code coverage: 99.55% (223/224) 	 Branch coverage: 100.00% (18/18) 	 Transactions: 212 (60 unique)   	 Time: 0.9255919456481934[0m
2025-09-03 23:49:38,036 - Analysis - INFO - [1mGeneration number 7 	 Code coverage: 99.55% (223/224) 	 Branch coverage: 100.00% (18/18) 	 Transactions: 260 (70 unique)   	 Time: 1.139359474182129[0m
2025-09-03 23:49:38,236 - Analysis - INFO - [1mGeneration number 8 	 Code coverage: 99.55% (223/224) 	 Branch coverage: 100.00% (18/18) 	 Transactions: 308 (80 unique)   	 Time: 1.3386495113372803[0m
2025-09-03 23:49:38,492 - Analysis - INFO - [1mGeneration number 9 	 Code coverage: 99.55% (223/224) 	 Branch coverage: 100.00% (18/18) 	 Transactions: 356 (90 unique)   	 Time: 1.5953502655029297[0m
2025-09-03 23:49:38,719 - Analysis - INFO - [1mGeneration number 10 	 Code coverage: 99.55% (223/224) 	 Branch coverage: 100.00% (18/18) 	 Transactions: 404 (100 unique)   	 Time: 1.8218104839324951[0m
2025-09-03 23:49:38,719 - Analysis - INFO - [1m-----------------------------------------------------[0m
2025-09-03 23:49:38,719 - Analysis - INFO - Number of generations: 	 10
2025-09-03 23:49:38,719 - Analysis - INFO - Number of transactions: 	 404 (100 unique)
2025-09-03 23:49:38,719 - Analysis - INFO - Transactions per second: 	 222
2025-09-03 23:49:38,719 - Analysis - INFO - Total code coverage: 	 99.55% (223/224)
2025-09-03 23:49:38,719 - Analysis - INFO - Total branch coverage: 	 100.00% (18/18)
2025-09-03 23:49:38,719 - Analysis - INFO - Total execution time: 	 1.82 seconds
2025-09-03 23:49:38,719 - Analysis - INFO - Total memory consumption: 	 55.48 MB

     ______            ______                _           
    / ____/___  ____  / ____/_  __________  (_)_  _______
   / /   / __ \/ __ \/ /_  / / / /_  /_  / / / / / / ___/
  / /___/ /_/ / / / / __/ / /_/ / / /_/ /_/ / /_/ (__  ) 
  \____/\____/_/ /_/_/    \__,_/ /___/___/_/\__,_/____/  

delteed file
