Extract contract IntegerOverflowAdd from /sb/insecure_transfer.sol
Extracted 1 contract(s) from /sb/insecure_transfer.sol
[0;32m> Created "fuzzMe"[0m
[0;32m> To fuzz contracts:[0m
  chmod +x fuzzMe
  ./fuzzMe
assets/NormalAttacker.sol:5:3: Warning: No visibility specified. Defaulting to "public". 
  function() payable {
  ^ (Relevant source part starts here and spans across multiple lines).
assets/ReentrancyAttacker.sol:8:7: Warning: Return value of low-level calls not used.
      msg.sender.call(bytes4(255));
      ^--------------------------^
assets/ReentrancyAttacker.sol:5:3: Warning: No visibility specified. Defaulting to "public". 
  function() payable {
  ^ (Relevant source part starts here and spans across multiple lines).
>> Fuzz IntegerOverflowAdd
** Write stats: 0.002581
** Write stats: 5.00127
** Write stats: 10.0016
** Write stats: 15.0038
** Write stats: 20.0018
** Write stats: 25.0037
** Write stats: 30.001
** Write stats: 35.0046
** Write stats: 40.0028
** Write stats: 45.0001
** Write stats: 50.0025
** Write stats: 55.0038
** Write stats: 60.002
** Write stats: 65.0011
** Write stats: 70.0013
** Write stats: 75.0011
** Write stats: 80.0007
** Write stats: 85.0011
** Write stats: 90.0044
** Write stats: 95.0021
** Write stats: 100.001
** Write stats: 105.003
** Write stats: 110.001
** Write stats: 115.002
** Write stats: 120.003
** Write stats: 125.002
** Write stats: 130.005
** Write stats: 135.002
** Write stats: 140.004
** Write stats: 145.006
** Write stats: 150.001
** Write stats: 155.012
** Write stats: 160.006
** Write stats: 165.004
** Write stats: 170.004
** Write stats: 175.007
** Write stats: 180.005
** Write stats: 185.004
** Write stats: 190.009
** Write stats: 195.005
** Write stats: 200.002
** Write stats: 205.016
** Write stats: 210.008
** Write stats: 215.013
** Write stats: 220.008
** Write stats: 225.004
** Write stats: 230.001
** Write stats: 235.002
** Write stats: 240.004
** Write stats: 245.005
** Write stats: 250.003
** Write stats: 255.005
** Write stats: 260.005
** Write stats: 265.009
** Write stats: 270.018
** Write stats: 275
** Write stats: 280.007
** Write stats: 285.007
** Write stats: 290.003
** Write stats: 295.003
** Write stats: 300.01
** Write stats: 305.01
** Write stats: 310.024
** Write stats: 315.001
** Write stats: 320.001
** Write stats: 325.009
** Write stats: 330.011
** Write stats: 335.009
** Write stats: 340.006
** Write stats: 345.012
** Write stats: 350.003
** Write stats: 355.019
** Write stats: 360.003
** Write stats: 365.015
** Write stats: 370.008
** Write stats: 375.009
** Write stats: 380.008
** Write stats: 385.021
** Write stats: 390.016
** Write stats: 395.002
** Write stats: 400.008
** Write stats: 405.011
** Write stats: 410.012
** Write stats: 415.005
** Write stats: 420.02
** Write stats: 425.005
** Write stats: 430.005
** Write stats: 435.002
** Write stats: 440.012
** Write stats: 445.008
** Write stats: 450.023
** Write stats: 455.008
** Write stats: 460.008
** Write stats: 465.007
** Write stats: 470.012
** Write stats: 475.005
** Write stats: 480.006
** Write stats: 485.003
** Write stats: 490.002
** Write stats: 495.015
** Write stats: 500.004
** Write stats: 505.014
** Write stats: 510.019
** Write stats: 515.013
** Write stats: 520.008
** Write stats: 525.013
** Write stats: 530.012
** Write stats: 535.03
** Write stats: 540.013
** Write stats: 545.001
** Write stats: 550.014
** Write stats: 555.07
** Write stats: 560.004
** Write stats: 565.005
** Write stats: 570.009
** Write stats: 575.014
** Write stats: 580.003
** Write stats: 585.006
** Write stats: 590.025
** Write stats: 595.014
** Write stats: 600.014
** Write stats: 605.023
** Write stats: 610.009
** Write stats: 615.027
** Write stats: 620.015
** Write stats: 625.006
** Write stats: 630.026
** Write stats: 635.012
** Write stats: 640.013
** Write stats: 645.009
** Write stats: 650.012
** Write stats: 655.031
** Write stats: 660.011
** Write stats: 665.021
** Write stats: 670.007
** Write stats: 675.01
** Write stats: 680.016
** Write stats: 685.016
** Write stats: 690.005
** Write stats: 695.007
** Write stats: 700.004
** Write stats: 705.003
** Write stats: 710.003
** Write stats: 715.015
** Write stats: 720.033
** Write stats: 725.009
** Write stats: 730.005
** Write stats: 735.006
** Write stats: 740.009
** Write stats: 745.013
** Write stats: 750.005
** Write stats: 755.007
** Write stats: 760.015
** Write stats: 765.025
** Write stats: 770.028
** Write stats: 775.005
** Write stats: 780.003
** Write stats: 785.006
** Write stats: 790.016
** Write stats: 795.012
** Write stats: 800.036
** Write stats: 805.006
** Write stats: 810.006
** Write stats: 815.006
** Write stats: 820.006
** Write stats: 825.01
** Write stats: 830.009
** Write stats: 835.022
** Write stats: 840.016
** Write stats: 845.012
** Write stats: 850.005
** Write stats: 855.003
** Write stats: 860.007
** Write stats: 865.005
** Write stats: 870
** Write stats: 875.004
** Write stats: 880.011
** Write stats: 885.008
** Write stats: 890.037
** Write stats: 895.008
** Write stats: 898.005
