2025-09-04 01:17:32,115 - Main     - INFO - [1mInitializing seed to 1427655.0[0m
2025-09-04 01:17:32,141 - Fuzzer   - INFO - [1mFuzzing contract [1mReentrancyDAO[0m[0m
2025-09-04 01:17:32,176 - Analysis - INFO - [1mGeneration number 0 	 Code coverage: 67.10% (104/155) 	 Branch coverage: 66.67% (8/12) 	 Transactions: 7 (6 unique)   	 Time: 0.029646873474121094[0m
2025-09-04 01:17:32,209 - Detector - INFO - [1m[31m-----------------------------------------------------[0m
2025-09-04 01:17:32,209 - Detector - INFO - [1m[31m            !!! Reentrancy detected !!!              [0m
2025-09-04 01:17:32,209 - Detector - INFO - [1m[31m-----------------------------------------------------[0m
2025-09-04 01:17:32,209 - Detector - INFO - [1m[31mSWC-ID:   107[0m
2025-09-04 01:17:32,210 - Detector - INFO - [1m[31mSeverity: High[0m
2025-09-04 01:17:32,210 - Detector - INFO - [1m[31m-----------------------------------------------------[0m
2025-09-04 01:17:32,210 - Detector - INFO - [1m[31mSource code line:[0m
2025-09-04 01:17:32,210 - Detector - INFO - [1m[31m-----------------------------------------------------[0m
2025-09-04 01:17:32,210 - Detector - INFO - [1m[31m/sb/reentrancy_dao.sol:18:1[0m
2025-09-04 01:17:32,210 - Detector - INFO - [1m[31mmsg.sender.call.value(oCredit)()[0m
2025-09-04 01:17:32,210 - Detector - INFO - [1m[31m-----------------------------------------------------[0m
2025-09-04 01:17:32,210 - Detector - INFO - [1m[31mTransaction sequence:[0m
2025-09-04 01:17:32,210 - Detector - INFO - [1m[31m-----------------------------------------------------[0m
2025-09-04 01:17:32,210 - Detector - INFO - [1m[31mTransaction 1 - deposit():[0m
2025-09-04 01:17:32,210 - Detector - INFO - [1m[31m-----------------------------------------------------[0m
2025-09-04 01:17:32,210 - Detector - INFO - [1m[31mFrom:      0xcafebabecafebabecafebabecafebabecafebabe[0m
2025-09-04 01:17:32,210 - Detector - INFO - [1m[31mTo:        0x2c5e8a3b3aad9df32339409534e64dfcabcd3a65[0m
2025-09-04 01:17:32,210 - Detector - INFO - [1m[31mValue:     1 Wei[0m
2025-09-04 01:17:32,210 - Detector - INFO - [1m[31mGas Limit: 4500000[0m
2025-09-04 01:17:32,210 - Detector - INFO - [1m[31mInput:     0xd0e30db0[0m
2025-09-04 01:17:32,210 - Detector - INFO - [1m[31m-----------------------------------------------------[0m
2025-09-04 01:17:32,210 - Detector - INFO - [1m[31mTransaction 2 - withdrawAll():[0m
2025-09-04 01:17:32,210 - Detector - INFO - [1m[31m-----------------------------------------------------[0m
2025-09-04 01:17:32,210 - Detector - INFO - [1m[31mFrom:      0xcafebabecafebabecafebabecafebabecafebabe[0m
2025-09-04 01:17:32,210 - Detector - INFO - [1m[31mTo:        0x2c5e8a3b3aad9df32339409534e64dfcabcd3a65[0m
2025-09-04 01:17:32,210 - Detector - INFO - [1m[31mValue:     0 Wei[0m
2025-09-04 01:17:32,210 - Detector - INFO - [1m[31mGas Limit: 4500000[0m
2025-09-04 01:17:32,210 - Detector - INFO - [1m[31mInput:     0x853828b6[0m
2025-09-04 01:17:32,210 - Detector - INFO - [1m[31m-----------------------------------------------------[0m
2025-09-04 01:17:32,210 - Detector - INFO - [1m[33m-----------------------------------------------------[0m
2025-09-04 01:17:32,210 - Detector - INFO - [1m[33m    !!! Transaction order dependency detected !!!    [0m
2025-09-04 01:17:32,210 - Detector - INFO - [1m[33m-----------------------------------------------------[0m
2025-09-04 01:17:32,210 - Detector - INFO - [1m[33mSWC-ID:   114[0m
2025-09-04 01:17:32,210 - Detector - INFO - [1m[33mSeverity: Medium[0m
2025-09-04 01:17:32,210 - Detector - INFO - [1m[33m-----------------------------------------------------[0m
2025-09-04 01:17:32,210 - Detector - INFO - [1m[33mSource code line:[0m
2025-09-04 01:17:32,210 - Detector - INFO - [1m[33m-----------------------------------------------------[0m
2025-09-04 01:17:32,210 - Detector - INFO - [1m[33m/sb/reentrancy_dao.sol:25:1[0m
2025-09-04 01:17:32,210 - Detector - INFO - [1m[33mcredit[msg.sender] += msg.value[0m
2025-09-04 01:17:32,211 - Detector - INFO - [1m[33m-----------------------------------------------------[0m
2025-09-04 01:17:32,211 - Detector - INFO - [1m[33mTransaction sequence:[0m
2025-09-04 01:17:32,211 - Detector - INFO - [1m[33m-----------------------------------------------------[0m
2025-09-04 01:17:32,211 - Detector - INFO - [1m[33mTransaction 1 - deposit():[0m
2025-09-04 01:17:32,211 - Detector - INFO - [1m[33m-----------------------------------------------------[0m
2025-09-04 01:17:32,211 - Detector - INFO - [1m[33mFrom:      0xcafebabecafebabecafebabecafebabecafebabe[0m
2025-09-04 01:17:32,211 - Detector - INFO - [1m[33mTo:        0x2c5e8a3b3aad9df32339409534e64dfcabcd3a65[0m
2025-09-04 01:17:32,211 - Detector - INFO - [1m[33mValue:     1 Wei[0m
2025-09-04 01:17:32,211 - Detector - INFO - [1m[33mGas Limit: 4500000[0m
2025-09-04 01:17:32,211 - Detector - INFO - [1m[33mInput:     0xd0e30db0[0m
2025-09-04 01:17:32,211 - Detector - INFO - [1m[33m-----------------------------------------------------[0m
2025-09-04 01:17:32,211 - Detector - INFO - [1m[33mTransaction 2 - withdrawAll():[0m
2025-09-04 01:17:32,211 - Detector - INFO - [1m[33m-----------------------------------------------------[0m
2025-09-04 01:17:32,211 - Detector - INFO - [1m[33mFrom:      0xcafebabecafebabecafebabecafebabecafebabe[0m
2025-09-04 01:17:32,211 - Detector - INFO - [1m[33mTo:        0x2c5e8a3b3aad9df32339409534e64dfcabcd3a65[0m
2025-09-04 01:17:32,211 - Detector - INFO - [1m[33mValue:     0 Wei[0m
2025-09-04 01:17:32,211 - Detector - INFO - [1m[33mGas Limit: 4500000[0m
2025-09-04 01:17:32,211 - Detector - INFO - [1m[33mInput:     0x853828b6[0m
2025-09-04 01:17:32,211 - Detector - INFO - [1m[33m-----------------------------------------------------[0m
2025-09-04 01:17:32,224 - Analysis - INFO - [1mGeneration number 1 	 Code coverage: 97.42% (151/155) 	 Branch coverage: 83.33% (10/12) 	 Transactions: 15 (9 unique)   	 Time: 0.07805490493774414[0m
2025-09-04 01:17:32,292 - Analysis - INFO - [1mGeneration number 2 	 Code coverage: 97.42% (151/155) 	 Branch coverage: 83.33% (10/12) 	 Transactions: 27 (13 unique)   	 Time: 0.14584589004516602[0m
2025-09-04 01:17:32,401 - Analysis - ERROR - [91m[1mValidation error in [91m[1m7104383307244864584[0m[0m : Sender account balance cannot afford txn (ignoring for now)[0m[0m
2025-09-04 01:17:32,426 - Analysis - INFO - [1mGeneration number 3 	 Code coverage: 97.42% (151/155) 	 Branch coverage: 83.33% (10/12) 	 Transactions: 41 (15 unique)   	 Time: 0.2794642448425293[0m
2025-09-04 01:17:32,524 - Analysis - INFO - [1mGeneration number 4 	 Code coverage: 97.42% (151/155) 	 Branch coverage: 83.33% (10/12) 	 Transactions: 56 (17 unique)   	 Time: 0.37763023376464844[0m
2025-09-04 01:17:32,580 - Analysis - ERROR - [91m[1mValidation error in [91m[1m6995645687707802056[0m[0m : Sender account balance cannot afford txn (ignoring for now)[0m[0m
2025-09-04 01:17:32,584 - Analysis - INFO - [1mGeneration number 5 	 Code coverage: 97.42% (151/155) 	 Branch coverage: 83.33% (10/12) 	 Transactions: 64 (18 unique)   	 Time: 0.4375002384185791[0m
2025-09-04 01:17:32,649 - Analysis - ERROR - [91m[1mValidation error in [91m[1m-8711318342275868365[0m[0m : Sender account balance cannot afford txn (ignoring for now)[0m[0m
2025-09-04 01:17:32,673 - Analysis - INFO - [1mGeneration number 6 	 Code coverage: 97.42% (151/155) 	 Branch coverage: 83.33% (10/12) 	 Transactions: 78 (19 unique)   	 Time: 0.526573657989502[0m
2025-09-04 01:17:32,730 - Analysis - ERROR - [91m[1mValidation error in [91m[1m6995645687707802056[0m[0m : Sender account balance cannot afford txn (ignoring for now)[0m[0m
2025-09-04 01:17:32,766 - Analysis - INFO - [1mGeneration number 7 	 Code coverage: 97.42% (151/155) 	 Branch coverage: 83.33% (10/12) 	 Transactions: 92 (19 unique)   	 Time: 0.6197926998138428[0m
2025-09-04 01:17:32,813 - Analysis - ERROR - [91m[1mValidation error in [91m[1m7104383307244864584[0m[0m : Sender account balance cannot afford txn (ignoring for now)[0m[0m
2025-09-04 01:17:32,846 - Analysis - INFO - [1mGeneration number 8 	 Code coverage: 97.42% (151/155) 	 Branch coverage: 83.33% (10/12) 	 Transactions: 106 (20 unique)   	 Time: 0.6996645927429199[0m
2025-09-04 01:17:32,890 - Analysis - ERROR - [91m[1mValidation error in [91m[1m7104383307244864584[0m[0m : Sender account balance cannot afford txn (ignoring for now)[0m[0m
2025-09-04 01:17:32,915 - Analysis - INFO - [1mGeneration number 9 	 Code coverage: 97.42% (151/155) 	 Branch coverage: 83.33% (10/12) 	 Transactions: 117 (20 unique)   	 Time: 0.7685091495513916[0m
2025-09-04 01:17:32,930 - Analysis - ERROR - [91m[1mValidation error in [91m[1m7104383307244864584[0m[0m : Sender account balance cannot afford txn (ignoring for now)[0m[0m
2025-09-04 01:17:32,954 - Analysis - INFO - [1mGeneration number 10 	 Code coverage: 97.42% (151/155) 	 Branch coverage: 83.33% (10/12) 	 Transactions: 122 (20 unique)   	 Time: 0.8074696063995361[0m
2025-09-04 01:17:32,964 - Analysis - INFO - [1m-----------------------------------------------------[0m
2025-09-04 01:17:32,964 - Analysis - INFO - Number of generations: 	 10
2025-09-04 01:17:32,964 - Analysis - INFO - Number of transactions: 	 122 (20 unique)
2025-09-04 01:17:32,964 - Analysis - INFO - Transactions per second: 	 149
2025-09-04 01:17:32,964 - Analysis - INFO - Total code coverage: 	 97.42% (151/155)
2025-09-04 01:17:32,964 - Analysis - INFO - Total branch coverage: 	 83.33% (10/12)
2025-09-04 01:17:32,964 - Analysis - INFO - Total execution time: 	 0.82 seconds
2025-09-04 01:17:32,964 - Analysis - INFO - Total memory consumption: 	 63.12 MB

     ______            ______                _           
    / ____/___  ____  / ____/_  __________  (_)_  _______
   / /   / __ \/ __ \/ /_  / / / /_  /_  / / / / / / ___/
  / /___/ /_/ / / / / __/ / /_/ / / /_/ /_/ / /_/ (__  ) 
  \____/\____/_/ /_/_/    \__,_/ /___/___/_/\__,_/____/  

delteed file
