'solc --version' running
'solc /sb/0x715e0ed8658de08f06b059ff97956e874c8e4b1a.sol --combined-json abi,ast,bin,bin-runtime,srcmap,srcmap-runtime,userdoc,devdoc,hashes,compact-format --allow-paths .,/sb' running

Contract locking ether found:
	Contract CoinvaToken (../../sb/0x715e0ed8658de08f06b059ff97956e874c8e4b1a.sol#112-250) has payable functions:
	 - CoinvaToken.fallback() (../../sb/0x715e0ed8658de08f06b059ff97956e874c8e4b1a.sol#238-240)
	But does not have a function to withdraw the ether
Reference: https://github.com/crytic/slither/wiki/Detector-Documentation#contracts-that-lock-ether

Version constraint ^0.5.0 contains known severe issues (https://solidity.readthedocs.io/en/latest/bugs.html)
	- DirtyBytesArrayToStorage
	- ABIDecodeTwoDimensionalArrayMemory
	- KeccakCaching
	- EmptyByteArrayCopy
	- DynamicArrayCleanup
	- ImplicitConstructorCallvalueCheck
	- TupleAssignmentMultiStackSlotComponents
	- MemoryArrayCreationOverflow
	- privateCanBeOverridden
	- SignedArrayStorageCopy
	- ABIEncoderV2StorageArrayWithMultiSlotElement
	- DynamicConstructorArgumentsClippedABIV2
	- UninitializedFunctionPointerInConstructor
	- IncorrectEventSignatureInLibraries
	- ABIEncoderV2PackedStorage.
It is used by:
	- ^0.5.0 (../../sb/0x715e0ed8658de08f06b059ff97956e874c8e4b1a.sol#1)
solc-0.5.17 is an outdated solc version. Use a more recent version (at least 0.8.0), if possible.
Reference: https://github.com/crytic/slither/wiki/Detector-Documentation#incorrect-versions-of-solidity

Parameter MultiOwned.addOwner(address)._newOwner (../../sb/0x715e0ed8658de08f06b059ff97956e874c8e4b1a.sol#89) is not in mixedCase
Parameter MultiOwned.removeOwner(address)._removedOwner (../../sb/0x715e0ed8658de08f06b059ff97956e874c8e4b1a.sol#95) is not in mixedCase
Reference: https://github.com/crytic/slither/wiki/Detector-Documentation#conformance-to-solidity-naming-conventions

CoinvaToken.constructor() (../../sb/0x715e0ed8658de08f06b059ff97956e874c8e4b1a.sol#127-134) uses literals with too many digits:
	- _totalSupply = 2500000000 * 10 ** uint256(decimals) (../../sb/0x715e0ed8658de08f06b059ff97956e874c8e4b1a.sol#131)
Reference: https://github.com/crytic/slither/wiki/Detector-Documentation#too-many-digits

receiveApproval(address,uint256,address,bytes) should be declared external:
	- ApproveAndCallFallBack.receiveApproval(address,uint256,address,bytes) (../../sb/0x715e0ed8658de08f06b059ff97956e874c8e4b1a.sol#63)
Moreover, the following function parameters should change its data location:
data location should be calldata
approveAndCall(address,uint256,bytes) should be declared external:
	- CoinvaToken.approveAndCall(address,uint256,bytes) (../../sb/0x715e0ed8658de08f06b059ff97956e874c8e4b1a.sol#227-232)
Moreover, the following function parameters should change its data location:
data location should be calldata
Reference: https://github.com/crytic/slither/wiki/Detector-Documentation#public-function-that-could-be-declared-external
/sb/0x715e0ed8658de08f06b059ff97956e874c8e4b1a.sol analyzed (5 contracts with 93 detectors), 8 result(s) found
