Extract contract Unprotected from /sb/unprotected0.sol
Extracted 1 contract(s) from /sb/unprotected0.sol
[0;32m> Created "fuzzMe"[0m
[0;32m> To fuzz contracts:[0m
  chmod +x fuzzMe
  ./fuzzMe
contracts/Unprotected.sol:17:6: Warning: Defining constructors as functions with the same name as the contract is deprecated. Use "constructor(...) { ... }" instead.
     function Unprotected()
     ^ (Relevant source part starts here and spans across multiple lines).
assets/NormalAttacker.sol:5:3: Warning: No visibility specified. Defaulting to "public". 
  function() payable {
  ^ (Relevant source part starts here and spans across multiple lines).
assets/ReentrancyAttacker.sol:8:7: Warning: Return value of low-level calls not used.
      msg.sender.call(bytes4(255));
      ^--------------------------^
assets/ReentrancyAttacker.sol:5:3: Warning: No visibility specified. Defaulting to "public". 
  function() payable {
  ^ (Relevant source part starts here and spans across multiple lines).
>> Fuzz Unprotected
** Write stats: 0.008758
** Write stats: 5.00006
** Write stats: 10.0022
** Write stats: 15.001
** Write stats: 20.0001
** Write stats: 25
** Write stats: 30.0001
** Write stats: 35.0028
** Write stats: 40.0001
** Write stats: 45.0001
** Write stats: 50.0001
** Write stats: 55.0001
** Write stats: 60.0001
** Write stats: 65.0001
** Write stats: 70.0001
** Write stats: 75.0001
** Write stats: 80.0002
** Write stats: 85.006
** Write stats: 90.0019
** Write stats: 95.0001
** Write stats: 100
** Write stats: 105
** Write stats: 110
** Write stats: 115
** Write stats: 120
** Write stats: 125.004
** Write stats: 130
** Write stats: 135.002
** Write stats: 140
** Write stats: 145
** Write stats: 150.003
** Write stats: 155.006
** Write stats: 165.011
** Write stats: 170.004
** Write stats: 175.01
** Write stats: 180.001
** Write stats: 185.008
** Write stats: 190
** Write stats: 195.001
** Write stats: 200.001
** Write stats: 230
** Write stats: 235
** Write stats: 240
** Write stats: 245.001
** Write stats: 250
** Write stats: 255
** Write stats: 260
** Write stats: 265
** Write stats: 270
** Write stats: 275
** Write stats: 280
** Write stats: 285
** Write stats: 290.007
** Write stats: 295
** Write stats: 298.008
