Extract contract EtherBank from /sb/etherbank.sol
Extracted 1 contract(s) from /sb/etherbank.sol
[0;32m> Created "fuzzMe"[0m
[0;32m> To fuzz contracts:[0m
  chmod +x fuzzMe
  ./fuzzMe
contracts/EtherBank.sol:21:55: Warning: "throw" is deprecated in favour of "revert()", "require()" and "assert()".
		if (!(msg.sender.call.value(amountToWithdraw)())) { throw; }
		                                                    ^---^
contracts/EtherBank.sol:10:5: Warning: No visibility specified. Defaulting to "public". 
    function getBalance(address user) constant returns(uint) {  
    ^ (Relevant source part starts here and spans across multiple lines).
contracts/EtherBank.sol:14:2: Warning: No visibility specified. Defaulting to "public". 
	function addToBalance() {  
 ^ (Relevant source part starts here and spans across multiple lines).
contracts/EtherBank.sol:15:31: Warning: "msg.value" used in non-payable function. Do you want to add the "payable" modifier to this function?
		userBalances[msg.sender] += msg.value;
		                            ^-------^
contracts/EtherBank.sol:18:2: Warning: No visibility specified. Defaulting to "public". 
	function withdrawBalance() {  
 ^ (Relevant source part starts here and spans across multiple lines).
assets/NormalAttacker.sol:5:3: Warning: No visibility specified. Defaulting to "public". 
  function() payable {
  ^ (Relevant source part starts here and spans across multiple lines).
assets/ReentrancyAttacker.sol:8:7: Warning: Return value of low-level calls not used.
      msg.sender.call(bytes4(255));
      ^--------------------------^
assets/ReentrancyAttacker.sol:5:3: Warning: No visibility specified. Defaulting to "public". 
  function() payable {
  ^ (Relevant source part starts here and spans across multiple lines).
>> Fuzz EtherBank
** Write stats: 0.011681
** Write stats: 5.00049
** Write stats: 10.0021
** Write stats: 15.0024
** Write stats: 20.0032
** Write stats: 25.0007
** Write stats: 30.0059
** Write stats: 35.0023
** Write stats: 40.0019
** Write stats: 45.0099
** Write stats: 50.0015
** Write stats: 55.0071
** Write stats: 60.0046
** Write stats: 65.0101
** Write stats: 70.0004
** Write stats: 75.0069
** Write stats: 80.0015
** Write stats: 85.0095
** Write stats: 90.0052
** Write stats: 95.009
** Write stats: 100.011
** Write stats: 105.004
** Write stats: 110.011
** Write stats: 115.003
** Write stats: 120.01
** Write stats: 120.011
