2025-09-22 02:40:42,224 - Main     - INFO - [1mInitializing seed to 1427655.0[0m
2025-09-22 02:40:42,301 - Fuzzer   - INFO - [1mFuzzing contract [1mOmVPNToken[0m[0m
2025-09-22 02:40:42,466 - Detector - INFO - [1m[31m-----------------------------------------------------[0m
2025-09-22 02:40:42,466 - Detector - INFO - [1m[31m          !!! Integer overflow detected !!!          [0m
2025-09-22 02:40:42,466 - Detector - INFO - [1m[31m-----------------------------------------------------[0m
2025-09-22 02:40:42,466 - Detector - INFO - [1m[31mSWC-ID:   101[0m
2025-09-22 02:40:42,466 - Detector - INFO - [1m[31mSeverity: High[0m
2025-09-22 02:40:42,466 - Detector - INFO - [1m[31m-----------------------------------------------------[0m
2025-09-22 02:40:42,466 - Detector - INFO - [1m[31mSource code line:[0m
2025-09-22 02:40:42,466 - Detector - INFO - [1m[31m-----------------------------------------------------[0m
2025-09-22 02:40:42,466 - Detector - INFO - [1m[31m/sb/0x820d1e2319e12c2b13dcaf25720346f0a7ddec74.sol:8:1[0m
2025-09-22 02:40:42,466 - Detector - INFO - [1m[31ma + b[0m
2025-09-22 02:40:42,466 - Detector - INFO - [1m[31m-----------------------------------------------------[0m
2025-09-22 02:40:42,466 - Detector - INFO - [1m[31mTransaction sequence:[0m
2025-09-22 02:40:42,466 - Detector - INFO - [1m[31m-----------------------------------------------------[0m
2025-09-22 02:40:42,466 - Detector - INFO - [1m[31mTransaction - safeAdd(uint256,uint256):[0m
2025-09-22 02:40:42,467 - Detector - INFO - [1m[31m-----------------------------------------------------[0m
2025-09-22 02:40:42,467 - Detector - INFO - [1m[31mFrom:      0xdeadbeefdeadbeefdeadbeefdeadbeefdeadbeef[0m
2025-09-22 02:40:42,467 - Detector - INFO - [1m[31mTo:        0x2c5e8a3b3aad9df32339409534e64dfcabcd3a65[0m
2025-09-22 02:40:42,467 - Detector - INFO - [1m[31mValue:     0 Wei[0m
2025-09-22 02:40:42,467 - Detector - INFO - [1m[31mGas Limit: 4500000[0m
2025-09-22 02:40:42,467 - Detector - INFO - [1m[31mInput:     0xe6cb90135a611ee733ffaabab37b98351be9f8bd[0m
2025-09-22 02:40:42,467 - Detector - INFO - [1m[31m           5d4f9f47bdc28c9d144777b6a288789effffffffff[0m
2025-09-22 02:40:42,467 - Detector - INFO - [1m[31m           ffffffffffffffffffffffffffffffffffffffffff[0m
2025-09-22 02:40:42,467 - Detector - INFO - [1m[31m           ffffffffffff[0m
2025-09-22 02:40:42,467 - Detector - INFO - [1m[31m-----------------------------------------------------[0m
2025-09-22 02:40:42,556 - Analysis - INFO - [1mGeneration number 0 	 Code coverage: 73.50% (1417/1928) 	 Branch coverage: 79.23% (103/130) 	 Transactions: 43 (42 unique)   	 Time: 0.24047470092773438[0m
2025-09-22 02:40:42,853 - Analysis - INFO - [1mGeneration number 1 	 Code coverage: 74.53% (1437/1928) 	 Branch coverage: 80.77% (105/130) 	 Transactions: 84 (63 unique)   	 Time: 0.5380003452301025[0m
2025-09-22 02:40:43,299 - Analysis - INFO - [1mGeneration number 2 	 Code coverage: 74.53% (1437/1928) 	 Branch coverage: 80.77% (105/130) 	 Transactions: 141 (91 unique)   	 Time: 0.9832308292388916[0m
2025-09-22 02:40:44,109 - Analysis - INFO - [1mGeneration number 3 	 Code coverage: 74.53% (1437/1928) 	 Branch coverage: 80.77% (105/130) 	 Transactions: 212 (114 unique)   	 Time: 1.7940804958343506[0m
2025-09-22 02:40:45,232 - Analysis - INFO - [1mGeneration number 4 	 Code coverage: 74.53% (1437/1928) 	 Branch coverage: 80.77% (105/130) 	 Transactions: 314 (142 unique)   	 Time: 2.916740655899048[0m
2025-09-22 02:40:46,566 - Analysis - INFO - [1mGeneration number 5 	 Code coverage: 74.53% (1437/1928) 	 Branch coverage: 80.77% (105/130) 	 Transactions: 440 (174 unique)   	 Time: 4.2506422996521[0m
2025-09-22 02:40:48,213 - Analysis - INFO - [1mGeneration number 6 	 Code coverage: 74.53% (1437/1928) 	 Branch coverage: 80.77% (105/130) 	 Transactions: 605 (211 unique)   	 Time: 5.897444009780884[0m
2025-09-22 02:40:49,981 - Analysis - INFO - [1mGeneration number 7 	 Code coverage: 74.53% (1437/1928) 	 Branch coverage: 80.77% (105/130) 	 Transactions: 781 (250 unique)   	 Time: 7.665325880050659[0m
2025-09-22 02:40:51,833 - Analysis - INFO - [1mGeneration number 8 	 Code coverage: 74.53% (1437/1928) 	 Branch coverage: 80.77% (105/130) 	 Transactions: 962 (289 unique)   	 Time: 9.517315149307251[0m
2025-09-22 02:40:53,770 - Analysis - INFO - [1mGeneration number 9 	 Code coverage: 74.53% (1437/1928) 	 Branch coverage: 80.77% (105/130) 	 Transactions: 1152 (331 unique)   	 Time: 11.45517086982727[0m
2025-09-22 02:40:55,828 - Analysis - INFO - [1mGeneration number 10 	 Code coverage: 74.53% (1437/1928) 	 Branch coverage: 80.77% (105/130) 	 Transactions: 1357 (373 unique)   	 Time: 13.513036489486694[0m
2025-09-22 02:40:56,064 - Analysis - INFO - [1m-----------------------------------------------------[0m
2025-09-22 02:40:56,064 - Analysis - INFO - Number of generations: 	 10
2025-09-22 02:40:56,064 - Analysis - INFO - Number of transactions: 	 1357 (373 unique)
2025-09-22 02:40:56,064 - Analysis - INFO - Transactions per second: 	 99
2025-09-22 02:40:56,064 - Analysis - INFO - Total code coverage: 	 74.53% (1437/1928)
2025-09-22 02:40:56,064 - Analysis - INFO - Total branch coverage: 	 80.77% (105/130)
2025-09-22 02:40:56,064 - Analysis - INFO - Total execution time: 	 13.75 seconds
2025-09-22 02:40:56,064 - Analysis - INFO - Total memory consumption: 	 107.59 MB
2025-09-22 02:40:56,066 - Fuzzer   - INFO - [1mFuzzing contract [1mOwned[0m[0m
2025-09-22 02:40:56,118 - Analysis - INFO - [1mGeneration number 0 	 Code coverage: 70.20% (179/255) 	 Branch coverage: 86.36% (19/22) 	 Transactions: 11 (10 unique)   	 Time: 0.04688572883605957[0m
2025-09-22 02:40:56,154 - Analysis - INFO - [1mGeneration number 1 	 Code coverage: 70.20% (179/255) 	 Branch coverage: 90.91% (20/22) 	 Transactions: 20 (14 unique)   	 Time: 0.08288216590881348[0m
2025-09-22 02:40:56,205 - Analysis - INFO - [1mGeneration number 2 	 Code coverage: 80.00% (204/255) 	 Branch coverage: 95.45% (21/22) 	 Transactions: 27 (16 unique)   	 Time: 0.13384699821472168[0m
2025-09-22 02:40:56,249 - Analysis - INFO - [1mGeneration number 3 	 Code coverage: 99.61% (254/255) 	 Branch coverage: 100.00% (22/22) 	 Transactions: 36 (19 unique)   	 Time: 0.17752742767333984[0m
2025-09-22 02:40:56,319 - Analysis - INFO - [1mGeneration number 4 	 Code coverage: 99.61% (254/255) 	 Branch coverage: 100.00% (22/22) 	 Transactions: 50 (22 unique)   	 Time: 0.24803805351257324[0m
2025-09-22 02:40:56,484 - Analysis - INFO - [1mGeneration number 5 	 Code coverage: 99.61% (254/255) 	 Branch coverage: 100.00% (22/22) 	 Transactions: 80 (29 unique)   	 Time: 0.41339111328125[0m
2025-09-22 02:40:56,680 - Analysis - INFO - [1mGeneration number 6 	 Code coverage: 99.61% (254/255) 	 Branch coverage: 100.00% (22/22) 	 Transactions: 114 (34 unique)   	 Time: 0.6091437339782715[0m
2025-09-22 02:40:56,890 - Analysis - INFO - [1mGeneration number 7 	 Code coverage: 99.61% (254/255) 	 Branch coverage: 100.00% (22/22) 	 Transactions: 149 (39 unique)   	 Time: 0.8189711570739746[0m
2025-09-22 02:40:57,098 - Analysis - INFO - [1mGeneration number 8 	 Code coverage: 99.61% (254/255) 	 Branch coverage: 100.00% (22/22) 	 Transactions: 183 (43 unique)   	 Time: 1.0274341106414795[0m
2025-09-22 02:40:57,260 - Analysis - INFO - [1mGeneration number 9 	 Code coverage: 99.61% (254/255) 	 Branch coverage: 100.00% (22/22) 	 Transactions: 210 (45 unique)   	 Time: 1.1884641647338867[0m
2025-09-22 02:40:57,476 - Analysis - INFO - [1mGeneration number 10 	 Code coverage: 99.61% (254/255) 	 Branch coverage: 100.00% (22/22) 	 Transactions: 246 (47 unique)   	 Time: 1.405106544494629[0m
2025-09-22 02:40:57,476 - Analysis - INFO - [1m-----------------------------------------------------[0m
2025-09-22 02:40:57,476 - Analysis - INFO - Number of generations: 	 10
2025-09-22 02:40:57,476 - Analysis - INFO - Number of transactions: 	 246 (47 unique)
2025-09-22 02:40:57,476 - Analysis - INFO - Transactions per second: 	 175
2025-09-22 02:40:57,476 - Analysis - INFO - Total code coverage: 	 99.61% (254/255)
2025-09-22 02:40:57,476 - Analysis - INFO - Total branch coverage: 	 100.00% (22/22)
2025-09-22 02:40:57,476 - Analysis - INFO - Total execution time: 	 1.41 seconds
2025-09-22 02:40:57,477 - Analysis - INFO - Total memory consumption: 	 107.59 MB
2025-09-22 02:40:57,478 - Fuzzer   - INFO - [1mFuzzing contract [1mSafeMath[0m[0m
2025-09-22 02:40:57,516 - Detector - INFO - [1m[31m-----------------------------------------------------[0m
2025-09-22 02:40:57,516 - Detector - INFO - [1m[31m          !!! Integer overflow detected !!!          [0m
2025-09-22 02:40:57,516 - Detector - INFO - [1m[31m-----------------------------------------------------[0m
2025-09-22 02:40:57,516 - Detector - INFO - [1m[31mSWC-ID:   101[0m
2025-09-22 02:40:57,516 - Detector - INFO - [1m[31mSeverity: High[0m
2025-09-22 02:40:57,516 - Detector - INFO - [1m[31m-----------------------------------------------------[0m
2025-09-22 02:40:57,516 - Detector - INFO - [1m[31mSource code line:[0m
2025-09-22 02:40:57,516 - Detector - INFO - [1m[31m-----------------------------------------------------[0m
2025-09-22 02:40:57,516 - Detector - INFO - [1m[31m/sb/0x820d1e2319e12c2b13dcaf25720346f0a7ddec74.sol:8:1[0m
2025-09-22 02:40:57,516 - Detector - INFO - [1m[31ma + b[0m
2025-09-22 02:40:57,516 - Detector - INFO - [1m[31m-----------------------------------------------------[0m
2025-09-22 02:40:57,516 - Detector - INFO - [1m[31mTransaction sequence:[0m
2025-09-22 02:40:57,516 - Detector - INFO - [1m[31m-----------------------------------------------------[0m
2025-09-22 02:40:57,516 - Detector - INFO - [1m[31mTransaction - safeAdd(uint256,uint256):[0m
2025-09-22 02:40:57,516 - Detector - INFO - [1m[31m-----------------------------------------------------[0m
2025-09-22 02:40:57,516 - Detector - INFO - [1m[31mFrom:      0xdeadbeefdeadbeefdeadbeefdeadbeefdeadbeef[0m
2025-09-22 02:40:57,516 - Detector - INFO - [1m[31mTo:        0x2c5e8a3b3aad9df32339409534e64dfcabcd3a65[0m
2025-09-22 02:40:57,516 - Detector - INFO - [1m[31mValue:     0 Wei[0m
2025-09-22 02:40:57,516 - Detector - INFO - [1m[31mGas Limit: 4500000[0m
2025-09-22 02:40:57,516 - Detector - INFO - [1m[31mInput:     0xe6cb9013ffffffffffffffffffffffffffffffff[0m
2025-09-22 02:40:57,516 - Detector - INFO - [1m[31m           fffffffffffffffffffffffffffffffeffffffffff[0m
2025-09-22 02:40:57,516 - Detector - INFO - [1m[31m           ffffffffffffffffffffffffffffffffffffffffff[0m
2025-09-22 02:40:57,516 - Detector - INFO - [1m[31m           fffffffffffd[0m
2025-09-22 02:40:57,516 - Detector - INFO - [1m[31m-----------------------------------------------------[0m
2025-09-22 02:40:57,522 - Analysis - INFO - [1mGeneration number 0 	 Code coverage: 93.18% (205/220) 	 Branch coverage: 78.12% (25/32) 	 Transactions: 11 (10 unique)   	 Time: 0.04193425178527832[0m
2025-09-22 02:40:57,572 - Analysis - INFO - [1mGeneration number 1 	 Code coverage: 95.91% (211/220) 	 Branch coverage: 84.38% (27/32) 	 Transactions: 21 (20 unique)   	 Time: 0.09125685691833496[0m
2025-09-22 02:40:57,622 - Analysis - INFO - [1mGeneration number 2 	 Code coverage: 95.91% (211/220) 	 Branch coverage: 84.38% (27/32) 	 Transactions: 31 (30 unique)   	 Time: 0.14119291305541992[0m
2025-09-22 02:40:57,940 - Analysis - INFO - [1mGeneration number 3 	 Code coverage: 97.27% (214/220) 	 Branch coverage: 87.50% (28/32) 	 Transactions: 41 (40 unique)   	 Time: 0.45963621139526367[0m
2025-09-22 02:40:57,995 - Analysis - INFO - [1mGeneration number 4 	 Code coverage: 97.27% (214/220) 	 Branch coverage: 87.50% (28/32) 	 Transactions: 50 (47 unique)   	 Time: 0.5147860050201416[0m
2025-09-22 02:40:58,256 - Analysis - INFO - [1mGeneration number 5 	 Code coverage: 97.27% (214/220) 	 Branch coverage: 87.50% (28/32) 	 Transactions: 59 (52 unique)   	 Time: 0.7751641273498535[0m
2025-09-22 02:40:58,475 - Analysis - INFO - [1mGeneration number 6 	 Code coverage: 97.27% (214/220) 	 Branch coverage: 87.50% (28/32) 	 Transactions: 69 (60 unique)   	 Time: 0.9944665431976318[0m
2025-09-22 02:40:58,693 - Analysis - INFO - [1mGeneration number 7 	 Code coverage: 97.27% (214/220) 	 Branch coverage: 87.50% (28/32) 	 Transactions: 79 (69 unique)   	 Time: 1.2119357585906982[0m
2025-09-22 02:40:58,981 - Analysis - INFO - [1mGeneration number 8 	 Code coverage: 97.27% (214/220) 	 Branch coverage: 87.50% (28/32) 	 Transactions: 89 (76 unique)   	 Time: 1.5006732940673828[0m
2025-09-22 02:40:59,254 - Analysis - INFO - [1mGeneration number 9 	 Code coverage: 97.27% (214/220) 	 Branch coverage: 87.50% (28/32) 	 Transactions: 99 (86 unique)   	 Time: 1.77384352684021[0m
2025-09-22 02:40:59,437 - Analysis - INFO - [1mGeneration number 10 	 Code coverage: 97.27% (214/220) 	 Branch coverage: 87.50% (28/32) 	 Transactions: 107 (91 unique)   	 Time: 1.956916332244873[0m
2025-09-22 02:40:59,637 - Analysis - INFO - [1m-----------------------------------------------------[0m
2025-09-22 02:40:59,637 - Analysis - INFO - Number of generations: 	 10
2025-09-22 02:40:59,637 - Analysis - INFO - Number of transactions: 	 107 (91 unique)
2025-09-22 02:40:59,637 - Analysis - INFO - Transactions per second: 	 50
2025-09-22 02:40:59,637 - Analysis - INFO - Total code coverage: 	 97.27% (214/220)
2025-09-22 02:40:59,637 - Analysis - INFO - Total branch coverage: 	 87.50% (28/32)
2025-09-22 02:40:59,637 - Analysis - INFO - Total execution time: 	 2.16 seconds
2025-09-22 02:40:59,637 - Analysis - INFO - Total memory consumption: 	 106.59 MB

     ______            ______                _           
    / ____/___  ____  / ____/_  __________  (_)_  _______
   / /   / __ \/ __ \/ /_  / / / /_  /_  / / / / / / ___/
  / /___/ /_/ / / / / __/ / /_/ / / /_/ /_/ / /_/ (__  ) 
  \____/\____/_/ /_/_/    \__,_/ /___/___/_/\__,_/____/  

delteed file
