Extract contract ReentrancyDAO from /sb/reentrancy_dao.sol
Extracted 1 contract(s) from /sb/reentrancy_dao.sol
[0;32m> Created "fuzzMe"[0m
[0;32m> To fuzz contracts:[0m
  chmod +x fuzzMe
  ./fuzzMe
assets/NormalAttacker.sol:5:3: Warning: No visibility specified. Defaulting to "public". 
  function() payable {
  ^ (Relevant source part starts here and spans across multiple lines).
assets/ReentrancyAttacker.sol:8:7: Warning: Return value of low-level calls not used.
      msg.sender.call(bytes4(255));
      ^--------------------------^
assets/ReentrancyAttacker.sol:5:3: Warning: No visibility specified. Defaulting to "public". 
  function() payable {
  ^ (Relevant source part starts here and spans across multiple lines).
>> Fuzz ReentrancyDAO
** Write stats: 0.002613
** Write stats: 5.00092
** Write stats: 10.0025
** Write stats: 15.0027
** Write stats: 20.0062
** Write stats: 25.007
** Write stats: 30.0072
** Write stats: 35.0063
** Write stats: 40.0047
** Write stats: 45.0069
** Write stats: 50.0043
** Write stats: 55.0041
** Write stats: 60.0067
** Write stats: 65.005
** Write stats: 70.0072
** Write stats: 75.006
** Write stats: 80.0061
** Write stats: 85.007
** Write stats: 90.0014
** Write stats: 95.007
** Write stats: 100.003
** Write stats: 105.007
** Write stats: 110.004
** Write stats: 115.003
** Write stats: 120.01
** Write stats: 120.017
