2025-09-22 03:12:22,925 - Main     - INFO - [1mInitializing seed to 1427655.0[0m
2025-09-22 03:12:22,954 - Fuzzer   - INFO - [1mFuzzing contract [1mModulumInvestorsWhitelist[0m[0m
2025-09-22 03:12:23,017 - Analysis - INFO - [1mGeneration number 0 	 Code coverage: 60.55% (310/512) 	 Branch coverage: 69.05% (29/42) 	 Transactions: 15 (14 unique)   	 Time: 0.054691314697265625[0m
2025-09-22 03:12:23,068 - Analysis - INFO - [1mGeneration number 1 	 Code coverage: 71.68% (367/512) 	 Branch coverage: 73.81% (31/42) 	 Transactions: 27 (21 unique)   	 Time: 0.10638856887817383[0m
2025-09-22 03:12:23,148 - Analysis - INFO - [1mGeneration number 2 	 Code coverage: 71.68% (367/512) 	 Branch coverage: 73.81% (31/42) 	 Transactions: 44 (28 unique)   	 Time: 0.1863698959350586[0m
2025-09-22 03:12:23,378 - Analysis - INFO - [1mGeneration number 3 	 Code coverage: 80.08% (410/512) 	 Branch coverage: 83.33% (35/42) 	 Transactions: 81 (38 unique)   	 Time: 0.415924072265625[0m
2025-09-22 03:12:23,658 - Analysis - INFO - [1mGeneration number 4 	 Code coverage: 80.08% (410/512) 	 Branch coverage: 83.33% (35/42) 	 Transactions: 121 (46 unique)   	 Time: 0.6957151889801025[0m
2025-09-22 03:12:23,997 - Analysis - INFO - [1mGeneration number 5 	 Code coverage: 80.66% (413/512) 	 Branch coverage: 85.71% (36/42) 	 Transactions: 174 (57 unique)   	 Time: 1.035416841506958[0m
2025-09-22 03:12:24,339 - Analysis - INFO - [1mGeneration number 6 	 Code coverage: 80.66% (413/512) 	 Branch coverage: 85.71% (36/42) 	 Transactions: 225 (64 unique)   	 Time: 1.3771882057189941[0m
2025-09-22 03:12:24,667 - Analysis - INFO - [1mGeneration number 7 	 Code coverage: 80.66% (413/512) 	 Branch coverage: 85.71% (36/42) 	 Transactions: 269 (69 unique)   	 Time: 1.7050590515136719[0m
2025-09-22 03:12:24,933 - Analysis - INFO - [1mGeneration number 8 	 Code coverage: 80.66% (413/512) 	 Branch coverage: 85.71% (36/42) 	 Transactions: 304 (71 unique)   	 Time: 1.970639705657959[0m
2025-09-22 03:12:25,091 - Analysis - INFO - [1mGeneration number 9 	 Code coverage: 80.66% (413/512) 	 Branch coverage: 85.71% (36/42) 	 Transactions: 324 (71 unique)   	 Time: 2.129279613494873[0m
2025-09-22 03:12:25,345 - Analysis - INFO - [1mGeneration number 10 	 Code coverage: 80.66% (413/512) 	 Branch coverage: 85.71% (36/42) 	 Transactions: 357 (73 unique)   	 Time: 2.382591724395752[0m
2025-09-22 03:12:25,538 - Analysis - INFO - [1mGeneration number 11 	 Code coverage: 80.66% (413/512) 	 Branch coverage: 85.71% (36/42) 	 Transactions: 382 (73 unique)   	 Time: 2.576357841491699[0m
2025-09-22 03:12:25,748 - Analysis - INFO - [1mGeneration number 12 	 Code coverage: 80.66% (413/512) 	 Branch coverage: 85.71% (36/42) 	 Transactions: 409 (74 unique)   	 Time: 2.7857189178466797[0m
2025-09-22 03:12:25,968 - Analysis - INFO - [1mGeneration number 13 	 Code coverage: 80.66% (413/512) 	 Branch coverage: 85.71% (36/42) 	 Transactions: 437 (74 unique)   	 Time: 3.005866289138794[0m
2025-09-22 03:12:26,196 - Analysis - INFO - [1mGeneration number 14 	 Code coverage: 80.66% (413/512) 	 Branch coverage: 85.71% (36/42) 	 Transactions: 467 (74 unique)   	 Time: 3.2345075607299805[0m
2025-09-22 03:12:26,431 - Analysis - INFO - [1mGeneration number 15 	 Code coverage: 80.66% (413/512) 	 Branch coverage: 85.71% (36/42) 	 Transactions: 497 (74 unique)   	 Time: 3.469277858734131[0m
2025-09-22 03:12:26,668 - Analysis - INFO - [1mGeneration number 16 	 Code coverage: 80.66% (413/512) 	 Branch coverage: 85.71% (36/42) 	 Transactions: 528 (74 unique)   	 Time: 3.7059247493743896[0m
2025-09-22 03:12:26,782 - Analysis - INFO - [1mGeneration number 17 	 Code coverage: 93.75% (480/512) 	 Branch coverage: 92.86% (39/42) 	 Transactions: 548 (84 unique)   	 Time: 3.8200016021728516[0m
2025-09-22 03:12:26,992 - Analysis - INFO - [1mGeneration number 18 	 Code coverage: 93.75% (480/512) 	 Branch coverage: 92.86% (39/42) 	 Transactions: 578 (91 unique)   	 Time: 4.029662847518921[0m
2025-09-22 03:12:27,227 - Analysis - INFO - [1mGeneration number 19 	 Code coverage: 93.75% (480/512) 	 Branch coverage: 92.86% (39/42) 	 Transactions: 613 (95 unique)   	 Time: 4.264756679534912[0m
2025-09-22 03:12:27,495 - Analysis - INFO - [1mGeneration number 20 	 Code coverage: 94.34% (483/512) 	 Branch coverage: 95.24% (40/42) 	 Transactions: 650 (98 unique)   	 Time: 4.532648086547852[0m
2025-09-22 03:12:27,691 - Analysis - INFO - [1mGeneration number 21 	 Code coverage: 94.34% (483/512) 	 Branch coverage: 95.24% (40/42) 	 Transactions: 680 (100 unique)   	 Time: 4.7289488315582275[0m
2025-09-22 03:12:27,807 - Analysis - INFO - [1mGeneration number 22 	 Code coverage: 94.34% (483/512) 	 Branch coverage: 95.24% (40/42) 	 Transactions: 698 (100 unique)   	 Time: 4.845182180404663[0m
2025-09-22 03:12:27,924 - Analysis - INFO - [1mGeneration number 23 	 Code coverage: 94.34% (483/512) 	 Branch coverage: 95.24% (40/42) 	 Transactions: 716 (100 unique)   	 Time: 4.962286710739136[0m
2025-09-22 03:12:28,027 - Analysis - INFO - [1mGeneration number 24 	 Code coverage: 94.34% (483/512) 	 Branch coverage: 95.24% (40/42) 	 Transactions: 731 (100 unique)   	 Time: 5.06490683555603[0m
2025-09-22 03:12:28,129 - Analysis - INFO - [1mGeneration number 25 	 Code coverage: 94.34% (483/512) 	 Branch coverage: 95.24% (40/42) 	 Transactions: 746 (100 unique)   	 Time: 5.166924953460693[0m
2025-09-22 03:12:28,228 - Analysis - INFO - [1mGeneration number 26 	 Code coverage: 94.34% (483/512) 	 Branch coverage: 95.24% (40/42) 	 Transactions: 761 (100 unique)   	 Time: 5.266367197036743[0m
2025-09-22 03:12:28,378 - Analysis - INFO - [1mGeneration number 27 	 Code coverage: 94.34% (483/512) 	 Branch coverage: 95.24% (40/42) 	 Transactions: 784 (101 unique)   	 Time: 5.416014671325684[0m
2025-09-22 03:12:28,502 - Analysis - INFO - [1mGeneration number 28 	 Code coverage: 94.34% (483/512) 	 Branch coverage: 95.24% (40/42) 	 Transactions: 803 (101 unique)   	 Time: 5.540015697479248[0m
2025-09-22 03:12:28,625 - Analysis - INFO - [1mGeneration number 29 	 Code coverage: 94.34% (483/512) 	 Branch coverage: 95.24% (40/42) 	 Transactions: 822 (101 unique)   	 Time: 5.663116693496704[0m
2025-09-22 03:12:28,749 - Analysis - INFO - [1mGeneration number 30 	 Code coverage: 94.34% (483/512) 	 Branch coverage: 95.24% (40/42) 	 Transactions: 841 (101 unique)   	 Time: 5.78737473487854[0m
2025-09-22 03:12:28,851 - Analysis - INFO - [1mGeneration number 31 	 Code coverage: 94.34% (483/512) 	 Branch coverage: 95.24% (40/42) 	 Transactions: 856 (101 unique)   	 Time: 5.889536619186401[0m
2025-09-22 03:12:28,953 - Analysis - INFO - [1mGeneration number 32 	 Code coverage: 94.34% (483/512) 	 Branch coverage: 95.24% (40/42) 	 Transactions: 877 (104 unique)   	 Time: 5.991213798522949[0m
2025-09-22 03:12:29,110 - Analysis - INFO - [1mGeneration number 33 	 Code coverage: 94.92% (486/512) 	 Branch coverage: 97.62% (41/42) 	 Transactions: 903 (109 unique)   	 Time: 6.147897720336914[0m
2025-09-22 03:12:29,339 - Analysis - INFO - [1mGeneration number 34 	 Code coverage: 94.92% (486/512) 	 Branch coverage: 97.62% (41/42) 	 Transactions: 940 (113 unique)   	 Time: 6.376678228378296[0m
2025-09-22 03:12:29,573 - Analysis - INFO - [1mGeneration number 35 	 Code coverage: 94.92% (486/512) 	 Branch coverage: 97.62% (41/42) 	 Transactions: 976 (114 unique)   	 Time: 6.611284971237183[0m
2025-09-22 03:12:29,757 - Analysis - INFO - [1mGeneration number 36 	 Code coverage: 94.92% (486/512) 	 Branch coverage: 97.62% (41/42) 	 Transactions: 1002 (114 unique)   	 Time: 6.794592380523682[0m
2025-09-22 03:12:29,935 - Analysis - INFO - [1mGeneration number 37 	 Code coverage: 94.92% (486/512) 	 Branch coverage: 97.62% (41/42) 	 Transactions: 1028 (114 unique)   	 Time: 6.9730305671691895[0m
2025-09-22 03:12:30,112 - Analysis - INFO - [1mGeneration number 38 	 Code coverage: 94.92% (486/512) 	 Branch coverage: 97.62% (41/42) 	 Transactions: 1053 (114 unique)   	 Time: 7.1501405239105225[0m
2025-09-22 03:12:30,283 - Analysis - INFO - [1mGeneration number 39 	 Code coverage: 94.92% (486/512) 	 Branch coverage: 97.62% (41/42) 	 Transactions: 1079 (115 unique)   	 Time: 7.32079005241394[0m
2025-09-22 03:12:30,452 - Analysis - INFO - [1mGeneration number 40 	 Code coverage: 94.92% (486/512) 	 Branch coverage: 97.62% (41/42) 	 Transactions: 1101 (115 unique)   	 Time: 7.490020275115967[0m
2025-09-22 03:12:30,596 - Analysis - INFO - [1mGeneration number 41 	 Code coverage: 94.92% (486/512) 	 Branch coverage: 97.62% (41/42) 	 Transactions: 1123 (115 unique)   	 Time: 7.6342456340789795[0m
2025-09-22 03:12:30,740 - Analysis - INFO - [1mGeneration number 42 	 Code coverage: 94.92% (486/512) 	 Branch coverage: 97.62% (41/42) 	 Transactions: 1145 (115 unique)   	 Time: 7.778221130371094[0m
2025-09-22 03:12:30,886 - Analysis - INFO - [1mGeneration number 43 	 Code coverage: 94.92% (486/512) 	 Branch coverage: 97.62% (41/42) 	 Transactions: 1167 (115 unique)   	 Time: 7.923685073852539[0m
2025-09-22 03:12:30,995 - Analysis - INFO - [1mGeneration number 44 	 Code coverage: 94.92% (486/512) 	 Branch coverage: 97.62% (41/42) 	 Transactions: 1184 (115 unique)   	 Time: 8.032549619674683[0m
2025-09-22 03:12:31,131 - Analysis - INFO - [1mGeneration number 45 	 Code coverage: 94.92% (486/512) 	 Branch coverage: 97.62% (41/42) 	 Transactions: 1211 (119 unique)   	 Time: 8.169073343276978[0m
2025-09-22 03:12:31,324 - Analysis - INFO - [1mGeneration number 46 	 Code coverage: 94.92% (486/512) 	 Branch coverage: 97.62% (41/42) 	 Transactions: 1239 (122 unique)   	 Time: 8.36193060874939[0m
2025-09-22 03:12:31,546 - Analysis - INFO - [1mGeneration number 47 	 Code coverage: 94.92% (486/512) 	 Branch coverage: 97.62% (41/42) 	 Transactions: 1270 (125 unique)   	 Time: 8.583672761917114[0m
2025-09-22 03:12:31,758 - Analysis - INFO - [1mGeneration number 48 	 Code coverage: 94.92% (486/512) 	 Branch coverage: 97.62% (41/42) 	 Transactions: 1301 (127 unique)   	 Time: 8.796418905258179[0m
2025-09-22 03:12:31,966 - Analysis - INFO - [1mGeneration number 49 	 Code coverage: 94.92% (486/512) 	 Branch coverage: 97.62% (41/42) 	 Transactions: 1331 (128 unique)   	 Time: 9.004084825515747[0m
2025-09-22 03:12:32,162 - Analysis - INFO - [1mGeneration number 50 	 Code coverage: 94.92% (486/512) 	 Branch coverage: 97.62% (41/42) 	 Transactions: 1357 (128 unique)   	 Time: 9.20023488998413[0m
2025-09-22 03:12:32,304 - Analysis - INFO - [1mGeneration number 51 	 Code coverage: 94.92% (486/512) 	 Branch coverage: 97.62% (41/42) 	 Transactions: 1377 (128 unique)   	 Time: 9.34240984916687[0m
2025-09-22 03:12:32,447 - Analysis - INFO - [1mGeneration number 52 	 Code coverage: 94.92% (486/512) 	 Branch coverage: 97.62% (41/42) 	 Transactions: 1397 (128 unique)   	 Time: 9.48515272140503[0m
2025-09-22 03:12:32,560 - Analysis - INFO - [1mGeneration number 53 	 Code coverage: 94.92% (486/512) 	 Branch coverage: 97.62% (41/42) 	 Transactions: 1412 (128 unique)   	 Time: 9.597833633422852[0m
2025-09-22 03:12:32,673 - Analysis - INFO - [1mGeneration number 54 	 Code coverage: 94.92% (486/512) 	 Branch coverage: 97.62% (41/42) 	 Transactions: 1427 (128 unique)   	 Time: 9.710967540740967[0m
2025-09-22 03:12:32,796 - Analysis - INFO - [1mGeneration number 55 	 Code coverage: 94.92% (486/512) 	 Branch coverage: 97.62% (41/42) 	 Transactions: 1453 (131 unique)   	 Time: 9.833686828613281[0m
2025-09-22 03:12:32,901 - Analysis - INFO - [1mGeneration number 56 	 Code coverage: 94.92% (486/512) 	 Branch coverage: 97.62% (41/42) 	 Transactions: 1472 (135 unique)   	 Time: 9.938754796981812[0m
2025-09-22 03:12:33,020 - Analysis - INFO - [1mGeneration number 57 	 Code coverage: 94.92% (486/512) 	 Branch coverage: 97.62% (41/42) 	 Transactions: 1491 (138 unique)   	 Time: 10.057847499847412[0m
2025-09-22 03:12:33,230 - Analysis - INFO - [1mGeneration number 58 	 Code coverage: 94.92% (486/512) 	 Branch coverage: 97.62% (41/42) 	 Transactions: 1525 (143 unique)   	 Time: 10.267783164978027[0m
2025-09-22 03:12:33,488 - Analysis - INFO - [1mGeneration number 59 	 Code coverage: 94.92% (486/512) 	 Branch coverage: 97.62% (41/42) 	 Transactions: 1569 (145 unique)   	 Time: 10.526508092880249[0m
2025-09-22 03:12:33,701 - Analysis - INFO - [1mGeneration number 60 	 Code coverage: 94.92% (486/512) 	 Branch coverage: 97.62% (41/42) 	 Transactions: 1604 (145 unique)   	 Time: 10.739449977874756[0m
2025-09-22 03:12:33,893 - Analysis - INFO - [1mGeneration number 61 	 Code coverage: 94.92% (486/512) 	 Branch coverage: 97.62% (41/42) 	 Transactions: 1634 (145 unique)   	 Time: 10.931550025939941[0m
2025-09-22 03:12:34,083 - Analysis - INFO - [1mGeneration number 62 	 Code coverage: 94.92% (486/512) 	 Branch coverage: 97.62% (41/42) 	 Transactions: 1665 (145 unique)   	 Time: 11.121209383010864[0m
2025-09-22 03:12:34,317 - Analysis - INFO - [1mGeneration number 63 	 Code coverage: 94.92% (486/512) 	 Branch coverage: 97.62% (41/42) 	 Transactions: 1706 (147 unique)   	 Time: 11.35536241531372[0m
2025-09-22 03:12:34,574 - Analysis - INFO - [1mGeneration number 64 	 Code coverage: 94.92% (486/512) 	 Branch coverage: 97.62% (41/42) 	 Transactions: 1752 (150 unique)   	 Time: 11.611943483352661[0m
2025-09-22 03:12:34,730 - Analysis - INFO - [1mGeneration number 65 	 Code coverage: 94.92% (486/512) 	 Branch coverage: 97.62% (41/42) 	 Transactions: 1777 (150 unique)   	 Time: 11.7675199508667[0m
2025-09-22 03:12:34,883 - Analysis - INFO - [1mGeneration number 66 	 Code coverage: 94.92% (486/512) 	 Branch coverage: 97.62% (41/42) 	 Transactions: 1801 (153 unique)   	 Time: 11.921425342559814[0m
2025-09-22 03:12:35,061 - Analysis - INFO - [1mGeneration number 67 	 Code coverage: 94.92% (486/512) 	 Branch coverage: 97.62% (41/42) 	 Transactions: 1830 (156 unique)   	 Time: 12.09888243675232[0m
2025-09-22 03:12:35,228 - Analysis - INFO - [1mGeneration number 68 	 Code coverage: 94.92% (486/512) 	 Branch coverage: 97.62% (41/42) 	 Transactions: 1856 (158 unique)   	 Time: 12.265886545181274[0m
2025-09-22 03:12:35,407 - Analysis - INFO - [1mGeneration number 69 	 Code coverage: 94.92% (486/512) 	 Branch coverage: 97.62% (41/42) 	 Transactions: 1883 (160 unique)   	 Time: 12.444615840911865[0m
2025-09-22 03:12:35,603 - Analysis - INFO - [1mGeneration number 70 	 Code coverage: 94.92% (486/512) 	 Branch coverage: 97.62% (41/42) 	 Transactions: 1914 (161 unique)   	 Time: 12.640758275985718[0m
2025-09-22 03:12:35,762 - Analysis - INFO - [1mGeneration number 71 	 Code coverage: 94.92% (486/512) 	 Branch coverage: 97.62% (41/42) 	 Transactions: 1939 (161 unique)   	 Time: 12.799874305725098[0m
2025-09-22 03:12:35,933 - Analysis - INFO - [1mGeneration number 72 	 Code coverage: 94.92% (486/512) 	 Branch coverage: 97.62% (41/42) 	 Transactions: 1966 (162 unique)   	 Time: 12.971365928649902[0m
2025-09-22 03:12:36,100 - Analysis - INFO - [1mGeneration number 73 	 Code coverage: 94.92% (486/512) 	 Branch coverage: 97.62% (41/42) 	 Transactions: 1991 (162 unique)   	 Time: 13.137924194335938[0m
2025-09-22 03:12:36,277 - Analysis - INFO - [1mGeneration number 74 	 Code coverage: 94.92% (486/512) 	 Branch coverage: 97.62% (41/42) 	 Transactions: 2020 (163 unique)   	 Time: 13.314934730529785[0m
2025-09-22 03:12:36,378 - Analysis - INFO - [1mGeneration number 75 	 Code coverage: 94.92% (486/512) 	 Branch coverage: 97.62% (41/42) 	 Transactions: 2038 (163 unique)   	 Time: 13.416207075119019[0m
2025-09-22 03:12:36,539 - Analysis - INFO - [1mGeneration number 76 	 Code coverage: 94.92% (486/512) 	 Branch coverage: 97.62% (41/42) 	 Transactions: 2059 (167 unique)   	 Time: 13.577178716659546[0m
2025-09-22 03:12:36,727 - Analysis - INFO - [1mGeneration number 77 	 Code coverage: 94.92% (486/512) 	 Branch coverage: 97.62% (41/42) 	 Transactions: 2083 (168 unique)   	 Time: 13.765166521072388[0m
2025-09-22 03:12:36,917 - Analysis - INFO - [1mGeneration number 78 	 Code coverage: 94.92% (486/512) 	 Branch coverage: 97.62% (41/42) 	 Transactions: 2107 (168 unique)   	 Time: 13.954821825027466[0m
2025-09-22 03:12:37,088 - Analysis - INFO - [1mGeneration number 79 	 Code coverage: 94.92% (486/512) 	 Branch coverage: 97.62% (41/42) 	 Transactions: 2128 (168 unique)   	 Time: 14.126150846481323[0m
2025-09-22 03:12:37,205 - Analysis - INFO - [1mGeneration number 80 	 Code coverage: 94.92% (486/512) 	 Branch coverage: 97.62% (41/42) 	 Transactions: 2142 (168 unique)   	 Time: 14.243270635604858[0m
2025-09-22 03:12:37,316 - Analysis - INFO - [1mGeneration number 81 	 Code coverage: 94.92% (486/512) 	 Branch coverage: 97.62% (41/42) 	 Transactions: 2155 (168 unique)   	 Time: 14.353767156600952[0m
2025-09-22 03:12:37,427 - Analysis - INFO - [1mGeneration number 82 	 Code coverage: 94.92% (486/512) 	 Branch coverage: 97.62% (41/42) 	 Transactions: 2168 (168 unique)   	 Time: 14.465474605560303[0m
2025-09-22 03:12:37,538 - Analysis - INFO - [1mGeneration number 83 	 Code coverage: 94.92% (486/512) 	 Branch coverage: 97.62% (41/42) 	 Transactions: 2181 (168 unique)   	 Time: 14.575762271881104[0m
2025-09-22 03:12:37,648 - Analysis - INFO - [1mGeneration number 84 	 Code coverage: 94.92% (486/512) 	 Branch coverage: 97.62% (41/42) 	 Transactions: 2194 (168 unique)   	 Time: 14.686126947402954[0m
2025-09-22 03:12:37,766 - Analysis - INFO - [1mGeneration number 85 	 Code coverage: 94.92% (486/512) 	 Branch coverage: 97.62% (41/42) 	 Transactions: 2218 (169 unique)   	 Time: 14.804077625274658[0m
2025-09-22 03:12:37,873 - Analysis - INFO - [1mGeneration number 86 	 Code coverage: 94.92% (486/512) 	 Branch coverage: 97.62% (41/42) 	 Transactions: 2238 (172 unique)   	 Time: 14.911150932312012[0m
2025-09-22 03:12:37,995 - Analysis - INFO - [1mGeneration number 87 	 Code coverage: 94.92% (486/512) 	 Branch coverage: 97.62% (41/42) 	 Transactions: 2261 (176 unique)   	 Time: 15.032849788665771[0m
2025-09-22 03:12:37,995 - Analysis - INFO - [1m-----------------------------------------------------[0m
2025-09-22 03:12:37,995 - Analysis - INFO - Number of generations: 	 87
2025-09-22 03:12:37,995 - Analysis - INFO - Number of transactions: 	 2261 (176 unique)
2025-09-22 03:12:37,995 - Analysis - INFO - Transactions per second: 	 150
2025-09-22 03:12:37,995 - Analysis - INFO - Total code coverage: 	 94.92% (486/512)
2025-09-22 03:12:37,995 - Analysis - INFO - Total branch coverage: 	 97.62% (41/42)
2025-09-22 03:12:37,995 - Analysis - INFO - Total execution time: 	 15.03 seconds
2025-09-22 03:12:37,995 - Analysis - INFO - Total memory consumption: 	 67.33 MB
2025-09-22 03:12:37,997 - Fuzzer   - INFO - [1mFuzzing contract [1mOwnable[0m[0m
2025-09-22 03:12:38,020 - Analysis - INFO - [1mGeneration number 0 	 Code coverage: 96.00% (168/175) 	 Branch coverage: 78.57% (11/14) 	 Transactions: 7 (6 unique)   	 Time: 0.019855022430419922[0m
2025-09-22 03:12:38,050 - Analysis - INFO - [1mGeneration number 1 	 Code coverage: 96.00% (168/175) 	 Branch coverage: 78.57% (11/14) 	 Transactions: 15 (9 unique)   	 Time: 0.05036330223083496[0m
2025-09-22 03:12:38,112 - Analysis - INFO - [1mGeneration number 2 	 Code coverage: 96.00% (168/175) 	 Branch coverage: 78.57% (11/14) 	 Transactions: 23 (12 unique)   	 Time: 0.11200618743896484[0m
2025-09-22 03:12:38,170 - Analysis - INFO - [1mGeneration number 3 	 Code coverage: 97.71% (171/175) 	 Branch coverage: 85.71% (12/14) 	 Transactions: 32 (14 unique)   	 Time: 0.17031216621398926[0m
2025-09-22 03:12:38,213 - Analysis - INFO - [1mGeneration number 4 	 Code coverage: 97.71% (171/175) 	 Branch coverage: 85.71% (12/14) 	 Transactions: 43 (16 unique)   	 Time: 0.21327829360961914[0m
2025-09-22 03:12:38,269 - Analysis - INFO - [1mGeneration number 5 	 Code coverage: 97.71% (171/175) 	 Branch coverage: 85.71% (12/14) 	 Transactions: 55 (17 unique)   	 Time: 0.2695436477661133[0m
2025-09-22 03:12:38,323 - Analysis - INFO - [1mGeneration number 6 	 Code coverage: 97.71% (171/175) 	 Branch coverage: 85.71% (12/14) 	 Transactions: 66 (17 unique)   	 Time: 0.3229711055755615[0m
2025-09-22 03:12:38,378 - Analysis - INFO - [1mGeneration number 7 	 Code coverage: 97.71% (171/175) 	 Branch coverage: 85.71% (12/14) 	 Transactions: 77 (18 unique)   	 Time: 0.37780046463012695[0m
2025-09-22 03:12:38,436 - Analysis - INFO - [1mGeneration number 8 	 Code coverage: 97.71% (171/175) 	 Branch coverage: 85.71% (12/14) 	 Transactions: 89 (18 unique)   	 Time: 0.43581533432006836[0m
2025-09-22 03:12:38,493 - Analysis - INFO - [1mGeneration number 9 	 Code coverage: 97.71% (171/175) 	 Branch coverage: 85.71% (12/14) 	 Transactions: 101 (18 unique)   	 Time: 0.49346923828125[0m
2025-09-22 03:12:38,548 - Analysis - INFO - [1mGeneration number 10 	 Code coverage: 97.71% (171/175) 	 Branch coverage: 85.71% (12/14) 	 Transactions: 112 (18 unique)   	 Time: 0.5479073524475098[0m
2025-09-22 03:12:38,602 - Analysis - INFO - [1mGeneration number 11 	 Code coverage: 97.71% (171/175) 	 Branch coverage: 85.71% (12/14) 	 Transactions: 123 (18 unique)   	 Time: 0.6023023128509521[0m
2025-09-22 03:12:38,656 - Analysis - INFO - [1mGeneration number 12 	 Code coverage: 97.71% (171/175) 	 Branch coverage: 85.71% (12/14) 	 Transactions: 134 (18 unique)   	 Time: 0.6562252044677734[0m
2025-09-22 03:12:38,732 - Analysis - INFO - [1mGeneration number 13 	 Code coverage: 97.71% (171/175) 	 Branch coverage: 85.71% (12/14) 	 Transactions: 151 (19 unique)   	 Time: 0.7327170372009277[0m
2025-09-22 03:12:38,791 - Analysis - INFO - [1mGeneration number 14 	 Code coverage: 97.71% (171/175) 	 Branch coverage: 85.71% (12/14) 	 Transactions: 163 (19 unique)   	 Time: 0.7908229827880859[0m
2025-09-22 03:12:38,843 - Analysis - INFO - [1mGeneration number 15 	 Code coverage: 97.71% (171/175) 	 Branch coverage: 92.86% (13/14) 	 Transactions: 174 (21 unique)   	 Time: 0.8431875705718994[0m
2025-09-22 03:12:38,875 - Analysis - INFO - [1mGeneration number 16 	 Code coverage: 97.71% (171/175) 	 Branch coverage: 92.86% (13/14) 	 Transactions: 180 (22 unique)   	 Time: 0.8752803802490234[0m
2025-09-22 03:12:38,917 - Analysis - INFO - [1mGeneration number 17 	 Code coverage: 97.71% (171/175) 	 Branch coverage: 92.86% (13/14) 	 Transactions: 188 (23 unique)   	 Time: 0.9168264865875244[0m
2025-09-22 03:12:38,964 - Analysis - INFO - [1mGeneration number 18 	 Code coverage: 97.71% (171/175) 	 Branch coverage: 92.86% (13/14) 	 Transactions: 197 (23 unique)   	 Time: 0.9639315605163574[0m
2025-09-22 03:12:39,028 - Analysis - INFO - [1mGeneration number 19 	 Code coverage: 97.71% (171/175) 	 Branch coverage: 92.86% (13/14) 	 Transactions: 210 (23 unique)   	 Time: 1.0284557342529297[0m
2025-09-22 03:12:39,096 - Analysis - INFO - [1mGeneration number 20 	 Code coverage: 97.71% (171/175) 	 Branch coverage: 92.86% (13/14) 	 Transactions: 224 (24 unique)   	 Time: 1.0961272716522217[0m
2025-09-22 03:12:39,164 - Analysis - INFO - [1mGeneration number 21 	 Code coverage: 97.71% (171/175) 	 Branch coverage: 92.86% (13/14) 	 Transactions: 238 (24 unique)   	 Time: 1.1639642715454102[0m
2025-09-22 03:12:39,247 - Analysis - INFO - [1mGeneration number 22 	 Code coverage: 97.71% (171/175) 	 Branch coverage: 92.86% (13/14) 	 Transactions: 256 (25 unique)   	 Time: 1.247469186782837[0m
2025-09-22 03:12:39,293 - Analysis - INFO - [1mGeneration number 23 	 Code coverage: 97.71% (171/175) 	 Branch coverage: 92.86% (13/14) 	 Transactions: 264 (25 unique)   	 Time: 1.2933309078216553[0m
2025-09-22 03:12:39,357 - Analysis - INFO - [1mGeneration number 24 	 Code coverage: 97.71% (171/175) 	 Branch coverage: 92.86% (13/14) 	 Transactions: 277 (25 unique)   	 Time: 1.3570692539215088[0m
2025-09-22 03:12:39,418 - Analysis - INFO - [1mGeneration number 25 	 Code coverage: 97.71% (171/175) 	 Branch coverage: 92.86% (13/14) 	 Transactions: 289 (26 unique)   	 Time: 1.4181013107299805[0m
2025-09-22 03:12:39,456 - Analysis - INFO - [1mGeneration number 26 	 Code coverage: 97.71% (171/175) 	 Branch coverage: 92.86% (13/14) 	 Transactions: 295 (27 unique)   	 Time: 1.4559476375579834[0m
2025-09-22 03:12:39,500 - Analysis - INFO - [1mGeneration number 27 	 Code coverage: 97.71% (171/175) 	 Branch coverage: 92.86% (13/14) 	 Transactions: 303 (28 unique)   	 Time: 1.5004103183746338[0m
2025-09-22 03:12:39,546 - Analysis - INFO - [1mGeneration number 28 	 Code coverage: 97.71% (171/175) 	 Branch coverage: 92.86% (13/14) 	 Transactions: 311 (28 unique)   	 Time: 1.5458872318267822[0m
2025-09-22 03:12:39,626 - Analysis - INFO - [1mGeneration number 29 	 Code coverage: 97.71% (171/175) 	 Branch coverage: 92.86% (13/14) 	 Transactions: 328 (28 unique)   	 Time: 1.6260082721710205[0m
2025-09-22 03:12:39,708 - Analysis - INFO - [1mGeneration number 30 	 Code coverage: 97.71% (171/175) 	 Branch coverage: 92.86% (13/14) 	 Transactions: 346 (29 unique)   	 Time: 1.7087311744689941[0m
2025-09-22 03:12:39,789 - Analysis - INFO - [1mGeneration number 31 	 Code coverage: 97.71% (171/175) 	 Branch coverage: 92.86% (13/14) 	 Transactions: 363 (29 unique)   	 Time: 1.7890093326568604[0m
2025-09-22 03:12:39,853 - Analysis - INFO - [1mGeneration number 32 	 Code coverage: 97.71% (171/175) 	 Branch coverage: 92.86% (13/14) 	 Transactions: 375 (29 unique)   	 Time: 1.8535540103912354[0m
2025-09-22 03:12:39,943 - Analysis - INFO - [1mGeneration number 33 	 Code coverage: 97.71% (171/175) 	 Branch coverage: 92.86% (13/14) 	 Transactions: 394 (30 unique)   	 Time: 1.9437320232391357[0m
2025-09-22 03:12:40,037 - Analysis - INFO - [1mGeneration number 34 	 Code coverage: 97.71% (171/175) 	 Branch coverage: 92.86% (13/14) 	 Transactions: 414 (31 unique)   	 Time: 2.0368258953094482[0m
2025-09-22 03:12:40,099 - Analysis - INFO - [1mGeneration number 35 	 Code coverage: 97.71% (171/175) 	 Branch coverage: 92.86% (13/14) 	 Transactions: 426 (32 unique)   	 Time: 2.099020004272461[0m
2025-09-22 03:12:40,184 - Analysis - INFO - [1mGeneration number 36 	 Code coverage: 99.43% (174/175) 	 Branch coverage: 100.00% (14/14) 	 Transactions: 440 (34 unique)   	 Time: 2.183760404586792[0m
2025-09-22 03:12:40,238 - Analysis - INFO - [1mGeneration number 37 	 Code coverage: 99.43% (174/175) 	 Branch coverage: 100.00% (14/14) 	 Transactions: 452 (34 unique)   	 Time: 2.238250255584717[0m
2025-09-22 03:12:40,314 - Analysis - INFO - [1mGeneration number 38 	 Code coverage: 99.43% (174/175) 	 Branch coverage: 100.00% (14/14) 	 Transactions: 469 (36 unique)   	 Time: 2.3146517276763916[0m
2025-09-22 03:12:40,395 - Analysis - INFO - [1mGeneration number 39 	 Code coverage: 99.43% (174/175) 	 Branch coverage: 100.00% (14/14) 	 Transactions: 487 (37 unique)   	 Time: 2.3955962657928467[0m
2025-09-22 03:12:40,477 - Analysis - INFO - [1mGeneration number 40 	 Code coverage: 99.43% (174/175) 	 Branch coverage: 100.00% (14/14) 	 Transactions: 505 (38 unique)   	 Time: 2.476794481277466[0m
2025-09-22 03:12:40,526 - Analysis - INFO - [1mGeneration number 41 	 Code coverage: 99.43% (174/175) 	 Branch coverage: 100.00% (14/14) 	 Transactions: 515 (38 unique)   	 Time: 2.526212215423584[0m
2025-09-22 03:12:40,575 - Analysis - INFO - [1mGeneration number 42 	 Code coverage: 99.43% (174/175) 	 Branch coverage: 100.00% (14/14) 	 Transactions: 525 (38 unique)   	 Time: 2.5757408142089844[0m
2025-09-22 03:12:40,604 - Analysis - INFO - [1mGeneration number 43 	 Code coverage: 99.43% (174/175) 	 Branch coverage: 100.00% (14/14) 	 Transactions: 531 (38 unique)   	 Time: 2.6046950817108154[0m
2025-09-22 03:12:40,634 - Analysis - INFO - [1mGeneration number 44 	 Code coverage: 99.43% (174/175) 	 Branch coverage: 100.00% (14/14) 	 Transactions: 537 (38 unique)   	 Time: 2.6340346336364746[0m
2025-09-22 03:12:40,686 - Analysis - INFO - [1mGeneration number 45 	 Code coverage: 99.43% (174/175) 	 Branch coverage: 100.00% (14/14) 	 Transactions: 548 (39 unique)   	 Time: 2.686156988143921[0m
2025-09-22 03:12:40,740 - Analysis - INFO - [1mGeneration number 46 	 Code coverage: 99.43% (174/175) 	 Branch coverage: 100.00% (14/14) 	 Transactions: 559 (39 unique)   	 Time: 2.7398667335510254[0m
2025-09-22 03:12:40,794 - Analysis - INFO - [1mGeneration number 47 	 Code coverage: 99.43% (174/175) 	 Branch coverage: 100.00% (14/14) 	 Transactions: 570 (39 unique)   	 Time: 2.7940211296081543[0m
2025-09-22 03:12:40,829 - Analysis - INFO - [1mGeneration number 48 	 Code coverage: 99.43% (174/175) 	 Branch coverage: 100.00% (14/14) 	 Transactions: 580 (39 unique)   	 Time: 2.829150915145874[0m
2025-09-22 03:12:40,857 - Analysis - INFO - [1mGeneration number 49 	 Code coverage: 99.43% (174/175) 	 Branch coverage: 100.00% (14/14) 	 Transactions: 586 (39 unique)   	 Time: 2.857628345489502[0m
2025-09-22 03:12:40,900 - Analysis - INFO - [1mGeneration number 50 	 Code coverage: 99.43% (174/175) 	 Branch coverage: 100.00% (14/14) 	 Transactions: 596 (40 unique)   	 Time: 2.900393009185791[0m
2025-09-22 03:12:40,987 - Analysis - INFO - [1mGeneration number 51 	 Code coverage: 99.43% (174/175) 	 Branch coverage: 100.00% (14/14) 	 Transactions: 616 (42 unique)   	 Time: 2.987264394760132[0m
2025-09-22 03:12:41,100 - Analysis - INFO - [1mGeneration number 52 	 Code coverage: 99.43% (174/175) 	 Branch coverage: 100.00% (14/14) 	 Transactions: 636 (44 unique)   	 Time: 3.0999038219451904[0m
2025-09-22 03:12:41,187 - Analysis - INFO - [1mGeneration number 53 	 Code coverage: 99.43% (174/175) 	 Branch coverage: 100.00% (14/14) 	 Transactions: 656 (46 unique)   	 Time: 3.1875221729278564[0m
2025-09-22 03:12:41,275 - Analysis - INFO - [1mGeneration number 54 	 Code coverage: 99.43% (174/175) 	 Branch coverage: 100.00% (14/14) 	 Transactions: 676 (47 unique)   	 Time: 3.275545358657837[0m
2025-09-22 03:12:41,364 - Analysis - INFO - [1mGeneration number 55 	 Code coverage: 99.43% (174/175) 	 Branch coverage: 100.00% (14/14) 	 Transactions: 696 (47 unique)   	 Time: 3.3638739585876465[0m
2025-09-22 03:12:41,452 - Analysis - INFO - [1mGeneration number 56 	 Code coverage: 99.43% (174/175) 	 Branch coverage: 100.00% (14/14) 	 Transactions: 716 (47 unique)   	 Time: 3.4526584148406982[0m
2025-09-22 03:12:41,559 - Analysis - INFO - [1mGeneration number 57 	 Code coverage: 99.43% (174/175) 	 Branch coverage: 100.00% (14/14) 	 Transactions: 741 (49 unique)   	 Time: 3.5587902069091797[0m
2025-09-22 03:12:41,598 - Analysis - INFO - [1mGeneration number 58 	 Code coverage: 99.43% (174/175) 	 Branch coverage: 100.00% (14/14) 	 Transactions: 751 (49 unique)   	 Time: 3.5983893871307373[0m
2025-09-22 03:12:41,641 - Analysis - INFO - [1mGeneration number 59 	 Code coverage: 99.43% (174/175) 	 Branch coverage: 100.00% (14/14) 	 Transactions: 761 (50 unique)   	 Time: 3.6407933235168457[0m
2025-09-22 03:12:41,721 - Analysis - INFO - [1mGeneration number 60 	 Code coverage: 99.43% (174/175) 	 Branch coverage: 100.00% (14/14) 	 Transactions: 779 (51 unique)   	 Time: 3.7212090492248535[0m
2025-09-22 03:12:41,790 - Analysis - INFO - [1mGeneration number 61 	 Code coverage: 99.43% (174/175) 	 Branch coverage: 100.00% (14/14) 	 Transactions: 795 (51 unique)   	 Time: 3.7900819778442383[0m
2025-09-22 03:12:41,871 - Analysis - INFO - [1mGeneration number 62 	 Code coverage: 99.43% (174/175) 	 Branch coverage: 100.00% (14/14) 	 Transactions: 812 (52 unique)   	 Time: 3.871295690536499[0m
2025-09-22 03:12:41,961 - Analysis - INFO - [1mGeneration number 63 	 Code coverage: 99.43% (174/175) 	 Branch coverage: 100.00% (14/14) 	 Transactions: 831 (52 unique)   	 Time: 3.960827589035034[0m
2025-09-22 03:12:42,042 - Analysis - INFO - [1mGeneration number 64 	 Code coverage: 99.43% (174/175) 	 Branch coverage: 100.00% (14/14) 	 Transactions: 849 (53 unique)   	 Time: 4.042207956314087[0m
2025-09-22 03:12:42,101 - Analysis - INFO - [1mGeneration number 65 	 Code coverage: 99.43% (174/175) 	 Branch coverage: 100.00% (14/14) 	 Transactions: 862 (53 unique)   	 Time: 4.1014111042022705[0m
2025-09-22 03:12:42,187 - Analysis - INFO - [1mGeneration number 66 	 Code coverage: 99.43% (174/175) 	 Branch coverage: 100.00% (14/14) 	 Transactions: 880 (53 unique)   	 Time: 4.186970472335815[0m
2025-09-22 03:12:42,268 - Analysis - INFO - [1mGeneration number 67 	 Code coverage: 99.43% (174/175) 	 Branch coverage: 100.00% (14/14) 	 Transactions: 898 (53 unique)   	 Time: 4.2681543827056885[0m
2025-09-22 03:12:42,305 - Analysis - INFO - [1mGeneration number 68 	 Code coverage: 99.43% (174/175) 	 Branch coverage: 100.00% (14/14) 	 Transactions: 907 (54 unique)   	 Time: 4.304974555969238[0m
2025-09-22 03:12:42,323 - Analysis - INFO - [1mGeneration number 69 	 Code coverage: 99.43% (174/175) 	 Branch coverage: 100.00% (14/14) 	 Transactions: 911 (54 unique)   	 Time: 4.323254108428955[0m
2025-09-22 03:12:42,365 - Analysis - INFO - [1mGeneration number 70 	 Code coverage: 99.43% (174/175) 	 Branch coverage: 100.00% (14/14) 	 Transactions: 921 (54 unique)   	 Time: 4.3651111125946045[0m
2025-09-22 03:12:42,427 - Analysis - INFO - [1mGeneration number 71 	 Code coverage: 99.43% (174/175) 	 Branch coverage: 100.00% (14/14) 	 Transactions: 937 (55 unique)   	 Time: 4.427167654037476[0m
2025-09-22 03:12:42,474 - Analysis - INFO - [1mGeneration number 72 	 Code coverage: 99.43% (174/175) 	 Branch coverage: 100.00% (14/14) 	 Transactions: 949 (55 unique)   	 Time: 4.473866701126099[0m
2025-09-22 03:12:42,498 - Analysis - INFO - [1mGeneration number 73 	 Code coverage: 99.43% (174/175) 	 Branch coverage: 100.00% (14/14) 	 Transactions: 955 (55 unique)   	 Time: 4.498200178146362[0m
2025-09-22 03:12:42,560 - Analysis - INFO - [1mGeneration number 74 	 Code coverage: 99.43% (174/175) 	 Branch coverage: 100.00% (14/14) 	 Transactions: 971 (56 unique)   	 Time: 4.560611963272095[0m
2025-09-22 03:12:42,623 - Analysis - INFO - [1mGeneration number 75 	 Code coverage: 99.43% (174/175) 	 Branch coverage: 100.00% (14/14) 	 Transactions: 987 (56 unique)   	 Time: 4.622901201248169[0m
2025-09-22 03:12:42,684 - Analysis - INFO - [1mGeneration number 76 	 Code coverage: 99.43% (174/175) 	 Branch coverage: 100.00% (14/14) 	 Transactions: 1003 (56 unique)   	 Time: 4.6846537590026855[0m
2025-09-22 03:12:42,748 - Analysis - INFO - [1mGeneration number 77 	 Code coverage: 99.43% (174/175) 	 Branch coverage: 100.00% (14/14) 	 Transactions: 1019 (56 unique)   	 Time: 4.747910976409912[0m
2025-09-22 03:12:42,781 - Analysis - INFO - [1mGeneration number 78 	 Code coverage: 99.43% (174/175) 	 Branch coverage: 100.00% (14/14) 	 Transactions: 1028 (56 unique)   	 Time: 4.780797719955444[0m
2025-09-22 03:12:42,799 - Analysis - INFO - [1mGeneration number 79 	 Code coverage: 99.43% (174/175) 	 Branch coverage: 100.00% (14/14) 	 Transactions: 1032 (56 unique)   	 Time: 4.798853158950806[0m
2025-09-22 03:12:42,820 - Analysis - INFO - [1mGeneration number 80 	 Code coverage: 99.43% (174/175) 	 Branch coverage: 100.00% (14/14) 	 Transactions: 1037 (56 unique)   	 Time: 4.82027530670166[0m
2025-09-22 03:12:42,864 - Analysis - INFO - [1mGeneration number 81 	 Code coverage: 99.43% (174/175) 	 Branch coverage: 100.00% (14/14) 	 Transactions: 1048 (56 unique)   	 Time: 4.864342451095581[0m
2025-09-22 03:12:42,908 - Analysis - INFO - [1mGeneration number 82 	 Code coverage: 99.43% (174/175) 	 Branch coverage: 100.00% (14/14) 	 Transactions: 1059 (56 unique)   	 Time: 4.908617734909058[0m
2025-09-22 03:12:42,955 - Analysis - INFO - [1mGeneration number 83 	 Code coverage: 99.43% (174/175) 	 Branch coverage: 100.00% (14/14) 	 Transactions: 1071 (56 unique)   	 Time: 4.955437421798706[0m
2025-09-22 03:12:43,002 - Analysis - INFO - [1mGeneration number 84 	 Code coverage: 99.43% (174/175) 	 Branch coverage: 100.00% (14/14) 	 Transactions: 1083 (56 unique)   	 Time: 5.002361536026001[0m
2025-09-22 03:12:43,045 - Analysis - INFO - [1mGeneration number 85 	 Code coverage: 99.43% (174/175) 	 Branch coverage: 100.00% (14/14) 	 Transactions: 1094 (56 unique)   	 Time: 5.045659780502319[0m
2025-09-22 03:12:43,091 - Analysis - INFO - [1mGeneration number 86 	 Code coverage: 99.43% (174/175) 	 Branch coverage: 100.00% (14/14) 	 Transactions: 1105 (56 unique)   	 Time: 5.091264963150024[0m
2025-09-22 03:12:43,119 - Analysis - INFO - [1mGeneration number 87 	 Code coverage: 99.43% (174/175) 	 Branch coverage: 100.00% (14/14) 	 Transactions: 1112 (56 unique)   	 Time: 5.11901593208313[0m
2025-09-22 03:12:43,158 - Analysis - INFO - [1mGeneration number 88 	 Code coverage: 99.43% (174/175) 	 Branch coverage: 100.00% (14/14) 	 Transactions: 1122 (56 unique)   	 Time: 5.1580047607421875[0m
2025-09-22 03:12:43,224 - Analysis - INFO - [1mGeneration number 89 	 Code coverage: 99.43% (174/175) 	 Branch coverage: 100.00% (14/14) 	 Transactions: 1135 (56 unique)   	 Time: 5.223790407180786[0m
2025-09-22 03:12:43,302 - Analysis - INFO - [1mGeneration number 90 	 Code coverage: 99.43% (174/175) 	 Branch coverage: 100.00% (14/14) 	 Transactions: 1151 (58 unique)   	 Time: 5.302097797393799[0m
2025-09-22 03:12:43,402 - Analysis - INFO - [1mGeneration number 91 	 Code coverage: 99.43% (174/175) 	 Branch coverage: 100.00% (14/14) 	 Transactions: 1171 (59 unique)   	 Time: 5.4017860889434814[0m
2025-09-22 03:12:43,495 - Analysis - INFO - [1mGeneration number 92 	 Code coverage: 99.43% (174/175) 	 Branch coverage: 100.00% (14/14) 	 Transactions: 1190 (61 unique)   	 Time: 5.4949400424957275[0m
2025-09-22 03:12:43,585 - Analysis - INFO - [1mGeneration number 93 	 Code coverage: 99.43% (174/175) 	 Branch coverage: 100.00% (14/14) 	 Transactions: 1208 (61 unique)   	 Time: 5.584949254989624[0m
2025-09-22 03:12:43,655 - Analysis - INFO - [1mGeneration number 94 	 Code coverage: 99.43% (174/175) 	 Branch coverage: 100.00% (14/14) 	 Transactions: 1222 (61 unique)   	 Time: 5.654994249343872[0m
2025-09-22 03:12:43,702 - Analysis - INFO - [1mGeneration number 95 	 Code coverage: 99.43% (174/175) 	 Branch coverage: 100.00% (14/14) 	 Transactions: 1231 (61 unique)   	 Time: 5.702430963516235[0m
2025-09-22 03:12:43,749 - Analysis - INFO - [1mGeneration number 96 	 Code coverage: 99.43% (174/175) 	 Branch coverage: 100.00% (14/14) 	 Transactions: 1240 (61 unique)   	 Time: 5.749626159667969[0m
2025-09-22 03:12:43,797 - Analysis - INFO - [1mGeneration number 97 	 Code coverage: 99.43% (174/175) 	 Branch coverage: 100.00% (14/14) 	 Transactions: 1249 (61 unique)   	 Time: 5.7976508140563965[0m
2025-09-22 03:12:43,825 - Analysis - INFO - [1mGeneration number 98 	 Code coverage: 99.43% (174/175) 	 Branch coverage: 100.00% (14/14) 	 Transactions: 1256 (61 unique)   	 Time: 5.8256516456604[0m
2025-09-22 03:12:43,859 - Analysis - INFO - [1mGeneration number 99 	 Code coverage: 99.43% (174/175) 	 Branch coverage: 100.00% (14/14) 	 Transactions: 1263 (61 unique)   	 Time: 5.858830690383911[0m
2025-09-22 03:12:43,912 - Analysis - INFO - [1mGeneration number 100 	 Code coverage: 99.43% (174/175) 	 Branch coverage: 100.00% (14/14) 	 Transactions: 1276 (61 unique)   	 Time: 5.911950588226318[0m
2025-09-22 03:12:43,977 - Analysis - INFO - [1mGeneration number 101 	 Code coverage: 99.43% (174/175) 	 Branch coverage: 100.00% (14/14) 	 Transactions: 1293 (61 unique)   	 Time: 5.977020502090454[0m
2025-09-22 03:12:44,042 - Analysis - INFO - [1mGeneration number 102 	 Code coverage: 99.43% (174/175) 	 Branch coverage: 100.00% (14/14) 	 Transactions: 1310 (61 unique)   	 Time: 6.0425310134887695[0m
2025-09-22 03:12:44,087 - Analysis - INFO - [1mGeneration number 103 	 Code coverage: 99.43% (174/175) 	 Branch coverage: 100.00% (14/14) 	 Transactions: 1321 (61 unique)   	 Time: 6.086827754974365[0m
2025-09-22 03:12:44,130 - Analysis - INFO - [1mGeneration number 104 	 Code coverage: 99.43% (174/175) 	 Branch coverage: 100.00% (14/14) 	 Transactions: 1332 (62 unique)   	 Time: 6.130135774612427[0m
2025-09-22 03:12:44,196 - Analysis - INFO - [1mGeneration number 105 	 Code coverage: 99.43% (174/175) 	 Branch coverage: 100.00% (14/14) 	 Transactions: 1348 (62 unique)   	 Time: 6.196399688720703[0m
2025-09-22 03:12:44,259 - Analysis - INFO - [1mGeneration number 106 	 Code coverage: 99.43% (174/175) 	 Branch coverage: 100.00% (14/14) 	 Transactions: 1364 (62 unique)   	 Time: 6.259016990661621[0m
2025-09-22 03:12:44,302 - Analysis - INFO - [1mGeneration number 107 	 Code coverage: 99.43% (174/175) 	 Branch coverage: 100.00% (14/14) 	 Transactions: 1375 (62 unique)   	 Time: 6.30204963684082[0m
2025-09-22 03:12:44,350 - Analysis - INFO - [1mGeneration number 108 	 Code coverage: 99.43% (174/175) 	 Branch coverage: 100.00% (14/14) 	 Transactions: 1387 (62 unique)   	 Time: 6.350751161575317[0m
2025-09-22 03:12:44,394 - Analysis - INFO - [1mGeneration number 109 	 Code coverage: 99.43% (174/175) 	 Branch coverage: 100.00% (14/14) 	 Transactions: 1397 (62 unique)   	 Time: 6.394740581512451[0m
2025-09-22 03:12:44,510 - Analysis - INFO - [1mGeneration number 110 	 Code coverage: 99.43% (174/175) 	 Branch coverage: 100.00% (14/14) 	 Transactions: 1422 (62 unique)   	 Time: 6.510225296020508[0m
2025-09-22 03:12:44,621 - Analysis - INFO - [1mGeneration number 111 	 Code coverage: 99.43% (174/175) 	 Branch coverage: 100.00% (14/14) 	 Transactions: 1447 (62 unique)   	 Time: 6.621691703796387[0m
2025-09-22 03:12:44,707 - Analysis - INFO - [1mGeneration number 112 	 Code coverage: 99.43% (174/175) 	 Branch coverage: 100.00% (14/14) 	 Transactions: 1466 (62 unique)   	 Time: 6.706770896911621[0m
2025-09-22 03:12:44,815 - Analysis - INFO - [1mGeneration number 113 	 Code coverage: 99.43% (174/175) 	 Branch coverage: 100.00% (14/14) 	 Transactions: 1490 (62 unique)   	 Time: 6.815269947052002[0m
2025-09-22 03:12:44,907 - Analysis - INFO - [1mGeneration number 114 	 Code coverage: 99.43% (174/175) 	 Branch coverage: 100.00% (14/14) 	 Transactions: 1510 (62 unique)   	 Time: 6.907729148864746[0m
2025-09-22 03:12:45,003 - Analysis - INFO - [1mGeneration number 115 	 Code coverage: 99.43% (174/175) 	 Branch coverage: 100.00% (14/14) 	 Transactions: 1530 (63 unique)   	 Time: 7.002763986587524[0m
2025-09-22 03:12:45,120 - Analysis - INFO - [1mGeneration number 116 	 Code coverage: 99.43% (174/175) 	 Branch coverage: 100.00% (14/14) 	 Transactions: 1555 (63 unique)   	 Time: 7.120521783828735[0m
2025-09-22 03:12:45,236 - Analysis - INFO - [1mGeneration number 117 	 Code coverage: 99.43% (174/175) 	 Branch coverage: 100.00% (14/14) 	 Transactions: 1580 (63 unique)   	 Time: 7.235973119735718[0m
2025-09-22 03:12:45,272 - Analysis - INFO - [1mGeneration number 118 	 Code coverage: 99.43% (174/175) 	 Branch coverage: 100.00% (14/14) 	 Transactions: 1589 (63 unique)   	 Time: 7.271780729293823[0m
2025-09-22 03:12:45,332 - Analysis - INFO - [1mGeneration number 119 	 Code coverage: 99.43% (174/175) 	 Branch coverage: 100.00% (14/14) 	 Transactions: 1601 (63 unique)   	 Time: 7.33217716217041[0m
2025-09-22 03:12:45,416 - Analysis - INFO - [1mGeneration number 120 	 Code coverage: 99.43% (174/175) 	 Branch coverage: 100.00% (14/14) 	 Transactions: 1616 (65 unique)   	 Time: 7.415954351425171[0m
2025-09-22 03:12:45,480 - Analysis - INFO - [1mGeneration number 121 	 Code coverage: 99.43% (174/175) 	 Branch coverage: 100.00% (14/14) 	 Transactions: 1627 (66 unique)   	 Time: 7.480353116989136[0m
2025-09-22 03:12:45,558 - Analysis - INFO - [1mGeneration number 122 	 Code coverage: 99.43% (174/175) 	 Branch coverage: 100.00% (14/14) 	 Transactions: 1641 (66 unique)   	 Time: 7.558499097824097[0m
2025-09-22 03:12:45,612 - Analysis - INFO - [1mGeneration number 123 	 Code coverage: 99.43% (174/175) 	 Branch coverage: 100.00% (14/14) 	 Transactions: 1651 (66 unique)   	 Time: 7.612583637237549[0m
2025-09-22 03:12:45,665 - Analysis - INFO - [1mGeneration number 124 	 Code coverage: 99.43% (174/175) 	 Branch coverage: 100.00% (14/14) 	 Transactions: 1661 (66 unique)   	 Time: 7.6652233600616455[0m
2025-09-22 03:12:45,718 - Analysis - INFO - [1mGeneration number 125 	 Code coverage: 99.43% (174/175) 	 Branch coverage: 100.00% (14/14) 	 Transactions: 1671 (66 unique)   	 Time: 7.71849250793457[0m
2025-09-22 03:12:45,783 - Analysis - INFO - [1mGeneration number 126 	 Code coverage: 99.43% (174/175) 	 Branch coverage: 100.00% (14/14) 	 Transactions: 1682 (66 unique)   	 Time: 7.783511400222778[0m
2025-09-22 03:12:45,848 - Analysis - INFO - [1mGeneration number 127 	 Code coverage: 99.43% (174/175) 	 Branch coverage: 100.00% (14/14) 	 Transactions: 1693 (66 unique)   	 Time: 7.848217725753784[0m
2025-09-22 03:12:45,892 - Analysis - INFO - [1mGeneration number 128 	 Code coverage: 99.43% (174/175) 	 Branch coverage: 100.00% (14/14) 	 Transactions: 1704 (66 unique)   	 Time: 7.8921027183532715[0m
2025-09-22 03:12:45,941 - Analysis - INFO - [1mGeneration number 129 	 Code coverage: 99.43% (174/175) 	 Branch coverage: 100.00% (14/14) 	 Transactions: 1713 (68 unique)   	 Time: 7.941137075424194[0m
2025-09-22 03:12:46,014 - Analysis - INFO - [1mGeneration number 130 	 Code coverage: 99.43% (174/175) 	 Branch coverage: 100.00% (14/14) 	 Transactions: 1727 (70 unique)   	 Time: 8.014562129974365[0m
2025-09-22 03:12:46,090 - Analysis - INFO - [1mGeneration number 131 	 Code coverage: 99.43% (174/175) 	 Branch coverage: 100.00% (14/14) 	 Transactions: 1741 (70 unique)   	 Time: 8.089908599853516[0m
2025-09-22 03:12:46,152 - Analysis - INFO - [1mGeneration number 132 	 Code coverage: 99.43% (174/175) 	 Branch coverage: 100.00% (14/14) 	 Transactions: 1752 (70 unique)   	 Time: 8.152369499206543[0m
2025-09-22 03:12:46,228 - Analysis - INFO - [1mGeneration number 133 	 Code coverage: 99.43% (174/175) 	 Branch coverage: 100.00% (14/14) 	 Transactions: 1763 (70 unique)   	 Time: 8.22784686088562[0m
2025-09-22 03:12:46,261 - Analysis - INFO - [1mGeneration number 134 	 Code coverage: 99.43% (174/175) 	 Branch coverage: 100.00% (14/14) 	 Transactions: 1769 (70 unique)   	 Time: 8.261404752731323[0m
2025-09-22 03:12:46,298 - Analysis - INFO - [1mGeneration number 135 	 Code coverage: 99.43% (174/175) 	 Branch coverage: 100.00% (14/14) 	 Transactions: 1776 (70 unique)   	 Time: 8.297771215438843[0m
2025-09-22 03:12:46,332 - Analysis - INFO - [1mGeneration number 136 	 Code coverage: 99.43% (174/175) 	 Branch coverage: 100.00% (14/14) 	 Transactions: 1782 (70 unique)   	 Time: 8.331855058670044[0m
2025-09-22 03:12:46,365 - Analysis - INFO - [1mGeneration number 137 	 Code coverage: 99.43% (174/175) 	 Branch coverage: 100.00% (14/14) 	 Transactions: 1788 (70 unique)   	 Time: 8.364910125732422[0m
2025-09-22 03:12:46,417 - Analysis - INFO - [1mGeneration number 138 	 Code coverage: 99.43% (174/175) 	 Branch coverage: 100.00% (14/14) 	 Transactions: 1801 (70 unique)   	 Time: 8.417494058609009[0m
2025-09-22 03:12:46,453 - Analysis - INFO - [1mGeneration number 139 	 Code coverage: 99.43% (174/175) 	 Branch coverage: 100.00% (14/14) 	 Transactions: 1809 (70 unique)   	 Time: 8.452787637710571[0m
2025-09-22 03:12:46,520 - Analysis - INFO - [1mGeneration number 140 	 Code coverage: 99.43% (174/175) 	 Branch coverage: 100.00% (14/14) 	 Transactions: 1823 (72 unique)   	 Time: 8.52000617980957[0m
2025-09-22 03:12:46,607 - Analysis - INFO - [1mGeneration number 141 	 Code coverage: 99.43% (174/175) 	 Branch coverage: 100.00% (14/14) 	 Transactions: 1841 (73 unique)   	 Time: 8.606973648071289[0m
2025-09-22 03:12:46,677 - Analysis - INFO - [1mGeneration number 142 	 Code coverage: 99.43% (174/175) 	 Branch coverage: 100.00% (14/14) 	 Transactions: 1855 (74 unique)   	 Time: 8.67712688446045[0m
2025-09-22 03:12:46,727 - Analysis - INFO - [1mGeneration number 143 	 Code coverage: 99.43% (174/175) 	 Branch coverage: 100.00% (14/14) 	 Transactions: 1865 (74 unique)   	 Time: 8.727641820907593[0m
2025-09-22 03:12:46,775 - Analysis - INFO - [1mGeneration number 144 	 Code coverage: 99.43% (174/175) 	 Branch coverage: 100.00% (14/14) 	 Transactions: 1874 (74 unique)   	 Time: 8.775725841522217[0m
2025-09-22 03:12:46,847 - Analysis - INFO - [1mGeneration number 145 	 Code coverage: 99.43% (174/175) 	 Branch coverage: 100.00% (14/14) 	 Transactions: 1888 (75 unique)   	 Time: 8.847131252288818[0m
2025-09-22 03:12:46,939 - Analysis - INFO - [1mGeneration number 146 	 Code coverage: 99.43% (174/175) 	 Branch coverage: 100.00% (14/14) 	 Transactions: 1906 (76 unique)   	 Time: 8.938786268234253[0m
2025-09-22 03:12:47,028 - Analysis - INFO - [1mGeneration number 147 	 Code coverage: 99.43% (174/175) 	 Branch coverage: 100.00% (14/14) 	 Transactions: 1924 (77 unique)   	 Time: 9.028486013412476[0m
2025-09-22 03:12:47,060 - Analysis - INFO - [1mGeneration number 148 	 Code coverage: 99.43% (174/175) 	 Branch coverage: 100.00% (14/14) 	 Transactions: 1932 (77 unique)   	 Time: 9.059860229492188[0m
2025-09-22 03:12:47,095 - Analysis - INFO - [1mGeneration number 149 	 Code coverage: 99.43% (174/175) 	 Branch coverage: 100.00% (14/14) 	 Transactions: 1940 (77 unique)   	 Time: 9.095314025878906[0m
2025-09-22 03:12:47,129 - Analysis - INFO - [1mGeneration number 150 	 Code coverage: 99.43% (174/175) 	 Branch coverage: 100.00% (14/14) 	 Transactions: 1948 (77 unique)   	 Time: 9.12957215309143[0m
2025-09-22 03:12:47,182 - Analysis - INFO - [1mGeneration number 151 	 Code coverage: 99.43% (174/175) 	 Branch coverage: 100.00% (14/14) 	 Transactions: 1961 (77 unique)   	 Time: 9.182306289672852[0m
2025-09-22 03:12:47,220 - Analysis - INFO - [1mGeneration number 152 	 Code coverage: 99.43% (174/175) 	 Branch coverage: 100.00% (14/14) 	 Transactions: 1970 (77 unique)   	 Time: 9.220205783843994[0m
2025-09-22 03:12:47,296 - Analysis - INFO - [1mGeneration number 153 	 Code coverage: 99.43% (174/175) 	 Branch coverage: 100.00% (14/14) 	 Transactions: 1989 (78 unique)   	 Time: 9.295863628387451[0m
2025-09-22 03:12:47,372 - Analysis - INFO - [1mGeneration number 154 	 Code coverage: 99.43% (174/175) 	 Branch coverage: 100.00% (14/14) 	 Transactions: 2008 (78 unique)   	 Time: 9.37231731414795[0m
2025-09-22 03:12:47,444 - Analysis - INFO - [1mGeneration number 155 	 Code coverage: 99.43% (174/175) 	 Branch coverage: 100.00% (14/14) 	 Transactions: 2026 (78 unique)   	 Time: 9.44451642036438[0m
2025-09-22 03:12:47,516 - Analysis - INFO - [1mGeneration number 156 	 Code coverage: 99.43% (174/175) 	 Branch coverage: 100.00% (14/14) 	 Transactions: 2044 (78 unique)   	 Time: 9.516337394714355[0m
2025-09-22 03:12:47,557 - Analysis - INFO - [1mGeneration number 157 	 Code coverage: 99.43% (174/175) 	 Branch coverage: 100.00% (14/14) 	 Transactions: 2054 (78 unique)   	 Time: 9.556879043579102[0m
2025-09-22 03:12:47,587 - Analysis - INFO - [1mGeneration number 158 	 Code coverage: 99.43% (174/175) 	 Branch coverage: 100.00% (14/14) 	 Transactions: 2063 (78 unique)   	 Time: 9.587342500686646[0m
2025-09-22 03:12:47,603 - Analysis - INFO - [1mGeneration number 159 	 Code coverage: 99.43% (174/175) 	 Branch coverage: 100.00% (14/14) 	 Transactions: 2067 (78 unique)   	 Time: 9.60316514968872[0m
2025-09-22 03:12:47,622 - Analysis - INFO - [1mGeneration number 160 	 Code coverage: 99.43% (174/175) 	 Branch coverage: 100.00% (14/14) 	 Transactions: 2072 (78 unique)   	 Time: 9.622217178344727[0m
2025-09-22 03:12:47,660 - Analysis - INFO - [1mGeneration number 161 	 Code coverage: 99.43% (174/175) 	 Branch coverage: 100.00% (14/14) 	 Transactions: 2082 (78 unique)   	 Time: 9.660213232040405[0m
2025-09-22 03:12:47,705 - Analysis - INFO - [1mGeneration number 162 	 Code coverage: 99.43% (174/175) 	 Branch coverage: 100.00% (14/14) 	 Transactions: 2094 (79 unique)   	 Time: 9.705208539962769[0m
2025-09-22 03:12:47,750 - Analysis - INFO - [1mGeneration number 163 	 Code coverage: 99.43% (174/175) 	 Branch coverage: 100.00% (14/14) 	 Transactions: 2106 (79 unique)   	 Time: 9.750722646713257[0m
2025-09-22 03:12:47,794 - Analysis - INFO - [1mGeneration number 164 	 Code coverage: 99.43% (174/175) 	 Branch coverage: 100.00% (14/14) 	 Transactions: 2117 (79 unique)   	 Time: 9.793847799301147[0m
2025-09-22 03:12:47,855 - Analysis - INFO - [1mGeneration number 165 	 Code coverage: 99.43% (174/175) 	 Branch coverage: 100.00% (14/14) 	 Transactions: 2133 (79 unique)   	 Time: 9.855714082717896[0m
2025-09-22 03:12:47,902 - Analysis - INFO - [1mGeneration number 166 	 Code coverage: 99.43% (174/175) 	 Branch coverage: 100.00% (14/14) 	 Transactions: 2144 (79 unique)   	 Time: 9.902402877807617[0m
2025-09-22 03:12:47,946 - Analysis - INFO - [1mGeneration number 167 	 Code coverage: 99.43% (174/175) 	 Branch coverage: 100.00% (14/14) 	 Transactions: 2155 (79 unique)   	 Time: 9.946109771728516[0m
2025-09-22 03:12:47,988 - Analysis - INFO - [1mGeneration number 168 	 Code coverage: 99.43% (174/175) 	 Branch coverage: 100.00% (14/14) 	 Transactions: 2165 (79 unique)   	 Time: 9.98815655708313[0m
2025-09-22 03:12:48,009 - Analysis - INFO - [1mGeneration number 169 	 Code coverage: 99.43% (174/175) 	 Branch coverage: 100.00% (14/14) 	 Transactions: 2170 (79 unique)   	 Time: 10.009621620178223[0m
2025-09-22 03:12:48,062 - Analysis - INFO - [1mGeneration number 170 	 Code coverage: 99.43% (174/175) 	 Branch coverage: 100.00% (14/14) 	 Transactions: 2183 (79 unique)   	 Time: 10.062099933624268[0m
2025-09-22 03:12:48,139 - Analysis - INFO - [1mGeneration number 171 	 Code coverage: 99.43% (174/175) 	 Branch coverage: 100.00% (14/14) 	 Transactions: 2201 (80 unique)   	 Time: 10.138859272003174[0m
2025-09-22 03:12:48,209 - Analysis - INFO - [1mGeneration number 172 	 Code coverage: 99.43% (174/175) 	 Branch coverage: 100.00% (14/14) 	 Transactions: 2218 (80 unique)   	 Time: 10.209128141403198[0m
2025-09-22 03:12:48,287 - Analysis - INFO - [1mGeneration number 173 	 Code coverage: 99.43% (174/175) 	 Branch coverage: 100.00% (14/14) 	 Transactions: 2235 (80 unique)   	 Time: 10.286932229995728[0m
2025-09-22 03:12:48,373 - Analysis - INFO - [1mGeneration number 174 	 Code coverage: 99.43% (174/175) 	 Branch coverage: 100.00% (14/14) 	 Transactions: 2256 (80 unique)   	 Time: 10.372924327850342[0m
2025-09-22 03:12:48,458 - Analysis - INFO - [1mGeneration number 175 	 Code coverage: 99.43% (174/175) 	 Branch coverage: 100.00% (14/14) 	 Transactions: 2277 (80 unique)   	 Time: 10.45820951461792[0m
2025-09-22 03:12:48,544 - Analysis - INFO - [1mGeneration number 176 	 Code coverage: 99.43% (174/175) 	 Branch coverage: 100.00% (14/14) 	 Transactions: 2298 (80 unique)   	 Time: 10.544585466384888[0m
2025-09-22 03:12:48,626 - Analysis - INFO - [1mGeneration number 177 	 Code coverage: 99.43% (174/175) 	 Branch coverage: 100.00% (14/14) 	 Transactions: 2318 (80 unique)   	 Time: 10.626466512680054[0m
2025-09-22 03:12:48,673 - Analysis - INFO - [1mGeneration number 178 	 Code coverage: 99.43% (174/175) 	 Branch coverage: 100.00% (14/14) 	 Transactions: 2330 (80 unique)   	 Time: 10.672959327697754[0m
2025-09-22 03:12:48,702 - Analysis - INFO - [1mGeneration number 179 	 Code coverage: 99.43% (174/175) 	 Branch coverage: 100.00% (14/14) 	 Transactions: 2337 (80 unique)   	 Time: 10.702304124832153[0m
2025-09-22 03:12:48,771 - Analysis - INFO - [1mGeneration number 180 	 Code coverage: 99.43% (174/175) 	 Branch coverage: 100.00% (14/14) 	 Transactions: 2352 (80 unique)   	 Time: 10.771498203277588[0m
2025-09-22 03:12:48,862 - Analysis - INFO - [1mGeneration number 181 	 Code coverage: 99.43% (174/175) 	 Branch coverage: 100.00% (14/14) 	 Transactions: 2366 (80 unique)   	 Time: 10.862642288208008[0m
2025-09-22 03:12:48,951 - Analysis - INFO - [1mGeneration number 182 	 Code coverage: 99.43% (174/175) 	 Branch coverage: 100.00% (14/14) 	 Transactions: 2385 (80 unique)   	 Time: 10.951658010482788[0m
2025-09-22 03:12:49,010 - Analysis - INFO - [1mGeneration number 183 	 Code coverage: 99.43% (174/175) 	 Branch coverage: 100.00% (14/14) 	 Transactions: 2398 (80 unique)   	 Time: 11.009958744049072[0m
2025-09-22 03:12:49,068 - Analysis - INFO - [1mGeneration number 184 	 Code coverage: 99.43% (174/175) 	 Branch coverage: 100.00% (14/14) 	 Transactions: 2411 (80 unique)   	 Time: 11.068400382995605[0m
2025-09-22 03:12:49,128 - Analysis - INFO - [1mGeneration number 185 	 Code coverage: 99.43% (174/175) 	 Branch coverage: 100.00% (14/14) 	 Transactions: 2424 (80 unique)   	 Time: 11.128364324569702[0m
2025-09-22 03:12:49,204 - Analysis - INFO - [1mGeneration number 186 	 Code coverage: 99.43% (174/175) 	 Branch coverage: 100.00% (14/14) 	 Transactions: 2441 (80 unique)   	 Time: 11.203788042068481[0m
2025-09-22 03:12:49,270 - Analysis - INFO - [1mGeneration number 187 	 Code coverage: 99.43% (174/175) 	 Branch coverage: 100.00% (14/14) 	 Transactions: 2455 (80 unique)   	 Time: 11.270347833633423[0m
2025-09-22 03:12:49,312 - Analysis - INFO - [1mGeneration number 188 	 Code coverage: 99.43% (174/175) 	 Branch coverage: 100.00% (14/14) 	 Transactions: 2466 (80 unique)   	 Time: 11.312360286712646[0m
2025-09-22 03:12:49,342 - Analysis - INFO - [1mGeneration number 189 	 Code coverage: 99.43% (174/175) 	 Branch coverage: 100.00% (14/14) 	 Transactions: 2473 (80 unique)   	 Time: 11.342429876327515[0m
2025-09-22 03:12:49,392 - Analysis - INFO - [1mGeneration number 190 	 Code coverage: 99.43% (174/175) 	 Branch coverage: 100.00% (14/14) 	 Transactions: 2485 (80 unique)   	 Time: 11.39204454421997[0m
2025-09-22 03:12:49,444 - Analysis - INFO - [1mGeneration number 191 	 Code coverage: 99.43% (174/175) 	 Branch coverage: 100.00% (14/14) 	 Transactions: 2498 (80 unique)   	 Time: 11.444114208221436[0m
2025-09-22 03:12:49,506 - Analysis - INFO - [1mGeneration number 192 	 Code coverage: 99.43% (174/175) 	 Branch coverage: 100.00% (14/14) 	 Transactions: 2514 (80 unique)   	 Time: 11.506426095962524[0m
2025-09-22 03:12:49,588 - Analysis - INFO - [1mGeneration number 193 	 Code coverage: 99.43% (174/175) 	 Branch coverage: 100.00% (14/14) 	 Transactions: 2535 (80 unique)   	 Time: 11.588155508041382[0m
2025-09-22 03:12:49,650 - Analysis - INFO - [1mGeneration number 194 	 Code coverage: 99.43% (174/175) 	 Branch coverage: 100.00% (14/14) 	 Transactions: 2551 (80 unique)   	 Time: 11.65000605583191[0m
2025-09-22 03:12:49,712 - Analysis - INFO - [1mGeneration number 195 	 Code coverage: 99.43% (174/175) 	 Branch coverage: 100.00% (14/14) 	 Transactions: 2567 (80 unique)   	 Time: 11.711906671524048[0m
2025-09-22 03:12:49,778 - Analysis - INFO - [1mGeneration number 196 	 Code coverage: 99.43% (174/175) 	 Branch coverage: 100.00% (14/14) 	 Transactions: 2584 (80 unique)   	 Time: 11.778150796890259[0m
2025-09-22 03:12:49,824 - Analysis - INFO - [1mGeneration number 197 	 Code coverage: 99.43% (174/175) 	 Branch coverage: 100.00% (14/14) 	 Transactions: 2596 (80 unique)   	 Time: 11.824565649032593[0m
2025-09-22 03:12:49,863 - Analysis - INFO - [1mGeneration number 198 	 Code coverage: 99.43% (174/175) 	 Branch coverage: 100.00% (14/14) 	 Transactions: 2606 (80 unique)   	 Time: 11.863103866577148[0m
2025-09-22 03:12:49,882 - Analysis - INFO - [1mGeneration number 199 	 Code coverage: 99.43% (174/175) 	 Branch coverage: 100.00% (14/14) 	 Transactions: 2611 (80 unique)   	 Time: 11.882448673248291[0m
2025-09-22 03:12:49,922 - Analysis - INFO - [1mGeneration number 200 	 Code coverage: 99.43% (174/175) 	 Branch coverage: 100.00% (14/14) 	 Transactions: 2620 (80 unique)   	 Time: 11.922681093215942[0m
2025-09-22 03:12:49,963 - Analysis - INFO - [1mGeneration number 201 	 Code coverage: 99.43% (174/175) 	 Branch coverage: 100.00% (14/14) 	 Transactions: 2630 (80 unique)   	 Time: 11.963408708572388[0m
2025-09-22 03:12:50,041 - Analysis - INFO - [1mGeneration number 202 	 Code coverage: 99.43% (174/175) 	 Branch coverage: 100.00% (14/14) 	 Transactions: 2650 (80 unique)   	 Time: 12.040990352630615[0m
2025-09-22 03:12:50,084 - Analysis - INFO - [1mGeneration number 203 	 Code coverage: 99.43% (174/175) 	 Branch coverage: 100.00% (14/14) 	 Transactions: 2661 (80 unique)   	 Time: 12.084493637084961[0m
2025-09-22 03:12:50,146 - Analysis - INFO - [1mGeneration number 204 	 Code coverage: 99.43% (174/175) 	 Branch coverage: 100.00% (14/14) 	 Transactions: 2677 (80 unique)   	 Time: 12.146631956100464[0m
2025-09-22 03:12:50,208 - Analysis - INFO - [1mGeneration number 205 	 Code coverage: 99.43% (174/175) 	 Branch coverage: 100.00% (14/14) 	 Transactions: 2693 (80 unique)   	 Time: 12.207905769348145[0m
2025-09-22 03:12:50,273 - Analysis - INFO - [1mGeneration number 206 	 Code coverage: 99.43% (174/175) 	 Branch coverage: 100.00% (14/14) 	 Transactions: 2709 (80 unique)   	 Time: 12.273133993148804[0m
2025-09-22 03:12:50,335 - Analysis - INFO - [1mGeneration number 207 	 Code coverage: 99.43% (174/175) 	 Branch coverage: 100.00% (14/14) 	 Transactions: 2725 (80 unique)   	 Time: 12.334848165512085[0m
2025-09-22 03:12:50,377 - Analysis - INFO - [1mGeneration number 208 	 Code coverage: 99.43% (174/175) 	 Branch coverage: 100.00% (14/14) 	 Transactions: 2735 (80 unique)   	 Time: 12.376810312271118[0m
2025-09-22 03:12:50,411 - Analysis - INFO - [1mGeneration number 209 	 Code coverage: 99.43% (174/175) 	 Branch coverage: 100.00% (14/14) 	 Transactions: 2743 (80 unique)   	 Time: 12.411614418029785[0m
2025-09-22 03:12:50,467 - Analysis - INFO - [1mGeneration number 210 	 Code coverage: 99.43% (174/175) 	 Branch coverage: 100.00% (14/14) 	 Transactions: 2757 (80 unique)   	 Time: 12.46690845489502[0m
2025-09-22 03:12:50,532 - Analysis - INFO - [1mGeneration number 211 	 Code coverage: 99.43% (174/175) 	 Branch coverage: 100.00% (14/14) 	 Transactions: 2774 (80 unique)   	 Time: 12.531816720962524[0m
2025-09-22 03:12:50,593 - Analysis - INFO - [1mGeneration number 212 	 Code coverage: 99.43% (174/175) 	 Branch coverage: 100.00% (14/14) 	 Transactions: 2790 (80 unique)   	 Time: 12.593337297439575[0m
2025-09-22 03:12:50,654 - Analysis - INFO - [1mGeneration number 213 	 Code coverage: 99.43% (174/175) 	 Branch coverage: 100.00% (14/14) 	 Transactions: 2806 (80 unique)   	 Time: 12.654597997665405[0m
2025-09-22 03:12:50,698 - Analysis - INFO - [1mGeneration number 214 	 Code coverage: 99.43% (174/175) 	 Branch coverage: 100.00% (14/14) 	 Transactions: 2817 (80 unique)   	 Time: 12.698311805725098[0m
2025-09-22 03:12:50,744 - Analysis - INFO - [1mGeneration number 215 	 Code coverage: 99.43% (174/175) 	 Branch coverage: 100.00% (14/14) 	 Transactions: 2829 (80 unique)   	 Time: 12.744262456893921[0m
2025-09-22 03:12:50,791 - Analysis - INFO - [1mGeneration number 216 	 Code coverage: 99.43% (174/175) 	 Branch coverage: 100.00% (14/14) 	 Transactions: 2841 (80 unique)   	 Time: 12.791585922241211[0m
2025-09-22 03:12:50,854 - Analysis - INFO - [1mGeneration number 217 	 Code coverage: 99.43% (174/175) 	 Branch coverage: 100.00% (14/14) 	 Transactions: 2857 (80 unique)   	 Time: 12.854369401931763[0m
2025-09-22 03:12:50,896 - Analysis - INFO - [1mGeneration number 218 	 Code coverage: 99.43% (174/175) 	 Branch coverage: 100.00% (14/14) 	 Transactions: 2867 (80 unique)   	 Time: 12.895863056182861[0m
2025-09-22 03:12:50,923 - Analysis - INFO - [1mGeneration number 219 	 Code coverage: 99.43% (174/175) 	 Branch coverage: 100.00% (14/14) 	 Transactions: 2873 (80 unique)   	 Time: 12.922906875610352[0m
2025-09-22 03:12:50,956 - Analysis - INFO - [1mGeneration number 220 	 Code coverage: 99.43% (174/175) 	 Branch coverage: 100.00% (14/14) 	 Transactions: 2881 (80 unique)   	 Time: 12.956650495529175[0m
2025-09-22 03:12:50,991 - Analysis - INFO - [1mGeneration number 221 	 Code coverage: 99.43% (174/175) 	 Branch coverage: 100.00% (14/14) 	 Transactions: 2889 (80 unique)   	 Time: 12.991453409194946[0m
2025-09-22 03:12:51,044 - Analysis - INFO - [1mGeneration number 222 	 Code coverage: 99.43% (174/175) 	 Branch coverage: 100.00% (14/14) 	 Transactions: 2902 (80 unique)   	 Time: 13.044277429580688[0m
2025-09-22 03:12:51,113 - Analysis - INFO - [1mGeneration number 223 	 Code coverage: 99.43% (174/175) 	 Branch coverage: 100.00% (14/14) 	 Transactions: 2919 (80 unique)   	 Time: 13.113548994064331[0m
2025-09-22 03:12:51,177 - Analysis - INFO - [1mGeneration number 224 	 Code coverage: 99.43% (174/175) 	 Branch coverage: 100.00% (14/14) 	 Transactions: 2934 (80 unique)   	 Time: 13.177192687988281[0m
2025-09-22 03:12:51,243 - Analysis - INFO - [1mGeneration number 225 	 Code coverage: 99.43% (174/175) 	 Branch coverage: 100.00% (14/14) 	 Transactions: 2950 (80 unique)   	 Time: 13.243567705154419[0m
2025-09-22 03:12:51,328 - Analysis - INFO - [1mGeneration number 226 	 Code coverage: 99.43% (174/175) 	 Branch coverage: 100.00% (14/14) 	 Transactions: 2971 (80 unique)   	 Time: 13.328261375427246[0m
2025-09-22 03:12:51,397 - Analysis - INFO - [1mGeneration number 227 	 Code coverage: 99.43% (174/175) 	 Branch coverage: 100.00% (14/14) 	 Transactions: 2988 (80 unique)   	 Time: 13.397156715393066[0m
2025-09-22 03:12:51,433 - Analysis - INFO - [1mGeneration number 228 	 Code coverage: 99.43% (174/175) 	 Branch coverage: 100.00% (14/14) 	 Transactions: 2997 (80 unique)   	 Time: 13.433284997940063[0m
2025-09-22 03:12:51,496 - Analysis - INFO - [1mGeneration number 229 	 Code coverage: 99.43% (174/175) 	 Branch coverage: 100.00% (14/14) 	 Transactions: 3010 (80 unique)   	 Time: 13.496205806732178[0m
2025-09-22 03:12:51,599 - Analysis - INFO - [1mGeneration number 230 	 Code coverage: 99.43% (174/175) 	 Branch coverage: 100.00% (14/14) 	 Transactions: 3031 (80 unique)   	 Time: 13.599286556243896[0m
2025-09-22 03:12:51,682 - Analysis - INFO - [1mGeneration number 231 	 Code coverage: 99.43% (174/175) 	 Branch coverage: 100.00% (14/14) 	 Transactions: 3047 (80 unique)   	 Time: 13.681852102279663[0m
2025-09-22 03:12:51,780 - Analysis - INFO - [1mGeneration number 232 	 Code coverage: 99.43% (174/175) 	 Branch coverage: 100.00% (14/14) 	 Transactions: 3065 (80 unique)   	 Time: 13.77982234954834[0m
2025-09-22 03:12:51,860 - Analysis - INFO - [1mGeneration number 233 	 Code coverage: 99.43% (174/175) 	 Branch coverage: 100.00% (14/14) 	 Transactions: 3080 (80 unique)   	 Time: 13.860037088394165[0m
2025-09-22 03:12:51,943 - Analysis - INFO - [1mGeneration number 234 	 Code coverage: 99.43% (174/175) 	 Branch coverage: 100.00% (14/14) 	 Transactions: 3095 (80 unique)   	 Time: 13.943392753601074[0m
2025-09-22 03:12:52,003 - Analysis - INFO - [1mGeneration number 235 	 Code coverage: 99.43% (174/175) 	 Branch coverage: 100.00% (14/14) 	 Transactions: 3105 (80 unique)   	 Time: 14.003048658370972[0m
2025-09-22 03:12:52,080 - Analysis - INFO - [1mGeneration number 236 	 Code coverage: 99.43% (174/175) 	 Branch coverage: 100.00% (14/14) 	 Transactions: 3119 (81 unique)   	 Time: 14.080004692077637[0m
2025-09-22 03:12:52,158 - Analysis - INFO - [1mGeneration number 237 	 Code coverage: 99.43% (174/175) 	 Branch coverage: 100.00% (14/14) 	 Transactions: 3133 (81 unique)   	 Time: 14.158127069473267[0m
2025-09-22 03:12:52,192 - Analysis - INFO - [1mGeneration number 238 	 Code coverage: 99.43% (174/175) 	 Branch coverage: 100.00% (14/14) 	 Transactions: 3142 (81 unique)   	 Time: 14.192485809326172[0m
2025-09-22 03:12:52,220 - Analysis - INFO - [1mGeneration number 239 	 Code coverage: 99.43% (174/175) 	 Branch coverage: 100.00% (14/14) 	 Transactions: 3148 (81 unique)   	 Time: 14.21983003616333[0m
2025-09-22 03:12:52,273 - Analysis - INFO - [1mGeneration number 240 	 Code coverage: 99.43% (174/175) 	 Branch coverage: 100.00% (14/14) 	 Transactions: 3161 (81 unique)   	 Time: 14.27281928062439[0m
2025-09-22 03:12:52,353 - Analysis - INFO - [1mGeneration number 241 	 Code coverage: 99.43% (174/175) 	 Branch coverage: 100.00% (14/14) 	 Transactions: 3180 (81 unique)   	 Time: 14.353107213973999[0m
2025-09-22 03:12:52,416 - Analysis - INFO - [1mGeneration number 242 	 Code coverage: 99.43% (174/175) 	 Branch coverage: 100.00% (14/14) 	 Transactions: 3196 (81 unique)   	 Time: 14.416162014007568[0m
2025-09-22 03:12:52,454 - Analysis - INFO - [1mGeneration number 243 	 Code coverage: 99.43% (174/175) 	 Branch coverage: 100.00% (14/14) 	 Transactions: 3205 (81 unique)   	 Time: 14.454288482666016[0m
2025-09-22 03:12:52,560 - Analysis - INFO - [1mGeneration number 244 	 Code coverage: 99.43% (174/175) 	 Branch coverage: 100.00% (14/14) 	 Transactions: 3232 (81 unique)   	 Time: 14.560330629348755[0m
2025-09-22 03:12:52,647 - Analysis - INFO - [1mGeneration number 245 	 Code coverage: 99.43% (174/175) 	 Branch coverage: 100.00% (14/14) 	 Transactions: 3254 (81 unique)   	 Time: 14.64751935005188[0m
2025-09-22 03:12:52,722 - Analysis - INFO - [1mGeneration number 246 	 Code coverage: 99.43% (174/175) 	 Branch coverage: 100.00% (14/14) 	 Transactions: 3272 (81 unique)   	 Time: 14.721909046173096[0m
2025-09-22 03:12:52,796 - Analysis - INFO - [1mGeneration number 247 	 Code coverage: 99.43% (174/175) 	 Branch coverage: 100.00% (14/14) 	 Transactions: 3290 (81 unique)   	 Time: 14.795804738998413[0m
2025-09-22 03:12:52,828 - Analysis - INFO - [1mGeneration number 248 	 Code coverage: 99.43% (174/175) 	 Branch coverage: 100.00% (14/14) 	 Transactions: 3299 (81 unique)   	 Time: 14.828131198883057[0m
2025-09-22 03:12:52,848 - Analysis - INFO - [1mGeneration number 249 	 Code coverage: 99.43% (174/175) 	 Branch coverage: 100.00% (14/14) 	 Transactions: 3303 (81 unique)   	 Time: 14.84867525100708[0m
2025-09-22 03:12:52,869 - Analysis - INFO - [1mGeneration number 250 	 Code coverage: 99.43% (174/175) 	 Branch coverage: 100.00% (14/14) 	 Transactions: 3307 (81 unique)   	 Time: 14.869158267974854[0m
2025-09-22 03:12:52,896 - Analysis - INFO - [1mGeneration number 251 	 Code coverage: 99.43% (174/175) 	 Branch coverage: 100.00% (14/14) 	 Transactions: 3313 (81 unique)   	 Time: 14.896231174468994[0m
2025-09-22 03:12:52,965 - Analysis - INFO - [1mGeneration number 252 	 Code coverage: 99.43% (174/175) 	 Branch coverage: 100.00% (14/14) 	 Transactions: 3328 (81 unique)   	 Time: 14.964929580688477[0m
2025-09-22 03:12:53,038 - Analysis - INFO - [1mGeneration number 253 	 Code coverage: 99.43% (174/175) 	 Branch coverage: 100.00% (14/14) 	 Transactions: 3343 (81 unique)   	 Time: 15.038345336914062[0m
2025-09-22 03:12:53,038 - Analysis - INFO - [1m-----------------------------------------------------[0m
2025-09-22 03:12:53,038 - Analysis - INFO - Number of generations: 	 253
2025-09-22 03:12:53,038 - Analysis - INFO - Number of transactions: 	 3343 (81 unique)
2025-09-22 03:12:53,038 - Analysis - INFO - Transactions per second: 	 222
2025-09-22 03:12:53,038 - Analysis - INFO - Total code coverage: 	 99.43% (174/175)
2025-09-22 03:12:53,038 - Analysis - INFO - Total branch coverage: 	 100.00% (14/14)
2025-09-22 03:12:53,038 - Analysis - INFO - Total execution time: 	 15.04 seconds
2025-09-22 03:12:53,039 - Analysis - INFO - Total memory consumption: 	 67.33 MB

     ______            ______                _           
    / ____/___  ____  / ____/_  __________  (_)_  _______
   / /   / __ \/ __ \/ /_  / / / /_  /_  / / / / / / ___/
  / /___/ /_/ / / / / __/ / /_/ / / /_/ /_/ / /_/ (__  ) 
  \____/\____/_/ /_/_/    \__,_/ /___/___/_/\__,_/____/  

delteed file
