2025-09-22 03:05:29,569 - Main     - INFO - [1mInitializing seed to 1427655.0[0m
2025-09-22 03:05:29,661 - Fuzzer   - INFO - [1mFuzzing contract [1mMEDELIN[0m[0m
2025-09-22 03:05:29,986 - Analysis - INFO - [1mGeneration number 0 	 Code coverage: 65.60% (1785/2721) 	 Branch coverage: 65.98% (128/194) 	 Transactions: 51 (50 unique)   	 Time: 0.3098280429840088[0m
2025-09-22 03:05:30,421 - Analysis - INFO - [1mGeneration number 1 	 Code coverage: 66.30% (1804/2721) 	 Branch coverage: 68.56% (133/194) 	 Transactions: 116 (78 unique)   	 Time: 0.7445113658905029[0m
2025-09-22 03:05:31,105 - Analysis - INFO - [1mGeneration number 2 	 Code coverage: 67.51% (1837/2721) 	 Branch coverage: 70.10% (136/194) 	 Transactions: 217 (115 unique)   	 Time: 1.4288334846496582[0m
2025-09-22 03:05:32,448 - Analysis - INFO - [1mGeneration number 3 	 Code coverage: 68.91% (1875/2721) 	 Branch coverage: 71.65% (139/194) 	 Transactions: 388 (155 unique)   	 Time: 2.7712419033050537[0m
2025-09-22 03:05:33,757 - Analysis - INFO - [1mGeneration number 4 	 Code coverage: 69.13% (1881/2721) 	 Branch coverage: 72.68% (141/194) 	 Transactions: 574 (196 unique)   	 Time: 4.080682039260864[0m
2025-09-22 03:05:35,255 - Analysis - INFO - [1mGeneration number 5 	 Code coverage: 69.24% (1884/2721) 	 Branch coverage: 73.20% (142/194) 	 Transactions: 773 (237 unique)   	 Time: 5.579096555709839[0m
2025-09-22 03:05:36,870 - Analysis - INFO - [1mGeneration number 6 	 Code coverage: 69.24% (1884/2721) 	 Branch coverage: 73.20% (142/194) 	 Transactions: 977 (280 unique)   	 Time: 7.1935715675354[0m
2025-09-22 03:05:38,811 - Analysis - INFO - [1mGeneration number 7 	 Code coverage: 79.71% (2169/2721) 	 Branch coverage: 78.87% (153/194) 	 Transactions: 1190 (324 unique)   	 Time: 9.13473629951477[0m
2025-09-22 03:05:40,280 - Detector - INFO - [1m[31m-----------------------------------------------------[0m
2025-09-22 03:05:40,280 - Detector - INFO - [1m[31m          !!! Integer overflow detected !!!          [0m
2025-09-22 03:05:40,280 - Detector - INFO - [1m[31m-----------------------------------------------------[0m
2025-09-22 03:05:40,280 - Detector - INFO - [1m[31mSWC-ID:   101[0m
2025-09-22 03:05:40,280 - Detector - INFO - [1m[31mSeverity: High[0m
2025-09-22 03:05:40,280 - Detector - INFO - [1m[31m-----------------------------------------------------[0m
2025-09-22 03:05:40,280 - Detector - INFO - [1m[31mSource code line:[0m
2025-09-22 03:05:40,280 - Detector - INFO - [1m[31m-----------------------------------------------------[0m
2025-09-22 03:05:40,280 - Detector - INFO - [1m[31m/sb/0x0c4f0652d08951982d38f21e8deca798836a1597.sol:42:1[0m
2025-09-22 03:05:40,280 - Detector - INFO - [1m[31ma + b[0m
2025-09-22 03:05:40,280 - Detector - INFO - [1m[31m-----------------------------------------------------[0m
2025-09-22 03:05:40,280 - Detector - INFO - [1m[31mTransaction sequence:[0m
2025-09-22 03:05:40,280 - Detector - INFO - [1m[31m-----------------------------------------------------[0m
2025-09-22 03:05:40,280 - Detector - INFO - [1m[31mTransaction 1 - adminClaimAirdropMultiple(address[],uint256):[0m
2025-09-22 03:05:40,280 - Detector - INFO - [1m[31m-----------------------------------------------------[0m
2025-09-22 03:05:40,280 - Detector - INFO - [1m[31mFrom:      0xcafebabecafebabecafebabecafebabecafebabe[0m
2025-09-22 03:05:40,280 - Detector - INFO - [1m[31mTo:        0x2c5e8a3b3aad9df32339409534e64dfcabcd3a65[0m
2025-09-22 03:05:40,280 - Detector - INFO - [1m[31mValue:     0 Wei[0m
2025-09-22 03:05:40,280 - Detector - INFO - [1m[31mGas Limit: 4500000[0m
2025-09-22 03:05:40,280 - Detector - INFO - [1m[31mInput:     0x67220fd700000000000000000000000000000000[0m
2025-09-22 03:05:40,280 - Detector - INFO - [1m[31m           000000000000000000000000000000400000000000[0m
2025-09-22 03:05:40,280 - Detector - INFO - [1m[31m           000000000000000000000000000000000000000000[0m
2025-09-22 03:05:40,280 - Detector - INFO - [1m[31m           000000000001000000000000000000000000000000[0m
2025-09-22 03:05:40,281 - Detector - INFO - [1m[31m           000000000000000000000000000000000100000000[0m
2025-09-22 03:05:40,281 - Detector - INFO - [1m[31m           0000000000000000cafebabecafebabecafebabeca[0m
2025-09-22 03:05:40,281 - Detector - INFO - [1m[31m           febabecafebabe[0m
2025-09-22 03:05:40,281 - Detector - INFO - [1m[31m-----------------------------------------------------[0m
2025-09-22 03:05:40,281 - Detector - INFO - [1m[31mTransaction 2 - totalDistributed():[0m
2025-09-22 03:05:40,281 - Detector - INFO - [1m[31m-----------------------------------------------------[0m
2025-09-22 03:05:40,281 - Detector - INFO - [1m[31mFrom:      0xcafebabecafebabecafebabecafebabecafebabe[0m
2025-09-22 03:05:40,281 - Detector - INFO - [1m[31mTo:        0x2c5e8a3b3aad9df32339409534e64dfcabcd3a65[0m
2025-09-22 03:05:40,281 - Detector - INFO - [1m[31mValue:     0 Wei[0m
2025-09-22 03:05:40,281 - Detector - INFO - [1m[31mGas Limit: 4500000[0m
2025-09-22 03:05:40,281 - Detector - INFO - [1m[31mInput:     0xefca2eed[0m
2025-09-22 03:05:40,281 - Detector - INFO - [1m[31m-----------------------------------------------------[0m
2025-09-22 03:05:40,281 - Detector - INFO - [1m[31mTransaction 3 - LEGEND():[0m
2025-09-22 03:05:40,281 - Detector - INFO - [1m[31m-----------------------------------------------------[0m
2025-09-22 03:05:40,281 - Detector - INFO - [1m[31mFrom:      0xdeadbeefdeadbeefdeadbeefdeadbeefdeadbeef[0m
2025-09-22 03:05:40,281 - Detector - INFO - [1m[31mTo:        0x2c5e8a3b3aad9df32339409534e64dfcabcd3a65[0m
2025-09-22 03:05:40,281 - Detector - INFO - [1m[31mValue:     0 Wei[0m
2025-09-22 03:05:40,281 - Detector - INFO - [1m[31mGas Limit: 4500000[0m
2025-09-22 03:05:40,281 - Detector - INFO - [1m[31mInput:     0x303f5f51[0m
2025-09-22 03:05:40,281 - Detector - INFO - [1m[31m-----------------------------------------------------[0m
2025-09-22 03:05:40,281 - Detector - INFO - [1m[31mTransaction 4 - adminClaimAirdrop(address,uint256):[0m
2025-09-22 03:05:40,281 - Detector - INFO - [1m[31m-----------------------------------------------------[0m
2025-09-22 03:05:40,281 - Detector - INFO - [1m[31mFrom:      0xdeadbeefdeadbeefdeadbeefdeadbeefdeadbeef[0m
2025-09-22 03:05:40,281 - Detector - INFO - [1m[31mTo:        0x2c5e8a3b3aad9df32339409534e64dfcabcd3a65[0m
2025-09-22 03:05:40,281 - Detector - INFO - [1m[31mValue:     0 Wei[0m
2025-09-22 03:05:40,281 - Detector - INFO - [1m[31mGas Limit: 4500000[0m
2025-09-22 03:05:40,281 - Detector - INFO - [1m[31mInput:     0x4a63464d000000000000000000000000deadbeef[0m
2025-09-22 03:05:40,281 - Detector - INFO - [1m[31m           deadbeefdeadbeefdeadbeefdeadbeefffffffffff[0m
2025-09-22 03:05:40,281 - Detector - INFO - [1m[31m           ffffffffffffffffffffffffffffffffffffffffff[0m
2025-09-22 03:05:40,281 - Detector - INFO - [1m[31m           ffffffffffff[0m
2025-09-22 03:05:40,281 - Detector - INFO - [1m[31m-----------------------------------------------------[0m
2025-09-22 03:05:40,283 - Detector - INFO - [1m[33m-----------------------------------------------------[0m
2025-09-22 03:05:40,283 - Detector - INFO - [1m[33m          !!! Assertion failure detected !!!         [0m
2025-09-22 03:05:40,283 - Detector - INFO - [1m[33m-----------------------------------------------------[0m
2025-09-22 03:05:40,283 - Detector - INFO - [1m[33mSWC-ID:   110[0m
2025-09-22 03:05:40,283 - Detector - INFO - [1m[33mSeverity: Medium[0m
2025-09-22 03:05:40,283 - Detector - INFO - [1m[33m-----------------------------------------------------[0m
2025-09-22 03:05:40,283 - Detector - INFO - [1m[33mSource code line:[0m
2025-09-22 03:05:40,283 - Detector - INFO - [1m[33m-----------------------------------------------------[0m
2025-09-22 03:05:40,283 - Detector - INFO - [1m[33m/sb/0x0c4f0652d08951982d38f21e8deca798836a1597.sol:43:1[0m
2025-09-22 03:05:40,283 - Detector - INFO - [1m[33massert(c >= a)[0m
2025-09-22 03:05:40,283 - Detector - INFO - [1m[33m-----------------------------------------------------[0m
2025-09-22 03:05:40,283 - Detector - INFO - [1m[33mTransaction sequence:[0m
2025-09-22 03:05:40,283 - Detector - INFO - [1m[33m-----------------------------------------------------[0m
2025-09-22 03:05:40,283 - Detector - INFO - [1m[33mTransaction 1 - adminClaimAirdropMultiple(address[],uint256):[0m
2025-09-22 03:05:40,283 - Detector - INFO - [1m[33m-----------------------------------------------------[0m
2025-09-22 03:05:40,283 - Detector - INFO - [1m[33mFrom:      0xcafebabecafebabecafebabecafebabecafebabe[0m
2025-09-22 03:05:40,283 - Detector - INFO - [1m[33mTo:        0x2c5e8a3b3aad9df32339409534e64dfcabcd3a65[0m
2025-09-22 03:05:40,283 - Detector - INFO - [1m[33mValue:     0 Wei[0m
2025-09-22 03:05:40,283 - Detector - INFO - [1m[33mGas Limit: 4500000[0m
2025-09-22 03:05:40,283 - Detector - INFO - [1m[33mInput:     0x67220fd700000000000000000000000000000000[0m
2025-09-22 03:05:40,283 - Detector - INFO - [1m[33m           000000000000000000000000000000400000000000[0m
2025-09-22 03:05:40,283 - Detector - INFO - [1m[33m           000000000000000000000000000000000000000000[0m
2025-09-22 03:05:40,283 - Detector - INFO - [1m[33m           000000000001000000000000000000000000000000[0m
2025-09-22 03:05:40,283 - Detector - INFO - [1m[33m           000000000000000000000000000000000100000000[0m
2025-09-22 03:05:40,283 - Detector - INFO - [1m[33m           0000000000000000cafebabecafebabecafebabeca[0m
2025-09-22 03:05:40,283 - Detector - INFO - [1m[33m           febabecafebabe[0m
2025-09-22 03:05:40,283 - Detector - INFO - [1m[33m-----------------------------------------------------[0m
2025-09-22 03:05:40,283 - Detector - INFO - [1m[33mTransaction 2 - totalDistributed():[0m
2025-09-22 03:05:40,283 - Detector - INFO - [1m[33m-----------------------------------------------------[0m
2025-09-22 03:05:40,283 - Detector - INFO - [1m[33mFrom:      0xcafebabecafebabecafebabecafebabecafebabe[0m
2025-09-22 03:05:40,283 - Detector - INFO - [1m[33mTo:        0x2c5e8a3b3aad9df32339409534e64dfcabcd3a65[0m
2025-09-22 03:05:40,283 - Detector - INFO - [1m[33mValue:     0 Wei[0m
2025-09-22 03:05:40,283 - Detector - INFO - [1m[33mGas Limit: 4500000[0m
2025-09-22 03:05:40,284 - Detector - INFO - [1m[33mInput:     0xefca2eed[0m
2025-09-22 03:05:40,284 - Detector - INFO - [1m[33m-----------------------------------------------------[0m
2025-09-22 03:05:40,284 - Detector - INFO - [1m[33mTransaction 3 - LEGEND():[0m
2025-09-22 03:05:40,284 - Detector - INFO - [1m[33m-----------------------------------------------------[0m
2025-09-22 03:05:40,284 - Detector - INFO - [1m[33mFrom:      0xdeadbeefdeadbeefdeadbeefdeadbeefdeadbeef[0m
2025-09-22 03:05:40,284 - Detector - INFO - [1m[33mTo:        0x2c5e8a3b3aad9df32339409534e64dfcabcd3a65[0m
2025-09-22 03:05:40,284 - Detector - INFO - [1m[33mValue:     0 Wei[0m
2025-09-22 03:05:40,284 - Detector - INFO - [1m[33mGas Limit: 4500000[0m
2025-09-22 03:05:40,284 - Detector - INFO - [1m[33mInput:     0x303f5f51[0m
2025-09-22 03:05:40,284 - Detector - INFO - [1m[33m-----------------------------------------------------[0m
2025-09-22 03:05:40,284 - Detector - INFO - [1m[33mTransaction 4 - adminClaimAirdrop(address,uint256):[0m
2025-09-22 03:05:40,284 - Detector - INFO - [1m[33m-----------------------------------------------------[0m
2025-09-22 03:05:40,284 - Detector - INFO - [1m[33mFrom:      0xdeadbeefdeadbeefdeadbeefdeadbeefdeadbeef[0m
2025-09-22 03:05:40,284 - Detector - INFO - [1m[33mTo:        0x2c5e8a3b3aad9df32339409534e64dfcabcd3a65[0m
2025-09-22 03:05:40,284 - Detector - INFO - [1m[33mValue:     0 Wei[0m
2025-09-22 03:05:40,284 - Detector - INFO - [1m[33mGas Limit: 4500000[0m
2025-09-22 03:05:40,284 - Detector - INFO - [1m[33mInput:     0x4a63464d000000000000000000000000deadbeef[0m
2025-09-22 03:05:40,284 - Detector - INFO - [1m[33m           deadbeefdeadbeefdeadbeefdeadbeefffffffffff[0m
2025-09-22 03:05:40,284 - Detector - INFO - [1m[33m           ffffffffffffffffffffffffffffffffffffffffff[0m
2025-09-22 03:05:40,284 - Detector - INFO - [1m[33m           ffffffffffff[0m
2025-09-22 03:05:40,284 - Detector - INFO - [1m[33m-----------------------------------------------------[0m
2025-09-22 03:05:41,146 - Analysis - INFO - [1mGeneration number 8 	 Code coverage: 79.75% (2170/2721) 	 Branch coverage: 79.38% (154/194) 	 Transactions: 1408 (372 unique)   	 Time: 11.46933650970459[0m
2025-09-22 03:05:43,495 - Analysis - INFO - [1mGeneration number 9 	 Code coverage: 79.75% (2170/2721) 	 Branch coverage: 79.38% (154/194) 	 Transactions: 1628 (418 unique)   	 Time: 13.818596124649048[0m
2025-09-22 03:05:46,349 - Analysis - INFO - [1mGeneration number 10 	 Code coverage: 79.75% (2170/2721) 	 Branch coverage: 79.38% (154/194) 	 Transactions: 1848 (463 unique)   	 Time: 16.672345876693726[0m
2025-09-22 03:05:46,866 - Analysis - INFO - [1m-----------------------------------------------------[0m
2025-09-22 03:05:46,866 - Analysis - INFO - Number of generations: 	 10
2025-09-22 03:05:46,866 - Analysis - INFO - Number of transactions: 	 1848 (463 unique)
2025-09-22 03:05:46,866 - Analysis - INFO - Transactions per second: 	 108
2025-09-22 03:05:46,866 - Analysis - INFO - Total code coverage: 	 79.75% (2170/2721)
2025-09-22 03:05:46,866 - Analysis - INFO - Total branch coverage: 	 79.38% (154/194)
2025-09-22 03:05:46,866 - Analysis - INFO - Total execution time: 	 17.19 seconds
2025-09-22 03:05:46,866 - Analysis - INFO - Total memory consumption: 	 94.04 MB

     ______            ______                _           
    / ____/___  ____  / ____/_  __________  (_)_  _______
   / /   / __ \/ __ \/ /_  / / / /_  /_  / / / / / / ___/
  / /___/ /_/ / / / / __/ / /_/ / / /_/ /_/ / /_/ (__  ) 
  \____/\____/_/ /_/_/    \__,_/ /___/___/_/\__,_/____/  

delteed file
