2025-09-22 02:42:06,370 - Main     - INFO - [1mInitializing seed to 1427655.0[0m
2025-09-22 02:42:06,478 - Fuzzer   - INFO - [1mFuzzing contract [1mBasicToken[0m[0m
2025-09-22 02:42:06,508 - Detector - INFO - [1m[33m-----------------------------------------------------[0m
2025-09-22 02:42:06,508 - Detector - INFO - [1m[33m          !!! Assertion failure detected !!!         [0m
2025-09-22 02:42:06,508 - Detector - INFO - [1m[33m-----------------------------------------------------[0m
2025-09-22 02:42:06,508 - Detector - INFO - [1m[33mSWC-ID:   110[0m
2025-09-22 02:42:06,509 - Detector - INFO - [1m[33mSeverity: Medium[0m
2025-09-22 02:42:06,509 - Detector - INFO - [1m[33m-----------------------------------------------------[0m
2025-09-22 02:42:06,509 - Detector - INFO - [1m[33mSource code line:[0m
2025-09-22 02:42:06,509 - Detector - INFO - [1m[33m-----------------------------------------------------[0m
2025-09-22 02:42:06,509 - Detector - INFO - [1m[33m/sb/0x823dcd364a0b3f2519751214ca1bcaa093826b90.sol:24:1[0m
2025-09-22 02:42:06,509 - Detector - INFO - [1m[33massert(b <= a)[0m
2025-09-22 02:42:06,509 - Detector - INFO - [1m[33m-----------------------------------------------------[0m
2025-09-22 02:42:06,509 - Detector - INFO - [1m[33mTransaction sequence:[0m
2025-09-22 02:42:06,509 - Detector - INFO - [1m[33m-----------------------------------------------------[0m
2025-09-22 02:42:06,509 - Detector - INFO - [1m[33mTransaction - transfer(address,uint256):[0m
2025-09-22 02:42:06,509 - Detector - INFO - [1m[33m-----------------------------------------------------[0m
2025-09-22 02:42:06,509 - Detector - INFO - [1m[33mFrom:      0xdeadbeefdeadbeefdeadbeefdeadbeefdeadbeef[0m
2025-09-22 02:42:06,509 - Detector - INFO - [1m[33mTo:        0x2c5e8a3b3aad9df32339409534e64dfcabcd3a65[0m
2025-09-22 02:42:06,509 - Detector - INFO - [1m[33mValue:     0 Wei[0m
2025-09-22 02:42:06,509 - Detector - INFO - [1m[33mGas Limit: 4500000[0m
2025-09-22 02:42:06,509 - Detector - INFO - [1m[33mInput:     0xa9059cbb000000000000000000000000cafebabe[0m
2025-09-22 02:42:06,509 - Detector - INFO - [1m[33m           cafebabecafebabecafebabecafebabe6d6e924e32[0m
2025-09-22 02:42:06,509 - Detector - INFO - [1m[33m           009489ade9696412026587d9b76a6a603c0945fe0b[0m
2025-09-22 02:42:06,509 - Detector - INFO - [1m[33m           f0724eaafef4[0m
2025-09-22 02:42:06,509 - Detector - INFO - [1m[33m-----------------------------------------------------[0m
2025-09-22 02:42:06,513 - Analysis - INFO - [1mGeneration number 0 	 Code coverage: 55.56% (160/288) 	 Branch coverage: 75.00% (15/20) 	 Transactions: 9 (8 unique)   	 Time: 0.028676748275756836[0m
2025-09-22 02:42:06,550 - Analysis - INFO - [1mGeneration number 1 	 Code coverage: 98.26% (283/288) 	 Branch coverage: 85.00% (17/20) 	 Transactions: 16 (11 unique)   	 Time: 0.06564879417419434[0m
2025-09-22 02:42:06,586 - Analysis - INFO - [1mGeneration number 2 	 Code coverage: 98.26% (283/288) 	 Branch coverage: 85.00% (17/20) 	 Transactions: 25 (17 unique)   	 Time: 0.10141730308532715[0m
2025-09-22 02:42:06,661 - Analysis - INFO - [1mGeneration number 3 	 Code coverage: 98.26% (283/288) 	 Branch coverage: 85.00% (17/20) 	 Transactions: 39 (23 unique)   	 Time: 0.1766963005065918[0m
2025-09-22 02:42:06,796 - Analysis - INFO - [1mGeneration number 4 	 Code coverage: 99.31% (286/288) 	 Branch coverage: 90.00% (18/20) 	 Transactions: 63 (30 unique)   	 Time: 0.3117640018463135[0m
2025-09-22 02:42:06,955 - Analysis - INFO - [1mGeneration number 5 	 Code coverage: 99.31% (286/288) 	 Branch coverage: 90.00% (18/20) 	 Transactions: 94 (37 unique)   	 Time: 0.4712486267089844[0m
2025-09-22 02:42:07,160 - Analysis - INFO - [1mGeneration number 6 	 Code coverage: 99.31% (286/288) 	 Branch coverage: 90.00% (18/20) 	 Transactions: 129 (45 unique)   	 Time: 0.6756019592285156[0m
2025-09-22 02:42:07,326 - Analysis - INFO - [1mGeneration number 7 	 Code coverage: 99.31% (286/288) 	 Branch coverage: 90.00% (18/20) 	 Transactions: 165 (52 unique)   	 Time: 0.8420491218566895[0m
2025-09-22 02:42:07,506 - Analysis - INFO - [1mGeneration number 8 	 Code coverage: 99.31% (286/288) 	 Branch coverage: 90.00% (18/20) 	 Transactions: 202 (60 unique)   	 Time: 1.0219941139221191[0m
2025-09-22 02:42:07,687 - Analysis - INFO - [1mGeneration number 9 	 Code coverage: 99.31% (286/288) 	 Branch coverage: 90.00% (18/20) 	 Transactions: 239 (68 unique)   	 Time: 1.2024054527282715[0m
2025-09-22 02:42:07,871 - Analysis - INFO - [1mGeneration number 10 	 Code coverage: 99.31% (286/288) 	 Branch coverage: 90.00% (18/20) 	 Transactions: 276 (76 unique)   	 Time: 1.3864068984985352[0m
2025-09-22 02:42:07,880 - Analysis - INFO - [1m-----------------------------------------------------[0m
2025-09-22 02:42:07,880 - Analysis - INFO - Number of generations: 	 10
2025-09-22 02:42:07,880 - Analysis - INFO - Number of transactions: 	 276 (76 unique)
2025-09-22 02:42:07,880 - Analysis - INFO - Transactions per second: 	 198
2025-09-22 02:42:07,881 - Analysis - INFO - Total code coverage: 	 99.31% (286/288)
2025-09-22 02:42:07,881 - Analysis - INFO - Total branch coverage: 	 90.00% (18/20)
2025-09-22 02:42:07,881 - Analysis - INFO - Total execution time: 	 1.40 seconds
2025-09-22 02:42:07,881 - Analysis - INFO - Total memory consumption: 	 66.39 MB
2025-09-22 02:42:07,882 - Fuzzer   - INFO - [1mFuzzing contract [1mBurnableToken[0m[0m
2025-09-22 02:42:07,895 - Detector - INFO - [1m[33m-----------------------------------------------------[0m
2025-09-22 02:42:07,895 - Detector - INFO - [1m[33m          !!! Assertion failure detected !!!         [0m
2025-09-22 02:42:07,895 - Detector - INFO - [1m[33m-----------------------------------------------------[0m
2025-09-22 02:42:07,895 - Detector - INFO - [1m[33mSWC-ID:   110[0m
2025-09-22 02:42:07,895 - Detector - INFO - [1m[33mSeverity: Medium[0m
2025-09-22 02:42:07,895 - Detector - INFO - [1m[33m-----------------------------------------------------[0m
2025-09-22 02:42:07,895 - Detector - INFO - [1m[33mSource code line:[0m
2025-09-22 02:42:07,895 - Detector - INFO - [1m[33m-----------------------------------------------------[0m
2025-09-22 02:42:07,895 - Detector - INFO - [1m[33m/sb/0x823dcd364a0b3f2519751214ca1bcaa093826b90.sol:24:1[0m
2025-09-22 02:42:07,895 - Detector - INFO - [1m[33massert(b <= a)[0m
2025-09-22 02:42:07,895 - Detector - INFO - [1m[33m-----------------------------------------------------[0m
2025-09-22 02:42:07,895 - Detector - INFO - [1m[33mTransaction sequence:[0m
2025-09-22 02:42:07,895 - Detector - INFO - [1m[33m-----------------------------------------------------[0m
2025-09-22 02:42:07,895 - Detector - INFO - [1m[33mTransaction - transferFrom(address,address,uint256):[0m
2025-09-22 02:42:07,895 - Detector - INFO - [1m[33m-----------------------------------------------------[0m
2025-09-22 02:42:07,895 - Detector - INFO - [1m[33mFrom:      0xdeadbeefdeadbeefdeadbeefdeadbeefdeadbeef[0m
2025-09-22 02:42:07,895 - Detector - INFO - [1m[33mTo:        0x2c5e8a3b3aad9df32339409534e64dfcabcd3a65[0m
2025-09-22 02:42:07,895 - Detector - INFO - [1m[33mValue:     0 Wei[0m
2025-09-22 02:42:07,895 - Detector - INFO - [1m[33mGas Limit: 4500000[0m
2025-09-22 02:42:07,895 - Detector - INFO - [1m[33mInput:     0x23b872dd000000000000000000000000deadbeef[0m
2025-09-22 02:42:07,895 - Detector - INFO - [1m[33m           deadbeefdeadbeefdeadbeefdeadbeef0000000000[0m
2025-09-22 02:42:07,896 - Detector - INFO - [1m[33m           00000000000000cafebabecafebabecafebabecafe[0m
2025-09-22 02:42:07,896 - Detector - INFO - [1m[33m           babecafebabe16645867dba6b703080f2a32fae3b8[0m
2025-09-22 02:42:07,896 - Detector - INFO - [1m[33m           584f0c51b2a1de5a3b08ab5697f249c9fb[0m
2025-09-22 02:42:07,896 - Detector - INFO - [1m[33m-----------------------------------------------------[0m
2025-09-22 02:42:07,990 - Analysis - INFO - [1mGeneration number 0 	 Code coverage: 68.93% (801/1162) 	 Branch coverage: 86.54% (45/52) 	 Transactions: 21 (20 unique)   	 Time: 0.10152339935302734[0m
2025-09-22 02:42:08,151 - Analysis - INFO - [1mGeneration number 1 	 Code coverage: 80.81% (939/1162) 	 Branch coverage: 88.46% (46/52) 	 Transactions: 46 (35 unique)   	 Time: 0.2632012367248535[0m
2025-09-22 02:42:08,536 - Analysis - INFO - [1mGeneration number 2 	 Code coverage: 80.81% (939/1162) 	 Branch coverage: 88.46% (46/52) 	 Transactions: 105 (55 unique)   	 Time: 0.6481726169586182[0m
2025-09-22 02:42:09,029 - Analysis - INFO - [1mGeneration number 3 	 Code coverage: 84.34% (980/1162) 	 Branch coverage: 92.31% (48/52) 	 Transactions: 167 (74 unique)   	 Time: 1.1411244869232178[0m
2025-09-22 02:42:09,499 - Analysis - INFO - [1mGeneration number 4 	 Code coverage: 84.34% (980/1162) 	 Branch coverage: 92.31% (48/52) 	 Transactions: 232 (93 unique)   	 Time: 1.6114540100097656[0m
2025-09-22 02:42:10,016 - Analysis - INFO - [1mGeneration number 5 	 Code coverage: 84.34% (980/1162) 	 Branch coverage: 92.31% (48/52) 	 Transactions: 300 (113 unique)   	 Time: 2.1278817653656006[0m
2025-09-22 02:42:10,452 - Analysis - INFO - [1mGeneration number 6 	 Code coverage: 84.34% (980/1162) 	 Branch coverage: 92.31% (48/52) 	 Transactions: 371 (133 unique)   	 Time: 2.5644915103912354[0m
2025-09-22 02:42:10,951 - Analysis - INFO - [1mGeneration number 7 	 Code coverage: 84.34% (980/1162) 	 Branch coverage: 92.31% (48/52) 	 Transactions: 444 (153 unique)   	 Time: 3.0630383491516113[0m
2025-09-22 02:42:11,438 - Analysis - INFO - [1mGeneration number 8 	 Code coverage: 84.34% (980/1162) 	 Branch coverage: 92.31% (48/52) 	 Transactions: 518 (173 unique)   	 Time: 3.55023193359375[0m
2025-09-22 02:42:11,952 - Analysis - INFO - [1mGeneration number 9 	 Code coverage: 84.34% (980/1162) 	 Branch coverage: 92.31% (48/52) 	 Transactions: 591 (193 unique)   	 Time: 4.064505577087402[0m
2025-09-22 02:42:12,475 - Analysis - INFO - [1mGeneration number 10 	 Code coverage: 84.34% (980/1162) 	 Branch coverage: 92.31% (48/52) 	 Transactions: 666 (213 unique)   	 Time: 4.586768627166748[0m
2025-09-22 02:42:12,514 - Analysis - INFO - [1m-----------------------------------------------------[0m
2025-09-22 02:42:12,514 - Analysis - INFO - Number of generations: 	 10
2025-09-22 02:42:12,515 - Analysis - INFO - Number of transactions: 	 666 (213 unique)
2025-09-22 02:42:12,515 - Analysis - INFO - Transactions per second: 	 144
2025-09-22 02:42:12,515 - Analysis - INFO - Total code coverage: 	 84.34% (980/1162)
2025-09-22 02:42:12,515 - Analysis - INFO - Total branch coverage: 	 92.31% (48/52)
2025-09-22 02:42:12,515 - Analysis - INFO - Total execution time: 	 4.63 seconds
2025-09-22 02:42:12,515 - Analysis - INFO - Total memory consumption: 	 70.43 MB
2025-09-22 02:42:12,517 - Fuzzer   - INFO - [1mFuzzing contract [1mINTARO[0m[0m
2025-09-22 02:42:12,532 - Detector - INFO - [1m[33m-----------------------------------------------------[0m
2025-09-22 02:42:12,532 - Detector - INFO - [1m[33m          !!! Assertion failure detected !!!         [0m
2025-09-22 02:42:12,532 - Detector - INFO - [1m[33m-----------------------------------------------------[0m
2025-09-22 02:42:12,532 - Detector - INFO - [1m[33mSWC-ID:   110[0m
2025-09-22 02:42:12,533 - Detector - INFO - [1m[33mSeverity: Medium[0m
2025-09-22 02:42:12,533 - Detector - INFO - [1m[33m-----------------------------------------------------[0m
2025-09-22 02:42:12,533 - Detector - INFO - [1m[33mSource code line:[0m
2025-09-22 02:42:12,533 - Detector - INFO - [1m[33m-----------------------------------------------------[0m
2025-09-22 02:42:12,533 - Detector - INFO - [1m[33m/sb/0x823dcd364a0b3f2519751214ca1bcaa093826b90.sol:24:1[0m
2025-09-22 02:42:12,533 - Detector - INFO - [1m[33massert(b <= a)[0m
2025-09-22 02:42:12,533 - Detector - INFO - [1m[33m-----------------------------------------------------[0m
2025-09-22 02:42:12,533 - Detector - INFO - [1m[33mTransaction sequence:[0m
2025-09-22 02:42:12,533 - Detector - INFO - [1m[33m-----------------------------------------------------[0m
2025-09-22 02:42:12,533 - Detector - INFO - [1m[33mTransaction - transferFrom(address,address,uint256):[0m
2025-09-22 02:42:12,533 - Detector - INFO - [1m[33m-----------------------------------------------------[0m
2025-09-22 02:42:12,533 - Detector - INFO - [1m[33mFrom:      0xdeadbeefdeadbeefdeadbeefdeadbeefdeadbeef[0m
2025-09-22 02:42:12,533 - Detector - INFO - [1m[33mTo:        0x2c5e8a3b3aad9df32339409534e64dfcabcd3a65[0m
2025-09-22 02:42:12,533 - Detector - INFO - [1m[33mValue:     0 Wei[0m
2025-09-22 02:42:12,533 - Detector - INFO - [1m[33mGas Limit: 4500000[0m
2025-09-22 02:42:12,533 - Detector - INFO - [1m[33mInput:     0x23b872dd000000000000000000000000deadbeef[0m
2025-09-22 02:42:12,533 - Detector - INFO - [1m[33m           deadbeefdeadbeefdeadbeefdeadbeef0000000000[0m
2025-09-22 02:42:12,533 - Detector - INFO - [1m[33m           00000000000000cafebabecafebabecafebabecafe[0m
2025-09-22 02:42:12,533 - Detector - INFO - [1m[33m           babecafebabeae6c6630ddc1303730158933734a36[0m
2025-09-22 02:42:12,533 - Detector - INFO - [1m[33m           ced7edecd5ff3e2911e62b9b40410358ba[0m
2025-09-22 02:42:12,533 - Detector - INFO - [1m[33m-----------------------------------------------------[0m
2025-09-22 02:42:12,695 - Analysis - INFO - [1mGeneration number 0 	 Code coverage: 76.30% (1175/1540) 	 Branch coverage: 88.10% (74/84) 	 Transactions: 33 (32 unique)   	 Time: 0.17086577415466309[0m
2025-09-22 02:42:12,910 - Analysis - INFO - [1mGeneration number 1 	 Code coverage: 76.30% (1175/1540) 	 Branch coverage: 88.10% (74/84) 	 Transactions: 71 (50 unique)   	 Time: 0.3859283924102783[0m
2025-09-22 02:42:13,441 - Analysis - INFO - [1mGeneration number 2 	 Code coverage: 88.12% (1357/1540) 	 Branch coverage: 92.86% (78/84) 	 Transactions: 128 (71 unique)   	 Time: 0.9168987274169922[0m
2025-09-22 02:42:14,179 - Detector - INFO - [1m[31m-----------------------------------------------------[0m
2025-09-22 02:42:14,180 - Detector - INFO - [1m[31m          !!! Integer overflow detected !!!          [0m
2025-09-22 02:42:14,180 - Detector - INFO - [1m[31m-----------------------------------------------------[0m
2025-09-22 02:42:14,180 - Detector - INFO - [1m[31mSWC-ID:   101[0m
2025-09-22 02:42:14,180 - Detector - INFO - [1m[31mSeverity: High[0m
2025-09-22 02:42:14,180 - Detector - INFO - [1m[31m-----------------------------------------------------[0m
2025-09-22 02:42:14,180 - Detector - INFO - [1m[31mSource code line:[0m
2025-09-22 02:42:14,180 - Detector - INFO - [1m[31m-----------------------------------------------------[0m
2025-09-22 02:42:14,180 - Detector - INFO - [1m[31m/sb/0x823dcd364a0b3f2519751214ca1bcaa093826b90.sol:29:1[0m
2025-09-22 02:42:14,180 - Detector - INFO - [1m[31ma + b[0m
2025-09-22 02:42:14,180 - Detector - INFO - [1m[31m-----------------------------------------------------[0m
2025-09-22 02:42:14,180 - Detector - INFO - [1m[31mTransaction sequence:[0m
2025-09-22 02:42:14,180 - Detector - INFO - [1m[31m-----------------------------------------------------[0m
2025-09-22 02:42:14,180 - Detector - INFO - [1m[31mTransaction 1 - increaseApproval(address,uint256):[0m
2025-09-22 02:42:14,180 - Detector - INFO - [1m[31m-----------------------------------------------------[0m
2025-09-22 02:42:14,180 - Detector - INFO - [1m[31mFrom:      0xdeadbeefdeadbeefdeadbeefdeadbeefdeadbeef[0m
2025-09-22 02:42:14,180 - Detector - INFO - [1m[31mTo:        0x2c5e8a3b3aad9df32339409534e64dfcabcd3a65[0m
2025-09-22 02:42:14,180 - Detector - INFO - [1m[31mValue:     0 Wei[0m
2025-09-22 02:42:14,180 - Detector - INFO - [1m[31mGas Limit: 4500000[0m
2025-09-22 02:42:14,180 - Detector - INFO - [1m[31mInput:     0xd73dd623000000000000000000000000deadbeef[0m
2025-09-22 02:42:14,180 - Detector - INFO - [1m[31m           deadbeefdeadbeefdeadbeefdeadbeefffffffffff[0m
2025-09-22 02:42:14,180 - Detector - INFO - [1m[31m           ffffffffffffffffffffffffffffffffffffffffff[0m
2025-09-22 02:42:14,180 - Detector - INFO - [1m[31m           ffffffffffff[0m
2025-09-22 02:42:14,181 - Detector - INFO - [1m[31m-----------------------------------------------------[0m
2025-09-22 02:42:14,181 - Detector - INFO - [1m[31mTransaction 2 - decreaseApproval(address,uint256):[0m
2025-09-22 02:42:14,181 - Detector - INFO - [1m[31m-----------------------------------------------------[0m
2025-09-22 02:42:14,181 - Detector - INFO - [1m[31mFrom:      0xdeadbeefdeadbeefdeadbeefdeadbeefdeadbeef[0m
2025-09-22 02:42:14,181 - Detector - INFO - [1m[31mTo:        0x2c5e8a3b3aad9df32339409534e64dfcabcd3a65[0m
2025-09-22 02:42:14,181 - Detector - INFO - [1m[31mValue:     0 Wei[0m
2025-09-22 02:42:14,181 - Detector - INFO - [1m[31mGas Limit: 4500000[0m
2025-09-22 02:42:14,181 - Detector - INFO - [1m[31mInput:     0x66188463000000000000000000000000deadbeef[0m
2025-09-22 02:42:14,181 - Detector - INFO - [1m[31m           deadbeefdeadbeefdeadbeefdeadbeef0000000000[0m
2025-09-22 02:42:14,181 - Detector - INFO - [1m[31m           000000000000000000000000000000000000000000[0m
2025-09-22 02:42:14,181 - Detector - INFO - [1m[31m           000000000000[0m
2025-09-22 02:42:14,181 - Detector - INFO - [1m[31m-----------------------------------------------------[0m
2025-09-22 02:42:14,181 - Detector - INFO - [1m[31mTransaction 3 - increaseApproval(address,uint256):[0m
2025-09-22 02:42:14,181 - Detector - INFO - [1m[31m-----------------------------------------------------[0m
2025-09-22 02:42:14,181 - Detector - INFO - [1m[31mFrom:      0xdeadbeefdeadbeefdeadbeefdeadbeefdeadbeef[0m
2025-09-22 02:42:14,181 - Detector - INFO - [1m[31mTo:        0x2c5e8a3b3aad9df32339409534e64dfcabcd3a65[0m
2025-09-22 02:42:14,181 - Detector - INFO - [1m[31mValue:     0 Wei[0m
2025-09-22 02:42:14,181 - Detector - INFO - [1m[31mGas Limit: 4500000[0m
2025-09-22 02:42:14,181 - Detector - INFO - [1m[31mInput:     0xd73dd623000000000000000000000000deadbeef[0m
2025-09-22 02:42:14,181 - Detector - INFO - [1m[31m           deadbeefdeadbeefdeadbeefdeadbeefb32527e095[0m
2025-09-22 02:42:14,181 - Detector - INFO - [1m[31m           07dc2c7f3bff5eda093daf4e8abce27d0da453c113[0m
2025-09-22 02:42:14,181 - Detector - INFO - [1m[31m           5819553baf00[0m
2025-09-22 02:42:14,181 - Detector - INFO - [1m[31m-----------------------------------------------------[0m
2025-09-22 02:42:14,182 - Detector - INFO - [1m[31mTransaction 4 - transferFrom(address,address,uint256):[0m
2025-09-22 02:42:14,182 - Detector - INFO - [1m[31m-----------------------------------------------------[0m
2025-09-22 02:42:14,182 - Detector - INFO - [1m[31mFrom:      0xdeadbeefdeadbeefdeadbeefdeadbeefdeadbeef[0m
2025-09-22 02:42:14,182 - Detector - INFO - [1m[31mTo:        0x2c5e8a3b3aad9df32339409534e64dfcabcd3a65[0m
2025-09-22 02:42:14,182 - Detector - INFO - [1m[31mValue:     0 Wei[0m
2025-09-22 02:42:14,182 - Detector - INFO - [1m[31mGas Limit: 4500000[0m
2025-09-22 02:42:14,182 - Detector - INFO - [1m[31mInput:     0x23b872dd000000000000000000000000deadbeef[0m
2025-09-22 02:42:14,182 - Detector - INFO - [1m[31m           deadbeefdeadbeefdeadbeefdeadbeef0000000000[0m
2025-09-22 02:42:14,182 - Detector - INFO - [1m[31m           00000000000000cafebabecafebabecafebabecafe[0m
2025-09-22 02:42:14,182 - Detector - INFO - [1m[31m           babecafebabe000000000000000000000000000000[0m
2025-09-22 02:42:14,182 - Detector - INFO - [1m[31m           0000000000000000000000000000000000[0m
2025-09-22 02:42:14,182 - Detector - INFO - [1m[31m-----------------------------------------------------[0m
2025-09-22 02:42:14,190 - Detector - INFO - [1m[33m-----------------------------------------------------[0m
2025-09-22 02:42:14,190 - Detector - INFO - [1m[33m          !!! Assertion failure detected !!!         [0m
2025-09-22 02:42:14,190 - Detector - INFO - [1m[33m-----------------------------------------------------[0m
2025-09-22 02:42:14,190 - Detector - INFO - [1m[33mSWC-ID:   110[0m
2025-09-22 02:42:14,190 - Detector - INFO - [1m[33mSeverity: Medium[0m
2025-09-22 02:42:14,190 - Detector - INFO - [1m[33m-----------------------------------------------------[0m
2025-09-22 02:42:14,190 - Detector - INFO - [1m[33mSource code line:[0m
2025-09-22 02:42:14,190 - Detector - INFO - [1m[33m-----------------------------------------------------[0m
2025-09-22 02:42:14,190 - Detector - INFO - [1m[33m/sb/0x823dcd364a0b3f2519751214ca1bcaa093826b90.sol:30:1[0m
2025-09-22 02:42:14,190 - Detector - INFO - [1m[33massert(c >= a)[0m
2025-09-22 02:42:14,190 - Detector - INFO - [1m[33m-----------------------------------------------------[0m
2025-09-22 02:42:14,190 - Detector - INFO - [1m[33mTransaction sequence:[0m
2025-09-22 02:42:14,191 - Detector - INFO - [1m[33m-----------------------------------------------------[0m
2025-09-22 02:42:14,191 - Detector - INFO - [1m[33mTransaction 1 - increaseApproval(address,uint256):[0m
2025-09-22 02:42:14,191 - Detector - INFO - [1m[33m-----------------------------------------------------[0m
2025-09-22 02:42:14,191 - Detector - INFO - [1m[33mFrom:      0xdeadbeefdeadbeefdeadbeefdeadbeefdeadbeef[0m
2025-09-22 02:42:14,191 - Detector - INFO - [1m[33mTo:        0x2c5e8a3b3aad9df32339409534e64dfcabcd3a65[0m
2025-09-22 02:42:14,191 - Detector - INFO - [1m[33mValue:     0 Wei[0m
2025-09-22 02:42:14,191 - Detector - INFO - [1m[33mGas Limit: 4500000[0m
2025-09-22 02:42:14,191 - Detector - INFO - [1m[33mInput:     0xd73dd623000000000000000000000000deadbeef[0m
2025-09-22 02:42:14,191 - Detector - INFO - [1m[33m           deadbeefdeadbeefdeadbeefdeadbeefffffffffff[0m
2025-09-22 02:42:14,191 - Detector - INFO - [1m[33m           ffffffffffffffffffffffffffffffffffffffffff[0m
2025-09-22 02:42:14,191 - Detector - INFO - [1m[33m           ffffffffffff[0m
2025-09-22 02:42:14,191 - Detector - INFO - [1m[33m-----------------------------------------------------[0m
2025-09-22 02:42:14,191 - Detector - INFO - [1m[33mTransaction 2 - decreaseApproval(address,uint256):[0m
2025-09-22 02:42:14,191 - Detector - INFO - [1m[33m-----------------------------------------------------[0m
2025-09-22 02:42:14,191 - Detector - INFO - [1m[33mFrom:      0xdeadbeefdeadbeefdeadbeefdeadbeefdeadbeef[0m
2025-09-22 02:42:14,191 - Detector - INFO - [1m[33mTo:        0x2c5e8a3b3aad9df32339409534e64dfcabcd3a65[0m
2025-09-22 02:42:14,191 - Detector - INFO - [1m[33mValue:     0 Wei[0m
2025-09-22 02:42:14,191 - Detector - INFO - [1m[33mGas Limit: 4500000[0m
2025-09-22 02:42:14,191 - Detector - INFO - [1m[33mInput:     0x66188463000000000000000000000000deadbeef[0m
2025-09-22 02:42:14,191 - Detector - INFO - [1m[33m           deadbeefdeadbeefdeadbeefdeadbeef0000000000[0m
2025-09-22 02:42:14,191 - Detector - INFO - [1m[33m           000000000000000000000000000000000000000000[0m
2025-09-22 02:42:14,191 - Detector - INFO - [1m[33m           000000000000[0m
2025-09-22 02:42:14,191 - Detector - INFO - [1m[33m-----------------------------------------------------[0m
2025-09-22 02:42:14,191 - Detector - INFO - [1m[33mTransaction 3 - increaseApproval(address,uint256):[0m
2025-09-22 02:42:14,191 - Detector - INFO - [1m[33m-----------------------------------------------------[0m
2025-09-22 02:42:14,191 - Detector - INFO - [1m[33mFrom:      0xdeadbeefdeadbeefdeadbeefdeadbeefdeadbeef[0m
2025-09-22 02:42:14,191 - Detector - INFO - [1m[33mTo:        0x2c5e8a3b3aad9df32339409534e64dfcabcd3a65[0m
2025-09-22 02:42:14,191 - Detector - INFO - [1m[33mValue:     0 Wei[0m
2025-09-22 02:42:14,191 - Detector - INFO - [1m[33mGas Limit: 4500000[0m
2025-09-22 02:42:14,191 - Detector - INFO - [1m[33mInput:     0xd73dd623000000000000000000000000deadbeef[0m
2025-09-22 02:42:14,191 - Detector - INFO - [1m[33m           deadbeefdeadbeefdeadbeefdeadbeefb32527e095[0m
2025-09-22 02:42:14,191 - Detector - INFO - [1m[33m           07dc2c7f3bff5eda093daf4e8abce27d0da453c113[0m
2025-09-22 02:42:14,191 - Detector - INFO - [1m[33m           5819553baf00[0m
2025-09-22 02:42:14,191 - Detector - INFO - [1m[33m-----------------------------------------------------[0m
2025-09-22 02:42:14,191 - Detector - INFO - [1m[33mTransaction 4 - transferFrom(address,address,uint256):[0m
2025-09-22 02:42:14,191 - Detector - INFO - [1m[33m-----------------------------------------------------[0m
2025-09-22 02:42:14,191 - Detector - INFO - [1m[33mFrom:      0xdeadbeefdeadbeefdeadbeefdeadbeefdeadbeef[0m
2025-09-22 02:42:14,191 - Detector - INFO - [1m[33mTo:        0x2c5e8a3b3aad9df32339409534e64dfcabcd3a65[0m
2025-09-22 02:42:14,191 - Detector - INFO - [1m[33mValue:     0 Wei[0m
2025-09-22 02:42:14,191 - Detector - INFO - [1m[33mGas Limit: 4500000[0m
2025-09-22 02:42:14,191 - Detector - INFO - [1m[33mInput:     0x23b872dd000000000000000000000000deadbeef[0m
2025-09-22 02:42:14,191 - Detector - INFO - [1m[33m           deadbeefdeadbeefdeadbeefdeadbeef0000000000[0m
2025-09-22 02:42:14,191 - Detector - INFO - [1m[33m           00000000000000cafebabecafebabecafebabecafe[0m
2025-09-22 02:42:14,192 - Detector - INFO - [1m[33m           babecafebabe000000000000000000000000000000[0m
2025-09-22 02:42:14,192 - Detector - INFO - [1m[33m           0000000000000000000000000000000000[0m
2025-09-22 02:42:14,192 - Detector - INFO - [1m[33m-----------------------------------------------------[0m
2025-09-22 02:42:14,267 - Analysis - INFO - [1mGeneration number 3 	 Code coverage: 88.18% (1358/1540) 	 Branch coverage: 94.05% (79/84) 	 Transactions: 227 (98 unique)   	 Time: 1.7428576946258545[0m
2025-09-22 02:42:15,118 - Analysis - INFO - [1mGeneration number 4 	 Code coverage: 88.18% (1358/1540) 	 Branch coverage: 94.05% (79/84) 	 Transactions: 332 (124 unique)   	 Time: 2.5937514305114746[0m
2025-09-22 02:42:16,196 - Analysis - INFO - [1mGeneration number 5 	 Code coverage: 88.18% (1358/1540) 	 Branch coverage: 94.05% (79/84) 	 Transactions: 458 (152 unique)   	 Time: 3.671834945678711[0m
2025-09-22 02:42:17,239 - Analysis - INFO - [1mGeneration number 6 	 Code coverage: 88.38% (1361/1540) 	 Branch coverage: 95.24% (80/84) 	 Transactions: 579 (181 unique)   	 Time: 4.714740991592407[0m
2025-09-22 02:42:18,342 - Analysis - INFO - [1mGeneration number 7 	 Code coverage: 88.38% (1361/1540) 	 Branch coverage: 95.24% (80/84) 	 Transactions: 706 (211 unique)   	 Time: 5.816974878311157[0m
2025-09-22 02:42:19,476 - Analysis - INFO - [1mGeneration number 8 	 Code coverage: 88.38% (1361/1540) 	 Branch coverage: 95.24% (80/84) 	 Transactions: 831 (242 unique)   	 Time: 6.951875448226929[0m
2025-09-22 02:42:20,626 - Analysis - INFO - [1mGeneration number 9 	 Code coverage: 88.38% (1361/1540) 	 Branch coverage: 95.24% (80/84) 	 Transactions: 954 (272 unique)   	 Time: 8.101714134216309[0m
2025-09-22 02:42:21,765 - Analysis - INFO - [1mGeneration number 10 	 Code coverage: 88.38% (1361/1540) 	 Branch coverage: 95.24% (80/84) 	 Transactions: 1080 (304 unique)   	 Time: 9.240928173065186[0m
2025-09-22 02:42:21,799 - Analysis - INFO - [1m-----------------------------------------------------[0m
2025-09-22 02:42:21,799 - Analysis - INFO - Number of generations: 	 10
2025-09-22 02:42:21,799 - Analysis - INFO - Number of transactions: 	 1080 (304 unique)
2025-09-22 02:42:21,799 - Analysis - INFO - Transactions per second: 	 116
2025-09-22 02:42:21,799 - Analysis - INFO - Total code coverage: 	 88.38% (1361/1540)
2025-09-22 02:42:21,799 - Analysis - INFO - Total branch coverage: 	 95.24% (80/84)
2025-09-22 02:42:21,799 - Analysis - INFO - Total execution time: 	 9.27 seconds
2025-09-22 02:42:21,800 - Analysis - INFO - Total memory consumption: 	 72.67 MB
2025-09-22 02:42:21,803 - Fuzzer   - INFO - [1mFuzzing contract [1mOwnable[0m[0m
2025-09-22 02:42:21,824 - Analysis - INFO - [1mGeneration number 0 	 Code coverage: 65.14% (114/175) 	 Branch coverage: 78.57% (11/14) 	 Transactions: 7 (6 unique)   	 Time: 0.018356800079345703[0m
2025-09-22 02:42:21,844 - Analysis - INFO - [1mGeneration number 1 	 Code coverage: 97.71% (171/175) 	 Branch coverage: 92.86% (13/14) 	 Transactions: 12 (9 unique)   	 Time: 0.03870058059692383[0m
2025-09-22 02:42:21,868 - Analysis - INFO - [1mGeneration number 2 	 Code coverage: 97.71% (171/175) 	 Branch coverage: 92.86% (13/14) 	 Transactions: 19 (11 unique)   	 Time: 0.06311225891113281[0m
2025-09-22 02:42:21,921 - Analysis - INFO - [1mGeneration number 3 	 Code coverage: 99.43% (174/175) 	 Branch coverage: 100.00% (14/14) 	 Transactions: 30 (14 unique)   	 Time: 0.11608505249023438[0m
2025-09-22 02:42:21,973 - Analysis - INFO - [1mGeneration number 4 	 Code coverage: 99.43% (174/175) 	 Branch coverage: 100.00% (14/14) 	 Transactions: 43 (16 unique)   	 Time: 0.16730141639709473[0m
2025-09-22 02:42:22,015 - Analysis - INFO - [1mGeneration number 5 	 Code coverage: 99.43% (174/175) 	 Branch coverage: 100.00% (14/14) 	 Transactions: 54 (19 unique)   	 Time: 0.2095017433166504[0m
2025-09-22 02:42:22,076 - Analysis - INFO - [1mGeneration number 6 	 Code coverage: 99.43% (174/175) 	 Branch coverage: 100.00% (14/14) 	 Transactions: 70 (22 unique)   	 Time: 0.27036428451538086[0m
2025-09-22 02:42:22,118 - Analysis - INFO - [1mGeneration number 7 	 Code coverage: 99.43% (174/175) 	 Branch coverage: 100.00% (14/14) 	 Transactions: 81 (22 unique)   	 Time: 0.312518835067749[0m
2025-09-22 02:42:22,146 - Analysis - INFO - [1mGeneration number 8 	 Code coverage: 99.43% (174/175) 	 Branch coverage: 100.00% (14/14) 	 Transactions: 88 (22 unique)   	 Time: 0.34020256996154785[0m
2025-09-22 02:42:22,198 - Analysis - INFO - [1mGeneration number 9 	 Code coverage: 99.43% (174/175) 	 Branch coverage: 100.00% (14/14) 	 Transactions: 99 (23 unique)   	 Time: 0.3926842212677002[0m
2025-09-22 02:42:22,242 - Analysis - INFO - [1mGeneration number 10 	 Code coverage: 99.43% (174/175) 	 Branch coverage: 100.00% (14/14) 	 Transactions: 110 (23 unique)   	 Time: 0.4365203380584717[0m
2025-09-22 02:42:22,242 - Analysis - INFO - [1m-----------------------------------------------------[0m
2025-09-22 02:42:22,242 - Analysis - INFO - Number of generations: 	 10
2025-09-22 02:42:22,242 - Analysis - INFO - Number of transactions: 	 110 (23 unique)
2025-09-22 02:42:22,242 - Analysis - INFO - Transactions per second: 	 252
2025-09-22 02:42:22,242 - Analysis - INFO - Total code coverage: 	 99.43% (174/175)
2025-09-22 02:42:22,242 - Analysis - INFO - Total branch coverage: 	 100.00% (14/14)
2025-09-22 02:42:22,242 - Analysis - INFO - Total execution time: 	 0.44 seconds
2025-09-22 02:42:22,242 - Analysis - INFO - Total memory consumption: 	 72.79 MB
2025-09-22 02:42:22,245 - Fuzzer   - INFO - [1mFuzzing contract [1mStandardToken[0m[0m
2025-09-22 02:42:22,293 - Detector - INFO - [1m[33m-----------------------------------------------------[0m
2025-09-22 02:42:22,293 - Detector - INFO - [1m[33m          !!! Assertion failure detected !!!         [0m
2025-09-22 02:42:22,293 - Detector - INFO - [1m[33m-----------------------------------------------------[0m
2025-09-22 02:42:22,293 - Detector - INFO - [1m[33mSWC-ID:   110[0m
2025-09-22 02:42:22,293 - Detector - INFO - [1m[33mSeverity: Medium[0m
2025-09-22 02:42:22,293 - Detector - INFO - [1m[33m-----------------------------------------------------[0m
2025-09-22 02:42:22,294 - Detector - INFO - [1m[33mSource code line:[0m
2025-09-22 02:42:22,294 - Detector - INFO - [1m[33m-----------------------------------------------------[0m
2025-09-22 02:42:22,294 - Detector - INFO - [1m[33m/sb/0x823dcd364a0b3f2519751214ca1bcaa093826b90.sol:24:1[0m
2025-09-22 02:42:22,294 - Detector - INFO - [1m[33massert(b <= a)[0m
2025-09-22 02:42:22,294 - Detector - INFO - [1m[33m-----------------------------------------------------[0m
2025-09-22 02:42:22,294 - Detector - INFO - [1m[33mTransaction sequence:[0m
2025-09-22 02:42:22,294 - Detector - INFO - [1m[33m-----------------------------------------------------[0m
2025-09-22 02:42:22,294 - Detector - INFO - [1m[33mTransaction - transferFrom(address,address,uint256):[0m
2025-09-22 02:42:22,294 - Detector - INFO - [1m[33m-----------------------------------------------------[0m
2025-09-22 02:42:22,294 - Detector - INFO - [1m[33mFrom:      0xcafebabecafebabecafebabecafebabecafebabe[0m
2025-09-22 02:42:22,294 - Detector - INFO - [1m[33mTo:        0x2c5e8a3b3aad9df32339409534e64dfcabcd3a65[0m
2025-09-22 02:42:22,294 - Detector - INFO - [1m[33mValue:     0 Wei[0m
2025-09-22 02:42:22,294 - Detector - INFO - [1m[33mGas Limit: 4500000[0m
2025-09-22 02:42:22,294 - Detector - INFO - [1m[33mInput:     0x23b872dd000000000000000000000000deadbeef[0m
2025-09-22 02:42:22,294 - Detector - INFO - [1m[33m           deadbeefdeadbeefdeadbeefdeadbeef0000000000[0m
2025-09-22 02:42:22,294 - Detector - INFO - [1m[33m           00000000000000cafebabecafebabecafebabecafe[0m
2025-09-22 02:42:22,294 - Detector - INFO - [1m[33m           babecafebabe51f32c0a79de5401c379ec35a0e807[0m
2025-09-22 02:42:22,294 - Detector - INFO - [1m[33m           64410585bbffef582f915aace3aba905ae[0m
2025-09-22 02:42:22,294 - Detector - INFO - [1m[33m-----------------------------------------------------[0m
2025-09-22 02:42:22,337 - Analysis - INFO - [1mGeneration number 0 	 Code coverage: 73.37% (752/1025) 	 Branch coverage: 88.64% (39/44) 	 Transactions: 19 (18 unique)   	 Time: 0.08624887466430664[0m
2025-09-22 02:42:22,501 - Analysis - INFO - [1mGeneration number 1 	 Code coverage: 73.37% (752/1025) 	 Branch coverage: 88.64% (39/44) 	 Transactions: 42 (31 unique)   	 Time: 0.25043535232543945[0m
2025-09-22 02:42:22,571 - Detector - INFO - [1m[31m-----------------------------------------------------[0m
2025-09-22 02:42:22,571 - Detector - INFO - [1m[31m          !!! Integer overflow detected !!!          [0m
2025-09-22 02:42:22,571 - Detector - INFO - [1m[31m-----------------------------------------------------[0m
2025-09-22 02:42:22,571 - Detector - INFO - [1m[31mSWC-ID:   101[0m
2025-09-22 02:42:22,571 - Detector - INFO - [1m[31mSeverity: High[0m
2025-09-22 02:42:22,571 - Detector - INFO - [1m[31m-----------------------------------------------------[0m
2025-09-22 02:42:22,571 - Detector - INFO - [1m[31mSource code line:[0m
2025-09-22 02:42:22,571 - Detector - INFO - [1m[31m-----------------------------------------------------[0m
2025-09-22 02:42:22,571 - Detector - INFO - [1m[31m/sb/0x823dcd364a0b3f2519751214ca1bcaa093826b90.sol:29:1[0m
2025-09-22 02:42:22,571 - Detector - INFO - [1m[31ma + b[0m
2025-09-22 02:42:22,572 - Detector - INFO - [1m[31m-----------------------------------------------------[0m
2025-09-22 02:42:22,572 - Detector - INFO - [1m[31mTransaction sequence:[0m
2025-09-22 02:42:22,572 - Detector - INFO - [1m[31m-----------------------------------------------------[0m
2025-09-22 02:42:22,572 - Detector - INFO - [1m[31mTransaction 1 - approve(address,uint256):[0m
2025-09-22 02:42:22,572 - Detector - INFO - [1m[31m-----------------------------------------------------[0m
2025-09-22 02:42:22,572 - Detector - INFO - [1m[31mFrom:      0xdeadbeefdeadbeefdeadbeefdeadbeefdeadbeef[0m
2025-09-22 02:42:22,572 - Detector - INFO - [1m[31mTo:        0x2c5e8a3b3aad9df32339409534e64dfcabcd3a65[0m
2025-09-22 02:42:22,572 - Detector - INFO - [1m[31mValue:     0 Wei[0m
2025-09-22 02:42:22,572 - Detector - INFO - [1m[31mGas Limit: 4500000[0m
2025-09-22 02:42:22,572 - Detector - INFO - [1m[31mInput:     0x095ea7b3000000000000000000000000cafebabe[0m
2025-09-22 02:42:22,572 - Detector - INFO - [1m[31m           cafebabecafebabecafebabecafebabeffffffffff[0m
2025-09-22 02:42:22,572 - Detector - INFO - [1m[31m           ffffffffffffffffffffffffffffffffffffffffff[0m
2025-09-22 02:42:22,572 - Detector - INFO - [1m[31m           ffffffffffff[0m
2025-09-22 02:42:22,572 - Detector - INFO - [1m[31m-----------------------------------------------------[0m
2025-09-22 02:42:22,572 - Detector - INFO - [1m[31mTransaction 2 - increaseApproval(address,uint256):[0m
2025-09-22 02:42:22,572 - Detector - INFO - [1m[31m-----------------------------------------------------[0m
2025-09-22 02:42:22,572 - Detector - INFO - [1m[31mFrom:      0xdeadbeefdeadbeefdeadbeefdeadbeefdeadbeef[0m
2025-09-22 02:42:22,572 - Detector - INFO - [1m[31mTo:        0x2c5e8a3b3aad9df32339409534e64dfcabcd3a65[0m
2025-09-22 02:42:22,572 - Detector - INFO - [1m[31mValue:     0 Wei[0m
2025-09-22 02:42:22,572 - Detector - INFO - [1m[31mGas Limit: 4500000[0m
2025-09-22 02:42:22,572 - Detector - INFO - [1m[31mInput:     0xd73dd623000000000000000000000000cafebabe[0m
2025-09-22 02:42:22,572 - Detector - INFO - [1m[31m           cafebabecafebabecafebabecafebabe50fe0a31c9[0m
2025-09-22 02:42:22,572 - Detector - INFO - [1m[31m           21086d02999a8e9f187d687ffe33b6197b24eaecc2[0m
2025-09-22 02:42:22,572 - Detector - INFO - [1m[31m           bda9b7460cc4[0m
2025-09-22 02:42:22,572 - Detector - INFO - [1m[31m-----------------------------------------------------[0m
2025-09-22 02:42:22,573 - Detector - INFO - [1m[31mTransaction 3 - allowance(address,address):[0m
2025-09-22 02:42:22,573 - Detector - INFO - [1m[31m-----------------------------------------------------[0m
2025-09-22 02:42:22,573 - Detector - INFO - [1m[31mFrom:      0xdeadbeefdeadbeefdeadbeefdeadbeefdeadbeef[0m
2025-09-22 02:42:22,573 - Detector - INFO - [1m[31mTo:        0x2c5e8a3b3aad9df32339409534e64dfcabcd3a65[0m
2025-09-22 02:42:22,573 - Detector - INFO - [1m[31mValue:     1 Wei[0m
2025-09-22 02:42:22,573 - Detector - INFO - [1m[31mGas Limit: 4500000[0m
2025-09-22 02:42:22,573 - Detector - INFO - [1m[31mInput:     0xdd62ed3e000000000000000000000000cafebabe[0m
2025-09-22 02:42:22,573 - Detector - INFO - [1m[31m           cafebabecafebabecafebabecafebabe0000000000[0m
2025-09-22 02:42:22,573 - Detector - INFO - [1m[31m           00000000000000cafebabecafebabecafebabecafe[0m
2025-09-22 02:42:22,573 - Detector - INFO - [1m[31m           babecafebabe[0m
2025-09-22 02:42:22,573 - Detector - INFO - [1m[31m-----------------------------------------------------[0m
2025-09-22 02:42:22,575 - Detector - INFO - [1m[33m-----------------------------------------------------[0m
2025-09-22 02:42:22,575 - Detector - INFO - [1m[33m          !!! Assertion failure detected !!!         [0m
2025-09-22 02:42:22,575 - Detector - INFO - [1m[33m-----------------------------------------------------[0m
2025-09-22 02:42:22,575 - Detector - INFO - [1m[33mSWC-ID:   110[0m
2025-09-22 02:42:22,575 - Detector - INFO - [1m[33mSeverity: Medium[0m
2025-09-22 02:42:22,575 - Detector - INFO - [1m[33m-----------------------------------------------------[0m
2025-09-22 02:42:22,575 - Detector - INFO - [1m[33mSource code line:[0m
2025-09-22 02:42:22,575 - Detector - INFO - [1m[33m-----------------------------------------------------[0m
2025-09-22 02:42:22,575 - Detector - INFO - [1m[33m/sb/0x823dcd364a0b3f2519751214ca1bcaa093826b90.sol:30:1[0m
2025-09-22 02:42:22,575 - Detector - INFO - [1m[33massert(c >= a)[0m
2025-09-22 02:42:22,575 - Detector - INFO - [1m[33m-----------------------------------------------------[0m
2025-09-22 02:42:22,575 - Detector - INFO - [1m[33mTransaction sequence:[0m
2025-09-22 02:42:22,576 - Detector - INFO - [1m[33m-----------------------------------------------------[0m
2025-09-22 02:42:22,576 - Detector - INFO - [1m[33mTransaction 1 - approve(address,uint256):[0m
2025-09-22 02:42:22,576 - Detector - INFO - [1m[33m-----------------------------------------------------[0m
2025-09-22 02:42:22,576 - Detector - INFO - [1m[33mFrom:      0xdeadbeefdeadbeefdeadbeefdeadbeefdeadbeef[0m
2025-09-22 02:42:22,576 - Detector - INFO - [1m[33mTo:        0x2c5e8a3b3aad9df32339409534e64dfcabcd3a65[0m
2025-09-22 02:42:22,576 - Detector - INFO - [1m[33mValue:     0 Wei[0m
2025-09-22 02:42:22,576 - Detector - INFO - [1m[33mGas Limit: 4500000[0m
2025-09-22 02:42:22,576 - Detector - INFO - [1m[33mInput:     0x095ea7b3000000000000000000000000cafebabe[0m
2025-09-22 02:42:22,576 - Detector - INFO - [1m[33m           cafebabecafebabecafebabecafebabeffffffffff[0m
2025-09-22 02:42:22,576 - Detector - INFO - [1m[33m           ffffffffffffffffffffffffffffffffffffffffff[0m
2025-09-22 02:42:22,576 - Detector - INFO - [1m[33m           ffffffffffff[0m
2025-09-22 02:42:22,576 - Detector - INFO - [1m[33m-----------------------------------------------------[0m
2025-09-22 02:42:22,576 - Detector - INFO - [1m[33mTransaction 2 - increaseApproval(address,uint256):[0m
2025-09-22 02:42:22,576 - Detector - INFO - [1m[33m-----------------------------------------------------[0m
2025-09-22 02:42:22,576 - Detector - INFO - [1m[33mFrom:      0xdeadbeefdeadbeefdeadbeefdeadbeefdeadbeef[0m
2025-09-22 02:42:22,576 - Detector - INFO - [1m[33mTo:        0x2c5e8a3b3aad9df32339409534e64dfcabcd3a65[0m
2025-09-22 02:42:22,576 - Detector - INFO - [1m[33mValue:     0 Wei[0m
2025-09-22 02:42:22,576 - Detector - INFO - [1m[33mGas Limit: 4500000[0m
2025-09-22 02:42:22,576 - Detector - INFO - [1m[33mInput:     0xd73dd623000000000000000000000000cafebabe[0m
2025-09-22 02:42:22,576 - Detector - INFO - [1m[33m           cafebabecafebabecafebabecafebabe50fe0a31c9[0m
2025-09-22 02:42:22,576 - Detector - INFO - [1m[33m           21086d02999a8e9f187d687ffe33b6197b24eaecc2[0m
2025-09-22 02:42:22,576 - Detector - INFO - [1m[33m           bda9b7460cc4[0m
2025-09-22 02:42:22,576 - Detector - INFO - [1m[33m-----------------------------------------------------[0m
2025-09-22 02:42:22,576 - Detector - INFO - [1m[33mTransaction 3 - allowance(address,address):[0m
2025-09-22 02:42:22,576 - Detector - INFO - [1m[33m-----------------------------------------------------[0m
2025-09-22 02:42:22,577 - Detector - INFO - [1m[33mFrom:      0xdeadbeefdeadbeefdeadbeefdeadbeefdeadbeef[0m
2025-09-22 02:42:22,577 - Detector - INFO - [1m[33mTo:        0x2c5e8a3b3aad9df32339409534e64dfcabcd3a65[0m
2025-09-22 02:42:22,577 - Detector - INFO - [1m[33mValue:     1 Wei[0m
2025-09-22 02:42:22,577 - Detector - INFO - [1m[33mGas Limit: 4500000[0m
2025-09-22 02:42:22,577 - Detector - INFO - [1m[33mInput:     0xdd62ed3e000000000000000000000000cafebabe[0m
2025-09-22 02:42:22,577 - Detector - INFO - [1m[33m           cafebabecafebabecafebabecafebabe0000000000[0m
2025-09-22 02:42:22,577 - Detector - INFO - [1m[33m           00000000000000cafebabecafebabecafebabecafe[0m
2025-09-22 02:42:22,577 - Detector - INFO - [1m[33m           babecafebabe[0m
2025-09-22 02:42:22,577 - Detector - INFO - [1m[33m-----------------------------------------------------[0m
2025-09-22 02:42:22,750 - Analysis - INFO - [1mGeneration number 2 	 Code coverage: 90.93% (932/1025) 	 Branch coverage: 97.73% (43/44) 	 Transactions: 72 (45 unique)   	 Time: 0.4997246265411377[0m
2025-09-22 02:42:23,056 - Analysis - INFO - [1mGeneration number 3 	 Code coverage: 91.22% (935/1025) 	 Branch coverage: 100.00% (44/44) 	 Transactions: 116 (59 unique)   	 Time: 0.8056349754333496[0m
2025-09-22 02:42:23,487 - Analysis - INFO - [1mGeneration number 4 	 Code coverage: 91.22% (935/1025) 	 Branch coverage: 100.00% (44/44) 	 Transactions: 175 (75 unique)   	 Time: 1.2367548942565918[0m
2025-09-22 02:42:24,018 - Analysis - INFO - [1mGeneration number 5 	 Code coverage: 91.22% (935/1025) 	 Branch coverage: 100.00% (44/44) 	 Transactions: 248 (92 unique)   	 Time: 1.7680132389068604[0m
2025-09-22 02:42:24,557 - Analysis - INFO - [1mGeneration number 6 	 Code coverage: 91.22% (935/1025) 	 Branch coverage: 100.00% (44/44) 	 Transactions: 324 (109 unique)   	 Time: 2.306364059448242[0m
2025-09-22 02:42:25,098 - Analysis - INFO - [1mGeneration number 7 	 Code coverage: 91.22% (935/1025) 	 Branch coverage: 100.00% (44/44) 	 Transactions: 397 (127 unique)   	 Time: 2.847614049911499[0m
2025-09-22 02:42:25,669 - Analysis - INFO - [1mGeneration number 8 	 Code coverage: 91.22% (935/1025) 	 Branch coverage: 100.00% (44/44) 	 Transactions: 469 (144 unique)   	 Time: 3.419010877609253[0m
2025-09-22 02:42:26,253 - Analysis - INFO - [1mGeneration number 9 	 Code coverage: 91.22% (935/1025) 	 Branch coverage: 100.00% (44/44) 	 Transactions: 542 (159 unique)   	 Time: 4.002655029296875[0m
2025-09-22 02:42:26,775 - Analysis - INFO - [1mGeneration number 10 	 Code coverage: 91.22% (935/1025) 	 Branch coverage: 100.00% (44/44) 	 Transactions: 605 (175 unique)   	 Time: 4.524361610412598[0m
2025-09-22 02:42:26,775 - Analysis - INFO - [1m-----------------------------------------------------[0m
2025-09-22 02:42:26,775 - Analysis - INFO - Number of generations: 	 10
2025-09-22 02:42:26,775 - Analysis - INFO - Number of transactions: 	 605 (175 unique)
2025-09-22 02:42:26,775 - Analysis - INFO - Transactions per second: 	 134
2025-09-22 02:42:26,775 - Analysis - INFO - Total code coverage: 	 91.22% (935/1025)
2025-09-22 02:42:26,775 - Analysis - INFO - Total branch coverage: 	 100.00% (44/44)
2025-09-22 02:42:26,775 - Analysis - INFO - Total execution time: 	 4.52 seconds
2025-09-22 02:42:26,775 - Analysis - INFO - Total memory consumption: 	 72.79 MB

     ______            ______                _           
    / ____/___  ____  / ____/_  __________  (_)_  _______
   / /   / __ \/ __ \/ /_  / / / /_  /_  / / / / / / ___/
  / /___/ /_/ / / / / __/ / /_/ / / /_/ /_/ / /_/ (__  ) 
  \____/\____/_/ /_/_/    \__,_/ /___/___/_/\__,_/____/  

delteed file
