'solc --version' running
'solc /sb/0x0a2a94ded0b8c9cb3bd4ec2ef86eeee637a4db7c.sol --combined-json abi,ast,bin,bin-runtime,srcmap,srcmap-runtime,userdoc,devdoc,hashes,compact-format --allow-paths .,/sb' running
Compilation warnings/errors on /sb/0x0a2a94ded0b8c9cb3bd4ec2ef86eeee637a4db7c.sol:
/sb/0x0a2a94ded0b8c9cb3bd4ec2ef86eeee637a4db7c.sol:27:5: Warning: Defining constructors as functions with the same name as the contract is deprecated. Use "constructor(...) { ... }" instead.
    function EthConnect(
    ^ (Relevant source part starts here and spans across multiple lines).
/sb/0x0a2a94ded0b8c9cb3bd4ec2ef86eeee637a4db7c.sol:3:28: Warning: Functions in interfaces should be declared external.
interface tokenRecipient { function receiveApproval(address _from, uint256 _value, address _token, bytes _extraData); }
                           ^----------------------------------------------------------------------------------------^
/sb/0x0a2a94ded0b8c9cb3bd4ec2ef86eeee637a4db7c.sol:49:9: Warning: Invoking events without "emit" prefix is deprecated.
        Transfer(_from, _to, _value);
        ^--------------------------^
/sb/0x0a2a94ded0b8c9cb3bd4ec2ef86eeee637a4db7c.sol:123:9: Warning: Invoking events without "emit" prefix is deprecated.
        Burn(msg.sender, _value);
        ^----------------------^
/sb/0x0a2a94ded0b8c9cb3bd4ec2ef86eeee637a4db7c.sol:141:9: Warning: Invoking events without "emit" prefix is deprecated.
        Burn(_from, _value);
        ^-----------------^
/sb/0x0a2a94ded0b8c9cb3bd4ec2ef86eeee637a4db7c.sol:3:28: Warning: No visibility specified. Defaulting to "public". In interfaces it defaults to external.
interface tokenRecipient { function receiveApproval(address _from, uint256 _value, address _token, bytes _extraData); }
                           ^----------------------------------------------------------------------------------------^
/sb/0x0a2a94ded0b8c9cb3bd4ec2ef86eeee637a4db7c.sol:27:5: Warning: No visibility specified. Defaulting to "public". 
    function EthConnect(
    ^ (Relevant source part starts here and spans across multiple lines).
/sb/0x0a2a94ded0b8c9cb3bd4ec2ef86eeee637a4db7c.sol:60:5: Warning: No visibility specified. Defaulting to "public". 
    function transfer(address _to, uint256 _value) {
    ^ (Relevant source part starts here and spans across multiple lines).
/sb/0x0a2a94ded0b8c9cb3bd4ec2ef86eeee637a4db7c.sol:73:5: Warning: No visibility specified. Defaulting to "public". 
    function transferFrom(address _from, address _to, uint256 _value) returns (bool success) {
    ^ (Relevant source part starts here and spans across multiple lines).
/sb/0x0a2a94ded0b8c9cb3bd4ec2ef86eeee637a4db7c.sol:88:5: Warning: No visibility specified. Defaulting to "public". 
    function approve(address _spender, uint256 _value)
    ^ (Relevant source part starts here and spans across multiple lines).
/sb/0x0a2a94ded0b8c9cb3bd4ec2ef86eeee637a4db7c.sol:103:5: Warning: No visibility specified. Defaulting to "public". 
    function approveAndCall(address _spender, uint256 _value, bytes _extraData)
    ^ (Relevant source part starts here and spans across multiple lines).
/sb/0x0a2a94ded0b8c9cb3bd4ec2ef86eeee637a4db7c.sol:119:5: Warning: No visibility specified. Defaulting to "public". 
    function burn(uint256 _value) returns (bool success) {
    ^ (Relevant source part starts here and spans across multiple lines).
/sb/0x0a2a94ded0b8c9cb3bd4ec2ef86eeee637a4db7c.sol:135:5: Warning: No visibility specified. Defaulting to "public". 
    function burnFrom(address _from, uint256 _value) returns (bool success) {
    ^ (Relevant source part starts here and spans across multiple lines).


EthConnect (../../sb/0x0a2a94ded0b8c9cb3bd4ec2ef86eeee637a4db7c.sol#5-145) has incorrect ERC20 function interface:EthConnect.transfer(address,uint256) (../../sb/0x0a2a94ded0b8c9cb3bd4ec2ef86eeee637a4db7c.sol#60-62)
Reference: https://github.com/crytic/slither/wiki/Detector-Documentation#incorrect-erc20-interface

Version constraint ^0.4.16 contains known severe issues (https://solidity.readthedocs.io/en/latest/bugs.html)
	- DirtyBytesArrayToStorage
	- ABIDecodeTwoDimensionalArrayMemory
	- KeccakCaching
	- EmptyByteArrayCopy
	- DynamicArrayCleanup
	- ImplicitConstructorCallvalueCheck
	- TupleAssignmentMultiStackSlotComponents
	- MemoryArrayCreationOverflow
	- privateCanBeOverridden
	- SignedArrayStorageCopy
	- ABIEncoderV2StorageArrayWithMultiSlotElement
	- DynamicConstructorArgumentsClippedABIV2
	- UninitializedFunctionPointerInConstructor_0.4.x
	- IncorrectEventSignatureInLibraries_0.4.x
	- ExpExponentCleanup
	- NestedArrayFunctionCallDecoder
	- ZeroFunctionSelector.
It is used by:
	- ^0.4.16 (../../sb/0x0a2a94ded0b8c9cb3bd4ec2ef86eeee637a4db7c.sol#1)
solc-0.4.26 is an outdated solc version. Use a more recent version (at least 0.8.0), if possible.
Reference: https://github.com/crytic/slither/wiki/Detector-Documentation#incorrect-versions-of-solidity

Contract tokenRecipient (../../sb/0x0a2a94ded0b8c9cb3bd4ec2ef86eeee637a4db7c.sol#3) is not in CapWords
Parameter EthConnect.transfer(address,uint256)._to (../../sb/0x0a2a94ded0b8c9cb3bd4ec2ef86eeee637a4db7c.sol#60) is not in mixedCase
Parameter EthConnect.transfer(address,uint256)._value (../../sb/0x0a2a94ded0b8c9cb3bd4ec2ef86eeee637a4db7c.sol#60) is not in mixedCase
Parameter EthConnect.transferFrom(address,address,uint256)._from (../../sb/0x0a2a94ded0b8c9cb3bd4ec2ef86eeee637a4db7c.sol#73) is not in mixedCase
Parameter EthConnect.transferFrom(address,address,uint256)._to (../../sb/0x0a2a94ded0b8c9cb3bd4ec2ef86eeee637a4db7c.sol#73) is not in mixedCase
Parameter EthConnect.transferFrom(address,address,uint256)._value (../../sb/0x0a2a94ded0b8c9cb3bd4ec2ef86eeee637a4db7c.sol#73) is not in mixedCase
Parameter EthConnect.approve(address,uint256)._spender (../../sb/0x0a2a94ded0b8c9cb3bd4ec2ef86eeee637a4db7c.sol#88) is not in mixedCase
Parameter EthConnect.approve(address,uint256)._value (../../sb/0x0a2a94ded0b8c9cb3bd4ec2ef86eeee637a4db7c.sol#88) is not in mixedCase
Parameter EthConnect.approveAndCall(address,uint256,bytes)._spender (../../sb/0x0a2a94ded0b8c9cb3bd4ec2ef86eeee637a4db7c.sol#103) is not in mixedCase
Parameter EthConnect.approveAndCall(address,uint256,bytes)._value (../../sb/0x0a2a94ded0b8c9cb3bd4ec2ef86eeee637a4db7c.sol#103) is not in mixedCase
Parameter EthConnect.approveAndCall(address,uint256,bytes)._extraData (../../sb/0x0a2a94ded0b8c9cb3bd4ec2ef86eeee637a4db7c.sol#103) is not in mixedCase
Parameter EthConnect.burn(uint256)._value (../../sb/0x0a2a94ded0b8c9cb3bd4ec2ef86eeee637a4db7c.sol#119) is not in mixedCase
Parameter EthConnect.burnFrom(address,uint256)._from (../../sb/0x0a2a94ded0b8c9cb3bd4ec2ef86eeee637a4db7c.sol#135) is not in mixedCase
Parameter EthConnect.burnFrom(address,uint256)._value (../../sb/0x0a2a94ded0b8c9cb3bd4ec2ef86eeee637a4db7c.sol#135) is not in mixedCase
Reference: https://github.com/crytic/slither/wiki/Detector-Documentation#conformance-to-solidity-naming-conventions

receiveApproval(address,uint256,address,bytes) should be declared external:
	- tokenRecipient.receiveApproval(address,uint256,address,bytes) (../../sb/0x0a2a94ded0b8c9cb3bd4ec2ef86eeee637a4db7c.sol#3)
approveAndCall(address,uint256,bytes) should be declared external:
	- EthConnect.approveAndCall(address,uint256,bytes) (../../sb/0x0a2a94ded0b8c9cb3bd4ec2ef86eeee637a4db7c.sol#103-110)
Reference: https://github.com/crytic/slither/wiki/Detector-Documentation#public-function-that-could-be-declared-external
/sb/0x0a2a94ded0b8c9cb3bd4ec2ef86eeee637a4db7c.sol analyzed (2 contracts with 93 detectors), 19 result(s) found
