2025-09-22 02:41:03,706 - Main     - INFO - [1mInitializing seed to 1427655.0[0m
2025-09-22 02:41:03,804 - Fuzzer   - INFO - [1mFuzzing contract [1mHP[0m[0m
2025-09-22 02:41:03,831 - Detector - INFO - [1m[33m-----------------------------------------------------[0m
2025-09-22 02:41:03,831 - Detector - INFO - [1m[33m          !!! Assertion failure detected !!!         [0m
2025-09-22 02:41:03,831 - Detector - INFO - [1m[33m-----------------------------------------------------[0m
2025-09-22 02:41:03,831 - Detector - INFO - [1m[33mSWC-ID:   110[0m
2025-09-22 02:41:03,831 - Detector - INFO - [1m[33mSeverity: Medium[0m
2025-09-22 02:41:03,831 - Detector - INFO - [1m[33m-----------------------------------------------------[0m
2025-09-22 02:41:03,831 - Detector - INFO - [1m[33mSource code line:[0m
2025-09-22 02:41:03,831 - Detector - INFO - [1m[33m-----------------------------------------------------[0m
2025-09-22 02:41:03,831 - Detector - INFO - [1m[33m/sb/0x0c1a07d17f39a179245f2ef277cef97671cf9648.sol:11:1[0m
2025-09-22 02:41:03,831 - Detector - INFO - [1m[33massert(c / a == b)[0m
2025-09-22 02:41:03,831 - Detector - INFO - [1m[33m-----------------------------------------------------[0m
2025-09-22 02:41:03,831 - Detector - INFO - [1m[33mTransaction sequence:[0m
2025-09-22 02:41:03,831 - Detector - INFO - [1m[33m-----------------------------------------------------[0m
2025-09-22 02:41:03,831 - Detector - INFO - [1m[33mTransaction - buyToken(address,uint256):[0m
2025-09-22 02:41:03,831 - Detector - INFO - [1m[33m-----------------------------------------------------[0m
2025-09-22 02:41:03,831 - Detector - INFO - [1m[33mFrom:      0xdeadbeefdeadbeefdeadbeefdeadbeefdeadbeef[0m
2025-09-22 02:41:03,831 - Detector - INFO - [1m[33mTo:        0x2c5e8a3b3aad9df32339409534e64dfcabcd3a65[0m
2025-09-22 02:41:03,831 - Detector - INFO - [1m[33mValue:     0 Wei[0m
2025-09-22 02:41:03,831 - Detector - INFO - [1m[33mGas Limit: 4500000[0m
2025-09-22 02:41:03,831 - Detector - INFO - [1m[33mInput:     0x68f8fc10000000000000000000000000cafebabe[0m
2025-09-22 02:41:03,831 - Detector - INFO - [1m[33m           cafebabecafebabecafebabecafebabeffffffffff[0m
2025-09-22 02:41:03,831 - Detector - INFO - [1m[33m           ffffffffffffffffffffffffffffffffffffffffff[0m
2025-09-22 02:41:03,831 - Detector - INFO - [1m[33m           ffffffffffff[0m
2025-09-22 02:41:03,831 - Detector - INFO - [1m[33m-----------------------------------------------------[0m
2025-09-22 02:41:04,126 - Analysis - INFO - [1mGeneration number 0 	 Code coverage: 66.06% (1674/2534) 	 Branch coverage: 69.79% (134/192) 	 Transactions: 49 (48 unique)   	 Time: 0.3047041893005371[0m
2025-09-22 02:41:04,699 - Analysis - INFO - [1mGeneration number 1 	 Code coverage: 70.64% (1790/2534) 	 Branch coverage: 71.35% (137/192) 	 Transactions: 104 (74 unique)   	 Time: 0.877690315246582[0m
2025-09-22 02:41:05,702 - Analysis - INFO - [1mGeneration number 2 	 Code coverage: 77.78% (1971/2534) 	 Branch coverage: 71.88% (138/192) 	 Transactions: 190 (107 unique)   	 Time: 1.8806674480438232[0m
2025-09-22 02:41:07,521 - Analysis - INFO - [1mGeneration number 3 	 Code coverage: 77.86% (1973/2534) 	 Branch coverage: 71.88% (138/192) 	 Transactions: 339 (142 unique)   	 Time: 3.699599504470825[0m
2025-09-22 02:41:09,701 - Analysis - INFO - [1mGeneration number 4 	 Code coverage: 77.86% (1973/2534) 	 Branch coverage: 72.40% (139/192) 	 Transactions: 523 (183 unique)   	 Time: 5.880250453948975[0m
2025-09-22 02:41:12,620 - Analysis - INFO - [1mGeneration number 5 	 Code coverage: 78.22% (1982/2534) 	 Branch coverage: 73.96% (142/192) 	 Transactions: 726 (225 unique)   	 Time: 8.798561573028564[0m
2025-09-22 02:41:15,342 - Analysis - INFO - [1mGeneration number 6 	 Code coverage: 78.33% (1985/2534) 	 Branch coverage: 74.48% (143/192) 	 Transactions: 944 (269 unique)   	 Time: 11.520857810974121[0m
2025-09-22 02:41:18,108 - Analysis - INFO - [1mGeneration number 7 	 Code coverage: 78.45% (1988/2534) 	 Branch coverage: 75.00% (144/192) 	 Transactions: 1160 (311 unique)   	 Time: 14.287436246871948[0m
2025-09-22 02:41:20,896 - Analysis - INFO - [1mGeneration number 8 	 Code coverage: 78.45% (1988/2534) 	 Branch coverage: 75.00% (144/192) 	 Transactions: 1383 (354 unique)   	 Time: 17.07545518875122[0m
2025-09-22 02:41:21,444 - Analysis - INFO - [1m-----------------------------------------------------[0m
2025-09-22 02:41:21,445 - Analysis - INFO - Number of generations: 	 8
2025-09-22 02:41:21,445 - Analysis - INFO - Number of transactions: 	 1383 (354 unique)
2025-09-22 02:41:21,445 - Analysis - INFO - Transactions per second: 	 78
2025-09-22 02:41:21,445 - Analysis - INFO - Total code coverage: 	 78.45% (1988/2534)
2025-09-22 02:41:21,445 - Analysis - INFO - Total branch coverage: 	 75.00% (144/192)
2025-09-22 02:41:21,445 - Analysis - INFO - Total execution time: 	 17.62 seconds
2025-09-22 02:41:21,445 - Analysis - INFO - Total memory consumption: 	 91.57 MB

     ______            ______                _           
    / ____/___  ____  / ____/_  __________  (_)_  _______
   / /   / __ \/ __ \/ /_  / / / /_  /_  / / / / / / ___/
  / /___/ /_/ / / / / __/ / /_/ / / /_/ /_/ / /_/ (__  ) 
  \____/\____/_/ /_/_/    \__,_/ /___/___/_/\__,_/____/  

delteed file
