'solc --version' running
'solc /sb/0x0c116eaa8ebbfbd4295c3361243441f6b50247f7.sol --combined-json abi,ast,bin,bin-runtime,srcmap,srcmap-runtime,userdoc,devdoc,hashes,compact-format --allow-paths .,/sb' running
Compilation warnings/errors on /sb/0x0c116eaa8ebbfbd4295c3361243441f6b50247f7.sol:
/sb/0x0c116eaa8ebbfbd4295c3361243441f6b50247f7.sol:6:5: Warning: No visibility specified. Defaulting to "public".
    function totalSupply() constant returns (uint supply) {}
    ^------------------------------------------------------^
/sb/0x0c116eaa8ebbfbd4295c3361243441f6b50247f7.sol:10:5: Warning: No visibility specified. Defaulting to "public".
    function balanceOf(address _owner) constant returns (uint balance) {}
    ^-------------------------------------------------------------------^
/sb/0x0c116eaa8ebbfbd4295c3361243441f6b50247f7.sol:16:5: Warning: No visibility specified. Defaulting to "public".
    function transfer(address _to, uint _value) returns (bool success) {}
    ^-------------------------------------------------------------------^
/sb/0x0c116eaa8ebbfbd4295c3361243441f6b50247f7.sol:23:5: Warning: No visibility specified. Defaulting to "public".
    function transferFrom(address _from, address _to, uint _value) returns (bool success) {}
    ^--------------------------------------------------------------------------------------^
/sb/0x0c116eaa8ebbfbd4295c3361243441f6b50247f7.sol:29:5: Warning: No visibility specified. Defaulting to "public".
    function approve(address _spender, uint _value) returns (bool success) {}
    ^-----------------------------------------------------------------------^
/sb/0x0c116eaa8ebbfbd4295c3361243441f6b50247f7.sol:34:5: Warning: No visibility specified. Defaulting to "public".
    function allowance(address _owner, address _spender) constant returns (uint remaining) {}
    ^---------------------------------------------------------------------------------------^
/sb/0x0c116eaa8ebbfbd4295c3361243441f6b50247f7.sol:42:5: Warning: No visibility specified. Defaulting to "public".
    function transfer(address _to, uint _value) returns (bool) {
    ^
Spanning multiple lines.
/sb/0x0c116eaa8ebbfbd4295c3361243441f6b50247f7.sol:52:5: Warning: No visibility specified. Defaulting to "public".
    function transferFrom(address _from, address _to, uint _value) returns (bool) {
    ^
Spanning multiple lines.
/sb/0x0c116eaa8ebbfbd4295c3361243441f6b50247f7.sol:62:5: Warning: No visibility specified. Defaulting to "public".
    function balanceOf(address _owner) constant returns (uint) {
    ^
Spanning multiple lines.
/sb/0x0c116eaa8ebbfbd4295c3361243441f6b50247f7.sol:66:5: Warning: No visibility specified. Defaulting to "public".
    function approve(address _spender, uint _value) returns (bool) {
    ^
Spanning multiple lines.
/sb/0x0c116eaa8ebbfbd4295c3361243441f6b50247f7.sol:72:5: Warning: No visibility specified. Defaulting to "public".
    function allowance(address _owner, address _spender) constant returns (uint) {
    ^
Spanning multiple lines.
/sb/0x0c116eaa8ebbfbd4295c3361243441f6b50247f7.sol:119:5: Warning: No visibility specified. Defaulting to "public".
    function BIFAToken() {
    ^
Spanning multiple lines.
/sb/0x0c116eaa8ebbfbd4295c3361243441f6b50247f7.sol:6:46: Warning: Unused function parameter. Remove or comment out the variable name to silence this warning.
    function totalSupply() constant returns (uint supply) {}
                                             ^---------^
/sb/0x0c116eaa8ebbfbd4295c3361243441f6b50247f7.sol:10:58: Warning: Unused function parameter. Remove or comment out the variable name to silence this warning.
    function balanceOf(address _owner) constant returns (uint balance) {}
                                                         ^----------^
/sb/0x0c116eaa8ebbfbd4295c3361243441f6b50247f7.sol:10:24: Warning: Unused function parameter. Remove or comment out the variable name to silence this warning.
    function balanceOf(address _owner) constant returns (uint balance) {}
                       ^------------^
/sb/0x0c116eaa8ebbfbd4295c3361243441f6b50247f7.sol:16:23: Warning: Unused function parameter. Remove or comment out the variable name to silence this warning.
    function transfer(address _to, uint _value) returns (bool success) {}
                      ^---------^
/sb/0x0c116eaa8ebbfbd4295c3361243441f6b50247f7.sol:16:36: Warning: Unused function parameter. Remove or comment out the variable name to silence this warning.
    function transfer(address _to, uint _value) returns (bool success) {}
                                   ^---------^
/sb/0x0c116eaa8ebbfbd4295c3361243441f6b50247f7.sol:16:58: Warning: Unused function parameter. Remove or comment out the variable name to silence this warning.
    function transfer(address _to, uint _value) returns (bool success) {}
                                                         ^----------^
/sb/0x0c116eaa8ebbfbd4295c3361243441f6b50247f7.sol:23:27: Warning: Unused function parameter. Remove or comment out the variable name to silence this warning.
    function transferFrom(address _from, address _to, uint _value) returns (bool success) {}
                          ^-----------^
/sb/0x0c116eaa8ebbfbd4295c3361243441f6b50247f7.sol:23:42: Warning: Unused function parameter. Remove or comment out the variable name to silence this warning.
    function transferFrom(address _from, address _to, uint _value) returns (bool success) {}
                                         ^---------^
/sb/0x0c116eaa8ebbfbd4295c3361243441f6b50247f7.sol:23:55: Warning: Unused function parameter. Remove or comment out the variable name to silence this warning.
    function transferFrom(address _from, address _to, uint _value) returns (bool success) {}
                                                      ^---------^
/sb/0x0c116eaa8ebbfbd4295c3361243441f6b50247f7.sol:23:77: Warning: Unused function parameter. Remove or comment out the variable name to silence this warning.
    function transferFrom(address _from, address _to, uint _value) returns (bool success) {}
                                                                            ^----------^
/sb/0x0c116eaa8ebbfbd4295c3361243441f6b50247f7.sol:29:22: Warning: Unused function parameter. Remove or comment out the variable name to silence this warning.
    function approve(address _spender, uint _value) returns (bool success) {}
                     ^--------------^
/sb/0x0c116eaa8ebbfbd4295c3361243441f6b50247f7.sol:29:40: Warning: Unused function parameter. Remove or comment out the variable name to silence this warning.
    function approve(address _spender, uint _value) returns (bool success) {}
                                       ^---------^
/sb/0x0c116eaa8ebbfbd4295c3361243441f6b50247f7.sol:29:62: Warning: Unused function parameter. Remove or comment out the variable name to silence this warning.
    function approve(address _spender, uint _value) returns (bool success) {}
                                                             ^----------^
/sb/0x0c116eaa8ebbfbd4295c3361243441f6b50247f7.sol:34:24: Warning: Unused function parameter. Remove or comment out the variable name to silence this warning.
    function allowance(address _owner, address _spender) constant returns (uint remaining) {}
                       ^------------^
/sb/0x0c116eaa8ebbfbd4295c3361243441f6b50247f7.sol:34:40: Warning: Unused function parameter. Remove or comment out the variable name to silence this warning.
    function allowance(address _owner, address _spender) constant returns (uint remaining) {}
                                       ^--------------^
/sb/0x0c116eaa8ebbfbd4295c3361243441f6b50247f7.sol:34:76: Warning: Unused function parameter. Remove or comment out the variable name to silence this warning.
    function allowance(address _owner, address _spender) constant returns (uint remaining) {}
                                                                           ^------------^
/sb/0x0c116eaa8ebbfbd4295c3361243441f6b50247f7.sol:6:5: Warning: Function state mutability can be restricted to pure
    function totalSupply() constant returns (uint supply) {}
    ^------------------------------------------------------^
/sb/0x0c116eaa8ebbfbd4295c3361243441f6b50247f7.sol:10:5: Warning: Function state mutability can be restricted to pure
    function balanceOf(address _owner) constant returns (uint balance) {}
    ^-------------------------------------------------------------------^
/sb/0x0c116eaa8ebbfbd4295c3361243441f6b50247f7.sol:16:5: Warning: Function state mutability can be restricted to pure
    function transfer(address _to, uint _value) returns (bool success) {}
    ^-------------------------------------------------------------------^
/sb/0x0c116eaa8ebbfbd4295c3361243441f6b50247f7.sol:23:5: Warning: Function state mutability can be restricted to pure
    function transferFrom(address _from, address _to, uint _value) returns (bool success) {}
    ^--------------------------------------------------------------------------------------^
/sb/0x0c116eaa8ebbfbd4295c3361243441f6b50247f7.sol:29:5: Warning: Function state mutability can be restricted to pure
    function approve(address _spender, uint _value) returns (bool success) {}
    ^-----------------------------------------------------------------------^
/sb/0x0c116eaa8ebbfbd4295c3361243441f6b50247f7.sol:34:5: Warning: Function state mutability can be restricted to pure
    function allowance(address _owner, address _spender) constant returns (uint remaining) {}
    ^---------------------------------------------------------------------------------------^


BIFAToken.totalSupply (../../sb/0x0c116eaa8ebbfbd4295c3361243441f6b50247f7.sol#114) shadows:
	- RegularToken.totalSupply (../../sb/0x0c116eaa8ebbfbd4295c3361243441f6b50247f7.sol#78)
Reference: https://github.com/crytic/slither/wiki/Detector-Documentation#state-variable-shadowing

UnboundedRegularToken.transferFrom(address,address,uint256).allowance (../../sb/0x0c116eaa8ebbfbd4295c3361243441f6b50247f7.sol#94) shadows:
	- RegularToken.allowance(address,address) (../../sb/0x0c116eaa8ebbfbd4295c3361243441f6b50247f7.sol#72-74) (function)
	- Token.allowance(address,address) (../../sb/0x0c116eaa8ebbfbd4295c3361243441f6b50247f7.sol#34) (function)
Reference: https://github.com/crytic/slither/wiki/Detector-Documentation#local-variable-shadowing

Version constraint 0.4.19 contains known severe issues (https://solidity.readthedocs.io/en/latest/bugs.html)
	- DirtyBytesArrayToStorage
	- ABIDecodeTwoDimensionalArrayMemory
	- KeccakCaching
	- EmptyByteArrayCopy
	- DynamicArrayCleanup
	- ImplicitConstructorCallvalueCheck
	- TupleAssignmentMultiStackSlotComponents
	- MemoryArrayCreationOverflow
	- privateCanBeOverridden
	- SignedArrayStorageCopy
	- ABIEncoderV2StorageArrayWithMultiSlotElement
	- DynamicConstructorArgumentsClippedABIV2
	- UninitializedFunctionPointerInConstructor_0.4.x
	- IncorrectEventSignatureInLibraries_0.4.x
	- ABIEncoderV2PackedStorage_0.4.x
	- ExpExponentCleanup
	- EventStructWrongData
	- NestedArrayFunctionCallDecoder.
It is used by:
	- 0.4.19 (../../sb/0x0c116eaa8ebbfbd4295c3361243441f6b50247f7.sol#1)
solc-0.4.19 is an outdated solc version. Use a more recent version (at least 0.8.0), if possible.
Reference: https://github.com/crytic/slither/wiki/Detector-Documentation#incorrect-versions-of-solidity

Parameter RegularToken.transfer(address,uint256)._to (../../sb/0x0c116eaa8ebbfbd4295c3361243441f6b50247f7.sol#42) is not in mixedCase
Parameter RegularToken.transfer(address,uint256)._value (../../sb/0x0c116eaa8ebbfbd4295c3361243441f6b50247f7.sol#42) is not in mixedCase
Parameter RegularToken.transferFrom(address,address,uint256)._from (../../sb/0x0c116eaa8ebbfbd4295c3361243441f6b50247f7.sol#52) is not in mixedCase
Parameter RegularToken.transferFrom(address,address,uint256)._to (../../sb/0x0c116eaa8ebbfbd4295c3361243441f6b50247f7.sol#52) is not in mixedCase
Parameter RegularToken.transferFrom(address,address,uint256)._value (../../sb/0x0c116eaa8ebbfbd4295c3361243441f6b50247f7.sol#52) is not in mixedCase
Parameter RegularToken.balanceOf(address)._owner (../../sb/0x0c116eaa8ebbfbd4295c3361243441f6b50247f7.sol#62) is not in mixedCase
Parameter RegularToken.approve(address,uint256)._spender (../../sb/0x0c116eaa8ebbfbd4295c3361243441f6b50247f7.sol#66) is not in mixedCase
Parameter RegularToken.approve(address,uint256)._value (../../sb/0x0c116eaa8ebbfbd4295c3361243441f6b50247f7.sol#66) is not in mixedCase
Parameter RegularToken.allowance(address,address)._owner (../../sb/0x0c116eaa8ebbfbd4295c3361243441f6b50247f7.sol#72) is not in mixedCase
Parameter RegularToken.allowance(address,address)._spender (../../sb/0x0c116eaa8ebbfbd4295c3361243441f6b50247f7.sol#72) is not in mixedCase
Parameter UnboundedRegularToken.transferFrom(address,address,uint256)._from (../../sb/0x0c116eaa8ebbfbd4295c3361243441f6b50247f7.sol#90) is not in mixedCase
Parameter UnboundedRegularToken.transferFrom(address,address,uint256)._to (../../sb/0x0c116eaa8ebbfbd4295c3361243441f6b50247f7.sol#90) is not in mixedCase
Parameter UnboundedRegularToken.transferFrom(address,address,uint256)._value (../../sb/0x0c116eaa8ebbfbd4295c3361243441f6b50247f7.sol#90) is not in mixedCase
Reference: https://github.com/crytic/slither/wiki/Detector-Documentation#conformance-to-solidity-naming-conventions

BIFAToken.totalSupply (../../sb/0x0c116eaa8ebbfbd4295c3361243441f6b50247f7.sol#114) should be constant 
Reference: https://github.com/crytic/slither/wiki/Detector-Documentation#state-variables-that-could-be-declared-constant
/sb/0x0c116eaa8ebbfbd4295c3361243441f6b50247f7.sol analyzed (4 contracts with 93 detectors), 18 result(s) found
