2025-09-21 14:43:13,732 - Main     - INFO - [1mInitializing seed to 1427655.0[0m
2025-09-21 14:43:13,838 - Fuzzer   - INFO - [1mFuzzing contract [1mBasicToken[0m[0m
2025-09-21 14:43:13,850 - Detector - INFO - [1m[33m-----------------------------------------------------[0m
2025-09-21 14:43:13,850 - Detector - INFO - [1m[33m          !!! Assertion failure detected !!!         [0m
2025-09-21 14:43:13,850 - Detector - INFO - [1m[33m-----------------------------------------------------[0m
2025-09-21 14:43:13,850 - Detector - INFO - [1m[33mSWC-ID:   110[0m
2025-09-21 14:43:13,850 - Detector - INFO - [1m[33mSeverity: Medium[0m
2025-09-21 14:43:13,850 - Detector - INFO - [1m[33m-----------------------------------------------------[0m
2025-09-21 14:43:13,850 - Detector - INFO - [1m[33mSource code line:[0m
2025-09-21 14:43:13,850 - Detector - INFO - [1m[33m-----------------------------------------------------[0m
2025-09-21 14:43:13,850 - Detector - INFO - [1m[33m/sb/0x714f73d7f983bdc11a9ae2cc1ada2644e2044d31.sol:90:1[0m
2025-09-21 14:43:13,850 - Detector - INFO - [1m[33massert(b <= a)[0m
2025-09-21 14:43:13,850 - Detector - INFO - [1m[33m-----------------------------------------------------[0m
2025-09-21 14:43:13,850 - Detector - INFO - [1m[33mTransaction sequence:[0m
2025-09-21 14:43:13,850 - Detector - INFO - [1m[33m-----------------------------------------------------[0m
2025-09-21 14:43:13,850 - Detector - INFO - [1m[33mTransaction - transfer(address,uint256):[0m
2025-09-21 14:43:13,850 - Detector - INFO - [1m[33m-----------------------------------------------------[0m
2025-09-21 14:43:13,850 - Detector - INFO - [1m[33mFrom:      0xdeadbeefdeadbeefdeadbeefdeadbeefdeadbeef[0m
2025-09-21 14:43:13,850 - Detector - INFO - [1m[33mTo:        0x2c5e8a3b3aad9df32339409534e64dfcabcd3a65[0m
2025-09-21 14:43:13,850 - Detector - INFO - [1m[33mValue:     0 Wei[0m
2025-09-21 14:43:13,850 - Detector - INFO - [1m[33mGas Limit: 4500000[0m
2025-09-21 14:43:13,850 - Detector - INFO - [1m[33mInput:     0xa9059cbb000000000000000000000000cafebabe[0m
2025-09-21 14:43:13,850 - Detector - INFO - [1m[33m           cafebabecafebabecafebabecafebabeffffffffff[0m
2025-09-21 14:43:13,850 - Detector - INFO - [1m[33m           ffffffffffffffffffffffffffffffffffffffffff[0m
2025-09-21 14:43:13,851 - Detector - INFO - [1m[33m           ffffffffffff[0m
2025-09-21 14:43:13,851 - Detector - INFO - [1m[33m-----------------------------------------------------[0m
2025-09-21 14:43:13,874 - Analysis - INFO - [1mGeneration number 0 	 Code coverage: 55.56% (160/288) 	 Branch coverage: 80.00% (16/20) 	 Transactions: 9 (8 unique)   	 Time: 0.02989649772644043[0m
2025-09-21 14:43:13,898 - Analysis - INFO - [1mGeneration number 1 	 Code coverage: 55.56% (160/288) 	 Branch coverage: 80.00% (16/20) 	 Transactions: 16 (12 unique)   	 Time: 0.05456900596618652[0m
2025-09-21 14:43:13,952 - Analysis - INFO - [1mGeneration number 2 	 Code coverage: 98.26% (283/288) 	 Branch coverage: 90.00% (18/20) 	 Transactions: 22 (17 unique)   	 Time: 0.10816287994384766[0m
2025-09-21 14:43:14,004 - Analysis - INFO - [1mGeneration number 3 	 Code coverage: 99.31% (286/288) 	 Branch coverage: 95.00% (19/20) 	 Transactions: 32 (22 unique)   	 Time: 0.1607680320739746[0m
2025-09-21 14:43:14,141 - Analysis - INFO - [1mGeneration number 4 	 Code coverage: 99.31% (286/288) 	 Branch coverage: 95.00% (19/20) 	 Transactions: 48 (28 unique)   	 Time: 0.29699254035949707[0m
2025-09-21 14:43:14,291 - Analysis - INFO - [1mGeneration number 5 	 Code coverage: 99.31% (286/288) 	 Branch coverage: 95.00% (19/20) 	 Transactions: 65 (35 unique)   	 Time: 0.4470648765563965[0m
2025-09-21 14:43:14,469 - Analysis - INFO - [1mGeneration number 6 	 Code coverage: 99.31% (286/288) 	 Branch coverage: 95.00% (19/20) 	 Transactions: 83 (39 unique)   	 Time: 0.62540602684021[0m
2025-09-21 14:43:14,673 - Analysis - INFO - [1mGeneration number 7 	 Code coverage: 99.31% (286/288) 	 Branch coverage: 95.00% (19/20) 	 Transactions: 108 (44 unique)   	 Time: 0.8289437294006348[0m
2025-09-21 14:43:14,907 - Analysis - INFO - [1mGeneration number 8 	 Code coverage: 99.31% (286/288) 	 Branch coverage: 95.00% (19/20) 	 Transactions: 132 (49 unique)   	 Time: 1.063220500946045[0m
2025-09-21 14:43:15,127 - Analysis - INFO - [1mGeneration number 9 	 Code coverage: 99.31% (286/288) 	 Branch coverage: 95.00% (19/20) 	 Transactions: 156 (54 unique)   	 Time: 1.2836997509002686[0m
2025-09-21 14:43:15,308 - Analysis - INFO - [1mGeneration number 10 	 Code coverage: 99.31% (286/288) 	 Branch coverage: 95.00% (19/20) 	 Transactions: 177 (57 unique)   	 Time: 1.4638018608093262[0m
2025-09-21 14:43:15,420 - Analysis - INFO - [1m-----------------------------------------------------[0m
2025-09-21 14:43:15,420 - Analysis - INFO - Number of generations: 	 10
2025-09-21 14:43:15,420 - Analysis - INFO - Number of transactions: 	 177 (57 unique)
2025-09-21 14:43:15,420 - Analysis - INFO - Transactions per second: 	 112
2025-09-21 14:43:15,420 - Analysis - INFO - Total code coverage: 	 99.31% (286/288)
2025-09-21 14:43:15,420 - Analysis - INFO - Total branch coverage: 	 95.00% (19/20)
2025-09-21 14:43:15,420 - Analysis - INFO - Total execution time: 	 1.58 seconds
2025-09-21 14:43:15,420 - Analysis - INFO - Total memory consumption: 	 74.14 MB
2025-09-21 14:43:15,422 - Fuzzer   - INFO - [1mFuzzing contract [1mBitcoinPetrol[0m[0m
2025-09-21 14:43:15,447 - Detector - INFO - [1m[33m-----------------------------------------------------[0m
2025-09-21 14:43:15,447 - Detector - INFO - [1m[33m          !!! Assertion failure detected !!!         [0m
2025-09-21 14:43:15,448 - Detector - INFO - [1m[33m-----------------------------------------------------[0m
2025-09-21 14:43:15,448 - Detector - INFO - [1m[33mSWC-ID:   110[0m
2025-09-21 14:43:15,448 - Detector - INFO - [1m[33mSeverity: Medium[0m
2025-09-21 14:43:15,448 - Detector - INFO - [1m[33m-----------------------------------------------------[0m
2025-09-21 14:43:15,448 - Detector - INFO - [1m[33mSource code line:[0m
2025-09-21 14:43:15,448 - Detector - INFO - [1m[33m-----------------------------------------------------[0m
2025-09-21 14:43:15,448 - Detector - INFO - [1m[33m/sb/0x714f73d7f983bdc11a9ae2cc1ada2644e2044d31.sol:90:1[0m
2025-09-21 14:43:15,448 - Detector - INFO - [1m[33massert(b <= a)[0m
2025-09-21 14:43:15,448 - Detector - INFO - [1m[33m-----------------------------------------------------[0m
2025-09-21 14:43:15,448 - Detector - INFO - [1m[33mTransaction sequence:[0m
2025-09-21 14:43:15,448 - Detector - INFO - [1m[33m-----------------------------------------------------[0m
2025-09-21 14:43:15,448 - Detector - INFO - [1m[33mTransaction - transfer(address,uint256):[0m
2025-09-21 14:43:15,448 - Detector - INFO - [1m[33m-----------------------------------------------------[0m
2025-09-21 14:43:15,448 - Detector - INFO - [1m[33mFrom:      0xdeadbeefdeadbeefdeadbeefdeadbeefdeadbeef[0m
2025-09-21 14:43:15,448 - Detector - INFO - [1m[33mTo:        0x2c5e8a3b3aad9df32339409534e64dfcabcd3a65[0m
2025-09-21 14:43:15,448 - Detector - INFO - [1m[33mValue:     0 Wei[0m
2025-09-21 14:43:15,448 - Detector - INFO - [1m[33mGas Limit: 4500000[0m
2025-09-21 14:43:15,448 - Detector - INFO - [1m[33mInput:     0xa9059cbb000000000000000000000000cafebabe[0m
2025-09-21 14:43:15,448 - Detector - INFO - [1m[33m           cafebabecafebabecafebabecafebabe886bc219ff[0m
2025-09-21 14:43:15,448 - Detector - INFO - [1m[33m           d3117c523853b6d4a303f6274f3b244ecd356efd65[0m
2025-09-21 14:43:15,449 - Detector - INFO - [1m[33m           cbf43b6eeb37[0m
2025-09-21 14:43:15,449 - Detector - INFO - [1m[33m-----------------------------------------------------[0m
2025-09-21 14:43:15,639 - Analysis - INFO - [1mGeneration number 0 	 Code coverage: 86.75% (1532/1766) 	 Branch coverage: 80.91% (89/110) 	 Transactions: 37 (36 unique)   	 Time: 0.2080674171447754[0m
2025-09-21 14:43:16,006 - Analysis - INFO - [1mGeneration number 1 	 Code coverage: 86.75% (1532/1766) 	 Branch coverage: 81.82% (90/110) 	 Transactions: 84 (57 unique)   	 Time: 0.5747253894805908[0m
2025-09-21 14:43:16,608 - Analysis - INFO - [1mGeneration number 2 	 Code coverage: 90.32% (1595/1766) 	 Branch coverage: 89.09% (98/110) 	 Transactions: 152 (80 unique)   	 Time: 1.1771786212921143[0m
2025-09-21 14:43:17,345 - Analysis - INFO - [1mGeneration number 3 	 Code coverage: 90.49% (1598/1766) 	 Branch coverage: 90.00% (99/110) 	 Transactions: 248 (106 unique)   	 Time: 1.9143877029418945[0m
2025-09-21 14:43:18,224 - Analysis - INFO - [1mGeneration number 4 	 Code coverage: 95.98% (1695/1766) 	 Branch coverage: 90.00% (99/110) 	 Transactions: 354 (133 unique)   	 Time: 2.793330192565918[0m
2025-09-21 14:43:19,321 - Analysis - INFO - [1mGeneration number 5 	 Code coverage: 95.98% (1695/1766) 	 Branch coverage: 90.00% (99/110) 	 Transactions: 478 (162 unique)   	 Time: 3.8903019428253174[0m
2025-09-21 14:43:20,719 - Analysis - INFO - [1mGeneration number 6 	 Code coverage: 95.98% (1695/1766) 	 Branch coverage: 90.00% (99/110) 	 Transactions: 622 (198 unique)   	 Time: 5.288248777389526[0m
2025-09-21 14:43:22,194 - Analysis - INFO - [1mGeneration number 7 	 Code coverage: 95.98% (1695/1766) 	 Branch coverage: 90.00% (99/110) 	 Transactions: 776 (234 unique)   	 Time: 6.762603521347046[0m
2025-09-21 14:43:23,783 - Analysis - INFO - [1mGeneration number 8 	 Code coverage: 95.98% (1695/1766) 	 Branch coverage: 90.00% (99/110) 	 Transactions: 935 (268 unique)   	 Time: 8.351954936981201[0m
2025-09-21 14:43:25,420 - Analysis - INFO - [1mGeneration number 9 	 Code coverage: 95.98% (1695/1766) 	 Branch coverage: 90.00% (99/110) 	 Transactions: 1098 (304 unique)   	 Time: 9.989409446716309[0m
2025-09-21 14:43:27,093 - Analysis - INFO - [1mGeneration number 10 	 Code coverage: 95.98% (1695/1766) 	 Branch coverage: 90.00% (99/110) 	 Transactions: 1263 (340 unique)   	 Time: 11.66198468208313[0m
2025-09-21 14:43:27,112 - Analysis - INFO - [1m-----------------------------------------------------[0m
2025-09-21 14:43:27,113 - Analysis - INFO - Number of generations: 	 10
2025-09-21 14:43:27,113 - Analysis - INFO - Number of transactions: 	 1263 (340 unique)
2025-09-21 14:43:27,113 - Analysis - INFO - Transactions per second: 	 108
2025-09-21 14:43:27,113 - Analysis - INFO - Total code coverage: 	 95.98% (1695/1766)
2025-09-21 14:43:27,113 - Analysis - INFO - Total branch coverage: 	 90.00% (99/110)
2025-09-21 14:43:27,113 - Analysis - INFO - Total execution time: 	 11.68 seconds
2025-09-21 14:43:27,113 - Analysis - INFO - Total memory consumption: 	 79.75 MB
2025-09-21 14:43:27,114 - Fuzzer   - INFO - [1mFuzzing contract [1mOwnable[0m[0m
2025-09-21 14:43:27,135 - Analysis - INFO - [1mGeneration number 0 	 Code coverage: 65.14% (114/175) 	 Branch coverage: 78.57% (11/14) 	 Transactions: 7 (6 unique)   	 Time: 0.01805734634399414[0m
2025-09-21 14:43:27,149 - Analysis - INFO - [1mGeneration number 1 	 Code coverage: 65.14% (114/175) 	 Branch coverage: 78.57% (11/14) 	 Transactions: 11 (6 unique)   	 Time: 0.03176283836364746[0m
2025-09-21 14:43:27,174 - Analysis - INFO - [1mGeneration number 2 	 Code coverage: 65.14% (114/175) 	 Branch coverage: 78.57% (11/14) 	 Transactions: 15 (6 unique)   	 Time: 0.05636954307556152[0m
2025-09-21 14:43:27,199 - Analysis - INFO - [1mGeneration number 3 	 Code coverage: 65.14% (114/175) 	 Branch coverage: 78.57% (11/14) 	 Transactions: 19 (7 unique)   	 Time: 0.08175969123840332[0m
2025-09-21 14:43:27,230 - Analysis - INFO - [1mGeneration number 4 	 Code coverage: 65.14% (114/175) 	 Branch coverage: 78.57% (11/14) 	 Transactions: 25 (11 unique)   	 Time: 0.11255955696105957[0m
2025-09-21 14:43:27,260 - Analysis - INFO - [1mGeneration number 5 	 Code coverage: 65.14% (114/175) 	 Branch coverage: 78.57% (11/14) 	 Transactions: 30 (12 unique)   	 Time: 0.14240312576293945[0m
2025-09-21 14:43:27,290 - Analysis - INFO - [1mGeneration number 6 	 Code coverage: 65.14% (114/175) 	 Branch coverage: 78.57% (11/14) 	 Transactions: 35 (13 unique)   	 Time: 0.17260503768920898[0m
2025-09-21 14:43:27,316 - Analysis - INFO - [1mGeneration number 7 	 Code coverage: 65.14% (114/175) 	 Branch coverage: 78.57% (11/14) 	 Transactions: 39 (13 unique)   	 Time: 0.19841289520263672[0m
2025-09-21 14:43:27,337 - Analysis - INFO - [1mGeneration number 8 	 Code coverage: 65.14% (114/175) 	 Branch coverage: 78.57% (11/14) 	 Transactions: 42 (13 unique)   	 Time: 0.21930980682373047[0m
2025-09-21 14:43:27,358 - Analysis - INFO - [1mGeneration number 9 	 Code coverage: 65.14% (114/175) 	 Branch coverage: 78.57% (11/14) 	 Transactions: 45 (13 unique)   	 Time: 0.24032020568847656[0m
2025-09-21 14:43:27,375 - Analysis - INFO - [1mGeneration number 10 	 Code coverage: 65.14% (114/175) 	 Branch coverage: 78.57% (11/14) 	 Transactions: 47 (13 unique)   	 Time: 0.25782084465026855[0m
2025-09-21 14:43:27,385 - Analysis - INFO - [1m-----------------------------------------------------[0m
2025-09-21 14:43:27,385 - Analysis - INFO - Number of generations: 	 10
2025-09-21 14:43:27,385 - Analysis - INFO - Number of transactions: 	 47 (13 unique)
2025-09-21 14:43:27,386 - Analysis - INFO - Transactions per second: 	 175
2025-09-21 14:43:27,386 - Analysis - INFO - Total code coverage: 	 65.14% (114/175)
2025-09-21 14:43:27,386 - Analysis - INFO - Total branch coverage: 	 78.57% (11/14)
2025-09-21 14:43:27,386 - Analysis - INFO - Total execution time: 	 0.27 seconds
2025-09-21 14:43:27,386 - Analysis - INFO - Total memory consumption: 	 79.75 MB
2025-09-21 14:43:27,387 - Fuzzer   - INFO - [1mFuzzing contract [1mPausable[0m[0m
2025-09-21 14:43:27,435 - Analysis - INFO - [1mGeneration number 0 	 Code coverage: 68.45% (243/355) 	 Branch coverage: 76.47% (26/34) 	 Transactions: 13 (12 unique)   	 Time: 0.043729543685913086[0m
2025-09-21 14:43:27,463 - Analysis - INFO - [1mGeneration number 1 	 Code coverage: 68.45% (243/355) 	 Branch coverage: 76.47% (26/34) 	 Transactions: 20 (13 unique)   	 Time: 0.07175350189208984[0m
2025-09-21 14:43:27,511 - Analysis - INFO - [1mGeneration number 2 	 Code coverage: 68.45% (243/355) 	 Branch coverage: 76.47% (26/34) 	 Transactions: 25 (15 unique)   	 Time: 0.11972784996032715[0m
2025-09-21 14:43:27,550 - Analysis - INFO - [1mGeneration number 3 	 Code coverage: 77.18% (274/355) 	 Branch coverage: 82.35% (28/34) 	 Transactions: 29 (16 unique)   	 Time: 0.1585545539855957[0m
2025-09-21 14:43:27,571 - Analysis - INFO - [1mGeneration number 4 	 Code coverage: 81.69% (290/355) 	 Branch coverage: 85.29% (29/34) 	 Transactions: 34 (18 unique)   	 Time: 0.18019556999206543[0m
2025-09-21 14:43:27,630 - Analysis - INFO - [1mGeneration number 5 	 Code coverage: 81.69% (290/355) 	 Branch coverage: 85.29% (29/34) 	 Transactions: 49 (22 unique)   	 Time: 0.23876500129699707[0m
2025-09-21 14:43:27,755 - Analysis - INFO - [1mGeneration number 6 	 Code coverage: 81.69% (290/355) 	 Branch coverage: 85.29% (29/34) 	 Transactions: 76 (26 unique)   	 Time: 0.36394500732421875[0m
2025-09-21 14:43:27,886 - Analysis - INFO - [1mGeneration number 7 	 Code coverage: 82.54% (293/355) 	 Branch coverage: 88.24% (30/34) 	 Transactions: 104 (28 unique)   	 Time: 0.4948000907897949[0m
2025-09-21 14:43:28,035 - Analysis - INFO - [1mGeneration number 8 	 Code coverage: 82.54% (293/355) 	 Branch coverage: 88.24% (30/34) 	 Transactions: 142 (32 unique)   	 Time: 0.6443572044372559[0m
2025-09-21 14:43:28,194 - Analysis - INFO - [1mGeneration number 9 	 Code coverage: 82.54% (293/355) 	 Branch coverage: 88.24% (30/34) 	 Transactions: 180 (34 unique)   	 Time: 0.803525447845459[0m
2025-09-21 14:43:28,347 - Analysis - INFO - [1mGeneration number 10 	 Code coverage: 82.54% (293/355) 	 Branch coverage: 88.24% (30/34) 	 Transactions: 216 (37 unique)   	 Time: 0.9555826187133789[0m
2025-09-21 14:43:28,357 - Analysis - INFO - [1m-----------------------------------------------------[0m
2025-09-21 14:43:28,357 - Analysis - INFO - Number of generations: 	 10
2025-09-21 14:43:28,357 - Analysis - INFO - Number of transactions: 	 216 (37 unique)
2025-09-21 14:43:28,357 - Analysis - INFO - Transactions per second: 	 224
2025-09-21 14:43:28,357 - Analysis - INFO - Total code coverage: 	 82.54% (293/355)
2025-09-21 14:43:28,357 - Analysis - INFO - Total branch coverage: 	 88.24% (30/34)
2025-09-21 14:43:28,357 - Analysis - INFO - Total execution time: 	 0.97 seconds
2025-09-21 14:43:28,358 - Analysis - INFO - Total memory consumption: 	 79.75 MB
2025-09-21 14:43:28,359 - Fuzzer   - INFO - [1mFuzzing contract [1mStandardToken[0m[0m
2025-09-21 14:43:28,406 - Detector - INFO - [1m[33m-----------------------------------------------------[0m
2025-09-21 14:43:28,406 - Detector - INFO - [1m[33m          !!! Assertion failure detected !!!         [0m
2025-09-21 14:43:28,406 - Detector - INFO - [1m[33m-----------------------------------------------------[0m
2025-09-21 14:43:28,406 - Detector - INFO - [1m[33mSWC-ID:   110[0m
2025-09-21 14:43:28,406 - Detector - INFO - [1m[33mSeverity: Medium[0m
2025-09-21 14:43:28,406 - Detector - INFO - [1m[33m-----------------------------------------------------[0m
2025-09-21 14:43:28,406 - Detector - INFO - [1m[33mSource code line:[0m
2025-09-21 14:43:28,407 - Detector - INFO - [1m[33m-----------------------------------------------------[0m
2025-09-21 14:43:28,407 - Detector - INFO - [1m[33m/sb/0x714f73d7f983bdc11a9ae2cc1ada2644e2044d31.sol:90:1[0m
2025-09-21 14:43:28,407 - Detector - INFO - [1m[33massert(b <= a)[0m
2025-09-21 14:43:28,407 - Detector - INFO - [1m[33m-----------------------------------------------------[0m
2025-09-21 14:43:28,407 - Detector - INFO - [1m[33mTransaction sequence:[0m
2025-09-21 14:43:28,407 - Detector - INFO - [1m[33m-----------------------------------------------------[0m
2025-09-21 14:43:28,407 - Detector - INFO - [1m[33mTransaction - transferFrom(address,address,uint256):[0m
2025-09-21 14:43:28,407 - Detector - INFO - [1m[33m-----------------------------------------------------[0m
2025-09-21 14:43:28,407 - Detector - INFO - [1m[33mFrom:      0xcafebabecafebabecafebabecafebabecafebabe[0m
2025-09-21 14:43:28,407 - Detector - INFO - [1m[33mTo:        0x2c5e8a3b3aad9df32339409534e64dfcabcd3a65[0m
2025-09-21 14:43:28,407 - Detector - INFO - [1m[33mValue:     0 Wei[0m
2025-09-21 14:43:28,407 - Detector - INFO - [1m[33mGas Limit: 4500000[0m
2025-09-21 14:43:28,407 - Detector - INFO - [1m[33mInput:     0x23b872dd000000000000000000000000deadbeef[0m
2025-09-21 14:43:28,407 - Detector - INFO - [1m[33m           deadbeefdeadbeefdeadbeefdeadbeef0000000000[0m
2025-09-21 14:43:28,407 - Detector - INFO - [1m[33m           00000000000000cafebabecafebabecafebabecafe[0m
2025-09-21 14:43:28,407 - Detector - INFO - [1m[33m           babecafebabe39afb03f39b12f33ee5383dcdc892e[0m
2025-09-21 14:43:28,407 - Detector - INFO - [1m[33m           2d372db9e2a31e11e0e3deeaea7f2a22ae[0m
2025-09-21 14:43:28,407 - Detector - INFO - [1m[33m-----------------------------------------------------[0m
2025-09-21 14:43:28,461 - Analysis - INFO - [1mGeneration number 0 	 Code coverage: 73.37% (752/1025) 	 Branch coverage: 86.36% (38/44) 	 Transactions: 19 (18 unique)   	 Time: 0.09579706192016602[0m
2025-09-21 14:43:28,603 - Analysis - INFO - [1mGeneration number 1 	 Code coverage: 73.37% (752/1025) 	 Branch coverage: 86.36% (38/44) 	 Transactions: 43 (32 unique)   	 Time: 0.23829388618469238[0m
2025-09-21 14:43:28,997 - Analysis - INFO - [1mGeneration number 2 	 Code coverage: 90.83% (931/1025) 	 Branch coverage: 93.18% (41/44) 	 Transactions: 77 (48 unique)   	 Time: 0.6323504447937012[0m
2025-09-21 14:43:30,048 - Analysis - INFO - [1mGeneration number 3 	 Code coverage: 90.83% (931/1025) 	 Branch coverage: 93.18% (41/44) 	 Transactions: 148 (66 unique)   	 Time: 1.6828062534332275[0m
2025-09-21 14:43:30,911 - Analysis - INFO - [1mGeneration number 4 	 Code coverage: 90.83% (931/1025) 	 Branch coverage: 93.18% (41/44) 	 Transactions: 219 (84 unique)   	 Time: 2.5464141368865967[0m
2025-09-21 14:43:31,561 - Analysis - INFO - [1mGeneration number 5 	 Code coverage: 90.83% (931/1025) 	 Branch coverage: 93.18% (41/44) 	 Transactions: 293 (102 unique)   	 Time: 3.1956470012664795[0m
2025-09-21 14:43:32,293 - Analysis - INFO - [1mGeneration number 6 	 Code coverage: 90.83% (931/1025) 	 Branch coverage: 93.18% (41/44) 	 Transactions: 370 (120 unique)   	 Time: 3.9285733699798584[0m
2025-09-21 14:43:33,013 - Analysis - INFO - [1mGeneration number 7 	 Code coverage: 90.83% (931/1025) 	 Branch coverage: 93.18% (41/44) 	 Transactions: 448 (138 unique)   	 Time: 4.6478025913238525[0m
2025-09-21 14:43:34,134 - Analysis - INFO - [1mGeneration number 8 	 Code coverage: 90.83% (931/1025) 	 Branch coverage: 93.18% (41/44) 	 Transactions: 529 (156 unique)   	 Time: 5.769458293914795[0m
2025-09-21 14:43:35,299 - Analysis - INFO - [1mGeneration number 9 	 Code coverage: 90.83% (931/1025) 	 Branch coverage: 93.18% (41/44) 	 Transactions: 611 (174 unique)   	 Time: 6.933679819107056[0m
2025-09-21 14:43:36,664 - Analysis - INFO - [1mGeneration number 10 	 Code coverage: 90.83% (931/1025) 	 Branch coverage: 93.18% (41/44) 	 Transactions: 690 (192 unique)   	 Time: 8.299380540847778[0m
2025-09-21 14:43:36,688 - Analysis - INFO - [1m-----------------------------------------------------[0m
2025-09-21 14:43:36,688 - Analysis - INFO - Number of generations: 	 10
2025-09-21 14:43:36,688 - Analysis - INFO - Number of transactions: 	 690 (192 unique)
2025-09-21 14:43:36,688 - Analysis - INFO - Transactions per second: 	 83
2025-09-21 14:43:36,688 - Analysis - INFO - Total code coverage: 	 90.83% (931/1025)
2025-09-21 14:43:36,688 - Analysis - INFO - Total branch coverage: 	 93.18% (41/44)
2025-09-21 14:43:36,688 - Analysis - INFO - Total execution time: 	 8.32 seconds
2025-09-21 14:43:36,688 - Analysis - INFO - Total memory consumption: 	 83.13 MB

     ______            ______                _           
    / ____/___  ____  / ____/_  __________  (_)_  _______
   / /   / __ \/ __ \/ /_  / / / /_  /_  / / / / / / ___/
  / /___/ /_/ / / / / __/ / /_/ / / /_/ /_/ / /_/ (__  ) 
  \____/\____/_/ /_/_/    \__,_/ /___/___/_/\__,_/____/  

delteed file
