Arguments passed: ['/home/user/Documents/smartbugsOriginale/sb/__main__.py', '-t', 'confuzzius', 'maian', 'manticore', 'mythril', 'securify', 'slither', 'smartcheck', 'conkas', 'ethainter', 'ethor', 'honeybadger', 'madmax', 'oyente', 'osiris', 'semgrep', 'sfuzz', 'solhint', '-f', 'samples/Split2/BECToken.sol', 'samples/Split2/insecure_transfer.sol', 'samples/Split2/integer_overflow_1.sol', 'samples/Split2/integer_overflow_add.sol', 'samples/Split2/lottery.sol', 'samples/Split2/open_address_lottery.sol', 'samples/Split2/random_number_generator.sol', '--timeout', '900']
Settings: {files: [(None, 'samples/Split2/BECToken.sol'), (None, 'samples/Split2/insecure_transfer.sol'), (None, 'samples/Split2/integer_overflow_1.sol'), (None, 'samples/Split2/integer_overflow_add.sol'), (None, 'samples/Split2/lottery.sol'), (None, 'samples/Split2/open_address_lottery.sol'), (None, 'samples/Split2/random_number_generator.sol')], main: False, runtime: False, tools: ['confuzzius', 'maian', 'manticore', 'mythril', 'securify', 'slither', 'smartcheck', 'conkas', 'ethainter', 'ethor', 'honeybadger', 'madmax', 'oyente', 'osiris', 'semgrep', 'sfuzz', 'solhint'], runid: 20250905_0146, overwrite: False, processes: 1, timeout: 900, cpu_quota: None, mem_limit: None, results: results/${TOOL}/20250905_0146/${FILENAME}, log: results/logs/20250905_0146.log, json: False, sarif: False, quiet: False}
Starting task 1/98: solhint-3.3.8 and samples/Split2/insecure_transfer.sol
Starting task 2/98: smartcheck and samples/Split2/BECToken.sol
Starting task 3/98: conkas and samples/Split2/lottery.sol
Starting task 4/98: maian and samples/Split2/BECToken.sol
Starting task 5/98: sfuzz and samples/Split2/lottery.sol
Starting task 6/98: semgrep and samples/Split2/lottery.sol
Starting task 7/98: sfuzz and samples/Split2/random_number_generator.sol
Starting task 8/98: securify and samples/Split2/open_address_lottery.sol
Starting task 9/98: conkas and samples/Split2/integer_overflow_add.sol
Starting task 10/98: securify and samples/Split2/random_number_generator.sol
Starting task 11/98: smartcheck and samples/Split2/open_address_lottery.sol
Starting task 12/98: manticore-0.3.7 and samples/Split2/open_address_lottery.sol
Starting task 13/98: solhint-3.3.8 and samples/Split2/lottery.sol
Starting task 14/98: sfuzz and samples/Split2/integer_overflow_add.sol
Starting task 15/98: mythril-0.24.7 and samples/Split2/integer_overflow_add.sol
Starting task 16/98: sfuzz and samples/Split2/open_address_lottery.sol
Starting task 17/98: oyente and samples/Split2/insecure_transfer.sol
Starting task 18/98: semgrep and samples/Split2/insecure_transfer.sol
Starting task 19/98: smartcheck and samples/Split2/random_number_generator.sol
Starting task 20/98: osiris and samples/Split2/random_number_generator.sol
Starting task 21/98: oyente and samples/Split2/random_number_generator.sol
Starting task 22/98: securify and samples/Split2/integer_overflow_add.sol
Starting task 23/98: oyente and samples/Split2/integer_overflow_1.sol
Starting task 24/98: slither-0.10.4 and samples/Split2/lottery.sol
Starting task 25/98: osiris and samples/Split2/integer_overflow_1.sol
Starting task 26/98: securify and samples/Split2/BECToken.sol
Starting task 27/98: mythril-0.24.7 and samples/Split2/insecure_transfer.sol
Starting task 28/98: securify and samples/Split2/lottery.sol
Starting task 29/98: confuzzius and samples/Split2/random_number_generator.sol
Starting task 30/98: maian and samples/Split2/integer_overflow_1.sol
Starting task 31/98: solhint-3.3.8 and samples/Split2/integer_overflow_add.sol
Starting task 32/98: mythril-0.24.7 and samples/Split2/lottery.sol
Starting task 33/98: osiris and samples/Split2/integer_overflow_add.sol
Starting task 34/98: manticore-0.3.7 and samples/Split2/integer_overflow_1.sol
Starting task 35/98: confuzzius and samples/Split2/open_address_lottery.sol
Starting task 36/98: slither-0.10.4 and samples/Split2/integer_overflow_add.sol
Starting task 37/98: confuzzius and samples/Split2/integer_overflow_add.sol
Starting task 38/98: sfuzz and samples/Split2/insecure_transfer.sol
Starting task 39/98: slither-0.10.4 and samples/Split2/BECToken.sol
Starting task 40/98: conkas and samples/Split2/random_number_generator.sol
Starting task 41/98: manticore-0.3.7 and samples/Split2/random_number_generator.sol
Starting task 42/98: solhint-3.3.8 and samples/Split2/random_number_generator.sol
Starting task 43/98: maian and samples/Split2/insecure_transfer.sol
Starting task 44/98: confuzzius and samples/Split2/integer_overflow_1.sol
Starting task 45/98: sfuzz and samples/Split2/BECToken.sol
Starting task 46/98: slither-0.10.4 and samples/Split2/open_address_lottery.sol
Starting task 47/98: manticore-0.3.7 and samples/Split2/BECToken.sol
Starting task 48/98: conkas and samples/Split2/open_address_lottery.sol
Starting task 49/98: maian and samples/Split2/random_number_generator.sol
Starting task 50/98: maian and samples/Split2/integer_overflow_add.sol
Starting task 51/98: conkas and samples/Split2/BECToken.sol
Starting task 52/98: honeybadger and samples/Split2/lottery.sol
Starting task 53/98: smartcheck and samples/Split2/insecure_transfer.sol
Starting task 54/98: mythril-0.24.7 and samples/Split2/BECToken.sol
Starting task 55/98: oyente and samples/Split2/lottery.sol
Starting task 56/98: manticore-0.3.7 and samples/Split2/integer_overflow_add.sol
Starting task 57/98: osiris and samples/Split2/insecure_transfer.sol
Starting task 58/98: smartcheck and samples/Split2/integer_overflow_1.sol
Starting task 59/98: maian and samples/Split2/lottery.sol
Starting task 60/98: slither-0.10.4 and samples/Split2/random_number_generator.sol
Starting task 61/98: oyente and samples/Split2/open_address_lottery.sol
Starting task 62/98: conkas and samples/Split2/integer_overflow_1.sol
Starting task 63/98: honeybadger and samples/Split2/BECToken.sol
Starting task 64/98: mythril-0.24.7 and samples/Split2/random_number_generator.sol
Starting task 65/98: semgrep and samples/Split2/random_number_generator.sol
Starting task 66/98: manticore-0.3.7 and samples/Split2/lottery.sol
Starting task 67/98: honeybadger and samples/Split2/integer_overflow_1.sol
Starting task 68/98: slither-0.10.4 and samples/Split2/insecure_transfer.sol
Starting task 69/98: semgrep and samples/Split2/BECToken.sol
Starting task 70/98: smartcheck and samples/Split2/integer_overflow_add.sol
Starting task 71/98: slither-0.10.4 and samples/Split2/integer_overflow_1.sol
Starting task 72/98: manticore-0.3.7 and samples/Split2/insecure_transfer.sol
Starting task 73/98: maian and samples/Split2/open_address_lottery.sol
Starting task 74/98: honeybadger and samples/Split2/random_number_generator.sol
Starting task 75/98: securify and samples/Split2/insecure_transfer.sol
Starting task 76/98: securify and samples/Split2/integer_overflow_1.sol
Starting task 77/98: osiris and samples/Split2/open_address_lottery.sol
Starting task 78/98: confuzzius and samples/Split2/lottery.sol
Starting task 79/98: osiris and samples/Split2/lottery.sol
Starting task 80/98: honeybadger and samples/Split2/open_address_lottery.sol
Starting task 81/98: semgrep and samples/Split2/integer_overflow_1.sol
Starting task 82/98: sfuzz and samples/Split2/integer_overflow_1.sol
Starting task 83/98: semgrep and samples/Split2/integer_overflow_add.sol
Starting task 84/98: confuzzius and samples/Split2/BECToken.sol
Starting task 85/98: confuzzius and samples/Split2/insecure_transfer.sol
Starting task 86/98: conkas and samples/Split2/insecure_transfer.sol
Starting task 87/98: honeybadger and samples/Split2/integer_overflow_add.sol
Starting task 88/98: solhint-3.3.8 and samples/Split2/integer_overflow_1.sol
Starting task 89/98: mythril-0.24.7 and samples/Split2/open_address_lottery.sol
Starting task 90/98: mythril-0.24.7 and samples/Split2/integer_overflow_1.sol
Starting task 91/98: semgrep and samples/Split2/open_address_lottery.sol
Starting task 92/98: oyente and samples/Split2/integer_overflow_add.sol
Starting task 93/98: solhint-3.3.8 and samples/Split2/open_address_lottery.sol
Starting task 94/98: osiris and samples/Split2/BECToken.sol
Starting task 95/98: honeybadger and samples/Split2/insecure_transfer.sol
Starting task 96/98: oyente and samples/Split2/BECToken.sol
Starting task 97/98: solhint-3.3.8 and samples/Split2/BECToken.sol
Starting task 98/98: smartcheck and samples/Split2/lottery.sol
Analysis completed in 4:28:34.
