Arguments passed: ['/home/user/Documents/smartbugs Originale/sb/__main__.py', '-t', 'all', '-f', '/home/user/Documents/GitHub/smartbugs-curated/Splits/QuartoSplit/0x01f8c4e3fa3edeb29e514cba738d87ce8c091d3f.sol', '/home/user/Documents/GitHub/smartbugs-curated/Splits/QuartoSplit/0x4e73b32ed6c35f570686b89848e5f39f20ecc106.sol', '/home/user/Documents/GitHub/smartbugs-curated/Splits/QuartoSplit/0x7a8721a9d64c74da899424c1b52acbf58ddc9782.sol', '/home/user/Documents/GitHub/smartbugs-curated/Splits/QuartoSplit/0x7b368c4e805c3870b6c49a3f1f49f69af8662cf3.sol', '/home/user/Documents/GitHub/smartbugs-curated/Splits/QuartoSplit/0x8c7777c45481dba411450c228cb692ac3d550344.sol', '/home/user/Documents/GitHub/smartbugs-curated/Splits/QuartoSplit/guess_the_random_number.sol', '/home/user/Documents/GitHub/smartbugs-curated/Splits/QuartoSplit/short_address_example.sol', '/home/user/Documents/GitHub/smartbugs-curated/Splits/QuartoSplit/smart_billions.sol', '--timeout', '900', '--runid', '20250705_0022']
Settings: {files: [(None, '/home/user/Documents/GitHub/smartbugs-curated/Splits/QuartoSplit/0x01f8c4e3fa3edeb29e514cba738d87ce8c091d3f.sol'), (None, '/home/user/Documents/GitHub/smartbugs-curated/Splits/QuartoSplit/0x4e73b32ed6c35f570686b89848e5f39f20ecc106.sol'), (None, '/home/user/Documents/GitHub/smartbugs-curated/Splits/QuartoSplit/0x7a8721a9d64c74da899424c1b52acbf58ddc9782.sol'), (None, '/home/user/Documents/GitHub/smartbugs-curated/Splits/QuartoSplit/0x7b368c4e805c3870b6c49a3f1f49f69af8662cf3.sol'), (None, '/home/user/Documents/GitHub/smartbugs-curated/Splits/QuartoSplit/0x8c7777c45481dba411450c228cb692ac3d550344.sol'), (None, '/home/user/Documents/GitHub/smartbugs-curated/Splits/QuartoSplit/guess_the_random_number.sol'), (None, '/home/user/Documents/GitHub/smartbugs-curated/Splits/QuartoSplit/short_address_example.sol'), (None, '/home/user/Documents/GitHub/smartbugs-curated/Splits/QuartoSplit/smart_billions.sol')], main: False, runtime: False, tools: ['all'], runid: 20250705_0022, overwrite: False, processes: 1, timeout: 900, cpu_quota: None, mem_limit: None, results: results/${TOOL}/20250705_0022/${FILENAME}, log: results/logs/20250705_0022.log, json: False, sarif: False, quiet: False}
Starting task 1/112: maian and /home/user/Documents/GitHub/smartbugs-curated/Splits/QuartoSplit/short_address_example.sol
Starting task 2/112: semgrep and /home/user/Documents/GitHub/smartbugs-curated/Splits/QuartoSplit/smart_billions.sol
Starting task 3/112: sfuzz and /home/user/Documents/GitHub/smartbugs-curated/Splits/QuartoSplit/guess_the_random_number.sol
Starting task 4/112: slither-0.10.4 and /home/user/Documents/GitHub/smartbugs-curated/Splits/QuartoSplit/0x7b368c4e805c3870b6c49a3f1f49f69af8662cf3.sol
Starting task 5/112: semgrep and /home/user/Documents/GitHub/smartbugs-curated/Splits/QuartoSplit/0x4e73b32ed6c35f570686b89848e5f39f20ecc106.sol
Starting task 6/112: smartcheck and /home/user/Documents/GitHub/smartbugs-curated/Splits/QuartoSplit/0x8c7777c45481dba411450c228cb692ac3d550344.sol
Starting task 7/112: sfuzz and /home/user/Documents/GitHub/smartbugs-curated/Splits/QuartoSplit/smart_billions.sol
Starting task 8/112: honeybadger and /home/user/Documents/GitHub/smartbugs-curated/Splits/QuartoSplit/0x7a8721a9d64c74da899424c1b52acbf58ddc9782.sol
Starting task 9/112: oyente and /home/user/Documents/GitHub/smartbugs-curated/Splits/QuartoSplit/0x4e73b32ed6c35f570686b89848e5f39f20ecc106.sol
Starting task 10/112: securify and /home/user/Documents/GitHub/smartbugs-curated/Splits/QuartoSplit/smart_billions.sol
Starting task 11/112: mythril-0.24.7 and /home/user/Documents/GitHub/smartbugs-curated/Splits/QuartoSplit/guess_the_random_number.sol
Starting task 12/112: securify and /home/user/Documents/GitHub/smartbugs-curated/Splits/QuartoSplit/0x7b368c4e805c3870b6c49a3f1f49f69af8662cf3.sol
Starting task 13/112: smartcheck and /home/user/Documents/GitHub/smartbugs-curated/Splits/QuartoSplit/0x7b368c4e805c3870b6c49a3f1f49f69af8662cf3.sol
Starting task 14/112: semgrep and /home/user/Documents/GitHub/smartbugs-curated/Splits/QuartoSplit/0x8c7777c45481dba411450c228cb692ac3d550344.sol
Starting task 15/112: semgrep and /home/user/Documents/GitHub/smartbugs-curated/Splits/QuartoSplit/guess_the_random_number.sol
Starting task 16/112: osiris and /home/user/Documents/GitHub/smartbugs-curated/Splits/QuartoSplit/smart_billions.sol
Starting task 17/112: confuzzius and /home/user/Documents/GitHub/smartbugs-curated/Splits/QuartoSplit/0x7a8721a9d64c74da899424c1b52acbf58ddc9782.sol
Starting task 18/112: oyente and /home/user/Documents/GitHub/smartbugs-curated/Splits/QuartoSplit/0x7a8721a9d64c74da899424c1b52acbf58ddc9782.sol
Starting task 19/112: securify and /home/user/Documents/GitHub/smartbugs-curated/Splits/QuartoSplit/0x01f8c4e3fa3edeb29e514cba738d87ce8c091d3f.sol
Starting task 20/112: solhint-3.3.8 and /home/user/Documents/GitHub/smartbugs-curated/Splits/QuartoSplit/guess_the_random_number.sol
Starting task 21/112: conkas and /home/user/Documents/GitHub/smartbugs-curated/Splits/QuartoSplit/0x7b368c4e805c3870b6c49a3f1f49f69af8662cf3.sol
Starting task 22/112: sfuzz and /home/user/Documents/GitHub/smartbugs-curated/Splits/QuartoSplit/0x7a8721a9d64c74da899424c1b52acbf58ddc9782.sol
Starting task 23/112: confuzzius and /home/user/Documents/GitHub/smartbugs-curated/Splits/QuartoSplit/0x8c7777c45481dba411450c228cb692ac3d550344.sol
Starting task 24/112: oyente and /home/user/Documents/GitHub/smartbugs-curated/Splits/QuartoSplit/0x8c7777c45481dba411450c228cb692ac3d550344.sol
Starting task 25/112: conkas and /home/user/Documents/GitHub/smartbugs-curated/Splits/QuartoSplit/smart_billions.sol
Starting task 26/112: conkas and /home/user/Documents/GitHub/smartbugs-curated/Splits/QuartoSplit/0x8c7777c45481dba411450c228cb692ac3d550344.sol
Starting task 27/112: smartcheck and /home/user/Documents/GitHub/smartbugs-curated/Splits/QuartoSplit/0x7a8721a9d64c74da899424c1b52acbf58ddc9782.sol
Starting task 28/112: securify and /home/user/Documents/GitHub/smartbugs-curated/Splits/QuartoSplit/guess_the_random_number.sol
Starting task 29/112: manticore-0.3.7 and /home/user/Documents/GitHub/smartbugs-curated/Splits/QuartoSplit/0x7b368c4e805c3870b6c49a3f1f49f69af8662cf3.sol
Starting task 30/112: smartcheck and /home/user/Documents/GitHub/smartbugs-curated/Splits/QuartoSplit/guess_the_random_number.sol
Starting task 31/112: confuzzius and /home/user/Documents/GitHub/smartbugs-curated/Splits/QuartoSplit/0x7b368c4e805c3870b6c49a3f1f49f69af8662cf3.sol
Starting task 32/112: oyente and /home/user/Documents/GitHub/smartbugs-curated/Splits/QuartoSplit/smart_billions.sol
Starting task 33/112: manticore-0.3.7 and /home/user/Documents/GitHub/smartbugs-curated/Splits/QuartoSplit/0x7a8721a9d64c74da899424c1b52acbf58ddc9782.sol
Starting task 34/112: honeybadger and /home/user/Documents/GitHub/smartbugs-curated/Splits/QuartoSplit/0x4e73b32ed6c35f570686b89848e5f39f20ecc106.sol
Starting task 35/112: confuzzius and /home/user/Documents/GitHub/smartbugs-curated/Splits/QuartoSplit/short_address_example.sol
Starting task 36/112: manticore-0.3.7 and /home/user/Documents/GitHub/smartbugs-curated/Splits/QuartoSplit/0x01f8c4e3fa3edeb29e514cba738d87ce8c091d3f.sol
Starting task 37/112: oyente and /home/user/Documents/GitHub/smartbugs-curated/Splits/QuartoSplit/guess_the_random_number.sol
Starting task 38/112: smartcheck and /home/user/Documents/GitHub/smartbugs-curated/Splits/QuartoSplit/smart_billions.sol
Starting task 39/112: mythril-0.24.7 and /home/user/Documents/GitHub/smartbugs-curated/Splits/QuartoSplit/0x4e73b32ed6c35f570686b89848e5f39f20ecc106.sol
Starting task 40/112: slither-0.10.4 and /home/user/Documents/GitHub/smartbugs-curated/Splits/QuartoSplit/0x8c7777c45481dba411450c228cb692ac3d550344.sol
Starting task 41/112: sfuzz and /home/user/Documents/GitHub/smartbugs-curated/Splits/QuartoSplit/0x8c7777c45481dba411450c228cb692ac3d550344.sol
Starting task 42/112: osiris and /home/user/Documents/GitHub/smartbugs-curated/Splits/QuartoSplit/0x7b368c4e805c3870b6c49a3f1f49f69af8662cf3.sol
Starting task 43/112: solhint-3.3.8 and /home/user/Documents/GitHub/smartbugs-curated/Splits/QuartoSplit/short_address_example.sol
Starting task 44/112: mythril-0.24.7 and /home/user/Documents/GitHub/smartbugs-curated/Splits/QuartoSplit/short_address_example.sol
Starting task 45/112: smartcheck and /home/user/Documents/GitHub/smartbugs-curated/Splits/QuartoSplit/0x4e73b32ed6c35f570686b89848e5f39f20ecc106.sol
Starting task 46/112: oyente and /home/user/Documents/GitHub/smartbugs-curated/Splits/QuartoSplit/0x7b368c4e805c3870b6c49a3f1f49f69af8662cf3.sol
Starting task 47/112: honeybadger and /home/user/Documents/GitHub/smartbugs-curated/Splits/QuartoSplit/0x8c7777c45481dba411450c228cb692ac3d550344.sol
Starting task 48/112: slither-0.10.4 and /home/user/Documents/GitHub/smartbugs-curated/Splits/QuartoSplit/0x4e73b32ed6c35f570686b89848e5f39f20ecc106.sol
Starting task 49/112: mythril-0.24.7 and /home/user/Documents/GitHub/smartbugs-curated/Splits/QuartoSplit/0x7a8721a9d64c74da899424c1b52acbf58ddc9782.sol
Starting task 50/112: semgrep and /home/user/Documents/GitHub/smartbugs-curated/Splits/QuartoSplit/0x01f8c4e3fa3edeb29e514cba738d87ce8c091d3f.sol
Starting task 51/112: conkas and /home/user/Documents/GitHub/smartbugs-curated/Splits/QuartoSplit/0x01f8c4e3fa3edeb29e514cba738d87ce8c091d3f.sol
Starting task 52/112: confuzzius and /home/user/Documents/GitHub/smartbugs-curated/Splits/QuartoSplit/smart_billions.sol
Starting task 53/112: honeybadger and /home/user/Documents/GitHub/smartbugs-curated/Splits/QuartoSplit/smart_billions.sol
Starting task 54/112: sfuzz and /home/user/Documents/GitHub/smartbugs-curated/Splits/QuartoSplit/0x4e73b32ed6c35f570686b89848e5f39f20ecc106.sol
Starting task 55/112: securify and /home/user/Documents/GitHub/smartbugs-curated/Splits/QuartoSplit/0x7a8721a9d64c74da899424c1b52acbf58ddc9782.sol
Starting task 56/112: semgrep and /home/user/Documents/GitHub/smartbugs-curated/Splits/QuartoSplit/0x7b368c4e805c3870b6c49a3f1f49f69af8662cf3.sol
Starting task 57/112: osiris and /home/user/Documents/GitHub/smartbugs-curated/Splits/QuartoSplit/0x7a8721a9d64c74da899424c1b52acbf58ddc9782.sol
Starting task 58/112: semgrep and /home/user/Documents/GitHub/smartbugs-curated/Splits/QuartoSplit/short_address_example.sol
Starting task 59/112: semgrep and /home/user/Documents/GitHub/smartbugs-curated/Splits/QuartoSplit/0x7a8721a9d64c74da899424c1b52acbf58ddc9782.sol
Starting task 60/112: slither-0.10.4 and /home/user/Documents/GitHub/smartbugs-curated/Splits/QuartoSplit/0x01f8c4e3fa3edeb29e514cba738d87ce8c091d3f.sol
Starting task 61/112: solhint-3.3.8 and /home/user/Documents/GitHub/smartbugs-curated/Splits/QuartoSplit/0x7a8721a9d64c74da899424c1b52acbf58ddc9782.sol
Starting task 62/112: mythril-0.24.7 and /home/user/Documents/GitHub/smartbugs-curated/Splits/QuartoSplit/0x01f8c4e3fa3edeb29e514cba738d87ce8c091d3f.sol
Starting task 63/112: confuzzius and /home/user/Documents/GitHub/smartbugs-curated/Splits/QuartoSplit/guess_the_random_number.sol
Starting task 64/112: conkas and /home/user/Documents/GitHub/smartbugs-curated/Splits/QuartoSplit/guess_the_random_number.sol
Starting task 65/112: smartcheck and /home/user/Documents/GitHub/smartbugs-curated/Splits/QuartoSplit/0x01f8c4e3fa3edeb29e514cba738d87ce8c091d3f.sol
Starting task 66/112: mythril-0.24.7 and /home/user/Documents/GitHub/smartbugs-curated/Splits/QuartoSplit/smart_billions.sol
Starting task 67/112: conkas and /home/user/Documents/GitHub/smartbugs-curated/Splits/QuartoSplit/0x7a8721a9d64c74da899424c1b52acbf58ddc9782.sol
Starting task 68/112: honeybadger and /home/user/Documents/GitHub/smartbugs-curated/Splits/QuartoSplit/guess_the_random_number.sol
Starting task 69/112: securify and /home/user/Documents/GitHub/smartbugs-curated/Splits/QuartoSplit/short_address_example.sol
Starting task 70/112: maian and /home/user/Documents/GitHub/smartbugs-curated/Splits/QuartoSplit/0x4e73b32ed6c35f570686b89848e5f39f20ecc106.sol
Starting task 71/112: slither-0.10.4 and /home/user/Documents/GitHub/smartbugs-curated/Splits/QuartoSplit/short_address_example.sol
Starting task 72/112: manticore-0.3.7 and /home/user/Documents/GitHub/smartbugs-curated/Splits/QuartoSplit/0x8c7777c45481dba411450c228cb692ac3d550344.sol
Starting task 73/112: slither-0.10.4 and /home/user/Documents/GitHub/smartbugs-curated/Splits/QuartoSplit/guess_the_random_number.sol
Starting task 74/112: maian and /home/user/Documents/GitHub/smartbugs-curated/Splits/QuartoSplit/0x8c7777c45481dba411450c228cb692ac3d550344.sol
Starting task 75/112: smartcheck and /home/user/Documents/GitHub/smartbugs-curated/Splits/QuartoSplit/short_address_example.sol
Starting task 76/112: maian and /home/user/Documents/GitHub/smartbugs-curated/Splits/QuartoSplit/guess_the_random_number.sol
Starting task 77/112: honeybadger and /home/user/Documents/GitHub/smartbugs-curated/Splits/QuartoSplit/0x01f8c4e3fa3edeb29e514cba738d87ce8c091d3f.sol
Starting task 78/112: osiris and /home/user/Documents/GitHub/smartbugs-curated/Splits/QuartoSplit/0x01f8c4e3fa3edeb29e514cba738d87ce8c091d3f.sol
Starting task 79/112: osiris and /home/user/Documents/GitHub/smartbugs-curated/Splits/QuartoSplit/short_address_example.sol
Starting task 80/112: osiris and /home/user/Documents/GitHub/smartbugs-curated/Splits/QuartoSplit/0x4e73b32ed6c35f570686b89848e5f39f20ecc106.sol
Starting task 81/112: mythril-0.24.7 and /home/user/Documents/GitHub/smartbugs-curated/Splits/QuartoSplit/0x7b368c4e805c3870b6c49a3f1f49f69af8662cf3.sol
Starting task 82/112: maian and /home/user/Documents/GitHub/smartbugs-curated/Splits/QuartoSplit/smart_billions.sol
Starting task 83/112: solhint-3.3.8 and /home/user/Documents/GitHub/smartbugs-curated/Splits/QuartoSplit/0x4e73b32ed6c35f570686b89848e5f39f20ecc106.sol
Starting task 84/112: manticore-0.3.7 and /home/user/Documents/GitHub/smartbugs-curated/Splits/QuartoSplit/guess_the_random_number.sol
Starting task 85/112: mythril-0.24.7 and /home/user/Documents/GitHub/smartbugs-curated/Splits/QuartoSplit/0x8c7777c45481dba411450c228cb692ac3d550344.sol
Starting task 86/112: solhint-3.3.8 and /home/user/Documents/GitHub/smartbugs-curated/Splits/QuartoSplit/0x7b368c4e805c3870b6c49a3f1f49f69af8662cf3.sol
Starting task 87/112: honeybadger and /home/user/Documents/GitHub/smartbugs-curated/Splits/QuartoSplit/0x7b368c4e805c3870b6c49a3f1f49f69af8662cf3.sol
Starting task 88/112: maian and /home/user/Documents/GitHub/smartbugs-curated/Splits/QuartoSplit/0x7b368c4e805c3870b6c49a3f1f49f69af8662cf3.sol
Starting task 89/112: sfuzz and /home/user/Documents/GitHub/smartbugs-curated/Splits/QuartoSplit/0x01f8c4e3fa3edeb29e514cba738d87ce8c091d3f.sol
Starting task 90/112: confuzzius and /home/user/Documents/GitHub/smartbugs-curated/Splits/QuartoSplit/0x4e73b32ed6c35f570686b89848e5f39f20ecc106.sol
Starting task 91/112: osiris and /home/user/Documents/GitHub/smartbugs-curated/Splits/QuartoSplit/0x8c7777c45481dba411450c228cb692ac3d550344.sol
Starting task 92/112: conkas and /home/user/Documents/GitHub/smartbugs-curated/Splits/QuartoSplit/short_address_example.sol
Starting task 93/112: osiris and /home/user/Documents/GitHub/smartbugs-curated/Splits/QuartoSplit/guess_the_random_number.sol
Starting task 94/112: honeybadger and /home/user/Documents/GitHub/smartbugs-curated/Splits/QuartoSplit/short_address_example.sol
Starting task 95/112: conkas and /home/user/Documents/GitHub/smartbugs-curated/Splits/QuartoSplit/0x4e73b32ed6c35f570686b89848e5f39f20ecc106.sol
Starting task 96/112: securify and /home/user/Documents/GitHub/smartbugs-curated/Splits/QuartoSplit/0x4e73b32ed6c35f570686b89848e5f39f20ecc106.sol
Starting task 97/112: oyente and /home/user/Documents/GitHub/smartbugs-curated/Splits/QuartoSplit/short_address_example.sol
Starting task 98/112: solhint-3.3.8 and /home/user/Documents/GitHub/smartbugs-curated/Splits/QuartoSplit/0x8c7777c45481dba411450c228cb692ac3d550344.sol
Starting task 99/112: maian and /home/user/Documents/GitHub/smartbugs-curated/Splits/QuartoSplit/0x01f8c4e3fa3edeb29e514cba738d87ce8c091d3f.sol
Starting task 100/112: sfuzz and /home/user/Documents/GitHub/smartbugs-curated/Splits/QuartoSplit/short_address_example.sol
Starting task 101/112: confuzzius and /home/user/Documents/GitHub/smartbugs-curated/Splits/QuartoSplit/0x01f8c4e3fa3edeb29e514cba738d87ce8c091d3f.sol
Starting task 102/112: manticore-0.3.7 and /home/user/Documents/GitHub/smartbugs-curated/Splits/QuartoSplit/smart_billions.sol
Starting task 103/112: slither-0.10.4 and /home/user/Documents/GitHub/smartbugs-curated/Splits/QuartoSplit/smart_billions.sol
Starting task 104/112: maian and /home/user/Documents/GitHub/smartbugs-curated/Splits/QuartoSplit/0x7a8721a9d64c74da899424c1b52acbf58ddc9782.sol
Starting task 105/112: securify and /home/user/Documents/GitHub/smartbugs-curated/Splits/QuartoSplit/0x8c7777c45481dba411450c228cb692ac3d550344.sol
Starting task 106/112: slither-0.10.4 and /home/user/Documents/GitHub/smartbugs-curated/Splits/QuartoSplit/0x7a8721a9d64c74da899424c1b52acbf58ddc9782.sol
Starting task 107/112: solhint-3.3.8 and /home/user/Documents/GitHub/smartbugs-curated/Splits/QuartoSplit/0x01f8c4e3fa3edeb29e514cba738d87ce8c091d3f.sol
Starting task 108/112: manticore-0.3.7 and /home/user/Documents/GitHub/smartbugs-curated/Splits/QuartoSplit/0x4e73b32ed6c35f570686b89848e5f39f20ecc106.sol
Starting task 109/112: sfuzz and /home/user/Documents/GitHub/smartbugs-curated/Splits/QuartoSplit/0x7b368c4e805c3870b6c49a3f1f49f69af8662cf3.sol
Starting task 110/112: manticore-0.3.7 and /home/user/Documents/GitHub/smartbugs-curated/Splits/QuartoSplit/short_address_example.sol
Starting task 111/112: oyente and /home/user/Documents/GitHub/smartbugs-curated/Splits/QuartoSplit/0x01f8c4e3fa3edeb29e514cba738d87ce8c091d3f.sol
Starting task 112/112: solhint-3.3.8 and /home/user/Documents/GitHub/smartbugs-curated/Splits/QuartoSplit/smart_billions.sol
Analysis completed in 8:02:59.
