Arguments passed: ['/home/user/Documents/smartbugs Originale/sb/__main__.py', '-t', 'slither', 'mythril', 'smartcheck', 'manticore', 'maian', 'confuzzius', '-f', '/home/user/Documents/GitHub/smartbugs-curated/Splits/QuartoSplit/0x01f8c4e3fa3edeb29e514cba738d87ce8c091d3f.sol', '/home/user/Documents/GitHub/smartbugs-curated/Splits/QuartoSplit/0x4e73b32ed6c35f570686b89848e5f39f20ecc106.sol', '/home/user/Documents/GitHub/smartbugs-curated/Splits/QuartoSplit/0x7a8721a9d64c74da899424c1b52acbf58ddc9782.sol', '/home/user/Documents/GitHub/smartbugs-curated/Splits/QuartoSplit/0x7b368c4e805c3870b6c49a3f1f49f69af8662cf3.sol', '/home/user/Documents/GitHub/smartbugs-curated/Splits/QuartoSplit/0x8c7777c45481dba411450c228cb692ac3d550344.sol', '/home/user/Documents/GitHub/smartbugs-curated/Splits/QuartoSplit/guess_the_random_number.sol', '/home/user/Documents/GitHub/smartbugs-curated/Splits/QuartoSplit/short_address_example.sol', '/home/user/Documents/GitHub/smartbugs-curated/Splits/QuartoSplit/smart_billions.sol', '--timeout', '900']
Settings: {files: [(None, '/home/user/Documents/GitHub/smartbugs-curated/Splits/QuartoSplit/0x01f8c4e3fa3edeb29e514cba738d87ce8c091d3f.sol'), (None, '/home/user/Documents/GitHub/smartbugs-curated/Splits/QuartoSplit/0x4e73b32ed6c35f570686b89848e5f39f20ecc106.sol'), (None, '/home/user/Documents/GitHub/smartbugs-curated/Splits/QuartoSplit/0x7a8721a9d64c74da899424c1b52acbf58ddc9782.sol'), (None, '/home/user/Documents/GitHub/smartbugs-curated/Splits/QuartoSplit/0x7b368c4e805c3870b6c49a3f1f49f69af8662cf3.sol'), (None, '/home/user/Documents/GitHub/smartbugs-curated/Splits/QuartoSplit/0x8c7777c45481dba411450c228cb692ac3d550344.sol'), (None, '/home/user/Documents/GitHub/smartbugs-curated/Splits/QuartoSplit/guess_the_random_number.sol'), (None, '/home/user/Documents/GitHub/smartbugs-curated/Splits/QuartoSplit/short_address_example.sol'), (None, '/home/user/Documents/GitHub/smartbugs-curated/Splits/QuartoSplit/smart_billions.sol')], main: False, runtime: False, tools: ['slither', 'mythril', 'smartcheck', 'manticore', 'maian', 'confuzzius'], runid: 20250630_2344, overwrite: False, processes: 1, timeout: 900, cpu_quota: None, mem_limit: None, results: results/${TOOL}/20250630_2344/${FILENAME}, log: results/logs/20250630_2344.log, json: False, sarif: False, quiet: False}
Starting task 1/48: confuzzius and /home/user/Documents/GitHub/smartbugs-curated/Splits/QuartoSplit/0x7a8721a9d64c74da899424c1b52acbf58ddc9782.sol
Starting task 2/48: smartcheck and /home/user/Documents/GitHub/smartbugs-curated/Splits/QuartoSplit/0x4e73b32ed6c35f570686b89848e5f39f20ecc106.sol
Starting task 3/48: slither-0.10.4 and /home/user/Documents/GitHub/smartbugs-curated/Splits/QuartoSplit/short_address_example.sol
Starting task 4/48: slither-0.10.4 and /home/user/Documents/GitHub/smartbugs-curated/Splits/QuartoSplit/0x8c7777c45481dba411450c228cb692ac3d550344.sol
Starting task 5/48: smartcheck and /home/user/Documents/GitHub/smartbugs-curated/Splits/QuartoSplit/smart_billions.sol
Starting task 6/48: smartcheck and /home/user/Documents/GitHub/smartbugs-curated/Splits/QuartoSplit/0x7b368c4e805c3870b6c49a3f1f49f69af8662cf3.sol
Starting task 7/48: mythril-0.24.7 and /home/user/Documents/GitHub/smartbugs-curated/Splits/QuartoSplit/0x7a8721a9d64c74da899424c1b52acbf58ddc9782.sol
Starting task 8/48: confuzzius and /home/user/Documents/GitHub/smartbugs-curated/Splits/QuartoSplit/guess_the_random_number.sol
Starting task 9/48: smartcheck and /home/user/Documents/GitHub/smartbugs-curated/Splits/QuartoSplit/guess_the_random_number.sol
Starting task 10/48: confuzzius and /home/user/Documents/GitHub/smartbugs-curated/Splits/QuartoSplit/smart_billions.sol
Starting task 11/48: slither-0.10.4 and /home/user/Documents/GitHub/smartbugs-curated/Splits/QuartoSplit/0x4e73b32ed6c35f570686b89848e5f39f20ecc106.sol
Starting task 12/48: manticore-0.3.7 and /home/user/Documents/GitHub/smartbugs-curated/Splits/QuartoSplit/0x7a8721a9d64c74da899424c1b52acbf58ddc9782.sol
Starting task 13/48: manticore-0.3.7 and /home/user/Documents/GitHub/smartbugs-curated/Splits/QuartoSplit/short_address_example.sol
Starting task 14/48: confuzzius and /home/user/Documents/GitHub/smartbugs-curated/Splits/QuartoSplit/0x8c7777c45481dba411450c228cb692ac3d550344.sol
Starting task 15/48: smartcheck and /home/user/Documents/GitHub/smartbugs-curated/Splits/QuartoSplit/0x7a8721a9d64c74da899424c1b52acbf58ddc9782.sol
Starting task 16/48: mythril-0.24.7 and /home/user/Documents/GitHub/smartbugs-curated/Splits/QuartoSplit/0x8c7777c45481dba411450c228cb692ac3d550344.sol
Starting task 17/48: manticore-0.3.7 and /home/user/Documents/GitHub/smartbugs-curated/Splits/QuartoSplit/smart_billions.sol
Starting task 18/48: slither-0.10.4 and /home/user/Documents/GitHub/smartbugs-curated/Splits/QuartoSplit/0x7b368c4e805c3870b6c49a3f1f49f69af8662cf3.sol
Starting task 19/48: confuzzius and /home/user/Documents/GitHub/smartbugs-curated/Splits/QuartoSplit/0x4e73b32ed6c35f570686b89848e5f39f20ecc106.sol
Starting task 20/48: smartcheck and /home/user/Documents/GitHub/smartbugs-curated/Splits/QuartoSplit/short_address_example.sol
Starting task 21/48: maian and /home/user/Documents/GitHub/smartbugs-curated/Splits/QuartoSplit/0x8c7777c45481dba411450c228cb692ac3d550344.sol
Starting task 22/48: mythril-0.24.7 and /home/user/Documents/GitHub/smartbugs-curated/Splits/QuartoSplit/0x01f8c4e3fa3edeb29e514cba738d87ce8c091d3f.sol
Starting task 23/48: maian and /home/user/Documents/GitHub/smartbugs-curated/Splits/QuartoSplit/smart_billions.sol
Starting task 24/48: confuzzius and /home/user/Documents/GitHub/smartbugs-curated/Splits/QuartoSplit/0x01f8c4e3fa3edeb29e514cba738d87ce8c091d3f.sol
Starting task 25/48: manticore-0.3.7 and /home/user/Documents/GitHub/smartbugs-curated/Splits/QuartoSplit/0x01f8c4e3fa3edeb29e514cba738d87ce8c091d3f.sol
Starting task 26/48: mythril-0.24.7 and /home/user/Documents/GitHub/smartbugs-curated/Splits/QuartoSplit/guess_the_random_number.sol
Starting task 27/48: confuzzius and /home/user/Documents/GitHub/smartbugs-curated/Splits/QuartoSplit/0x7b368c4e805c3870b6c49a3f1f49f69af8662cf3.sol
Starting task 28/48: manticore-0.3.7 and /home/user/Documents/GitHub/smartbugs-curated/Splits/QuartoSplit/0x8c7777c45481dba411450c228cb692ac3d550344.sol
Starting task 29/48: maian and /home/user/Documents/GitHub/smartbugs-curated/Splits/QuartoSplit/0x7b368c4e805c3870b6c49a3f1f49f69af8662cf3.sol
Starting task 30/48: slither-0.10.4 and /home/user/Documents/GitHub/smartbugs-curated/Splits/QuartoSplit/guess_the_random_number.sol
Starting task 31/48: slither-0.10.4 and /home/user/Documents/GitHub/smartbugs-curated/Splits/QuartoSplit/smart_billions.sol
Starting task 32/48: confuzzius and /home/user/Documents/GitHub/smartbugs-curated/Splits/QuartoSplit/short_address_example.sol
Starting task 33/48: manticore-0.3.7 and /home/user/Documents/GitHub/smartbugs-curated/Splits/QuartoSplit/guess_the_random_number.sol
Starting task 34/48: manticore-0.3.7 and /home/user/Documents/GitHub/smartbugs-curated/Splits/QuartoSplit/0x7b368c4e805c3870b6c49a3f1f49f69af8662cf3.sol
Starting task 35/48: maian and /home/user/Documents/GitHub/smartbugs-curated/Splits/QuartoSplit/0x4e73b32ed6c35f570686b89848e5f39f20ecc106.sol
Starting task 36/48: mythril-0.24.7 and /home/user/Documents/GitHub/smartbugs-curated/Splits/QuartoSplit/smart_billions.sol
Starting task 37/48: smartcheck and /home/user/Documents/GitHub/smartbugs-curated/Splits/QuartoSplit/0x01f8c4e3fa3edeb29e514cba738d87ce8c091d3f.sol
Starting task 38/48: manticore-0.3.7 and /home/user/Documents/GitHub/smartbugs-curated/Splits/QuartoSplit/0x4e73b32ed6c35f570686b89848e5f39f20ecc106.sol
Starting task 39/48: maian and /home/user/Documents/GitHub/smartbugs-curated/Splits/QuartoSplit/0x7a8721a9d64c74da899424c1b52acbf58ddc9782.sol
Starting task 40/48: mythril-0.24.7 and /home/user/Documents/GitHub/smartbugs-curated/Splits/QuartoSplit/short_address_example.sol
Starting task 41/48: mythril-0.24.7 and /home/user/Documents/GitHub/smartbugs-curated/Splits/QuartoSplit/0x4e73b32ed6c35f570686b89848e5f39f20ecc106.sol
Starting task 42/48: maian and /home/user/Documents/GitHub/smartbugs-curated/Splits/QuartoSplit/0x01f8c4e3fa3edeb29e514cba738d87ce8c091d3f.sol
Starting task 43/48: slither-0.10.4 and /home/user/Documents/GitHub/smartbugs-curated/Splits/QuartoSplit/0x01f8c4e3fa3edeb29e514cba738d87ce8c091d3f.sol
Starting task 44/48: maian and /home/user/Documents/GitHub/smartbugs-curated/Splits/QuartoSplit/short_address_example.sol
Starting task 45/48: maian and /home/user/Documents/GitHub/smartbugs-curated/Splits/QuartoSplit/guess_the_random_number.sol
Starting task 46/48: mythril-0.24.7 and /home/user/Documents/GitHub/smartbugs-curated/Splits/QuartoSplit/0x7b368c4e805c3870b6c49a3f1f49f69af8662cf3.sol
Starting task 47/48: slither-0.10.4 and /home/user/Documents/GitHub/smartbugs-curated/Splits/QuartoSplit/0x7a8721a9d64c74da899424c1b52acbf58ddc9782.sol
Starting task 48/48: smartcheck and /home/user/Documents/GitHub/smartbugs-curated/Splits/QuartoSplit/0x8c7777c45481dba411450c228cb692ac3d550344.sol
Analysis completed in 4:45:49.
