Arguments passed: ['/home/user/Documents/smartbugs Originale/sb/__main__.py', '-t', 'all', '-f', '/home/user/Documents/GitHub/smartbugs-curated/Splits/SecondoSplit/BECToken.sol', '/home/user/Documents/GitHub/smartbugs-curated/Splits/SecondoSplit/insecure_transfer.sol', '/home/user/Documents/GitHub/smartbugs-curated/Splits/SecondoSplit/integer_overflow_1.sol', '/home/user/Documents/GitHub/smartbugs-curated/Splits/SecondoSplit/integer_overflow_add.sol', '/home/user/Documents/GitHub/smartbugs-curated/Splits/SecondoSplit/lottery.sol', '/home/user/Documents/GitHub/smartbugs-curated/Splits/SecondoSplit/open_address_lottery.sol', '/home/user/Documents/GitHub/smartbugs-curated/Splits/SecondoSplit/random_number_generator.sol', '--timeout', '900', '--runid', '20250704_1434']
Settings: {files: [(None, '/home/user/Documents/GitHub/smartbugs-curated/Splits/SecondoSplit/BECToken.sol'), (None, '/home/user/Documents/GitHub/smartbugs-curated/Splits/SecondoSplit/insecure_transfer.sol'), (None, '/home/user/Documents/GitHub/smartbugs-curated/Splits/SecondoSplit/integer_overflow_1.sol'), (None, '/home/user/Documents/GitHub/smartbugs-curated/Splits/SecondoSplit/integer_overflow_add.sol'), (None, '/home/user/Documents/GitHub/smartbugs-curated/Splits/SecondoSplit/lottery.sol'), (None, '/home/user/Documents/GitHub/smartbugs-curated/Splits/SecondoSplit/open_address_lottery.sol'), (None, '/home/user/Documents/GitHub/smartbugs-curated/Splits/SecondoSplit/random_number_generator.sol')], main: False, runtime: False, tools: ['all'], runid: 20250704_1434, overwrite: False, processes: 1, timeout: 900, cpu_quota: None, mem_limit: None, results: results/${TOOL}/20250704_1434/${FILENAME}, log: results/logs/20250704_1434.log, json: False, sarif: False, quiet: False}
Starting task 1/98: oyente and /home/user/Documents/GitHub/smartbugs-curated/Splits/SecondoSplit/integer_overflow_add.sol
Starting task 2/98: semgrep and /home/user/Documents/GitHub/smartbugs-curated/Splits/SecondoSplit/open_address_lottery.sol
Starting task 3/98: conkas and /home/user/Documents/GitHub/smartbugs-curated/Splits/SecondoSplit/integer_overflow_1.sol
Starting task 4/98: smartcheck and /home/user/Documents/GitHub/smartbugs-curated/Splits/SecondoSplit/integer_overflow_add.sol
Starting task 5/98: sfuzz and /home/user/Documents/GitHub/smartbugs-curated/Splits/SecondoSplit/integer_overflow_1.sol
Starting task 6/98: honeybadger and /home/user/Documents/GitHub/smartbugs-curated/Splits/SecondoSplit/random_number_generator.sol
Starting task 7/98: oyente and /home/user/Documents/GitHub/smartbugs-curated/Splits/SecondoSplit/lottery.sol
Starting task 8/98: manticore-0.3.7 and /home/user/Documents/GitHub/smartbugs-curated/Splits/SecondoSplit/random_number_generator.sol
Starting task 9/98: securify and /home/user/Documents/GitHub/smartbugs-curated/Splits/SecondoSplit/lottery.sol
Starting task 10/98: solhint-3.3.8 and /home/user/Documents/GitHub/smartbugs-curated/Splits/SecondoSplit/open_address_lottery.sol
Starting task 11/98: slither-0.10.4 and /home/user/Documents/GitHub/smartbugs-curated/Splits/SecondoSplit/integer_overflow_add.sol
Starting task 12/98: sfuzz and /home/user/Documents/GitHub/smartbugs-curated/Splits/SecondoSplit/random_number_generator.sol
Starting task 13/98: securify and /home/user/Documents/GitHub/smartbugs-curated/Splits/SecondoSplit/BECToken.sol
Starting task 14/98: honeybadger and /home/user/Documents/GitHub/smartbugs-curated/Splits/SecondoSplit/open_address_lottery.sol
Starting task 15/98: confuzzius and /home/user/Documents/GitHub/smartbugs-curated/Splits/SecondoSplit/open_address_lottery.sol
Starting task 16/98: maian and /home/user/Documents/GitHub/smartbugs-curated/Splits/SecondoSplit/random_number_generator.sol
Starting task 17/98: oyente and /home/user/Documents/GitHub/smartbugs-curated/Splits/SecondoSplit/integer_overflow_1.sol
Starting task 18/98: manticore-0.3.7 and /home/user/Documents/GitHub/smartbugs-curated/Splits/SecondoSplit/integer_overflow_add.sol
Starting task 19/98: maian and /home/user/Documents/GitHub/smartbugs-curated/Splits/SecondoSplit/BECToken.sol
Starting task 20/98: conkas and /home/user/Documents/GitHub/smartbugs-curated/Splits/SecondoSplit/integer_overflow_add.sol
Starting task 21/98: confuzzius and /home/user/Documents/GitHub/smartbugs-curated/Splits/SecondoSplit/random_number_generator.sol
Starting task 22/98: slither-0.10.4 and /home/user/Documents/GitHub/smartbugs-curated/Splits/SecondoSplit/lottery.sol
Starting task 23/98: sfuzz and /home/user/Documents/GitHub/smartbugs-curated/Splits/SecondoSplit/insecure_transfer.sol
Starting task 24/98: solhint-3.3.8 and /home/user/Documents/GitHub/smartbugs-curated/Splits/SecondoSplit/integer_overflow_add.sol
Starting task 25/98: manticore-0.3.7 and /home/user/Documents/GitHub/smartbugs-curated/Splits/SecondoSplit/BECToken.sol
Starting task 26/98: honeybadger and /home/user/Documents/GitHub/smartbugs-curated/Splits/SecondoSplit/integer_overflow_add.sol
Starting task 27/98: conkas and /home/user/Documents/GitHub/smartbugs-curated/Splits/SecondoSplit/random_number_generator.sol
Starting task 28/98: semgrep and /home/user/Documents/GitHub/smartbugs-curated/Splits/SecondoSplit/integer_overflow_1.sol
Starting task 29/98: maian and /home/user/Documents/GitHub/smartbugs-curated/Splits/SecondoSplit/insecure_transfer.sol
Starting task 30/98: osiris and /home/user/Documents/GitHub/smartbugs-curated/Splits/SecondoSplit/BECToken.sol
Starting task 31/98: semgrep and /home/user/Documents/GitHub/smartbugs-curated/Splits/SecondoSplit/lottery.sol
Starting task 32/98: honeybadger and /home/user/Documents/GitHub/smartbugs-curated/Splits/SecondoSplit/insecure_transfer.sol
Starting task 33/98: solhint-3.3.8 and /home/user/Documents/GitHub/smartbugs-curated/Splits/SecondoSplit/integer_overflow_1.sol
Starting task 34/98: mythril-0.24.7 and /home/user/Documents/GitHub/smartbugs-curated/Splits/SecondoSplit/BECToken.sol
Starting task 35/98: confuzzius and /home/user/Documents/GitHub/smartbugs-curated/Splits/SecondoSplit/integer_overflow_add.sol
Starting task 36/98: oyente and /home/user/Documents/GitHub/smartbugs-curated/Splits/SecondoSplit/open_address_lottery.sol
Starting task 37/98: securify and /home/user/Documents/GitHub/smartbugs-curated/Splits/SecondoSplit/integer_overflow_add.sol
Starting task 38/98: osiris and /home/user/Documents/GitHub/smartbugs-curated/Splits/SecondoSplit/insecure_transfer.sol
Starting task 39/98: manticore-0.3.7 and /home/user/Documents/GitHub/smartbugs-curated/Splits/SecondoSplit/open_address_lottery.sol
Starting task 40/98: securify and /home/user/Documents/GitHub/smartbugs-curated/Splits/SecondoSplit/insecure_transfer.sol
Starting task 41/98: slither-0.10.4 and /home/user/Documents/GitHub/smartbugs-curated/Splits/SecondoSplit/BECToken.sol
Starting task 42/98: mythril-0.24.7 and /home/user/Documents/GitHub/smartbugs-curated/Splits/SecondoSplit/open_address_lottery.sol
Starting task 43/98: manticore-0.3.7 and /home/user/Documents/GitHub/smartbugs-curated/Splits/SecondoSplit/lottery.sol
Starting task 44/98: securify and /home/user/Documents/GitHub/smartbugs-curated/Splits/SecondoSplit/open_address_lottery.sol
Starting task 45/98: smartcheck and /home/user/Documents/GitHub/smartbugs-curated/Splits/SecondoSplit/open_address_lottery.sol
Starting task 46/98: osiris and /home/user/Documents/GitHub/smartbugs-curated/Splits/SecondoSplit/integer_overflow_add.sol
Starting task 47/98: sfuzz and /home/user/Documents/GitHub/smartbugs-curated/Splits/SecondoSplit/open_address_lottery.sol
Starting task 48/98: sfuzz and /home/user/Documents/GitHub/smartbugs-curated/Splits/SecondoSplit/lottery.sol
Starting task 49/98: slither-0.10.4 and /home/user/Documents/GitHub/smartbugs-curated/Splits/SecondoSplit/insecure_transfer.sol
Starting task 50/98: oyente and /home/user/Documents/GitHub/smartbugs-curated/Splits/SecondoSplit/random_number_generator.sol
Starting task 51/98: honeybadger and /home/user/Documents/GitHub/smartbugs-curated/Splits/SecondoSplit/integer_overflow_1.sol
Starting task 52/98: smartcheck and /home/user/Documents/GitHub/smartbugs-curated/Splits/SecondoSplit/BECToken.sol
Starting task 53/98: confuzzius and /home/user/Documents/GitHub/smartbugs-curated/Splits/SecondoSplit/integer_overflow_1.sol
Starting task 54/98: osiris and /home/user/Documents/GitHub/smartbugs-curated/Splits/SecondoSplit/random_number_generator.sol
Starting task 55/98: maian and /home/user/Documents/GitHub/smartbugs-curated/Splits/SecondoSplit/integer_overflow_1.sol
Starting task 56/98: smartcheck and /home/user/Documents/GitHub/smartbugs-curated/Splits/SecondoSplit/insecure_transfer.sol
Starting task 57/98: maian and /home/user/Documents/GitHub/smartbugs-curated/Splits/SecondoSplit/integer_overflow_add.sol
Starting task 58/98: manticore-0.3.7 and /home/user/Documents/GitHub/smartbugs-curated/Splits/SecondoSplit/insecure_transfer.sol
Starting task 59/98: smartcheck and /home/user/Documents/GitHub/smartbugs-curated/Splits/SecondoSplit/random_number_generator.sol
Starting task 60/98: maian and /home/user/Documents/GitHub/smartbugs-curated/Splits/SecondoSplit/open_address_lottery.sol
Starting task 61/98: oyente and /home/user/Documents/GitHub/smartbugs-curated/Splits/SecondoSplit/insecure_transfer.sol
Starting task 62/98: sfuzz and /home/user/Documents/GitHub/smartbugs-curated/Splits/SecondoSplit/integer_overflow_add.sol
Starting task 63/98: mythril-0.24.7 and /home/user/Documents/GitHub/smartbugs-curated/Splits/SecondoSplit/integer_overflow_add.sol
Starting task 64/98: semgrep and /home/user/Documents/GitHub/smartbugs-curated/Splits/SecondoSplit/integer_overflow_add.sol
Starting task 65/98: osiris and /home/user/Documents/GitHub/smartbugs-curated/Splits/SecondoSplit/lottery.sol
Starting task 66/98: smartcheck and /home/user/Documents/GitHub/smartbugs-curated/Splits/SecondoSplit/lottery.sol
Starting task 67/98: maian and /home/user/Documents/GitHub/smartbugs-curated/Splits/SecondoSplit/lottery.sol
Starting task 68/98: conkas and /home/user/Documents/GitHub/smartbugs-curated/Splits/SecondoSplit/open_address_lottery.sol
Starting task 69/98: honeybadger and /home/user/Documents/GitHub/smartbugs-curated/Splits/SecondoSplit/lottery.sol
Starting task 70/98: osiris and /home/user/Documents/GitHub/smartbugs-curated/Splits/SecondoSplit/integer_overflow_1.sol
Starting task 71/98: securify and /home/user/Documents/GitHub/smartbugs-curated/Splits/SecondoSplit/integer_overflow_1.sol
Starting task 72/98: sfuzz and /home/user/Documents/GitHub/smartbugs-curated/Splits/SecondoSplit/BECToken.sol
Starting task 73/98: solhint-3.3.8 and /home/user/Documents/GitHub/smartbugs-curated/Splits/SecondoSplit/BECToken.sol
Starting task 74/98: mythril-0.24.7 and /home/user/Documents/GitHub/smartbugs-curated/Splits/SecondoSplit/integer_overflow_1.sol
Starting task 75/98: conkas and /home/user/Documents/GitHub/smartbugs-curated/Splits/SecondoSplit/BECToken.sol
Starting task 76/98: slither-0.10.4 and /home/user/Documents/GitHub/smartbugs-curated/Splits/SecondoSplit/random_number_generator.sol
Starting task 77/98: slither-0.10.4 and /home/user/Documents/GitHub/smartbugs-curated/Splits/SecondoSplit/open_address_lottery.sol
Starting task 78/98: semgrep and /home/user/Documents/GitHub/smartbugs-curated/Splits/SecondoSplit/random_number_generator.sol
Starting task 79/98: semgrep and /home/user/Documents/GitHub/smartbugs-curated/Splits/SecondoSplit/insecure_transfer.sol
Starting task 80/98: osiris and /home/user/Documents/GitHub/smartbugs-curated/Splits/SecondoSplit/open_address_lottery.sol
Starting task 81/98: mythril-0.24.7 and /home/user/Documents/GitHub/smartbugs-curated/Splits/SecondoSplit/insecure_transfer.sol
Starting task 82/98: honeybadger and /home/user/Documents/GitHub/smartbugs-curated/Splits/SecondoSplit/BECToken.sol
Starting task 83/98: solhint-3.3.8 and /home/user/Documents/GitHub/smartbugs-curated/Splits/SecondoSplit/insecure_transfer.sol
Starting task 84/98: slither-0.10.4 and /home/user/Documents/GitHub/smartbugs-curated/Splits/SecondoSplit/integer_overflow_1.sol
Starting task 85/98: confuzzius and /home/user/Documents/GitHub/smartbugs-curated/Splits/SecondoSplit/lottery.sol
Starting task 86/98: oyente and /home/user/Documents/GitHub/smartbugs-curated/Splits/SecondoSplit/BECToken.sol
Starting task 87/98: smartcheck and /home/user/Documents/GitHub/smartbugs-curated/Splits/SecondoSplit/integer_overflow_1.sol
Starting task 88/98: mythril-0.24.7 and /home/user/Documents/GitHub/smartbugs-curated/Splits/SecondoSplit/random_number_generator.sol
Starting task 89/98: semgrep and /home/user/Documents/GitHub/smartbugs-curated/Splits/SecondoSplit/BECToken.sol
Starting task 90/98: conkas and /home/user/Documents/GitHub/smartbugs-curated/Splits/SecondoSplit/insecure_transfer.sol
Starting task 91/98: manticore-0.3.7 and /home/user/Documents/GitHub/smartbugs-curated/Splits/SecondoSplit/integer_overflow_1.sol
Starting task 92/98: confuzzius and /home/user/Documents/GitHub/smartbugs-curated/Splits/SecondoSplit/BECToken.sol
Starting task 93/98: solhint-3.3.8 and /home/user/Documents/GitHub/smartbugs-curated/Splits/SecondoSplit/lottery.sol
Starting task 94/98: conkas and /home/user/Documents/GitHub/smartbugs-curated/Splits/SecondoSplit/lottery.sol
Starting task 95/98: confuzzius and /home/user/Documents/GitHub/smartbugs-curated/Splits/SecondoSplit/insecure_transfer.sol
Starting task 96/98: mythril-0.24.7 and /home/user/Documents/GitHub/smartbugs-curated/Splits/SecondoSplit/lottery.sol
Starting task 97/98: solhint-3.3.8 and /home/user/Documents/GitHub/smartbugs-curated/Splits/SecondoSplit/random_number_generator.sol
Starting task 98/98: securify and /home/user/Documents/GitHub/smartbugs-curated/Splits/SecondoSplit/random_number_generator.sol
Analysis completed in 5:00:08.
