Arguments passed: ['/home/user/Documents/smartbugsOriginale/sb/__main__.py', '-t', 'all', '-f', '/home/user/Documents/GitHub/smartbugs-curated/Splits/PrimoSplit/etherbank.sol', '/home/user/Documents/GitHub/smartbugs-curated/Splits/PrimoSplit/insecure_transfer.sol', '/home/user/Documents/GitHub/smartbugs-curated/Splits/PrimoSplit/modifier_reentrancy.sol', '/home/user/Documents/GitHub/smartbugs-curated/Splits/PrimoSplit/reentrance.sol', '/home/user/Documents/GitHub/smartbugs-curated/Splits/PrimoSplit/reentrancy_dao.sol', '/home/user/Documents/GitHub/smartbugs-curated/Splits/PrimoSplit/timelock.sol', '/home/user/Documents/GitHub/smartbugs-curated/Splits/PrimoSplit/token.sol', '--timeout', '300', '--runid', '20250707_1649']
Settings: {files: [(None, '/home/user/Documents/GitHub/smartbugs-curated/Splits/PrimoSplit/etherbank.sol'), (None, '/home/user/Documents/GitHub/smartbugs-curated/Splits/PrimoSplit/insecure_transfer.sol'), (None, '/home/user/Documents/GitHub/smartbugs-curated/Splits/PrimoSplit/modifier_reentrancy.sol'), (None, '/home/user/Documents/GitHub/smartbugs-curated/Splits/PrimoSplit/reentrance.sol'), (None, '/home/user/Documents/GitHub/smartbugs-curated/Splits/PrimoSplit/reentrancy_dao.sol'), (None, '/home/user/Documents/GitHub/smartbugs-curated/Splits/PrimoSplit/timelock.sol'), (None, '/home/user/Documents/GitHub/smartbugs-curated/Splits/PrimoSplit/token.sol')], main: False, runtime: False, tools: ['all'], runid: 20250707_1649, overwrite: False, processes: 1, timeout: 300, cpu_quota: None, mem_limit: None, results: results/${TOOL}/20250707_1649/${FILENAME}, log: results/logs/20250707_1649.log, json: False, sarif: False, quiet: False}
Starting task 1/98: oyente and /home/user/Documents/GitHub/smartbugs-curated/Splits/PrimoSplit/modifier_reentrancy.sol
Starting task 2/98: semgrep and /home/user/Documents/GitHub/smartbugs-curated/Splits/PrimoSplit/modifier_reentrancy.sol
Starting task 3/98: manticore-0.3.7 and /home/user/Documents/GitHub/smartbugs-curated/Splits/PrimoSplit/modifier_reentrancy.sol
Starting task 4/98: conkas and /home/user/Documents/GitHub/smartbugs-curated/Splits/PrimoSplit/reentrancy_dao.sol
Starting task 5/98: oyente and /home/user/Documents/GitHub/smartbugs-curated/Splits/PrimoSplit/timelock.sol
Starting task 6/98: honeybadger and /home/user/Documents/GitHub/smartbugs-curated/Splits/PrimoSplit/timelock.sol
Starting task 7/98: solhint-3.3.8 and /home/user/Documents/GitHub/smartbugs-curated/Splits/PrimoSplit/etherbank.sol
Starting task 8/98: oyente and /home/user/Documents/GitHub/smartbugs-curated/Splits/PrimoSplit/reentrancy_dao.sol
Starting task 9/98: mythril-0.24.7 and /home/user/Documents/GitHub/smartbugs-curated/Splits/PrimoSplit/insecure_transfer.sol
Starting task 10/98: maian and /home/user/Documents/GitHub/smartbugs-curated/Splits/PrimoSplit/timelock.sol
Starting task 11/98: securify and /home/user/Documents/GitHub/smartbugs-curated/Splits/PrimoSplit/reentrance.sol
Starting task 12/98: honeybadger and /home/user/Documents/GitHub/smartbugs-curated/Splits/PrimoSplit/token.sol
Starting task 13/98: osiris and /home/user/Documents/GitHub/smartbugs-curated/Splits/PrimoSplit/token.sol
Starting task 14/98: manticore-0.3.7 and /home/user/Documents/GitHub/smartbugs-curated/Splits/PrimoSplit/etherbank.sol
Starting task 15/98: conkas and /home/user/Documents/GitHub/smartbugs-curated/Splits/PrimoSplit/reentrance.sol
Starting task 16/98: smartcheck and /home/user/Documents/GitHub/smartbugs-curated/Splits/PrimoSplit/insecure_transfer.sol
Starting task 17/98: osiris and /home/user/Documents/GitHub/smartbugs-curated/Splits/PrimoSplit/timelock.sol
Starting task 18/98: securify and /home/user/Documents/GitHub/smartbugs-curated/Splits/PrimoSplit/insecure_transfer.sol
Starting task 19/98: sfuzz and /home/user/Documents/GitHub/smartbugs-curated/Splits/PrimoSplit/reentrancy_dao.sol
Starting task 20/98: mythril-0.24.7 and /home/user/Documents/GitHub/smartbugs-curated/Splits/PrimoSplit/timelock.sol
Starting task 21/98: confuzzius and /home/user/Documents/GitHub/smartbugs-curated/Splits/PrimoSplit/etherbank.sol
Starting task 22/98: securify and /home/user/Documents/GitHub/smartbugs-curated/Splits/PrimoSplit/token.sol
Starting task 23/98: confuzzius and /home/user/Documents/GitHub/smartbugs-curated/Splits/PrimoSplit/reentrancy_dao.sol
Starting task 24/98: osiris and /home/user/Documents/GitHub/smartbugs-curated/Splits/PrimoSplit/reentrancy_dao.sol
Starting task 25/98: solhint-3.3.8 and /home/user/Documents/GitHub/smartbugs-curated/Splits/PrimoSplit/token.sol
Starting task 26/98: slither-0.10.4 and /home/user/Documents/GitHub/smartbugs-curated/Splits/PrimoSplit/insecure_transfer.sol
Starting task 27/98: oyente and /home/user/Documents/GitHub/smartbugs-curated/Splits/PrimoSplit/reentrance.sol
Starting task 28/98: maian and /home/user/Documents/GitHub/smartbugs-curated/Splits/PrimoSplit/etherbank.sol
Starting task 29/98: sfuzz and /home/user/Documents/GitHub/smartbugs-curated/Splits/PrimoSplit/token.sol
Starting task 30/98: osiris and /home/user/Documents/GitHub/smartbugs-curated/Splits/PrimoSplit/modifier_reentrancy.sol
Starting task 31/98: sfuzz and /home/user/Documents/GitHub/smartbugs-curated/Splits/PrimoSplit/reentrance.sol
Starting task 32/98: securify and /home/user/Documents/GitHub/smartbugs-curated/Splits/PrimoSplit/timelock.sol
Starting task 33/98: slither-0.10.4 and /home/user/Documents/GitHub/smartbugs-curated/Splits/PrimoSplit/reentrancy_dao.sol
Starting task 34/98: smartcheck and /home/user/Documents/GitHub/smartbugs-curated/Splits/PrimoSplit/reentrancy_dao.sol
Starting task 35/98: maian and /home/user/Documents/GitHub/smartbugs-curated/Splits/PrimoSplit/token.sol
Starting task 36/98: manticore-0.3.7 and /home/user/Documents/GitHub/smartbugs-curated/Splits/PrimoSplit/reentrance.sol
Starting task 37/98: solhint-3.3.8 and /home/user/Documents/GitHub/smartbugs-curated/Splits/PrimoSplit/timelock.sol
Starting task 38/98: semgrep and /home/user/Documents/GitHub/smartbugs-curated/Splits/PrimoSplit/reentrancy_dao.sol
Starting task 39/98: conkas and /home/user/Documents/GitHub/smartbugs-curated/Splits/PrimoSplit/etherbank.sol
Starting task 40/98: semgrep and /home/user/Documents/GitHub/smartbugs-curated/Splits/PrimoSplit/timelock.sol
Starting task 41/98: mythril-0.24.7 and /home/user/Documents/GitHub/smartbugs-curated/Splits/PrimoSplit/etherbank.sol
Starting task 42/98: confuzzius and /home/user/Documents/GitHub/smartbugs-curated/Splits/PrimoSplit/modifier_reentrancy.sol
Starting task 43/98: maian and /home/user/Documents/GitHub/smartbugs-curated/Splits/PrimoSplit/insecure_transfer.sol
Starting task 44/98: honeybadger and /home/user/Documents/GitHub/smartbugs-curated/Splits/PrimoSplit/etherbank.sol
Starting task 45/98: sfuzz and /home/user/Documents/GitHub/smartbugs-curated/Splits/PrimoSplit/etherbank.sol
Starting task 46/98: maian and /home/user/Documents/GitHub/smartbugs-curated/Splits/PrimoSplit/reentrance.sol
Starting task 47/98: confuzzius and /home/user/Documents/GitHub/smartbugs-curated/Splits/PrimoSplit/token.sol
Starting task 48/98: securify and /home/user/Documents/GitHub/smartbugs-curated/Splits/PrimoSplit/reentrancy_dao.sol
Starting task 49/98: confuzzius and /home/user/Documents/GitHub/smartbugs-curated/Splits/PrimoSplit/insecure_transfer.sol
Starting task 50/98: osiris and /home/user/Documents/GitHub/smartbugs-curated/Splits/PrimoSplit/reentrance.sol
Starting task 51/98: oyente and /home/user/Documents/GitHub/smartbugs-curated/Splits/PrimoSplit/token.sol
Starting task 52/98: solhint-3.3.8 and /home/user/Documents/GitHub/smartbugs-curated/Splits/PrimoSplit/reentrancy_dao.sol
Starting task 53/98: honeybadger and /home/user/Documents/GitHub/smartbugs-curated/Splits/PrimoSplit/insecure_transfer.sol
Starting task 54/98: smartcheck and /home/user/Documents/GitHub/smartbugs-curated/Splits/PrimoSplit/etherbank.sol
Starting task 55/98: honeybadger and /home/user/Documents/GitHub/smartbugs-curated/Splits/PrimoSplit/reentrance.sol
Starting task 56/98: osiris and /home/user/Documents/GitHub/smartbugs-curated/Splits/PrimoSplit/insecure_transfer.sol
Starting task 57/98: slither-0.10.4 and /home/user/Documents/GitHub/smartbugs-curated/Splits/PrimoSplit/timelock.sol
Starting task 58/98: conkas and /home/user/Documents/GitHub/smartbugs-curated/Splits/PrimoSplit/token.sol
Starting task 59/98: oyente and /home/user/Documents/GitHub/smartbugs-curated/Splits/PrimoSplit/insecure_transfer.sol
Starting task 60/98: sfuzz and /home/user/Documents/GitHub/smartbugs-curated/Splits/PrimoSplit/timelock.sol
Starting task 61/98: solhint-3.3.8 and /home/user/Documents/GitHub/smartbugs-curated/Splits/PrimoSplit/modifier_reentrancy.sol
Starting task 62/98: mythril-0.24.7 and /home/user/Documents/GitHub/smartbugs-curated/Splits/PrimoSplit/reentrancy_dao.sol
Starting task 63/98: confuzzius and /home/user/Documents/GitHub/smartbugs-curated/Splits/PrimoSplit/reentrance.sol
Starting task 64/98: sfuzz and /home/user/Documents/GitHub/smartbugs-curated/Splits/PrimoSplit/insecure_transfer.sol
Starting task 65/98: confuzzius and /home/user/Documents/GitHub/smartbugs-curated/Splits/PrimoSplit/timelock.sol
Starting task 66/98: securify and /home/user/Documents/GitHub/smartbugs-curated/Splits/PrimoSplit/etherbank.sol
Starting task 67/98: slither-0.10.4 and /home/user/Documents/GitHub/smartbugs-curated/Splits/PrimoSplit/token.sol
Starting task 68/98: semgrep and /home/user/Documents/GitHub/smartbugs-curated/Splits/PrimoSplit/reentrance.sol
Starting task 69/98: smartcheck and /home/user/Documents/GitHub/smartbugs-curated/Splits/PrimoSplit/modifier_reentrancy.sol
Starting task 70/98: manticore-0.3.7 and /home/user/Documents/GitHub/smartbugs-curated/Splits/PrimoSplit/token.sol
Starting task 71/98: maian and /home/user/Documents/GitHub/smartbugs-curated/Splits/PrimoSplit/reentrancy_dao.sol
Starting task 72/98: conkas and /home/user/Documents/GitHub/smartbugs-curated/Splits/PrimoSplit/insecure_transfer.sol
Starting task 73/98: securify and /home/user/Documents/GitHub/smartbugs-curated/Splits/PrimoSplit/modifier_reentrancy.sol
Starting task 74/98: slither-0.10.4 and /home/user/Documents/GitHub/smartbugs-curated/Splits/PrimoSplit/reentrance.sol
Starting task 75/98: solhint-3.3.8 and /home/user/Documents/GitHub/smartbugs-curated/Splits/PrimoSplit/insecure_transfer.sol
Starting task 76/98: sfuzz and /home/user/Documents/GitHub/smartbugs-curated/Splits/PrimoSplit/modifier_reentrancy.sol
Starting task 77/98: smartcheck and /home/user/Documents/GitHub/smartbugs-curated/Splits/PrimoSplit/timelock.sol
Starting task 78/98: conkas and /home/user/Documents/GitHub/smartbugs-curated/Splits/PrimoSplit/modifier_reentrancy.sol
Starting task 79/98: conkas and /home/user/Documents/GitHub/smartbugs-curated/Splits/PrimoSplit/timelock.sol
Starting task 80/98: semgrep and /home/user/Documents/GitHub/smartbugs-curated/Splits/PrimoSplit/insecure_transfer.sol
Starting task 81/98: semgrep and /home/user/Documents/GitHub/smartbugs-curated/Splits/PrimoSplit/token.sol
Starting task 82/98: oyente and /home/user/Documents/GitHub/smartbugs-curated/Splits/PrimoSplit/etherbank.sol
Starting task 83/98: manticore-0.3.7 and /home/user/Documents/GitHub/smartbugs-curated/Splits/PrimoSplit/timelock.sol
Starting task 84/98: mythril-0.24.7 and /home/user/Documents/GitHub/smartbugs-curated/Splits/PrimoSplit/token.sol
Starting task 85/98: honeybadger and /home/user/Documents/GitHub/smartbugs-curated/Splits/PrimoSplit/reentrancy_dao.sol
Starting task 86/98: manticore-0.3.7 and /home/user/Documents/GitHub/smartbugs-curated/Splits/PrimoSplit/reentrancy_dao.sol
Starting task 87/98: smartcheck and /home/user/Documents/GitHub/smartbugs-curated/Splits/PrimoSplit/token.sol
Starting task 88/98: osiris and /home/user/Documents/GitHub/smartbugs-curated/Splits/PrimoSplit/etherbank.sol
Starting task 89/98: semgrep and /home/user/Documents/GitHub/smartbugs-curated/Splits/PrimoSplit/etherbank.sol
Starting task 90/98: solhint-3.3.8 and /home/user/Documents/GitHub/smartbugs-curated/Splits/PrimoSplit/reentrance.sol
Starting task 91/98: manticore-0.3.7 and /home/user/Documents/GitHub/smartbugs-curated/Splits/PrimoSplit/insecure_transfer.sol
Starting task 92/98: maian and /home/user/Documents/GitHub/smartbugs-curated/Splits/PrimoSplit/modifier_reentrancy.sol
Starting task 93/98: slither-0.10.4 and /home/user/Documents/GitHub/smartbugs-curated/Splits/PrimoSplit/etherbank.sol
Starting task 94/98: smartcheck and /home/user/Documents/GitHub/smartbugs-curated/Splits/PrimoSplit/reentrance.sol
Starting task 95/98: honeybadger and /home/user/Documents/GitHub/smartbugs-curated/Splits/PrimoSplit/modifier_reentrancy.sol
Starting task 96/98: slither-0.10.4 and /home/user/Documents/GitHub/smartbugs-curated/Splits/PrimoSplit/modifier_reentrancy.sol
Starting task 97/98: mythril-0.24.7 and /home/user/Documents/GitHub/smartbugs-curated/Splits/PrimoSplit/modifier_reentrancy.sol
Starting task 98/98: mythril-0.24.7 and /home/user/Documents/GitHub/smartbugs-curated/Splits/PrimoSplit/reentrance.sol
Analysis completed in 1:31:38.
