Arguments passed: ['/home/user/Documents/smartbugsOriginale/sb/__main__.py', '-t', 'all', '-f', '/home/user/Documents/GitHub/smartbugs-curated/Splits/TerzoSplit/ERC20.sol', '/home/user/Documents/GitHub/smartbugs-curated/Splits/TerzoSplit/eth_tx_order_dependence_minimal.sol', '/home/user/Documents/GitHub/smartbugs-curated/Splits/TerzoSplit/FindThisHash.sol', '/home/user/Documents/GitHub/smartbugs-curated/Splits/TerzoSplit/roulette.sol', '/home/user/Documents/GitHub/smartbugs-curated/Splits/TerzoSplit/unprotected0.sol', '/home/user/Documents/GitHub/smartbugs-curated/Splits/TerzoSplit/wallet_02_refund_nosub.sol', '/home/user/Documents/GitHub/smartbugs-curated/Splits/TerzoSplit/wallet_03_wrong_constructor.sol', '--timeout', '300', '--runid', '20250707_2026']
Settings: {files: [(None, '/home/user/Documents/GitHub/smartbugs-curated/Splits/TerzoSplit/ERC20.sol'), (None, '/home/user/Documents/GitHub/smartbugs-curated/Splits/TerzoSplit/eth_tx_order_dependence_minimal.sol'), (None, '/home/user/Documents/GitHub/smartbugs-curated/Splits/TerzoSplit/FindThisHash.sol'), (None, '/home/user/Documents/GitHub/smartbugs-curated/Splits/TerzoSplit/roulette.sol'), (None, '/home/user/Documents/GitHub/smartbugs-curated/Splits/TerzoSplit/unprotected0.sol'), (None, '/home/user/Documents/GitHub/smartbugs-curated/Splits/TerzoSplit/wallet_02_refund_nosub.sol'), (None, '/home/user/Documents/GitHub/smartbugs-curated/Splits/TerzoSplit/wallet_03_wrong_constructor.sol')], main: False, runtime: False, tools: ['all'], runid: 20250707_2026, overwrite: False, processes: 1, timeout: 300, cpu_quota: None, mem_limit: None, results: results/${TOOL}/20250707_2026/${FILENAME}, log: results/logs/20250707_2026.log, json: False, sarif: False, quiet: False}
Starting task 1/98: osiris and /home/user/Documents/GitHub/smartbugs-curated/Splits/TerzoSplit/FindThisHash.sol
Starting task 2/98: honeybadger and /home/user/Documents/GitHub/smartbugs-curated/Splits/TerzoSplit/FindThisHash.sol
Starting task 3/98: slither-0.10.4 and /home/user/Documents/GitHub/smartbugs-curated/Splits/TerzoSplit/wallet_03_wrong_constructor.sol
Starting task 4/98: honeybadger and /home/user/Documents/GitHub/smartbugs-curated/Splits/TerzoSplit/eth_tx_order_dependence_minimal.sol
Starting task 5/98: maian and /home/user/Documents/GitHub/smartbugs-curated/Splits/TerzoSplit/roulette.sol
Starting task 6/98: honeybadger and /home/user/Documents/GitHub/smartbugs-curated/Splits/TerzoSplit/roulette.sol
Starting task 7/98: osiris and /home/user/Documents/GitHub/smartbugs-curated/Splits/TerzoSplit/ERC20.sol
Starting task 8/98: conkas and /home/user/Documents/GitHub/smartbugs-curated/Splits/TerzoSplit/eth_tx_order_dependence_minimal.sol
Starting task 9/98: manticore-0.3.7 and /home/user/Documents/GitHub/smartbugs-curated/Splits/TerzoSplit/wallet_02_refund_nosub.sol
Starting task 10/98: manticore-0.3.7 and /home/user/Documents/GitHub/smartbugs-curated/Splits/TerzoSplit/eth_tx_order_dependence_minimal.sol
Starting task 11/98: maian and /home/user/Documents/GitHub/smartbugs-curated/Splits/TerzoSplit/unprotected0.sol
Starting task 12/98: slither-0.10.4 and /home/user/Documents/GitHub/smartbugs-curated/Splits/TerzoSplit/wallet_02_refund_nosub.sol
Starting task 13/98: smartcheck and /home/user/Documents/GitHub/smartbugs-curated/Splits/TerzoSplit/ERC20.sol
Starting task 14/98: confuzzius and /home/user/Documents/GitHub/smartbugs-curated/Splits/TerzoSplit/FindThisHash.sol
Starting task 15/98: sfuzz and /home/user/Documents/GitHub/smartbugs-curated/Splits/TerzoSplit/ERC20.sol
Starting task 16/98: sfuzz and /home/user/Documents/GitHub/smartbugs-curated/Splits/TerzoSplit/FindThisHash.sol
Starting task 17/98: oyente and /home/user/Documents/GitHub/smartbugs-curated/Splits/TerzoSplit/unprotected0.sol
Starting task 18/98: confuzzius and /home/user/Documents/GitHub/smartbugs-curated/Splits/TerzoSplit/wallet_03_wrong_constructor.sol
Starting task 19/98: manticore-0.3.7 and /home/user/Documents/GitHub/smartbugs-curated/Splits/TerzoSplit/FindThisHash.sol
Starting task 20/98: conkas and /home/user/Documents/GitHub/smartbugs-curated/Splits/TerzoSplit/wallet_03_wrong_constructor.sol
Starting task 21/98: osiris and /home/user/Documents/GitHub/smartbugs-curated/Splits/TerzoSplit/wallet_02_refund_nosub.sol
Starting task 22/98: solhint-3.3.8 and /home/user/Documents/GitHub/smartbugs-curated/Splits/TerzoSplit/roulette.sol
Starting task 23/98: solhint-3.3.8 and /home/user/Documents/GitHub/smartbugs-curated/Splits/TerzoSplit/wallet_02_refund_nosub.sol
Starting task 24/98: confuzzius and /home/user/Documents/GitHub/smartbugs-curated/Splits/TerzoSplit/ERC20.sol
Starting task 25/98: mythril-0.24.7 and /home/user/Documents/GitHub/smartbugs-curated/Splits/TerzoSplit/wallet_02_refund_nosub.sol
Starting task 26/98: conkas and /home/user/Documents/GitHub/smartbugs-curated/Splits/TerzoSplit/unprotected0.sol
Starting task 27/98: semgrep and /home/user/Documents/GitHub/smartbugs-curated/Splits/TerzoSplit/roulette.sol
Starting task 28/98: securify and /home/user/Documents/GitHub/smartbugs-curated/Splits/TerzoSplit/eth_tx_order_dependence_minimal.sol
Starting task 29/98: solhint-3.3.8 and /home/user/Documents/GitHub/smartbugs-curated/Splits/TerzoSplit/unprotected0.sol
Starting task 30/98: solhint-3.3.8 and /home/user/Documents/GitHub/smartbugs-curated/Splits/TerzoSplit/ERC20.sol
Starting task 31/98: conkas and /home/user/Documents/GitHub/smartbugs-curated/Splits/TerzoSplit/FindThisHash.sol
Starting task 32/98: securify and /home/user/Documents/GitHub/smartbugs-curated/Splits/TerzoSplit/FindThisHash.sol
Starting task 33/98: smartcheck and /home/user/Documents/GitHub/smartbugs-curated/Splits/TerzoSplit/eth_tx_order_dependence_minimal.sol
Starting task 34/98: maian and /home/user/Documents/GitHub/smartbugs-curated/Splits/TerzoSplit/wallet_02_refund_nosub.sol
Starting task 35/98: maian and /home/user/Documents/GitHub/smartbugs-curated/Splits/TerzoSplit/wallet_03_wrong_constructor.sol
Starting task 36/98: osiris and /home/user/Documents/GitHub/smartbugs-curated/Splits/TerzoSplit/wallet_03_wrong_constructor.sol
Starting task 37/98: oyente and /home/user/Documents/GitHub/smartbugs-curated/Splits/TerzoSplit/eth_tx_order_dependence_minimal.sol
Starting task 38/98: maian and /home/user/Documents/GitHub/smartbugs-curated/Splits/TerzoSplit/FindThisHash.sol
Starting task 39/98: conkas and /home/user/Documents/GitHub/smartbugs-curated/Splits/TerzoSplit/wallet_02_refund_nosub.sol
Starting task 40/98: securify and /home/user/Documents/GitHub/smartbugs-curated/Splits/TerzoSplit/wallet_03_wrong_constructor.sol
Starting task 41/98: slither-0.10.4 and /home/user/Documents/GitHub/smartbugs-curated/Splits/TerzoSplit/ERC20.sol
Starting task 42/98: semgrep and /home/user/Documents/GitHub/smartbugs-curated/Splits/TerzoSplit/eth_tx_order_dependence_minimal.sol
Starting task 43/98: slither-0.10.4 and /home/user/Documents/GitHub/smartbugs-curated/Splits/TerzoSplit/unprotected0.sol
Starting task 44/98: smartcheck and /home/user/Documents/GitHub/smartbugs-curated/Splits/TerzoSplit/roulette.sol
Starting task 45/98: confuzzius and /home/user/Documents/GitHub/smartbugs-curated/Splits/TerzoSplit/roulette.sol
Starting task 46/98: honeybadger and /home/user/Documents/GitHub/smartbugs-curated/Splits/TerzoSplit/wallet_02_refund_nosub.sol
Starting task 47/98: semgrep and /home/user/Documents/GitHub/smartbugs-curated/Splits/TerzoSplit/FindThisHash.sol
Starting task 48/98: osiris and /home/user/Documents/GitHub/smartbugs-curated/Splits/TerzoSplit/roulette.sol
Starting task 49/98: oyente and /home/user/Documents/GitHub/smartbugs-curated/Splits/TerzoSplit/ERC20.sol
Starting task 50/98: confuzzius and /home/user/Documents/GitHub/smartbugs-curated/Splits/TerzoSplit/eth_tx_order_dependence_minimal.sol
Starting task 51/98: sfuzz and /home/user/Documents/GitHub/smartbugs-curated/Splits/TerzoSplit/eth_tx_order_dependence_minimal.sol
Starting task 52/98: maian and /home/user/Documents/GitHub/smartbugs-curated/Splits/TerzoSplit/eth_tx_order_dependence_minimal.sol
Starting task 53/98: sfuzz and /home/user/Documents/GitHub/smartbugs-curated/Splits/TerzoSplit/roulette.sol
Starting task 54/98: sfuzz and /home/user/Documents/GitHub/smartbugs-curated/Splits/TerzoSplit/unprotected0.sol
Starting task 55/98: securify and /home/user/Documents/GitHub/smartbugs-curated/Splits/TerzoSplit/ERC20.sol
Starting task 56/98: slither-0.10.4 and /home/user/Documents/GitHub/smartbugs-curated/Splits/TerzoSplit/FindThisHash.sol
Starting task 57/98: solhint-3.3.8 and /home/user/Documents/GitHub/smartbugs-curated/Splits/TerzoSplit/FindThisHash.sol
Starting task 58/98: conkas and /home/user/Documents/GitHub/smartbugs-curated/Splits/TerzoSplit/roulette.sol
Starting task 59/98: honeybadger and /home/user/Documents/GitHub/smartbugs-curated/Splits/TerzoSplit/wallet_03_wrong_constructor.sol
Starting task 60/98: securify and /home/user/Documents/GitHub/smartbugs-curated/Splits/TerzoSplit/wallet_02_refund_nosub.sol
Starting task 61/98: smartcheck and /home/user/Documents/GitHub/smartbugs-curated/Splits/TerzoSplit/unprotected0.sol
Starting task 62/98: securify and /home/user/Documents/GitHub/smartbugs-curated/Splits/TerzoSplit/roulette.sol
Starting task 63/98: slither-0.10.4 and /home/user/Documents/GitHub/smartbugs-curated/Splits/TerzoSplit/eth_tx_order_dependence_minimal.sol
Starting task 64/98: mythril-0.24.7 and /home/user/Documents/GitHub/smartbugs-curated/Splits/TerzoSplit/wallet_03_wrong_constructor.sol
Starting task 65/98: semgrep and /home/user/Documents/GitHub/smartbugs-curated/Splits/TerzoSplit/ERC20.sol
Starting task 66/98: mythril-0.24.7 and /home/user/Documents/GitHub/smartbugs-curated/Splits/TerzoSplit/unprotected0.sol
Starting task 67/98: confuzzius and /home/user/Documents/GitHub/smartbugs-curated/Splits/TerzoSplit/unprotected0.sol
Starting task 68/98: semgrep and /home/user/Documents/GitHub/smartbugs-curated/Splits/TerzoSplit/wallet_02_refund_nosub.sol
Starting task 69/98: osiris and /home/user/Documents/GitHub/smartbugs-curated/Splits/TerzoSplit/unprotected0.sol
Starting task 70/98: sfuzz and /home/user/Documents/GitHub/smartbugs-curated/Splits/TerzoSplit/wallet_02_refund_nosub.sol
Starting task 71/98: semgrep and /home/user/Documents/GitHub/smartbugs-curated/Splits/TerzoSplit/unprotected0.sol
Starting task 72/98: slither-0.10.4 and /home/user/Documents/GitHub/smartbugs-curated/Splits/TerzoSplit/roulette.sol
Starting task 73/98: mythril-0.24.7 and /home/user/Documents/GitHub/smartbugs-curated/Splits/TerzoSplit/FindThisHash.sol
Starting task 74/98: honeybadger and /home/user/Documents/GitHub/smartbugs-curated/Splits/TerzoSplit/unprotected0.sol
Starting task 75/98: manticore-0.3.7 and /home/user/Documents/GitHub/smartbugs-curated/Splits/TerzoSplit/unprotected0.sol
Starting task 76/98: securify and /home/user/Documents/GitHub/smartbugs-curated/Splits/TerzoSplit/unprotected0.sol
Starting task 77/98: oyente and /home/user/Documents/GitHub/smartbugs-curated/Splits/TerzoSplit/roulette.sol
Starting task 78/98: oyente and /home/user/Documents/GitHub/smartbugs-curated/Splits/TerzoSplit/FindThisHash.sol
Starting task 79/98: smartcheck and /home/user/Documents/GitHub/smartbugs-curated/Splits/TerzoSplit/FindThisHash.sol
Starting task 80/98: smartcheck and /home/user/Documents/GitHub/smartbugs-curated/Splits/TerzoSplit/wallet_02_refund_nosub.sol
Starting task 81/98: confuzzius and /home/user/Documents/GitHub/smartbugs-curated/Splits/TerzoSplit/wallet_02_refund_nosub.sol
Starting task 82/98: osiris and /home/user/Documents/GitHub/smartbugs-curated/Splits/TerzoSplit/eth_tx_order_dependence_minimal.sol
Starting task 83/98: mythril-0.24.7 and /home/user/Documents/GitHub/smartbugs-curated/Splits/TerzoSplit/ERC20.sol
Starting task 84/98: honeybadger and /home/user/Documents/GitHub/smartbugs-curated/Splits/TerzoSplit/ERC20.sol
Starting task 85/98: semgrep and /home/user/Documents/GitHub/smartbugs-curated/Splits/TerzoSplit/wallet_03_wrong_constructor.sol
Starting task 86/98: solhint-3.3.8 and /home/user/Documents/GitHub/smartbugs-curated/Splits/TerzoSplit/wallet_03_wrong_constructor.sol
Starting task 87/98: mythril-0.24.7 and /home/user/Documents/GitHub/smartbugs-curated/Splits/TerzoSplit/roulette.sol
Starting task 88/98: maian and /home/user/Documents/GitHub/smartbugs-curated/Splits/TerzoSplit/ERC20.sol
Starting task 89/98: conkas and /home/user/Documents/GitHub/smartbugs-curated/Splits/TerzoSplit/ERC20.sol
Starting task 90/98: oyente and /home/user/Documents/GitHub/smartbugs-curated/Splits/TerzoSplit/wallet_02_refund_nosub.sol
Starting task 91/98: sfuzz and /home/user/Documents/GitHub/smartbugs-curated/Splits/TerzoSplit/wallet_03_wrong_constructor.sol
Starting task 92/98: solhint-3.3.8 and /home/user/Documents/GitHub/smartbugs-curated/Splits/TerzoSplit/eth_tx_order_dependence_minimal.sol
Starting task 93/98: manticore-0.3.7 and /home/user/Documents/GitHub/smartbugs-curated/Splits/TerzoSplit/ERC20.sol
Starting task 94/98: smartcheck and /home/user/Documents/GitHub/smartbugs-curated/Splits/TerzoSplit/wallet_03_wrong_constructor.sol
Starting task 95/98: manticore-0.3.7 and /home/user/Documents/GitHub/smartbugs-curated/Splits/TerzoSplit/roulette.sol
Starting task 96/98: manticore-0.3.7 and /home/user/Documents/GitHub/smartbugs-curated/Splits/TerzoSplit/wallet_03_wrong_constructor.sol
Starting task 97/98: mythril-0.24.7 and /home/user/Documents/GitHub/smartbugs-curated/Splits/TerzoSplit/eth_tx_order_dependence_minimal.sol
Starting task 98/98: oyente and /home/user/Documents/GitHub/smartbugs-curated/Splits/TerzoSplit/wallet_03_wrong_constructor.sol
Analysis completed in 1:39:29.
