2025-09-05 07:48:48,787: [11] m.main:INFO: Registered plugins: IntrospectionAPIPlugin, <class 'manticore.ethereum.plugins.SkipRevertBasicBlocks'>, <class 'manticore.ethereum.plugins.FilterFunctions'>
2025-09-05 07:48:48,787: [11] m.main:INFO: Beginning analysis
2025-09-05 07:48:48,789: [11] m.e.manticore:INFO: Starting symbolic create contract
2025-09-05 07:48:49,560: [11] m.e.manticore:INFO: Starting symbolic transaction: 0
2025-09-05 07:48:52,484: [11] m.e.manticore:INFO: Found a concrete globalsha3 b'\x00\x00\x00\x00\x00\x00\x00\x00\x00\x00\x00\x00\x00\x00\x00\x00\x00\x00\x00\x00\x00\x00\x00\x00\x00\x00\x00\x00\x00\x02\x00\x00\x00\x00\x00\x00\x00\x00\x00\x00\x00\x00\x00\x00\x00\x00\x00\x00\x00\x00\x00\x00\x00\x00\x00\x00\x00\x00\x00\x00\x00\x00\x00\x01' -> 27376155845717860833342594873357525089589924219251518322086369159840883582034
2025-09-05 07:49:02,928: [11] m.e.manticore:INFO: 3 alive states, 3 terminated states
2025-09-05 07:49:03,364: [11] m.e.manticore:INFO: Starting symbolic transaction: 1
2025-09-05 07:49:47,633: [11] m.e.manticore:INFO: 9 alive states, 9 terminated states
2025-09-05 07:49:48,122: [101] m.c.manticore:INFO: Generated testcase No. 0 - STOP(3 txs)
2025-09-05 07:49:48,123: [101] m.c.plugin:WARNING: Caught will_solve in state None, but failed to capture its initialization
2025-09-05 07:49:48,220: [103] m.c.manticore:INFO: Generated testcase No. 2 - STOP(3 txs)
2025-09-05 07:49:48,221: [103] m.c.plugin:WARNING: Caught will_solve in state None, but failed to capture its initialization
2025-09-05 07:49:48,224: [102] m.c.manticore:INFO: Generated testcase No. 1 - STOP(3 txs)
2025-09-05 07:49:48,230: [102] m.c.plugin:WARNING: Caught will_solve in state None, but failed to capture its initialization
2025-09-05 07:49:48,255: [108] m.c.manticore:INFO: Generated testcase No. 4 - STOP(3 txs)
2025-09-05 07:49:48,256: [108] m.c.plugin:WARNING: Caught will_solve in state None, but failed to capture its initialization
2025-09-05 07:49:48,280: [105] m.c.manticore:INFO: Generated testcase No. 3 - STOP(3 txs)
2025-09-05 07:49:48,284: [105] m.c.plugin:WARNING: Caught will_solve in state None, but failed to capture its initialization
2025-09-05 07:49:48,317: [110] m.c.manticore:INFO: Generated testcase No. 5 - STOP(3 txs)
2025-09-05 07:49:48,318: [110] m.c.plugin:WARNING: Caught will_solve in state None, but failed to capture its initialization
2025-09-05 07:49:48,327: [109] m.c.manticore:INFO: Generated testcase No. 6 - STOP(3 txs)
2025-09-05 07:49:48,328: [109] m.c.plugin:WARNING: Caught will_solve in state None, but failed to capture its initialization
2025-09-05 07:49:48,382: [111] m.c.manticore:INFO: Generated testcase No. 7 - STOP(3 txs)
2025-09-05 07:49:48,386: [111] m.c.plugin:WARNING: Caught will_solve in state None, but failed to capture its initialization
2025-09-05 07:49:48,642: [106] m.c.manticore:INFO: Generated testcase No. 8 - STOP(3 txs)
2025-09-05 07:49:48,646: [106] m.c.plugin:WARNING: Caught will_solve in state None, but failed to capture its initialization
2025-09-05 07:49:53,620: [11] m.c.manticore:INFO: Results in /mcore_zfo3hvu7
2025-09-05 07:49:53,620: [11] m.c.manticore:INFO: Total time: 50.20504903793335
