2025-09-21 15:06:14,058 - Main     - INFO - [1mInitializing seed to 1427655.0[0m
2025-09-21 15:06:14,132 - Fuzzer   - INFO - [1mFuzzing contract [1mHumanStandardToken[0m[0m
2025-09-21 15:06:14,255 - Analysis - INFO - [1mGeneration number 0 	 Code coverage: 77.45% (1044/1348) 	 Branch coverage: 77.03% (57/74) 	 Transactions: 23 (22 unique)   	 Time: 0.11187505722045898[0m
2025-09-21 15:06:14,384 - Analysis - INFO - [1mGeneration number 1 	 Code coverage: 77.45% (1044/1348) 	 Branch coverage: 78.38% (58/74) 	 Transactions: 44 (33 unique)   	 Time: 0.24081754684448242[0m
2025-09-21 15:06:14,662 - Analysis - INFO - [1mGeneration number 2 	 Code coverage: 77.45% (1044/1348) 	 Branch coverage: 78.38% (58/74) 	 Transactions: 74 (42 unique)   	 Time: 0.5181012153625488[0m
2025-09-21 15:06:14,921 - Analysis - INFO - [1mGeneration number 3 	 Code coverage: 80.19% (1081/1348) 	 Branch coverage: 81.08% (60/74) 	 Transactions: 103 (51 unique)   	 Time: 0.777411937713623[0m
2025-09-21 15:06:15,315 - Analysis - INFO - [1mGeneration number 4 	 Code coverage: 80.19% (1081/1348) 	 Branch coverage: 81.08% (60/74) 	 Transactions: 157 (64 unique)   	 Time: 1.1716790199279785[0m
2025-09-21 15:06:15,839 - Analysis - INFO - [1mGeneration number 5 	 Code coverage: 80.19% (1081/1348) 	 Branch coverage: 81.08% (60/74) 	 Transactions: 220 (76 unique)   	 Time: 1.6953506469726562[0m
2025-09-21 15:06:16,346 - Analysis - INFO - [1mGeneration number 6 	 Code coverage: 80.19% (1081/1348) 	 Branch coverage: 81.08% (60/74) 	 Transactions: 281 (87 unique)   	 Time: 2.2028822898864746[0m
2025-09-21 15:06:16,962 - Analysis - INFO - [1mGeneration number 7 	 Code coverage: 80.19% (1081/1348) 	 Branch coverage: 81.08% (60/74) 	 Transactions: 353 (100 unique)   	 Time: 2.8182766437530518[0m
2025-09-21 15:06:17,626 - Analysis - INFO - [1mGeneration number 8 	 Code coverage: 80.19% (1081/1348) 	 Branch coverage: 81.08% (60/74) 	 Transactions: 432 (115 unique)   	 Time: 3.482865571975708[0m
2025-09-21 15:06:18,345 - Analysis - INFO - [1mGeneration number 9 	 Code coverage: 80.19% (1081/1348) 	 Branch coverage: 81.08% (60/74) 	 Transactions: 517 (131 unique)   	 Time: 4.201052188873291[0m
2025-09-21 15:06:19,088 - Analysis - INFO - [1mGeneration number 10 	 Code coverage: 80.19% (1081/1348) 	 Branch coverage: 81.08% (60/74) 	 Transactions: 607 (148 unique)   	 Time: 4.944082260131836[0m
2025-09-21 15:06:19,127 - Analysis - INFO - [1m-----------------------------------------------------[0m
2025-09-21 15:06:19,127 - Analysis - INFO - Number of generations: 	 10
2025-09-21 15:06:19,127 - Analysis - INFO - Number of transactions: 	 607 (148 unique)
2025-09-21 15:06:19,127 - Analysis - INFO - Transactions per second: 	 122
2025-09-21 15:06:19,127 - Analysis - INFO - Total code coverage: 	 80.19% (1081/1348)
2025-09-21 15:06:19,127 - Analysis - INFO - Total branch coverage: 	 81.08% (60/74)
2025-09-21 15:06:19,127 - Analysis - INFO - Total execution time: 	 4.98 seconds
2025-09-21 15:06:19,127 - Analysis - INFO - Total memory consumption: 	 66.90 MB
2025-09-21 15:06:19,129 - Fuzzer   - INFO - [1mFuzzing contract [1mStandardToken[0m[0m
2025-09-21 15:06:19,188 - Analysis - INFO - [1mGeneration number 0 	 Code coverage: 68.98% (427/619) 	 Branch coverage: 86.11% (31/36) 	 Transactions: 15 (14 unique)   	 Time: 0.05464363098144531[0m
2025-09-21 15:06:19,261 - Analysis - INFO - [1mGeneration number 1 	 Code coverage: 68.98% (427/619) 	 Branch coverage: 88.89% (32/36) 	 Transactions: 30 (23 unique)   	 Time: 0.12831449508666992[0m
2025-09-21 15:06:19,377 - Analysis - INFO - [1mGeneration number 2 	 Code coverage: 74.96% (464/619) 	 Branch coverage: 94.44% (34/36) 	 Transactions: 46 (29 unique)   	 Time: 0.24431109428405762[0m
2025-09-21 15:06:19,577 - Analysis - INFO - [1mGeneration number 3 	 Code coverage: 74.96% (464/619) 	 Branch coverage: 94.44% (34/36) 	 Transactions: 80 (40 unique)   	 Time: 0.443401575088501[0m
2025-09-21 15:06:19,818 - Analysis - INFO - [1mGeneration number 4 	 Code coverage: 74.96% (464/619) 	 Branch coverage: 94.44% (34/36) 	 Transactions: 118 (52 unique)   	 Time: 0.684912919998169[0m
2025-09-21 15:06:20,113 - Analysis - INFO - [1mGeneration number 5 	 Code coverage: 74.96% (464/619) 	 Branch coverage: 94.44% (34/36) 	 Transactions: 165 (64 unique)   	 Time: 0.980076789855957[0m
2025-09-21 15:06:20,434 - Analysis - INFO - [1mGeneration number 6 	 Code coverage: 74.96% (464/619) 	 Branch coverage: 94.44% (34/36) 	 Transactions: 215 (76 unique)   	 Time: 1.3005530834197998[0m
2025-09-21 15:06:20,799 - Analysis - INFO - [1mGeneration number 7 	 Code coverage: 74.96% (464/619) 	 Branch coverage: 94.44% (34/36) 	 Transactions: 272 (89 unique)   	 Time: 1.666022539138794[0m
2025-09-21 15:06:21,175 - Analysis - INFO - [1mGeneration number 8 	 Code coverage: 74.96% (464/619) 	 Branch coverage: 94.44% (34/36) 	 Transactions: 329 (103 unique)   	 Time: 2.0418918132781982[0m
2025-09-21 15:06:21,537 - Analysis - INFO - [1mGeneration number 9 	 Code coverage: 74.96% (464/619) 	 Branch coverage: 94.44% (34/36) 	 Transactions: 385 (117 unique)   	 Time: 2.4034905433654785[0m
2025-09-21 15:06:21,874 - Analysis - INFO - [1mGeneration number 10 	 Code coverage: 74.96% (464/619) 	 Branch coverage: 94.44% (34/36) 	 Transactions: 438 (131 unique)   	 Time: 2.740375518798828[0m
2025-09-21 15:06:21,892 - Analysis - INFO - [1m-----------------------------------------------------[0m
2025-09-21 15:06:21,892 - Analysis - INFO - Number of generations: 	 10
2025-09-21 15:06:21,892 - Analysis - INFO - Number of transactions: 	 438 (131 unique)
2025-09-21 15:06:21,892 - Analysis - INFO - Transactions per second: 	 159
2025-09-21 15:06:21,892 - Analysis - INFO - Total code coverage: 	 74.96% (464/619)
2025-09-21 15:06:21,892 - Analysis - INFO - Total branch coverage: 	 94.44% (34/36)
2025-09-21 15:06:21,892 - Analysis - INFO - Total execution time: 	 2.76 seconds
2025-09-21 15:06:21,892 - Analysis - INFO - Total memory consumption: 	 66.90 MB
2025-09-21 15:06:21,894 - Fuzzer   - INFO - [1mFuzzing contract [1mToken[0m[0m
2025-09-21 15:06:21,944 - Analysis - INFO - [1mGeneration number 0 	 Code coverage: 99.51% (204/205) 	 Branch coverage: 95.83% (23/24) 	 Transactions: 15 (14 unique)   	 Time: 0.04652762413024902[0m
2025-09-21 15:06:21,990 - Analysis - INFO - [1mGeneration number 1 	 Code coverage: 99.51% (204/205) 	 Branch coverage: 95.83% (23/24) 	 Transactions: 28 (24 unique)   	 Time: 0.09292054176330566[0m
2025-09-21 15:06:22,037 - Analysis - INFO - [1mGeneration number 2 	 Code coverage: 99.51% (204/205) 	 Branch coverage: 100.00% (24/24) 	 Transactions: 41 (33 unique)   	 Time: 0.13961458206176758[0m
2025-09-21 15:06:22,080 - Analysis - INFO - [1mGeneration number 3 	 Code coverage: 99.51% (204/205) 	 Branch coverage: 100.00% (24/24) 	 Transactions: 53 (38 unique)   	 Time: 0.18282008171081543[0m
2025-09-21 15:06:22,118 - Analysis - INFO - [1mGeneration number 4 	 Code coverage: 99.51% (204/205) 	 Branch coverage: 100.00% (24/24) 	 Transactions: 64 (41 unique)   	 Time: 0.22076416015625[0m
2025-09-21 15:06:22,155 - Analysis - INFO - [1mGeneration number 5 	 Code coverage: 99.51% (204/205) 	 Branch coverage: 100.00% (24/24) 	 Transactions: 75 (44 unique)   	 Time: 0.25761938095092773[0m
2025-09-21 15:06:22,195 - Analysis - INFO - [1mGeneration number 6 	 Code coverage: 99.51% (204/205) 	 Branch coverage: 100.00% (24/24) 	 Transactions: 86 (47 unique)   	 Time: 0.29781556129455566[0m
2025-09-21 15:06:22,228 - Analysis - INFO - [1mGeneration number 7 	 Code coverage: 99.51% (204/205) 	 Branch coverage: 100.00% (24/24) 	 Transactions: 96 (47 unique)   	 Time: 0.3310964107513428[0m
2025-09-21 15:06:22,274 - Analysis - INFO - [1mGeneration number 8 	 Code coverage: 99.51% (204/205) 	 Branch coverage: 100.00% (24/24) 	 Transactions: 104 (47 unique)   	 Time: 0.37726593017578125[0m
2025-09-21 15:06:22,311 - Analysis - INFO - [1mGeneration number 9 	 Code coverage: 99.51% (204/205) 	 Branch coverage: 100.00% (24/24) 	 Transactions: 113 (48 unique)   	 Time: 0.4139401912689209[0m
2025-09-21 15:06:22,335 - Analysis - INFO - [1mGeneration number 10 	 Code coverage: 99.51% (204/205) 	 Branch coverage: 100.00% (24/24) 	 Transactions: 120 (48 unique)   	 Time: 0.43755578994750977[0m
2025-09-21 15:06:22,335 - Analysis - INFO - [1m-----------------------------------------------------[0m
2025-09-21 15:06:22,335 - Analysis - INFO - Number of generations: 	 10
2025-09-21 15:06:22,335 - Analysis - INFO - Number of transactions: 	 120 (48 unique)
2025-09-21 15:06:22,335 - Analysis - INFO - Transactions per second: 	 274
2025-09-21 15:06:22,335 - Analysis - INFO - Total code coverage: 	 99.51% (204/205)
2025-09-21 15:06:22,335 - Analysis - INFO - Total branch coverage: 	 100.00% (24/24)
2025-09-21 15:06:22,335 - Analysis - INFO - Total execution time: 	 0.44 seconds
2025-09-21 15:06:22,335 - Analysis - INFO - Total memory consumption: 	 66.90 MB

     ______            ______                _           
    / ____/___  ____  / ____/_  __________  (_)_  _______
   / /   / __ \/ __ \/ /_  / / / /_  /_  / / / / / / ___/
  / /___/ /_/ / / / / __/ / /_/ / / /_/ /_/ / /_/ (__  ) 
  \____/\____/_/ /_/_/    \__,_/ /___/___/_/\__,_/____/  

delteed file
