METRICS: Using configs from the Registry (like --config=p/ci) reports pseudonymous rule metrics to semgrep.dev.
To disable Registry rule metrics, use "--metrics=off".
Using configs only from local files (like --config=xyz.yml) does not enable metrics.

More information: https://semgrep.dev/docs/metrics

               
               
┌─────────────┐
│ Scan Status │
└─────────────┘
  Scanning 1 file tracked by git with 48 Code rules:
  Scanning 1 file with 48 solidity rules.
                   
                   
┌─────────────────┐
│ 2 Code Findings │
└─────────────────┘
                               
    /sb/integer_overflow_1.sol 
       solidity.performance.inefficient-state-variable-increment             
          <x> += <y> costs more gas than <x> = <x> + <y> for state variables.
                                                                             
           14┆ sellerBalance += value; // possible overflow
            ⋮┆----------------------------------------
       solidity.performance.init-variables-with-default-value                   
          Uninitialized variables are assigned with the types default value.    
  Explicitly initializing a                                                     
          variable with its default value costs unnecessary gas.                
                                                                                
           10┆ uint private sellerBalance=0;

                
                
┌──────────────┐
│ Scan Summary │
└──────────────┘

Ran 48 rules on 1 file: 2 findings.

A new version of Semgrep is available. See https://semgrep.dev/docs/upgrading

Versions prior to 1.76.0 are no longer supported by Semgrep.dev, please upgrade.
