2025-09-22 03:26:38,680 - Main     - INFO - [1mInitializing seed to 1427655.0[0m
2025-09-22 03:26:38,723 - Fuzzer   - INFO - [1mFuzzing contract [1mLVMH_301201[0m[0m
2025-09-22 03:26:38,834 - Analysis - INFO - [1mGeneration number 0 	 Code coverage: 76.38% (773/1012) 	 Branch coverage: 82.26% (51/62) 	 Transactions: 23 (22 unique)   	 Time: 0.09905195236206055[0m
2025-09-22 03:26:38,962 - Analysis - INFO - [1mGeneration number 1 	 Code coverage: 83.20% (842/1012) 	 Branch coverage: 83.87% (52/62) 	 Transactions: 48 (34 unique)   	 Time: 0.22687697410583496[0m
2025-09-22 03:26:39,223 - Analysis - INFO - [1mGeneration number 2 	 Code coverage: 83.20% (842/1012) 	 Branch coverage: 83.87% (52/62) 	 Transactions: 93 (52 unique)   	 Time: 0.4879775047302246[0m
2025-09-22 03:26:39,598 - Analysis - INFO - [1mGeneration number 3 	 Code coverage: 96.15% (973/1012) 	 Branch coverage: 87.10% (54/62) 	 Transactions: 157 (72 unique)   	 Time: 0.8626132011413574[0m
2025-09-22 03:26:40,034 - Analysis - INFO - [1mGeneration number 4 	 Code coverage: 96.15% (973/1012) 	 Branch coverage: 87.10% (54/62) 	 Transactions: 234 (92 unique)   	 Time: 1.2989170551300049[0m
2025-09-22 03:26:40,572 - Analysis - INFO - [1mGeneration number 5 	 Code coverage: 96.44% (976/1012) 	 Branch coverage: 88.71% (55/62) 	 Transactions: 329 (114 unique)   	 Time: 1.8370790481567383[0m
2025-09-22 03:26:41,100 - Analysis - INFO - [1mGeneration number 6 	 Code coverage: 96.44% (976/1012) 	 Branch coverage: 88.71% (55/62) 	 Transactions: 424 (136 unique)   	 Time: 2.3647522926330566[0m
2025-09-22 03:26:41,799 - Analysis - INFO - [1mGeneration number 7 	 Code coverage: 96.44% (976/1012) 	 Branch coverage: 88.71% (55/62) 	 Transactions: 522 (158 unique)   	 Time: 3.0634958744049072[0m
2025-09-22 03:26:42,483 - Analysis - INFO - [1mGeneration number 8 	 Code coverage: 96.44% (976/1012) 	 Branch coverage: 88.71% (55/62) 	 Transactions: 630 (179 unique)   	 Time: 3.7481472492218018[0m
2025-09-22 03:26:43,210 - Analysis - INFO - [1mGeneration number 9 	 Code coverage: 96.44% (976/1012) 	 Branch coverage: 88.71% (55/62) 	 Transactions: 738 (200 unique)   	 Time: 4.475029230117798[0m
2025-09-22 03:26:43,910 - Analysis - INFO - [1mGeneration number 10 	 Code coverage: 96.44% (976/1012) 	 Branch coverage: 88.71% (55/62) 	 Transactions: 848 (222 unique)   	 Time: 5.174987316131592[0m
2025-09-22 03:26:44,597 - Analysis - INFO - [1mGeneration number 11 	 Code coverage: 96.44% (976/1012) 	 Branch coverage: 88.71% (55/62) 	 Transactions: 958 (244 unique)   	 Time: 5.861828565597534[0m
2025-09-22 03:26:45,320 - Analysis - INFO - [1mGeneration number 12 	 Code coverage: 96.44% (976/1012) 	 Branch coverage: 88.71% (55/62) 	 Transactions: 1068 (266 unique)   	 Time: 6.584518671035767[0m
2025-09-22 03:26:46,042 - Analysis - INFO - [1mGeneration number 13 	 Code coverage: 96.44% (976/1012) 	 Branch coverage: 88.71% (55/62) 	 Transactions: 1178 (288 unique)   	 Time: 7.306351900100708[0m
2025-09-22 03:26:46,782 - Analysis - INFO - [1mGeneration number 14 	 Code coverage: 96.44% (976/1012) 	 Branch coverage: 88.71% (55/62) 	 Transactions: 1288 (310 unique)   	 Time: 8.046778440475464[0m
2025-09-22 03:26:47,548 - Analysis - INFO - [1mGeneration number 15 	 Code coverage: 96.44% (976/1012) 	 Branch coverage: 88.71% (55/62) 	 Transactions: 1398 (332 unique)   	 Time: 8.81284236907959[0m
2025-09-22 03:26:48,279 - Analysis - INFO - [1mGeneration number 16 	 Code coverage: 96.44% (976/1012) 	 Branch coverage: 88.71% (55/62) 	 Transactions: 1508 (354 unique)   	 Time: 9.543956518173218[0m
2025-09-22 03:26:48,517 - Analysis - INFO - [1mGeneration number 17 	 Code coverage: 96.44% (976/1012) 	 Branch coverage: 88.71% (55/62) 	 Transactions: 1549 (376 unique)   	 Time: 9.78116512298584[0m
2025-09-22 03:26:48,748 - Analysis - INFO - [1mGeneration number 18 	 Code coverage: 96.44% (976/1012) 	 Branch coverage: 88.71% (55/62) 	 Transactions: 1583 (390 unique)   	 Time: 10.012630701065063[0m
2025-09-22 03:26:49,194 - Analysis - INFO - [1mGeneration number 19 	 Code coverage: 96.44% (976/1012) 	 Branch coverage: 88.71% (55/62) 	 Transactions: 1653 (407 unique)   	 Time: 10.458969831466675[0m
2025-09-22 03:26:49,790 - Analysis - INFO - [1mGeneration number 20 	 Code coverage: 96.44% (976/1012) 	 Branch coverage: 88.71% (55/62) 	 Transactions: 1747 (429 unique)   	 Time: 11.054709434509277[0m
2025-09-22 03:26:50,364 - Analysis - INFO - [1mGeneration number 21 	 Code coverage: 96.44% (976/1012) 	 Branch coverage: 88.71% (55/62) 	 Transactions: 1838 (451 unique)   	 Time: 11.628272533416748[0m
2025-09-22 03:26:50,955 - Analysis - INFO - [1mGeneration number 22 	 Code coverage: 96.44% (976/1012) 	 Branch coverage: 88.71% (55/62) 	 Transactions: 1930 (473 unique)   	 Time: 12.219805479049683[0m
2025-09-22 03:26:51,603 - Analysis - INFO - [1mGeneration number 23 	 Code coverage: 96.44% (976/1012) 	 Branch coverage: 88.71% (55/62) 	 Transactions: 2029 (495 unique)   	 Time: 12.868033170700073[0m
2025-09-22 03:26:52,271 - Analysis - INFO - [1mGeneration number 24 	 Code coverage: 96.44% (976/1012) 	 Branch coverage: 88.71% (55/62) 	 Transactions: 2130 (517 unique)   	 Time: 13.535844564437866[0m
2025-09-22 03:26:52,933 - Analysis - INFO - [1mGeneration number 25 	 Code coverage: 96.44% (976/1012) 	 Branch coverage: 88.71% (55/62) 	 Transactions: 2228 (538 unique)   	 Time: 14.197447061538696[0m
2025-09-22 03:26:53,601 - Analysis - INFO - [1mGeneration number 26 	 Code coverage: 96.44% (976/1012) 	 Branch coverage: 88.71% (55/62) 	 Transactions: 2328 (560 unique)   	 Time: 14.865257978439331[0m
2025-09-22 03:26:53,881 - Analysis - INFO - [1mGeneration number 27 	 Code coverage: 96.44% (976/1012) 	 Branch coverage: 88.71% (55/62) 	 Transactions: 2376 (584 unique)   	 Time: 15.145371913909912[0m
2025-09-22 03:26:54,146 - Analysis - INFO - [1mGeneration number 28 	 Code coverage: 96.44% (976/1012) 	 Branch coverage: 88.71% (55/62) 	 Transactions: 2423 (597 unique)   	 Time: 15.41064715385437[0m
2025-09-22 03:26:54,493 - Analysis - INFO - [1mGeneration number 29 	 Code coverage: 96.44% (976/1012) 	 Branch coverage: 88.71% (55/62) 	 Transactions: 2483 (612 unique)   	 Time: 15.75755262374878[0m
2025-09-22 03:26:54,922 - Analysis - INFO - [1mGeneration number 30 	 Code coverage: 96.44% (976/1012) 	 Branch coverage: 88.71% (55/62) 	 Transactions: 2552 (631 unique)   	 Time: 16.186847448349[0m
2025-09-22 03:26:55,376 - Analysis - INFO - [1mGeneration number 31 	 Code coverage: 96.44% (976/1012) 	 Branch coverage: 88.71% (55/62) 	 Transactions: 2627 (652 unique)   	 Time: 16.640542030334473[0m
2025-09-22 03:26:55,874 - Analysis - INFO - [1mGeneration number 32 	 Code coverage: 96.44% (976/1012) 	 Branch coverage: 88.71% (55/62) 	 Transactions: 2706 (674 unique)   	 Time: 17.13896131515503[0m
2025-09-22 03:26:56,395 - Analysis - INFO - [1mGeneration number 33 	 Code coverage: 96.44% (976/1012) 	 Branch coverage: 88.71% (55/62) 	 Transactions: 2790 (695 unique)   	 Time: 17.659422636032104[0m
2025-09-22 03:26:56,941 - Analysis - INFO - [1mGeneration number 34 	 Code coverage: 96.44% (976/1012) 	 Branch coverage: 88.71% (55/62) 	 Transactions: 2876 (717 unique)   	 Time: 18.205564737319946[0m
2025-09-22 03:26:57,505 - Analysis - INFO - [1mGeneration number 35 	 Code coverage: 96.44% (976/1012) 	 Branch coverage: 88.71% (55/62) 	 Transactions: 2966 (738 unique)   	 Time: 18.769429206848145[0m
2025-09-22 03:26:58,070 - Analysis - INFO - [1mGeneration number 36 	 Code coverage: 96.44% (976/1012) 	 Branch coverage: 88.71% (55/62) 	 Transactions: 3054 (760 unique)   	 Time: 19.33414888381958[0m
2025-09-22 03:26:58,329 - Analysis - INFO - [1mGeneration number 37 	 Code coverage: 96.44% (976/1012) 	 Branch coverage: 88.71% (55/62) 	 Transactions: 3100 (775 unique)   	 Time: 19.593404531478882[0m
2025-09-22 03:26:58,645 - Analysis - INFO - [1mGeneration number 38 	 Code coverage: 96.44% (976/1012) 	 Branch coverage: 88.71% (55/62) 	 Transactions: 3151 (791 unique)   	 Time: 19.90954327583313[0m
2025-09-22 03:26:59,120 - Analysis - INFO - [1mGeneration number 39 	 Code coverage: 96.44% (976/1012) 	 Branch coverage: 88.71% (55/62) 	 Transactions: 3224 (811 unique)   	 Time: 20.38424301147461[0m
2025-09-22 03:26:59,644 - Analysis - INFO - [1mGeneration number 40 	 Code coverage: 96.44% (976/1012) 	 Branch coverage: 88.71% (55/62) 	 Transactions: 3311 (831 unique)   	 Time: 20.908580780029297[0m
2025-09-22 03:27:00,159 - Analysis - INFO - [1mGeneration number 41 	 Code coverage: 96.44% (976/1012) 	 Branch coverage: 88.71% (55/62) 	 Transactions: 3399 (852 unique)   	 Time: 21.42322015762329[0m
2025-09-22 03:27:00,744 - Analysis - INFO - [1mGeneration number 42 	 Code coverage: 96.44% (976/1012) 	 Branch coverage: 88.71% (55/62) 	 Transactions: 3489 (874 unique)   	 Time: 22.0087468624115[0m
2025-09-22 03:27:01,288 - Analysis - INFO - [1mGeneration number 43 	 Code coverage: 96.44% (976/1012) 	 Branch coverage: 88.71% (55/62) 	 Transactions: 3579 (895 unique)   	 Time: 22.553112745285034[0m
2025-09-22 03:27:01,865 - Analysis - INFO - [1mGeneration number 44 	 Code coverage: 96.44% (976/1012) 	 Branch coverage: 88.71% (55/62) 	 Transactions: 3672 (917 unique)   	 Time: 23.12970519065857[0m
2025-09-22 03:27:02,445 - Analysis - INFO - [1mGeneration number 45 	 Code coverage: 96.44% (976/1012) 	 Branch coverage: 88.71% (55/62) 	 Transactions: 3767 (939 unique)   	 Time: 23.709258317947388[0m
2025-09-22 03:27:03,025 - Analysis - INFO - [1mGeneration number 46 	 Code coverage: 96.44% (976/1012) 	 Branch coverage: 88.71% (55/62) 	 Transactions: 3860 (961 unique)   	 Time: 24.28922939300537[0m
2025-09-22 03:27:03,268 - Analysis - INFO - [1mGeneration number 47 	 Code coverage: 96.44% (976/1012) 	 Branch coverage: 88.71% (55/62) 	 Transactions: 3900 (974 unique)   	 Time: 24.533007383346558[0m
2025-09-22 03:27:03,465 - Analysis - INFO - [1mGeneration number 48 	 Code coverage: 96.44% (976/1012) 	 Branch coverage: 88.71% (55/62) 	 Transactions: 3936 (985 unique)   	 Time: 24.72970676422119[0m
2025-09-22 03:27:03,883 - Analysis - INFO - [1mGeneration number 49 	 Code coverage: 96.44% (976/1012) 	 Branch coverage: 88.71% (55/62) 	 Transactions: 4004 (1001 unique)   	 Time: 25.147175550460815[0m
2025-09-22 03:27:04,434 - Analysis - INFO - [1mGeneration number 50 	 Code coverage: 96.44% (976/1012) 	 Branch coverage: 88.71% (55/62) 	 Transactions: 4097 (1019 unique)   	 Time: 25.698918342590332[0m
2025-09-22 03:27:05,056 - Analysis - INFO - [1mGeneration number 51 	 Code coverage: 96.44% (976/1012) 	 Branch coverage: 88.71% (55/62) 	 Transactions: 4193 (1040 unique)   	 Time: 26.32040524482727[0m
2025-09-22 03:27:05,652 - Analysis - INFO - [1mGeneration number 52 	 Code coverage: 96.44% (976/1012) 	 Branch coverage: 88.71% (55/62) 	 Transactions: 4289 (1062 unique)   	 Time: 26.916946411132812[0m
2025-09-22 03:27:06,242 - Analysis - INFO - [1mGeneration number 53 	 Code coverage: 96.44% (976/1012) 	 Branch coverage: 88.71% (55/62) 	 Transactions: 4385 (1082 unique)   	 Time: 27.507078886032104[0m
2025-09-22 03:27:06,882 - Analysis - INFO - [1mGeneration number 54 	 Code coverage: 96.44% (976/1012) 	 Branch coverage: 88.71% (55/62) 	 Transactions: 4489 (1103 unique)   	 Time: 28.146566152572632[0m
2025-09-22 03:27:07,526 - Analysis - INFO - [1mGeneration number 55 	 Code coverage: 96.44% (976/1012) 	 Branch coverage: 88.71% (55/62) 	 Transactions: 4591 (1124 unique)   	 Time: 28.790695905685425[0m
2025-09-22 03:27:08,234 - Analysis - INFO - [1mGeneration number 56 	 Code coverage: 96.44% (976/1012) 	 Branch coverage: 88.71% (55/62) 	 Transactions: 4698 (1145 unique)   	 Time: 29.498294353485107[0m
2025-09-22 03:27:08,465 - Analysis - INFO - [1mGeneration number 57 	 Code coverage: 96.44% (976/1012) 	 Branch coverage: 88.71% (55/62) 	 Transactions: 4740 (1163 unique)   	 Time: 29.72924304008484[0m
2025-09-22 03:27:08,773 - Analysis - INFO - [1mGeneration number 58 	 Code coverage: 96.44% (976/1012) 	 Branch coverage: 88.71% (55/62) 	 Transactions: 4792 (1180 unique)   	 Time: 30.037440061569214[0m
2025-09-22 03:27:09,209 - Analysis - INFO - [1mGeneration number 59 	 Code coverage: 96.44% (976/1012) 	 Branch coverage: 88.71% (55/62) 	 Transactions: 4865 (1200 unique)   	 Time: 30.473695516586304[0m
2025-09-22 03:27:09,656 - Analysis - INFO - [1mGeneration number 60 	 Code coverage: 96.44% (976/1012) 	 Branch coverage: 88.71% (55/62) 	 Transactions: 4942 (1219 unique)   	 Time: 30.920270204544067[0m
2025-09-22 03:27:10,185 - Analysis - INFO - [1mGeneration number 61 	 Code coverage: 96.44% (976/1012) 	 Branch coverage: 88.71% (55/62) 	 Transactions: 5030 (1240 unique)   	 Time: 31.449389934539795[0m
2025-09-22 03:27:10,726 - Analysis - INFO - [1mGeneration number 62 	 Code coverage: 96.44% (976/1012) 	 Branch coverage: 88.71% (55/62) 	 Transactions: 5116 (1259 unique)   	 Time: 31.990309476852417[0m
2025-09-22 03:27:11,324 - Analysis - INFO - [1mGeneration number 63 	 Code coverage: 96.44% (976/1012) 	 Branch coverage: 88.71% (55/62) 	 Transactions: 5210 (1280 unique)   	 Time: 32.588714361190796[0m
2025-09-22 03:27:11,868 - Analysis - INFO - [1mGeneration number 64 	 Code coverage: 96.44% (976/1012) 	 Branch coverage: 88.71% (55/62) 	 Transactions: 5301 (1300 unique)   	 Time: 33.133100748062134[0m
2025-09-22 03:27:12,455 - Analysis - INFO - [1mGeneration number 65 	 Code coverage: 96.44% (976/1012) 	 Branch coverage: 88.71% (55/62) 	 Transactions: 5396 (1320 unique)   	 Time: 33.719244718551636[0m
2025-09-22 03:27:13,100 - Analysis - INFO - [1mGeneration number 66 	 Code coverage: 96.44% (976/1012) 	 Branch coverage: 88.71% (55/62) 	 Transactions: 5498 (1341 unique)   	 Time: 34.364344120025635[0m
2025-09-22 03:27:13,356 - Analysis - INFO - [1mGeneration number 67 	 Code coverage: 96.44% (976/1012) 	 Branch coverage: 88.71% (55/62) 	 Transactions: 5542 (1357 unique)   	 Time: 34.620362520217896[0m
2025-09-22 03:27:13,672 - Analysis - INFO - [1mGeneration number 68 	 Code coverage: 96.44% (976/1012) 	 Branch coverage: 88.71% (55/62) 	 Transactions: 5593 (1373 unique)   	 Time: 34.93668055534363[0m
2025-09-22 03:27:14,125 - Analysis - INFO - [1mGeneration number 69 	 Code coverage: 96.44% (976/1012) 	 Branch coverage: 88.71% (55/62) 	 Transactions: 5664 (1391 unique)   	 Time: 35.38926649093628[0m
2025-09-22 03:27:14,664 - Analysis - INFO - [1mGeneration number 70 	 Code coverage: 96.44% (976/1012) 	 Branch coverage: 88.71% (55/62) 	 Transactions: 5748 (1411 unique)   	 Time: 35.92903470993042[0m
2025-09-22 03:27:15,239 - Analysis - INFO - [1mGeneration number 71 	 Code coverage: 96.44% (976/1012) 	 Branch coverage: 88.71% (55/62) 	 Transactions: 5830 (1431 unique)   	 Time: 36.50410580635071[0m
2025-09-22 03:27:15,841 - Analysis - INFO - [1mGeneration number 72 	 Code coverage: 96.44% (976/1012) 	 Branch coverage: 88.71% (55/62) 	 Transactions: 5921 (1453 unique)   	 Time: 37.10532855987549[0m
2025-09-22 03:27:16,472 - Analysis - INFO - [1mGeneration number 73 	 Code coverage: 96.44% (976/1012) 	 Branch coverage: 88.71% (55/62) 	 Transactions: 6015 (1475 unique)   	 Time: 37.737085819244385[0m
2025-09-22 03:27:17,184 - Analysis - INFO - [1mGeneration number 74 	 Code coverage: 96.44% (976/1012) 	 Branch coverage: 88.71% (55/62) 	 Transactions: 6111 (1497 unique)   	 Time: 38.44860005378723[0m
2025-09-22 03:27:17,902 - Analysis - INFO - [1mGeneration number 75 	 Code coverage: 96.44% (976/1012) 	 Branch coverage: 88.71% (55/62) 	 Transactions: 6210 (1519 unique)   	 Time: 39.16700863838196[0m
2025-09-22 03:27:18,623 - Analysis - INFO - [1mGeneration number 76 	 Code coverage: 96.44% (976/1012) 	 Branch coverage: 88.71% (55/62) 	 Transactions: 6310 (1541 unique)   	 Time: 39.88786172866821[0m
2025-09-22 03:27:18,829 - Analysis - INFO - [1mGeneration number 77 	 Code coverage: 96.44% (976/1012) 	 Branch coverage: 88.71% (55/62) 	 Transactions: 6345 (1549 unique)   	 Time: 40.09398341178894[0m
2025-09-22 03:27:18,829 - Analysis - INFO - [1m-----------------------------------------------------[0m
2025-09-22 03:27:18,830 - Analysis - INFO - Number of generations: 	 77
2025-09-22 03:27:18,830 - Analysis - INFO - Number of transactions: 	 6345 (1549 unique)
2025-09-22 03:27:18,830 - Analysis - INFO - Transactions per second: 	 158
2025-09-22 03:27:18,830 - Analysis - INFO - Total code coverage: 	 96.44% (976/1012)
2025-09-22 03:27:18,830 - Analysis - INFO - Total branch coverage: 	 88.71% (55/62)
2025-09-22 03:27:18,830 - Analysis - INFO - Total execution time: 	 40.09 seconds
2025-09-22 03:27:18,830 - Analysis - INFO - Total memory consumption: 	 70.15 MB

     ______            ______                _           
    / ____/___  ____  / ____/_  __________  (_)_  _______
   / /   / __ \/ __ \/ /_  / / / /_  /_  / / / / / / ___/
  / /___/ /_/ / / / / __/ / /_/ / / /_/ /_/ / /_/ (__  ) 
  \____/\____/_/ /_/_/    \__,_/ /___/___/_/\__,_/____/  

delteed file
