2025-07-01 02:39:50,552: [11] m.main:INFO: Registered plugins: IntrospectionAPIPlugin, <class 'manticore.ethereum.plugins.SkipRevertBasicBlocks'>, <class 'manticore.ethereum.plugins.FilterFunctions'>
2025-07-01 02:39:50,552: [11] m.main:INFO: Beginning analysis
2025-07-01 02:39:50,554: [11] m.e.manticore:INFO: Starting symbolic create contract
2025-07-01 02:40:22,726: [11] m.e.manticore:INFO: Starting symbolic transaction: 0
2025-07-01 02:40:52,205: [11] m.e.manticore:INFO: Found a concrete globalsha3 b'\x00\x00\x00\x00\x00\x00\x00\x00\x00\x00\x00\x00\x00\x00\x00\x00\x00\x00\x00\x00\x00\x00\x00\x00\x00\x00\x00\x00\x00\x02\x00\x00\x00\x00\x00\x00\x00\x00\x00\x00\x00\x00\x00\x00\x00\x00\x00\x00\x00\x00\x00\x00\x00\x00\x00\x00\x00\x00\x00\x00\x00\x00\x00\x00' -> 73138091548938366139099779971772605061518111956507126412222883840269740007539
2025-07-01 02:42:05,813: [11] m.e.manticore:INFO: 4 alive states, 4 terminated states
2025-07-01 02:42:25,486: [11] m.e.manticore:INFO: Starting symbolic transaction: 1
2025-07-01 02:50:07,503: [11] m.e.manticore:INFO: 16 alive states, 13 terminated states
2025-07-01 02:50:28,914: [106] m.c.manticore:INFO: Generated testcase No. 0 - STOP(3 txs)
2025-07-01 02:50:28,915: [106] m.c.plugin:WARNING: Caught will_solve in state None, but failed to capture its initialization
2025-07-01 02:50:29,098: [108] m.c.manticore:INFO: Generated testcase No. 2 - STOP(3 txs)
2025-07-01 02:50:29,099: [108] m.c.plugin:WARNING: Caught will_solve in state None, but failed to capture its initialization
2025-07-01 02:50:29,123: [112] m.c.manticore:INFO: Generated testcase No. 3 - STOP(3 txs)
2025-07-01 02:50:29,123: [112] m.c.plugin:WARNING: Caught will_solve in state None, but failed to capture its initialization
2025-07-01 02:50:29,224: [105] m.c.manticore:INFO: Generated testcase No. 1 - STOP(3 txs)
2025-07-01 02:50:29,225: [105] m.c.plugin:WARNING: Caught will_solve in state None, but failed to capture its initialization
2025-07-01 02:50:29,244: [113] m.c.manticore:INFO: Generated testcase No. 4 - STOP(3 txs)
2025-07-01 02:50:29,249: [113] m.c.plugin:WARNING: Caught will_solve in state None, but failed to capture its initialization
2025-07-01 02:50:29,331: [116] m.c.manticore:INFO: Generated testcase No. 5 - STOP(3 txs)
2025-07-01 02:50:29,332: [116] m.c.plugin:WARNING: Caught will_solve in state None, but failed to capture its initialization
2025-07-01 02:50:29,420: [115] m.c.manticore:INFO: Generated testcase No. 7 - STOP(3 txs)
2025-07-01 02:50:29,421: [115] m.c.plugin:WARNING: Caught will_solve in state None, but failed to capture its initialization
2025-07-01 02:50:29,430: [117] m.c.manticore:INFO: Generated testcase No. 6 - STOP(3 txs)
2025-07-01 02:50:29,431: [117] m.c.plugin:WARNING: Caught will_solve in state None, but failed to capture its initialization
2025-07-01 02:50:29,580: [110] m.c.manticore:INFO: Generated testcase No. 8 - STOP(3 txs)
2025-07-01 02:50:29,580: [110] m.c.plugin:WARNING: Caught will_solve in state None, but failed to capture its initialization
2025-07-01 02:50:29,754: [121] m.c.manticore:INFO: Generated testcase No. 9 - STOP(3 txs)
2025-07-01 02:50:29,761: [122] m.c.manticore:INFO: Generated testcase No. 10 - STOP(3 txs)
2025-07-01 02:50:29,768: [122] m.c.plugin:WARNING: Caught will_solve in state None, but failed to capture its initialization
2025-07-01 02:50:29,769: [121] m.c.plugin:WARNING: Caught will_solve in state None, but failed to capture its initialization
2025-07-01 02:50:29,800: [118] m.c.manticore:INFO: Generated testcase No. 11 - STOP(3 txs)
2025-07-01 02:50:29,812: [118] m.c.plugin:WARNING: Caught will_solve in state None, but failed to capture its initialization
