'solc --version' running
'solc /sb/insecure_transfer.sol --combined-json abi,ast,bin,bin-runtime,srcmap,srcmap-runtime,userdoc,devdoc,hashes,compact-format --allow-paths .,/sb' running

IntegerOverflowAdd (../../sb/insecure_transfer.sol#9-21) has incorrect ERC20 function interface:IntegerOverflowAdd.transfer(address,uint256) (../../sb/insecure_transfer.sol#13-19)
Reference: https://github.com/crytic/slither/wiki/Detector-Documentation#incorrect-erc20-interface

Version constraint ^0.4.10 contains known severe issues (https://solidity.readthedocs.io/en/latest/bugs.html)
	- DirtyBytesArrayToStorage
	- KeccakCaching
	- EmptyByteArrayCopy
	- DynamicArrayCleanup
	- ImplicitConstructorCallvalueCheck
	- TupleAssignmentMultiStackSlotComponents
	- MemoryArrayCreationOverflow
	- privateCanBeOverridden
	- SignedArrayStorageCopy
	- UninitializedFunctionPointerInConstructor_0.4.x
	- IncorrectEventSignatureInLibraries_0.4.x
	- ExpExponentCleanup
	- NestedArrayFunctionCallDecoder
	- ZeroFunctionSelector
	- DelegateCallReturnValue
	- ECRecoverMalformedInput
	- SkipEmptyStringLiteral
	- ConstantOptimizerSubtraction.
It is used by:
	- ^0.4.10 (../../sb/insecure_transfer.sol#7)
solc-0.4.26 is an outdated solc version. Use a more recent version (at least 0.8.0), if possible.
Reference: https://github.com/crytic/slither/wiki/Detector-Documentation#incorrect-versions-of-solidity

Parameter IntegerOverflowAdd.transfer(address,uint256)._to (../../sb/insecure_transfer.sol#13) is not in mixedCase
Parameter IntegerOverflowAdd.transfer(address,uint256)._value (../../sb/insecure_transfer.sol#13) is not in mixedCase
Reference: https://github.com/crytic/slither/wiki/Detector-Documentation#conformance-to-solidity-naming-conventions
/sb/insecure_transfer.sol analyzed (1 contracts with 93 detectors), 5 result(s) found
