2025-09-22 03:17:37,057 - Main     - INFO - [1mInitializing seed to 1427655.0[0m
2025-09-22 03:17:37,219 - Fuzzer   - INFO - [1mFuzzing contract [1mBasicToken[0m[0m
2025-09-22 03:17:37,347 - Analysis - INFO - [1mGeneration number 0 	 Code coverage: 63.67% (624/980) 	 Branch coverage: 72.50% (58/80) 	 Transactions: 27 (26 unique)   	 Time: 0.11826181411743164[0m
2025-09-22 03:17:37,477 - Analysis - INFO - [1mGeneration number 1 	 Code coverage: 64.69% (634/980) 	 Branch coverage: 75.00% (60/80) 	 Transactions: 53 (40 unique)   	 Time: 0.24811482429504395[0m
2025-09-22 03:17:37,739 - Analysis - INFO - [1mGeneration number 2 	 Code coverage: 67.14% (658/980) 	 Branch coverage: 77.50% (62/80) 	 Transactions: 98 (52 unique)   	 Time: 0.5101251602172852[0m
2025-09-22 03:17:38,236 - Analysis - INFO - [1mGeneration number 3 	 Code coverage: 67.14% (658/980) 	 Branch coverage: 77.50% (62/80) 	 Transactions: 182 (74 unique)   	 Time: 1.0068590641021729[0m
2025-09-22 03:17:38,834 - Analysis - INFO - [1mGeneration number 4 	 Code coverage: 67.76% (664/980) 	 Branch coverage: 80.00% (64/80) 	 Transactions: 275 (93 unique)   	 Time: 1.60465407371521[0m
2025-09-22 03:17:39,429 - Analysis - INFO - [1mGeneration number 5 	 Code coverage: 67.76% (664/980) 	 Branch coverage: 80.00% (64/80) 	 Transactions: 375 (114 unique)   	 Time: 2.1999034881591797[0m
2025-09-22 03:17:40,089 - Analysis - INFO - [1mGeneration number 6 	 Code coverage: 67.76% (664/980) 	 Branch coverage: 80.00% (64/80) 	 Transactions: 484 (132 unique)   	 Time: 2.8600704669952393[0m
2025-09-22 03:17:40,767 - Analysis - INFO - [1mGeneration number 7 	 Code coverage: 67.76% (664/980) 	 Branch coverage: 80.00% (64/80) 	 Transactions: 595 (151 unique)   	 Time: 3.538085699081421[0m
2025-09-22 03:17:41,095 - Detector - INFO - [1m[33m-----------------------------------------------------[0m
2025-09-22 03:17:41,095 - Detector - INFO - [1m[33m          !!! Assertion failure detected !!!         [0m
2025-09-22 03:17:41,095 - Detector - INFO - [1m[33m-----------------------------------------------------[0m
2025-09-22 03:17:41,095 - Detector - INFO - [1m[33mSWC-ID:   110[0m
2025-09-22 03:17:41,095 - Detector - INFO - [1m[33mSeverity: Medium[0m
2025-09-22 03:17:41,096 - Detector - INFO - [1m[33m-----------------------------------------------------[0m
2025-09-22 03:17:41,096 - Detector - INFO - [1m[33mSource code line:[0m
2025-09-22 03:17:41,096 - Detector - INFO - [1m[33m-----------------------------------------------------[0m
2025-09-22 03:17:41,096 - Detector - INFO - [1m[33m/sb/0x746be9d764a4c3d5b29472ffc76a91e639a4192a.sol:33:1[0m
2025-09-22 03:17:41,096 - Detector - INFO - [1m[33massert(b <= a)[0m
2025-09-22 03:17:41,096 - Detector - INFO - [1m[33m-----------------------------------------------------[0m
2025-09-22 03:17:41,096 - Detector - INFO - [1m[33mTransaction sequence:[0m
2025-09-22 03:17:41,096 - Detector - INFO - [1m[33m-----------------------------------------------------[0m
2025-09-22 03:17:41,096 - Detector - INFO - [1m[33mTransaction 1 - setLocked(bool):[0m
2025-09-22 03:17:41,096 - Detector - INFO - [1m[33m-----------------------------------------------------[0m
2025-09-22 03:17:41,096 - Detector - INFO - [1m[33mFrom:      0xcafebabecafebabecafebabecafebabecafebabe[0m
2025-09-22 03:17:41,096 - Detector - INFO - [1m[33mTo:        0x2c5e8a3b3aad9df32339409534e64dfcabcd3a65[0m
2025-09-22 03:17:41,096 - Detector - INFO - [1m[33mValue:     0 Wei[0m
2025-09-22 03:17:41,096 - Detector - INFO - [1m[33mGas Limit: 4500000[0m
2025-09-22 03:17:41,096 - Detector - INFO - [1m[33mInput:     0x211e28b600000000000000000000000000000000[0m
2025-09-22 03:17:41,096 - Detector - INFO - [1m[33m           00000000000000000000000000000000[0m
2025-09-22 03:17:41,096 - Detector - INFO - [1m[33m-----------------------------------------------------[0m
2025-09-22 03:17:41,096 - Detector - INFO - [1m[33mTransaction 2 - canTransfer(address):[0m
2025-09-22 03:17:41,096 - Detector - INFO - [1m[33m-----------------------------------------------------[0m
2025-09-22 03:17:41,097 - Detector - INFO - [1m[33mFrom:      0xcafebabecafebabecafebabecafebabecafebabe[0m
2025-09-22 03:17:41,097 - Detector - INFO - [1m[33mTo:        0x2c5e8a3b3aad9df32339409534e64dfcabcd3a65[0m
2025-09-22 03:17:41,097 - Detector - INFO - [1m[33mValue:     0 Wei[0m
2025-09-22 03:17:41,097 - Detector - INFO - [1m[33mGas Limit: 4500000[0m
2025-09-22 03:17:41,097 - Detector - INFO - [1m[33mInput:     0x78fc3cb3000000000000000000000000cafebabe[0m
2025-09-22 03:17:41,097 - Detector - INFO - [1m[33m           cafebabecafebabecafebabecafebabe[0m
2025-09-22 03:17:41,097 - Detector - INFO - [1m[33m-----------------------------------------------------[0m
2025-09-22 03:17:41,097 - Detector - INFO - [1m[33mTransaction 3 - setLocked(bool):[0m
2025-09-22 03:17:41,097 - Detector - INFO - [1m[33m-----------------------------------------------------[0m
2025-09-22 03:17:41,097 - Detector - INFO - [1m[33mFrom:      0xdeadbeefdeadbeefdeadbeefdeadbeefdeadbeef[0m
2025-09-22 03:17:41,097 - Detector - INFO - [1m[33mTo:        0x2c5e8a3b3aad9df32339409534e64dfcabcd3a65[0m
2025-09-22 03:17:41,097 - Detector - INFO - [1m[33mValue:     0 Wei[0m
2025-09-22 03:17:41,097 - Detector - INFO - [1m[33mGas Limit: 4500000[0m
2025-09-22 03:17:41,097 - Detector - INFO - [1m[33mInput:     0x211e28b600000000000000000000000000000000[0m
2025-09-22 03:17:41,097 - Detector - INFO - [1m[33m           00000000000000000000000000000001[0m
2025-09-22 03:17:41,097 - Detector - INFO - [1m[33m-----------------------------------------------------[0m
2025-09-22 03:17:41,097 - Detector - INFO - [1m[33mTransaction 4 - transfer(address,uint256):[0m
2025-09-22 03:17:41,097 - Detector - INFO - [1m[33m-----------------------------------------------------[0m
2025-09-22 03:17:41,097 - Detector - INFO - [1m[33mFrom:      0xdeadbeefdeadbeefdeadbeefdeadbeefdeadbeef[0m
2025-09-22 03:17:41,097 - Detector - INFO - [1m[33mTo:        0x2c5e8a3b3aad9df32339409534e64dfcabcd3a65[0m
2025-09-22 03:17:41,097 - Detector - INFO - [1m[33mValue:     0 Wei[0m
2025-09-22 03:17:41,097 - Detector - INFO - [1m[33mGas Limit: 4500000[0m
2025-09-22 03:17:41,097 - Detector - INFO - [1m[33mInput:     0xa9059cbb000000000000000000000000deadbeef[0m
2025-09-22 03:17:41,098 - Detector - INFO - [1m[33m           deadbeefdeadbeefdeadbeefdeadbeef2951f011a4[0m
2025-09-22 03:17:41,098 - Detector - INFO - [1m[33m           1de322b1b60f50bce0f16ba1f9a313fe51b91fe778[0m
2025-09-22 03:17:41,098 - Detector - INFO - [1m[33m           04cb8bdd1f47[0m
2025-09-22 03:17:41,098 - Detector - INFO - [1m[33m-----------------------------------------------------[0m
2025-09-22 03:17:41,446 - Analysis - INFO - [1mGeneration number 8 	 Code coverage: 70.71% (693/980) 	 Branch coverage: 82.50% (66/80) 	 Transactions: 705 (171 unique)   	 Time: 4.217336893081665[0m
2025-09-22 03:17:42,082 - Analysis - INFO - [1mGeneration number 9 	 Code coverage: 70.71% (693/980) 	 Branch coverage: 82.50% (66/80) 	 Transactions: 814 (185 unique)   	 Time: 4.852839708328247[0m
2025-09-22 03:17:42,729 - Analysis - INFO - [1mGeneration number 10 	 Code coverage: 82.24% (806/980) 	 Branch coverage: 85.00% (68/80) 	 Transactions: 924 (202 unique)   	 Time: 5.499874830245972[0m
2025-09-22 03:17:42,729 - Analysis - INFO - [1m-----------------------------------------------------[0m
2025-09-22 03:17:42,729 - Analysis - INFO - Number of generations: 	 10
2025-09-22 03:17:42,729 - Analysis - INFO - Number of transactions: 	 924 (202 unique)
2025-09-22 03:17:42,729 - Analysis - INFO - Transactions per second: 	 168
2025-09-22 03:17:42,729 - Analysis - INFO - Total code coverage: 	 82.24% (806/980)
2025-09-22 03:17:42,729 - Analysis - INFO - Total branch coverage: 	 85.00% (68/80)
2025-09-22 03:17:42,729 - Analysis - INFO - Total execution time: 	 5.50 seconds
2025-09-22 03:17:42,730 - Analysis - INFO - Total memory consumption: 	 69.34 MB
2025-09-22 03:17:42,732 - Fuzzer   - INFO - [1mFuzzing contract [1mBurnableToken[0m[0m
2025-09-22 03:17:42,954 - Analysis - INFO - [1mGeneration number 0 	 Code coverage: 69.43% (1297/1868) 	 Branch coverage: 79.82% (91/114) 	 Transactions: 39 (38 unique)   	 Time: 0.2135601043701172[0m
2025-09-22 03:17:43,258 - Analysis - INFO - [1mGeneration number 1 	 Code coverage: 71.57% (1337/1868) 	 Branch coverage: 84.21% (96/114) 	 Transactions: 86 (65 unique)   	 Time: 0.5174143314361572[0m
2025-09-22 03:17:43,867 - Analysis - INFO - [1mGeneration number 2 	 Code coverage: 74.68% (1395/1868) 	 Branch coverage: 87.72% (100/114) 	 Transactions: 168 (93 unique)   	 Time: 1.1268556118011475[0m
2025-09-22 03:17:44,832 - Analysis - INFO - [1mGeneration number 3 	 Code coverage: 74.84% (1398/1868) 	 Branch coverage: 88.60% (101/114) 	 Transactions: 283 (125 unique)   	 Time: 2.0919806957244873[0m
2025-09-22 03:17:45,993 - Analysis - INFO - [1mGeneration number 4 	 Code coverage: 75.00% (1401/1868) 	 Branch coverage: 90.35% (103/114) 	 Transactions: 425 (158 unique)   	 Time: 3.2522783279418945[0m
2025-09-22 03:17:47,374 - Analysis - INFO - [1mGeneration number 5 	 Code coverage: 75.00% (1401/1868) 	 Branch coverage: 90.35% (103/114) 	 Transactions: 581 (191 unique)   	 Time: 4.6336987018585205[0m
2025-09-22 03:17:48,938 - Analysis - INFO - [1mGeneration number 6 	 Code coverage: 75.00% (1401/1868) 	 Branch coverage: 90.35% (103/114) 	 Transactions: 745 (224 unique)   	 Time: 6.1974592208862305[0m
2025-09-22 03:17:50,559 - Analysis - INFO - [1mGeneration number 7 	 Code coverage: 75.16% (1404/1868) 	 Branch coverage: 91.23% (104/114) 	 Transactions: 907 (259 unique)   	 Time: 7.8188722133636475[0m
2025-09-22 03:17:52,179 - Analysis - INFO - [1mGeneration number 8 	 Code coverage: 75.16% (1404/1868) 	 Branch coverage: 91.23% (104/114) 	 Transactions: 1070 (293 unique)   	 Time: 9.439115285873413[0m
2025-09-22 03:17:53,962 - Analysis - INFO - [1mGeneration number 9 	 Code coverage: 75.16% (1404/1868) 	 Branch coverage: 91.23% (104/114) 	 Transactions: 1235 (326 unique)   	 Time: 11.221962928771973[0m
2025-09-22 03:17:55,735 - Analysis - INFO - [1mGeneration number 10 	 Code coverage: 75.16% (1404/1868) 	 Branch coverage: 91.23% (104/114) 	 Transactions: 1401 (359 unique)   	 Time: 12.995039224624634[0m
2025-09-22 03:17:55,786 - Analysis - INFO - [1m-----------------------------------------------------[0m
2025-09-22 03:17:55,786 - Analysis - INFO - Number of generations: 	 10
2025-09-22 03:17:55,786 - Analysis - INFO - Number of transactions: 	 1401 (359 unique)
2025-09-22 03:17:55,786 - Analysis - INFO - Transactions per second: 	 107
2025-09-22 03:17:55,786 - Analysis - INFO - Total code coverage: 	 75.16% (1404/1868)
2025-09-22 03:17:55,786 - Analysis - INFO - Total branch coverage: 	 91.23% (104/114)
2025-09-22 03:17:55,786 - Analysis - INFO - Total execution time: 	 13.05 seconds
2025-09-22 03:17:55,786 - Analysis - INFO - Total memory consumption: 	 72.48 MB
2025-09-22 03:17:55,789 - Fuzzer   - INFO - [1mFuzzing contract [1mMEAT[0m[0m
2025-09-22 03:17:55,967 - Detector - INFO - [1m[33m-----------------------------------------------------[0m
2025-09-22 03:17:55,967 - Detector - INFO - [1m[33m          !!! Assertion failure detected !!!         [0m
2025-09-22 03:17:55,967 - Detector - INFO - [1m[33m-----------------------------------------------------[0m
2025-09-22 03:17:55,967 - Detector - INFO - [1m[33mSWC-ID:   110[0m
2025-09-22 03:17:55,967 - Detector - INFO - [1m[33mSeverity: Medium[0m
2025-09-22 03:17:55,967 - Detector - INFO - [1m[33m-----------------------------------------------------[0m
2025-09-22 03:17:55,967 - Detector - INFO - [1m[33mSource code line:[0m
2025-09-22 03:17:55,967 - Detector - INFO - [1m[33m-----------------------------------------------------[0m
2025-09-22 03:17:55,967 - Detector - INFO - [1m[33m/sb/0x746be9d764a4c3d5b29472ffc76a91e639a4192a.sol:33:1[0m
2025-09-22 03:17:55,967 - Detector - INFO - [1m[33massert(b <= a)[0m
2025-09-22 03:17:55,967 - Detector - INFO - [1m[33m-----------------------------------------------------[0m
2025-09-22 03:17:55,967 - Detector - INFO - [1m[33mTransaction sequence:[0m
2025-09-22 03:17:55,967 - Detector - INFO - [1m[33m-----------------------------------------------------[0m
2025-09-22 03:17:55,967 - Detector - INFO - [1m[33mTransaction - transfer(address,uint256):[0m
2025-09-22 03:17:55,967 - Detector - INFO - [1m[33m-----------------------------------------------------[0m
2025-09-22 03:17:55,967 - Detector - INFO - [1m[33mFrom:      0xcafebabecafebabecafebabecafebabecafebabe[0m
2025-09-22 03:17:55,967 - Detector - INFO - [1m[33mTo:        0x2c5e8a3b3aad9df32339409534e64dfcabcd3a65[0m
2025-09-22 03:17:55,967 - Detector - INFO - [1m[33mValue:     0 Wei[0m
2025-09-22 03:17:55,967 - Detector - INFO - [1m[33mGas Limit: 4500000[0m
2025-09-22 03:17:55,967 - Detector - INFO - [1m[33mInput:     0xa9059cbb000000000000000000000000cafebabe[0m
2025-09-22 03:17:55,967 - Detector - INFO - [1m[33m           cafebabecafebabecafebabecafebabeffffffffff[0m
2025-09-22 03:17:55,967 - Detector - INFO - [1m[33m           ffffffffffffffffffffffffffffffffffffffffff[0m
2025-09-22 03:17:55,967 - Detector - INFO - [1m[33m           ffffffffffff[0m
2025-09-22 03:17:55,967 - Detector - INFO - [1m[33m-----------------------------------------------------[0m
2025-09-22 03:17:56,062 - Analysis - INFO - [1mGeneration number 0 	 Code coverage: 73.83% (1549/2098) 	 Branch coverage: 83.58% (112/134) 	 Transactions: 47 (46 unique)   	 Time: 0.2620558738708496[0m
2025-09-22 03:17:56,441 - Analysis - INFO - [1mGeneration number 1 	 Code coverage: 74.26% (1558/2098) 	 Branch coverage: 85.82% (115/134) 	 Transactions: 100 (72 unique)   	 Time: 0.6408371925354004[0m
2025-09-22 03:17:57,175 - Analysis - INFO - [1mGeneration number 2 	 Code coverage: 76.36% (1602/2098) 	 Branch coverage: 87.31% (117/134) 	 Transactions: 195 (106 unique)   	 Time: 1.3753604888916016[0m
2025-09-22 03:17:58,432 - Analysis - INFO - [1mGeneration number 3 	 Code coverage: 78.98% (1657/2098) 	 Branch coverage: 89.55% (120/134) 	 Transactions: 334 (146 unique)   	 Time: 2.6325550079345703[0m
2025-09-22 03:17:59,997 - Analysis - INFO - [1mGeneration number 4 	 Code coverage: 78.98% (1657/2098) 	 Branch coverage: 89.55% (120/134) 	 Transactions: 502 (191 unique)   	 Time: 4.19710898399353[0m
2025-09-22 03:18:01,913 - Analysis - INFO - [1mGeneration number 5 	 Code coverage: 78.98% (1657/2098) 	 Branch coverage: 89.55% (120/134) 	 Transactions: 682 (235 unique)   	 Time: 6.11291766166687[0m
2025-09-22 03:18:04,077 - Analysis - INFO - [1mGeneration number 6 	 Code coverage: 79.12% (1660/2098) 	 Branch coverage: 90.30% (121/134) 	 Transactions: 875 (276 unique)   	 Time: 8.2768874168396[0m
2025-09-22 03:18:06,568 - Analysis - INFO - [1mGeneration number 7 	 Code coverage: 79.12% (1660/2098) 	 Branch coverage: 90.30% (121/134) 	 Transactions: 1072 (316 unique)   	 Time: 10.767823934555054[0m
2025-09-22 03:18:08,936 - Analysis - INFO - [1mGeneration number 8 	 Code coverage: 79.12% (1660/2098) 	 Branch coverage: 90.30% (121/134) 	 Transactions: 1260 (347 unique)   	 Time: 13.136075735092163[0m
2025-09-22 03:18:10,966 - Analysis - INFO - [1mGeneration number 9 	 Code coverage: 79.12% (1660/2098) 	 Branch coverage: 90.30% (121/134) 	 Transactions: 1421 (373 unique)   	 Time: 15.166493654251099[0m
2025-09-22 03:18:13,592 - Analysis - INFO - [1mGeneration number 10 	 Code coverage: 79.12% (1660/2098) 	 Branch coverage: 90.30% (121/134) 	 Transactions: 1630 (405 unique)   	 Time: 17.792075395584106[0m
2025-09-22 03:18:13,655 - Analysis - INFO - [1m-----------------------------------------------------[0m
2025-09-22 03:18:13,655 - Analysis - INFO - Number of generations: 	 10
2025-09-22 03:18:13,655 - Analysis - INFO - Number of transactions: 	 1630 (405 unique)
2025-09-22 03:18:13,655 - Analysis - INFO - Transactions per second: 	 91
2025-09-22 03:18:13,655 - Analysis - INFO - Total code coverage: 	 79.12% (1660/2098)
2025-09-22 03:18:13,655 - Analysis - INFO - Total branch coverage: 	 90.30% (121/134)
2025-09-22 03:18:13,655 - Analysis - INFO - Total execution time: 	 17.85 seconds
2025-09-22 03:18:13,655 - Analysis - INFO - Total memory consumption: 	 74.89 MB
2025-09-22 03:18:13,658 - Fuzzer   - INFO - [1mFuzzing contract [1mOwnable[0m[0m
2025-09-22 03:18:13,679 - Analysis - INFO - [1mGeneration number 0 	 Code coverage: 65.14% (114/175) 	 Branch coverage: 71.43% (10/14) 	 Transactions: 7 (6 unique)   	 Time: 0.01788949966430664[0m
2025-09-22 03:18:13,694 - Analysis - INFO - [1mGeneration number 1 	 Code coverage: 65.14% (114/175) 	 Branch coverage: 78.57% (11/14) 	 Transactions: 12 (7 unique)   	 Time: 0.03211688995361328[0m
2025-09-22 03:18:13,722 - Analysis - INFO - [1mGeneration number 2 	 Code coverage: 97.71% (171/175) 	 Branch coverage: 92.86% (13/14) 	 Transactions: 16 (8 unique)   	 Time: 0.060765743255615234[0m
2025-09-22 03:18:13,746 - Analysis - INFO - [1mGeneration number 3 	 Code coverage: 97.71% (171/175) 	 Branch coverage: 92.86% (13/14) 	 Transactions: 21 (10 unique)   	 Time: 0.08433008193969727[0m
2025-09-22 03:18:13,775 - Analysis - INFO - [1mGeneration number 4 	 Code coverage: 97.71% (171/175) 	 Branch coverage: 92.86% (13/14) 	 Transactions: 25 (11 unique)   	 Time: 0.11387085914611816[0m
2025-09-22 03:18:13,842 - Analysis - INFO - [1mGeneration number 5 	 Code coverage: 99.43% (174/175) 	 Branch coverage: 100.00% (14/14) 	 Transactions: 39 (15 unique)   	 Time: 0.18009448051452637[0m
2025-09-22 03:18:13,906 - Analysis - INFO - [1mGeneration number 6 	 Code coverage: 99.43% (174/175) 	 Branch coverage: 100.00% (14/14) 	 Transactions: 56 (18 unique)   	 Time: 0.24476981163024902[0m
2025-09-22 03:18:13,970 - Analysis - INFO - [1mGeneration number 7 	 Code coverage: 99.43% (174/175) 	 Branch coverage: 100.00% (14/14) 	 Transactions: 73 (20 unique)   	 Time: 0.30851173400878906[0m
2025-09-22 03:18:14,031 - Analysis - INFO - [1mGeneration number 8 	 Code coverage: 99.43% (174/175) 	 Branch coverage: 100.00% (14/14) 	 Transactions: 89 (21 unique)   	 Time: 0.36934757232666016[0m
2025-09-22 03:18:14,092 - Analysis - INFO - [1mGeneration number 9 	 Code coverage: 99.43% (174/175) 	 Branch coverage: 100.00% (14/14) 	 Transactions: 105 (22 unique)   	 Time: 0.4301021099090576[0m
2025-09-22 03:18:14,134 - Analysis - INFO - [1mGeneration number 10 	 Code coverage: 99.43% (174/175) 	 Branch coverage: 100.00% (14/14) 	 Transactions: 116 (22 unique)   	 Time: 0.47263407707214355[0m
2025-09-22 03:18:14,134 - Analysis - INFO - [1m-----------------------------------------------------[0m
2025-09-22 03:18:14,134 - Analysis - INFO - Number of generations: 	 10
2025-09-22 03:18:14,134 - Analysis - INFO - Number of transactions: 	 116 (22 unique)
2025-09-22 03:18:14,134 - Analysis - INFO - Transactions per second: 	 245
2025-09-22 03:18:14,134 - Analysis - INFO - Total code coverage: 	 99.43% (174/175)
2025-09-22 03:18:14,134 - Analysis - INFO - Total branch coverage: 	 100.00% (14/14)
2025-09-22 03:18:14,134 - Analysis - INFO - Total execution time: 	 0.47 seconds
2025-09-22 03:18:14,135 - Analysis - INFO - Total memory consumption: 	 74.89 MB
2025-09-22 03:18:14,138 - Fuzzer   - INFO - [1mFuzzing contract [1mStandardToken[0m[0m
2025-09-22 03:18:14,244 - Detector - INFO - [1m[33m-----------------------------------------------------[0m
2025-09-22 03:18:14,244 - Detector - INFO - [1m[33m          !!! Assertion failure detected !!!         [0m
2025-09-22 03:18:14,244 - Detector - INFO - [1m[33m-----------------------------------------------------[0m
2025-09-22 03:18:14,245 - Detector - INFO - [1m[33mSWC-ID:   110[0m
2025-09-22 03:18:14,245 - Detector - INFO - [1m[33mSeverity: Medium[0m
2025-09-22 03:18:14,245 - Detector - INFO - [1m[33m-----------------------------------------------------[0m
2025-09-22 03:18:14,245 - Detector - INFO - [1m[33mSource code line:[0m
2025-09-22 03:18:14,245 - Detector - INFO - [1m[33m-----------------------------------------------------[0m
2025-09-22 03:18:14,245 - Detector - INFO - [1m[33m/sb/0x746be9d764a4c3d5b29472ffc76a91e639a4192a.sol:33:1[0m
2025-09-22 03:18:14,245 - Detector - INFO - [1m[33massert(b <= a)[0m
2025-09-22 03:18:14,245 - Detector - INFO - [1m[33m-----------------------------------------------------[0m
2025-09-22 03:18:14,245 - Detector - INFO - [1m[33mTransaction sequence:[0m
2025-09-22 03:18:14,245 - Detector - INFO - [1m[33m-----------------------------------------------------[0m
2025-09-22 03:18:14,245 - Detector - INFO - [1m[33mTransaction - transferFrom(address,address,uint256):[0m
2025-09-22 03:18:14,245 - Detector - INFO - [1m[33m-----------------------------------------------------[0m
2025-09-22 03:18:14,245 - Detector - INFO - [1m[33mFrom:      0xcafebabecafebabecafebabecafebabecafebabe[0m
2025-09-22 03:18:14,245 - Detector - INFO - [1m[33mTo:        0x2c5e8a3b3aad9df32339409534e64dfcabcd3a65[0m
2025-09-22 03:18:14,245 - Detector - INFO - [1m[33mValue:     0 Wei[0m
2025-09-22 03:18:14,245 - Detector - INFO - [1m[33mGas Limit: 4500000[0m
2025-09-22 03:18:14,245 - Detector - INFO - [1m[33mInput:     0x23b872dd000000000000000000000000cafebabe[0m
2025-09-22 03:18:14,245 - Detector - INFO - [1m[33m           cafebabecafebabecafebabecafebabe0000000000[0m
2025-09-22 03:18:14,245 - Detector - INFO - [1m[33m           00000000000000deadbeefdeadbeefdeadbeefdead[0m
2025-09-22 03:18:14,245 - Detector - INFO - [1m[33m           beefdeadbeefffffffffffffffffffffffffffffff[0m
2025-09-22 03:18:14,246 - Detector - INFO - [1m[33m           fffffffffffffffffffffffffffffffffe[0m
2025-09-22 03:18:14,246 - Detector - INFO - [1m[33m-----------------------------------------------------[0m
2025-09-22 03:18:14,367 - Analysis - INFO - [1mGeneration number 0 	 Code coverage: 78.31% (1336/1706) 	 Branch coverage: 81.13% (86/106) 	 Transactions: 37 (36 unique)   	 Time: 0.22097253799438477[0m
2025-09-22 03:18:14,675 - Analysis - INFO - [1mGeneration number 1 	 Code coverage: 82.18% (1402/1706) 	 Branch coverage: 84.91% (90/106) 	 Transactions: 82 (61 unique)   	 Time: 0.5291781425476074[0m
2025-09-22 03:18:15,243 - Analysis - INFO - [1mGeneration number 2 	 Code coverage: 84.94% (1449/1706) 	 Branch coverage: 89.62% (95/106) 	 Transactions: 155 (96 unique)   	 Time: 1.0971412658691406[0m
2025-09-22 03:18:16,213 - Analysis - INFO - [1mGeneration number 3 	 Code coverage: 92.67% (1581/1706) 	 Branch coverage: 89.62% (95/106) 	 Transactions: 266 (131 unique)   	 Time: 2.0668883323669434[0m
2025-09-22 03:18:17,240 - Analysis - INFO - [1mGeneration number 4 	 Code coverage: 92.67% (1581/1706) 	 Branch coverage: 89.62% (95/106) 	 Transactions: 387 (167 unique)   	 Time: 3.093702793121338[0m
2025-09-22 03:18:17,950 - Detector - INFO - [1m[31m-----------------------------------------------------[0m
2025-09-22 03:18:17,951 - Detector - INFO - [1m[31m          !!! Integer overflow detected !!!          [0m
2025-09-22 03:18:17,951 - Detector - INFO - [1m[31m-----------------------------------------------------[0m
2025-09-22 03:18:17,951 - Detector - INFO - [1m[31mSWC-ID:   101[0m
2025-09-22 03:18:17,951 - Detector - INFO - [1m[31mSeverity: High[0m
2025-09-22 03:18:17,951 - Detector - INFO - [1m[31m-----------------------------------------------------[0m
2025-09-22 03:18:17,951 - Detector - INFO - [1m[31mSource code line:[0m
2025-09-22 03:18:17,951 - Detector - INFO - [1m[31m-----------------------------------------------------[0m
2025-09-22 03:18:17,951 - Detector - INFO - [1m[31m/sb/0x746be9d764a4c3d5b29472ffc76a91e639a4192a.sol:38:1[0m
2025-09-22 03:18:17,951 - Detector - INFO - [1m[31ma + b[0m
2025-09-22 03:18:17,951 - Detector - INFO - [1m[31m-----------------------------------------------------[0m
2025-09-22 03:18:17,951 - Detector - INFO - [1m[31mTransaction sequence:[0m
2025-09-22 03:18:17,951 - Detector - INFO - [1m[31m-----------------------------------------------------[0m
2025-09-22 03:18:17,951 - Detector - INFO - [1m[31mTransaction 1 - approve(address,uint256):[0m
2025-09-22 03:18:17,951 - Detector - INFO - [1m[31m-----------------------------------------------------[0m
2025-09-22 03:18:17,951 - Detector - INFO - [1m[31mFrom:      0xdeadbeefdeadbeefdeadbeefdeadbeefdeadbeef[0m
2025-09-22 03:18:17,951 - Detector - INFO - [1m[31mTo:        0x2c5e8a3b3aad9df32339409534e64dfcabcd3a65[0m
2025-09-22 03:18:17,951 - Detector - INFO - [1m[31mValue:     0 Wei[0m
2025-09-22 03:18:17,951 - Detector - INFO - [1m[31mGas Limit: 4500000[0m
2025-09-22 03:18:17,951 - Detector - INFO - [1m[31mInput:     0x095ea7b3000000000000000000000000cafebabe[0m
2025-09-22 03:18:17,951 - Detector - INFO - [1m[31m           cafebabecafebabecafebabecafebabec230a2bccf[0m
2025-09-22 03:18:17,951 - Detector - INFO - [1m[31m           0fe18d0957b11ef557a6e2c5cc2de1e9e5a51a0443[0m
2025-09-22 03:18:17,951 - Detector - INFO - [1m[31m           9cab3eb5db24[0m
2025-09-22 03:18:17,951 - Detector - INFO - [1m[31m-----------------------------------------------------[0m
2025-09-22 03:18:17,951 - Detector - INFO - [1m[31mTransaction 2 - decreaseApproval(address,uint256):[0m
2025-09-22 03:18:17,951 - Detector - INFO - [1m[31m-----------------------------------------------------[0m
2025-09-22 03:18:17,951 - Detector - INFO - [1m[31mFrom:      0xcafebabecafebabecafebabecafebabecafebabe[0m
2025-09-22 03:18:17,951 - Detector - INFO - [1m[31mTo:        0x2c5e8a3b3aad9df32339409534e64dfcabcd3a65[0m
2025-09-22 03:18:17,951 - Detector - INFO - [1m[31mValue:     0 Wei[0m
2025-09-22 03:18:17,952 - Detector - INFO - [1m[31mGas Limit: 4500000[0m
2025-09-22 03:18:17,952 - Detector - INFO - [1m[31mInput:     0x66188463000000000000000000000000deadbeef[0m
2025-09-22 03:18:17,952 - Detector - INFO - [1m[31m           deadbeefdeadbeefdeadbeefdeadbeefffffffffff[0m
2025-09-22 03:18:17,952 - Detector - INFO - [1m[31m           ffffffffffffffffffffffffffffffffffffffffff[0m
2025-09-22 03:18:17,952 - Detector - INFO - [1m[31m           fffffffffffd[0m
2025-09-22 03:18:17,952 - Detector - INFO - [1m[31m-----------------------------------------------------[0m
2025-09-22 03:18:17,952 - Detector - INFO - [1m[31mTransaction 3 - increaseApproval(address,uint256):[0m
2025-09-22 03:18:17,952 - Detector - INFO - [1m[31m-----------------------------------------------------[0m
2025-09-22 03:18:17,952 - Detector - INFO - [1m[31mFrom:      0xdeadbeefdeadbeefdeadbeefdeadbeefdeadbeef[0m
2025-09-22 03:18:17,952 - Detector - INFO - [1m[31mTo:        0x2c5e8a3b3aad9df32339409534e64dfcabcd3a65[0m
2025-09-22 03:18:17,952 - Detector - INFO - [1m[31mValue:     0 Wei[0m
2025-09-22 03:18:17,952 - Detector - INFO - [1m[31mGas Limit: 4500000[0m
2025-09-22 03:18:17,952 - Detector - INFO - [1m[31mInput:     0xd73dd623000000000000000000000000cafebabe[0m
2025-09-22 03:18:17,952 - Detector - INFO - [1m[31m           cafebabecafebabecafebabecafebabeffffffffff[0m
2025-09-22 03:18:17,952 - Detector - INFO - [1m[31m           ffffffffffffffffffffffffffffffffffffffffff[0m
2025-09-22 03:18:17,952 - Detector - INFO - [1m[31m           fffffffffffe[0m
2025-09-22 03:18:17,952 - Detector - INFO - [1m[31m-----------------------------------------------------[0m
2025-09-22 03:18:17,952 - Detector - INFO - [1m[31mTransaction 4 - transferFrom(address,address,uint256):[0m
2025-09-22 03:18:17,952 - Detector - INFO - [1m[31m-----------------------------------------------------[0m
2025-09-22 03:18:17,952 - Detector - INFO - [1m[31mFrom:      0xcafebabecafebabecafebabecafebabecafebabe[0m
2025-09-22 03:18:17,952 - Detector - INFO - [1m[31mTo:        0x2c5e8a3b3aad9df32339409534e64dfcabcd3a65[0m
2025-09-22 03:18:17,952 - Detector - INFO - [1m[31mValue:     0 Wei[0m
2025-09-22 03:18:17,952 - Detector - INFO - [1m[31mGas Limit: 4500000[0m
2025-09-22 03:18:17,953 - Detector - INFO - [1m[31mInput:     0x23b872dd000000000000000000000000cafebabe[0m
2025-09-22 03:18:17,953 - Detector - INFO - [1m[31m           cafebabecafebabecafebabecafebabe0000000000[0m
2025-09-22 03:18:17,953 - Detector - INFO - [1m[31m           000000000000000000000000000000000000000000[0m
2025-09-22 03:18:17,953 - Detector - INFO - [1m[31m           000000000000000000000000000000000000000000[0m
2025-09-22 03:18:17,953 - Detector - INFO - [1m[31m           0000000000000000000000000000000000[0m
2025-09-22 03:18:17,953 - Detector - INFO - [1m[31m-----------------------------------------------------[0m
2025-09-22 03:18:17,956 - Detector - INFO - [1m[33m-----------------------------------------------------[0m
2025-09-22 03:18:17,956 - Detector - INFO - [1m[33m          !!! Assertion failure detected !!!         [0m
2025-09-22 03:18:17,957 - Detector - INFO - [1m[33m-----------------------------------------------------[0m
2025-09-22 03:18:17,957 - Detector - INFO - [1m[33mSWC-ID:   110[0m
2025-09-22 03:18:17,957 - Detector - INFO - [1m[33mSeverity: Medium[0m
2025-09-22 03:18:17,957 - Detector - INFO - [1m[33m-----------------------------------------------------[0m
2025-09-22 03:18:17,957 - Detector - INFO - [1m[33mSource code line:[0m
2025-09-22 03:18:17,957 - Detector - INFO - [1m[33m-----------------------------------------------------[0m
2025-09-22 03:18:17,957 - Detector - INFO - [1m[33m/sb/0x746be9d764a4c3d5b29472ffc76a91e639a4192a.sol:39:1[0m
2025-09-22 03:18:17,957 - Detector - INFO - [1m[33massert(c >= a)[0m
2025-09-22 03:18:17,957 - Detector - INFO - [1m[33m-----------------------------------------------------[0m
2025-09-22 03:18:17,957 - Detector - INFO - [1m[33mTransaction sequence:[0m
2025-09-22 03:18:17,957 - Detector - INFO - [1m[33m-----------------------------------------------------[0m
2025-09-22 03:18:17,957 - Detector - INFO - [1m[33mTransaction 1 - approve(address,uint256):[0m
2025-09-22 03:18:17,957 - Detector - INFO - [1m[33m-----------------------------------------------------[0m
2025-09-22 03:18:17,957 - Detector - INFO - [1m[33mFrom:      0xdeadbeefdeadbeefdeadbeefdeadbeefdeadbeef[0m
2025-09-22 03:18:17,957 - Detector - INFO - [1m[33mTo:        0x2c5e8a3b3aad9df32339409534e64dfcabcd3a65[0m
2025-09-22 03:18:17,957 - Detector - INFO - [1m[33mValue:     0 Wei[0m
2025-09-22 03:18:17,957 - Detector - INFO - [1m[33mGas Limit: 4500000[0m
2025-09-22 03:18:17,957 - Detector - INFO - [1m[33mInput:     0x095ea7b3000000000000000000000000cafebabe[0m
2025-09-22 03:18:17,957 - Detector - INFO - [1m[33m           cafebabecafebabecafebabecafebabec230a2bccf[0m
2025-09-22 03:18:17,957 - Detector - INFO - [1m[33m           0fe18d0957b11ef557a6e2c5cc2de1e9e5a51a0443[0m
2025-09-22 03:18:17,957 - Detector - INFO - [1m[33m           9cab3eb5db24[0m
2025-09-22 03:18:17,957 - Detector - INFO - [1m[33m-----------------------------------------------------[0m
2025-09-22 03:18:17,957 - Detector - INFO - [1m[33mTransaction 2 - decreaseApproval(address,uint256):[0m
2025-09-22 03:18:17,957 - Detector - INFO - [1m[33m-----------------------------------------------------[0m
2025-09-22 03:18:17,957 - Detector - INFO - [1m[33mFrom:      0xcafebabecafebabecafebabecafebabecafebabe[0m
2025-09-22 03:18:17,958 - Detector - INFO - [1m[33mTo:        0x2c5e8a3b3aad9df32339409534e64dfcabcd3a65[0m
2025-09-22 03:18:17,958 - Detector - INFO - [1m[33mValue:     0 Wei[0m
2025-09-22 03:18:17,958 - Detector - INFO - [1m[33mGas Limit: 4500000[0m
2025-09-22 03:18:17,958 - Detector - INFO - [1m[33mInput:     0x66188463000000000000000000000000deadbeef[0m
2025-09-22 03:18:17,958 - Detector - INFO - [1m[33m           deadbeefdeadbeefdeadbeefdeadbeefffffffffff[0m
2025-09-22 03:18:17,958 - Detector - INFO - [1m[33m           ffffffffffffffffffffffffffffffffffffffffff[0m
2025-09-22 03:18:17,958 - Detector - INFO - [1m[33m           fffffffffffd[0m
2025-09-22 03:18:17,958 - Detector - INFO - [1m[33m-----------------------------------------------------[0m
2025-09-22 03:18:17,958 - Detector - INFO - [1m[33mTransaction 3 - increaseApproval(address,uint256):[0m
2025-09-22 03:18:17,958 - Detector - INFO - [1m[33m-----------------------------------------------------[0m
2025-09-22 03:18:17,958 - Detector - INFO - [1m[33mFrom:      0xdeadbeefdeadbeefdeadbeefdeadbeefdeadbeef[0m
2025-09-22 03:18:17,958 - Detector - INFO - [1m[33mTo:        0x2c5e8a3b3aad9df32339409534e64dfcabcd3a65[0m
2025-09-22 03:18:17,958 - Detector - INFO - [1m[33mValue:     0 Wei[0m
2025-09-22 03:18:17,958 - Detector - INFO - [1m[33mGas Limit: 4500000[0m
2025-09-22 03:18:17,958 - Detector - INFO - [1m[33mInput:     0xd73dd623000000000000000000000000cafebabe[0m
2025-09-22 03:18:17,958 - Detector - INFO - [1m[33m           cafebabecafebabecafebabecafebabeffffffffff[0m
2025-09-22 03:18:17,958 - Detector - INFO - [1m[33m           ffffffffffffffffffffffffffffffffffffffffff[0m
2025-09-22 03:18:17,958 - Detector - INFO - [1m[33m           fffffffffffe[0m
2025-09-22 03:18:17,958 - Detector - INFO - [1m[33m-----------------------------------------------------[0m
2025-09-22 03:18:17,958 - Detector - INFO - [1m[33mTransaction 4 - transferFrom(address,address,uint256):[0m
2025-09-22 03:18:17,958 - Detector - INFO - [1m[33m-----------------------------------------------------[0m
2025-09-22 03:18:17,958 - Detector - INFO - [1m[33mFrom:      0xcafebabecafebabecafebabecafebabecafebabe[0m
2025-09-22 03:18:17,959 - Detector - INFO - [1m[33mTo:        0x2c5e8a3b3aad9df32339409534e64dfcabcd3a65[0m
2025-09-22 03:18:17,959 - Detector - INFO - [1m[33mValue:     0 Wei[0m
2025-09-22 03:18:17,959 - Detector - INFO - [1m[33mGas Limit: 4500000[0m
2025-09-22 03:18:17,959 - Detector - INFO - [1m[33mInput:     0x23b872dd000000000000000000000000cafebabe[0m
2025-09-22 03:18:17,959 - Detector - INFO - [1m[33m           cafebabecafebabecafebabecafebabe0000000000[0m
2025-09-22 03:18:17,959 - Detector - INFO - [1m[33m           000000000000000000000000000000000000000000[0m
2025-09-22 03:18:17,959 - Detector - INFO - [1m[33m           000000000000000000000000000000000000000000[0m
2025-09-22 03:18:17,959 - Detector - INFO - [1m[33m           0000000000000000000000000000000000[0m
2025-09-22 03:18:17,959 - Detector - INFO - [1m[33m-----------------------------------------------------[0m
2025-09-22 03:18:18,364 - Analysis - INFO - [1mGeneration number 5 	 Code coverage: 93.08% (1588/1706) 	 Branch coverage: 92.45% (98/106) 	 Transactions: 520 (202 unique)   	 Time: 4.2177252769470215[0m
2025-09-22 03:18:19,592 - Analysis - INFO - [1mGeneration number 6 	 Code coverage: 93.08% (1588/1706) 	 Branch coverage: 92.45% (98/106) 	 Transactions: 664 (238 unique)   	 Time: 5.445983409881592[0m
2025-09-22 03:18:20,928 - Analysis - INFO - [1mGeneration number 7 	 Code coverage: 93.08% (1588/1706) 	 Branch coverage: 92.45% (98/106) 	 Transactions: 816 (274 unique)   	 Time: 6.781709909439087[0m
2025-09-22 03:18:22,267 - Analysis - INFO - [1mGeneration number 8 	 Code coverage: 93.08% (1588/1706) 	 Branch coverage: 92.45% (98/106) 	 Transactions: 970 (310 unique)   	 Time: 8.121321201324463[0m
2025-09-22 03:18:23,675 - Analysis - INFO - [1mGeneration number 9 	 Code coverage: 93.08% (1588/1706) 	 Branch coverage: 92.45% (98/106) 	 Transactions: 1123 (346 unique)   	 Time: 9.529036283493042[0m
2025-09-22 03:18:25,130 - Analysis - INFO - [1mGeneration number 10 	 Code coverage: 93.08% (1588/1706) 	 Branch coverage: 92.45% (98/106) 	 Transactions: 1281 (382 unique)   	 Time: 10.984528064727783[0m
2025-09-22 03:18:25,141 - Analysis - INFO - [1m-----------------------------------------------------[0m
2025-09-22 03:18:25,142 - Analysis - INFO - Number of generations: 	 10
2025-09-22 03:18:25,142 - Analysis - INFO - Number of transactions: 	 1281 (382 unique)
2025-09-22 03:18:25,142 - Analysis - INFO - Transactions per second: 	 117
2025-09-22 03:18:25,142 - Analysis - INFO - Total code coverage: 	 93.08% (1588/1706)
2025-09-22 03:18:25,142 - Analysis - INFO - Total branch coverage: 	 92.45% (98/106)
2025-09-22 03:18:25,142 - Analysis - INFO - Total execution time: 	 11.00 seconds
2025-09-22 03:18:25,142 - Analysis - INFO - Total memory consumption: 	 75.89 MB

     ______            ______                _           
    / ____/___  ____  / ____/_  __________  (_)_  _______
   / /   / __ \/ __ \/ /_  / / / /_  /_  / / / / / / ___/
  / /___/ /_/ / / / / __/ / /_/ / / /_/ /_/ / /_/ (__  ) 
  \____/\____/_/ /_/_/    \__,_/ /___/___/_/\__,_/____/  

delteed file
