2025-09-22 02:15:15,568 - Main     - INFO - [1mInitializing seed to 1427655.0[0m
2025-09-22 02:15:15,677 - Fuzzer   - INFO - [1mFuzzing contract [1mBasicToken[0m[0m
2025-09-22 02:15:15,698 - Detector - INFO - [1m[33m-----------------------------------------------------[0m
2025-09-22 02:15:15,698 - Detector - INFO - [1m[33m          !!! Assertion failure detected !!!         [0m
2025-09-22 02:15:15,698 - Detector - INFO - [1m[33m-----------------------------------------------------[0m
2025-09-22 02:15:15,698 - Detector - INFO - [1m[33mSWC-ID:   110[0m
2025-09-22 02:15:15,698 - Detector - INFO - [1m[33mSeverity: Medium[0m
2025-09-22 02:15:15,698 - Detector - INFO - [1m[33m-----------------------------------------------------[0m
2025-09-22 02:15:15,698 - Detector - INFO - [1m[33mSource code line:[0m
2025-09-22 02:15:15,698 - Detector - INFO - [1m[33m-----------------------------------------------------[0m
2025-09-22 02:15:15,698 - Detector - INFO - [1m[33m/sb/0x714f73d7f983bdc11a9ae2cc1ada2644e2044d31.sol:90:1[0m
2025-09-22 02:15:15,698 - Detector - INFO - [1m[33massert(b <= a)[0m
2025-09-22 02:15:15,698 - Detector - INFO - [1m[33m-----------------------------------------------------[0m
2025-09-22 02:15:15,698 - Detector - INFO - [1m[33mTransaction sequence:[0m
2025-09-22 02:15:15,698 - Detector - INFO - [1m[33m-----------------------------------------------------[0m
2025-09-22 02:15:15,699 - Detector - INFO - [1m[33mTransaction - transfer(address,uint256):[0m
2025-09-22 02:15:15,699 - Detector - INFO - [1m[33m-----------------------------------------------------[0m
2025-09-22 02:15:15,699 - Detector - INFO - [1m[33mFrom:      0xdeadbeefdeadbeefdeadbeefdeadbeefdeadbeef[0m
2025-09-22 02:15:15,699 - Detector - INFO - [1m[33mTo:        0x2c5e8a3b3aad9df32339409534e64dfcabcd3a65[0m
2025-09-22 02:15:15,699 - Detector - INFO - [1m[33mValue:     0 Wei[0m
2025-09-22 02:15:15,699 - Detector - INFO - [1m[33mGas Limit: 4500000[0m
2025-09-22 02:15:15,699 - Detector - INFO - [1m[33mInput:     0xa9059cbb000000000000000000000000cafebabe[0m
2025-09-22 02:15:15,699 - Detector - INFO - [1m[33m           cafebabecafebabecafebabecafebabeaa309c556a[0m
2025-09-22 02:15:15,699 - Detector - INFO - [1m[33m           0e973872ecd603aaf5ae16f0e350724ae8ff940ab5[0m
2025-09-22 02:15:15,699 - Detector - INFO - [1m[33m           f71956dc5658[0m
2025-09-22 02:15:15,699 - Detector - INFO - [1m[33m-----------------------------------------------------[0m
2025-09-22 02:15:15,713 - Analysis - INFO - [1mGeneration number 0 	 Code coverage: 55.56% (160/288) 	 Branch coverage: 80.00% (16/20) 	 Transactions: 9 (8 unique)   	 Time: 0.030218839645385742[0m
2025-09-22 02:15:15,747 - Analysis - INFO - [1mGeneration number 1 	 Code coverage: 98.26% (283/288) 	 Branch coverage: 90.00% (18/20) 	 Transactions: 16 (11 unique)   	 Time: 0.0642385482788086[0m
2025-09-22 02:15:15,791 - Analysis - INFO - [1mGeneration number 2 	 Code coverage: 98.26% (283/288) 	 Branch coverage: 90.00% (18/20) 	 Transactions: 26 (15 unique)   	 Time: 0.10772395133972168[0m
2025-09-22 02:15:15,887 - Analysis - INFO - [1mGeneration number 3 	 Code coverage: 99.31% (286/288) 	 Branch coverage: 95.00% (19/20) 	 Transactions: 42 (20 unique)   	 Time: 0.2046031951904297[0m
2025-09-22 02:15:16,000 - Analysis - INFO - [1mGeneration number 4 	 Code coverage: 99.31% (286/288) 	 Branch coverage: 95.00% (19/20) 	 Transactions: 71 (27 unique)   	 Time: 0.3174290657043457[0m
2025-09-22 02:15:16,136 - Analysis - INFO - [1mGeneration number 5 	 Code coverage: 99.31% (286/288) 	 Branch coverage: 95.00% (19/20) 	 Transactions: 101 (34 unique)   	 Time: 0.45291662216186523[0m
2025-09-22 02:15:16,354 - Analysis - INFO - [1mGeneration number 6 	 Code coverage: 99.31% (286/288) 	 Branch coverage: 95.00% (19/20) 	 Transactions: 133 (42 unique)   	 Time: 0.6709203720092773[0m
2025-09-22 02:15:16,526 - Analysis - INFO - [1mGeneration number 7 	 Code coverage: 99.31% (286/288) 	 Branch coverage: 95.00% (19/20) 	 Transactions: 165 (50 unique)   	 Time: 0.8435914516448975[0m
2025-09-22 02:15:16,714 - Analysis - INFO - [1mGeneration number 8 	 Code coverage: 99.31% (286/288) 	 Branch coverage: 95.00% (19/20) 	 Transactions: 197 (58 unique)   	 Time: 1.031531810760498[0m
2025-09-22 02:15:16,885 - Analysis - INFO - [1mGeneration number 9 	 Code coverage: 99.31% (286/288) 	 Branch coverage: 95.00% (19/20) 	 Transactions: 229 (66 unique)   	 Time: 1.201721429824829[0m
2025-09-22 02:15:17,056 - Analysis - INFO - [1mGeneration number 10 	 Code coverage: 99.31% (286/288) 	 Branch coverage: 95.00% (19/20) 	 Transactions: 261 (74 unique)   	 Time: 1.3728563785552979[0m
2025-09-22 02:15:17,066 - Analysis - INFO - [1m-----------------------------------------------------[0m
2025-09-22 02:15:17,066 - Analysis - INFO - Number of generations: 	 10
2025-09-22 02:15:17,066 - Analysis - INFO - Number of transactions: 	 261 (74 unique)
2025-09-22 02:15:17,066 - Analysis - INFO - Transactions per second: 	 189
2025-09-22 02:15:17,066 - Analysis - INFO - Total code coverage: 	 99.31% (286/288)
2025-09-22 02:15:17,066 - Analysis - INFO - Total branch coverage: 	 95.00% (19/20)
2025-09-22 02:15:17,066 - Analysis - INFO - Total execution time: 	 1.38 seconds
2025-09-22 02:15:17,066 - Analysis - INFO - Total memory consumption: 	 66.54 MB
2025-09-22 02:15:17,068 - Fuzzer   - INFO - [1mFuzzing contract [1mBitcoinPetrol[0m[0m
2025-09-22 02:15:17,102 - Detector - INFO - [1m[33m-----------------------------------------------------[0m
2025-09-22 02:15:17,102 - Detector - INFO - [1m[33m          !!! Assertion failure detected !!!         [0m
2025-09-22 02:15:17,102 - Detector - INFO - [1m[33m-----------------------------------------------------[0m
2025-09-22 02:15:17,102 - Detector - INFO - [1m[33mSWC-ID:   110[0m
2025-09-22 02:15:17,102 - Detector - INFO - [1m[33mSeverity: Medium[0m
2025-09-22 02:15:17,102 - Detector - INFO - [1m[33m-----------------------------------------------------[0m
2025-09-22 02:15:17,102 - Detector - INFO - [1m[33mSource code line:[0m
2025-09-22 02:15:17,102 - Detector - INFO - [1m[33m-----------------------------------------------------[0m
2025-09-22 02:15:17,102 - Detector - INFO - [1m[33m/sb/0x714f73d7f983bdc11a9ae2cc1ada2644e2044d31.sol:90:1[0m
2025-09-22 02:15:17,102 - Detector - INFO - [1m[33massert(b <= a)[0m
2025-09-22 02:15:17,103 - Detector - INFO - [1m[33m-----------------------------------------------------[0m
2025-09-22 02:15:17,103 - Detector - INFO - [1m[33mTransaction sequence:[0m
2025-09-22 02:15:17,103 - Detector - INFO - [1m[33m-----------------------------------------------------[0m
2025-09-22 02:15:17,103 - Detector - INFO - [1m[33mTransaction - transferFrom(address,address,uint256):[0m
2025-09-22 02:15:17,103 - Detector - INFO - [1m[33m-----------------------------------------------------[0m
2025-09-22 02:15:17,103 - Detector - INFO - [1m[33mFrom:      0xcafebabecafebabecafebabecafebabecafebabe[0m
2025-09-22 02:15:17,103 - Detector - INFO - [1m[33mTo:        0x2c5e8a3b3aad9df32339409534e64dfcabcd3a65[0m
2025-09-22 02:15:17,103 - Detector - INFO - [1m[33mValue:     0 Wei[0m
2025-09-22 02:15:17,103 - Detector - INFO - [1m[33mGas Limit: 4500000[0m
2025-09-22 02:15:17,103 - Detector - INFO - [1m[33mInput:     0x23b872dd000000000000000000000000cafebabe[0m
2025-09-22 02:15:17,103 - Detector - INFO - [1m[33m           cafebabecafebabecafebabecafebabe0000000000[0m
2025-09-22 02:15:17,103 - Detector - INFO - [1m[33m           00000000000000cafebabecafebabecafebabecafe[0m
2025-09-22 02:15:17,103 - Detector - INFO - [1m[33m           babecafebabe4f61b77cf841250ad40cf50e96fe93[0m
2025-09-22 02:15:17,103 - Detector - INFO - [1m[33m           29bf89dd0c14e323ba2162fe1fe77de792[0m
2025-09-22 02:15:17,103 - Detector - INFO - [1m[33m-----------------------------------------------------[0m
2025-09-22 02:15:17,282 - Analysis - INFO - [1mGeneration number 0 	 Code coverage: 80.80% (1427/1766) 	 Branch coverage: 80.00% (88/110) 	 Transactions: 37 (36 unique)   	 Time: 0.20613908767700195[0m
2025-09-22 02:15:17,547 - Detector - INFO - [1m[31m-----------------------------------------------------[0m
2025-09-22 02:15:17,547 - Detector - INFO - [1m[31m          !!! Integer overflow detected !!!          [0m
2025-09-22 02:15:17,547 - Detector - INFO - [1m[31m-----------------------------------------------------[0m
2025-09-22 02:15:17,547 - Detector - INFO - [1m[31mSWC-ID:   101[0m
2025-09-22 02:15:17,547 - Detector - INFO - [1m[31mSeverity: High[0m
2025-09-22 02:15:17,547 - Detector - INFO - [1m[31m-----------------------------------------------------[0m
2025-09-22 02:15:17,547 - Detector - INFO - [1m[31mSource code line:[0m
2025-09-22 02:15:17,547 - Detector - INFO - [1m[31m-----------------------------------------------------[0m
2025-09-22 02:15:17,547 - Detector - INFO - [1m[31m/sb/0x714f73d7f983bdc11a9ae2cc1ada2644e2044d31.sol:95:1[0m
2025-09-22 02:15:17,547 - Detector - INFO - [1m[31ma + b[0m
2025-09-22 02:15:17,547 - Detector - INFO - [1m[31m-----------------------------------------------------[0m
2025-09-22 02:15:17,547 - Detector - INFO - [1m[31mTransaction sequence:[0m
2025-09-22 02:15:17,548 - Detector - INFO - [1m[31m-----------------------------------------------------[0m
2025-09-22 02:15:17,548 - Detector - INFO - [1m[31mTransaction 1 - approve(address,uint256):[0m
2025-09-22 02:15:17,548 - Detector - INFO - [1m[31m-----------------------------------------------------[0m
2025-09-22 02:15:17,548 - Detector - INFO - [1m[31mFrom:      0xcafebabecafebabecafebabecafebabecafebabe[0m
2025-09-22 02:15:17,548 - Detector - INFO - [1m[31mTo:        0x2c5e8a3b3aad9df32339409534e64dfcabcd3a65[0m
2025-09-22 02:15:17,548 - Detector - INFO - [1m[31mValue:     0 Wei[0m
2025-09-22 02:15:17,548 - Detector - INFO - [1m[31mGas Limit: 4500000[0m
2025-09-22 02:15:17,548 - Detector - INFO - [1m[31mInput:     0x095ea7b3000000000000000000000000cafebabe[0m
2025-09-22 02:15:17,548 - Detector - INFO - [1m[31m           cafebabecafebabecafebabecafebabeffffffffff[0m
2025-09-22 02:15:17,548 - Detector - INFO - [1m[31m           ffffffffffffffffffffffffffffffffffffffffff[0m
2025-09-22 02:15:17,548 - Detector - INFO - [1m[31m           ffffffffffff[0m
2025-09-22 02:15:17,548 - Detector - INFO - [1m[31m-----------------------------------------------------[0m
2025-09-22 02:15:17,548 - Detector - INFO - [1m[31mTransaction 2 - increaseApproval(address,uint256):[0m
2025-09-22 02:15:17,548 - Detector - INFO - [1m[31m-----------------------------------------------------[0m
2025-09-22 02:15:17,548 - Detector - INFO - [1m[31mFrom:      0xcafebabecafebabecafebabecafebabecafebabe[0m
2025-09-22 02:15:17,548 - Detector - INFO - [1m[31mTo:        0x2c5e8a3b3aad9df32339409534e64dfcabcd3a65[0m
2025-09-22 02:15:17,548 - Detector - INFO - [1m[31mValue:     0 Wei[0m
2025-09-22 02:15:17,548 - Detector - INFO - [1m[31mGas Limit: 4500000[0m
2025-09-22 02:15:17,548 - Detector - INFO - [1m[31mInput:     0xd73dd623000000000000000000000000cafebabe[0m
2025-09-22 02:15:17,548 - Detector - INFO - [1m[31m           cafebabecafebabecafebabecafebabe3433758744[0m
2025-09-22 02:15:17,548 - Detector - INFO - [1m[31m           5a0fd9d14de4248fde1af344b33ca66ca435581404[0m
2025-09-22 02:15:17,548 - Detector - INFO - [1m[31m           137a174dab32[0m
2025-09-22 02:15:17,549 - Detector - INFO - [1m[31m-----------------------------------------------------[0m
2025-09-22 02:15:17,551 - Detector - INFO - [1m[33m-----------------------------------------------------[0m
2025-09-22 02:15:17,551 - Detector - INFO - [1m[33m          !!! Assertion failure detected !!!         [0m
2025-09-22 02:15:17,551 - Detector - INFO - [1m[33m-----------------------------------------------------[0m
2025-09-22 02:15:17,551 - Detector - INFO - [1m[33mSWC-ID:   110[0m
2025-09-22 02:15:17,551 - Detector - INFO - [1m[33mSeverity: Medium[0m
2025-09-22 02:15:17,551 - Detector - INFO - [1m[33m-----------------------------------------------------[0m
2025-09-22 02:15:17,551 - Detector - INFO - [1m[33mSource code line:[0m
2025-09-22 02:15:17,551 - Detector - INFO - [1m[33m-----------------------------------------------------[0m
2025-09-22 02:15:17,551 - Detector - INFO - [1m[33m/sb/0x714f73d7f983bdc11a9ae2cc1ada2644e2044d31.sol:96:5[0m
2025-09-22 02:15:17,551 - Detector - INFO - [1m[33massert(c >= a)[0m
2025-09-22 02:15:17,551 - Detector - INFO - [1m[33m-----------------------------------------------------[0m
2025-09-22 02:15:17,551 - Detector - INFO - [1m[33mTransaction sequence:[0m
2025-09-22 02:15:17,551 - Detector - INFO - [1m[33m-----------------------------------------------------[0m
2025-09-22 02:15:17,551 - Detector - INFO - [1m[33mTransaction 1 - approve(address,uint256):[0m
2025-09-22 02:15:17,551 - Detector - INFO - [1m[33m-----------------------------------------------------[0m
2025-09-22 02:15:17,551 - Detector - INFO - [1m[33mFrom:      0xcafebabecafebabecafebabecafebabecafebabe[0m
2025-09-22 02:15:17,551 - Detector - INFO - [1m[33mTo:        0x2c5e8a3b3aad9df32339409534e64dfcabcd3a65[0m
2025-09-22 02:15:17,551 - Detector - INFO - [1m[33mValue:     0 Wei[0m
2025-09-22 02:15:17,551 - Detector - INFO - [1m[33mGas Limit: 4500000[0m
2025-09-22 02:15:17,551 - Detector - INFO - [1m[33mInput:     0x095ea7b3000000000000000000000000cafebabe[0m
2025-09-22 02:15:17,551 - Detector - INFO - [1m[33m           cafebabecafebabecafebabecafebabeffffffffff[0m
2025-09-22 02:15:17,552 - Detector - INFO - [1m[33m           ffffffffffffffffffffffffffffffffffffffffff[0m
2025-09-22 02:15:17,552 - Detector - INFO - [1m[33m           ffffffffffff[0m
2025-09-22 02:15:17,552 - Detector - INFO - [1m[33m-----------------------------------------------------[0m
2025-09-22 02:15:17,552 - Detector - INFO - [1m[33mTransaction 2 - increaseApproval(address,uint256):[0m
2025-09-22 02:15:17,552 - Detector - INFO - [1m[33m-----------------------------------------------------[0m
2025-09-22 02:15:17,552 - Detector - INFO - [1m[33mFrom:      0xcafebabecafebabecafebabecafebabecafebabe[0m
2025-09-22 02:15:17,552 - Detector - INFO - [1m[33mTo:        0x2c5e8a3b3aad9df32339409534e64dfcabcd3a65[0m
2025-09-22 02:15:17,552 - Detector - INFO - [1m[33mValue:     0 Wei[0m
2025-09-22 02:15:17,552 - Detector - INFO - [1m[33mGas Limit: 4500000[0m
2025-09-22 02:15:17,552 - Detector - INFO - [1m[33mInput:     0xd73dd623000000000000000000000000cafebabe[0m
2025-09-22 02:15:17,552 - Detector - INFO - [1m[33m           cafebabecafebabecafebabecafebabe3433758744[0m
2025-09-22 02:15:17,552 - Detector - INFO - [1m[33m           5a0fd9d14de4248fde1af344b33ca66ca435581404[0m
2025-09-22 02:15:17,552 - Detector - INFO - [1m[33m           137a174dab32[0m
2025-09-22 02:15:17,552 - Detector - INFO - [1m[33m-----------------------------------------------------[0m
2025-09-22 02:15:17,570 - Analysis - INFO - [1mGeneration number 1 	 Code coverage: 86.64% (1530/1766) 	 Branch coverage: 82.73% (91/110) 	 Transactions: 75 (56 unique)   	 Time: 0.49326658248901367[0m
2025-09-22 02:15:18,290 - Analysis - INFO - [1mGeneration number 2 	 Code coverage: 91.00% (1607/1766) 	 Branch coverage: 82.73% (91/110) 	 Transactions: 135 (79 unique)   	 Time: 1.2138943672180176[0m
2025-09-22 02:15:19,129 - Analysis - INFO - [1mGeneration number 3 	 Code coverage: 91.96% (1624/1766) 	 Branch coverage: 84.55% (93/110) 	 Transactions: 213 (97 unique)   	 Time: 2.0529191493988037[0m
2025-09-22 02:15:20,370 - Analysis - INFO - [1mGeneration number 4 	 Code coverage: 91.96% (1624/1766) 	 Branch coverage: 84.55% (93/110) 	 Transactions: 338 (129 unique)   	 Time: 3.294133424758911[0m
2025-09-22 02:15:21,711 - Analysis - INFO - [1mGeneration number 5 	 Code coverage: 92.64% (1636/1766) 	 Branch coverage: 88.18% (97/110) 	 Transactions: 475 (160 unique)   	 Time: 4.63520073890686[0m
2025-09-22 02:15:23,375 - Analysis - INFO - [1mGeneration number 6 	 Code coverage: 92.64% (1636/1766) 	 Branch coverage: 88.18% (97/110) 	 Transactions: 635 (195 unique)   	 Time: 6.298773765563965[0m
2025-09-22 02:15:25,378 - Analysis - INFO - [1mGeneration number 7 	 Code coverage: 92.64% (1636/1766) 	 Branch coverage: 88.18% (97/110) 	 Transactions: 807 (231 unique)   	 Time: 8.301671504974365[0m
2025-09-22 02:15:27,442 - Analysis - INFO - [1mGeneration number 8 	 Code coverage: 92.64% (1636/1766) 	 Branch coverage: 88.18% (97/110) 	 Transactions: 984 (267 unique)   	 Time: 10.36620831489563[0m
2025-09-22 02:15:29,504 - Analysis - INFO - [1mGeneration number 9 	 Code coverage: 92.64% (1636/1766) 	 Branch coverage: 88.18% (97/110) 	 Transactions: 1160 (303 unique)   	 Time: 12.427672386169434[0m
2025-09-22 02:15:31,544 - Analysis - INFO - [1mGeneration number 10 	 Code coverage: 92.64% (1636/1766) 	 Branch coverage: 88.18% (97/110) 	 Transactions: 1335 (339 unique)   	 Time: 14.467662334442139[0m
2025-09-22 02:15:31,555 - Analysis - INFO - [1m-----------------------------------------------------[0m
2025-09-22 02:15:31,555 - Analysis - INFO - Number of generations: 	 10
2025-09-22 02:15:31,555 - Analysis - INFO - Number of transactions: 	 1335 (339 unique)
2025-09-22 02:15:31,555 - Analysis - INFO - Transactions per second: 	 92
2025-09-22 02:15:31,555 - Analysis - INFO - Total code coverage: 	 92.64% (1636/1766)
2025-09-22 02:15:31,555 - Analysis - INFO - Total branch coverage: 	 88.18% (97/110)
2025-09-22 02:15:31,555 - Analysis - INFO - Total execution time: 	 14.48 seconds
2025-09-22 02:15:31,556 - Analysis - INFO - Total memory consumption: 	 70.97 MB
2025-09-22 02:15:31,557 - Fuzzer   - INFO - [1mFuzzing contract [1mOwnable[0m[0m
2025-09-22 02:15:31,581 - Analysis - INFO - [1mGeneration number 0 	 Code coverage: 96.00% (168/175) 	 Branch coverage: 85.71% (12/14) 	 Transactions: 7 (6 unique)   	 Time: 0.0208587646484375[0m
2025-09-22 02:15:31,599 - Analysis - INFO - [1mGeneration number 1 	 Code coverage: 96.00% (168/175) 	 Branch coverage: 85.71% (12/14) 	 Transactions: 11 (8 unique)   	 Time: 0.03858017921447754[0m
2025-09-22 02:15:31,659 - Analysis - INFO - [1mGeneration number 2 	 Code coverage: 97.71% (171/175) 	 Branch coverage: 92.86% (13/14) 	 Transactions: 20 (10 unique)   	 Time: 0.0989229679107666[0m
2025-09-22 02:15:31,766 - Analysis - INFO - [1mGeneration number 3 	 Code coverage: 97.71% (171/175) 	 Branch coverage: 92.86% (13/14) 	 Transactions: 44 (15 unique)   	 Time: 0.20566797256469727[0m
2025-09-22 02:15:31,874 - Analysis - INFO - [1mGeneration number 4 	 Code coverage: 97.71% (171/175) 	 Branch coverage: 92.86% (13/14) 	 Transactions: 65 (18 unique)   	 Time: 0.3132896423339844[0m
2025-09-22 02:15:31,972 - Analysis - INFO - [1mGeneration number 5 	 Code coverage: 97.71% (171/175) 	 Branch coverage: 92.86% (13/14) 	 Transactions: 86 (20 unique)   	 Time: 0.4117560386657715[0m
2025-09-22 02:15:32,077 - Analysis - INFO - [1mGeneration number 6 	 Code coverage: 97.71% (171/175) 	 Branch coverage: 92.86% (13/14) 	 Transactions: 107 (21 unique)   	 Time: 0.5168716907501221[0m
2025-09-22 02:15:32,180 - Analysis - INFO - [1mGeneration number 7 	 Code coverage: 97.71% (171/175) 	 Branch coverage: 92.86% (13/14) 	 Transactions: 127 (22 unique)   	 Time: 0.6194851398468018[0m
2025-09-22 02:15:32,283 - Analysis - INFO - [1mGeneration number 8 	 Code coverage: 97.71% (171/175) 	 Branch coverage: 92.86% (13/14) 	 Transactions: 147 (24 unique)   	 Time: 0.7221660614013672[0m
2025-09-22 02:15:32,433 - Analysis - INFO - [1mGeneration number 9 	 Code coverage: 97.71% (171/175) 	 Branch coverage: 92.86% (13/14) 	 Transactions: 177 (29 unique)   	 Time: 0.8725783824920654[0m
2025-09-22 02:15:32,585 - Analysis - INFO - [1mGeneration number 10 	 Code coverage: 97.71% (171/175) 	 Branch coverage: 92.86% (13/14) 	 Transactions: 207 (32 unique)   	 Time: 1.024343490600586[0m
2025-09-22 02:15:32,595 - Analysis - INFO - [1m-----------------------------------------------------[0m
2025-09-22 02:15:32,595 - Analysis - INFO - Number of generations: 	 10
2025-09-22 02:15:32,595 - Analysis - INFO - Number of transactions: 	 207 (32 unique)
2025-09-22 02:15:32,595 - Analysis - INFO - Transactions per second: 	 200
2025-09-22 02:15:32,596 - Analysis - INFO - Total code coverage: 	 97.71% (171/175)
2025-09-22 02:15:32,596 - Analysis - INFO - Total branch coverage: 	 92.86% (13/14)
2025-09-22 02:15:32,596 - Analysis - INFO - Total execution time: 	 1.03 seconds
2025-09-22 02:15:32,596 - Analysis - INFO - Total memory consumption: 	 70.97 MB
2025-09-22 02:15:32,598 - Fuzzer   - INFO - [1mFuzzing contract [1mPausable[0m[0m
2025-09-22 02:15:32,643 - Analysis - INFO - [1mGeneration number 0 	 Code coverage: 68.45% (243/355) 	 Branch coverage: 76.47% (26/34) 	 Transactions: 13 (12 unique)   	 Time: 0.042163848876953125[0m
2025-09-22 02:15:32,672 - Analysis - INFO - [1mGeneration number 1 	 Code coverage: 68.45% (243/355) 	 Branch coverage: 76.47% (26/34) 	 Transactions: 21 (14 unique)   	 Time: 0.07127785682678223[0m
2025-09-22 02:15:32,720 - Analysis - INFO - [1mGeneration number 2 	 Code coverage: 68.45% (243/355) 	 Branch coverage: 76.47% (26/34) 	 Transactions: 27 (14 unique)   	 Time: 0.1187448501586914[0m
2025-09-22 02:15:32,755 - Analysis - INFO - [1mGeneration number 3 	 Code coverage: 68.45% (243/355) 	 Branch coverage: 76.47% (26/34) 	 Transactions: 30 (14 unique)   	 Time: 0.15371155738830566[0m
2025-09-22 02:15:32,791 - Analysis - INFO - [1mGeneration number 4 	 Code coverage: 68.45% (243/355) 	 Branch coverage: 76.47% (26/34) 	 Transactions: 33 (14 unique)   	 Time: 0.18992018699645996[0m
2025-09-22 02:15:32,824 - Analysis - INFO - [1mGeneration number 5 	 Code coverage: 68.45% (243/355) 	 Branch coverage: 76.47% (26/34) 	 Transactions: 35 (14 unique)   	 Time: 0.22333478927612305[0m
2025-09-22 02:15:32,860 - Analysis - INFO - [1mGeneration number 6 	 Code coverage: 69.30% (246/355) 	 Branch coverage: 79.41% (27/34) 	 Transactions: 38 (15 unique)   	 Time: 0.25907373428344727[0m
2025-09-22 02:15:32,872 - Analysis - INFO - [1mGeneration number 7 	 Code coverage: 69.30% (246/355) 	 Branch coverage: 79.41% (27/34) 	 Transactions: 40 (15 unique)   	 Time: 0.2706882953643799[0m
2025-09-22 02:15:32,923 - Analysis - INFO - [1mGeneration number 8 	 Code coverage: 69.30% (246/355) 	 Branch coverage: 79.41% (27/34) 	 Transactions: 43 (15 unique)   	 Time: 0.32153844833374023[0m
2025-09-22 02:15:32,949 - Analysis - INFO - [1mGeneration number 9 	 Code coverage: 69.30% (246/355) 	 Branch coverage: 79.41% (27/34) 	 Transactions: 45 (15 unique)   	 Time: 0.3483576774597168[0m
2025-09-22 02:15:32,978 - Analysis - INFO - [1mGeneration number 10 	 Code coverage: 78.03% (277/355) 	 Branch coverage: 85.29% (29/34) 	 Transactions: 48 (16 unique)   	 Time: 0.37718892097473145[0m
2025-09-22 02:15:32,978 - Analysis - INFO - [1m-----------------------------------------------------[0m
2025-09-22 02:15:32,978 - Analysis - INFO - Number of generations: 	 10
2025-09-22 02:15:32,978 - Analysis - INFO - Number of transactions: 	 48 (16 unique)
2025-09-22 02:15:32,979 - Analysis - INFO - Transactions per second: 	 127
2025-09-22 02:15:32,979 - Analysis - INFO - Total code coverage: 	 78.03% (277/355)
2025-09-22 02:15:32,979 - Analysis - INFO - Total branch coverage: 	 85.29% (29/34)
2025-09-22 02:15:32,979 - Analysis - INFO - Total execution time: 	 0.38 seconds
2025-09-22 02:15:32,979 - Analysis - INFO - Total memory consumption: 	 70.97 MB
2025-09-22 02:15:32,981 - Fuzzer   - INFO - [1mFuzzing contract [1mStandardToken[0m[0m
2025-09-22 02:15:33,046 - Detector - INFO - [1m[33m-----------------------------------------------------[0m
2025-09-22 02:15:33,046 - Detector - INFO - [1m[33m          !!! Assertion failure detected !!!         [0m
2025-09-22 02:15:33,046 - Detector - INFO - [1m[33m-----------------------------------------------------[0m
2025-09-22 02:15:33,046 - Detector - INFO - [1m[33mSWC-ID:   110[0m
2025-09-22 02:15:33,046 - Detector - INFO - [1m[33mSeverity: Medium[0m
2025-09-22 02:15:33,046 - Detector - INFO - [1m[33m-----------------------------------------------------[0m
2025-09-22 02:15:33,046 - Detector - INFO - [1m[33mSource code line:[0m
2025-09-22 02:15:33,047 - Detector - INFO - [1m[33m-----------------------------------------------------[0m
2025-09-22 02:15:33,047 - Detector - INFO - [1m[33m/sb/0x714f73d7f983bdc11a9ae2cc1ada2644e2044d31.sol:90:1[0m
2025-09-22 02:15:33,047 - Detector - INFO - [1m[33massert(b <= a)[0m
2025-09-22 02:15:33,047 - Detector - INFO - [1m[33m-----------------------------------------------------[0m
2025-09-22 02:15:33,047 - Detector - INFO - [1m[33mTransaction sequence:[0m
2025-09-22 02:15:33,047 - Detector - INFO - [1m[33m-----------------------------------------------------[0m
2025-09-22 02:15:33,047 - Detector - INFO - [1m[33mTransaction - transfer(address,uint256):[0m
2025-09-22 02:15:33,047 - Detector - INFO - [1m[33m-----------------------------------------------------[0m
2025-09-22 02:15:33,047 - Detector - INFO - [1m[33mFrom:      0xcafebabecafebabecafebabecafebabecafebabe[0m
2025-09-22 02:15:33,047 - Detector - INFO - [1m[33mTo:        0x2c5e8a3b3aad9df32339409534e64dfcabcd3a65[0m
2025-09-22 02:15:33,047 - Detector - INFO - [1m[33mValue:     0 Wei[0m
2025-09-22 02:15:33,047 - Detector - INFO - [1m[33mGas Limit: 4500000[0m
2025-09-22 02:15:33,047 - Detector - INFO - [1m[33mInput:     0xa9059cbb000000000000000000000000deadbeef[0m
2025-09-22 02:15:33,047 - Detector - INFO - [1m[33m           deadbeefdeadbeefdeadbeefdeadbeefa226a6ceaf[0m
2025-09-22 02:15:33,047 - Detector - INFO - [1m[33m           04d4a974bd2c02b5d4f70158a258f7abf30173637a[0m
2025-09-22 02:15:33,047 - Detector - INFO - [1m[33m           cb99b2c57dfe[0m
2025-09-22 02:15:33,047 - Detector - INFO - [1m[33m-----------------------------------------------------[0m
2025-09-22 02:15:33,074 - Analysis - INFO - [1mGeneration number 0 	 Code coverage: 73.37% (752/1025) 	 Branch coverage: 88.64% (39/44) 	 Transactions: 19 (18 unique)   	 Time: 0.08770322799682617[0m
2025-09-22 02:15:33,200 - Analysis - INFO - [1mGeneration number 1 	 Code coverage: 73.37% (752/1025) 	 Branch coverage: 88.64% (39/44) 	 Transactions: 42 (33 unique)   	 Time: 0.21345233917236328[0m
2025-09-22 02:15:33,481 - Analysis - INFO - [1mGeneration number 2 	 Code coverage: 77.95% (799/1025) 	 Branch coverage: 95.45% (42/44) 	 Transactions: 86 (50 unique)   	 Time: 0.4940364360809326[0m
2025-09-22 02:15:33,815 - Analysis - INFO - [1mGeneration number 3 	 Code coverage: 77.95% (799/1025) 	 Branch coverage: 95.45% (42/44) 	 Transactions: 143 (67 unique)   	 Time: 0.8285262584686279[0m
2025-09-22 02:15:34,240 - Analysis - INFO - [1mGeneration number 4 	 Code coverage: 90.83% (931/1025) 	 Branch coverage: 95.45% (42/44) 	 Transactions: 206 (84 unique)   	 Time: 1.2532591819763184[0m
2025-09-22 02:15:34,633 - Analysis - INFO - [1mGeneration number 5 	 Code coverage: 90.83% (931/1025) 	 Branch coverage: 95.45% (42/44) 	 Transactions: 270 (101 unique)   	 Time: 1.6463487148284912[0m
2025-09-22 02:15:35,075 - Analysis - INFO - [1mGeneration number 6 	 Code coverage: 90.83% (931/1025) 	 Branch coverage: 95.45% (42/44) 	 Transactions: 335 (119 unique)   	 Time: 2.0880508422851562[0m
2025-09-22 02:15:35,526 - Analysis - INFO - [1mGeneration number 7 	 Code coverage: 90.83% (931/1025) 	 Branch coverage: 95.45% (42/44) 	 Transactions: 401 (137 unique)   	 Time: 2.539689064025879[0m
2025-09-22 02:15:36,019 - Analysis - INFO - [1mGeneration number 8 	 Code coverage: 90.83% (931/1025) 	 Branch coverage: 95.45% (42/44) 	 Transactions: 469 (154 unique)   	 Time: 3.031778335571289[0m
2025-09-22 02:15:36,507 - Analysis - INFO - [1mGeneration number 9 	 Code coverage: 90.83% (931/1025) 	 Branch coverage: 95.45% (42/44) 	 Transactions: 539 (172 unique)   	 Time: 3.520582675933838[0m
2025-09-22 02:15:37,068 - Analysis - INFO - [1mGeneration number 10 	 Code coverage: 90.83% (931/1025) 	 Branch coverage: 95.45% (42/44) 	 Transactions: 609 (190 unique)   	 Time: 4.081035614013672[0m
2025-09-22 02:15:37,088 - Analysis - INFO - [1m-----------------------------------------------------[0m
2025-09-22 02:15:37,088 - Analysis - INFO - Number of generations: 	 10
2025-09-22 02:15:37,088 - Analysis - INFO - Number of transactions: 	 609 (190 unique)
2025-09-22 02:15:37,088 - Analysis - INFO - Transactions per second: 	 149
2025-09-22 02:15:37,088 - Analysis - INFO - Total code coverage: 	 90.83% (931/1025)
2025-09-22 02:15:37,088 - Analysis - INFO - Total branch coverage: 	 95.45% (42/44)
2025-09-22 02:15:37,088 - Analysis - INFO - Total execution time: 	 4.10 seconds
2025-09-22 02:15:37,088 - Analysis - INFO - Total memory consumption: 	 71.56 MB

     ______            ______                _           
    / ____/___  ____  / ____/_  __________  (_)_  _______
   / /   / __ \/ __ \/ /_  / / / /_  /_  / / / / / / ___/
  / /___/ /_/ / / / / __/ / /_/ / / /_/ /_/ / /_/ (__  ) 
  \____/\____/_/ /_/_/    \__,_/ /___/___/_/\__,_/____/  

delteed file
