'solc --version' running
'solc /sb/0x714f301b4f0df04b81169a51506e2458917dbb56.sol --combined-json abi,ast,bin,bin-runtime,srcmap,srcmap-runtime,userdoc,devdoc,hashes,compact-format --allow-paths .,/sb' running
Compilation warnings/errors on /sb/0x714f301b4f0df04b81169a51506e2458917dbb56.sol:
/sb/0x714f301b4f0df04b81169a51506e2458917dbb56.sol:41:5: Warning: Defining constructors as functions with the same name as the contract is deprecated. Use "constructor(...) { ... }" instead.
    function XBYR() public {
    ^ (Relevant source part starts here and spans across multiple lines).
/sb/0x714f301b4f0df04b81169a51506e2458917dbb56.sol:67:9: Warning: Invoking events without "emit" prefix is deprecated.
        Transfer(msg.sender, _to, _value);
        ^-------------------------------^
/sb/0x714f301b4f0df04b81169a51506e2458917dbb56.sol:91:9: Warning: Invoking events without "emit" prefix is deprecated.
        Transfer(_from, _to, _value);
        ^--------------------------^
/sb/0x714f301b4f0df04b81169a51506e2458917dbb56.sol:111:9: Warning: Invoking events without "emit" prefix is deprecated.
        Approval(msg.sender, _spender, _value);
        ^------------------------------------^


XBYR.transferFrom(address,address,uint256).allowance (../../sb/0x714f301b4f0df04b81169a51506e2458917dbb56.sol#77) shadows:
	- XBYR.allowance(address,address) (../../sb/0x714f301b4f0df04b81169a51506e2458917dbb56.sol#119-123) (function)
Reference: https://github.com/crytic/slither/wiki/Detector-Documentation#local-variable-shadowing

Version constraint ^0.4.16 contains known severe issues (https://solidity.readthedocs.io/en/latest/bugs.html)
	- DirtyBytesArrayToStorage
	- ABIDecodeTwoDimensionalArrayMemory
	- KeccakCaching
	- EmptyByteArrayCopy
	- DynamicArrayCleanup
	- ImplicitConstructorCallvalueCheck
	- TupleAssignmentMultiStackSlotComponents
	- MemoryArrayCreationOverflow
	- privateCanBeOverridden
	- SignedArrayStorageCopy
	- ABIEncoderV2StorageArrayWithMultiSlotElement
	- DynamicConstructorArgumentsClippedABIV2
	- UninitializedFunctionPointerInConstructor_0.4.x
	- IncorrectEventSignatureInLibraries_0.4.x
	- ExpExponentCleanup
	- NestedArrayFunctionCallDecoder
	- ZeroFunctionSelector.
It is used by:
	- ^0.4.16 (../../sb/0x714f301b4f0df04b81169a51506e2458917dbb56.sol#1)
solc-0.4.26 is an outdated solc version. Use a more recent version (at least 0.8.0), if possible.
Reference: https://github.com/crytic/slither/wiki/Detector-Documentation#incorrect-versions-of-solidity

Parameter XBYR.transfer(address,uint256)._to (../../sb/0x714f301b4f0df04b81169a51506e2458917dbb56.sol#59) is not in mixedCase
Parameter XBYR.transfer(address,uint256)._value (../../sb/0x714f301b4f0df04b81169a51506e2458917dbb56.sol#59) is not in mixedCase
Parameter XBYR.transferFrom(address,address,uint256)._from (../../sb/0x714f301b4f0df04b81169a51506e2458917dbb56.sol#75) is not in mixedCase
Parameter XBYR.transferFrom(address,address,uint256)._to (../../sb/0x714f301b4f0df04b81169a51506e2458917dbb56.sol#75) is not in mixedCase
Parameter XBYR.transferFrom(address,address,uint256)._value (../../sb/0x714f301b4f0df04b81169a51506e2458917dbb56.sol#75) is not in mixedCase
Parameter XBYR.balanceOf(address)._owner (../../sb/0x714f301b4f0df04b81169a51506e2458917dbb56.sol#99) is not in mixedCase
Parameter XBYR.approve(address,uint256)._spender (../../sb/0x714f301b4f0df04b81169a51506e2458917dbb56.sol#107) is not in mixedCase
Parameter XBYR.approve(address,uint256)._value (../../sb/0x714f301b4f0df04b81169a51506e2458917dbb56.sol#107) is not in mixedCase
Parameter XBYR.allowance(address,address)._owner (../../sb/0x714f301b4f0df04b81169a51506e2458917dbb56.sol#119) is not in mixedCase
Parameter XBYR.allowance(address,address)._spender (../../sb/0x714f301b4f0df04b81169a51506e2458917dbb56.sol#119) is not in mixedCase
Reference: https://github.com/crytic/slither/wiki/Detector-Documentation#conformance-to-solidity-naming-conventions

XBYR.XBYR() (../../sb/0x714f301b4f0df04b81169a51506e2458917dbb56.sol#41-53) uses literals with too many digits:
	- balances[msg.sender] = 1000000000000 (../../sb/0x714f301b4f0df04b81169a51506e2458917dbb56.sol#43)
XBYR.XBYR() (../../sb/0x714f301b4f0df04b81169a51506e2458917dbb56.sol#41-53) uses literals with too many digits:
	- totalSupply = 1000000000000 (../../sb/0x714f301b4f0df04b81169a51506e2458917dbb56.sol#45)
Reference: https://github.com/crytic/slither/wiki/Detector-Documentation#too-many-digits
/sb/0x714f301b4f0df04b81169a51506e2458917dbb56.sol analyzed (1 contracts with 93 detectors), 15 result(s) found
