Extract contract Reentrance from /sb/reentrance.sol
Extracted 1 contract(s) from /sb/reentrance.sol
[0;32m> Created "fuzzMe"[0m
[0;32m> To fuzz contracts:[0m
  chmod +x fuzzMe
  ./fuzzMe
assets/NormalAttacker.sol:5:3: Warning: No visibility specified. Defaulting to "public". 
  function() payable {
  ^ (Relevant source part starts here and spans across multiple lines).
assets/ReentrancyAttacker.sol:8:7: Warning: Return value of low-level calls not used.
      msg.sender.call(bytes4(255));
      ^--------------------------^
assets/ReentrancyAttacker.sol:5:3: Warning: No visibility specified. Defaulting to "public". 
  function() payable {
  ^ (Relevant source part starts here and spans across multiple lines).
>> Fuzz Reentrance
** Write stats: 0.01003
** Write stats: 5.00254
** Write stats: 10.0005
** Write stats: 15.0024
** Write stats: 20.0018
** Write stats: 25.0044
** Write stats: 30.002
** Write stats: 35.0008
** Write stats: 40.0056
** Write stats: 45.0001
** Write stats: 50.0047
** Write stats: 55.0084
** Write stats: 60.0071
** Write stats: 65.007
** Write stats: 70.001
** Write stats: 75.0055
** Write stats: 80.0075
** Write stats: 85.0069
** Write stats: 90.0021
** Write stats: 95.0071
** Write stats: 100.016
** Write stats: 105.007
** Write stats: 110.017
** Write stats: 115.001
** Write stats: 120.005
** Write stats: 120.005
