Extract contract Reentrance from /sb/reentrance.sol
Extracted 1 contract(s) from /sb/reentrance.sol
[0;32m> Created "fuzzMe"[0m
[0;32m> To fuzz contracts:[0m
  chmod +x fuzzMe
  ./fuzzMe
assets/NormalAttacker.sol:5:3: Warning: No visibility specified. Defaulting to "public". 
  function() payable {
  ^ (Relevant source part starts here and spans across multiple lines).
assets/ReentrancyAttacker.sol:8:7: Warning: Return value of low-level calls not used.
      msg.sender.call(bytes4(255));
      ^--------------------------^
assets/ReentrancyAttacker.sol:5:3: Warning: No visibility specified. Defaulting to "public". 
  function() payable {
  ^ (Relevant source part starts here and spans across multiple lines).
>> Fuzz Reentrance
** Write stats: 0.007201
** Write stats: 5.00111
** Write stats: 10.0045
** Write stats: 15.0061
** Write stats: 20.0014
** Write stats: 25.0049
** Write stats: 30.0035
** Write stats: 35.0058
** Write stats: 40.0052
** Write stats: 45.0123
** Write stats: 50.0003
** Write stats: 55.005
** Write stats: 60.0098
** Write stats: 65.002
** Write stats: 70.0073
** Write stats: 75.0071
** Write stats: 80.0085
** Write stats: 85.0095
** Write stats: 90.0053
** Write stats: 95.0146
** Write stats: 100.006
** Write stats: 105.008
** Write stats: 110.007
** Write stats: 115.008
** Write stats: 120.003
** Write stats: 120.005
