'solc --version' running
'solc /sb/0x715b3870ebd976b78c443b288d3dc3f0efd2f289.sol --combined-json abi,ast,bin,bin-runtime,srcmap,srcmap-runtime,userdoc,devdoc,hashes,compact-format --allow-paths .,/sb' running
Compilation warnings/errors on /sb/0x715b3870ebd976b78c443b288d3dc3f0efd2f289.sol:
/sb/0x715b3870ebd976b78c443b288d3dc3f0efd2f289.sol:166:4: Warning: Defining constructors as functions with the same name as the contract is deprecated. Use "constructor(...) { ... }" instead.
   function TAXToken() public {
   ^ (Relevant source part starts here and spans across multiple lines).
/sb/0x715b3870ebd976b78c443b288d3dc3f0efd2f289.sol:48:9: Warning: Invoking events without "emit" prefix is deprecated.
        OwnershipTransferred(owner, newOwner);
        ^-----------------------------------^
/sb/0x715b3870ebd976b78c443b288d3dc3f0efd2f289.sol:85:6: Warning: Invoking events without "emit" prefix is deprecated.
     Transfer(msg.sender, _to, _value);
     ^-------------------------------^
/sb/0x715b3870ebd976b78c443b288d3dc3f0efd2f289.sol:101:5: Warning: Invoking events without "emit" prefix is deprecated.
    Transfer(_from, _to, _value);
    ^--------------------------^
/sb/0x715b3870ebd976b78c443b288d3dc3f0efd2f289.sol:107:6: Warning: Invoking events without "emit" prefix is deprecated.
     Approval(msg.sender, _spender, _value);
     ^------------------------------------^
/sb/0x715b3870ebd976b78c443b288d3dc3f0efd2f289.sol:117:6: Warning: Invoking events without "emit" prefix is deprecated.
     Approval(msg.sender, _spender, allowed[msg.sender][_spender]);
     ^-----------------------------------------------------------^
/sb/0x715b3870ebd976b78c443b288d3dc3f0efd2f289.sol:128:6: Warning: Invoking events without "emit" prefix is deprecated.
     Approval(msg.sender, _spender, allowed[msg.sender][_spender]);
     ^-----------------------------------------------------------^
/sb/0x715b3870ebd976b78c443b288d3dc3f0efd2f289.sol:140:9: Warning: Invoking events without "emit" prefix is deprecated.
        Transfer(msg.sender, _to, _value, _data);
        ^--------------------------------------^
/sb/0x715b3870ebd976b78c443b288d3dc3f0efd2f289.sol:178:9: Warning: Invoking events without "emit" prefix is deprecated.
        Transfer(address(0), msg.sender, _firstUnlockAmmount);
        ^---------------------------------------------------^
/sb/0x715b3870ebd976b78c443b288d3dc3f0efd2f289.sol:187:9: Warning: Invoking events without "emit" prefix is deprecated.
        Transfer(address(0), msg.sender, _secondUnlockAmmount);
        ^----------------------------------------------------^


StandardToken.isContract(address) (../../sb/0x715b3870ebd976b78c443b288d3dc3f0efd2f289.sol#143-150) is declared view but contains assembly code
Reference: https://github.com/crytic/slither/wiki/Detector-Documentation#constant-functions-using-assembly-code

Owned.transferOwnership(address)._newOwner (../../sb/0x715b3870ebd976b78c443b288d3dc3f0efd2f289.sol#43) lacks a zero-check on :
		- newOwner = _newOwner (../../sb/0x715b3870ebd976b78c443b288d3dc3f0efd2f289.sol#44)
Reference: https://github.com/crytic/slither/wiki/Detector-Documentation#missing-zero-address-validation

Reentrancy in StandardToken.transfer(address,uint256,bytes) (../../sb/0x715b3870ebd976b78c443b288d3dc3f0efd2f289.sol#132-141):
	External calls:
	- receiver.tokenFallback(msg.sender,_value,_data) (../../sb/0x715b3870ebd976b78c443b288d3dc3f0efd2f289.sol#136)
	State variables written after the call(s):
	- balances[msg.sender] = subSafe(balances[msg.sender],_value) (../../sb/0x715b3870ebd976b78c443b288d3dc3f0efd2f289.sol#138)
	- balances[_to] = addSafe(balances[_to],_value) (../../sb/0x715b3870ebd976b78c443b288d3dc3f0efd2f289.sol#139)
Reference: https://github.com/crytic/slither/wiki/Detector-Documentation#reentrancy-vulnerabilities-2

Reentrancy in StandardToken.transfer(address,uint256,bytes) (../../sb/0x715b3870ebd976b78c443b288d3dc3f0efd2f289.sol#132-141):
	External calls:
	- receiver.tokenFallback(msg.sender,_value,_data) (../../sb/0x715b3870ebd976b78c443b288d3dc3f0efd2f289.sol#136)
	Event emitted after the call(s):
	- Transfer(msg.sender,_to,_value,_data) (../../sb/0x715b3870ebd976b78c443b288d3dc3f0efd2f289.sol#140)
Reference: https://github.com/crytic/slither/wiki/Detector-Documentation#reentrancy-vulnerabilities-3

TAXToken.releaseFirstUnlock() (../../sb/0x715b3870ebd976b78c443b288d3dc3f0efd2f289.sol#173-180) uses timestamp for comparisons
	Dangerous comparisons:
	- require(bool)(now >= _firstUnlockTime) (../../sb/0x715b3870ebd976b78c443b288d3dc3f0efd2f289.sol#174)
TAXToken.releaseSecondUnlock() (../../sb/0x715b3870ebd976b78c443b288d3dc3f0efd2f289.sol#182-189) uses timestamp for comparisons
	Dangerous comparisons:
	- require(bool)(now >= _secondUnlockTime) (../../sb/0x715b3870ebd976b78c443b288d3dc3f0efd2f289.sol#183)
Reference: https://github.com/crytic/slither/wiki/Detector-Documentation#block-timestamp

StandardToken.isContract(address) (../../sb/0x715b3870ebd976b78c443b288d3dc3f0efd2f289.sol#143-150) uses assembly
	- INLINE ASM (../../sb/0x715b3870ebd976b78c443b288d3dc3f0efd2f289.sol#145-149)
Reference: https://github.com/crytic/slither/wiki/Detector-Documentation#assembly-usage

SafeMath.divSafe(uint256,uint256) (../../sb/0x715b3870ebd976b78c443b288d3dc3f0efd2f289.sol#13-16) is never used and should be removed
SafeMath.mulSafe(uint256,uint256) (../../sb/0x715b3870ebd976b78c443b288d3dc3f0efd2f289.sol#4-11) is never used and should be removed
Reference: https://github.com/crytic/slither/wiki/Detector-Documentation#dead-code

Version constraint ^0.4.18 contains known severe issues (https://solidity.readthedocs.io/en/latest/bugs.html)
	- DirtyBytesArrayToStorage
	- ABIDecodeTwoDimensionalArrayMemory
	- KeccakCaching
	- EmptyByteArrayCopy
	- DynamicArrayCleanup
	- ImplicitConstructorCallvalueCheck
	- TupleAssignmentMultiStackSlotComponents
	- MemoryArrayCreationOverflow
	- privateCanBeOverridden
	- SignedArrayStorageCopy
	- ABIEncoderV2StorageArrayWithMultiSlotElement
	- DynamicConstructorArgumentsClippedABIV2
	- UninitializedFunctionPointerInConstructor_0.4.x
	- IncorrectEventSignatureInLibraries_0.4.x
	- ExpExponentCleanup
	- EventStructWrongData
	- NestedArrayFunctionCallDecoder.
It is used by:
	- ^0.4.18 (../../sb/0x715b3870ebd976b78c443b288d3dc3f0efd2f289.sol#1)
solc-0.4.26 is an outdated solc version. Use a more recent version (at least 0.8.0), if possible.
Reference: https://github.com/crytic/slither/wiki/Detector-Documentation#incorrect-versions-of-solidity

Function Owned.Constructor() (../../sb/0x715b3870ebd976b78c443b288d3dc3f0efd2f289.sol#36) is not in mixedCase
Parameter Owned.transferOwnership(address)._newOwner (../../sb/0x715b3870ebd976b78c443b288d3dc3f0efd2f289.sol#43) is not in mixedCase
Parameter StandardToken.transfer(address,uint256)._to (../../sb/0x715b3870ebd976b78c443b288d3dc3f0efd2f289.sol#80) is not in mixedCase
Parameter StandardToken.transfer(address,uint256)._value (../../sb/0x715b3870ebd976b78c443b288d3dc3f0efd2f289.sol#80) is not in mixedCase
Parameter StandardToken.balanceOf(address)._owner (../../sb/0x715b3870ebd976b78c443b288d3dc3f0efd2f289.sol#89) is not in mixedCase
Parameter StandardToken.transferFrom(address,address,uint256)._from (../../sb/0x715b3870ebd976b78c443b288d3dc3f0efd2f289.sol#93) is not in mixedCase
Parameter StandardToken.transferFrom(address,address,uint256)._to (../../sb/0x715b3870ebd976b78c443b288d3dc3f0efd2f289.sol#93) is not in mixedCase
Parameter StandardToken.transferFrom(address,address,uint256)._value (../../sb/0x715b3870ebd976b78c443b288d3dc3f0efd2f289.sol#93) is not in mixedCase
Parameter StandardToken.approve(address,uint256)._spender (../../sb/0x715b3870ebd976b78c443b288d3dc3f0efd2f289.sol#105) is not in mixedCase
Parameter StandardToken.approve(address,uint256)._value (../../sb/0x715b3870ebd976b78c443b288d3dc3f0efd2f289.sol#105) is not in mixedCase
Parameter StandardToken.allowance(address,address)._owner (../../sb/0x715b3870ebd976b78c443b288d3dc3f0efd2f289.sol#111) is not in mixedCase
Parameter StandardToken.allowance(address,address)._spender (../../sb/0x715b3870ebd976b78c443b288d3dc3f0efd2f289.sol#111) is not in mixedCase
Parameter StandardToken.increaseApproval(address,uint256)._spender (../../sb/0x715b3870ebd976b78c443b288d3dc3f0efd2f289.sol#115) is not in mixedCase
Parameter StandardToken.increaseApproval(address,uint256)._addedValue (../../sb/0x715b3870ebd976b78c443b288d3dc3f0efd2f289.sol#115) is not in mixedCase
Parameter StandardToken.decreaseApproval(address,uint256)._spender (../../sb/0x715b3870ebd976b78c443b288d3dc3f0efd2f289.sol#121) is not in mixedCase
Parameter StandardToken.decreaseApproval(address,uint256)._subtractedValue (../../sb/0x715b3870ebd976b78c443b288d3dc3f0efd2f289.sol#121) is not in mixedCase
Parameter StandardToken.transfer(address,uint256,bytes)._to (../../sb/0x715b3870ebd976b78c443b288d3dc3f0efd2f289.sol#132) is not in mixedCase
Parameter StandardToken.transfer(address,uint256,bytes)._value (../../sb/0x715b3870ebd976b78c443b288d3dc3f0efd2f289.sol#132) is not in mixedCase
Parameter StandardToken.transfer(address,uint256,bytes)._data (../../sb/0x715b3870ebd976b78c443b288d3dc3f0efd2f289.sol#132) is not in mixedCase
Variable TAXToken.INITIAL_SUPPLY (../../sb/0x715b3870ebd976b78c443b288d3dc3f0efd2f289.sol#158) is not in mixedCase
Variable TAXToken._frozeAmount (../../sb/0x715b3870ebd976b78c443b288d3dc3f0efd2f289.sol#160) is not in mixedCase
Variable TAXToken._firstUnlockAmmount (../../sb/0x715b3870ebd976b78c443b288d3dc3f0efd2f289.sol#161) is not in mixedCase
Variable TAXToken._secondUnlockAmmount (../../sb/0x715b3870ebd976b78c443b288d3dc3f0efd2f289.sol#162) is not in mixedCase
Reference: https://github.com/crytic/slither/wiki/Detector-Documentation#conformance-to-solidity-naming-conventions

TAXToken.TAXToken() (../../sb/0x715b3870ebd976b78c443b288d3dc3f0efd2f289.sol#166-171) uses literals with too many digits:
	- totalSupply = 500000000 * 10 ** uint256(decimals) (../../sb/0x715b3870ebd976b78c443b288d3dc3f0efd2f289.sol#167)
TAXToken.slitherConstructorVariables() (../../sb/0x715b3870ebd976b78c443b288d3dc3f0efd2f289.sol#154-191) uses literals with too many digits:
	- INITIAL_SUPPLY = 1000000000 (../../sb/0x715b3870ebd976b78c443b288d3dc3f0efd2f289.sol#158)
TAXToken.slitherConstructorVariables() (../../sb/0x715b3870ebd976b78c443b288d3dc3f0efd2f289.sol#154-191) uses literals with too many digits:
	- _frozeAmount = 400000000 (../../sb/0x715b3870ebd976b78c443b288d3dc3f0efd2f289.sol#160)
TAXToken.slitherConstructorVariables() (../../sb/0x715b3870ebd976b78c443b288d3dc3f0efd2f289.sol#154-191) uses literals with too many digits:
	- _firstUnlockAmmount = 50000000 (../../sb/0x715b3870ebd976b78c443b288d3dc3f0efd2f289.sol#161)
TAXToken.slitherConstructorVariables() (../../sb/0x715b3870ebd976b78c443b288d3dc3f0efd2f289.sol#154-191) uses literals with too many digits:
	- _secondUnlockAmmount = 50000000 (../../sb/0x715b3870ebd976b78c443b288d3dc3f0efd2f289.sol#162)
Reference: https://github.com/crytic/slither/wiki/Detector-Documentation#too-many-digits

TAXToken.INITIAL_SUPPLY (../../sb/0x715b3870ebd976b78c443b288d3dc3f0efd2f289.sol#158) should be constant 
TAXToken._frozeAmount (../../sb/0x715b3870ebd976b78c443b288d3dc3f0efd2f289.sol#160) should be constant 
TAXToken.decimals (../../sb/0x715b3870ebd976b78c443b288d3dc3f0efd2f289.sol#157) should be constant 
TAXToken.name (../../sb/0x715b3870ebd976b78c443b288d3dc3f0efd2f289.sol#155) should be constant 
TAXToken.symbol (../../sb/0x715b3870ebd976b78c443b288d3dc3f0efd2f289.sol#156) should be constant 
Reference: https://github.com/crytic/slither/wiki/Detector-Documentation#state-variables-that-could-be-declared-constant

transfer(address,uint256,bytes) should be declared external:
	- ERC223.transfer(address,uint256,bytes) (../../sb/0x715b3870ebd976b78c443b288d3dc3f0efd2f289.sol#67)
	- StandardToken.transfer(address,uint256,bytes) (../../sb/0x715b3870ebd976b78c443b288d3dc3f0efd2f289.sol#132-141)
tokenFallback(address,uint256,bytes) should be declared external:
	- ERC223ReceivingContract.tokenFallback(address,uint256,bytes) (../../sb/0x715b3870ebd976b78c443b288d3dc3f0efd2f289.sol#72)
Reference: https://github.com/crytic/slither/wiki/Detector-Documentation#public-function-that-could-be-declared-external
/sb/0x715b3870ebd976b78c443b288d3dc3f0efd2f289.sol analyzed (7 contracts with 93 detectors), 46 result(s) found
