2025-06-27 10:52:58,473 - Main     - INFO - [1mInitializing seed to 1427655.0[0m
2025-06-27 10:52:58,492 - Fuzzer   - INFO - [1mFuzzing contract [1mIntegerOverflowAdd[0m[0m
2025-06-27 10:52:58,526 - Analysis - INFO - [1mGeneration number 0 	 Code coverage: 98.91% (91/92) 	 Branch coverage: 90.00% (9/10) 	 Transactions: 7 (6 unique)   	 Time: 0.028280973434448242[0m
2025-06-27 10:52:58,550 - Analysis - INFO - [1mGeneration number 1 	 Code coverage: 98.91% (91/92) 	 Branch coverage: 90.00% (9/10) 	 Transactions: 14 (9 unique)   	 Time: 0.052304744720458984[0m
2025-06-27 10:52:58,588 - Analysis - INFO - [1mGeneration number 2 	 Code coverage: 98.91% (91/92) 	 Branch coverage: 90.00% (9/10) 	 Transactions: 26 (13 unique)   	 Time: 0.09018111228942871[0m
2025-06-27 10:52:58,610 - Detector - INFO - [1m[31m-----------------------------------------------------[0m
2025-06-27 10:52:58,610 - Detector - INFO - [1m[31m          !!! Integer overflow detected !!!          [0m
2025-06-27 10:52:58,610 - Detector - INFO - [1m[31m-----------------------------------------------------[0m
2025-06-27 10:52:58,610 - Detector - INFO - [1m[31mSWC-ID:   101[0m
2025-06-27 10:52:58,610 - Detector - INFO - [1m[31mSeverity: High[0m
2025-06-27 10:52:58,610 - Detector - INFO - [1m[31m-----------------------------------------------------[0m
2025-06-27 10:52:58,611 - Detector - INFO - [1m[31mSource code line:[0m
2025-06-27 10:52:58,611 - Detector - INFO - [1m[31m-----------------------------------------------------[0m
2025-06-27 10:52:58,611 - Detector - INFO - [1m[31m/sb/integer_overflow_add.sol:17:1[0m
2025-06-27 10:52:58,611 - Detector - INFO - [1m[31mcount += input[0m
2025-06-27 10:52:58,611 - Detector - INFO - [1m[31m-----------------------------------------------------[0m
2025-06-27 10:52:58,611 - Detector - INFO - [1m[31mTransaction sequence:[0m
2025-06-27 10:52:58,611 - Detector - INFO - [1m[31m-----------------------------------------------------[0m
2025-06-27 10:52:58,611 - Detector - INFO - [1m[31mTransaction 1 - run(uint256):[0m
2025-06-27 10:52:58,611 - Detector - INFO - [1m[31m-----------------------------------------------------[0m
2025-06-27 10:52:58,611 - Detector - INFO - [1m[31mFrom:      0xdeadbeefdeadbeefdeadbeefdeadbeefdeadbeef[0m
2025-06-27 10:52:58,611 - Detector - INFO - [1m[31mTo:        0x2c5e8a3b3aad9df32339409534e64dfcabcd3a65[0m
2025-06-27 10:52:58,611 - Detector - INFO - [1m[31mValue:     0 Wei[0m
2025-06-27 10:52:58,611 - Detector - INFO - [1m[31mGas Limit: 4500000[0m
2025-06-27 10:52:58,611 - Detector - INFO - [1m[31mInput:     0xa444f5e971eda033a1a805753e37674bbd9162dd[0m
2025-06-27 10:52:58,611 - Detector - INFO - [1m[31m           12e60ce8bb770bfe288f7007bb452f45[0m
2025-06-27 10:52:58,611 - Detector - INFO - [1m[31m-----------------------------------------------------[0m
2025-06-27 10:52:58,611 - Detector - INFO - [1m[31mTransaction 2 - run(uint256):[0m
2025-06-27 10:52:58,611 - Detector - INFO - [1m[31m-----------------------------------------------------[0m
2025-06-27 10:52:58,611 - Detector - INFO - [1m[31mFrom:      0xdeadbeefdeadbeefdeadbeefdeadbeefdeadbeef[0m
2025-06-27 10:52:58,611 - Detector - INFO - [1m[31mTo:        0x2c5e8a3b3aad9df32339409534e64dfcabcd3a65[0m
2025-06-27 10:52:58,611 - Detector - INFO - [1m[31mValue:     0 Wei[0m
2025-06-27 10:52:58,611 - Detector - INFO - [1m[31mGas Limit: 4500000[0m
2025-06-27 10:52:58,611 - Detector - INFO - [1m[31mInput:     0xa444f5e9a4ac1a632f0fbdaa86464ec036fb90f7[0m
2025-06-27 10:52:58,611 - Detector - INFO - [1m[31m           6c5dba6cee09567b1a2ef4f6625435a5[0m
2025-06-27 10:52:58,611 - Detector - INFO - [1m[31m-----------------------------------------------------[0m
2025-06-27 10:52:58,611 - Detector - INFO - [1m[31mTransaction 3 - count():[0m
2025-06-27 10:52:58,611 - Detector - INFO - [1m[31m-----------------------------------------------------[0m
2025-06-27 10:52:58,611 - Detector - INFO - [1m[31mFrom:      0xcafebabecafebabecafebabecafebabecafebabe[0m
2025-06-27 10:52:58,611 - Detector - INFO - [1m[31mTo:        0x2c5e8a3b3aad9df32339409534e64dfcabcd3a65[0m
2025-06-27 10:52:58,611 - Detector - INFO - [1m[31mValue:     0 Wei[0m
2025-06-27 10:52:58,611 - Detector - INFO - [1m[31mGas Limit: 4500000[0m
2025-06-27 10:52:58,611 - Detector - INFO - [1m[31mInput:     0x06661abd[0m
2025-06-27 10:52:58,611 - Detector - INFO - [1m[31m-----------------------------------------------------[0m
2025-06-27 10:52:58,638 - Analysis - INFO - [1mGeneration number 3 	 Code coverage: 98.91% (91/92) 	 Branch coverage: 90.00% (9/10) 	 Transactions: 41 (16 unique)   	 Time: 0.14017200469970703[0m
2025-06-27 10:52:58,692 - Analysis - INFO - [1mGeneration number 4 	 Code coverage: 98.91% (91/92) 	 Branch coverage: 90.00% (9/10) 	 Transactions: 59 (21 unique)   	 Time: 0.19460368156433105[0m
2025-06-27 10:52:58,759 - Analysis - INFO - [1mGeneration number 5 	 Code coverage: 98.91% (91/92) 	 Branch coverage: 90.00% (9/10) 	 Transactions: 79 (25 unique)   	 Time: 0.2607290744781494[0m
2025-06-27 10:52:58,822 - Analysis - INFO - [1mGeneration number 6 	 Code coverage: 98.91% (91/92) 	 Branch coverage: 90.00% (9/10) 	 Transactions: 98 (30 unique)   	 Time: 0.3244338035583496[0m
2025-06-27 10:52:58,883 - Analysis - INFO - [1mGeneration number 7 	 Code coverage: 98.91% (91/92) 	 Branch coverage: 90.00% (9/10) 	 Transactions: 118 (36 unique)   	 Time: 0.3854026794433594[0m
2025-06-27 10:52:58,935 - Analysis - INFO - [1mGeneration number 8 	 Code coverage: 98.91% (91/92) 	 Branch coverage: 90.00% (9/10) 	 Transactions: 135 (40 unique)   	 Time: 0.43677353858947754[0m
2025-06-27 10:52:58,994 - Analysis - INFO - [1mGeneration number 9 	 Code coverage: 98.91% (91/92) 	 Branch coverage: 90.00% (9/10) 	 Transactions: 155 (45 unique)   	 Time: 0.49635934829711914[0m
2025-06-27 10:52:59,054 - Analysis - INFO - [1mGeneration number 10 	 Code coverage: 98.91% (91/92) 	 Branch coverage: 90.00% (9/10) 	 Transactions: 175 (49 unique)   	 Time: 0.5556495189666748[0m
2025-06-27 10:52:59,054 - Analysis - INFO - [1m-----------------------------------------------------[0m
2025-06-27 10:52:59,054 - Analysis - INFO - Number of generations: 	 10
2025-06-27 10:52:59,054 - Analysis - INFO - Number of transactions: 	 175 (49 unique)
2025-06-27 10:52:59,054 - Analysis - INFO - Transactions per second: 	 315
2025-06-27 10:52:59,054 - Analysis - INFO - Total code coverage: 	 98.91% (91/92)
2025-06-27 10:52:59,054 - Analysis - INFO - Total branch coverage: 	 90.00% (9/10)
2025-06-27 10:52:59,054 - Analysis - INFO - Total execution time: 	 0.56 seconds
2025-06-27 10:52:59,054 - Analysis - INFO - Total memory consumption: 	 54.46 MB

     ______            ______                _           
    / ____/___  ____  / ____/_  __________  (_)_  _______
   / /   / __ \/ __ \/ /_  / / / /_  /_  / / / / / / ___/
  / /___/ /_/ / / / / __/ / /_/ / / /_/ /_/ / /_/ (__  ) 
  \____/\____/_/ /_/_/    \__,_/ /___/___/_/\__,_/____/  

delteed file
