2025-09-21 14:38:14,779 - Main     - INFO - [1mInitializing seed to 1427655.0[0m
2025-09-21 14:38:14,948 - Fuzzer   - INFO - [1mFuzzing contract [1mAifiAsset[0m[0m
2025-09-21 14:38:15,000 - Detector - INFO - [1m[33m-----------------------------------------------------[0m
2025-09-21 14:38:15,000 - Detector - INFO - [1m[33m          !!! Assertion failure detected !!!         [0m
2025-09-21 14:38:15,000 - Detector - INFO - [1m[33m-----------------------------------------------------[0m
2025-09-21 14:38:15,000 - Detector - INFO - [1m[33mSWC-ID:   110[0m
2025-09-21 14:38:15,000 - Detector - INFO - [1m[33mSeverity: Medium[0m
2025-09-21 14:38:15,000 - Detector - INFO - [1m[33m-----------------------------------------------------[0m
2025-09-21 14:38:15,000 - Detector - INFO - [1m[33mSource code line:[0m
2025-09-21 14:38:15,000 - Detector - INFO - [1m[33m-----------------------------------------------------[0m
2025-09-21 14:38:15,001 - Detector - INFO - [1m[33m/sb/0x0ccf3426755c88f85445e325f6f0f413e3375b49.sol:352:1[0m
2025-09-21 14:38:15,001 - Detector - INFO - [1m[33mstate = _state[0m
2025-09-21 14:38:15,001 - Detector - INFO - [1m[33m-----------------------------------------------------[0m
2025-09-21 14:38:15,001 - Detector - INFO - [1m[33mTransaction sequence:[0m
2025-09-21 14:38:15,001 - Detector - INFO - [1m[33m-----------------------------------------------------[0m
2025-09-21 14:38:15,001 - Detector - INFO - [1m[33mTransaction - setState(uint8):[0m
2025-09-21 14:38:15,001 - Detector - INFO - [1m[33m-----------------------------------------------------[0m
2025-09-21 14:38:15,001 - Detector - INFO - [1m[33mFrom:      0xcafebabecafebabecafebabecafebabecafebabe[0m
2025-09-21 14:38:15,001 - Detector - INFO - [1m[33mTo:        0x2c5e8a3b3aad9df32339409534e64dfcabcd3a65[0m
2025-09-21 14:38:15,001 - Detector - INFO - [1m[33mValue:     0 Wei[0m
2025-09-21 14:38:15,001 - Detector - INFO - [1m[33mGas Limit: 4500000[0m
2025-09-21 14:38:15,001 - Detector - INFO - [1m[33mInput:     0x56de96db00000000000000000000000000000000[0m
2025-09-21 14:38:15,001 - Detector - INFO - [1m[33m           000000000000000000000000000000f3[0m
2025-09-21 14:38:15,001 - Detector - INFO - [1m[33m-----------------------------------------------------[0m
2025-09-21 14:38:15,023 - Analysis - INFO - [1mGeneration number 0 	 Code coverage: 72.84% (472/648) 	 Branch coverage: 68.52% (37/54) 	 Transactions: 17 (16 unique)   	 Time: 0.06744933128356934[0m
2025-09-21 14:38:15,129 - Analysis - INFO - [1mGeneration number 1 	 Code coverage: 73.30% (475/648) 	 Branch coverage: 70.37% (38/54) 	 Transactions: 39 (25 unique)   	 Time: 0.17285394668579102[0m
2025-09-21 14:38:15,313 - Analysis - INFO - [1mGeneration number 2 	 Code coverage: 73.77% (478/648) 	 Branch coverage: 72.22% (39/54) 	 Transactions: 79 (35 unique)   	 Time: 0.3572661876678467[0m
2025-09-21 14:38:15,575 - Analysis - INFO - [1mGeneration number 3 	 Code coverage: 77.31% (501/648) 	 Branch coverage: 75.93% (41/54) 	 Transactions: 130 (45 unique)   	 Time: 0.6189925670623779[0m
2025-09-21 14:38:15,840 - Analysis - INFO - [1mGeneration number 4 	 Code coverage: 77.31% (501/648) 	 Branch coverage: 75.93% (41/54) 	 Transactions: 188 (56 unique)   	 Time: 0.8847503662109375[0m
2025-09-21 14:38:16,142 - Analysis - INFO - [1mGeneration number 5 	 Code coverage: 77.31% (501/648) 	 Branch coverage: 75.93% (41/54) 	 Transactions: 247 (66 unique)   	 Time: 1.1859631538391113[0m
2025-09-21 14:38:16,344 - Analysis - INFO - [1mGeneration number 6 	 Code coverage: 77.31% (501/648) 	 Branch coverage: 75.93% (41/54) 	 Transactions: 284 (71 unique)   	 Time: 1.3885862827301025[0m
2025-09-21 14:38:16,646 - Analysis - INFO - [1mGeneration number 7 	 Code coverage: 77.31% (501/648) 	 Branch coverage: 75.93% (41/54) 	 Transactions: 343 (78 unique)   	 Time: 1.6901133060455322[0m
2025-09-21 14:38:16,979 - Analysis - INFO - [1mGeneration number 8 	 Code coverage: 85.80% (556/648) 	 Branch coverage: 79.63% (43/54) 	 Transactions: 403 (86 unique)   	 Time: 2.023395538330078[0m
2025-09-21 14:38:17,299 - Analysis - INFO - [1mGeneration number 9 	 Code coverage: 85.80% (556/648) 	 Branch coverage: 79.63% (43/54) 	 Transactions: 464 (93 unique)   	 Time: 2.3433258533477783[0m
2025-09-21 14:38:17,645 - Analysis - INFO - [1mGeneration number 10 	 Code coverage: 86.27% (559/648) 	 Branch coverage: 81.48% (44/54) 	 Transactions: 528 (104 unique)   	 Time: 2.688845157623291[0m
2025-09-21 14:38:17,645 - Analysis - INFO - [1m-----------------------------------------------------[0m
2025-09-21 14:38:17,645 - Analysis - INFO - Number of generations: 	 10
2025-09-21 14:38:17,645 - Analysis - INFO - Number of transactions: 	 528 (104 unique)
2025-09-21 14:38:17,645 - Analysis - INFO - Transactions per second: 	 196
2025-09-21 14:38:17,645 - Analysis - INFO - Total code coverage: 	 86.27% (559/648)
2025-09-21 14:38:17,645 - Analysis - INFO - Total branch coverage: 	 81.48% (44/54)
2025-09-21 14:38:17,645 - Analysis - INFO - Total execution time: 	 2.69 seconds
2025-09-21 14:38:17,645 - Analysis - INFO - Total memory consumption: 	 68.54 MB
2025-09-21 14:38:17,647 - Fuzzer   - INFO - [1mFuzzing contract [1mAifiToken[0m[0m
2025-09-21 14:38:17,846 - Detector - INFO - [1m[33m-----------------------------------------------------[0m
2025-09-21 14:38:17,846 - Detector - INFO - [1m[33m          !!! Assertion failure detected !!!         [0m
2025-09-21 14:38:17,846 - Detector - INFO - [1m[33m-----------------------------------------------------[0m
2025-09-21 14:38:17,846 - Detector - INFO - [1m[33mSWC-ID:   110[0m
2025-09-21 14:38:17,846 - Detector - INFO - [1m[33mSeverity: Medium[0m
2025-09-21 14:38:17,846 - Detector - INFO - [1m[33m-----------------------------------------------------[0m
2025-09-21 14:38:17,846 - Detector - INFO - [1m[33mSource code line:[0m
2025-09-21 14:38:17,846 - Detector - INFO - [1m[33m-----------------------------------------------------[0m
2025-09-21 14:38:17,846 - Detector - INFO - [1m[33m/sb/0x0ccf3426755c88f85445e325f6f0f413e3375b49.sol:368:1[0m
2025-09-21 14:38:17,846 - Detector - INFO - [1m[33mAifiAsset[] public aifiAssets[0m
2025-09-21 14:38:17,846 - Detector - INFO - [1m[33m-----------------------------------------------------[0m
2025-09-21 14:38:17,846 - Detector - INFO - [1m[33mTransaction sequence:[0m
2025-09-21 14:38:17,846 - Detector - INFO - [1m[33m-----------------------------------------------------[0m
2025-09-21 14:38:17,846 - Detector - INFO - [1m[33mTransaction - aifiAssets(uint256):[0m
2025-09-21 14:38:17,847 - Detector - INFO - [1m[33m-----------------------------------------------------[0m
2025-09-21 14:38:17,847 - Detector - INFO - [1m[33mFrom:      0xdeadbeefdeadbeefdeadbeefdeadbeefdeadbeef[0m
2025-09-21 14:38:17,847 - Detector - INFO - [1m[33mTo:        0x2c5e8a3b3aad9df32339409534e64dfcabcd3a65[0m
2025-09-21 14:38:17,847 - Detector - INFO - [1m[33mValue:     0 Wei[0m
2025-09-21 14:38:17,847 - Detector - INFO - [1m[33mGas Limit: 4500000[0m
2025-09-21 14:38:17,847 - Detector - INFO - [1m[33mInput:     0xbce918edffffffffffffffffffffffffffffffff[0m
2025-09-21 14:38:17,847 - Detector - INFO - [1m[33m           fffffffffffffffffffffffffffffffd[0m
2025-09-21 14:38:17,847 - Detector - INFO - [1m[33m-----------------------------------------------------[0m
2025-09-21 14:38:17,933 - Analysis - INFO - [1mGeneration number 0 	 Code coverage: 56.27% (1616/2872) 	 Branch coverage: 63.33% (114/180) 	 Transactions: 47 (46 unique)   	 Time: 0.2704348564147949[0m
2025-09-21 14:38:18,241 - Analysis - INFO - [1mGeneration number 1 	 Code coverage: 56.27% (1616/2872) 	 Branch coverage: 63.33% (114/180) 	 Transactions: 94 (67 unique)   	 Time: 0.5794107913970947[0m
2025-09-21 14:38:18,908 - Analysis - INFO - [1mGeneration number 2 	 Code coverage: 66.50% (1910/2872) 	 Branch coverage: 67.22% (121/180) 	 Transactions: 165 (103 unique)   	 Time: 1.2461190223693848[0m
2025-09-21 14:38:20,019 - Analysis - INFO - [1mGeneration number 3 	 Code coverage: 67.76% (1946/2872) 	 Branch coverage: 68.33% (123/180) 	 Transactions: 309 (143 unique)   	 Time: 2.3567264080047607[0m
2025-09-21 14:38:21,333 - Analysis - INFO - [1mGeneration number 4 	 Code coverage: 67.76% (1946/2872) 	 Branch coverage: 68.33% (123/180) 	 Transactions: 480 (187 unique)   	 Time: 3.6711249351501465[0m
2025-09-21 14:38:22,785 - Analysis - INFO - [1mGeneration number 5 	 Code coverage: 67.86% (1949/2872) 	 Branch coverage: 68.89% (124/180) 	 Transactions: 661 (233 unique)   	 Time: 5.1225574016571045[0m
2025-09-21 14:38:24,155 - Analysis - INFO - [1mGeneration number 6 	 Code coverage: 67.86% (1949/2872) 	 Branch coverage: 68.89% (124/180) 	 Transactions: 840 (279 unique)   	 Time: 6.493366003036499[0m
2025-09-21 14:38:25,682 - Analysis - INFO - [1mGeneration number 7 	 Code coverage: 67.86% (1949/2872) 	 Branch coverage: 68.89% (124/180) 	 Transactions: 1020 (325 unique)   	 Time: 8.019574880599976[0m
2025-09-21 14:38:26,595 - Detector - INFO - [1m[31m-----------------------------------------------------[0m
2025-09-21 14:38:26,595 - Detector - INFO - [1m[31m          !!! Integer overflow detected !!!          [0m
2025-09-21 14:38:26,595 - Detector - INFO - [1m[31m-----------------------------------------------------[0m
2025-09-21 14:38:26,595 - Detector - INFO - [1m[31mSWC-ID:   101[0m
2025-09-21 14:38:26,595 - Detector - INFO - [1m[31mSeverity: High[0m
2025-09-21 14:38:26,595 - Detector - INFO - [1m[31m-----------------------------------------------------[0m
2025-09-21 14:38:26,595 - Detector - INFO - [1m[31mSource code line:[0m
2025-09-21 14:38:26,595 - Detector - INFO - [1m[31m-----------------------------------------------------[0m
2025-09-21 14:38:26,595 - Detector - INFO - [1m[31m/sb/0x0ccf3426755c88f85445e325f6f0f413e3375b49.sol:43:1[0m
2025-09-21 14:38:26,595 - Detector - INFO - [1m[31ma + b[0m
2025-09-21 14:38:26,595 - Detector - INFO - [1m[31m-----------------------------------------------------[0m
2025-09-21 14:38:26,595 - Detector - INFO - [1m[31mTransaction sequence:[0m
2025-09-21 14:38:26,595 - Detector - INFO - [1m[31m-----------------------------------------------------[0m
2025-09-21 14:38:26,595 - Detector - INFO - [1m[31mTransaction 1 - mintInterest(uint256):[0m
2025-09-21 14:38:26,595 - Detector - INFO - [1m[31m-----------------------------------------------------[0m
2025-09-21 14:38:26,595 - Detector - INFO - [1m[31mFrom:      0xcafebabecafebabecafebabecafebabecafebabe[0m
2025-09-21 14:38:26,595 - Detector - INFO - [1m[31mTo:        0x2c5e8a3b3aad9df32339409534e64dfcabcd3a65[0m
2025-09-21 14:38:26,595 - Detector - INFO - [1m[31mValue:     0 Wei[0m
2025-09-21 14:38:26,596 - Detector - INFO - [1m[31mGas Limit: 4500000[0m
2025-09-21 14:38:26,596 - Detector - INFO - [1m[31mInput:     0xb1cc7c6058d4cf2d069ca61cf827967a690f7c47[0m
2025-09-21 14:38:26,596 - Detector - INFO - [1m[31m           0213a5339ece29add5fab812cf76d2b7[0m
2025-09-21 14:38:26,596 - Detector - INFO - [1m[31m-----------------------------------------------------[0m
2025-09-21 14:38:26,596 - Detector - INFO - [1m[31mTransaction 2 - transferFrom(address,address,uint256):[0m
2025-09-21 14:38:26,596 - Detector - INFO - [1m[31m-----------------------------------------------------[0m
2025-09-21 14:38:26,596 - Detector - INFO - [1m[31mFrom:      0xcafebabecafebabecafebabecafebabecafebabe[0m
2025-09-21 14:38:26,596 - Detector - INFO - [1m[31mTo:        0x2c5e8a3b3aad9df32339409534e64dfcabcd3a65[0m
2025-09-21 14:38:26,596 - Detector - INFO - [1m[31mValue:     0 Wei[0m
2025-09-21 14:38:26,596 - Detector - INFO - [1m[31mGas Limit: 4500000[0m
2025-09-21 14:38:26,596 - Detector - INFO - [1m[31mInput:     0x23b872dd000000000000000000000000cafebabe[0m
2025-09-21 14:38:26,596 - Detector - INFO - [1m[31m           cafebabecafebabecafebabecafebabe0000000000[0m
2025-09-21 14:38:26,596 - Detector - INFO - [1m[31m           00000000000000cafebabecafebabecafebabecafe[0m
2025-09-21 14:38:26,596 - Detector - INFO - [1m[31m           babecafebabe02be1c4ead7ef7a8ac1593abd946b4[0m
2025-09-21 14:38:26,596 - Detector - INFO - [1m[31m           1f4eb1cdfdfa2cd9feecaffcd2104ed663[0m
2025-09-21 14:38:26,596 - Detector - INFO - [1m[31m-----------------------------------------------------[0m
2025-09-21 14:38:26,596 - Detector - INFO - [1m[31mTransaction 3 - mint(uint256):[0m
2025-09-21 14:38:26,596 - Detector - INFO - [1m[31m-----------------------------------------------------[0m
2025-09-21 14:38:26,596 - Detector - INFO - [1m[31mFrom:      0xcafebabecafebabecafebabecafebabecafebabe[0m
2025-09-21 14:38:26,596 - Detector - INFO - [1m[31mTo:        0x2c5e8a3b3aad9df32339409534e64dfcabcd3a65[0m
2025-09-21 14:38:26,596 - Detector - INFO - [1m[31mValue:     0 Wei[0m
2025-09-21 14:38:26,596 - Detector - INFO - [1m[31mGas Limit: 4500000[0m
2025-09-21 14:38:26,596 - Detector - INFO - [1m[31mInput:     0xa0712d68ffffffffffffffffffffffffffffffff[0m
2025-09-21 14:38:26,596 - Detector - INFO - [1m[31m           fffffffffffffffffffffffffffffffe[0m
2025-09-21 14:38:26,596 - Detector - INFO - [1m[31m-----------------------------------------------------[0m
2025-09-21 14:38:26,601 - Detector - INFO - [1m[33m-----------------------------------------------------[0m
2025-09-21 14:38:26,601 - Detector - INFO - [1m[33m          !!! Assertion failure detected !!!         [0m
2025-09-21 14:38:26,601 - Detector - INFO - [1m[33m-----------------------------------------------------[0m
2025-09-21 14:38:26,602 - Detector - INFO - [1m[33mSWC-ID:   110[0m
2025-09-21 14:38:26,602 - Detector - INFO - [1m[33mSeverity: Medium[0m
2025-09-21 14:38:26,602 - Detector - INFO - [1m[33m-----------------------------------------------------[0m
2025-09-21 14:38:26,602 - Detector - INFO - [1m[33mSource code line:[0m
2025-09-21 14:38:26,602 - Detector - INFO - [1m[33m-----------------------------------------------------[0m
2025-09-21 14:38:26,602 - Detector - INFO - [1m[33m/sb/0x0ccf3426755c88f85445e325f6f0f413e3375b49.sol:44:1[0m
2025-09-21 14:38:26,602 - Detector - INFO - [1m[33massert(c >= a)[0m
2025-09-21 14:38:26,602 - Detector - INFO - [1m[33m-----------------------------------------------------[0m
2025-09-21 14:38:26,602 - Detector - INFO - [1m[33mTransaction sequence:[0m
2025-09-21 14:38:26,602 - Detector - INFO - [1m[33m-----------------------------------------------------[0m
2025-09-21 14:38:26,602 - Detector - INFO - [1m[33mTransaction 1 - mintInterest(uint256):[0m
2025-09-21 14:38:26,602 - Detector - INFO - [1m[33m-----------------------------------------------------[0m
2025-09-21 14:38:26,602 - Detector - INFO - [1m[33mFrom:      0xcafebabecafebabecafebabecafebabecafebabe[0m
2025-09-21 14:38:26,602 - Detector - INFO - [1m[33mTo:        0x2c5e8a3b3aad9df32339409534e64dfcabcd3a65[0m
2025-09-21 14:38:26,602 - Detector - INFO - [1m[33mValue:     0 Wei[0m
2025-09-21 14:38:26,602 - Detector - INFO - [1m[33mGas Limit: 4500000[0m
2025-09-21 14:38:26,602 - Detector - INFO - [1m[33mInput:     0xb1cc7c6058d4cf2d069ca61cf827967a690f7c47[0m
2025-09-21 14:38:26,602 - Detector - INFO - [1m[33m           0213a5339ece29add5fab812cf76d2b7[0m
2025-09-21 14:38:26,602 - Detector - INFO - [1m[33m-----------------------------------------------------[0m
2025-09-21 14:38:26,602 - Detector - INFO - [1m[33mTransaction 2 - transferFrom(address,address,uint256):[0m
2025-09-21 14:38:26,602 - Detector - INFO - [1m[33m-----------------------------------------------------[0m
2025-09-21 14:38:26,602 - Detector - INFO - [1m[33mFrom:      0xcafebabecafebabecafebabecafebabecafebabe[0m
2025-09-21 14:38:26,602 - Detector - INFO - [1m[33mTo:        0x2c5e8a3b3aad9df32339409534e64dfcabcd3a65[0m
2025-09-21 14:38:26,602 - Detector - INFO - [1m[33mValue:     0 Wei[0m
2025-09-21 14:38:26,602 - Detector - INFO - [1m[33mGas Limit: 4500000[0m
2025-09-21 14:38:26,602 - Detector - INFO - [1m[33mInput:     0x23b872dd000000000000000000000000cafebabe[0m
2025-09-21 14:38:26,602 - Detector - INFO - [1m[33m           cafebabecafebabecafebabecafebabe0000000000[0m
2025-09-21 14:38:26,602 - Detector - INFO - [1m[33m           00000000000000cafebabecafebabecafebabecafe[0m
2025-09-21 14:38:26,602 - Detector - INFO - [1m[33m           babecafebabe02be1c4ead7ef7a8ac1593abd946b4[0m
2025-09-21 14:38:26,602 - Detector - INFO - [1m[33m           1f4eb1cdfdfa2cd9feecaffcd2104ed663[0m
2025-09-21 14:38:26,602 - Detector - INFO - [1m[33m-----------------------------------------------------[0m
2025-09-21 14:38:26,602 - Detector - INFO - [1m[33mTransaction 3 - mint(uint256):[0m
2025-09-21 14:38:26,602 - Detector - INFO - [1m[33m-----------------------------------------------------[0m
2025-09-21 14:38:26,602 - Detector - INFO - [1m[33mFrom:      0xcafebabecafebabecafebabecafebabecafebabe[0m
2025-09-21 14:38:26,602 - Detector - INFO - [1m[33mTo:        0x2c5e8a3b3aad9df32339409534e64dfcabcd3a65[0m
2025-09-21 14:38:26,602 - Detector - INFO - [1m[33mValue:     0 Wei[0m
2025-09-21 14:38:26,602 - Detector - INFO - [1m[33mGas Limit: 4500000[0m
2025-09-21 14:38:26,602 - Detector - INFO - [1m[33mInput:     0xa0712d68ffffffffffffffffffffffffffffffff[0m
2025-09-21 14:38:26,602 - Detector - INFO - [1m[33m           fffffffffffffffffffffffffffffffe[0m
2025-09-21 14:38:26,602 - Detector - INFO - [1m[33m-----------------------------------------------------[0m
2025-09-21 14:38:27,286 - Analysis - INFO - [1mGeneration number 8 	 Code coverage: 67.90% (1950/2872) 	 Branch coverage: 69.44% (125/180) 	 Transactions: 1211 (370 unique)   	 Time: 9.62357473373413[0m
2025-09-21 14:38:28,792 - Analysis - INFO - [1mGeneration number 9 	 Code coverage: 67.90% (1950/2872) 	 Branch coverage: 69.44% (125/180) 	 Transactions: 1402 (416 unique)   	 Time: 11.130222082138062[0m
2025-09-21 14:38:30,478 - Analysis - INFO - [1mGeneration number 10 	 Code coverage: 67.90% (1950/2872) 	 Branch coverage: 69.44% (125/180) 	 Transactions: 1600 (461 unique)   	 Time: 12.815607786178589[0m
2025-09-21 14:38:30,560 - Analysis - INFO - [1m-----------------------------------------------------[0m
2025-09-21 14:38:30,560 - Analysis - INFO - Number of generations: 	 10
2025-09-21 14:38:30,560 - Analysis - INFO - Number of transactions: 	 1600 (461 unique)
2025-09-21 14:38:30,560 - Analysis - INFO - Transactions per second: 	 124
2025-09-21 14:38:30,560 - Analysis - INFO - Total code coverage: 	 67.90% (1950/2872)
2025-09-21 14:38:30,560 - Analysis - INFO - Total branch coverage: 	 69.44% (125/180)
2025-09-21 14:38:30,560 - Analysis - INFO - Total execution time: 	 12.90 seconds
2025-09-21 14:38:30,561 - Analysis - INFO - Total memory consumption: 	 73.33 MB
2025-09-21 14:38:30,563 - Fuzzer   - INFO - [1mFuzzing contract [1mBasicToken[0m[0m
2025-09-21 14:38:30,601 - Analysis - INFO - [1mGeneration number 0 	 Code coverage: 97.10% (301/310) 	 Branch coverage: 81.82% (18/22) 	 Transactions: 9 (8 unique)   	 Time: 0.03490757942199707[0m
2025-09-21 14:38:30,631 - Analysis - INFO - [1mGeneration number 1 	 Code coverage: 97.10% (301/310) 	 Branch coverage: 81.82% (18/22) 	 Transactions: 18 (12 unique)   	 Time: 0.0645895004272461[0m
2025-09-21 14:38:30,718 - Analysis - INFO - [1mGeneration number 2 	 Code coverage: 97.10% (301/310) 	 Branch coverage: 81.82% (18/22) 	 Transactions: 32 (17 unique)   	 Time: 0.1521298885345459[0m
2025-09-21 14:38:30,811 - Analysis - INFO - [1mGeneration number 3 	 Code coverage: 97.10% (301/310) 	 Branch coverage: 81.82% (18/22) 	 Transactions: 48 (21 unique)   	 Time: 0.24506092071533203[0m
2025-09-21 14:38:30,943 - Analysis - INFO - [1mGeneration number 4 	 Code coverage: 97.10% (301/310) 	 Branch coverage: 81.82% (18/22) 	 Transactions: 72 (27 unique)   	 Time: 0.3772580623626709[0m
2025-09-21 14:38:31,094 - Analysis - INFO - [1mGeneration number 5 	 Code coverage: 98.06% (304/310) 	 Branch coverage: 86.36% (19/22) 	 Transactions: 101 (35 unique)   	 Time: 0.528165340423584[0m
2025-09-21 14:38:31,227 - Analysis - INFO - [1mGeneration number 6 	 Code coverage: 99.03% (307/310) 	 Branch coverage: 90.91% (20/22) 	 Transactions: 131 (43 unique)   	 Time: 0.6606957912445068[0m
2025-09-21 14:38:31,399 - Analysis - INFO - [1mGeneration number 7 	 Code coverage: 99.03% (307/310) 	 Branch coverage: 90.91% (20/22) 	 Transactions: 163 (50 unique)   	 Time: 0.8324456214904785[0m
2025-09-21 14:38:31,586 - Analysis - INFO - [1mGeneration number 8 	 Code coverage: 99.03% (307/310) 	 Branch coverage: 90.91% (20/22) 	 Transactions: 193 (55 unique)   	 Time: 1.0195753574371338[0m
2025-09-21 14:38:31,794 - Analysis - INFO - [1mGeneration number 9 	 Code coverage: 99.03% (307/310) 	 Branch coverage: 90.91% (20/22) 	 Transactions: 224 (61 unique)   	 Time: 1.2276206016540527[0m
2025-09-21 14:38:32,014 - Analysis - INFO - [1mGeneration number 10 	 Code coverage: 99.03% (307/310) 	 Branch coverage: 90.91% (20/22) 	 Transactions: 256 (69 unique)   	 Time: 1.447310209274292[0m
2025-09-21 14:38:32,033 - Analysis - INFO - [1m-----------------------------------------------------[0m
2025-09-21 14:38:32,033 - Analysis - INFO - Number of generations: 	 10
2025-09-21 14:38:32,034 - Analysis - INFO - Number of transactions: 	 256 (69 unique)
2025-09-21 14:38:32,034 - Analysis - INFO - Transactions per second: 	 174
2025-09-21 14:38:32,034 - Analysis - INFO - Total code coverage: 	 99.03% (307/310)
2025-09-21 14:38:32,034 - Analysis - INFO - Total branch coverage: 	 90.91% (20/22)
2025-09-21 14:38:32,034 - Analysis - INFO - Total execution time: 	 1.47 seconds
2025-09-21 14:38:32,034 - Analysis - INFO - Total memory consumption: 	 74.07 MB
2025-09-21 14:38:32,036 - Fuzzer   - INFO - [1mFuzzing contract [1mBurnableToken[0m[0m
2025-09-21 14:38:32,076 - Analysis - INFO - [1mGeneration number 0 	 Code coverage: 44.20% (225/509) 	 Branch coverage: 75.00% (21/28) 	 Transactions: 11 (10 unique)   	 Time: 0.037096500396728516[0m
2025-09-21 14:38:32,130 - Analysis - INFO - [1mGeneration number 1 	 Code coverage: 70.53% (359/509) 	 Branch coverage: 82.14% (23/28) 	 Transactions: 20 (14 unique)   	 Time: 0.09062743186950684[0m
2025-09-21 14:38:32,218 - Analysis - INFO - [1mGeneration number 2 	 Code coverage: 70.53% (359/509) 	 Branch coverage: 82.14% (23/28) 	 Transactions: 35 (23 unique)   	 Time: 0.1790628433227539[0m
2025-09-21 14:38:32,397 - Analysis - INFO - [1mGeneration number 3 	 Code coverage: 99.41% (506/509) 	 Branch coverage: 92.86% (26/28) 	 Transactions: 55 (33 unique)   	 Time: 0.35788512229919434[0m
2025-09-21 14:38:32,669 - Analysis - INFO - [1mGeneration number 4 	 Code coverage: 99.41% (506/509) 	 Branch coverage: 92.86% (26/28) 	 Transactions: 91 (42 unique)   	 Time: 0.629525899887085[0m
2025-09-21 14:38:32,939 - Analysis - INFO - [1mGeneration number 5 	 Code coverage: 99.41% (506/509) 	 Branch coverage: 92.86% (26/28) 	 Transactions: 128 (52 unique)   	 Time: 0.89969801902771[0m
2025-09-21 14:38:33,271 - Analysis - INFO - [1mGeneration number 6 	 Code coverage: 99.41% (506/509) 	 Branch coverage: 92.86% (26/28) 	 Transactions: 170 (62 unique)   	 Time: 1.2317039966583252[0m
2025-09-21 14:38:33,599 - Analysis - INFO - [1mGeneration number 7 	 Code coverage: 99.41% (506/509) 	 Branch coverage: 92.86% (26/28) 	 Transactions: 213 (72 unique)   	 Time: 1.5596067905426025[0m
2025-09-21 14:38:33,911 - Analysis - INFO - [1mGeneration number 8 	 Code coverage: 99.41% (506/509) 	 Branch coverage: 92.86% (26/28) 	 Transactions: 255 (82 unique)   	 Time: 1.8721072673797607[0m
2025-09-21 14:38:34,246 - Analysis - INFO - [1mGeneration number 9 	 Code coverage: 99.41% (506/509) 	 Branch coverage: 92.86% (26/28) 	 Transactions: 299 (92 unique)   	 Time: 2.2069175243377686[0m
2025-09-21 14:38:34,554 - Analysis - INFO - [1mGeneration number 10 	 Code coverage: 99.41% (506/509) 	 Branch coverage: 92.86% (26/28) 	 Transactions: 343 (102 unique)   	 Time: 2.5152347087860107[0m
2025-09-21 14:38:34,565 - Analysis - INFO - [1m-----------------------------------------------------[0m
2025-09-21 14:38:34,565 - Analysis - INFO - Number of generations: 	 10
2025-09-21 14:38:34,565 - Analysis - INFO - Number of transactions: 	 343 (102 unique)
2025-09-21 14:38:34,565 - Analysis - INFO - Transactions per second: 	 136
2025-09-21 14:38:34,565 - Analysis - INFO - Total code coverage: 	 99.41% (506/509)
2025-09-21 14:38:34,565 - Analysis - INFO - Total branch coverage: 	 92.86% (26/28)
2025-09-21 14:38:34,565 - Analysis - INFO - Total execution time: 	 2.53 seconds
2025-09-21 14:38:34,565 - Analysis - INFO - Total memory consumption: 	 74.20 MB
2025-09-21 14:38:34,567 - Fuzzer   - INFO - [1mFuzzing contract [1mOwnable[0m[0m
2025-09-21 14:38:34,597 - Analysis - INFO - [1mGeneration number 0 	 Code coverage: 73.84% (175/237) 	 Branch coverage: 80.00% (16/20) 	 Transactions: 9 (8 unique)   	 Time: 0.026523590087890625[0m
2025-09-21 14:38:34,644 - Analysis - INFO - [1mGeneration number 1 	 Code coverage: 73.84% (175/237) 	 Branch coverage: 80.00% (16/20) 	 Transactions: 20 (13 unique)   	 Time: 0.07353758811950684[0m
2025-09-21 14:38:34,731 - Analysis - INFO - [1mGeneration number 2 	 Code coverage: 97.05% (230/237) 	 Branch coverage: 90.00% (18/20) 	 Transactions: 33 (18 unique)   	 Time: 0.16075825691223145[0m
2025-09-21 14:38:34,885 - Analysis - INFO - [1mGeneration number 3 	 Code coverage: 98.31% (233/237) 	 Branch coverage: 95.00% (19/20) 	 Transactions: 63 (26 unique)   	 Time: 0.3142664432525635[0m
2025-09-21 14:38:35,070 - Analysis - INFO - [1mGeneration number 4 	 Code coverage: 98.31% (233/237) 	 Branch coverage: 95.00% (19/20) 	 Transactions: 93 (34 unique)   	 Time: 0.5000572204589844[0m
2025-09-21 14:38:35,231 - Analysis - INFO - [1mGeneration number 5 	 Code coverage: 99.58% (236/237) 	 Branch coverage: 100.00% (20/20) 	 Transactions: 120 (40 unique)   	 Time: 0.661064624786377[0m
2025-09-21 14:38:35,362 - Analysis - INFO - [1mGeneration number 6 	 Code coverage: 99.58% (236/237) 	 Branch coverage: 100.00% (20/20) 	 Transactions: 143 (45 unique)   	 Time: 0.7920017242431641[0m
2025-09-21 14:38:35,511 - Analysis - INFO - [1mGeneration number 7 	 Code coverage: 99.58% (236/237) 	 Branch coverage: 100.00% (20/20) 	 Transactions: 167 (47 unique)   	 Time: 0.9404165744781494[0m
2025-09-21 14:38:35,611 - Analysis - INFO - [1mGeneration number 8 	 Code coverage: 99.58% (236/237) 	 Branch coverage: 100.00% (20/20) 	 Transactions: 183 (47 unique)   	 Time: 1.0406239032745361[0m
2025-09-21 14:38:35,765 - Analysis - INFO - [1mGeneration number 9 	 Code coverage: 99.58% (236/237) 	 Branch coverage: 100.00% (20/20) 	 Transactions: 207 (49 unique)   	 Time: 1.194533348083496[0m
2025-09-21 14:38:35,872 - Analysis - INFO - [1mGeneration number 10 	 Code coverage: 99.58% (236/237) 	 Branch coverage: 100.00% (20/20) 	 Transactions: 223 (49 unique)   	 Time: 1.3015997409820557[0m
2025-09-21 14:38:35,872 - Analysis - INFO - [1m-----------------------------------------------------[0m
2025-09-21 14:38:35,872 - Analysis - INFO - Number of generations: 	 10
2025-09-21 14:38:35,872 - Analysis - INFO - Number of transactions: 	 223 (49 unique)
2025-09-21 14:38:35,872 - Analysis - INFO - Transactions per second: 	 171
2025-09-21 14:38:35,872 - Analysis - INFO - Total code coverage: 	 99.58% (236/237)
2025-09-21 14:38:35,872 - Analysis - INFO - Total branch coverage: 	 100.00% (20/20)
2025-09-21 14:38:35,872 - Analysis - INFO - Total execution time: 	 1.30 seconds
2025-09-21 14:38:35,873 - Analysis - INFO - Total memory consumption: 	 74.57 MB
2025-09-21 14:38:35,875 - Fuzzer   - INFO - [1mFuzzing contract [1mStandardToken[0m[0m
2025-09-21 14:38:35,976 - Analysis - INFO - [1mGeneration number 0 	 Code coverage: 75.63% (844/1116) 	 Branch coverage: 82.00% (41/50) 	 Transactions: 19 (18 unique)   	 Time: 0.09533524513244629[0m
2025-09-21 14:38:36,131 - Analysis - INFO - [1mGeneration number 1 	 Code coverage: 95.25% (1063/1116) 	 Branch coverage: 86.00% (43/50) 	 Transactions: 45 (35 unique)   	 Time: 0.2503550052642822[0m
2025-09-21 14:38:36,411 - Analysis - INFO - [1mGeneration number 2 	 Code coverage: 95.52% (1066/1116) 	 Branch coverage: 88.00% (44/50) 	 Transactions: 90 (52 unique)   	 Time: 0.5304381847381592[0m
2025-09-21 14:38:36,745 - Analysis - INFO - [1mGeneration number 3 	 Code coverage: 95.52% (1066/1116) 	 Branch coverage: 88.00% (44/50) 	 Transactions: 144 (70 unique)   	 Time: 0.86417555809021[0m
2025-09-21 14:38:37,144 - Analysis - INFO - [1mGeneration number 4 	 Code coverage: 99.19% (1107/1116) 	 Branch coverage: 92.00% (46/50) 	 Transactions: 201 (87 unique)   	 Time: 1.2639904022216797[0m
2025-09-21 14:38:37,549 - Analysis - INFO - [1mGeneration number 5 	 Code coverage: 99.46% (1110/1116) 	 Branch coverage: 94.00% (47/50) 	 Transactions: 268 (105 unique)   	 Time: 1.6689157485961914[0m
2025-09-21 14:38:38,034 - Analysis - INFO - [1mGeneration number 6 	 Code coverage: 99.46% (1110/1116) 	 Branch coverage: 94.00% (47/50) 	 Transactions: 339 (122 unique)   	 Time: 2.1535446643829346[0m
2025-09-21 14:38:38,612 - Analysis - INFO - [1mGeneration number 7 	 Code coverage: 99.46% (1110/1116) 	 Branch coverage: 94.00% (47/50) 	 Transactions: 415 (140 unique)   	 Time: 2.7311198711395264[0m
2025-09-21 14:38:39,226 - Analysis - INFO - [1mGeneration number 8 	 Code coverage: 99.46% (1110/1116) 	 Branch coverage: 94.00% (47/50) 	 Transactions: 492 (158 unique)   	 Time: 3.3456101417541504[0m
2025-09-21 14:38:39,839 - Analysis - INFO - [1mGeneration number 9 	 Code coverage: 99.46% (1110/1116) 	 Branch coverage: 94.00% (47/50) 	 Transactions: 572 (175 unique)   	 Time: 3.9583187103271484[0m
2025-09-21 14:38:40,466 - Analysis - INFO - [1mGeneration number 10 	 Code coverage: 99.46% (1110/1116) 	 Branch coverage: 94.00% (47/50) 	 Transactions: 648 (193 unique)   	 Time: 4.585155725479126[0m
2025-09-21 14:38:40,494 - Analysis - INFO - [1m-----------------------------------------------------[0m
2025-09-21 14:38:40,494 - Analysis - INFO - Number of generations: 	 10
2025-09-21 14:38:40,494 - Analysis - INFO - Number of transactions: 	 648 (193 unique)
2025-09-21 14:38:40,494 - Analysis - INFO - Transactions per second: 	 140
2025-09-21 14:38:40,494 - Analysis - INFO - Total code coverage: 	 99.46% (1110/1116)
2025-09-21 14:38:40,494 - Analysis - INFO - Total branch coverage: 	 94.00% (47/50)
2025-09-21 14:38:40,494 - Analysis - INFO - Total execution time: 	 4.61 seconds
2025-09-21 14:38:40,494 - Analysis - INFO - Total memory consumption: 	 74.57 MB

     ______            ______                _           
    / ____/___  ____  / ____/_  __________  (_)_  _______
   / /   / __ \/ __ \/ /_  / / / /_  /_  / / / / / / ___/
  / /___/ /_/ / / / / __/ / /_/ / / /_/ /_/ / /_/ (__  ) 
  \____/\____/_/ /_/_/    \__,_/ /___/___/_/\__,_/____/  

delteed file
