2025-09-04 00:21:42,736 - Main     - INFO - [1mInitializing seed to 1427655.0[0m
2025-09-04 00:21:42,765 - Fuzzer   - INFO - [1mFuzzing contract [1mReentrance[0m[0m
2025-09-04 00:21:42,835 - Analysis - INFO - [1mGeneration number 0 	 Code coverage: 83.04% (186/224) 	 Branch coverage: 94.44% (17/18) 	 Transactions: 11 (10 unique)   	 Time: 0.06072258949279785[0m
2025-09-04 00:21:42,886 - Analysis - INFO - [1mGeneration number 1 	 Code coverage: 83.04% (186/224) 	 Branch coverage: 94.44% (17/18) 	 Transactions: 23 (15 unique)   	 Time: 0.11170768737792969[0m
2025-09-04 00:21:43,046 - Analysis - INFO - [1mGeneration number 2 	 Code coverage: 83.04% (186/224) 	 Branch coverage: 94.44% (17/18) 	 Transactions: 44 (22 unique)   	 Time: 0.2724952697753906[0m
2025-09-04 00:21:43,150 - Analysis - INFO - [1mGeneration number 3 	 Code coverage: 83.04% (186/224) 	 Branch coverage: 94.44% (17/18) 	 Transactions: 68 (28 unique)   	 Time: 0.37613844871520996[0m
2025-09-04 00:21:43,245 - Analysis - INFO - [1mGeneration number 4 	 Code coverage: 83.04% (186/224) 	 Branch coverage: 94.44% (17/18) 	 Transactions: 90 (33 unique)   	 Time: 0.4714779853820801[0m
2025-09-04 00:21:43,350 - Detector - INFO - [1m[31m-----------------------------------------------------[0m
2025-09-04 00:21:43,350 - Detector - INFO - [1m[31m            !!! Reentrancy detected !!!              [0m
2025-09-04 00:21:43,350 - Detector - INFO - [1m[31m-----------------------------------------------------[0m
2025-09-04 00:21:43,350 - Detector - INFO - [1m[31mSWC-ID:   107[0m
2025-09-04 00:21:43,350 - Detector - INFO - [1m[31mSeverity: High[0m
2025-09-04 00:21:43,350 - Detector - INFO - [1m[31m-----------------------------------------------------[0m
2025-09-04 00:21:43,350 - Detector - INFO - [1m[31mSource code line:[0m
2025-09-04 00:21:43,350 - Detector - INFO - [1m[31m-----------------------------------------------------[0m
2025-09-04 00:21:43,351 - Detector - INFO - [1m[31m/sb/reentrance.sol:24:1[0m
2025-09-04 00:21:43,351 - Detector - INFO - [1m[31mmsg.sender.call.value(_amount)()[0m
2025-09-04 00:21:43,351 - Detector - INFO - [1m[31m-----------------------------------------------------[0m
2025-09-04 00:21:43,351 - Detector - INFO - [1m[31mTransaction sequence:[0m
2025-09-04 00:21:43,351 - Detector - INFO - [1m[31m-----------------------------------------------------[0m
2025-09-04 00:21:43,351 - Detector - INFO - [1m[31mTransaction 1 - donate(address):[0m
2025-09-04 00:21:43,351 - Detector - INFO - [1m[31m-----------------------------------------------------[0m
2025-09-04 00:21:43,351 - Detector - INFO - [1m[31mFrom:      0xdeadbeefdeadbeefdeadbeefdeadbeefdeadbeef[0m
2025-09-04 00:21:43,351 - Detector - INFO - [1m[31mTo:        0x2c5e8a3b3aad9df32339409534e64dfcabcd3a65[0m
2025-09-04 00:21:43,351 - Detector - INFO - [1m[31mValue:     1 Wei[0m
2025-09-04 00:21:43,351 - Detector - INFO - [1m[31mGas Limit: 4500000[0m
2025-09-04 00:21:43,351 - Detector - INFO - [1m[31mInput:     0x00362a95000000000000000000000000cafebabe[0m
2025-09-04 00:21:43,351 - Detector - INFO - [1m[31m           cafebabecafebabecafebabecafebabe[0m
2025-09-04 00:21:43,351 - Detector - INFO - [1m[31m-----------------------------------------------------[0m
2025-09-04 00:21:43,351 - Detector - INFO - [1m[31mTransaction 2 - withdraw(uint256):[0m
2025-09-04 00:21:43,351 - Detector - INFO - [1m[31m-----------------------------------------------------[0m
2025-09-04 00:21:43,351 - Detector - INFO - [1m[31mFrom:      0xdeadbeefdeadbeefdeadbeefdeadbeefdeadbeef[0m
2025-09-04 00:21:43,351 - Detector - INFO - [1m[31mTo:        0x2c5e8a3b3aad9df32339409534e64dfcabcd3a65[0m
2025-09-04 00:21:43,351 - Detector - INFO - [1m[31mValue:     0 Wei[0m
2025-09-04 00:21:43,351 - Detector - INFO - [1m[31mGas Limit: 4500000[0m
2025-09-04 00:21:43,351 - Detector - INFO - [1m[31mInput:     0x2e1a7d4d00000000000000000000000000000000[0m
2025-09-04 00:21:43,351 - Detector - INFO - [1m[31m           00000000000000000000000000000000[0m
2025-09-04 00:21:43,351 - Detector - INFO - [1m[31m-----------------------------------------------------[0m
2025-09-04 00:21:43,351 - Detector - INFO - [1m[31mTransaction 3 - donate(address):[0m
2025-09-04 00:21:43,351 - Detector - INFO - [1m[31m-----------------------------------------------------[0m
2025-09-04 00:21:43,351 - Detector - INFO - [1m[31mFrom:      0xdeadbeefdeadbeefdeadbeefdeadbeefdeadbeef[0m
2025-09-04 00:21:43,351 - Detector - INFO - [1m[31mTo:        0x2c5e8a3b3aad9df32339409534e64dfcabcd3a65[0m
2025-09-04 00:21:43,351 - Detector - INFO - [1m[31mValue:     0 Wei[0m
2025-09-04 00:21:43,351 - Detector - INFO - [1m[31mGas Limit: 4500000[0m
2025-09-04 00:21:43,351 - Detector - INFO - [1m[31mInput:     0x00362a95000000000000000000000000deadbeef[0m
2025-09-04 00:21:43,351 - Detector - INFO - [1m[31m           deadbeefdeadbeefdeadbeefdeadbeef[0m
2025-09-04 00:21:43,351 - Detector - INFO - [1m[31m-----------------------------------------------------[0m
2025-09-04 00:21:43,351 - Detector - INFO - [1m[31mTransaction 4 - balanceOf(address):[0m
2025-09-04 00:21:43,351 - Detector - INFO - [1m[31m-----------------------------------------------------[0m
2025-09-04 00:21:43,351 - Detector - INFO - [1m[31mFrom:      0xdeadbeefdeadbeefdeadbeefdeadbeefdeadbeef[0m
2025-09-04 00:21:43,351 - Detector - INFO - [1m[31mTo:        0x2c5e8a3b3aad9df32339409534e64dfcabcd3a65[0m
2025-09-04 00:21:43,351 - Detector - INFO - [1m[31mValue:     0 Wei[0m
2025-09-04 00:21:43,351 - Detector - INFO - [1m[31mGas Limit: 4500000[0m
2025-09-04 00:21:43,351 - Detector - INFO - [1m[31mInput:     0x70a08231000000000000000000000000deadbeef[0m
2025-09-04 00:21:43,351 - Detector - INFO - [1m[31m           deadbeefdeadbeefdeadbeefdeadbeef[0m
2025-09-04 00:21:43,351 - Detector - INFO - [1m[31m-----------------------------------------------------[0m
2025-09-04 00:21:43,351 - Detector - INFO - [1m[31mTransaction 5 - balances(address):[0m
2025-09-04 00:21:43,351 - Detector - INFO - [1m[31m-----------------------------------------------------[0m
2025-09-04 00:21:43,351 - Detector - INFO - [1m[31mFrom:      0xdeadbeefdeadbeefdeadbeefdeadbeefdeadbeef[0m
2025-09-04 00:21:43,352 - Detector - INFO - [1m[31mTo:        0x2c5e8a3b3aad9df32339409534e64dfcabcd3a65[0m
2025-09-04 00:21:43,352 - Detector - INFO - [1m[31mValue:     0 Wei[0m
2025-09-04 00:21:43,352 - Detector - INFO - [1m[31mGas Limit: 4500000[0m
2025-09-04 00:21:43,352 - Detector - INFO - [1m[31mInput:     0x27e235e3000000000000000000000000cafebabe[0m
2025-09-04 00:21:43,352 - Detector - INFO - [1m[31m           cafebabecafebabecafebabecafebabe[0m
2025-09-04 00:21:43,352 - Detector - INFO - [1m[31m-----------------------------------------------------[0m
2025-09-04 00:21:43,359 - Detector - INFO - [1m[33m-----------------------------------------------------[0m
2025-09-04 00:21:43,359 - Detector - INFO - [1m[33m        !!! Unhandled exception detected !!!         [0m
2025-09-04 00:21:43,359 - Detector - INFO - [1m[33m-----------------------------------------------------[0m
2025-09-04 00:21:43,359 - Detector - INFO - [1m[33mSWC-ID:   104[0m
2025-09-04 00:21:43,359 - Detector - INFO - [1m[33mSeverity: Medium[0m
2025-09-04 00:21:43,359 - Detector - INFO - [1m[33m-----------------------------------------------------[0m
2025-09-04 00:21:43,359 - Detector - INFO - [1m[33mSource code line:[0m
2025-09-04 00:21:43,359 - Detector - INFO - [1m[33m-----------------------------------------------------[0m
2025-09-04 00:21:43,359 - Detector - INFO - [1m[33m/sb/reentrance.sol:24:1[0m
2025-09-04 00:21:43,359 - Detector - INFO - [1m[33mmsg.sender.call.value(_amount)()[0m
2025-09-04 00:21:43,359 - Detector - INFO - [1m[33m-----------------------------------------------------[0m
2025-09-04 00:21:43,359 - Detector - INFO - [1m[33mTransaction sequence:[0m
2025-09-04 00:21:43,359 - Detector - INFO - [1m[33m-----------------------------------------------------[0m
2025-09-04 00:21:43,359 - Detector - INFO - [1m[33mTransaction 1 - donate(address):[0m
2025-09-04 00:21:43,359 - Detector - INFO - [1m[33m-----------------------------------------------------[0m
2025-09-04 00:21:43,359 - Detector - INFO - [1m[33mFrom:      0xdeadbeefdeadbeefdeadbeefdeadbeefdeadbeef[0m
2025-09-04 00:21:43,359 - Detector - INFO - [1m[33mTo:        0x2c5e8a3b3aad9df32339409534e64dfcabcd3a65[0m
2025-09-04 00:21:43,359 - Detector - INFO - [1m[33mValue:     1 Wei[0m
2025-09-04 00:21:43,359 - Detector - INFO - [1m[33mGas Limit: 4500000[0m
2025-09-04 00:21:43,359 - Detector - INFO - [1m[33mInput:     0x00362a95000000000000000000000000cafebabe[0m
2025-09-04 00:21:43,359 - Detector - INFO - [1m[33m           cafebabecafebabecafebabecafebabe[0m
2025-09-04 00:21:43,359 - Detector - INFO - [1m[33m-----------------------------------------------------[0m
2025-09-04 00:21:43,359 - Detector - INFO - [1m[33mTransaction 2 - withdraw(uint256):[0m
2025-09-04 00:21:43,359 - Detector - INFO - [1m[33m-----------------------------------------------------[0m
2025-09-04 00:21:43,359 - Detector - INFO - [1m[33mFrom:      0xdeadbeefdeadbeefdeadbeefdeadbeefdeadbeef[0m
2025-09-04 00:21:43,359 - Detector - INFO - [1m[33mTo:        0x2c5e8a3b3aad9df32339409534e64dfcabcd3a65[0m
2025-09-04 00:21:43,359 - Detector - INFO - [1m[33mValue:     0 Wei[0m
2025-09-04 00:21:43,359 - Detector - INFO - [1m[33mGas Limit: 4500000[0m
2025-09-04 00:21:43,359 - Detector - INFO - [1m[33mInput:     0x2e1a7d4d00000000000000000000000000000000[0m
2025-09-04 00:21:43,359 - Detector - INFO - [1m[33m           00000000000000000000000000000000[0m
2025-09-04 00:21:43,359 - Detector - INFO - [1m[33m-----------------------------------------------------[0m
2025-09-04 00:21:43,359 - Detector - INFO - [1m[33mTransaction 3 - donate(address):[0m
2025-09-04 00:21:43,359 - Detector - INFO - [1m[33m-----------------------------------------------------[0m
2025-09-04 00:21:43,359 - Detector - INFO - [1m[33mFrom:      0xdeadbeefdeadbeefdeadbeefdeadbeefdeadbeef[0m
2025-09-04 00:21:43,360 - Detector - INFO - [1m[33mTo:        0x2c5e8a3b3aad9df32339409534e64dfcabcd3a65[0m
2025-09-04 00:21:43,360 - Detector - INFO - [1m[33mValue:     0 Wei[0m
2025-09-04 00:21:43,360 - Detector - INFO - [1m[33mGas Limit: 4500000[0m
2025-09-04 00:21:43,360 - Detector - INFO - [1m[33mInput:     0x00362a95000000000000000000000000deadbeef[0m
2025-09-04 00:21:43,360 - Detector - INFO - [1m[33m           deadbeefdeadbeefdeadbeefdeadbeef[0m
2025-09-04 00:21:43,360 - Detector - INFO - [1m[33m-----------------------------------------------------[0m
2025-09-04 00:21:43,360 - Detector - INFO - [1m[33mTransaction 4 - balanceOf(address):[0m
2025-09-04 00:21:43,360 - Detector - INFO - [1m[33m-----------------------------------------------------[0m
2025-09-04 00:21:43,360 - Detector - INFO - [1m[33mFrom:      0xdeadbeefdeadbeefdeadbeefdeadbeefdeadbeef[0m
2025-09-04 00:21:43,360 - Detector - INFO - [1m[33mTo:        0x2c5e8a3b3aad9df32339409534e64dfcabcd3a65[0m
2025-09-04 00:21:43,360 - Detector - INFO - [1m[33mValue:     0 Wei[0m
2025-09-04 00:21:43,360 - Detector - INFO - [1m[33mGas Limit: 4500000[0m
2025-09-04 00:21:43,360 - Detector - INFO - [1m[33mInput:     0x70a08231000000000000000000000000deadbeef[0m
2025-09-04 00:21:43,360 - Detector - INFO - [1m[33m           deadbeefdeadbeefdeadbeefdeadbeef[0m
2025-09-04 00:21:43,360 - Detector - INFO - [1m[33m-----------------------------------------------------[0m
2025-09-04 00:21:43,360 - Detector - INFO - [1m[33mTransaction 5 - balances(address):[0m
2025-09-04 00:21:43,360 - Detector - INFO - [1m[33m-----------------------------------------------------[0m
2025-09-04 00:21:43,360 - Detector - INFO - [1m[33mFrom:      0xdeadbeefdeadbeefdeadbeefdeadbeefdeadbeef[0m
2025-09-04 00:21:43,360 - Detector - INFO - [1m[33mTo:        0x2c5e8a3b3aad9df32339409534e64dfcabcd3a65[0m
2025-09-04 00:21:43,360 - Detector - INFO - [1m[33mValue:     0 Wei[0m
2025-09-04 00:21:43,360 - Detector - INFO - [1m[33mGas Limit: 4500000[0m
2025-09-04 00:21:43,360 - Detector - INFO - [1m[33mInput:     0x27e235e3000000000000000000000000cafebabe[0m
2025-09-04 00:21:43,360 - Detector - INFO - [1m[33m           cafebabecafebabecafebabecafebabe[0m
2025-09-04 00:21:43,360 - Detector - INFO - [1m[33m-----------------------------------------------------[0m
2025-09-04 00:21:43,390 - Analysis - INFO - [1mGeneration number 5 	 Code coverage: 99.55% (223/224) 	 Branch coverage: 100.00% (18/18) 	 Transactions: 119 (38 unique)   	 Time: 0.6161201000213623[0m
2025-09-04 00:21:43,505 - Analysis - INFO - [1mGeneration number 6 	 Code coverage: 99.55% (223/224) 	 Branch coverage: 100.00% (18/18) 	 Transactions: 150 (43 unique)   	 Time: 0.7307794094085693[0m
2025-09-04 00:21:43,656 - Analysis - INFO - [1mGeneration number 7 	 Code coverage: 99.55% (223/224) 	 Branch coverage: 100.00% (18/18) 	 Transactions: 189 (48 unique)   	 Time: 0.882082462310791[0m
2025-09-04 00:21:43,849 - Analysis - INFO - [1mGeneration number 8 	 Code coverage: 99.55% (223/224) 	 Branch coverage: 100.00% (18/18) 	 Transactions: 233 (55 unique)   	 Time: 1.0747032165527344[0m
2025-09-04 00:21:44,005 - Analysis - INFO - [1mGeneration number 9 	 Code coverage: 99.55% (223/224) 	 Branch coverage: 100.00% (18/18) 	 Transactions: 269 (61 unique)   	 Time: 1.2313551902770996[0m
2025-09-04 00:21:44,183 - Analysis - INFO - [1mGeneration number 10 	 Code coverage: 99.55% (223/224) 	 Branch coverage: 100.00% (18/18) 	 Transactions: 306 (67 unique)   	 Time: 1.4089632034301758[0m
2025-09-04 00:21:44,183 - Analysis - INFO - [1m-----------------------------------------------------[0m
2025-09-04 00:21:44,183 - Analysis - INFO - Number of generations: 	 10
2025-09-04 00:21:44,183 - Analysis - INFO - Number of transactions: 	 306 (67 unique)
2025-09-04 00:21:44,183 - Analysis - INFO - Transactions per second: 	 217
2025-09-04 00:21:44,183 - Analysis - INFO - Total code coverage: 	 99.55% (223/224)
2025-09-04 00:21:44,183 - Analysis - INFO - Total branch coverage: 	 100.00% (18/18)
2025-09-04 00:21:44,183 - Analysis - INFO - Total execution time: 	 1.41 seconds
2025-09-04 00:21:44,183 - Analysis - INFO - Total memory consumption: 	 64.33 MB

     ______            ______                _           
    / ____/___  ____  / ____/_  __________  (_)_  _______
   / /   / __ \/ __ \/ /_  / / / /_  /_  / / / / / / ___/
  / /___/ /_/ / / / / __/ / /_/ / / /_/ /_/ / /_/ (__  ) 
  \____/\____/_/ /_/_/    \__,_/ /___/___/_/\__,_/____/  

delteed file
