2025-09-03 23:36:55,800: [11] m.main:INFO: Registered plugins: IntrospectionAPIPlugin, <class 'manticore.ethereum.plugins.SkipRevertBasicBlocks'>, <class 'manticore.ethereum.plugins.FilterFunctions'>
2025-09-03 23:36:55,800: [11] m.main:INFO: Beginning analysis
2025-09-03 23:36:55,802: [11] m.e.manticore:INFO: Starting symbolic create contract
2025-09-03 23:36:56,162: [11] m.e.manticore:INFO: Starting symbolic transaction: 0
2025-09-03 23:36:56,669: [11] m.c.worker:ERROR: Exception in state 0: ManticoreError('Forking on unfeasible constraint set')
Traceback (most recent call last):
  File "/usr/local/lib/python3.7/dist-packages/manticore/core/worker.py", line 137, in run
    current_state.execute()
  File "/usr/local/lib/python3.7/dist-packages/manticore/ethereum/state.py", line 8, in execute
    return self._platform.execute()
  File "/usr/local/lib/python3.7/dist-packages/manticore/platforms/evm.py", line 3106, in execute
    self.current_vm.execute()
  File "/usr/local/lib/python3.7/dist-packages/manticore/platforms/evm.py", line 1322, in execute
    raise Concretize("Symbolic PC", expression=expression, setstate=setstate, policy="ALL")
manticore.core.state.Concretize

During handling of the above exception, another exception occurred:

Traceback (most recent call last):
  File "/usr/local/lib/python3.7/dist-packages/manticore/core/worker.py", line 158, in run
    m._fork(current_state, exc.expression, exc.policy, exc.setstate, exc.values)
  File "/usr/local/lib/python3.7/dist-packages/manticore/core/manticore.py", line 518, in _fork
    raise ManticoreError("Forking on unfeasible constraint set")
manticore.exceptions.ManticoreError: Forking on unfeasible constraint set
 
2025-09-03 23:36:56,674: [11] m.e.manticore:INFO: 0 alive states, 1 terminated states
2025-09-03 23:36:56,757: [11] m.c.manticore:INFO: Results in /mcore__y1isaj5
2025-09-03 23:36:56,758: [11] m.c.manticore:INFO: Total time: 0.5920670032501221
2025-09-03 23:36:57,234: [70] m.main:INFO: Registered plugins: IntrospectionAPIPlugin, <class 'manticore.ethereum.plugins.SkipRevertBasicBlocks'>, <class 'manticore.ethereum.plugins.FilterFunctions'>
2025-09-03 23:36:57,234: [70] m.main:INFO: Beginning analysis
2025-09-03 23:36:57,236: [70] m.e.manticore:INFO: Starting symbolic create contract
2025-09-03 23:36:57,720: [70] m.e.manticore:INFO: Starting symbolic transaction: 0
2025-09-03 23:36:59,126: [70] m.e.manticore:INFO: Found a concrete globalsha3 b'\x00\x00\x00\x00\x00\x00\x00\x00\x00\x00\x00\x00\x00\x00\x00\x00\x00\x00\x00\x00\x00\x00\x00\x00\x00\x00\x00\x00\x00\x02\x00\x00\x00\x00\x00\x00\x00\x00\x00\x00\x00\x00\x00\x00\x00\x00\x00\x00\x00\x00\x00\x00\x00\x00\x00\x00\x00\x00\x00\x00\x00\x00\x00\x00' -> 73138091548938366139099779971772605061518111956507126412222883840269740007539
2025-09-03 23:36:59,680: [70] m.c.worker:ERROR: Exception in state 3: ManticoreError('Forking on unfeasible constraint set')
Traceback (most recent call last):
  File "/usr/local/lib/python3.7/dist-packages/manticore/core/worker.py", line 137, in run
    current_state.execute()
  File "/usr/local/lib/python3.7/dist-packages/manticore/ethereum/state.py", line 8, in execute
    return self._platform.execute()
  File "/usr/local/lib/python3.7/dist-packages/manticore/platforms/evm.py", line 3106, in execute
    self.current_vm.execute()
  File "/usr/local/lib/python3.7/dist-packages/manticore/platforms/evm.py", line 1322, in execute
    raise Concretize("Symbolic PC", expression=expression, setstate=setstate, policy="ALL")
manticore.core.state.Concretize

During handling of the above exception, another exception occurred:

Traceback (most recent call last):
  File "/usr/local/lib/python3.7/dist-packages/manticore/core/worker.py", line 158, in run
    m._fork(current_state, exc.expression, exc.policy, exc.setstate, exc.values)
  File "/usr/local/lib/python3.7/dist-packages/manticore/core/manticore.py", line 518, in _fork
    raise ManticoreError("Forking on unfeasible constraint set")
manticore.exceptions.ManticoreError: Forking on unfeasible constraint set
 
2025-09-03 23:37:01,226: [70] m.e.manticore:INFO: 0 alive states, 2 terminated states
2025-09-03 23:37:01,329: [70] m.c.manticore:INFO: Results in /mcore_t1mwi4hp
2025-09-03 23:37:01,329: [70] m.c.manticore:INFO: Total time: 3.6034553050994873
2025-09-03 23:37:01,820: [138] m.main:INFO: Registered plugins: IntrospectionAPIPlugin, <class 'manticore.ethereum.plugins.SkipRevertBasicBlocks'>, <class 'manticore.ethereum.plugins.FilterFunctions'>
2025-09-03 23:37:01,821: [138] m.main:INFO: Beginning analysis
2025-09-03 23:37:01,822: [138] m.e.manticore:INFO: Starting symbolic create contract
2025-09-03 23:37:02,283: [138] m.e.manticore:INFO: Starting symbolic transaction: 0
2025-09-03 23:37:10,021: [138] m.e.manticore:INFO: 0 alive states, 6 terminated states
2025-09-03 23:37:10,293: [138] m.c.manticore:INFO: Results in /mcore_cpd_05tb
2025-09-03 23:37:10,293: [138] m.c.manticore:INFO: Total time: 8.004971027374268
