2025-09-03 22:59:56,420 - Main     - INFO - [1mInitializing seed to 1427655.0[0m
2025-09-03 22:59:56,438 - Fuzzer   - INFO - [1mFuzzing contract [1mIntegerOverflowAdd[0m[0m
2025-09-03 22:59:56,468 - Analysis - INFO - [1mGeneration number 0 	 Code coverage: 73.46% (119/162) 	 Branch coverage: 83.33% (10/12) 	 Transactions: 7 (6 unique)   	 Time: 0.023221492767333984[0m
2025-09-03 22:59:56,484 - Analysis - INFO - [1mGeneration number 1 	 Code coverage: 73.46% (119/162) 	 Branch coverage: 91.67% (11/12) 	 Transactions: 13 (9 unique)   	 Time: 0.03972363471984863[0m
2025-09-03 22:59:56,521 - Analysis - INFO - [1mGeneration number 2 	 Code coverage: 73.46% (119/162) 	 Branch coverage: 91.67% (11/12) 	 Transactions: 19 (11 unique)   	 Time: 0.07607460021972656[0m
2025-09-03 22:59:56,547 - Analysis - INFO - [1mGeneration number 3 	 Code coverage: 73.46% (119/162) 	 Branch coverage: 91.67% (11/12) 	 Transactions: 24 (12 unique)   	 Time: 0.10240840911865234[0m
2025-09-03 22:59:56,575 - Analysis - INFO - [1mGeneration number 4 	 Code coverage: 73.46% (119/162) 	 Branch coverage: 91.67% (11/12) 	 Transactions: 29 (13 unique)   	 Time: 0.1305849552154541[0m
2025-09-03 22:59:56,599 - Analysis - INFO - [1mGeneration number 5 	 Code coverage: 73.46% (119/162) 	 Branch coverage: 91.67% (11/12) 	 Transactions: 33 (13 unique)   	 Time: 0.15497231483459473[0m
2025-09-03 22:59:56,627 - Analysis - INFO - [1mGeneration number 6 	 Code coverage: 73.46% (119/162) 	 Branch coverage: 91.67% (11/12) 	 Transactions: 38 (14 unique)   	 Time: 0.18259787559509277[0m
2025-09-03 22:59:56,653 - Analysis - INFO - [1mGeneration number 7 	 Code coverage: 73.46% (119/162) 	 Branch coverage: 91.67% (11/12) 	 Transactions: 42 (15 unique)   	 Time: 0.20843100547790527[0m
2025-09-03 22:59:56,679 - Analysis - INFO - [1mGeneration number 8 	 Code coverage: 73.46% (119/162) 	 Branch coverage: 91.67% (11/12) 	 Transactions: 46 (15 unique)   	 Time: 0.23459124565124512[0m
2025-09-03 22:59:56,705 - Analysis - INFO - [1mGeneration number 9 	 Code coverage: 73.46% (119/162) 	 Branch coverage: 91.67% (11/12) 	 Transactions: 50 (15 unique)   	 Time: 0.2603621482849121[0m
2025-09-03 22:59:56,730 - Analysis - INFO - [1mGeneration number 10 	 Code coverage: 73.46% (119/162) 	 Branch coverage: 91.67% (11/12) 	 Transactions: 54 (15 unique)   	 Time: 0.28573155403137207[0m
2025-09-03 22:59:56,741 - Analysis - INFO - [1m-----------------------------------------------------[0m
2025-09-03 22:59:56,741 - Analysis - INFO - Number of generations: 	 10
2025-09-03 22:59:56,741 - Analysis - INFO - Number of transactions: 	 54 (15 unique)
2025-09-03 22:59:56,741 - Analysis - INFO - Transactions per second: 	 182
2025-09-03 22:59:56,741 - Analysis - INFO - Total code coverage: 	 73.46% (119/162)
2025-09-03 22:59:56,741 - Analysis - INFO - Total branch coverage: 	 91.67% (11/12)
2025-09-03 22:59:56,741 - Analysis - INFO - Total execution time: 	 0.30 seconds
2025-09-03 22:59:56,742 - Analysis - INFO - Total memory consumption: 	 64.39 MB

     ______            ______                _           
    / ____/___  ____  / ____/_  __________  (_)_  _______
   / /   / __ \/ __ \/ /_  / / / /_  /_  / / / / / / ___/
  / /___/ /_/ / / / / __/ / /_/ / / /_/ /_/ / /_/ (__  ) 
  \____/\____/_/ /_/_/    \__,_/ /___/___/_/\__,_/____/  

delteed file
