'solc --version' running
'solc /sb/0x0c94c26d41332070976ef0b4ce3441e430a2db81.sol --combined-json abi,ast,bin,bin-runtime,srcmap,srcmap-runtime,userdoc,devdoc,hashes,compact-format --allow-paths .,/sb' running
Compilation warnings/errors on /sb/0x0c94c26d41332070976ef0b4ce3441e430a2db81.sol:
/sb/0x0c94c26d41332070976ef0b4ce3441e430a2db81.sol:27:5: Warning: Defining constructors as functions with the same name as the contract is deprecated. Use "constructor(...) { ... }" instead.
    function TokenERC20() public {
    ^ (Relevant source part starts here and spans across multiple lines).
/sb/0x0c94c26d41332070976ef0b4ce3441e430a2db81.sol:3:28: Warning: Functions in interfaces should be declared external.
interface tokenRecipient { function receiveApproval(address _from, uint256 _value, address _token, bytes _extraData) public; }
                           ^-----------------------------------------------------------------------------------------------^
/sb/0x0c94c26d41332070976ef0b4ce3441e430a2db81.sol:51:9: Warning: Invoking events without "emit" prefix is deprecated.
        Transfer(_from, _to, _value);
        ^--------------------------^
/sb/0x0c94c26d41332070976ef0b4ce3441e430a2db81.sol:127:9: Warning: Invoking events without "emit" prefix is deprecated.
        Burn(msg.sender, _value);
        ^----------------------^
/sb/0x0c94c26d41332070976ef0b4ce3441e430a2db81.sol:145:9: Warning: Invoking events without "emit" prefix is deprecated.
        Burn(_from, _value);
        ^-----------------^


TokenERC20 (../../sb/0x0c94c26d41332070976ef0b4ce3441e430a2db81.sol#5-149) has incorrect ERC20 function interface:TokenERC20.transfer(address,uint256) (../../sb/0x0c94c26d41332070976ef0b4ce3441e430a2db81.sol#64-66)
Reference: https://github.com/crytic/slither/wiki/Detector-Documentation#incorrect-erc20-interface

Version constraint ^0.4.16 contains known severe issues (https://solidity.readthedocs.io/en/latest/bugs.html)
	- DirtyBytesArrayToStorage
	- ABIDecodeTwoDimensionalArrayMemory
	- KeccakCaching
	- EmptyByteArrayCopy
	- DynamicArrayCleanup
	- ImplicitConstructorCallvalueCheck
	- TupleAssignmentMultiStackSlotComponents
	- MemoryArrayCreationOverflow
	- privateCanBeOverridden
	- SignedArrayStorageCopy
	- ABIEncoderV2StorageArrayWithMultiSlotElement
	- DynamicConstructorArgumentsClippedABIV2
	- UninitializedFunctionPointerInConstructor_0.4.x
	- IncorrectEventSignatureInLibraries_0.4.x
	- ExpExponentCleanup
	- NestedArrayFunctionCallDecoder
	- ZeroFunctionSelector.
It is used by:
	- ^0.4.16 (../../sb/0x0c94c26d41332070976ef0b4ce3441e430a2db81.sol#1)
solc-0.4.26 is an outdated solc version. Use a more recent version (at least 0.8.0), if possible.
Reference: https://github.com/crytic/slither/wiki/Detector-Documentation#incorrect-versions-of-solidity

Contract tokenRecipient (../../sb/0x0c94c26d41332070976ef0b4ce3441e430a2db81.sol#3) is not in CapWords
Parameter TokenERC20.transfer(address,uint256)._to (../../sb/0x0c94c26d41332070976ef0b4ce3441e430a2db81.sol#64) is not in mixedCase
Parameter TokenERC20.transfer(address,uint256)._value (../../sb/0x0c94c26d41332070976ef0b4ce3441e430a2db81.sol#64) is not in mixedCase
Parameter TokenERC20.transferFrom(address,address,uint256)._from (../../sb/0x0c94c26d41332070976ef0b4ce3441e430a2db81.sol#77) is not in mixedCase
Parameter TokenERC20.transferFrom(address,address,uint256)._to (../../sb/0x0c94c26d41332070976ef0b4ce3441e430a2db81.sol#77) is not in mixedCase
Parameter TokenERC20.transferFrom(address,address,uint256)._value (../../sb/0x0c94c26d41332070976ef0b4ce3441e430a2db81.sol#77) is not in mixedCase
Parameter TokenERC20.approve(address,uint256)._spender (../../sb/0x0c94c26d41332070976ef0b4ce3441e430a2db81.sol#92) is not in mixedCase
Parameter TokenERC20.approve(address,uint256)._value (../../sb/0x0c94c26d41332070976ef0b4ce3441e430a2db81.sol#92) is not in mixedCase
Parameter TokenERC20.approveAndCall(address,uint256,bytes)._spender (../../sb/0x0c94c26d41332070976ef0b4ce3441e430a2db81.sol#106) is not in mixedCase
Parameter TokenERC20.approveAndCall(address,uint256,bytes)._value (../../sb/0x0c94c26d41332070976ef0b4ce3441e430a2db81.sol#106) is not in mixedCase
Parameter TokenERC20.approveAndCall(address,uint256,bytes)._extraData (../../sb/0x0c94c26d41332070976ef0b4ce3441e430a2db81.sol#106) is not in mixedCase
Parameter TokenERC20.burn(uint256)._value (../../sb/0x0c94c26d41332070976ef0b4ce3441e430a2db81.sol#123) is not in mixedCase
Parameter TokenERC20.burnFrom(address,uint256)._from (../../sb/0x0c94c26d41332070976ef0b4ce3441e430a2db81.sol#139) is not in mixedCase
Parameter TokenERC20.burnFrom(address,uint256)._value (../../sb/0x0c94c26d41332070976ef0b4ce3441e430a2db81.sol#139) is not in mixedCase
Reference: https://github.com/crytic/slither/wiki/Detector-Documentation#conformance-to-solidity-naming-conventions

TokenERC20.TokenERC20() (../../sb/0x0c94c26d41332070976ef0b4ce3441e430a2db81.sol#27-33) uses literals with too many digits:
	- totalSupply = 35000000 * 10 ** decimals (../../sb/0x0c94c26d41332070976ef0b4ce3441e430a2db81.sol#29)
Reference: https://github.com/crytic/slither/wiki/Detector-Documentation#too-many-digits

TokenERC20.decimals (../../sb/0x0c94c26d41332070976ef0b4ce3441e430a2db81.sol#9) should be constant 
Reference: https://github.com/crytic/slither/wiki/Detector-Documentation#state-variables-that-could-be-declared-constant

receiveApproval(address,uint256,address,bytes) should be declared external:
	- tokenRecipient.receiveApproval(address,uint256,address,bytes) (../../sb/0x0c94c26d41332070976ef0b4ce3441e430a2db81.sol#3)
approveAndCall(address,uint256,bytes) should be declared external:
	- TokenERC20.approveAndCall(address,uint256,bytes) (../../sb/0x0c94c26d41332070976ef0b4ce3441e430a2db81.sol#106-114)
Reference: https://github.com/crytic/slither/wiki/Detector-Documentation#public-function-that-could-be-declared-external
/sb/0x0c94c26d41332070976ef0b4ce3441e430a2db81.sol analyzed (2 contracts with 93 detectors), 21 result(s) found
