Extract contract GuessTheRandomNumberChallenge from /sb/guess_the_random_number.sol
Extracted 1 contract(s) from /sb/guess_the_random_number.sol
[0;32m> Created "fuzzMe"[0m
[0;32m> To fuzz contracts:[0m
  chmod +x fuzzMe
  ./fuzzMe
contracts/GuessTheRandomNumberChallenge.sol:12:5: Warning: Defining constructors as functions with the same name as the contract is deprecated. Use "constructor(...) { ... }" instead.
    function GuessTheRandomNumberChallenge() public payable {
    ^ (Relevant source part starts here and spans across multiple lines).
contracts/GuessTheRandomNumberChallenge.sol:15:24: Warning: This function only accepts a single "bytes" argument. Please use "abi.encodePacked(...)" or a similar function to encode the data.
        answer = uint8(keccak256(block.blockhash(block.number - 1), now));
                       ^-----------------------------------------------^
contracts/GuessTheRandomNumberChallenge.sol:15:34: Warning: "block.blockhash()" has been deprecated in favor of "blockhash()"
        answer = uint8(keccak256(block.blockhash(block.number - 1), now));
                                 ^-------------^
assets/NormalAttacker.sol:5:3: Warning: No visibility specified. Defaulting to "public". 
  function() payable {
  ^ (Relevant source part starts here and spans across multiple lines).
assets/ReentrancyAttacker.sol:8:7: Warning: Return value of low-level calls not used.
      msg.sender.call(bytes4(255));
      ^--------------------------^
assets/ReentrancyAttacker.sol:5:3: Warning: No visibility specified. Defaulting to "public". 
  function() payable {
  ^ (Relevant source part starts here and spans across multiple lines).
>> Fuzz GuessTheRandomNumberChallenge
** Write stats: 0.003017
** Write stats: 5.00011
** Write stats: 10.0001
** Write stats: 15.0001
** Write stats: 20.0003
** Write stats: 25.0001
** Write stats: 30.0001
** Write stats: 35.0001
** Write stats: 40.0003
** Write stats: 45.0001
** Write stats: 50
** Write stats: 55
** Write stats: 60.0001
** Write stats: 65.0001
** Write stats: 70.0001
** Write stats: 75.0002
** Write stats: 80
** Write stats: 85.0001
** Write stats: 90.0002
** Write stats: 95.0001
** Write stats: 100
** Write stats: 105.003
** Write stats: 110
** Write stats: 115
** Write stats: 120
** Write stats: 125
** Write stats: 130
** Write stats: 135
** Write stats: 140
** Write stats: 145
** Write stats: 150
** Write stats: 155
** Write stats: 160
** Write stats: 185.005
** Write stats: 190.048
** Write stats: 195.022
** Write stats: 200.023
** Write stats: 205.043
** Write stats: 210.004
** Write stats: 215.004
** Write stats: 220.011
** Write stats: 225
** Write stats: 230
** Write stats: 235
** Write stats: 240.001
** Write stats: 245
** Write stats: 250.001
** Write stats: 255
** Write stats: 260
** Write stats: 265
** Write stats: 270
** Write stats: 275.001
** Write stats: 280
** Write stats: 285
** Write stats: 290
** Write stats: 295
** Write stats: 305
** Write stats: 310
** Write stats: 315
** Write stats: 320
** Write stats: 325
** Write stats: 330
** Write stats: 335
** Write stats: 340
** Write stats: 345
** Write stats: 350.006
** Write stats: 355
** Write stats: 360.009
** Write stats: 365.001
** Write stats: 370
** Write stats: 375
** Write stats: 380
** Write stats: 385.006
** Write stats: 390
** Write stats: 395
** Write stats: 400
** Write stats: 405
** Write stats: 410
** Write stats: 415
** Write stats: 420.106
** Write stats: 460.437
** Write stats: 465.574
** Write stats: 475.245
** Write stats: 480.635
** Write stats: 505.683
** Write stats: 510.074
** Write stats: 525.281
** Write stats: 545.425
** Write stats: 550.336
** Write stats: 555.602
** Write stats: 565.636
** Write stats: 580.839
** Write stats: 585.065
** Write stats: 590.124
** Write stats: 600.16
** Write stats: 611.157
** Write stats: 620.276
** Write stats: 625.265
** Write stats: 660.397
** Write stats: 666.033
** Write stats: 720.493
** Write stats: 755.409
** Write stats: 760.517
** Write stats: 765.483
** Write stats: 790.65
** Write stats: 810.976
** Write stats: 835.88
** Write stats: 885.471
** Write stats: 890.633
** Write stats: 902.352
