Extract contract Overflow from /sb/integer_overflow_1.sol
Extracted 1 contract(s) from /sb/integer_overflow_1.sol
[0;32m> Created "fuzzMe"[0m
[0;32m> To fuzz contracts:[0m
  chmod +x fuzzMe
  ./fuzzMe
contracts/Overflow.sol:12:6: Warning: No visibility specified. Defaulting to "public". 
     function add(uint value) returns (bool){
     ^ (Relevant source part starts here and spans across multiple lines).
assets/NormalAttacker.sol:5:3: Warning: No visibility specified. Defaulting to "public". 
  function() payable {
  ^ (Relevant source part starts here and spans across multiple lines).
assets/ReentrancyAttacker.sol:8:7: Warning: Return value of low-level calls not used.
      msg.sender.call(bytes4(255));
      ^--------------------------^
assets/ReentrancyAttacker.sol:5:3: Warning: No visibility specified. Defaulting to "public". 
  function() payable {
  ^ (Relevant source part starts here and spans across multiple lines).
>> Fuzz Overflow
** Write stats: 0.00241
** Write stats: 5.00004
** Write stats: 10.0001
** Write stats: 15
** Write stats: 20.0002
** Write stats: 25.0001
** Write stats: 30.0001
** Write stats: 35.0001
** Write stats: 40.0001
** Write stats: 45.0003
** Write stats: 50.0002
** Write stats: 55.0001
** Write stats: 60.0001
** Write stats: 65.0002
** Write stats: 70.0001
** Write stats: 75.0003
** Write stats: 80.0001
** Write stats: 85.001
** Write stats: 90.0001
** Write stats: 95.0001
** Write stats: 100
** Write stats: 105.003
** Write stats: 110
** Write stats: 115
** Write stats: 120
** Write stats: 120.008
