Extract contract Wallet from /sb/wallet_02_refund_nosub.sol
Extracted 1 contract(s) from /sb/wallet_02_refund_nosub.sol
[0;32m> Created "fuzzMe"[0m
[0;32m> To fuzz contracts:[0m
  chmod +x fuzzMe
  ./fuzzMe
contracts/Wallet.sol:43:22: Warning: Using contract member "balance" inherited from the address type is deprecated. Convert the contract to "address" type to access the member, for example use "address(contract).balance" instead.
         to.transfer(this.balance);
                     ^----------^
assets/NormalAttacker.sol:5:3: Warning: No visibility specified. Defaulting to "public". 
  function() payable {
  ^ (Relevant source part starts here and spans across multiple lines).
assets/ReentrancyAttacker.sol:8:7: Warning: Return value of low-level calls not used.
      msg.sender.call(bytes4(255));
      ^--------------------------^
assets/ReentrancyAttacker.sol:5:3: Warning: No visibility specified. Defaulting to "public". 
  function() payable {
  ^ (Relevant source part starts here and spans across multiple lines).
>> Fuzz Wallet
** Write stats: 0.01744
** Write stats: 5.0011
** Write stats: 10.0035
** Write stats: 15.0034
** Write stats: 20.0027
** Write stats: 25.0005
** Write stats: 30.0071
** Write stats: 35.0067
** Write stats: 40.0072
** Write stats: 45.0034
** Write stats: 50.0009
** Write stats: 55.0054
** Write stats: 60.0077
** Write stats: 65.0109
** Write stats: 70.0026
** Write stats: 75.0044
** Write stats: 80.0018
** Write stats: 85.0001
** Write stats: 90.0041
** Write stats: 95.0013
** Write stats: 100.006
** Write stats: 105.007
** Write stats: 110.006
** Write stats: 115.012
** Write stats: 120.003
** Write stats: 125.009
** Write stats: 130.003
** Write stats: 135.009
** Write stats: 140.008
** Write stats: 145.007
** Write stats: 150.012
** Write stats: 155.012
** Write stats: 160.004
** Write stats: 165.007
** Write stats: 170.002
** Write stats: 175.008
** Write stats: 180.005
** Write stats: 185.003
** Write stats: 190.007
** Write stats: 195.012
** Write stats: 200.015
** Write stats: 205.009
** Write stats: 210.002
** Write stats: 215.009
** Write stats: 220.007
** Write stats: 225.008
** Write stats: 230.023
** Write stats: 235.004
** Write stats: 240.001
** Write stats: 245.01
** Write stats: 250.025
** Write stats: 255.016
** Write stats: 260.011
** Write stats: 265.032
** Write stats: 270.029
** Write stats: 275.031
** Write stats: 280.01
** Write stats: 285.011
** Write stats: 290.028
** Write stats: 295.025
** Write stats: 300.033
** Write stats: 305.012
** Write stats: 310.032
** Write stats: 315.019
** Write stats: 320.038
** Write stats: 325.013
** Write stats: 330.03
** Write stats: 335.003
** Write stats: 340.039
** Write stats: 345.015
** Write stats: 350.012
** Write stats: 355.035
** Write stats: 360.011
** Write stats: 365.024
** Write stats: 370.02
** Write stats: 375.014
** Write stats: 380.026
** Write stats: 385.014
** Write stats: 390.04
** Write stats: 395.001
** Write stats: 400.037
** Write stats: 405.018
** Write stats: 410.039
** Write stats: 415.015
** Write stats: 420.039
** Write stats: 425.005
** Write stats: 430.034
** Write stats: 435.023
** Write stats: 440.007
** Write stats: 445.034
** Write stats: 450.039
** Write stats: 455.017
** Write stats: 460.002
** Write stats: 465.021
** Write stats: 470.037
** Write stats: 475.009
** Write stats: 480.027
** Write stats: 485.024
** Write stats: 490.006
** Write stats: 495.014
** Write stats: 500.021
** Write stats: 505.003
** Write stats: 510.026
** Write stats: 515.007
** Write stats: 520.027
** Write stats: 525.027
** Write stats: 530.028
** Write stats: 535.03
** Write stats: 540.012
** Write stats: 545.02
** Write stats: 550.001
** Write stats: 555.024
** Write stats: 560.008
** Write stats: 565.031
** Write stats: 570.007
** Write stats: 575
** Write stats: 580.038
** Write stats: 585.021
** Write stats: 590.009
** Write stats: 595.011
** Write stats: 600.006
** Write stats: 605.028
** Write stats: 610.011
** Write stats: 615.008
** Write stats: 620.029
** Write stats: 625.005
** Write stats: 630.002
** Write stats: 635.04
** Write stats: 640.033
** Write stats: 645.013
** Write stats: 650.024
** Write stats: 655.016
** Write stats: 660.007
** Write stats: 665.002
** Write stats: 670.032
** Write stats: 675.011
** Write stats: 680.032
** Write stats: 685.011
** Write stats: 690.014
** Write stats: 695.036
** Write stats: 700.002
** Write stats: 705.041
** Write stats: 710.019
** Write stats: 715.019
** Write stats: 720.008
** Write stats: 725.027
** Write stats: 730.005
** Write stats: 735.027
** Write stats: 740.019
** Write stats: 745.008
** Write stats: 750.005
** Write stats: 755.009
** Write stats: 760.028
** Write stats: 765.001
** Write stats: 770.032
** Write stats: 775
** Write stats: 780.015
** Write stats: 785.025
** Write stats: 790.028
** Write stats: 795.027
** Write stats: 800.013
** Write stats: 805.033
** Write stats: 810.016
** Write stats: 815.037
** Write stats: 820.028
** Write stats: 825.012
** Write stats: 830.006
** Write stats: 835.033
** Write stats: 840.018
** Write stats: 845.017
** Write stats: 850.024
** Write stats: 855.021
** Write stats: 860.022
** Write stats: 865.013
** Write stats: 870.012
** Write stats: 875.026
** Write stats: 880.009
** Write stats: 885.03
** Write stats: 890.008
** Write stats: 895.035
** Write stats: 898.029
