2025-09-21 14:32:11,487 - Main     - INFO - [1mInitializing seed to 1427655.0[0m
2025-09-21 14:32:11,535 - Fuzzer   - INFO - [1mFuzzing contract [1mNPC[0m[0m
2025-09-21 14:32:11,663 - Analysis - INFO - [1mGeneration number 0 	 Code coverage: 74.23% (703/947) 	 Branch coverage: 86.67% (52/60) 	 Transactions: 23 (22 unique)   	 Time: 0.1175689697265625[0m
2025-09-21 14:32:11,796 - Analysis - INFO - [1mGeneration number 1 	 Code coverage: 74.23% (703/947) 	 Branch coverage: 86.67% (52/60) 	 Transactions: 49 (37 unique)   	 Time: 0.2500264644622803[0m
2025-09-21 14:32:12,043 - Analysis - INFO - [1mGeneration number 2 	 Code coverage: 74.23% (703/947) 	 Branch coverage: 86.67% (52/60) 	 Transactions: 75 (45 unique)   	 Time: 0.49713897705078125[0m
2025-09-21 14:32:12,301 - Analysis - INFO - [1mGeneration number 3 	 Code coverage: 74.23% (703/947) 	 Branch coverage: 86.67% (52/60) 	 Transactions: 114 (54 unique)   	 Time: 0.7548887729644775[0m
2025-09-21 14:32:12,631 - Analysis - INFO - [1mGeneration number 4 	 Code coverage: 78.14% (740/947) 	 Branch coverage: 90.00% (54/60) 	 Transactions: 161 (65 unique)   	 Time: 1.084714412689209[0m
2025-09-21 14:32:12,987 - Analysis - INFO - [1mGeneration number 5 	 Code coverage: 78.14% (740/947) 	 Branch coverage: 90.00% (54/60) 	 Transactions: 223 (78 unique)   	 Time: 1.4407250881195068[0m
2025-09-21 14:32:13,482 - Analysis - INFO - [1mGeneration number 6 	 Code coverage: 78.14% (740/947) 	 Branch coverage: 90.00% (54/60) 	 Transactions: 302 (93 unique)   	 Time: 1.9358344078063965[0m
2025-09-21 14:32:13,981 - Analysis - INFO - [1mGeneration number 7 	 Code coverage: 78.14% (740/947) 	 Branch coverage: 90.00% (54/60) 	 Transactions: 383 (110 unique)   	 Time: 2.43477463722229[0m
2025-09-21 14:32:14,524 - Analysis - INFO - [1mGeneration number 8 	 Code coverage: 78.14% (740/947) 	 Branch coverage: 90.00% (54/60) 	 Transactions: 470 (130 unique)   	 Time: 2.9780921936035156[0m
2025-09-21 14:32:15,055 - Analysis - INFO - [1mGeneration number 9 	 Code coverage: 78.14% (740/947) 	 Branch coverage: 90.00% (54/60) 	 Transactions: 553 (146 unique)   	 Time: 3.509025812149048[0m
2025-09-21 14:32:15,583 - Analysis - INFO - [1mGeneration number 10 	 Code coverage: 78.14% (740/947) 	 Branch coverage: 90.00% (54/60) 	 Transactions: 637 (163 unique)   	 Time: 4.037139415740967[0m
2025-09-21 14:32:16,168 - Analysis - INFO - [1mGeneration number 11 	 Code coverage: 78.14% (740/947) 	 Branch coverage: 90.00% (54/60) 	 Transactions: 730 (184 unique)   	 Time: 4.621997833251953[0m
2025-09-21 14:32:16,798 - Analysis - INFO - [1mGeneration number 12 	 Code coverage: 78.14% (740/947) 	 Branch coverage: 90.00% (54/60) 	 Transactions: 828 (206 unique)   	 Time: 5.252243995666504[0m
2025-09-21 14:32:17,445 - Analysis - INFO - [1mGeneration number 13 	 Code coverage: 78.14% (740/947) 	 Branch coverage: 90.00% (54/60) 	 Transactions: 930 (225 unique)   	 Time: 5.898686408996582[0m
2025-09-21 14:32:18,171 - Analysis - INFO - [1mGeneration number 14 	 Code coverage: 78.14% (740/947) 	 Branch coverage: 90.00% (54/60) 	 Transactions: 1040 (247 unique)   	 Time: 6.625069618225098[0m
2025-09-21 14:32:18,879 - Analysis - INFO - [1mGeneration number 15 	 Code coverage: 78.14% (740/947) 	 Branch coverage: 90.00% (54/60) 	 Transactions: 1150 (269 unique)   	 Time: 7.333317041397095[0m
2025-09-21 14:32:19,190 - Analysis - INFO - [1mGeneration number 16 	 Code coverage: 87.96% (833/947) 	 Branch coverage: 95.00% (57/60) 	 Transactions: 1193 (288 unique)   	 Time: 7.644202470779419[0m
2025-09-21 14:32:19,347 - Analysis - INFO - [1mGeneration number 17 	 Code coverage: 87.96% (833/947) 	 Branch coverage: 95.00% (57/60) 	 Transactions: 1218 (295 unique)   	 Time: 7.80134129524231[0m
2025-09-21 14:32:19,694 - Analysis - INFO - [1mGeneration number 18 	 Code coverage: 87.96% (833/947) 	 Branch coverage: 95.00% (57/60) 	 Transactions: 1267 (307 unique)   	 Time: 8.14816665649414[0m
2025-09-21 14:32:20,179 - Analysis - INFO - [1mGeneration number 19 	 Code coverage: 87.96% (833/947) 	 Branch coverage: 95.00% (57/60) 	 Transactions: 1341 (324 unique)   	 Time: 8.63280463218689[0m
2025-09-21 14:32:20,719 - Analysis - INFO - [1mGeneration number 20 	 Code coverage: 87.96% (833/947) 	 Branch coverage: 95.00% (57/60) 	 Transactions: 1422 (342 unique)   	 Time: 9.173382043838501[0m
2025-09-21 14:32:21,339 - Analysis - INFO - [1mGeneration number 21 	 Code coverage: 87.96% (833/947) 	 Branch coverage: 95.00% (57/60) 	 Transactions: 1513 (362 unique)   	 Time: 9.793540239334106[0m
2025-09-21 14:32:22,002 - Analysis - INFO - [1mGeneration number 22 	 Code coverage: 87.96% (833/947) 	 Branch coverage: 95.00% (57/60) 	 Transactions: 1611 (383 unique)   	 Time: 10.455736875534058[0m
2025-09-21 14:32:22,642 - Analysis - INFO - [1mGeneration number 23 	 Code coverage: 87.96% (833/947) 	 Branch coverage: 95.00% (57/60) 	 Transactions: 1701 (402 unique)   	 Time: 11.096576690673828[0m
2025-09-21 14:32:23,248 - Analysis - INFO - [1mGeneration number 24 	 Code coverage: 87.96% (833/947) 	 Branch coverage: 95.00% (57/60) 	 Transactions: 1788 (420 unique)   	 Time: 11.701905012130737[0m
2025-09-21 14:32:23,928 - Analysis - INFO - [1mGeneration number 25 	 Code coverage: 99.89% (946/947) 	 Branch coverage: 98.33% (59/60) 	 Transactions: 1886 (440 unique)   	 Time: 12.382378101348877[0m
2025-09-21 14:32:24,618 - Analysis - INFO - [1mGeneration number 26 	 Code coverage: 99.89% (946/947) 	 Branch coverage: 98.33% (59/60) 	 Transactions: 1986 (461 unique)   	 Time: 13.07256031036377[0m
2025-09-21 14:32:25,372 - Analysis - INFO - [1mGeneration number 27 	 Code coverage: 99.89% (946/947) 	 Branch coverage: 98.33% (59/60) 	 Transactions: 2089 (482 unique)   	 Time: 13.82649564743042[0m
2025-09-21 14:32:26,087 - Analysis - INFO - [1mGeneration number 28 	 Code coverage: 99.89% (946/947) 	 Branch coverage: 98.33% (59/60) 	 Transactions: 2191 (503 unique)   	 Time: 14.541050434112549[0m
2025-09-21 14:32:26,805 - Analysis - INFO - [1mGeneration number 29 	 Code coverage: 99.89% (946/947) 	 Branch coverage: 98.33% (59/60) 	 Transactions: 2295 (525 unique)   	 Time: 15.25918436050415[0m
2025-09-21 14:32:27,530 - Analysis - INFO - [1mGeneration number 30 	 Code coverage: 99.89% (946/947) 	 Branch coverage: 98.33% (59/60) 	 Transactions: 2398 (547 unique)   	 Time: 15.983790397644043[0m
2025-09-21 14:32:28,341 - Analysis - INFO - [1mGeneration number 31 	 Code coverage: 99.89% (946/947) 	 Branch coverage: 98.33% (59/60) 	 Transactions: 2502 (569 unique)   	 Time: 16.79544496536255[0m
2025-09-21 14:32:29,150 - Analysis - INFO - [1mGeneration number 32 	 Code coverage: 99.89% (946/947) 	 Branch coverage: 98.33% (59/60) 	 Transactions: 2605 (591 unique)   	 Time: 17.603962182998657[0m
2025-09-21 14:32:29,952 - Analysis - INFO - [1mGeneration number 33 	 Code coverage: 99.89% (946/947) 	 Branch coverage: 98.33% (59/60) 	 Transactions: 2709 (613 unique)   	 Time: 18.40630316734314[0m
2025-09-21 14:32:30,700 - Analysis - INFO - [1mGeneration number 34 	 Code coverage: 99.89% (946/947) 	 Branch coverage: 98.33% (59/60) 	 Transactions: 2813 (634 unique)   	 Time: 19.15407705307007[0m
2025-09-21 14:32:31,442 - Analysis - INFO - [1mGeneration number 35 	 Code coverage: 99.89% (946/947) 	 Branch coverage: 98.33% (59/60) 	 Transactions: 2916 (656 unique)   	 Time: 19.896031618118286[0m
2025-09-21 14:32:32,204 - Analysis - INFO - [1mGeneration number 36 	 Code coverage: 99.89% (946/947) 	 Branch coverage: 98.33% (59/60) 	 Transactions: 3018 (678 unique)   	 Time: 20.65863561630249[0m
2025-09-21 14:32:32,426 - Analysis - INFO - [1mGeneration number 37 	 Code coverage: 99.89% (946/947) 	 Branch coverage: 98.33% (59/60) 	 Transactions: 3060 (692 unique)   	 Time: 20.880364179611206[0m
2025-09-21 14:32:32,630 - Analysis - INFO - [1mGeneration number 38 	 Code coverage: 99.89% (946/947) 	 Branch coverage: 98.33% (59/60) 	 Transactions: 3093 (701 unique)   	 Time: 21.084451913833618[0m
2025-09-21 14:32:33,073 - Analysis - INFO - [1mGeneration number 39 	 Code coverage: 99.89% (946/947) 	 Branch coverage: 98.33% (59/60) 	 Transactions: 3164 (717 unique)   	 Time: 21.5271897315979[0m
2025-09-21 14:32:33,568 - Analysis - INFO - [1mGeneration number 40 	 Code coverage: 99.89% (946/947) 	 Branch coverage: 98.33% (59/60) 	 Transactions: 3242 (735 unique)   	 Time: 22.02190399169922[0m
2025-09-21 14:32:34,105 - Analysis - INFO - [1mGeneration number 41 	 Code coverage: 99.89% (946/947) 	 Branch coverage: 98.33% (59/60) 	 Transactions: 3325 (753 unique)   	 Time: 22.559324264526367[0m
2025-09-21 14:32:34,675 - Analysis - INFO - [1mGeneration number 42 	 Code coverage: 99.89% (946/947) 	 Branch coverage: 98.33% (59/60) 	 Transactions: 3413 (772 unique)   	 Time: 23.129085063934326[0m
2025-09-21 14:32:35,298 - Analysis - INFO - [1mGeneration number 43 	 Code coverage: 99.89% (946/947) 	 Branch coverage: 98.33% (59/60) 	 Transactions: 3507 (791 unique)   	 Time: 23.75183939933777[0m
2025-09-21 14:32:35,915 - Analysis - INFO - [1mGeneration number 44 	 Code coverage: 99.89% (946/947) 	 Branch coverage: 98.33% (59/60) 	 Transactions: 3599 (809 unique)   	 Time: 24.369235515594482[0m
2025-09-21 14:32:36,579 - Analysis - INFO - [1mGeneration number 45 	 Code coverage: 99.89% (946/947) 	 Branch coverage: 98.33% (59/60) 	 Transactions: 3695 (830 unique)   	 Time: 25.03337526321411[0m
2025-09-21 14:32:37,200 - Analysis - INFO - [1mGeneration number 46 	 Code coverage: 99.89% (946/947) 	 Branch coverage: 98.33% (59/60) 	 Transactions: 3785 (849 unique)   	 Time: 25.653960704803467[0m
2025-09-21 14:32:37,457 - Analysis - INFO - [1mGeneration number 47 	 Code coverage: 99.89% (946/947) 	 Branch coverage: 98.33% (59/60) 	 Transactions: 3827 (858 unique)   	 Time: 25.911396026611328[0m
2025-09-21 14:32:37,640 - Analysis - INFO - [1mGeneration number 48 	 Code coverage: 99.89% (946/947) 	 Branch coverage: 98.33% (59/60) 	 Transactions: 3858 (865 unique)   	 Time: 26.093897342681885[0m
2025-09-21 14:32:37,995 - Analysis - INFO - [1mGeneration number 49 	 Code coverage: 99.89% (946/947) 	 Branch coverage: 98.33% (59/60) 	 Transactions: 3915 (877 unique)   	 Time: 26.449147701263428[0m
2025-09-21 14:32:38,540 - Analysis - INFO - [1mGeneration number 50 	 Code coverage: 99.89% (946/947) 	 Branch coverage: 98.33% (59/60) 	 Transactions: 3999 (894 unique)   	 Time: 26.99373984336853[0m
2025-09-21 14:32:39,211 - Analysis - INFO - [1mGeneration number 51 	 Code coverage: 99.89% (946/947) 	 Branch coverage: 98.33% (59/60) 	 Transactions: 4100 (915 unique)   	 Time: 27.665515184402466[0m
2025-09-21 14:32:39,933 - Analysis - INFO - [1mGeneration number 52 	 Code coverage: 99.89% (946/947) 	 Branch coverage: 98.33% (59/60) 	 Transactions: 4203 (936 unique)   	 Time: 28.386953830718994[0m
2025-09-21 14:32:40,673 - Analysis - INFO - [1mGeneration number 53 	 Code coverage: 99.89% (946/947) 	 Branch coverage: 98.33% (59/60) 	 Transactions: 4310 (958 unique)   	 Time: 29.12761354446411[0m
2025-09-21 14:32:41,402 - Analysis - INFO - [1mGeneration number 54 	 Code coverage: 99.89% (946/947) 	 Branch coverage: 98.33% (59/60) 	 Transactions: 4418 (980 unique)   	 Time: 29.855974912643433[0m
2025-09-21 14:32:42,127 - Analysis - INFO - [1mGeneration number 55 	 Code coverage: 99.89% (946/947) 	 Branch coverage: 98.33% (59/60) 	 Transactions: 4526 (1002 unique)   	 Time: 30.581478595733643[0m
2025-09-21 14:32:42,865 - Analysis - INFO - [1mGeneration number 56 	 Code coverage: 99.89% (946/947) 	 Branch coverage: 98.33% (59/60) 	 Transactions: 4634 (1024 unique)   	 Time: 31.31888461112976[0m
2025-09-21 14:32:43,101 - Analysis - INFO - [1mGeneration number 57 	 Code coverage: 99.89% (946/947) 	 Branch coverage: 98.33% (59/60) 	 Transactions: 4671 (1034 unique)   	 Time: 31.555301904678345[0m
2025-09-21 14:32:43,375 - Analysis - INFO - [1mGeneration number 58 	 Code coverage: 99.89% (946/947) 	 Branch coverage: 98.33% (59/60) 	 Transactions: 4702 (1042 unique)   	 Time: 31.828876733779907[0m
2025-09-21 14:32:43,757 - Analysis - INFO - [1mGeneration number 59 	 Code coverage: 99.89% (946/947) 	 Branch coverage: 98.33% (59/60) 	 Transactions: 4748 (1055 unique)   	 Time: 32.21110415458679[0m
2025-09-21 14:32:44,325 - Analysis - INFO - [1mGeneration number 60 	 Code coverage: 99.89% (946/947) 	 Branch coverage: 98.33% (59/60) 	 Transactions: 4810 (1072 unique)   	 Time: 32.779542684555054[0m
2025-09-21 14:32:44,932 - Analysis - INFO - [1mGeneration number 61 	 Code coverage: 99.89% (946/947) 	 Branch coverage: 98.33% (59/60) 	 Transactions: 4881 (1094 unique)   	 Time: 33.38607430458069[0m
2025-09-21 14:32:45,568 - Analysis - INFO - [1mGeneration number 62 	 Code coverage: 99.89% (946/947) 	 Branch coverage: 98.33% (59/60) 	 Transactions: 4955 (1116 unique)   	 Time: 34.022615909576416[0m
2025-09-21 14:32:46,106 - Analysis - INFO - [1mGeneration number 63 	 Code coverage: 99.89% (946/947) 	 Branch coverage: 98.33% (59/60) 	 Transactions: 5027 (1138 unique)   	 Time: 34.56009221076965[0m
2025-09-21 14:32:46,751 - Analysis - INFO - [1mGeneration number 64 	 Code coverage: 99.89% (946/947) 	 Branch coverage: 98.33% (59/60) 	 Transactions: 5102 (1160 unique)   	 Time: 35.205601930618286[0m
2025-09-21 14:32:47,367 - Analysis - INFO - [1mGeneration number 65 	 Code coverage: 99.89% (946/947) 	 Branch coverage: 98.33% (59/60) 	 Transactions: 5178 (1180 unique)   	 Time: 35.821115255355835[0m
2025-09-21 14:32:47,946 - Analysis - INFO - [1mGeneration number 66 	 Code coverage: 99.89% (946/947) 	 Branch coverage: 98.33% (59/60) 	 Transactions: 5252 (1201 unique)   	 Time: 36.40019917488098[0m
2025-09-21 14:32:48,192 - Analysis - INFO - [1mGeneration number 67 	 Code coverage: 99.89% (946/947) 	 Branch coverage: 98.33% (59/60) 	 Transactions: 5297 (1211 unique)   	 Time: 36.64581799507141[0m
2025-09-21 14:32:48,511 - Analysis - INFO - [1mGeneration number 68 	 Code coverage: 99.89% (946/947) 	 Branch coverage: 98.33% (59/60) 	 Transactions: 5350 (1226 unique)   	 Time: 36.96518301963806[0m
2025-09-21 14:32:48,992 - Analysis - INFO - [1mGeneration number 69 	 Code coverage: 99.89% (946/947) 	 Branch coverage: 98.33% (59/60) 	 Transactions: 5427 (1244 unique)   	 Time: 37.44658637046814[0m
2025-09-21 14:32:49,563 - Analysis - INFO - [1mGeneration number 70 	 Code coverage: 99.89% (946/947) 	 Branch coverage: 98.33% (59/60) 	 Transactions: 5517 (1262 unique)   	 Time: 38.01700735092163[0m
2025-09-21 14:32:50,158 - Analysis - INFO - [1mGeneration number 71 	 Code coverage: 99.89% (946/947) 	 Branch coverage: 98.33% (59/60) 	 Transactions: 5607 (1280 unique)   	 Time: 38.612303495407104[0m
2025-09-21 14:32:50,836 - Analysis - INFO - [1mGeneration number 72 	 Code coverage: 99.89% (946/947) 	 Branch coverage: 98.33% (59/60) 	 Transactions: 5710 (1301 unique)   	 Time: 39.29057574272156[0m
2025-09-21 14:32:51,516 - Analysis - INFO - [1mGeneration number 73 	 Code coverage: 99.89% (946/947) 	 Branch coverage: 98.33% (59/60) 	 Transactions: 5812 (1321 unique)   	 Time: 39.970304012298584[0m
2025-09-21 14:32:52,236 - Analysis - INFO - [1mGeneration number 74 	 Code coverage: 99.89% (946/947) 	 Branch coverage: 98.33% (59/60) 	 Transactions: 5920 (1343 unique)   	 Time: 40.68975377082825[0m
2025-09-21 14:32:52,236 - Analysis - INFO - [1m-----------------------------------------------------[0m
2025-09-21 14:32:52,236 - Analysis - INFO - Number of generations: 	 74
2025-09-21 14:32:52,236 - Analysis - INFO - Number of transactions: 	 5920 (1343 unique)
2025-09-21 14:32:52,236 - Analysis - INFO - Transactions per second: 	 145
2025-09-21 14:32:52,236 - Analysis - INFO - Total code coverage: 	 99.89% (946/947)
2025-09-21 14:32:52,236 - Analysis - INFO - Total branch coverage: 	 98.33% (59/60)
2025-09-21 14:32:52,236 - Analysis - INFO - Total execution time: 	 40.69 seconds
2025-09-21 14:32:52,236 - Analysis - INFO - Total memory consumption: 	 68.66 MB

     ______            ______                _           
    / ____/___  ____  / ____/_  __________  (_)_  _______
   / /   / __ \/ __ \/ /_  / / / /_  /_  / / / / / / ___/
  / /___/ /_/ / / / / __/ / /_/ / / /_/ /_/ / /_/ (__  ) 
  \____/\____/_/ /_/_/    \__,_/ /___/___/_/\__,_/____/  

delteed file
