Extract contract Unprotected from /sb/unprotected0.sol
Extracted 1 contract(s) from /sb/unprotected0.sol
[0;32m> Created "fuzzMe"[0m
[0;32m> To fuzz contracts:[0m
  chmod +x fuzzMe
  ./fuzzMe
contracts/Unprotected.sol:17:6: Warning: Defining constructors as functions with the same name as the contract is deprecated. Use "constructor(...) { ... }" instead.
     function Unprotected()
     ^ (Relevant source part starts here and spans across multiple lines).
assets/NormalAttacker.sol:5:3: Warning: No visibility specified. Defaulting to "public". 
  function() payable {
  ^ (Relevant source part starts here and spans across multiple lines).
assets/ReentrancyAttacker.sol:8:7: Warning: Return value of low-level calls not used.
      msg.sender.call(bytes4(255));
      ^--------------------------^
assets/ReentrancyAttacker.sol:5:3: Warning: No visibility specified. Defaulting to "public". 
  function() payable {
  ^ (Relevant source part starts here and spans across multiple lines).
>> Fuzz Unprotected
** Write stats: 0.002385
** Write stats: 5.00007
** Write stats: 10.0001
** Write stats: 15.0001
** Write stats: 20.0002
** Write stats: 25
** Write stats: 30.0001
** Write stats: 35.0001
** Write stats: 40.0016
** Write stats: 45.0001
** Write stats: 50.0001
** Write stats: 55.0036
** Write stats: 60.0001
** Write stats: 65.0021
** Write stats: 70.0001
** Write stats: 75.5314
** Write stats: 80.0001
** Write stats: 85.0001
** Write stats: 90.0001
** Write stats: 95.0001
** Write stats: 100
** Write stats: 105
** Write stats: 110
** Write stats: 115
** Write stats: 120
** Write stats: 125
** Write stats: 130
** Write stats: 135
** Write stats: 140
** Write stats: 145
** Write stats: 150
** Write stats: 155.005
** Write stats: 160
** Write stats: 170.537
** Write stats: 175.085
** Write stats: 180.001
** Write stats: 185
** Write stats: 190.004
** Write stats: 195.001
** Write stats: 200
** Write stats: 205
** Write stats: 210.002
** Write stats: 215.001
** Write stats: 220.001
** Write stats: 265
** Write stats: 270
** Write stats: 275
** Write stats: 280.002
** Write stats: 285.004
** Write stats: 290
** Write stats: 295
** Write stats: 300
** Write stats: 305.009
** Write stats: 310
** Write stats: 315
** Write stats: 320
** Write stats: 325
** Write stats: 330
** Write stats: 335
** Write stats: 340
** Write stats: 345.002
** Write stats: 350
** Write stats: 355
** Write stats: 360.007
** Write stats: 365
** Write stats: 370.006
** Write stats: 375
** Write stats: 380.011
** Write stats: 385
** Write stats: 390.003
** Write stats: 395.413
** Write stats: 400.849
** Write stats: 425.128
** Write stats: 451.338
** Write stats: 530.898
** Write stats: 540.079
** Write stats: 560.217
** Write stats: 580.917
** Write stats: 590.552
** Write stats: 606.787
** Write stats: 625.818
** Write stats: 685.576
** Write stats: 835.356
** Write stats: 850.894
** Write stats: 866.809
** Write stats: 904.675
