2025-09-03 22:53:16,420: [11] m.main:INFO: Registered plugins: IntrospectionAPIPlugin, <class 'manticore.ethereum.plugins.SkipRevertBasicBlocks'>, <class 'manticore.ethereum.plugins.FilterFunctions'>
2025-09-03 22:53:16,420: [11] m.main:INFO: Beginning analysis
2025-09-03 22:53:16,422: [11] m.e.manticore:INFO: Starting symbolic create contract
2025-09-03 22:53:16,817: [11] m.e.manticore:INFO: Starting symbolic transaction: 0
2025-09-03 22:53:17,339: [11] m.c.worker:ERROR: Exception in state 0: ManticoreError('Forking on unfeasible constraint set')
Traceback (most recent call last):
  File "/usr/local/lib/python3.7/dist-packages/manticore/core/worker.py", line 137, in run
    current_state.execute()
  File "/usr/local/lib/python3.7/dist-packages/manticore/ethereum/state.py", line 8, in execute
    return self._platform.execute()
  File "/usr/local/lib/python3.7/dist-packages/manticore/platforms/evm.py", line 3106, in execute
    self.current_vm.execute()
  File "/usr/local/lib/python3.7/dist-packages/manticore/platforms/evm.py", line 1322, in execute
    raise Concretize("Symbolic PC", expression=expression, setstate=setstate, policy="ALL")
manticore.core.state.Concretize

During handling of the above exception, another exception occurred:

Traceback (most recent call last):
  File "/usr/local/lib/python3.7/dist-packages/manticore/core/worker.py", line 158, in run
    m._fork(current_state, exc.expression, exc.policy, exc.setstate, exc.values)
  File "/usr/local/lib/python3.7/dist-packages/manticore/core/manticore.py", line 518, in _fork
    raise ManticoreError("Forking on unfeasible constraint set")
manticore.exceptions.ManticoreError: Forking on unfeasible constraint set
 
2025-09-03 22:53:17,345: [11] m.e.manticore:INFO: 0 alive states, 1 terminated states
2025-09-03 22:53:17,421: [11] m.c.manticore:INFO: Results in /mcore_ltobplh2
2025-09-03 22:53:17,421: [11] m.c.manticore:INFO: Total time: 0.5990512371063232
2025-09-03 22:53:17,868: [70] m.main:INFO: Registered plugins: IntrospectionAPIPlugin, <class 'manticore.ethereum.plugins.SkipRevertBasicBlocks'>, <class 'manticore.ethereum.plugins.FilterFunctions'>
2025-09-03 22:53:17,868: [70] m.main:INFO: Beginning analysis
2025-09-03 22:53:17,870: [70] m.e.manticore:INFO: Starting symbolic create contract
2025-09-03 22:53:18,386: [70] m.e.manticore:INFO: Starting symbolic transaction: 0
2025-09-03 22:53:19,951: [70] m.e.manticore:INFO: Found a concrete globalsha3 b'\x00\x00\x00\x00\x00\x00\x00\x00\x00\x00\x00\x00\x00\x00\x00\x00\x00\x00\x00\x00\x00\x00\x00\x00\x00\x00\x00\x00\x00\x02\x00\x00\x00\x00\x00\x00\x00\x00\x00\x00\x00\x00\x00\x00\x00\x00\x00\x00\x00\x00\x00\x00\x00\x00\x00\x00\x00\x00\x00\x00\x00\x00\x00\x00' -> 73138091548938366139099779971772605061518111956507126412222883840269740007539
2025-09-03 22:53:20,150: [70] m.c.worker:ERROR: Exception in state 10: ManticoreError('Forking on unfeasible constraint set')
Traceback (most recent call last):
  File "/usr/local/lib/python3.7/dist-packages/manticore/core/worker.py", line 137, in run
    current_state.execute()
  File "/usr/local/lib/python3.7/dist-packages/manticore/ethereum/state.py", line 8, in execute
    return self._platform.execute()
  File "/usr/local/lib/python3.7/dist-packages/manticore/platforms/evm.py", line 3106, in execute
    self.current_vm.execute()
  File "/usr/local/lib/python3.7/dist-packages/manticore/platforms/evm.py", line 1322, in execute
    raise Concretize("Symbolic PC", expression=expression, setstate=setstate, policy="ALL")
manticore.core.state.Concretize

During handling of the above exception, another exception occurred:

Traceback (most recent call last):
  File "/usr/local/lib/python3.7/dist-packages/manticore/core/worker.py", line 158, in run
    m._fork(current_state, exc.expression, exc.policy, exc.setstate, exc.values)
  File "/usr/local/lib/python3.7/dist-packages/manticore/core/manticore.py", line 518, in _fork
    raise ManticoreError("Forking on unfeasible constraint set")
manticore.exceptions.ManticoreError: Forking on unfeasible constraint set
 
2025-09-03 22:53:21,879: [70] m.e.manticore:INFO: 0 alive states, 2 terminated states
2025-09-03 22:53:21,985: [70] m.c.manticore:INFO: Results in /mcore_smytz4b9
2025-09-03 22:53:21,985: [70] m.c.manticore:INFO: Total time: 3.591587543487549
2025-09-03 22:53:22,470: [138] m.main:INFO: Registered plugins: IntrospectionAPIPlugin, <class 'manticore.ethereum.plugins.SkipRevertBasicBlocks'>, <class 'manticore.ethereum.plugins.FilterFunctions'>
2025-09-03 22:53:22,470: [138] m.main:INFO: Beginning analysis
2025-09-03 22:53:22,471: [138] m.e.manticore:INFO: Starting symbolic create contract
2025-09-03 22:53:22,928: [138] m.e.manticore:INFO: Starting symbolic transaction: 0
2025-09-03 22:53:30,437: [138] m.e.manticore:INFO: 0 alive states, 6 terminated states
2025-09-03 22:53:30,656: [138] m.c.manticore:INFO: Results in /mcore_9v0zevej
2025-09-03 22:53:30,656: [138] m.c.manticore:INFO: Total time: 7.7222254276275635
