Extract contract Wallet from /sb/wallet_03_wrong_constructor.sol
Extracted 1 contract(s) from /sb/wallet_03_wrong_constructor.sol
[0;32m> Created "fuzzMe"[0m
[0;32m> To fuzz contracts:[0m
  chmod +x fuzzMe
  ./fuzzMe
contracts/Wallet.sol:38:22: Warning: Using contract member "balance" inherited from the address type is deprecated. Convert the contract to "address" type to access the member, for example use "address(contract).balance" instead.
         to.transfer(this.balance);
                     ^----------^
assets/NormalAttacker.sol:5:3: Warning: No visibility specified. Defaulting to "public". 
  function() payable {
  ^ (Relevant source part starts here and spans across multiple lines).
assets/ReentrancyAttacker.sol:8:7: Warning: Return value of low-level calls not used.
      msg.sender.call(bytes4(255));
      ^--------------------------^
assets/ReentrancyAttacker.sol:5:3: Warning: No visibility specified. Defaulting to "public". 
  function() payable {
  ^ (Relevant source part starts here and spans across multiple lines).
>> Fuzz Wallet
** Write stats: 0.018736
** Write stats: 5.00082
** Write stats: 10.0018
** Write stats: 15.002
** Write stats: 20.0041
** Write stats: 25.006
** Write stats: 30.0015
** Write stats: 35.003
** Write stats: 40.0049
** Write stats: 45.0069
** Write stats: 50.0046
** Write stats: 55.0063
** Write stats: 60.0037
** Write stats: 65.0056
** Write stats: 70.0068
** Write stats: 75.0099
** Write stats: 80.0094
** Write stats: 85.0095
** Write stats: 90.011
** Write stats: 95.0108
** Write stats: 100.006
** Write stats: 105.006
** Write stats: 110.001
** Write stats: 115.006
** Write stats: 120.012
** Write stats: 125.011
** Write stats: 130.004
** Write stats: 135.005
** Write stats: 140.012
** Write stats: 145.001
** Write stats: 150.011
** Write stats: 155.009
** Write stats: 160.001
** Write stats: 165.002
** Write stats: 170.009
** Write stats: 175.007
** Write stats: 180.002
** Write stats: 185.007
** Write stats: 190.002
** Write stats: 195.007
** Write stats: 200.013
** Write stats: 205.014
** Write stats: 210.018
** Write stats: 215.001
** Write stats: 220.002
** Write stats: 225.012
** Write stats: 230.012
** Write stats: 235
** Write stats: 240.014
** Write stats: 245.008
** Write stats: 250.008
** Write stats: 255.008
** Write stats: 260.008
** Write stats: 265.006
** Write stats: 270
** Write stats: 275.023
** Write stats: 280.02
** Write stats: 285.029
** Write stats: 290.019
** Write stats: 295.019
** Write stats: 300.016
** Write stats: 305.031
** Write stats: 310.025
** Write stats: 315.026
** Write stats: 320.004
** Write stats: 325.016
** Write stats: 330.001
** Write stats: 335.04
** Write stats: 340.001
** Write stats: 345.003
** Write stats: 350.021
** Write stats: 355.032
** Write stats: 360.026
** Write stats: 365.01
** Write stats: 370.006
** Write stats: 375.011
** Write stats: 380.012
** Write stats: 385.002
** Write stats: 390.022
** Write stats: 395.011
** Write stats: 400.002
** Write stats: 405.018
** Write stats: 410
** Write stats: 415.035
** Write stats: 420.023
** Write stats: 425.009
** Write stats: 430.03
** Write stats: 435.021
** Write stats: 440.006
** Write stats: 445.032
** Write stats: 450.026
** Write stats: 455.03
** Write stats: 460.032
** Write stats: 465.003
** Write stats: 470.019
** Write stats: 475.02
** Write stats: 480.034
** Write stats: 485.004
** Write stats: 490.001
** Write stats: 495.036
** Write stats: 500.034
** Write stats: 505.001
** Write stats: 510.038
** Write stats: 515.01
** Write stats: 520.028
** Write stats: 525.039
** Write stats: 530.04
** Write stats: 535.031
** Write stats: 540.01
** Write stats: 545.04
** Write stats: 550.036
** Write stats: 555.004
** Write stats: 560.016
** Write stats: 565.017
** Write stats: 570.021
** Write stats: 575.009
** Write stats: 580.037
** Write stats: 585.026
** Write stats: 590.004
** Write stats: 595.041
** Write stats: 600.034
** Write stats: 605.036
** Write stats: 610.025
** Write stats: 615.026
** Write stats: 620.021
** Write stats: 625.038
** Write stats: 630.022
** Write stats: 635.016
** Write stats: 640.021
** Write stats: 645.007
** Write stats: 650.028
** Write stats: 655.034
** Write stats: 660.016
** Write stats: 665.028
** Write stats: 670.008
** Write stats: 675.037
** Write stats: 680.014
** Write stats: 685.013
** Write stats: 690.009
** Write stats: 695.006
** Write stats: 700.034
** Write stats: 705.007
** Write stats: 710.033
** Write stats: 715.034
** Write stats: 720.033
** Write stats: 725.029
** Write stats: 730.027
** Write stats: 735.026
** Write stats: 740.045
** Write stats: 745.003
** Write stats: 750.005
** Write stats: 755.029
** Write stats: 760.041
** Write stats: 765.014
** Write stats: 770.028
** Write stats: 775.01
** Write stats: 780.023
** Write stats: 785.03
** Write stats: 790.018
** Write stats: 795.036
** Write stats: 800.009
** Write stats: 805.028
** Write stats: 810.005
** Write stats: 815.046
** Write stats: 820.004
** Write stats: 825.004
** Write stats: 830.007
** Write stats: 835.006
** Write stats: 840.038
** Write stats: 845.016
** Write stats: 850.02
** Write stats: 855.003
** Write stats: 860.017
** Write stats: 865.041
** Write stats: 870.004
** Write stats: 875.001
** Write stats: 880.015
** Write stats: 885.007
** Write stats: 890.012
** Write stats: 895.019
** Write stats: 898.034
