2025-09-21 15:40:27,957 - Main     - INFO - [1mInitializing seed to 1427655.0[0m
2025-09-21 15:40:27,997 - Fuzzer   - INFO - [1mFuzzing contract [1mModulumInvestorsWhitelist[0m[0m
2025-09-21 15:40:28,068 - Analysis - INFO - [1mGeneration number 0 	 Code coverage: 67.77% (347/512) 	 Branch coverage: 73.81% (31/42) 	 Transactions: 15 (14 unique)   	 Time: 0.06007862091064453[0m
2025-09-21 15:40:28,120 - Analysis - INFO - [1mGeneration number 1 	 Code coverage: 67.77% (347/512) 	 Branch coverage: 73.81% (31/42) 	 Transactions: 27 (19 unique)   	 Time: 0.1124413013458252[0m
2025-09-21 15:40:28,194 - Analysis - INFO - [1mGeneration number 2 	 Code coverage: 68.36% (350/512) 	 Branch coverage: 76.19% (32/42) 	 Transactions: 35 (20 unique)   	 Time: 0.18650388717651367[0m
2025-09-21 15:40:28,232 - Analysis - INFO - [1mGeneration number 3 	 Code coverage: 79.49% (407/512) 	 Branch coverage: 80.95% (34/42) 	 Transactions: 42 (22 unique)   	 Time: 0.22448301315307617[0m
2025-09-21 15:40:28,300 - Analysis - INFO - [1mGeneration number 4 	 Code coverage: 80.08% (410/512) 	 Branch coverage: 83.33% (35/42) 	 Transactions: 51 (25 unique)   	 Time: 0.2925899028778076[0m
2025-09-21 15:40:28,401 - Analysis - INFO - [1mGeneration number 5 	 Code coverage: 80.08% (410/512) 	 Branch coverage: 83.33% (35/42) 	 Transactions: 66 (30 unique)   	 Time: 0.3929457664489746[0m
2025-09-21 15:40:28,594 - Analysis - INFO - [1mGeneration number 6 	 Code coverage: 80.08% (410/512) 	 Branch coverage: 83.33% (35/42) 	 Transactions: 92 (35 unique)   	 Time: 0.585942268371582[0m
2025-09-21 15:40:28,857 - Analysis - INFO - [1mGeneration number 7 	 Code coverage: 80.66% (413/512) 	 Branch coverage: 85.71% (36/42) 	 Transactions: 125 (42 unique)   	 Time: 0.8493258953094482[0m
2025-09-21 15:40:28,957 - Analysis - INFO - [1mGeneration number 8 	 Code coverage: 80.66% (413/512) 	 Branch coverage: 85.71% (36/42) 	 Transactions: 140 (42 unique)   	 Time: 0.9494435787200928[0m
2025-09-21 15:40:29,067 - Analysis - INFO - [1mGeneration number 9 	 Code coverage: 80.66% (413/512) 	 Branch coverage: 85.71% (36/42) 	 Transactions: 155 (43 unique)   	 Time: 1.0592625141143799[0m
2025-09-21 15:40:29,183 - Analysis - INFO - [1mGeneration number 10 	 Code coverage: 80.66% (413/512) 	 Branch coverage: 85.71% (36/42) 	 Transactions: 170 (43 unique)   	 Time: 1.1751136779785156[0m
2025-09-21 15:40:29,299 - Analysis - INFO - [1mGeneration number 11 	 Code coverage: 80.66% (413/512) 	 Branch coverage: 85.71% (36/42) 	 Transactions: 185 (43 unique)   	 Time: 1.291593074798584[0m
2025-09-21 15:40:29,456 - Analysis - INFO - [1mGeneration number 12 	 Code coverage: 80.66% (413/512) 	 Branch coverage: 85.71% (36/42) 	 Transactions: 205 (44 unique)   	 Time: 1.4478986263275146[0m
2025-09-21 15:40:29,616 - Analysis - INFO - [1mGeneration number 13 	 Code coverage: 80.66% (413/512) 	 Branch coverage: 85.71% (36/42) 	 Transactions: 225 (44 unique)   	 Time: 1.6079330444335938[0m
2025-09-21 15:40:29,809 - Analysis - INFO - [1mGeneration number 14 	 Code coverage: 80.66% (413/512) 	 Branch coverage: 85.71% (36/42) 	 Transactions: 250 (45 unique)   	 Time: 1.8015851974487305[0m
2025-09-21 15:40:29,938 - Analysis - INFO - [1mGeneration number 15 	 Code coverage: 80.66% (413/512) 	 Branch coverage: 85.71% (36/42) 	 Transactions: 266 (45 unique)   	 Time: 1.930455207824707[0m
2025-09-21 15:40:30,060 - Analysis - INFO - [1mGeneration number 16 	 Code coverage: 80.66% (413/512) 	 Branch coverage: 85.71% (36/42) 	 Transactions: 281 (45 unique)   	 Time: 2.0525736808776855[0m
2025-09-21 15:40:30,220 - Analysis - INFO - [1mGeneration number 17 	 Code coverage: 80.66% (413/512) 	 Branch coverage: 85.71% (36/42) 	 Transactions: 301 (45 unique)   	 Time: 2.212212562561035[0m
2025-09-21 15:40:30,394 - Analysis - INFO - [1mGeneration number 18 	 Code coverage: 80.66% (413/512) 	 Branch coverage: 85.71% (36/42) 	 Transactions: 321 (45 unique)   	 Time: 2.3860151767730713[0m
2025-09-21 15:40:30,541 - Analysis - INFO - [1mGeneration number 19 	 Code coverage: 98.63% (505/512) 	 Branch coverage: 95.24% (40/42) 	 Transactions: 348 (55 unique)   	 Time: 2.532914400100708[0m
2025-09-21 15:40:30,738 - Analysis - INFO - [1mGeneration number 20 	 Code coverage: 98.63% (505/512) 	 Branch coverage: 95.24% (40/42) 	 Transactions: 383 (65 unique)   	 Time: 2.7298572063446045[0m
2025-09-21 15:40:31,034 - Analysis - INFO - [1mGeneration number 21 	 Code coverage: 99.22% (508/512) 	 Branch coverage: 97.62% (41/42) 	 Transactions: 431 (75 unique)   	 Time: 3.0259716510772705[0m
2025-09-21 15:40:31,355 - Analysis - INFO - [1mGeneration number 22 	 Code coverage: 99.22% (508/512) 	 Branch coverage: 97.62% (41/42) 	 Transactions: 486 (83 unique)   	 Time: 3.3476924896240234[0m
2025-09-21 15:40:31,638 - Analysis - INFO - [1mGeneration number 23 	 Code coverage: 99.22% (508/512) 	 Branch coverage: 97.62% (41/42) 	 Transactions: 531 (89 unique)   	 Time: 3.6299848556518555[0m
2025-09-21 15:40:31,971 - Analysis - INFO - [1mGeneration number 24 	 Code coverage: 99.22% (508/512) 	 Branch coverage: 97.62% (41/42) 	 Transactions: 586 (93 unique)   	 Time: 3.9633474349975586[0m
2025-09-21 15:40:32,318 - Analysis - INFO - [1mGeneration number 25 	 Code coverage: 99.22% (508/512) 	 Branch coverage: 97.62% (41/42) 	 Transactions: 638 (98 unique)   	 Time: 4.309977293014526[0m
2025-09-21 15:40:32,636 - Analysis - INFO - [1mGeneration number 26 	 Code coverage: 99.22% (508/512) 	 Branch coverage: 97.62% (41/42) 	 Transactions: 691 (102 unique)   	 Time: 4.628376007080078[0m
2025-09-21 15:40:32,891 - Analysis - INFO - [1mGeneration number 27 	 Code coverage: 99.22% (508/512) 	 Branch coverage: 97.62% (41/42) 	 Transactions: 734 (103 unique)   	 Time: 4.883221387863159[0m
2025-09-21 15:40:33,147 - Analysis - INFO - [1mGeneration number 28 	 Code coverage: 99.22% (508/512) 	 Branch coverage: 97.62% (41/42) 	 Transactions: 777 (104 unique)   	 Time: 5.139642000198364[0m
2025-09-21 15:40:33,402 - Analysis - INFO - [1mGeneration number 29 	 Code coverage: 99.22% (508/512) 	 Branch coverage: 97.62% (41/42) 	 Transactions: 820 (104 unique)   	 Time: 5.394582033157349[0m
2025-09-21 15:40:33,650 - Analysis - INFO - [1mGeneration number 30 	 Code coverage: 99.22% (508/512) 	 Branch coverage: 97.62% (41/42) 	 Transactions: 859 (104 unique)   	 Time: 5.64220666885376[0m
2025-09-21 15:40:33,948 - Analysis - INFO - [1mGeneration number 31 	 Code coverage: 99.22% (508/512) 	 Branch coverage: 97.62% (41/42) 	 Transactions: 908 (104 unique)   	 Time: 5.9406538009643555[0m
2025-09-21 15:40:34,166 - Analysis - INFO - [1mGeneration number 32 	 Code coverage: 99.22% (508/512) 	 Branch coverage: 97.62% (41/42) 	 Transactions: 943 (104 unique)   	 Time: 6.158377647399902[0m
2025-09-21 15:40:34,296 - Analysis - INFO - [1mGeneration number 33 	 Code coverage: 99.22% (508/512) 	 Branch coverage: 97.62% (41/42) 	 Transactions: 970 (111 unique)   	 Time: 6.288626670837402[0m
2025-09-21 15:40:34,434 - Analysis - INFO - [1mGeneration number 34 	 Code coverage: 99.22% (508/512) 	 Branch coverage: 97.62% (41/42) 	 Transactions: 995 (117 unique)   	 Time: 6.4263482093811035[0m
2025-09-21 15:40:34,617 - Analysis - INFO - [1mGeneration number 35 	 Code coverage: 99.22% (508/512) 	 Branch coverage: 97.62% (41/42) 	 Transactions: 1033 (124 unique)   	 Time: 6.6090476512908936[0m
2025-09-21 15:40:34,778 - Analysis - INFO - [1mGeneration number 36 	 Code coverage: 99.22% (508/512) 	 Branch coverage: 97.62% (41/42) 	 Transactions: 1065 (128 unique)   	 Time: 6.769835948944092[0m
2025-09-21 15:40:34,971 - Analysis - INFO - [1mGeneration number 37 	 Code coverage: 99.22% (508/512) 	 Branch coverage: 97.62% (41/42) 	 Transactions: 1101 (133 unique)   	 Time: 6.963351726531982[0m
2025-09-21 15:40:35,168 - Analysis - INFO - [1mGeneration number 38 	 Code coverage: 99.22% (508/512) 	 Branch coverage: 97.62% (41/42) 	 Transactions: 1138 (136 unique)   	 Time: 7.160513639450073[0m
2025-09-21 15:40:35,361 - Analysis - INFO - [1mGeneration number 39 	 Code coverage: 99.22% (508/512) 	 Branch coverage: 97.62% (41/42) 	 Transactions: 1174 (141 unique)   	 Time: 7.353631973266602[0m
2025-09-21 15:40:35,586 - Analysis - INFO - [1mGeneration number 40 	 Code coverage: 99.22% (508/512) 	 Branch coverage: 97.62% (41/42) 	 Transactions: 1217 (143 unique)   	 Time: 7.578005075454712[0m
2025-09-21 15:40:35,782 - Analysis - INFO - [1mGeneration number 41 	 Code coverage: 99.22% (508/512) 	 Branch coverage: 97.62% (41/42) 	 Transactions: 1251 (144 unique)   	 Time: 7.774760007858276[0m
2025-09-21 15:40:35,958 - Analysis - INFO - [1mGeneration number 42 	 Code coverage: 99.22% (508/512) 	 Branch coverage: 97.62% (41/42) 	 Transactions: 1282 (145 unique)   	 Time: 7.95061993598938[0m
2025-09-21 15:40:36,116 - Analysis - INFO - [1mGeneration number 43 	 Code coverage: 99.22% (508/512) 	 Branch coverage: 97.62% (41/42) 	 Transactions: 1307 (152 unique)   	 Time: 8.108247995376587[0m
2025-09-21 15:40:36,388 - Analysis - INFO - [1mGeneration number 44 	 Code coverage: 99.22% (508/512) 	 Branch coverage: 97.62% (41/42) 	 Transactions: 1351 (161 unique)   	 Time: 8.380628108978271[0m
2025-09-21 15:40:36,678 - Analysis - INFO - [1mGeneration number 45 	 Code coverage: 99.22% (508/512) 	 Branch coverage: 97.62% (41/42) 	 Transactions: 1396 (167 unique)   	 Time: 8.670419216156006[0m
2025-09-21 15:40:36,889 - Analysis - INFO - [1mGeneration number 46 	 Code coverage: 99.22% (508/512) 	 Branch coverage: 97.62% (41/42) 	 Transactions: 1427 (167 unique)   	 Time: 8.881015062332153[0m
2025-09-21 15:40:37,139 - Analysis - INFO - [1mGeneration number 47 	 Code coverage: 99.22% (508/512) 	 Branch coverage: 97.62% (41/42) 	 Transactions: 1465 (167 unique)   	 Time: 9.130800724029541[0m
2025-09-21 15:40:37,367 - Analysis - INFO - [1mGeneration number 48 	 Code coverage: 99.22% (508/512) 	 Branch coverage: 97.62% (41/42) 	 Transactions: 1500 (167 unique)   	 Time: 9.359063386917114[0m
2025-09-21 15:40:37,580 - Analysis - INFO - [1mGeneration number 49 	 Code coverage: 99.22% (508/512) 	 Branch coverage: 97.62% (41/42) 	 Transactions: 1532 (167 unique)   	 Time: 9.57211446762085[0m
2025-09-21 15:40:37,823 - Analysis - INFO - [1mGeneration number 50 	 Code coverage: 99.22% (508/512) 	 Branch coverage: 97.62% (41/42) 	 Transactions: 1568 (168 unique)   	 Time: 9.815234422683716[0m
2025-09-21 15:40:38,009 - Analysis - INFO - [1mGeneration number 51 	 Code coverage: 99.22% (508/512) 	 Branch coverage: 97.62% (41/42) 	 Transactions: 1596 (169 unique)   	 Time: 10.001068830490112[0m
2025-09-21 15:40:38,232 - Analysis - INFO - [1mGeneration number 52 	 Code coverage: 99.22% (508/512) 	 Branch coverage: 97.62% (41/42) 	 Transactions: 1632 (169 unique)   	 Time: 10.224461317062378[0m
2025-09-21 15:40:38,355 - Analysis - INFO - [1mGeneration number 53 	 Code coverage: 99.22% (508/512) 	 Branch coverage: 97.62% (41/42) 	 Transactions: 1658 (172 unique)   	 Time: 10.347001552581787[0m
2025-09-21 15:40:38,554 - Analysis - INFO - [1mGeneration number 54 	 Code coverage: 99.22% (508/512) 	 Branch coverage: 97.62% (41/42) 	 Transactions: 1691 (180 unique)   	 Time: 10.546219110488892[0m
2025-09-21 15:40:38,904 - Analysis - INFO - [1mGeneration number 55 	 Code coverage: 99.22% (508/512) 	 Branch coverage: 97.62% (41/42) 	 Transactions: 1747 (191 unique)   	 Time: 10.895863056182861[0m
2025-09-21 15:40:39,251 - Analysis - INFO - [1mGeneration number 56 	 Code coverage: 99.22% (508/512) 	 Branch coverage: 97.62% (41/42) 	 Transactions: 1804 (199 unique)   	 Time: 11.243128776550293[0m
2025-09-21 15:40:39,621 - Analysis - INFO - [1mGeneration number 57 	 Code coverage: 99.22% (508/512) 	 Branch coverage: 97.62% (41/42) 	 Transactions: 1862 (201 unique)   	 Time: 11.613231420516968[0m
2025-09-21 15:40:39,896 - Analysis - INFO - [1mGeneration number 58 	 Code coverage: 99.22% (508/512) 	 Branch coverage: 97.62% (41/42) 	 Transactions: 1904 (204 unique)   	 Time: 11.888485431671143[0m
2025-09-21 15:40:40,200 - Analysis - INFO - [1mGeneration number 59 	 Code coverage: 99.22% (508/512) 	 Branch coverage: 97.62% (41/42) 	 Transactions: 1951 (207 unique)   	 Time: 12.192078828811646[0m
2025-09-21 15:40:40,535 - Analysis - INFO - [1mGeneration number 60 	 Code coverage: 99.22% (508/512) 	 Branch coverage: 97.62% (41/42) 	 Transactions: 1996 (208 unique)   	 Time: 12.526836395263672[0m
2025-09-21 15:40:40,777 - Analysis - INFO - [1mGeneration number 61 	 Code coverage: 99.22% (508/512) 	 Branch coverage: 97.62% (41/42) 	 Transactions: 2032 (208 unique)   	 Time: 12.769260883331299[0m
2025-09-21 15:40:41,040 - Analysis - INFO - [1mGeneration number 62 	 Code coverage: 99.22% (508/512) 	 Branch coverage: 97.62% (41/42) 	 Transactions: 2070 (208 unique)   	 Time: 13.032338619232178[0m
2025-09-21 15:40:41,160 - Analysis - INFO - [1mGeneration number 63 	 Code coverage: 99.22% (508/512) 	 Branch coverage: 97.62% (41/42) 	 Transactions: 2095 (212 unique)   	 Time: 13.151870965957642[0m
2025-09-21 15:40:41,349 - Analysis - INFO - [1mGeneration number 64 	 Code coverage: 99.22% (508/512) 	 Branch coverage: 97.62% (41/42) 	 Transactions: 2131 (222 unique)   	 Time: 13.341668128967285[0m
2025-09-21 15:40:41,581 - Analysis - INFO - [1mGeneration number 65 	 Code coverage: 99.80% (511/512) 	 Branch coverage: 100.00% (42/42) 	 Transactions: 2175 (229 unique)   	 Time: 13.573482275009155[0m
2025-09-21 15:40:41,868 - Analysis - INFO - [1mGeneration number 66 	 Code coverage: 99.80% (511/512) 	 Branch coverage: 100.00% (42/42) 	 Transactions: 2229 (236 unique)   	 Time: 13.859924793243408[0m
2025-09-21 15:40:42,155 - Analysis - INFO - [1mGeneration number 67 	 Code coverage: 99.80% (511/512) 	 Branch coverage: 100.00% (42/42) 	 Transactions: 2284 (242 unique)   	 Time: 14.147661685943604[0m
2025-09-21 15:40:42,406 - Analysis - INFO - [1mGeneration number 68 	 Code coverage: 99.80% (511/512) 	 Branch coverage: 100.00% (42/42) 	 Transactions: 2332 (247 unique)   	 Time: 14.398162364959717[0m
2025-09-21 15:40:42,690 - Analysis - INFO - [1mGeneration number 69 	 Code coverage: 99.80% (511/512) 	 Branch coverage: 100.00% (42/42) 	 Transactions: 2386 (251 unique)   	 Time: 14.682735443115234[0m
2025-09-21 15:40:42,981 - Analysis - INFO - [1mGeneration number 70 	 Code coverage: 99.80% (511/512) 	 Branch coverage: 100.00% (42/42) 	 Transactions: 2442 (257 unique)   	 Time: 14.973235368728638[0m
2025-09-21 15:40:43,270 - Analysis - INFO - [1mGeneration number 71 	 Code coverage: 99.80% (511/512) 	 Branch coverage: 100.00% (42/42) 	 Transactions: 2498 (263 unique)   	 Time: 15.262497425079346[0m
2025-09-21 15:40:43,270 - Analysis - INFO - [1m-----------------------------------------------------[0m
2025-09-21 15:40:43,270 - Analysis - INFO - Number of generations: 	 71
2025-09-21 15:40:43,270 - Analysis - INFO - Number of transactions: 	 2498 (263 unique)
2025-09-21 15:40:43,270 - Analysis - INFO - Transactions per second: 	 164
2025-09-21 15:40:43,270 - Analysis - INFO - Total code coverage: 	 99.80% (511/512)
2025-09-21 15:40:43,271 - Analysis - INFO - Total branch coverage: 	 100.00% (42/42)
2025-09-21 15:40:43,271 - Analysis - INFO - Total execution time: 	 15.26 seconds
2025-09-21 15:40:43,271 - Analysis - INFO - Total memory consumption: 	 66.71 MB
2025-09-21 15:40:43,272 - Fuzzer   - INFO - [1mFuzzing contract [1mOwnable[0m[0m
2025-09-21 15:40:43,295 - Analysis - INFO - [1mGeneration number 0 	 Code coverage: 96.00% (168/175) 	 Branch coverage: 85.71% (12/14) 	 Transactions: 7 (6 unique)   	 Time: 0.020499706268310547[0m
2025-09-21 15:40:43,307 - Analysis - INFO - [1mGeneration number 1 	 Code coverage: 96.00% (168/175) 	 Branch coverage: 85.71% (12/14) 	 Transactions: 11 (7 unique)   	 Time: 0.03185606002807617[0m
2025-09-21 15:40:43,354 - Analysis - INFO - [1mGeneration number 2 	 Code coverage: 96.00% (168/175) 	 Branch coverage: 85.71% (12/14) 	 Transactions: 18 (10 unique)   	 Time: 0.07911109924316406[0m
2025-09-21 15:40:43,410 - Analysis - INFO - [1mGeneration number 3 	 Code coverage: 96.00% (168/175) 	 Branch coverage: 85.71% (12/14) 	 Transactions: 28 (13 unique)   	 Time: 0.13550448417663574[0m
2025-09-21 15:40:43,473 - Analysis - INFO - [1mGeneration number 4 	 Code coverage: 96.00% (168/175) 	 Branch coverage: 85.71% (12/14) 	 Transactions: 37 (15 unique)   	 Time: 0.19841504096984863[0m
2025-09-21 15:40:43,541 - Analysis - INFO - [1mGeneration number 5 	 Code coverage: 97.71% (171/175) 	 Branch coverage: 92.86% (13/14) 	 Transactions: 49 (17 unique)   	 Time: 0.2662944793701172[0m
2025-09-21 15:40:43,608 - Analysis - INFO - [1mGeneration number 6 	 Code coverage: 97.71% (171/175) 	 Branch coverage: 92.86% (13/14) 	 Transactions: 66 (20 unique)   	 Time: 0.3328115940093994[0m
2025-09-21 15:40:43,697 - Analysis - INFO - [1mGeneration number 7 	 Code coverage: 97.71% (171/175) 	 Branch coverage: 92.86% (13/14) 	 Transactions: 86 (22 unique)   	 Time: 0.42190003395080566[0m
2025-09-21 15:40:43,778 - Analysis - INFO - [1mGeneration number 8 	 Code coverage: 97.71% (171/175) 	 Branch coverage: 92.86% (13/14) 	 Transactions: 101 (23 unique)   	 Time: 0.5030431747436523[0m
2025-09-21 15:40:43,832 - Analysis - INFO - [1mGeneration number 9 	 Code coverage: 97.71% (171/175) 	 Branch coverage: 92.86% (13/14) 	 Transactions: 111 (23 unique)   	 Time: 0.5571479797363281[0m
2025-09-21 15:40:43,888 - Analysis - INFO - [1mGeneration number 10 	 Code coverage: 97.71% (171/175) 	 Branch coverage: 92.86% (13/14) 	 Transactions: 122 (24 unique)   	 Time: 0.6134977340698242[0m
2025-09-21 15:40:43,974 - Analysis - INFO - [1mGeneration number 11 	 Code coverage: 97.71% (171/175) 	 Branch coverage: 92.86% (13/14) 	 Transactions: 140 (25 unique)   	 Time: 0.6990635395050049[0m
2025-09-21 15:40:44,055 - Analysis - INFO - [1mGeneration number 12 	 Code coverage: 97.71% (171/175) 	 Branch coverage: 92.86% (13/14) 	 Transactions: 157 (26 unique)   	 Time: 0.7801609039306641[0m
2025-09-21 15:40:44,113 - Analysis - INFO - [1mGeneration number 13 	 Code coverage: 97.71% (171/175) 	 Branch coverage: 92.86% (13/14) 	 Transactions: 168 (26 unique)   	 Time: 0.8381602764129639[0m
2025-09-21 15:40:44,182 - Analysis - INFO - [1mGeneration number 14 	 Code coverage: 97.71% (171/175) 	 Branch coverage: 92.86% (13/14) 	 Transactions: 182 (27 unique)   	 Time: 0.9071142673492432[0m
2025-09-21 15:40:44,251 - Analysis - INFO - [1mGeneration number 15 	 Code coverage: 97.71% (171/175) 	 Branch coverage: 92.86% (13/14) 	 Transactions: 196 (28 unique)   	 Time: 0.975914478302002[0m
2025-09-21 15:40:44,322 - Analysis - INFO - [1mGeneration number 16 	 Code coverage: 97.71% (171/175) 	 Branch coverage: 92.86% (13/14) 	 Transactions: 211 (29 unique)   	 Time: 1.0471012592315674[0m
2025-09-21 15:40:44,369 - Analysis - INFO - [1mGeneration number 17 	 Code coverage: 97.71% (171/175) 	 Branch coverage: 92.86% (13/14) 	 Transactions: 220 (31 unique)   	 Time: 1.094057559967041[0m
2025-09-21 15:40:44,453 - Analysis - INFO - [1mGeneration number 18 	 Code coverage: 97.71% (171/175) 	 Branch coverage: 92.86% (13/14) 	 Transactions: 233 (34 unique)   	 Time: 1.1781325340270996[0m
2025-09-21 15:40:44,533 - Analysis - INFO - [1mGeneration number 19 	 Code coverage: 97.71% (171/175) 	 Branch coverage: 92.86% (13/14) 	 Transactions: 245 (34 unique)   	 Time: 1.258246898651123[0m
2025-09-21 15:40:44,708 - Analysis - INFO - [1mGeneration number 20 	 Code coverage: 97.71% (171/175) 	 Branch coverage: 92.86% (13/14) 	 Transactions: 271 (38 unique)   	 Time: 1.432746171951294[0m
2025-09-21 15:40:44,840 - Analysis - INFO - [1mGeneration number 21 	 Code coverage: 97.71% (171/175) 	 Branch coverage: 92.86% (13/14) 	 Transactions: 292 (42 unique)   	 Time: 1.5652809143066406[0m
2025-09-21 15:40:44,981 - Analysis - INFO - [1mGeneration number 22 	 Code coverage: 97.71% (171/175) 	 Branch coverage: 92.86% (13/14) 	 Transactions: 313 (43 unique)   	 Time: 1.706071138381958[0m
2025-09-21 15:40:45,138 - Analysis - INFO - [1mGeneration number 23 	 Code coverage: 97.71% (171/175) 	 Branch coverage: 92.86% (13/14) 	 Transactions: 337 (44 unique)   	 Time: 1.863661289215088[0m
2025-09-21 15:40:45,251 - Analysis - INFO - [1mGeneration number 24 	 Code coverage: 97.71% (171/175) 	 Branch coverage: 92.86% (13/14) 	 Transactions: 355 (47 unique)   	 Time: 1.9765739440917969[0m
2025-09-21 15:40:45,360 - Analysis - INFO - [1mGeneration number 25 	 Code coverage: 97.71% (171/175) 	 Branch coverage: 92.86% (13/14) 	 Transactions: 371 (48 unique)   	 Time: 2.0848498344421387[0m
2025-09-21 15:40:45,488 - Analysis - INFO - [1mGeneration number 26 	 Code coverage: 97.71% (171/175) 	 Branch coverage: 92.86% (13/14) 	 Transactions: 392 (51 unique)   	 Time: 2.2131028175354004[0m
2025-09-21 15:40:45,542 - Analysis - INFO - [1mGeneration number 27 	 Code coverage: 97.71% (171/175) 	 Branch coverage: 92.86% (13/14) 	 Transactions: 403 (53 unique)   	 Time: 2.267104148864746[0m
2025-09-21 15:40:45,594 - Analysis - INFO - [1mGeneration number 28 	 Code coverage: 97.71% (171/175) 	 Branch coverage: 92.86% (13/14) 	 Transactions: 413 (54 unique)   	 Time: 2.3193955421447754[0m
2025-09-21 15:40:45,672 - Analysis - INFO - [1mGeneration number 29 	 Code coverage: 97.71% (171/175) 	 Branch coverage: 92.86% (13/14) 	 Transactions: 427 (56 unique)   	 Time: 2.39742374420166[0m
2025-09-21 15:40:45,779 - Analysis - INFO - [1mGeneration number 30 	 Code coverage: 97.71% (171/175) 	 Branch coverage: 92.86% (13/14) 	 Transactions: 447 (59 unique)   	 Time: 2.5046579837799072[0m
2025-09-21 15:40:45,889 - Analysis - INFO - [1mGeneration number 31 	 Code coverage: 97.71% (171/175) 	 Branch coverage: 92.86% (13/14) 	 Transactions: 467 (61 unique)   	 Time: 2.6140878200531006[0m
2025-09-21 15:40:46,001 - Analysis - INFO - [1mGeneration number 32 	 Code coverage: 97.71% (171/175) 	 Branch coverage: 92.86% (13/14) 	 Transactions: 487 (62 unique)   	 Time: 2.726619005203247[0m
2025-09-21 15:40:46,132 - Analysis - INFO - [1mGeneration number 33 	 Code coverage: 97.71% (171/175) 	 Branch coverage: 92.86% (13/14) 	 Transactions: 512 (64 unique)   	 Time: 2.856785535812378[0m
2025-09-21 15:40:46,241 - Analysis - INFO - [1mGeneration number 34 	 Code coverage: 97.71% (171/175) 	 Branch coverage: 92.86% (13/14) 	 Transactions: 532 (65 unique)   	 Time: 2.966080904006958[0m
2025-09-21 15:40:46,370 - Analysis - INFO - [1mGeneration number 35 	 Code coverage: 97.71% (171/175) 	 Branch coverage: 92.86% (13/14) 	 Transactions: 557 (66 unique)   	 Time: 3.0955448150634766[0m
2025-09-21 15:40:46,517 - Analysis - INFO - [1mGeneration number 36 	 Code coverage: 97.71% (171/175) 	 Branch coverage: 92.86% (13/14) 	 Transactions: 577 (66 unique)   	 Time: 3.2425687313079834[0m
2025-09-21 15:40:46,564 - Analysis - INFO - [1mGeneration number 37 	 Code coverage: 97.71% (171/175) 	 Branch coverage: 92.86% (13/14) 	 Transactions: 587 (66 unique)   	 Time: 3.289621591567993[0m
2025-09-21 15:40:46,604 - Analysis - INFO - [1mGeneration number 38 	 Code coverage: 97.71% (171/175) 	 Branch coverage: 92.86% (13/14) 	 Transactions: 594 (66 unique)   	 Time: 3.328700542449951[0m
2025-09-21 15:40:46,706 - Analysis - INFO - [1mGeneration number 39 	 Code coverage: 97.71% (171/175) 	 Branch coverage: 92.86% (13/14) 	 Transactions: 614 (69 unique)   	 Time: 3.4308178424835205[0m
2025-09-21 15:40:46,799 - Analysis - INFO - [1mGeneration number 40 	 Code coverage: 97.71% (171/175) 	 Branch coverage: 92.86% (13/14) 	 Transactions: 633 (71 unique)   	 Time: 3.5240674018859863[0m
2025-09-21 15:40:46,858 - Analysis - INFO - [1mGeneration number 41 	 Code coverage: 97.71% (171/175) 	 Branch coverage: 92.86% (13/14) 	 Transactions: 643 (71 unique)   	 Time: 3.583188056945801[0m
2025-09-21 15:40:46,919 - Analysis - INFO - [1mGeneration number 42 	 Code coverage: 97.71% (171/175) 	 Branch coverage: 92.86% (13/14) 	 Transactions: 653 (71 unique)   	 Time: 3.6438944339752197[0m
2025-09-21 15:40:47,016 - Analysis - INFO - [1mGeneration number 43 	 Code coverage: 97.71% (171/175) 	 Branch coverage: 92.86% (13/14) 	 Transactions: 670 (73 unique)   	 Time: 3.741642475128174[0m
2025-09-21 15:40:47,119 - Analysis - INFO - [1mGeneration number 44 	 Code coverage: 97.71% (171/175) 	 Branch coverage: 92.86% (13/14) 	 Transactions: 689 (76 unique)   	 Time: 3.84417986869812[0m
2025-09-21 15:40:47,191 - Analysis - INFO - [1mGeneration number 45 	 Code coverage: 97.71% (171/175) 	 Branch coverage: 92.86% (13/14) 	 Transactions: 701 (76 unique)   	 Time: 3.9160521030426025[0m
2025-09-21 15:40:47,283 - Analysis - INFO - [1mGeneration number 46 	 Code coverage: 97.71% (171/175) 	 Branch coverage: 92.86% (13/14) 	 Transactions: 718 (76 unique)   	 Time: 4.008311748504639[0m
2025-09-21 15:40:47,331 - Analysis - INFO - [1mGeneration number 47 	 Code coverage: 97.71% (171/175) 	 Branch coverage: 92.86% (13/14) 	 Transactions: 728 (79 unique)   	 Time: 4.056029319763184[0m
2025-09-21 15:40:47,368 - Analysis - INFO - [1mGeneration number 48 	 Code coverage: 97.71% (171/175) 	 Branch coverage: 92.86% (13/14) 	 Transactions: 734 (80 unique)   	 Time: 4.093094110488892[0m
2025-09-21 15:40:47,411 - Analysis - INFO - [1mGeneration number 49 	 Code coverage: 97.71% (171/175) 	 Branch coverage: 92.86% (13/14) 	 Transactions: 742 (81 unique)   	 Time: 4.136546611785889[0m
2025-09-21 15:40:47,472 - Analysis - INFO - [1mGeneration number 50 	 Code coverage: 97.71% (171/175) 	 Branch coverage: 92.86% (13/14) 	 Transactions: 754 (82 unique)   	 Time: 4.197604656219482[0m
2025-09-21 15:40:47,531 - Analysis - INFO - [1mGeneration number 51 	 Code coverage: 97.71% (171/175) 	 Branch coverage: 92.86% (13/14) 	 Transactions: 766 (82 unique)   	 Time: 4.256208419799805[0m
2025-09-21 15:40:47,587 - Analysis - INFO - [1mGeneration number 52 	 Code coverage: 97.71% (171/175) 	 Branch coverage: 92.86% (13/14) 	 Transactions: 777 (82 unique)   	 Time: 4.312429666519165[0m
2025-09-21 15:40:47,643 - Analysis - INFO - [1mGeneration number 53 	 Code coverage: 97.71% (171/175) 	 Branch coverage: 92.86% (13/14) 	 Transactions: 788 (82 unique)   	 Time: 4.3683922290802[0m
2025-09-21 15:40:47,700 - Analysis - INFO - [1mGeneration number 54 	 Code coverage: 97.71% (171/175) 	 Branch coverage: 92.86% (13/14) 	 Transactions: 799 (82 unique)   	 Time: 4.4249958992004395[0m
2025-09-21 15:40:47,768 - Analysis - INFO - [1mGeneration number 55 	 Code coverage: 97.71% (171/175) 	 Branch coverage: 92.86% (13/14) 	 Transactions: 813 (82 unique)   	 Time: 4.493423700332642[0m
2025-09-21 15:40:47,857 - Analysis - INFO - [1mGeneration number 56 	 Code coverage: 97.71% (171/175) 	 Branch coverage: 92.86% (13/14) 	 Transactions: 831 (82 unique)   	 Time: 4.58208441734314[0m
2025-09-21 15:40:47,919 - Analysis - INFO - [1mGeneration number 57 	 Code coverage: 97.71% (171/175) 	 Branch coverage: 92.86% (13/14) 	 Transactions: 844 (83 unique)   	 Time: 4.643839120864868[0m
2025-09-21 15:40:47,959 - Analysis - INFO - [1mGeneration number 58 	 Code coverage: 97.71% (171/175) 	 Branch coverage: 92.86% (13/14) 	 Transactions: 851 (83 unique)   	 Time: 4.683993577957153[0m
2025-09-21 15:40:48,036 - Analysis - INFO - [1mGeneration number 59 	 Code coverage: 97.71% (171/175) 	 Branch coverage: 92.86% (13/14) 	 Transactions: 865 (83 unique)   	 Time: 4.760960340499878[0m
2025-09-21 15:40:48,139 - Analysis - INFO - [1mGeneration number 60 	 Code coverage: 97.71% (171/175) 	 Branch coverage: 92.86% (13/14) 	 Transactions: 884 (83 unique)   	 Time: 4.86382269859314[0m
2025-09-21 15:40:48,238 - Analysis - INFO - [1mGeneration number 61 	 Code coverage: 97.71% (171/175) 	 Branch coverage: 92.86% (13/14) 	 Transactions: 902 (83 unique)   	 Time: 4.963517427444458[0m
2025-09-21 15:40:48,350 - Analysis - INFO - [1mGeneration number 62 	 Code coverage: 97.71% (171/175) 	 Branch coverage: 92.86% (13/14) 	 Transactions: 922 (83 unique)   	 Time: 5.075064659118652[0m
2025-09-21 15:40:48,458 - Analysis - INFO - [1mGeneration number 63 	 Code coverage: 97.71% (171/175) 	 Branch coverage: 92.86% (13/14) 	 Transactions: 942 (84 unique)   	 Time: 5.183588981628418[0m
2025-09-21 15:40:48,567 - Analysis - INFO - [1mGeneration number 64 	 Code coverage: 97.71% (171/175) 	 Branch coverage: 92.86% (13/14) 	 Transactions: 962 (85 unique)   	 Time: 5.292002439498901[0m
2025-09-21 15:40:48,727 - Analysis - INFO - [1mGeneration number 65 	 Code coverage: 97.71% (171/175) 	 Branch coverage: 92.86% (13/14) 	 Transactions: 992 (86 unique)   	 Time: 5.45232892036438[0m
2025-09-21 15:40:48,853 - Analysis - INFO - [1mGeneration number 66 	 Code coverage: 97.71% (171/175) 	 Branch coverage: 92.86% (13/14) 	 Transactions: 1017 (87 unique)   	 Time: 5.578421115875244[0m
2025-09-21 15:40:48,892 - Analysis - INFO - [1mGeneration number 67 	 Code coverage: 97.71% (171/175) 	 Branch coverage: 92.86% (13/14) 	 Transactions: 1024 (87 unique)   	 Time: 5.61690092086792[0m
2025-09-21 15:40:48,922 - Analysis - INFO - [1mGeneration number 68 	 Code coverage: 97.71% (171/175) 	 Branch coverage: 92.86% (13/14) 	 Transactions: 1028 (87 unique)   	 Time: 5.6468281745910645[0m
2025-09-21 15:40:48,954 - Analysis - INFO - [1mGeneration number 69 	 Code coverage: 97.71% (171/175) 	 Branch coverage: 92.86% (13/14) 	 Transactions: 1033 (87 unique)   	 Time: 5.678955078125[0m
2025-09-21 15:40:49,011 - Analysis - INFO - [1mGeneration number 70 	 Code coverage: 97.71% (171/175) 	 Branch coverage: 92.86% (13/14) 	 Transactions: 1045 (89 unique)   	 Time: 5.735942840576172[0m
2025-09-21 15:40:49,067 - Analysis - INFO - [1mGeneration number 71 	 Code coverage: 97.71% (171/175) 	 Branch coverage: 92.86% (13/14) 	 Transactions: 1057 (89 unique)   	 Time: 5.7920615673065186[0m
2025-09-21 15:40:49,121 - Analysis - INFO - [1mGeneration number 72 	 Code coverage: 97.71% (171/175) 	 Branch coverage: 92.86% (13/14) 	 Transactions: 1068 (90 unique)   	 Time: 5.846022605895996[0m
2025-09-21 15:40:49,174 - Analysis - INFO - [1mGeneration number 73 	 Code coverage: 97.71% (171/175) 	 Branch coverage: 92.86% (13/14) 	 Transactions: 1079 (90 unique)   	 Time: 5.899048089981079[0m
2025-09-21 15:40:49,227 - Analysis - INFO - [1mGeneration number 74 	 Code coverage: 97.71% (171/175) 	 Branch coverage: 92.86% (13/14) 	 Transactions: 1090 (90 unique)   	 Time: 5.952212810516357[0m
2025-09-21 15:40:49,280 - Analysis - INFO - [1mGeneration number 75 	 Code coverage: 97.71% (171/175) 	 Branch coverage: 92.86% (13/14) 	 Transactions: 1101 (90 unique)   	 Time: 6.004984140396118[0m
2025-09-21 15:40:49,314 - Analysis - INFO - [1mGeneration number 76 	 Code coverage: 97.71% (171/175) 	 Branch coverage: 92.86% (13/14) 	 Transactions: 1107 (90 unique)   	 Time: 6.039593696594238[0m
2025-09-21 15:40:49,363 - Analysis - INFO - [1mGeneration number 77 	 Code coverage: 97.71% (171/175) 	 Branch coverage: 92.86% (13/14) 	 Transactions: 1117 (90 unique)   	 Time: 6.08829402923584[0m
2025-09-21 15:40:49,431 - Analysis - INFO - [1mGeneration number 78 	 Code coverage: 97.71% (171/175) 	 Branch coverage: 92.86% (13/14) 	 Transactions: 1127 (91 unique)   	 Time: 6.155690670013428[0m
2025-09-21 15:40:49,517 - Analysis - INFO - [1mGeneration number 79 	 Code coverage: 97.71% (171/175) 	 Branch coverage: 92.86% (13/14) 	 Transactions: 1143 (92 unique)   	 Time: 6.242469072341919[0m
2025-09-21 15:40:49,601 - Analysis - INFO - [1mGeneration number 80 	 Code coverage: 97.71% (171/175) 	 Branch coverage: 92.86% (13/14) 	 Transactions: 1158 (92 unique)   	 Time: 6.325984954833984[0m
2025-09-21 15:40:49,702 - Analysis - INFO - [1mGeneration number 81 	 Code coverage: 97.71% (171/175) 	 Branch coverage: 92.86% (13/14) 	 Transactions: 1179 (94 unique)   	 Time: 6.427469491958618[0m
2025-09-21 15:40:49,786 - Analysis - INFO - [1mGeneration number 82 	 Code coverage: 97.71% (171/175) 	 Branch coverage: 92.86% (13/14) 	 Transactions: 1197 (95 unique)   	 Time: 6.5113396644592285[0m
2025-09-21 15:40:49,872 - Analysis - INFO - [1mGeneration number 83 	 Code coverage: 97.71% (171/175) 	 Branch coverage: 92.86% (13/14) 	 Transactions: 1213 (96 unique)   	 Time: 6.596827507019043[0m
2025-09-21 15:40:49,934 - Analysis - INFO - [1mGeneration number 84 	 Code coverage: 97.71% (171/175) 	 Branch coverage: 92.86% (13/14) 	 Transactions: 1224 (96 unique)   	 Time: 6.659166574478149[0m
2025-09-21 15:40:50,013 - Analysis - INFO - [1mGeneration number 85 	 Code coverage: 97.71% (171/175) 	 Branch coverage: 92.86% (13/14) 	 Transactions: 1240 (97 unique)   	 Time: 6.738029479980469[0m
2025-09-21 15:40:50,075 - Analysis - INFO - [1mGeneration number 86 	 Code coverage: 97.71% (171/175) 	 Branch coverage: 92.86% (13/14) 	 Transactions: 1252 (97 unique)   	 Time: 6.800384759902954[0m
2025-09-21 15:40:50,131 - Analysis - INFO - [1mGeneration number 87 	 Code coverage: 97.71% (171/175) 	 Branch coverage: 92.86% (13/14) 	 Transactions: 1264 (97 unique)   	 Time: 6.856478691101074[0m
2025-09-21 15:40:50,168 - Analysis - INFO - [1mGeneration number 88 	 Code coverage: 97.71% (171/175) 	 Branch coverage: 92.86% (13/14) 	 Transactions: 1270 (97 unique)   	 Time: 6.8932764530181885[0m
2025-09-21 15:40:50,261 - Analysis - INFO - [1mGeneration number 89 	 Code coverage: 97.71% (171/175) 	 Branch coverage: 92.86% (13/14) 	 Transactions: 1288 (99 unique)   	 Time: 6.986117124557495[0m
2025-09-21 15:40:50,351 - Analysis - INFO - [1mGeneration number 90 	 Code coverage: 97.71% (171/175) 	 Branch coverage: 92.86% (13/14) 	 Transactions: 1305 (99 unique)   	 Time: 7.076589345932007[0m
2025-09-21 15:40:50,457 - Analysis - INFO - [1mGeneration number 91 	 Code coverage: 97.71% (171/175) 	 Branch coverage: 92.86% (13/14) 	 Transactions: 1324 (101 unique)   	 Time: 7.182377815246582[0m
2025-09-21 15:40:50,574 - Analysis - INFO - [1mGeneration number 92 	 Code coverage: 97.71% (171/175) 	 Branch coverage: 92.86% (13/14) 	 Transactions: 1344 (102 unique)   	 Time: 7.2986695766448975[0m
2025-09-21 15:40:50,686 - Analysis - INFO - [1mGeneration number 93 	 Code coverage: 97.71% (171/175) 	 Branch coverage: 92.86% (13/14) 	 Transactions: 1364 (103 unique)   	 Time: 7.411073446273804[0m
2025-09-21 15:40:50,821 - Analysis - INFO - [1mGeneration number 94 	 Code coverage: 97.71% (171/175) 	 Branch coverage: 92.86% (13/14) 	 Transactions: 1389 (105 unique)   	 Time: 7.546554088592529[0m
2025-09-21 15:40:50,953 - Analysis - INFO - [1mGeneration number 95 	 Code coverage: 97.71% (171/175) 	 Branch coverage: 92.86% (13/14) 	 Transactions: 1414 (106 unique)   	 Time: 7.678506374359131[0m
2025-09-21 15:40:51,064 - Analysis - INFO - [1mGeneration number 96 	 Code coverage: 97.71% (171/175) 	 Branch coverage: 92.86% (13/14) 	 Transactions: 1434 (106 unique)   	 Time: 7.788747072219849[0m
2025-09-21 15:40:51,118 - Analysis - INFO - [1mGeneration number 97 	 Code coverage: 97.71% (171/175) 	 Branch coverage: 92.86% (13/14) 	 Transactions: 1445 (107 unique)   	 Time: 7.843085765838623[0m
2025-09-21 15:40:51,185 - Analysis - INFO - [1mGeneration number 98 	 Code coverage: 97.71% (171/175) 	 Branch coverage: 92.86% (13/14) 	 Transactions: 1455 (107 unique)   	 Time: 7.909751892089844[0m
2025-09-21 15:40:51,252 - Analysis - INFO - [1mGeneration number 99 	 Code coverage: 97.71% (171/175) 	 Branch coverage: 92.86% (13/14) 	 Transactions: 1465 (108 unique)   	 Time: 7.977121353149414[0m
2025-09-21 15:40:51,408 - Analysis - INFO - [1mGeneration number 100 	 Code coverage: 97.71% (171/175) 	 Branch coverage: 92.86% (13/14) 	 Transactions: 1490 (113 unique)   	 Time: 8.13268518447876[0m
2025-09-21 15:40:51,537 - Analysis - INFO - [1mGeneration number 101 	 Code coverage: 97.71% (171/175) 	 Branch coverage: 92.86% (13/14) 	 Transactions: 1510 (115 unique)   	 Time: 8.262105941772461[0m
2025-09-21 15:40:51,645 - Analysis - INFO - [1mGeneration number 102 	 Code coverage: 97.71% (171/175) 	 Branch coverage: 92.86% (13/14) 	 Transactions: 1526 (116 unique)   	 Time: 8.370401620864868[0m
2025-09-21 15:40:51,754 - Analysis - INFO - [1mGeneration number 103 	 Code coverage: 97.71% (171/175) 	 Branch coverage: 92.86% (13/14) 	 Transactions: 1542 (118 unique)   	 Time: 8.478713989257812[0m
2025-09-21 15:40:51,854 - Analysis - INFO - [1mGeneration number 104 	 Code coverage: 97.71% (171/175) 	 Branch coverage: 92.86% (13/14) 	 Transactions: 1558 (120 unique)   	 Time: 8.578957557678223[0m
2025-09-21 15:40:51,958 - Analysis - INFO - [1mGeneration number 105 	 Code coverage: 97.71% (171/175) 	 Branch coverage: 92.86% (13/14) 	 Transactions: 1574 (122 unique)   	 Time: 8.683258056640625[0m
2025-09-21 15:40:52,035 - Analysis - INFO - [1mGeneration number 106 	 Code coverage: 97.71% (171/175) 	 Branch coverage: 92.86% (13/14) 	 Transactions: 1585 (124 unique)   	 Time: 8.759717226028442[0m
2025-09-21 15:40:52,079 - Analysis - INFO - [1mGeneration number 107 	 Code coverage: 97.71% (171/175) 	 Branch coverage: 92.86% (13/14) 	 Transactions: 1593 (124 unique)   	 Time: 8.803833246231079[0m
2025-09-21 15:40:52,109 - Analysis - INFO - [1mGeneration number 108 	 Code coverage: 97.71% (171/175) 	 Branch coverage: 92.86% (13/14) 	 Transactions: 1597 (124 unique)   	 Time: 8.833845138549805[0m
2025-09-21 15:40:52,140 - Analysis - INFO - [1mGeneration number 109 	 Code coverage: 97.71% (171/175) 	 Branch coverage: 92.86% (13/14) 	 Transactions: 1602 (124 unique)   	 Time: 8.865577220916748[0m
2025-09-21 15:40:52,175 - Analysis - INFO - [1mGeneration number 110 	 Code coverage: 97.71% (171/175) 	 Branch coverage: 92.86% (13/14) 	 Transactions: 1608 (125 unique)   	 Time: 8.900160312652588[0m
2025-09-21 15:40:52,210 - Analysis - INFO - [1mGeneration number 111 	 Code coverage: 97.71% (171/175) 	 Branch coverage: 92.86% (13/14) 	 Transactions: 1614 (125 unique)   	 Time: 8.935463905334473[0m
2025-09-21 15:40:52,245 - Analysis - INFO - [1mGeneration number 112 	 Code coverage: 97.71% (171/175) 	 Branch coverage: 92.86% (13/14) 	 Transactions: 1620 (125 unique)   	 Time: 8.970519304275513[0m
2025-09-21 15:40:52,298 - Analysis - INFO - [1mGeneration number 113 	 Code coverage: 97.71% (171/175) 	 Branch coverage: 92.86% (13/14) 	 Transactions: 1631 (125 unique)   	 Time: 9.0232572555542[0m
2025-09-21 15:40:52,351 - Analysis - INFO - [1mGeneration number 114 	 Code coverage: 97.71% (171/175) 	 Branch coverage: 92.86% (13/14) 	 Transactions: 1642 (125 unique)   	 Time: 9.076607942581177[0m
2025-09-21 15:40:52,386 - Analysis - INFO - [1mGeneration number 115 	 Code coverage: 97.71% (171/175) 	 Branch coverage: 92.86% (13/14) 	 Transactions: 1648 (125 unique)   	 Time: 9.111165523529053[0m
2025-09-21 15:40:52,423 - Analysis - INFO - [1mGeneration number 116 	 Code coverage: 97.71% (171/175) 	 Branch coverage: 92.86% (13/14) 	 Transactions: 1654 (125 unique)   	 Time: 9.148044109344482[0m
2025-09-21 15:40:52,471 - Analysis - INFO - [1mGeneration number 117 	 Code coverage: 97.71% (171/175) 	 Branch coverage: 92.86% (13/14) 	 Transactions: 1663 (125 unique)   	 Time: 9.196256875991821[0m
2025-09-21 15:40:52,540 - Analysis - INFO - [1mGeneration number 118 	 Code coverage: 97.71% (171/175) 	 Branch coverage: 92.86% (13/14) 	 Transactions: 1674 (125 unique)   	 Time: 9.265644073486328[0m
2025-09-21 15:40:52,645 - Analysis - INFO - [1mGeneration number 119 	 Code coverage: 97.71% (171/175) 	 Branch coverage: 92.86% (13/14) 	 Transactions: 1689 (129 unique)   	 Time: 9.370119333267212[0m
2025-09-21 15:40:52,744 - Analysis - INFO - [1mGeneration number 120 	 Code coverage: 97.71% (171/175) 	 Branch coverage: 92.86% (13/14) 	 Transactions: 1704 (130 unique)   	 Time: 9.469155550003052[0m
2025-09-21 15:40:52,831 - Analysis - INFO - [1mGeneration number 121 	 Code coverage: 97.71% (171/175) 	 Branch coverage: 92.86% (13/14) 	 Transactions: 1716 (130 unique)   	 Time: 9.556381225585938[0m
2025-09-21 15:40:52,936 - Analysis - INFO - [1mGeneration number 122 	 Code coverage: 97.71% (171/175) 	 Branch coverage: 92.86% (13/14) 	 Transactions: 1731 (131 unique)   	 Time: 9.66085934638977[0m
2025-09-21 15:40:53,020 - Analysis - INFO - [1mGeneration number 123 	 Code coverage: 97.71% (171/175) 	 Branch coverage: 92.86% (13/14) 	 Transactions: 1743 (131 unique)   	 Time: 9.745580196380615[0m
2025-09-21 15:40:53,121 - Analysis - INFO - [1mGeneration number 124 	 Code coverage: 97.71% (171/175) 	 Branch coverage: 92.86% (13/14) 	 Transactions: 1758 (131 unique)   	 Time: 9.846572637557983[0m
2025-09-21 15:40:53,205 - Analysis - INFO - [1mGeneration number 125 	 Code coverage: 97.71% (171/175) 	 Branch coverage: 92.86% (13/14) 	 Transactions: 1770 (131 unique)   	 Time: 9.930565357208252[0m
2025-09-21 15:40:53,289 - Analysis - INFO - [1mGeneration number 126 	 Code coverage: 97.71% (171/175) 	 Branch coverage: 92.86% (13/14) 	 Transactions: 1782 (131 unique)   	 Time: 10.014103651046753[0m
2025-09-21 15:40:53,348 - Analysis - INFO - [1mGeneration number 127 	 Code coverage: 97.71% (171/175) 	 Branch coverage: 92.86% (13/14) 	 Transactions: 1794 (131 unique)   	 Time: 10.073420524597168[0m
2025-09-21 15:40:53,404 - Analysis - INFO - [1mGeneration number 128 	 Code coverage: 97.71% (171/175) 	 Branch coverage: 92.86% (13/14) 	 Transactions: 1805 (131 unique)   	 Time: 10.128988981246948[0m
2025-09-21 15:40:53,450 - Analysis - INFO - [1mGeneration number 129 	 Code coverage: 97.71% (171/175) 	 Branch coverage: 92.86% (13/14) 	 Transactions: 1813 (131 unique)   	 Time: 10.175366401672363[0m
2025-09-21 15:40:53,512 - Analysis - INFO - [1mGeneration number 130 	 Code coverage: 97.71% (171/175) 	 Branch coverage: 92.86% (13/14) 	 Transactions: 1826 (131 unique)   	 Time: 10.237014770507812[0m
2025-09-21 15:40:53,562 - Analysis - INFO - [1mGeneration number 131 	 Code coverage: 97.71% (171/175) 	 Branch coverage: 92.86% (13/14) 	 Transactions: 1836 (131 unique)   	 Time: 10.286695003509521[0m
2025-09-21 15:40:53,615 - Analysis - INFO - [1mGeneration number 132 	 Code coverage: 97.71% (171/175) 	 Branch coverage: 92.86% (13/14) 	 Transactions: 1847 (131 unique)   	 Time: 10.339714050292969[0m
2025-09-21 15:40:53,668 - Analysis - INFO - [1mGeneration number 133 	 Code coverage: 97.71% (171/175) 	 Branch coverage: 92.86% (13/14) 	 Transactions: 1858 (131 unique)   	 Time: 10.392708778381348[0m
2025-09-21 15:40:53,720 - Analysis - INFO - [1mGeneration number 134 	 Code coverage: 97.71% (171/175) 	 Branch coverage: 92.86% (13/14) 	 Transactions: 1869 (131 unique)   	 Time: 10.44527006149292[0m
2025-09-21 15:40:53,755 - Analysis - INFO - [1mGeneration number 135 	 Code coverage: 97.71% (171/175) 	 Branch coverage: 92.86% (13/14) 	 Transactions: 1875 (131 unique)   	 Time: 10.480201721191406[0m
2025-09-21 15:40:53,808 - Analysis - INFO - [1mGeneration number 136 	 Code coverage: 97.71% (171/175) 	 Branch coverage: 92.86% (13/14) 	 Transactions: 1886 (131 unique)   	 Time: 10.533365964889526[0m
2025-09-21 15:40:53,857 - Analysis - INFO - [1mGeneration number 137 	 Code coverage: 97.71% (171/175) 	 Branch coverage: 92.86% (13/14) 	 Transactions: 1896 (131 unique)   	 Time: 10.58214259147644[0m
2025-09-21 15:40:53,932 - Analysis - INFO - [1mGeneration number 138 	 Code coverage: 97.71% (171/175) 	 Branch coverage: 92.86% (13/14) 	 Transactions: 1906 (131 unique)   	 Time: 10.656997680664062[0m
2025-09-21 15:40:54,007 - Analysis - INFO - [1mGeneration number 139 	 Code coverage: 97.71% (171/175) 	 Branch coverage: 92.86% (13/14) 	 Transactions: 1917 (132 unique)   	 Time: 10.732471227645874[0m
2025-09-21 15:40:54,099 - Analysis - INFO - [1mGeneration number 140 	 Code coverage: 97.71% (171/175) 	 Branch coverage: 92.86% (13/14) 	 Transactions: 1932 (133 unique)   	 Time: 10.824087858200073[0m
2025-09-21 15:40:54,196 - Analysis - INFO - [1mGeneration number 141 	 Code coverage: 97.71% (171/175) 	 Branch coverage: 92.86% (13/14) 	 Transactions: 1948 (133 unique)   	 Time: 10.921238899230957[0m
2025-09-21 15:40:54,302 - Analysis - INFO - [1mGeneration number 142 	 Code coverage: 97.71% (171/175) 	 Branch coverage: 92.86% (13/14) 	 Transactions: 1966 (134 unique)   	 Time: 11.027552366256714[0m
2025-09-21 15:40:54,425 - Analysis - INFO - [1mGeneration number 143 	 Code coverage: 97.71% (171/175) 	 Branch coverage: 92.86% (13/14) 	 Transactions: 1989 (137 unique)   	 Time: 11.150298833847046[0m
2025-09-21 15:40:54,532 - Analysis - INFO - [1mGeneration number 144 	 Code coverage: 97.71% (171/175) 	 Branch coverage: 92.86% (13/14) 	 Transactions: 2008 (138 unique)   	 Time: 11.256872653961182[0m
2025-09-21 15:40:54,633 - Analysis - INFO - [1mGeneration number 145 	 Code coverage: 97.71% (171/175) 	 Branch coverage: 92.86% (13/14) 	 Transactions: 2028 (139 unique)   	 Time: 11.358459711074829[0m
2025-09-21 15:40:54,739 - Analysis - INFO - [1mGeneration number 146 	 Code coverage: 97.71% (171/175) 	 Branch coverage: 92.86% (13/14) 	 Transactions: 2048 (139 unique)   	 Time: 11.463809967041016[0m
2025-09-21 15:40:54,795 - Analysis - INFO - [1mGeneration number 147 	 Code coverage: 97.71% (171/175) 	 Branch coverage: 92.86% (13/14) 	 Transactions: 2060 (139 unique)   	 Time: 11.520247220993042[0m
2025-09-21 15:40:54,823 - Analysis - INFO - [1mGeneration number 148 	 Code coverage: 97.71% (171/175) 	 Branch coverage: 92.86% (13/14) 	 Transactions: 2064 (139 unique)   	 Time: 11.54848599433899[0m
2025-09-21 15:40:54,855 - Analysis - INFO - [1mGeneration number 149 	 Code coverage: 97.71% (171/175) 	 Branch coverage: 92.86% (13/14) 	 Transactions: 2069 (139 unique)   	 Time: 11.57987093925476[0m
2025-09-21 15:40:54,908 - Analysis - INFO - [1mGeneration number 150 	 Code coverage: 97.71% (171/175) 	 Branch coverage: 92.86% (13/14) 	 Transactions: 2080 (140 unique)   	 Time: 11.632731437683105[0m
2025-09-21 15:40:54,966 - Analysis - INFO - [1mGeneration number 151 	 Code coverage: 97.71% (171/175) 	 Branch coverage: 92.86% (13/14) 	 Transactions: 2091 (140 unique)   	 Time: 11.691501140594482[0m
2025-09-21 15:40:55,019 - Analysis - INFO - [1mGeneration number 152 	 Code coverage: 97.71% (171/175) 	 Branch coverage: 92.86% (13/14) 	 Transactions: 2102 (140 unique)   	 Time: 11.744560241699219[0m
2025-09-21 15:40:55,076 - Analysis - INFO - [1mGeneration number 153 	 Code coverage: 97.71% (171/175) 	 Branch coverage: 92.86% (13/14) 	 Transactions: 2114 (141 unique)   	 Time: 11.801015377044678[0m
2025-09-21 15:40:55,132 - Analysis - INFO - [1mGeneration number 154 	 Code coverage: 97.71% (171/175) 	 Branch coverage: 92.86% (13/14) 	 Transactions: 2126 (141 unique)   	 Time: 11.857549667358398[0m
2025-09-21 15:40:55,188 - Analysis - INFO - [1mGeneration number 155 	 Code coverage: 97.71% (171/175) 	 Branch coverage: 92.86% (13/14) 	 Transactions: 2138 (142 unique)   	 Time: 11.91333532333374[0m
2025-09-21 15:40:55,242 - Analysis - INFO - [1mGeneration number 156 	 Code coverage: 97.71% (171/175) 	 Branch coverage: 92.86% (13/14) 	 Transactions: 2149 (142 unique)   	 Time: 11.966805696487427[0m
2025-09-21 15:40:55,280 - Analysis - INFO - [1mGeneration number 157 	 Code coverage: 97.71% (171/175) 	 Branch coverage: 92.86% (13/14) 	 Transactions: 2156 (142 unique)   	 Time: 12.005263805389404[0m
2025-09-21 15:40:55,317 - Analysis - INFO - [1mGeneration number 158 	 Code coverage: 97.71% (171/175) 	 Branch coverage: 92.86% (13/14) 	 Transactions: 2162 (142 unique)   	 Time: 12.04206895828247[0m
2025-09-21 15:40:55,364 - Analysis - INFO - [1mGeneration number 159 	 Code coverage: 97.71% (171/175) 	 Branch coverage: 92.86% (13/14) 	 Transactions: 2171 (142 unique)   	 Time: 12.088990926742554[0m
2025-09-21 15:40:55,434 - Analysis - INFO - [1mGeneration number 160 	 Code coverage: 97.71% (171/175) 	 Branch coverage: 92.86% (13/14) 	 Transactions: 2186 (142 unique)   	 Time: 12.159348011016846[0m
2025-09-21 15:40:55,508 - Analysis - INFO - [1mGeneration number 161 	 Code coverage: 97.71% (171/175) 	 Branch coverage: 92.86% (13/14) 	 Transactions: 2203 (143 unique)   	 Time: 12.233640193939209[0m
2025-09-21 15:40:55,583 - Analysis - INFO - [1mGeneration number 162 	 Code coverage: 97.71% (171/175) 	 Branch coverage: 92.86% (13/14) 	 Transactions: 2220 (143 unique)   	 Time: 12.307950973510742[0m
2025-09-21 15:40:55,636 - Analysis - INFO - [1mGeneration number 163 	 Code coverage: 97.71% (171/175) 	 Branch coverage: 92.86% (13/14) 	 Transactions: 2231 (143 unique)   	 Time: 12.361067295074463[0m
2025-09-21 15:40:55,689 - Analysis - INFO - [1mGeneration number 164 	 Code coverage: 97.71% (171/175) 	 Branch coverage: 92.86% (13/14) 	 Transactions: 2242 (143 unique)   	 Time: 12.413944482803345[0m
2025-09-21 15:40:55,745 - Analysis - INFO - [1mGeneration number 165 	 Code coverage: 97.71% (171/175) 	 Branch coverage: 92.86% (13/14) 	 Transactions: 2254 (143 unique)   	 Time: 12.469810724258423[0m
2025-09-21 15:40:55,797 - Analysis - INFO - [1mGeneration number 166 	 Code coverage: 97.71% (171/175) 	 Branch coverage: 92.86% (13/14) 	 Transactions: 2265 (143 unique)   	 Time: 12.522448301315308[0m
2025-09-21 15:40:55,843 - Analysis - INFO - [1mGeneration number 167 	 Code coverage: 97.71% (171/175) 	 Branch coverage: 92.86% (13/14) 	 Transactions: 2275 (143 unique)   	 Time: 12.567678451538086[0m
2025-09-21 15:40:55,886 - Analysis - INFO - [1mGeneration number 168 	 Code coverage: 97.71% (171/175) 	 Branch coverage: 92.86% (13/14) 	 Transactions: 2283 (143 unique)   	 Time: 12.610984802246094[0m
2025-09-21 15:40:55,943 - Analysis - INFO - [1mGeneration number 169 	 Code coverage: 97.71% (171/175) 	 Branch coverage: 92.86% (13/14) 	 Transactions: 2293 (143 unique)   	 Time: 12.668090343475342[0m
2025-09-21 15:40:56,018 - Analysis - INFO - [1mGeneration number 170 	 Code coverage: 97.71% (171/175) 	 Branch coverage: 92.86% (13/14) 	 Transactions: 2310 (146 unique)   	 Time: 12.742947816848755[0m
2025-09-21 15:40:56,071 - Analysis - INFO - [1mGeneration number 171 	 Code coverage: 97.71% (171/175) 	 Branch coverage: 92.86% (13/14) 	 Transactions: 2321 (146 unique)   	 Time: 12.795915603637695[0m
2025-09-21 15:40:56,142 - Analysis - INFO - [1mGeneration number 172 	 Code coverage: 97.71% (171/175) 	 Branch coverage: 92.86% (13/14) 	 Transactions: 2337 (146 unique)   	 Time: 12.867603302001953[0m
2025-09-21 15:40:56,238 - Analysis - INFO - [1mGeneration number 173 	 Code coverage: 97.71% (171/175) 	 Branch coverage: 92.86% (13/14) 	 Transactions: 2353 (146 unique)   	 Time: 12.963374853134155[0m
2025-09-21 15:40:56,310 - Analysis - INFO - [1mGeneration number 174 	 Code coverage: 97.71% (171/175) 	 Branch coverage: 92.86% (13/14) 	 Transactions: 2369 (146 unique)   	 Time: 13.035244703292847[0m
2025-09-21 15:40:56,385 - Analysis - INFO - [1mGeneration number 175 	 Code coverage: 97.71% (171/175) 	 Branch coverage: 92.86% (13/14) 	 Transactions: 2386 (146 unique)   	 Time: 13.110195636749268[0m
2025-09-21 15:40:56,464 - Analysis - INFO - [1mGeneration number 176 	 Code coverage: 97.71% (171/175) 	 Branch coverage: 92.86% (13/14) 	 Transactions: 2403 (146 unique)   	 Time: 13.188684701919556[0m
2025-09-21 15:40:56,502 - Analysis - INFO - [1mGeneration number 177 	 Code coverage: 97.71% (171/175) 	 Branch coverage: 92.86% (13/14) 	 Transactions: 2410 (146 unique)   	 Time: 13.227509498596191[0m
2025-09-21 15:40:56,546 - Analysis - INFO - [1mGeneration number 178 	 Code coverage: 97.71% (171/175) 	 Branch coverage: 92.86% (13/14) 	 Transactions: 2418 (146 unique)   	 Time: 13.271373271942139[0m
2025-09-21 15:40:56,615 - Analysis - INFO - [1mGeneration number 179 	 Code coverage: 97.71% (171/175) 	 Branch coverage: 92.86% (13/14) 	 Transactions: 2431 (146 unique)   	 Time: 13.339816093444824[0m
2025-09-21 15:40:56,693 - Analysis - INFO - [1mGeneration number 180 	 Code coverage: 97.71% (171/175) 	 Branch coverage: 92.86% (13/14) 	 Transactions: 2448 (146 unique)   	 Time: 13.417873859405518[0m
2025-09-21 15:40:56,768 - Analysis - INFO - [1mGeneration number 181 	 Code coverage: 97.71% (171/175) 	 Branch coverage: 92.86% (13/14) 	 Transactions: 2464 (146 unique)   	 Time: 13.49296259880066[0m
2025-09-21 15:40:56,861 - Analysis - INFO - [1mGeneration number 182 	 Code coverage: 97.71% (171/175) 	 Branch coverage: 92.86% (13/14) 	 Transactions: 2485 (147 unique)   	 Time: 13.586146116256714[0m
2025-09-21 15:40:56,957 - Analysis - INFO - [1mGeneration number 183 	 Code coverage: 97.71% (171/175) 	 Branch coverage: 92.86% (13/14) 	 Transactions: 2506 (148 unique)   	 Time: 13.682384252548218[0m
2025-09-21 15:40:57,039 - Analysis - INFO - [1mGeneration number 184 	 Code coverage: 97.71% (171/175) 	 Branch coverage: 92.86% (13/14) 	 Transactions: 2524 (148 unique)   	 Time: 13.76409125328064[0m
2025-09-21 15:40:57,102 - Analysis - INFO - [1mGeneration number 185 	 Code coverage: 97.71% (171/175) 	 Branch coverage: 92.86% (13/14) 	 Transactions: 2537 (148 unique)   	 Time: 13.827337503433228[0m
2025-09-21 15:40:57,202 - Analysis - INFO - [1mGeneration number 186 	 Code coverage: 97.71% (171/175) 	 Branch coverage: 92.86% (13/14) 	 Transactions: 2560 (150 unique)   	 Time: 13.927221298217773[0m
2025-09-21 15:40:57,255 - Analysis - INFO - [1mGeneration number 187 	 Code coverage: 97.71% (171/175) 	 Branch coverage: 92.86% (13/14) 	 Transactions: 2571 (150 unique)   	 Time: 13.980108261108398[0m
2025-09-21 15:40:57,293 - Analysis - INFO - [1mGeneration number 188 	 Code coverage: 97.71% (171/175) 	 Branch coverage: 92.86% (13/14) 	 Transactions: 2577 (150 unique)   	 Time: 14.017793655395508[0m
2025-09-21 15:40:57,389 - Analysis - INFO - [1mGeneration number 189 	 Code coverage: 97.71% (171/175) 	 Branch coverage: 92.86% (13/14) 	 Transactions: 2596 (152 unique)   	 Time: 14.113979816436768[0m
2025-09-21 15:40:57,469 - Analysis - INFO - [1mGeneration number 190 	 Code coverage: 97.71% (171/175) 	 Branch coverage: 92.86% (13/14) 	 Transactions: 2610 (152 unique)   	 Time: 14.19425368309021[0m
2025-09-21 15:40:57,567 - Analysis - INFO - [1mGeneration number 191 	 Code coverage: 97.71% (171/175) 	 Branch coverage: 92.86% (13/14) 	 Transactions: 2629 (155 unique)   	 Time: 14.292429447174072[0m
2025-09-21 15:40:57,642 - Analysis - INFO - [1mGeneration number 192 	 Code coverage: 97.71% (171/175) 	 Branch coverage: 92.86% (13/14) 	 Transactions: 2643 (155 unique)   	 Time: 14.367337703704834[0m
2025-09-21 15:40:57,707 - Analysis - INFO - [1mGeneration number 193 	 Code coverage: 97.71% (171/175) 	 Branch coverage: 92.86% (13/14) 	 Transactions: 2654 (155 unique)   	 Time: 14.43255090713501[0m
2025-09-21 15:40:57,770 - Analysis - INFO - [1mGeneration number 194 	 Code coverage: 97.71% (171/175) 	 Branch coverage: 92.86% (13/14) 	 Transactions: 2665 (155 unique)   	 Time: 14.494737148284912[0m
2025-09-21 15:40:57,835 - Analysis - INFO - [1mGeneration number 195 	 Code coverage: 97.71% (171/175) 	 Branch coverage: 92.86% (13/14) 	 Transactions: 2676 (155 unique)   	 Time: 14.560451745986938[0m
2025-09-21 15:40:57,928 - Analysis - INFO - [1mGeneration number 196 	 Code coverage: 97.71% (171/175) 	 Branch coverage: 92.86% (13/14) 	 Transactions: 2692 (155 unique)   	 Time: 14.653554916381836[0m
2025-09-21 15:40:57,994 - Analysis - INFO - [1mGeneration number 197 	 Code coverage: 97.71% (171/175) 	 Branch coverage: 92.86% (13/14) 	 Transactions: 2704 (155 unique)   	 Time: 14.718886613845825[0m
2025-09-21 15:40:58,049 - Analysis - INFO - [1mGeneration number 198 	 Code coverage: 97.71% (171/175) 	 Branch coverage: 92.86% (13/14) 	 Transactions: 2715 (155 unique)   	 Time: 14.774522066116333[0m
2025-09-21 15:40:58,115 - Analysis - INFO - [1mGeneration number 199 	 Code coverage: 97.71% (171/175) 	 Branch coverage: 92.86% (13/14) 	 Transactions: 2729 (156 unique)   	 Time: 14.840077638626099[0m
2025-09-21 15:40:58,190 - Analysis - INFO - [1mGeneration number 200 	 Code coverage: 97.71% (171/175) 	 Branch coverage: 92.86% (13/14) 	 Transactions: 2746 (156 unique)   	 Time: 14.914856910705566[0m
2025-09-21 15:40:58,246 - Analysis - INFO - [1mGeneration number 201 	 Code coverage: 97.71% (171/175) 	 Branch coverage: 92.86% (13/14) 	 Transactions: 2758 (156 unique)   	 Time: 14.971293687820435[0m
2025-09-21 15:40:58,302 - Analysis - INFO - [1mGeneration number 202 	 Code coverage: 97.71% (171/175) 	 Branch coverage: 92.86% (13/14) 	 Transactions: 2770 (156 unique)   	 Time: 15.026991367340088[0m
2025-09-21 15:40:58,312 - Analysis - INFO - [1m-----------------------------------------------------[0m
2025-09-21 15:40:58,312 - Analysis - INFO - Number of generations: 	 202
2025-09-21 15:40:58,312 - Analysis - INFO - Number of transactions: 	 2770 (156 unique)
2025-09-21 15:40:58,312 - Analysis - INFO - Transactions per second: 	 184
2025-09-21 15:40:58,312 - Analysis - INFO - Total code coverage: 	 97.71% (171/175)
2025-09-21 15:40:58,312 - Analysis - INFO - Total branch coverage: 	 92.86% (13/14)
2025-09-21 15:40:58,313 - Analysis - INFO - Total execution time: 	 15.04 seconds
2025-09-21 15:40:58,313 - Analysis - INFO - Total memory consumption: 	 66.71 MB

     ______            ______                _           
    / ____/___  ____  / ____/_  __________  (_)_  _______
   / /   / __ \/ __ \/ /_  / / / /_  /_  / / / / / / ___/
  / /___/ /_/ / / / / __/ / /_/ / / /_/ /_/ / /_/ (__  ) 
  \____/\____/_/ /_/_/    \__,_/ /___/___/_/\__,_/____/  

delteed file
