Extract contract EtherBank from /sb/etherbank.sol
Extracted 1 contract(s) from /sb/etherbank.sol
[0;32m> Created "fuzzMe"[0m
[0;32m> To fuzz contracts:[0m
  chmod +x fuzzMe
  ./fuzzMe
contracts/EtherBank.sol:21:55: Warning: "throw" is deprecated in favour of "revert()", "require()" and "assert()".
		if (!(msg.sender.call.value(amountToWithdraw)())) { throw; }
		                                                    ^---^
contracts/EtherBank.sol:10:5: Warning: No visibility specified. Defaulting to "public". 
    function getBalance(address user) constant returns(uint) {  
    ^ (Relevant source part starts here and spans across multiple lines).
contracts/EtherBank.sol:14:2: Warning: No visibility specified. Defaulting to "public". 
	function addToBalance() {  
 ^ (Relevant source part starts here and spans across multiple lines).
contracts/EtherBank.sol:15:31: Warning: "msg.value" used in non-payable function. Do you want to add the "payable" modifier to this function?
		userBalances[msg.sender] += msg.value;
		                            ^-------^
contracts/EtherBank.sol:18:2: Warning: No visibility specified. Defaulting to "public". 
	function withdrawBalance() {  
 ^ (Relevant source part starts here and spans across multiple lines).
assets/NormalAttacker.sol:5:3: Warning: No visibility specified. Defaulting to "public". 
  function() payable {
  ^ (Relevant source part starts here and spans across multiple lines).
assets/ReentrancyAttacker.sol:8:7: Warning: Return value of low-level calls not used.
      msg.sender.call(bytes4(255));
      ^--------------------------^
assets/ReentrancyAttacker.sol:5:3: Warning: No visibility specified. Defaulting to "public". 
  function() payable {
  ^ (Relevant source part starts here and spans across multiple lines).
>> Fuzz EtherBank
** Write stats: 0.00975
** Write stats: 5.00115
** Write stats: 10.0004
** Write stats: 15.0001
** Write stats: 20.0001
** Write stats: 25.0019
** Write stats: 30.0074
** Write stats: 35.0006
** Write stats: 40.01
** Write stats: 45.0044
** Write stats: 50.004
** Write stats: 55.0083
** Write stats: 60.0059
** Write stats: 65.004
** Write stats: 70.0012
** Write stats: 75.0028
** Write stats: 80.0048
** Write stats: 85.0034
** Write stats: 90.0043
** Write stats: 95.0084
** Write stats: 100.004
** Write stats: 105.012
** Write stats: 110.014
** Write stats: 115.013
** Write stats: 120.015
** Write stats: 120.017
