Extract contract Lottery from /sb/lottery.sol
Extracted 1 contract(s) from /sb/lottery.sol
[0;32m> Created "fuzzMe"[0m
[0;32m> To fuzz contracts:[0m
  chmod +x fuzzMe
  ./fuzzMe
contracts/Lottery.sol:24:6: Warning: Defining constructors as functions with the same name as the contract is deprecated. Use "constructor(...) { ... }" instead.
     function Lottery() {
     ^ (Relevant source part starts here and spans across multiple lines).
contracts/Lottery.sol:30:10: Warning: "throw" is deprecated in favour of "revert()", "require()" and "assert()".
         throw;
         ^---^
contracts/Lottery.sol:48:18: Warning: "throw" is deprecated in favour of "revert()", "require()" and "assert()".
                 throw;
                 ^---^
contracts/Lottery.sol:55:40: Warning: "throw" is deprecated in favour of "revert()", "require()" and "assert()".
         if(msg.sender != organizer) { throw; }
                                       ^---^
contracts/Lottery.sol:64:40: Warning: "throw" is deprecated in favour of "revert()", "require()" and "assert()".
         if(msg.sender != organizer) { throw; }
                                       ^---^
contracts/Lottery.sol:58:14: Warning: Invoking events without "emit" prefix is deprecated.
             GetBet(bets[i].betAmount, bets[i].blockNumber, bets[i].won);
             ^---------------------------------------------------------^
contracts/Lottery.sol:66:10: Warning: "suicide" has been deprecated in favour of "selfdestruct"
         suicide(organizer);
         ^----------------^
contracts/Lottery.sol:24:6: Warning: No visibility specified. Defaulting to "public". 
     function Lottery() {
     ^ (Relevant source part starts here and spans across multiple lines).
contracts/Lottery.sol:29:6: Warning: No visibility specified. Defaulting to "public". 
     function() {
     ^ (Relevant source part starts here and spans across multiple lines).
contracts/Lottery.sol:34:6: Warning: No visibility specified. Defaulting to "public". 
     function makeBet() {
     ^ (Relevant source part starts here and spans across multiple lines).
contracts/Lottery.sol:42:24: Warning: "msg.value" used in non-payable function. Do you want to add the "payable" modifier to this function?
         bets.push(Bet(msg.value, block.number, won));
                       ^-------^
contracts/Lottery.sol:46:34: Warning: "msg.value" used in non-payable function. Do you want to add the "payable" modifier to this function?
             if(!msg.sender.send(msg.value)) {
                                 ^-------^
contracts/Lottery.sol:54:6: Warning: No visibility specified. Defaulting to "public". 
     function getBets() {
     ^ (Relevant source part starts here and spans across multiple lines).
contracts/Lottery.sol:63:6: Warning: No visibility specified. Defaulting to "public". 
     function destroy() {
     ^ (Relevant source part starts here and spans across multiple lines).
assets/NormalAttacker.sol:5:3: Warning: No visibility specified. Defaulting to "public". 
  function() payable {
  ^ (Relevant source part starts here and spans across multiple lines).
assets/ReentrancyAttacker.sol:8:7: Warning: Return value of low-level calls not used.
      msg.sender.call(bytes4(255));
      ^--------------------------^
assets/ReentrancyAttacker.sol:5:3: Warning: No visibility specified. Defaulting to "public". 
  function() payable {
  ^ (Relevant source part starts here and spans across multiple lines).
>> Fuzz Lottery
** Write stats: 0.014703
** Write stats: 5.00005
** Write stats: 10.0001
** Write stats: 15
** Write stats: 20.0002
** Write stats: 25.0001
** Write stats: 30.0001
** Write stats: 35.0001
** Write stats: 40.0002
** Write stats: 45.0003
** Write stats: 50.0001
** Write stats: 55.0001
** Write stats: 60.0213
** Write stats: 65.0762
** Write stats: 70.0237
** Write stats: 75.1099
** Write stats: 80.1238
** Write stats: 90.0425
** Write stats: 95.0254
** Write stats: 100.089
** Write stats: 105.018
** Write stats: 110.126
** Write stats: 115.077
** Write stats: 120.101
** Write stats: 131.499
