2025-09-21 15:22:56,067 - Main     - INFO - [1mInitializing seed to 1427655.0[0m
2025-09-21 15:22:56,196 - Fuzzer   - INFO - [1mFuzzing contract [1mContractReceiver[0m[0m
2025-09-21 15:22:56,222 - Analysis - INFO - [1mGeneration number 0 	 Code coverage: 98.55% (340/345) 	 Branch coverage: 71.43% (10/14) 	 Transactions: 5 (4 unique)   	 Time: 0.020116090774536133[0m
2025-09-21 15:22:56,231 - Detector - INFO - [1m[33m-----------------------------------------------------[0m
2025-09-21 15:22:56,231 - Detector - INFO - [1m[33m          !!! Assertion failure detected !!!         [0m
2025-09-21 15:22:56,231 - Detector - INFO - [1m[33m-----------------------------------------------------[0m
2025-09-21 15:22:56,231 - Detector - INFO - [1m[33mSWC-ID:   110[0m
2025-09-21 15:22:56,231 - Detector - INFO - [1m[33mSeverity: Medium[0m
2025-09-21 15:22:56,231 - Detector - INFO - [1m[33m-----------------------------------------------------[0m
2025-09-21 15:22:56,231 - Detector - INFO - [1m[33mSource code line:[0m
2025-09-21 15:22:56,231 - Detector - INFO - [1m[33m-----------------------------------------------------[0m
2025-09-21 15:22:56,231 - Detector - INFO - [1m[33m/sb/0x837f936009afb90e31751a4e92d9cc9350a92d93.sol:129:1[0m
2025-09-21 15:22:56,231 - Detector - INFO - [1m[33m_data[1][0m
2025-09-21 15:22:56,231 - Detector - INFO - [1m[33m-----------------------------------------------------[0m
2025-09-21 15:22:56,231 - Detector - INFO - [1m[33mTransaction sequence:[0m
2025-09-21 15:22:56,231 - Detector - INFO - [1m[33m-----------------------------------------------------[0m
2025-09-21 15:22:56,231 - Detector - INFO - [1m[33mTransaction - tokenFallback(address,uint256,bytes):[0m
2025-09-21 15:22:56,231 - Detector - INFO - [1m[33m-----------------------------------------------------[0m
2025-09-21 15:22:56,231 - Detector - INFO - [1m[33mFrom:      0xcafebabecafebabecafebabecafebabecafebabe[0m
2025-09-21 15:22:56,231 - Detector - INFO - [1m[33mTo:        0x2c5e8a3b3aad9df32339409534e64dfcabcd3a65[0m
2025-09-21 15:22:56,231 - Detector - INFO - [1m[33mValue:     0 Wei[0m
2025-09-21 15:22:56,232 - Detector - INFO - [1m[33mGas Limit: 4500000[0m
2025-09-21 15:22:56,232 - Detector - INFO - [1m[33mInput:     0xc0ee0b8a000000000000000000000000cafebabe[0m
2025-09-21 15:22:56,232 - Detector - INFO - [1m[33m           cafebabecafebabecafebabecafebabeffffffffff[0m
2025-09-21 15:22:56,232 - Detector - INFO - [1m[33m           ffffffffffffffffffffffffffffffffffffffffff[0m
2025-09-21 15:22:56,232 - Detector - INFO - [1m[33m           ffffffffffff000000000000000000000000000000[0m
2025-09-21 15:22:56,232 - Detector - INFO - [1m[33m           000000000000000000000000000000006000000000[0m
2025-09-21 15:22:56,232 - Detector - INFO - [1m[33m           000000000000000000000000000000000000000000[0m
2025-09-21 15:22:56,232 - Detector - INFO - [1m[33m           000000000000019c00000000000000000000000000[0m
2025-09-21 15:22:56,232 - Detector - INFO - [1m[33m           000000000000000000000000000000000000[0m
2025-09-21 15:22:56,232 - Detector - INFO - [1m[33m-----------------------------------------------------[0m
2025-09-21 15:22:56,250 - Analysis - INFO - [1mGeneration number 1 	 Code coverage: 98.84% (341/345) 	 Branch coverage: 78.57% (11/14) 	 Transactions: 8 (6 unique)   	 Time: 0.04820609092712402[0m
2025-09-21 15:22:56,272 - Analysis - INFO - [1mGeneration number 2 	 Code coverage: 98.84% (341/345) 	 Branch coverage: 78.57% (11/14) 	 Transactions: 12 (8 unique)   	 Time: 0.06985187530517578[0m
2025-09-21 15:22:56,304 - Analysis - INFO - [1mGeneration number 3 	 Code coverage: 98.84% (341/345) 	 Branch coverage: 78.57% (11/14) 	 Transactions: 16 (12 unique)   	 Time: 0.10215187072753906[0m
2025-09-21 15:22:56,311 - Detector - INFO - [1m[33m-----------------------------------------------------[0m
2025-09-21 15:22:56,311 - Detector - INFO - [1m[33m          !!! Assertion failure detected !!!         [0m
2025-09-21 15:22:56,311 - Detector - INFO - [1m[33m-----------------------------------------------------[0m
2025-09-21 15:22:56,311 - Detector - INFO - [1m[33mSWC-ID:   110[0m
2025-09-21 15:22:56,311 - Detector - INFO - [1m[33mSeverity: Medium[0m
2025-09-21 15:22:56,311 - Detector - INFO - [1m[33m-----------------------------------------------------[0m
2025-09-21 15:22:56,311 - Detector - INFO - [1m[33mSource code line:[0m
2025-09-21 15:22:56,311 - Detector - INFO - [1m[33m-----------------------------------------------------[0m
2025-09-21 15:22:56,311 - Detector - INFO - [1m[33m/sb/0x837f936009afb90e31751a4e92d9cc9350a92d93.sol:129:1[0m
2025-09-21 15:22:56,311 - Detector - INFO - [1m[33m_data[0][0m
2025-09-21 15:22:56,311 - Detector - INFO - [1m[33m-----------------------------------------------------[0m
2025-09-21 15:22:56,311 - Detector - INFO - [1m[33mTransaction sequence:[0m
2025-09-21 15:22:56,311 - Detector - INFO - [1m[33m-----------------------------------------------------[0m
2025-09-21 15:22:56,311 - Detector - INFO - [1m[33mTransaction - tokenFallback(address,uint256,bytes):[0m
2025-09-21 15:22:56,312 - Detector - INFO - [1m[33m-----------------------------------------------------[0m
2025-09-21 15:22:56,312 - Detector - INFO - [1m[33mFrom:      0xdeadbeefdeadbeefdeadbeefdeadbeefdeadbeef[0m
2025-09-21 15:22:56,312 - Detector - INFO - [1m[33mTo:        0x2c5e8a3b3aad9df32339409534e64dfcabcd3a65[0m
2025-09-21 15:22:56,312 - Detector - INFO - [1m[33mValue:     0 Wei[0m
2025-09-21 15:22:56,312 - Detector - INFO - [1m[33mGas Limit: 4500000[0m
2025-09-21 15:22:56,312 - Detector - INFO - [1m[33mInput:     0xc0ee0b8a000000000000000000000000cafebabe[0m
2025-09-21 15:22:56,312 - Detector - INFO - [1m[33m           cafebabecafebabecafebabecafebabe8482b347b8[0m
2025-09-21 15:22:56,312 - Detector - INFO - [1m[33m           09aa324364576a9961f8ba338ab6d010834ab372fe[0m
2025-09-21 15:22:56,312 - Detector - INFO - [1m[33m           d1922f3c68fa000000000000000000000000000000[0m
2025-09-21 15:22:56,312 - Detector - INFO - [1m[33m           000000000000000000000000000000006000000000[0m
2025-09-21 15:22:56,312 - Detector - INFO - [1m[33m           000000000000000000000000000000000000000000[0m
2025-09-21 15:22:56,312 - Detector - INFO - [1m[33m           000000000000000000000000000000000000000000[0m
2025-09-21 15:22:56,312 - Detector - INFO - [1m[33m           000000000000000000000000000000000000[0m
2025-09-21 15:22:56,312 - Detector - INFO - [1m[33m-----------------------------------------------------[0m
2025-09-21 15:22:56,332 - Analysis - INFO - [1mGeneration number 4 	 Code coverage: 99.13% (342/345) 	 Branch coverage: 85.71% (12/14) 	 Transactions: 20 (15 unique)   	 Time: 0.13018584251403809[0m
2025-09-21 15:22:56,371 - Analysis - INFO - [1mGeneration number 5 	 Code coverage: 99.13% (342/345) 	 Branch coverage: 85.71% (12/14) 	 Transactions: 24 (19 unique)   	 Time: 0.16911005973815918[0m
2025-09-21 15:22:56,430 - Analysis - INFO - [1mGeneration number 6 	 Code coverage: 99.13% (342/345) 	 Branch coverage: 85.71% (12/14) 	 Transactions: 28 (22 unique)   	 Time: 0.2276318073272705[0m
2025-09-21 15:22:56,474 - Analysis - INFO - [1mGeneration number 7 	 Code coverage: 99.13% (342/345) 	 Branch coverage: 85.71% (12/14) 	 Transactions: 32 (25 unique)   	 Time: 0.2715475559234619[0m
2025-09-21 15:22:56,514 - Analysis - INFO - [1mGeneration number 8 	 Code coverage: 99.13% (342/345) 	 Branch coverage: 85.71% (12/14) 	 Transactions: 36 (29 unique)   	 Time: 0.3113234043121338[0m
2025-09-21 15:22:56,544 - Analysis - INFO - [1mGeneration number 9 	 Code coverage: 99.13% (342/345) 	 Branch coverage: 85.71% (12/14) 	 Transactions: 40 (33 unique)   	 Time: 0.34180474281311035[0m
2025-09-21 15:22:56,575 - Analysis - INFO - [1mGeneration number 10 	 Code coverage: 99.13% (342/345) 	 Branch coverage: 85.71% (12/14) 	 Transactions: 44 (37 unique)   	 Time: 0.373180627822876[0m
2025-09-21 15:22:56,576 - Analysis - INFO - [1m-----------------------------------------------------[0m
2025-09-21 15:22:56,576 - Analysis - INFO - Number of generations: 	 10
2025-09-21 15:22:56,576 - Analysis - INFO - Number of transactions: 	 44 (37 unique)
2025-09-21 15:22:56,576 - Analysis - INFO - Transactions per second: 	 118
2025-09-21 15:22:56,576 - Analysis - INFO - Total code coverage: 	 99.13% (342/345)
2025-09-21 15:22:56,576 - Analysis - INFO - Total branch coverage: 	 85.71% (12/14)
2025-09-21 15:22:56,576 - Analysis - INFO - Total execution time: 	 0.37 seconds
2025-09-21 15:22:56,576 - Analysis - INFO - Total memory consumption: 	 58.90 MB
2025-09-21 15:22:56,579 - Fuzzer   - INFO - [1mFuzzing contract [1mHiroyukiCoinDark[0m[0m
2025-09-21 15:22:56,648 - Detector - INFO - [1m[33m-----------------------------------------------------[0m
2025-09-21 15:22:56,648 - Detector - INFO - [1m[33m          !!! Assertion failure detected !!!         [0m
2025-09-21 15:22:56,648 - Detector - INFO - [1m[33m-----------------------------------------------------[0m
2025-09-21 15:22:56,648 - Detector - INFO - [1m[33mSWC-ID:   110[0m
2025-09-21 15:22:56,648 - Detector - INFO - [1m[33mSeverity: Medium[0m
2025-09-21 15:22:56,648 - Detector - INFO - [1m[33m-----------------------------------------------------[0m
2025-09-21 15:22:56,648 - Detector - INFO - [1m[33mSource code line:[0m
2025-09-21 15:22:56,648 - Detector - INFO - [1m[33m-----------------------------------------------------[0m
2025-09-21 15:22:56,648 - Detector - INFO - [1m[33m/sb/0x837f936009afb90e31751a4e92d9cc9350a92d93.sol:14:1[0m
2025-09-21 15:22:56,648 - Detector - INFO - [1m[33massert(c / a == b)[0m
2025-09-21 15:22:56,648 - Detector - INFO - [1m[33m-----------------------------------------------------[0m
2025-09-21 15:22:56,648 - Detector - INFO - [1m[33mTransaction sequence:[0m
2025-09-21 15:22:56,648 - Detector - INFO - [1m[33m-----------------------------------------------------[0m
2025-09-21 15:22:56,648 - Detector - INFO - [1m[33mTransaction - burn(uint256):[0m
2025-09-21 15:22:56,648 - Detector - INFO - [1m[33m-----------------------------------------------------[0m
2025-09-21 15:22:56,649 - Detector - INFO - [1m[33mFrom:      0xcafebabecafebabecafebabecafebabecafebabe[0m
2025-09-21 15:22:56,649 - Detector - INFO - [1m[33mTo:        0x2c5e8a3b3aad9df32339409534e64dfcabcd3a65[0m
2025-09-21 15:22:56,649 - Detector - INFO - [1m[33mValue:     0 Wei[0m
2025-09-21 15:22:56,649 - Detector - INFO - [1m[33mGas Limit: 4500000[0m
2025-09-21 15:22:56,649 - Detector - INFO - [1m[33mInput:     0x42966c680653c4a1efe2bae68b76e909100110c9[0m
2025-09-21 15:22:56,649 - Detector - INFO - [1m[33m           231725ca199690f2bc5aa768a4a10a9b[0m
2025-09-21 15:22:56,649 - Detector - INFO - [1m[33m-----------------------------------------------------[0m
2025-09-21 15:22:56,919 - Analysis - INFO - [1mGeneration number 0 	 Code coverage: 49.86% (2124/4260) 	 Branch coverage: 53.39% (126/236) 	 Transactions: 41 (40 unique)   	 Time: 0.31954073905944824[0m
2025-09-21 15:22:57,704 - Analysis - INFO - [1mGeneration number 1 	 Code coverage: 61.90% (2637/4260) 	 Branch coverage: 58.90% (139/236) 	 Transactions: 91 (68 unique)   	 Time: 1.104548454284668[0m
2025-09-21 15:22:59,642 - Analysis - INFO - [1mGeneration number 2 	 Code coverage: 62.58% (2666/4260) 	 Branch coverage: 60.17% (142/236) 	 Transactions: 171 (103 unique)   	 Time: 3.0425050258636475[0m
2025-09-21 15:23:02,875 - Analysis - INFO - [1mGeneration number 3 	 Code coverage: 63.05% (2686/4260) 	 Branch coverage: 61.44% (145/236) 	 Transactions: 289 (141 unique)   	 Time: 6.275974750518799[0m
2025-09-21 15:23:07,263 - Analysis - INFO - [1mGeneration number 4 	 Code coverage: 63.05% (2686/4260) 	 Branch coverage: 61.44% (145/236) 	 Transactions: 438 (178 unique)   	 Time: 10.664112091064453[0m
2025-09-21 15:23:07,484 - Analysis - ERROR - [91m[1m[91m[1m([91m[1m[91m[1m0xdd924594[0m[0m[0m[0m) [symbolic execution : calldatacopy ] Unknown format b'\x00', attempted to normalize to 0x00[0m[0m[0m[0m
2025-09-21 15:23:13,593 - Analysis - INFO - [1mGeneration number 5 	 Code coverage: 63.05% (2686/4260) 	 Branch coverage: 63.14% (149/236) 	 Transactions: 607 (216 unique)   	 Time: 16.993952989578247[0m
2025-09-21 15:23:13,828 - Analysis - ERROR - [91m[1m[91m[1m([91m[1m[91m[1m0xdd924594[0m[0m[0m[0m) [symbolic execution : calldatacopy ] Unknown format b'\x00', attempted to normalize to 0x00[0m[0m[0m[0m
2025-09-21 15:23:21,078 - Analysis - INFO - [1mGeneration number 6 	 Code coverage: 63.05% (2686/4260) 	 Branch coverage: 63.14% (149/236) 	 Transactions: 789 (255 unique)   	 Time: 24.478881120681763[0m
2025-09-21 15:23:21,309 - Analysis - ERROR - [91m[1m[91m[1m([91m[1m[91m[1m0xdd924594[0m[0m[0m[0m) [symbolic execution : calldatacopy ] Unknown format b'\x00', attempted to normalize to 0x00[0m[0m[0m[0m
2025-09-21 15:23:28,965 - Analysis - INFO - [1mGeneration number 7 	 Code coverage: 63.05% (2686/4260) 	 Branch coverage: 63.14% (149/236) 	 Transactions: 972 (294 unique)   	 Time: 32.36543607711792[0m
2025-09-21 15:23:29,204 - Analysis - ERROR - [91m[1m[91m[1m([91m[1m[91m[1m0xdd924594[0m[0m[0m[0m) [symbolic execution : calldatacopy ] Unknown format b'\x00', attempted to normalize to 0x00[0m[0m[0m[0m
2025-09-21 15:23:36,759 - Analysis - INFO - [1mGeneration number 8 	 Code coverage: 63.05% (2686/4260) 	 Branch coverage: 63.14% (149/236) 	 Transactions: 1161 (334 unique)   	 Time: 40.159250259399414[0m
2025-09-21 15:23:36,999 - Analysis - ERROR - [91m[1m[91m[1m([91m[1m[91m[1m0xdd924594[0m[0m[0m[0m) [symbolic execution : calldatacopy ] Unknown format b'\x00', attempted to normalize to 0x00[0m[0m[0m[0m
2025-09-21 15:23:44,727 - Analysis - INFO - [1mGeneration number 9 	 Code coverage: 63.05% (2686/4260) 	 Branch coverage: 63.14% (149/236) 	 Transactions: 1353 (374 unique)   	 Time: 48.12750172615051[0m
2025-09-21 15:23:44,958 - Analysis - ERROR - [91m[1m[91m[1m([91m[1m[91m[1m0xdd924594[0m[0m[0m[0m) [symbolic execution : calldatacopy ] Unknown format b'\x00', attempted to normalize to 0x00[0m[0m[0m[0m
2025-09-21 15:23:52,716 - Analysis - INFO - [1mGeneration number 10 	 Code coverage: 63.05% (2686/4260) 	 Branch coverage: 63.14% (149/236) 	 Transactions: 1549 (414 unique)   	 Time: 56.11714816093445[0m
2025-09-21 15:23:52,954 - Analysis - ERROR - [91m[1m[91m[1m([91m[1m[91m[1m0xdd924594[0m[0m[0m[0m) [symbolic execution : calldatacopy ] Unknown format b'\x00', attempted to normalize to 0x00[0m[0m[0m[0m
2025-09-21 15:23:53,615 - Analysis - INFO - [1m-----------------------------------------------------[0m
2025-09-21 15:23:53,615 - Analysis - INFO - Number of generations: 	 10
2025-09-21 15:23:53,615 - Analysis - INFO - Number of transactions: 	 1549 (414 unique)
2025-09-21 15:23:53,615 - Analysis - INFO - Transactions per second: 	 27
2025-09-21 15:23:53,615 - Analysis - INFO - Total code coverage: 	 63.05% (2686/4260)
2025-09-21 15:23:53,615 - Analysis - INFO - Total branch coverage: 	 63.14% (149/236)
2025-09-21 15:23:53,615 - Analysis - INFO - Total execution time: 	 57.02 seconds
2025-09-21 15:23:53,615 - Analysis - INFO - Total memory consumption: 	 136.53 MB
2025-09-21 15:23:53,619 - Fuzzer   - INFO - [1mFuzzing contract [1mOwnable[0m[0m
2025-09-21 15:23:53,649 - Analysis - INFO - [1mGeneration number 0 	 Code coverage: 65.14% (114/175) 	 Branch coverage: 78.57% (11/14) 	 Transactions: 7 (6 unique)   	 Time: 0.02565622329711914[0m
2025-09-21 15:23:53,668 - Analysis - INFO - [1mGeneration number 1 	 Code coverage: 65.14% (114/175) 	 Branch coverage: 78.57% (11/14) 	 Transactions: 13 (8 unique)   	 Time: 0.04538321495056152[0m
2025-09-21 15:23:53,693 - Analysis - INFO - [1mGeneration number 2 	 Code coverage: 65.14% (114/175) 	 Branch coverage: 78.57% (11/14) 	 Transactions: 17 (8 unique)   	 Time: 0.07038283348083496[0m
2025-09-21 15:23:53,723 - Analysis - INFO - [1mGeneration number 3 	 Code coverage: 65.14% (114/175) 	 Branch coverage: 78.57% (11/14) 	 Transactions: 22 (10 unique)   	 Time: 0.09981966018676758[0m
2025-09-21 15:23:53,757 - Analysis - INFO - [1mGeneration number 4 	 Code coverage: 65.14% (114/175) 	 Branch coverage: 78.57% (11/14) 	 Transactions: 27 (12 unique)   	 Time: 0.13339996337890625[0m
2025-09-21 15:23:53,786 - Analysis - INFO - [1mGeneration number 5 	 Code coverage: 65.14% (114/175) 	 Branch coverage: 78.57% (11/14) 	 Transactions: 31 (13 unique)   	 Time: 0.16295623779296875[0m
2025-09-21 15:23:53,822 - Analysis - INFO - [1mGeneration number 6 	 Code coverage: 97.71% (171/175) 	 Branch coverage: 92.86% (13/14) 	 Transactions: 36 (14 unique)   	 Time: 0.19873476028442383[0m
2025-09-21 15:23:53,851 - Analysis - INFO - [1mGeneration number 7 	 Code coverage: 97.71% (171/175) 	 Branch coverage: 92.86% (13/14) 	 Transactions: 43 (17 unique)   	 Time: 0.22770190238952637[0m
2025-09-21 15:23:53,919 - Analysis - INFO - [1mGeneration number 8 	 Code coverage: 99.43% (174/175) 	 Branch coverage: 100.00% (14/14) 	 Transactions: 55 (21 unique)   	 Time: 0.2961444854736328[0m
2025-09-21 15:23:54,006 - Analysis - INFO - [1mGeneration number 9 	 Code coverage: 99.43% (174/175) 	 Branch coverage: 100.00% (14/14) 	 Transactions: 70 (25 unique)   	 Time: 0.3825807571411133[0m
2025-09-21 15:23:54,077 - Analysis - INFO - [1mGeneration number 10 	 Code coverage: 99.43% (174/175) 	 Branch coverage: 100.00% (14/14) 	 Transactions: 84 (28 unique)   	 Time: 0.4540519714355469[0m
2025-09-21 15:23:54,077 - Analysis - INFO - [1m-----------------------------------------------------[0m
2025-09-21 15:23:54,077 - Analysis - INFO - Number of generations: 	 10
2025-09-21 15:23:54,077 - Analysis - INFO - Number of transactions: 	 84 (28 unique)
2025-09-21 15:23:54,077 - Analysis - INFO - Transactions per second: 	 185
2025-09-21 15:23:54,077 - Analysis - INFO - Total code coverage: 	 99.43% (174/175)
2025-09-21 15:23:54,077 - Analysis - INFO - Total branch coverage: 	 100.00% (14/14)
2025-09-21 15:23:54,077 - Analysis - INFO - Total execution time: 	 0.45 seconds
2025-09-21 15:23:54,078 - Analysis - INFO - Total memory consumption: 	 136.53 MB

     ______            ______                _           
    / ____/___  ____  / ____/_  __________  (_)_  _______
   / /   / __ \/ __ \/ /_  / / / /_  /_  / / / / / / ___/
  / /___/ /_/ / / / / __/ / /_/ / / /_/ /_/ / /_/ (__  ) 
  \____/\____/_/ /_/_/    \__,_/ /___/___/_/\__,_/____/  

delteed file
