2025-09-21 15:41:02,400 - Main     - INFO - [1mInitializing seed to 1427655.0[0m
2025-09-21 15:41:02,449 - Fuzzer   - INFO - [1mFuzzing contract [1mXBYR[0m[0m
2025-09-21 15:41:02,576 - Analysis - INFO - [1mGeneration number 0 	 Code coverage: 78.47% (860/1096) 	 Branch coverage: 82.35% (56/68) 	 Transactions: 25 (24 unique)   	 Time: 0.1147160530090332[0m
2025-09-21 15:41:02,731 - Analysis - INFO - [1mGeneration number 1 	 Code coverage: 78.92% (865/1096) 	 Branch coverage: 83.82% (57/68) 	 Transactions: 51 (40 unique)   	 Time: 0.2690269947052002[0m
2025-09-21 15:41:02,997 - Analysis - INFO - [1mGeneration number 2 	 Code coverage: 90.42% (991/1096) 	 Branch coverage: 86.76% (59/68) 	 Transactions: 91 (58 unique)   	 Time: 0.5359036922454834[0m
2025-09-21 15:41:03,469 - Analysis - INFO - [1mGeneration number 3 	 Code coverage: 90.42% (991/1096) 	 Branch coverage: 86.76% (59/68) 	 Transactions: 163 (76 unique)   	 Time: 1.0069587230682373[0m
2025-09-21 15:41:04,148 - Analysis - INFO - [1mGeneration number 4 	 Code coverage: 90.42% (991/1096) 	 Branch coverage: 88.24% (60/68) 	 Transactions: 255 (96 unique)   	 Time: 1.6868643760681152[0m
2025-09-21 15:41:05,032 - Analysis - INFO - [1mGeneration number 5 	 Code coverage: 90.42% (991/1096) 	 Branch coverage: 88.24% (60/68) 	 Transactions: 364 (119 unique)   	 Time: 2.570108652114868[0m
2025-09-21 15:41:05,895 - Analysis - INFO - [1mGeneration number 6 	 Code coverage: 90.42% (991/1096) 	 Branch coverage: 88.24% (60/68) 	 Transactions: 474 (142 unique)   	 Time: 3.4339189529418945[0m
2025-09-21 15:41:06,839 - Analysis - INFO - [1mGeneration number 7 	 Code coverage: 90.42% (991/1096) 	 Branch coverage: 88.24% (60/68) 	 Transactions: 589 (166 unique)   	 Time: 4.377067565917969[0m
2025-09-21 15:41:07,751 - Analysis - INFO - [1mGeneration number 8 	 Code coverage: 90.42% (991/1096) 	 Branch coverage: 88.24% (60/68) 	 Transactions: 702 (189 unique)   	 Time: 5.289031744003296[0m
2025-09-21 15:41:08,654 - Analysis - INFO - [1mGeneration number 9 	 Code coverage: 90.42% (991/1096) 	 Branch coverage: 88.24% (60/68) 	 Transactions: 813 (212 unique)   	 Time: 6.192485094070435[0m
2025-09-21 15:41:09,581 - Analysis - INFO - [1mGeneration number 10 	 Code coverage: 90.42% (991/1096) 	 Branch coverage: 88.24% (60/68) 	 Transactions: 929 (235 unique)   	 Time: 7.1197144985198975[0m
2025-09-21 15:41:10,511 - Analysis - INFO - [1mGeneration number 11 	 Code coverage: 90.42% (991/1096) 	 Branch coverage: 88.24% (60/68) 	 Transactions: 1042 (259 unique)   	 Time: 8.049357175827026[0m
2025-09-21 15:41:11,440 - Analysis - INFO - [1mGeneration number 12 	 Code coverage: 90.42% (991/1096) 	 Branch coverage: 88.24% (60/68) 	 Transactions: 1159 (282 unique)   	 Time: 8.978647232055664[0m
2025-09-21 15:41:12,381 - Analysis - INFO - [1mGeneration number 13 	 Code coverage: 90.42% (991/1096) 	 Branch coverage: 88.24% (60/68) 	 Transactions: 1278 (305 unique)   	 Time: 9.919332504272461[0m
2025-09-21 15:41:12,760 - Analysis - INFO - [1mGeneration number 14 	 Code coverage: 96.72% (1060/1096) 	 Branch coverage: 89.71% (61/68) 	 Transactions: 1323 (324 unique)   	 Time: 10.298889636993408[0m
2025-09-21 15:41:13,321 - Analysis - INFO - [1mGeneration number 15 	 Code coverage: 96.72% (1060/1096) 	 Branch coverage: 89.71% (61/68) 	 Transactions: 1373 (339 unique)   	 Time: 10.859670877456665[0m
2025-09-21 15:41:14,024 - Analysis - INFO - [1mGeneration number 16 	 Code coverage: 96.72% (1060/1096) 	 Branch coverage: 89.71% (61/68) 	 Transactions: 1440 (356 unique)   	 Time: 11.562286853790283[0m
2025-09-21 15:41:15,020 - Analysis - INFO - [1mGeneration number 17 	 Code coverage: 96.72% (1060/1096) 	 Branch coverage: 89.71% (61/68) 	 Transactions: 1528 (376 unique)   	 Time: 12.558037042617798[0m
2025-09-21 15:41:16,052 - Analysis - INFO - [1mGeneration number 18 	 Code coverage: 96.72% (1060/1096) 	 Branch coverage: 89.71% (61/68) 	 Transactions: 1621 (398 unique)   	 Time: 13.59034514427185[0m
2025-09-21 15:41:17,082 - Analysis - INFO - [1mGeneration number 19 	 Code coverage: 96.72% (1060/1096) 	 Branch coverage: 89.71% (61/68) 	 Transactions: 1715 (419 unique)   	 Time: 14.620136737823486[0m
2025-09-21 15:41:18,206 - Analysis - INFO - [1mGeneration number 20 	 Code coverage: 96.72% (1060/1096) 	 Branch coverage: 89.71% (61/68) 	 Transactions: 1817 (441 unique)   	 Time: 15.744212627410889[0m
2025-09-21 15:41:19,301 - Analysis - INFO - [1mGeneration number 21 	 Code coverage: 96.72% (1060/1096) 	 Branch coverage: 89.71% (61/68) 	 Transactions: 1915 (461 unique)   	 Time: 16.839491605758667[0m
2025-09-21 15:41:20,489 - Analysis - INFO - [1mGeneration number 22 	 Code coverage: 96.72% (1060/1096) 	 Branch coverage: 89.71% (61/68) 	 Transactions: 2026 (485 unique)   	 Time: 18.027755975723267[0m
2025-09-21 15:41:21,733 - Analysis - INFO - [1mGeneration number 23 	 Code coverage: 96.72% (1060/1096) 	 Branch coverage: 89.71% (61/68) 	 Transactions: 2137 (507 unique)   	 Time: 19.27127718925476[0m
2025-09-21 15:41:22,038 - Analysis - INFO - [1mGeneration number 24 	 Code coverage: 96.72% (1060/1096) 	 Branch coverage: 89.71% (61/68) 	 Transactions: 2183 (525 unique)   	 Time: 19.5764377117157[0m
2025-09-21 15:41:22,387 - Analysis - INFO - [1mGeneration number 25 	 Code coverage: 96.72% (1060/1096) 	 Branch coverage: 89.71% (61/68) 	 Transactions: 2221 (536 unique)   	 Time: 19.925459146499634[0m
2025-09-21 15:41:22,796 - Analysis - INFO - [1mGeneration number 26 	 Code coverage: 96.72% (1060/1096) 	 Branch coverage: 89.71% (61/68) 	 Transactions: 2268 (550 unique)   	 Time: 20.334064483642578[0m
2025-09-21 15:41:23,399 - Analysis - INFO - [1mGeneration number 27 	 Code coverage: 96.72% (1060/1096) 	 Branch coverage: 89.71% (61/68) 	 Transactions: 2335 (564 unique)   	 Time: 20.937837600708008[0m
2025-09-21 15:41:23,993 - Analysis - INFO - [1mGeneration number 28 	 Code coverage: 96.72% (1060/1096) 	 Branch coverage: 89.71% (61/68) 	 Transactions: 2400 (578 unique)   	 Time: 21.53106999397278[0m
2025-09-21 15:41:24,780 - Analysis - INFO - [1mGeneration number 29 	 Code coverage: 96.72% (1060/1096) 	 Branch coverage: 89.71% (61/68) 	 Transactions: 2490 (597 unique)   	 Time: 22.317955255508423[0m
2025-09-21 15:41:25,690 - Analysis - INFO - [1mGeneration number 30 	 Code coverage: 96.72% (1060/1096) 	 Branch coverage: 89.71% (61/68) 	 Transactions: 2591 (619 unique)   	 Time: 23.228009939193726[0m
2025-09-21 15:41:26,613 - Analysis - INFO - [1mGeneration number 31 	 Code coverage: 96.72% (1060/1096) 	 Branch coverage: 89.71% (61/68) 	 Transactions: 2690 (638 unique)   	 Time: 24.151328563690186[0m
2025-09-21 15:41:27,666 - Analysis - INFO - [1mGeneration number 32 	 Code coverage: 96.72% (1060/1096) 	 Branch coverage: 89.71% (61/68) 	 Transactions: 2804 (662 unique)   	 Time: 25.20413613319397[0m
2025-09-21 15:41:28,713 - Analysis - INFO - [1mGeneration number 33 	 Code coverage: 96.72% (1060/1096) 	 Branch coverage: 89.71% (61/68) 	 Transactions: 2919 (685 unique)   	 Time: 26.251079320907593[0m
2025-09-21 15:41:29,013 - Analysis - INFO - [1mGeneration number 34 	 Code coverage: 96.72% (1060/1096) 	 Branch coverage: 89.71% (61/68) 	 Transactions: 2963 (697 unique)   	 Time: 26.55147957801819[0m
2025-09-21 15:41:29,382 - Analysis - INFO - [1mGeneration number 35 	 Code coverage: 96.72% (1060/1096) 	 Branch coverage: 89.71% (61/68) 	 Transactions: 3008 (710 unique)   	 Time: 26.92088747024536[0m
2025-09-21 15:41:29,962 - Analysis - INFO - [1mGeneration number 36 	 Code coverage: 96.72% (1060/1096) 	 Branch coverage: 89.71% (61/68) 	 Transactions: 3077 (727 unique)   	 Time: 27.500263214111328[0m
2025-09-21 15:41:30,665 - Analysis - INFO - [1mGeneration number 37 	 Code coverage: 96.72% (1060/1096) 	 Branch coverage: 89.71% (61/68) 	 Transactions: 3158 (747 unique)   	 Time: 28.203458547592163[0m
2025-09-21 15:41:31,409 - Analysis - INFO - [1mGeneration number 38 	 Code coverage: 96.72% (1060/1096) 	 Branch coverage: 89.71% (61/68) 	 Transactions: 3240 (766 unique)   	 Time: 28.947523593902588[0m
2025-09-21 15:41:32,155 - Analysis - INFO - [1mGeneration number 39 	 Code coverage: 96.72% (1060/1096) 	 Branch coverage: 89.71% (61/68) 	 Transactions: 3328 (785 unique)   	 Time: 29.693756818771362[0m
2025-09-21 15:41:32,987 - Analysis - INFO - [1mGeneration number 40 	 Code coverage: 96.72% (1060/1096) 	 Branch coverage: 89.71% (61/68) 	 Transactions: 3424 (807 unique)   	 Time: 30.525728702545166[0m
2025-09-21 15:41:33,892 - Analysis - INFO - [1mGeneration number 41 	 Code coverage: 96.72% (1060/1096) 	 Branch coverage: 89.71% (61/68) 	 Transactions: 3526 (827 unique)   	 Time: 31.430412769317627[0m
2025-09-21 15:41:34,985 - Analysis - INFO - [1mGeneration number 42 	 Code coverage: 96.72% (1060/1096) 	 Branch coverage: 89.71% (61/68) 	 Transactions: 3642 (851 unique)   	 Time: 32.523621559143066[0m
2025-09-21 15:41:36,141 - Analysis - INFO - [1mGeneration number 43 	 Code coverage: 96.72% (1060/1096) 	 Branch coverage: 89.71% (61/68) 	 Transactions: 3760 (875 unique)   	 Time: 33.679694175720215[0m
2025-09-21 15:41:36,529 - Analysis - INFO - [1mGeneration number 44 	 Code coverage: 96.72% (1060/1096) 	 Branch coverage: 89.71% (61/68) 	 Transactions: 3809 (887 unique)   	 Time: 34.0676212310791[0m
2025-09-21 15:41:36,858 - Analysis - INFO - [1mGeneration number 45 	 Code coverage: 96.72% (1060/1096) 	 Branch coverage: 89.71% (61/68) 	 Transactions: 3845 (899 unique)   	 Time: 34.396862268447876[0m
2025-09-21 15:41:37,550 - Analysis - INFO - [1mGeneration number 46 	 Code coverage: 96.72% (1060/1096) 	 Branch coverage: 89.71% (61/68) 	 Transactions: 3913 (916 unique)   	 Time: 35.0882523059845[0m
2025-09-21 15:41:38,343 - Analysis - INFO - [1mGeneration number 47 	 Code coverage: 96.72% (1060/1096) 	 Branch coverage: 89.71% (61/68) 	 Transactions: 3993 (935 unique)   	 Time: 35.881651163101196[0m
2025-09-21 15:41:39,344 - Analysis - INFO - [1mGeneration number 48 	 Code coverage: 96.72% (1060/1096) 	 Branch coverage: 89.71% (61/68) 	 Transactions: 4086 (957 unique)   	 Time: 36.88232064247131[0m
2025-09-21 15:41:40,361 - Analysis - INFO - [1mGeneration number 49 	 Code coverage: 96.72% (1060/1096) 	 Branch coverage: 89.71% (61/68) 	 Transactions: 4183 (979 unique)   	 Time: 37.899720907211304[0m
2025-09-21 15:41:41,415 - Analysis - INFO - [1mGeneration number 50 	 Code coverage: 96.72% (1060/1096) 	 Branch coverage: 89.71% (61/68) 	 Transactions: 4283 (1003 unique)   	 Time: 38.95326209068298[0m
2025-09-21 15:41:42,526 - Analysis - INFO - [1mGeneration number 51 	 Code coverage: 96.72% (1060/1096) 	 Branch coverage: 89.71% (61/68) 	 Transactions: 4389 (1026 unique)   	 Time: 40.06443643569946[0m
2025-09-21 15:41:42,526 - Analysis - INFO - [1m-----------------------------------------------------[0m
2025-09-21 15:41:42,526 - Analysis - INFO - Number of generations: 	 51
2025-09-21 15:41:42,526 - Analysis - INFO - Number of transactions: 	 4389 (1026 unique)
2025-09-21 15:41:42,526 - Analysis - INFO - Transactions per second: 	 110
2025-09-21 15:41:42,526 - Analysis - INFO - Total code coverage: 	 96.72% (1060/1096)
2025-09-21 15:41:42,526 - Analysis - INFO - Total branch coverage: 	 89.71% (61/68)
2025-09-21 15:41:42,526 - Analysis - INFO - Total execution time: 	 40.06 seconds
2025-09-21 15:41:42,527 - Analysis - INFO - Total memory consumption: 	 68.23 MB

     ______            ______                _           
    / ____/___  ____  / ____/_  __________  (_)_  _______
   / /   / __ \/ __ \/ /_  / / / /_  /_  / / / / / / ___/
  / /___/ /_/ / / / / __/ / /_/ / / /_/ /_/ / /_/ (__  ) 
  \____/\____/_/ /_/_/    \__,_/ /___/___/_/\__,_/____/  

delteed file
