Extract contract EtherBank from /sb/etherbank.sol
Extracted 1 contract(s) from /sb/etherbank.sol
[0;32m> Created "fuzzMe"[0m
[0;32m> To fuzz contracts:[0m
  chmod +x fuzzMe
  ./fuzzMe
contracts/EtherBank.sol:21:55: Warning: "throw" is deprecated in favour of "revert()", "require()" and "assert()".
		if (!(msg.sender.call.value(amountToWithdraw)())) { throw; }
		                                                    ^---^
contracts/EtherBank.sol:10:5: Warning: No visibility specified. Defaulting to "public". 
    function getBalance(address user) constant returns(uint) {  
    ^ (Relevant source part starts here and spans across multiple lines).
contracts/EtherBank.sol:14:2: Warning: No visibility specified. Defaulting to "public". 
	function addToBalance() {  
 ^ (Relevant source part starts here and spans across multiple lines).
contracts/EtherBank.sol:15:31: Warning: "msg.value" used in non-payable function. Do you want to add the "payable" modifier to this function?
		userBalances[msg.sender] += msg.value;
		                            ^-------^
contracts/EtherBank.sol:18:2: Warning: No visibility specified. Defaulting to "public". 
	function withdrawBalance() {  
 ^ (Relevant source part starts here and spans across multiple lines).
assets/NormalAttacker.sol:5:3: Warning: No visibility specified. Defaulting to "public". 
  function() payable {
  ^ (Relevant source part starts here and spans across multiple lines).
assets/ReentrancyAttacker.sol:8:7: Warning: Return value of low-level calls not used.
      msg.sender.call(bytes4(255));
      ^--------------------------^
assets/ReentrancyAttacker.sol:5:3: Warning: No visibility specified. Defaulting to "public". 
  function() payable {
  ^ (Relevant source part starts here and spans across multiple lines).
>> Fuzz EtherBank
** Write stats: 0.014104
** Write stats: 5.00092
** Write stats: 10.0023
** Write stats: 15.0035
** Write stats: 20.003
** Write stats: 25.0046
** Write stats: 30.0003
** Write stats: 35.0073
** Write stats: 40.0029
** Write stats: 45.0095
** Write stats: 50.0023
** Write stats: 55.0012
** Write stats: 60.0024
** Write stats: 65.0115
** Write stats: 70.0059
** Write stats: 75.0076
** Write stats: 80.0035
** Write stats: 85.0029
** Write stats: 90.0067
** Write stats: 95.0082
** Write stats: 100.005
** Write stats: 105.011
** Write stats: 110.013
** Write stats: 115.012
** Write stats: 120.007
** Write stats: 125.017
** Write stats: 130.011
** Write stats: 135.011
** Write stats: 140.015
** Write stats: 145.008
** Write stats: 150.002
** Write stats: 155.01
** Write stats: 160.001
** Write stats: 165.003
** Write stats: 170.019
** Write stats: 175.013
** Write stats: 180.009
** Write stats: 185.001
** Write stats: 190.003
** Write stats: 195.01
** Write stats: 200.018
** Write stats: 205
** Write stats: 210.015
** Write stats: 215.019
** Write stats: 220.013
** Write stats: 225.009
** Write stats: 230.001
** Write stats: 235.013
** Write stats: 240.019
** Write stats: 245.002
** Write stats: 250.01
** Write stats: 255.006
** Write stats: 260.01
** Write stats: 265.01
** Write stats: 270.012
** Write stats: 275.004
** Write stats: 280.012
** Write stats: 285.012
** Write stats: 290.026
** Write stats: 295.008
** Write stats: 298.028
