2025-09-21 15:10:38,243 - Main     - INFO - [1mInitializing seed to 1427655.0[0m
2025-09-21 15:10:38,313 - Fuzzer   - INFO - [1mFuzzing contract [1mBTCGreen[0m[0m
2025-09-21 15:10:38,496 - Analysis - INFO - [1mGeneration number 0 	 Code coverage: 72.94% (1294/1774) 	 Branch coverage: 78.00% (78/100) 	 Transactions: 33 (32 unique)   	 Time: 0.16800832748413086[0m
2025-09-21 15:10:38,745 - Analysis - INFO - [1mGeneration number 1 	 Code coverage: 76.55% (1358/1774) 	 Branch coverage: 81.00% (81/100) 	 Transactions: 71 (52 unique)   	 Time: 0.41699814796447754[0m
2025-09-21 15:10:39,098 - Analysis - INFO - [1mGeneration number 2 	 Code coverage: 76.72% (1361/1774) 	 Branch coverage: 82.00% (82/100) 	 Transactions: 123 (73 unique)   	 Time: 0.7705094814300537[0m
2025-09-21 15:10:39,518 - Analysis - INFO - [1mGeneration number 3 	 Code coverage: 76.72% (1361/1774) 	 Branch coverage: 82.00% (82/100) 	 Transactions: 181 (91 unique)   	 Time: 1.1898372173309326[0m
2025-09-21 15:10:40,324 - Analysis - INFO - [1mGeneration number 4 	 Code coverage: 76.72% (1361/1774) 	 Branch coverage: 82.00% (82/100) 	 Transactions: 281 (112 unique)   	 Time: 1.9964332580566406[0m
2025-09-21 15:10:41,218 - Analysis - INFO - [1mGeneration number 5 	 Code coverage: 76.72% (1361/1774) 	 Branch coverage: 82.00% (82/100) 	 Transactions: 392 (140 unique)   	 Time: 2.8905484676361084[0m
2025-09-21 15:10:42,258 - Analysis - INFO - [1mGeneration number 6 	 Code coverage: 76.72% (1361/1774) 	 Branch coverage: 82.00% (82/100) 	 Transactions: 514 (169 unique)   	 Time: 3.930346727371216[0m
2025-09-21 15:10:43,268 - Analysis - INFO - [1mGeneration number 7 	 Code coverage: 76.72% (1361/1774) 	 Branch coverage: 82.00% (82/100) 	 Transactions: 639 (199 unique)   	 Time: 4.940509080886841[0m
2025-09-21 15:10:44,226 - Analysis - INFO - [1mGeneration number 8 	 Code coverage: 76.72% (1361/1774) 	 Branch coverage: 82.00% (82/100) 	 Transactions: 753 (224 unique)   	 Time: 5.8984458446502686[0m
2025-09-21 15:10:45,143 - Analysis - INFO - [1mGeneration number 9 	 Code coverage: 76.72% (1361/1774) 	 Branch coverage: 82.00% (82/100) 	 Transactions: 867 (248 unique)   	 Time: 6.815551280975342[0m
2025-09-21 15:10:46,062 - Analysis - INFO - [1mGeneration number 10 	 Code coverage: 76.72% (1361/1774) 	 Branch coverage: 82.00% (82/100) 	 Transactions: 976 (271 unique)   	 Time: 7.734359502792358[0m
2025-09-21 15:10:46,083 - Analysis - INFO - [1m-----------------------------------------------------[0m
2025-09-21 15:10:46,083 - Analysis - INFO - Number of generations: 	 10
2025-09-21 15:10:46,083 - Analysis - INFO - Number of transactions: 	 976 (271 unique)
2025-09-21 15:10:46,083 - Analysis - INFO - Transactions per second: 	 126
2025-09-21 15:10:46,083 - Analysis - INFO - Total code coverage: 	 76.72% (1361/1774)
2025-09-21 15:10:46,083 - Analysis - INFO - Total branch coverage: 	 82.00% (82/100)
2025-09-21 15:10:46,083 - Analysis - INFO - Total execution time: 	 7.76 seconds
2025-09-21 15:10:46,083 - Analysis - INFO - Total memory consumption: 	 70.70 MB
2025-09-21 15:10:46,085 - Fuzzer   - INFO - [1mFuzzing contract [1mOwned[0m[0m
2025-09-21 15:10:46,122 - Analysis - INFO - [1mGeneration number 0 	 Code coverage: 70.20% (179/255) 	 Branch coverage: 90.91% (20/22) 	 Transactions: 11 (10 unique)   	 Time: 0.03373122215270996[0m
2025-09-21 15:10:46,146 - Analysis - INFO - [1mGeneration number 1 	 Code coverage: 70.20% (179/255) 	 Branch coverage: 90.91% (20/22) 	 Transactions: 17 (10 unique)   	 Time: 0.058297157287597656[0m
2025-09-21 15:10:46,196 - Analysis - INFO - [1mGeneration number 2 	 Code coverage: 70.20% (179/255) 	 Branch coverage: 90.91% (20/22) 	 Transactions: 24 (12 unique)   	 Time: 0.10814142227172852[0m
2025-09-21 15:10:46,242 - Analysis - INFO - [1mGeneration number 3 	 Code coverage: 80.00% (204/255) 	 Branch coverage: 95.45% (21/22) 	 Transactions: 29 (13 unique)   	 Time: 0.1541883945465088[0m
2025-09-21 15:10:46,276 - Analysis - INFO - [1mGeneration number 4 	 Code coverage: 80.00% (204/255) 	 Branch coverage: 95.45% (21/22) 	 Transactions: 36 (16 unique)   	 Time: 0.18778371810913086[0m
2025-09-21 15:10:46,371 - Analysis - INFO - [1mGeneration number 5 	 Code coverage: 80.00% (204/255) 	 Branch coverage: 95.45% (21/22) 	 Transactions: 51 (20 unique)   	 Time: 0.2829933166503906[0m
2025-09-21 15:10:46,502 - Analysis - INFO - [1mGeneration number 6 	 Code coverage: 99.61% (254/255) 	 Branch coverage: 100.00% (22/22) 	 Transactions: 75 (26 unique)   	 Time: 0.4139852523803711[0m
2025-09-21 15:10:46,685 - Analysis - INFO - [1mGeneration number 7 	 Code coverage: 99.61% (254/255) 	 Branch coverage: 100.00% (22/22) 	 Transactions: 116 (34 unique)   	 Time: 0.5970420837402344[0m
2025-09-21 15:10:46,899 - Analysis - INFO - [1mGeneration number 8 	 Code coverage: 99.61% (254/255) 	 Branch coverage: 100.00% (22/22) 	 Transactions: 162 (42 unique)   	 Time: 0.8103699684143066[0m
2025-09-21 15:10:47,126 - Analysis - INFO - [1mGeneration number 9 	 Code coverage: 99.61% (254/255) 	 Branch coverage: 100.00% (22/22) 	 Transactions: 210 (48 unique)   	 Time: 1.037398099899292[0m
2025-09-21 15:10:47,329 - Analysis - INFO - [1mGeneration number 10 	 Code coverage: 99.61% (254/255) 	 Branch coverage: 100.00% (22/22) 	 Transactions: 252 (53 unique)   	 Time: 1.2404215335845947[0m
2025-09-21 15:10:47,329 - Analysis - INFO - [1m-----------------------------------------------------[0m
2025-09-21 15:10:47,329 - Analysis - INFO - Number of generations: 	 10
2025-09-21 15:10:47,329 - Analysis - INFO - Number of transactions: 	 252 (53 unique)
2025-09-21 15:10:47,329 - Analysis - INFO - Transactions per second: 	 203
2025-09-21 15:10:47,329 - Analysis - INFO - Total code coverage: 	 99.61% (254/255)
2025-09-21 15:10:47,329 - Analysis - INFO - Total branch coverage: 	 100.00% (22/22)
2025-09-21 15:10:47,329 - Analysis - INFO - Total execution time: 	 1.24 seconds
2025-09-21 15:10:47,329 - Analysis - INFO - Total memory consumption: 	 70.70 MB

     ______            ______                _           
    / ____/___  ____  / ____/_  __________  (_)_  _______
   / /   / __ \/ __ \/ /_  / / / /_  /_  / / / / / / ___/
  / /___/ /_/ / / / / __/ / /_/ / / /_/ /_/ / /_/ (__  ) 
  \____/\____/_/ /_/_/    \__,_/ /___/___/_/\__,_/____/  

delteed file
