2025-09-20 17:33:23,086: [11] m.main:INFO: Registered plugins: IntrospectionAPIPlugin, DetectInvalid, DetectIntegerOverflow, DetectUninitializedStorage, DetectUninitializedMemory, DetectReentrancySimple, DetectReentrancyAdvanced, DetectUnusedRetVal, DetectSuicidal, DetectDelegatecall, DetectExternalCallAndLeak, DetectEnvInstruction, DetectManipulableBalance
2025-09-20 17:33:23,087: [11] m.main:INFO: Beginning analysis
2025-09-20 17:33:23,089: [11] m.e.manticore:INFO: Starting symbolic create contract
2025-09-20 17:33:23,524: [11] m.e.manticore:INFO: Starting symbolic transaction: 0
2025-09-20 17:33:23,603: [11] m.e.manticore:INFO: 0 alive states, 1 terminated states
2025-09-20 17:33:23,644: [11] m.e.manticore:INFO: Starting symbolic transaction: 1
2025-09-20 17:33:23,711: [54] m.c.manticore:INFO: Generated testcase No. 0 - REVERT(2 txs)
2025-09-20 17:33:23,711: [54] m.c.plugin:WARNING: Caught will_solve in state None, but failed to capture its initialization
2025-09-20 17:33:24,013: [11] m.c.manticore:INFO: Results in /mcore_xzppos45
2025-09-20 17:33:24,014: [11] m.c.manticore:INFO: Total time: 0.48788881301879883
2025-09-20 17:33:24,475: [70] m.main:INFO: Registered plugins: IntrospectionAPIPlugin, DetectInvalid, DetectIntegerOverflow, DetectUninitializedStorage, DetectUninitializedMemory, DetectReentrancySimple, DetectReentrancyAdvanced, DetectUnusedRetVal, DetectSuicidal, DetectDelegatecall, DetectExternalCallAndLeak, DetectEnvInstruction, DetectManipulableBalance
2025-09-20 17:33:24,475: [70] m.main:INFO: Beginning analysis
2025-09-20 17:33:24,476: [70] m.e.manticore:INFO: Starting symbolic create contract
2025-09-20 17:33:24,941: [70] m.e.manticore:INFO: Starting symbolic transaction: 0
2025-09-20 17:33:25,921: [70] m.e.manticore:INFO: 1 alive states, 5 terminated states
2025-09-20 17:33:26,053: [70] m.e.manticore:INFO: Starting symbolic transaction: 1
2025-09-20 17:33:27,013: [70] m.e.manticore:INFO: 1 alive states, 9 terminated states
2025-09-20 17:33:27,217: [152] m.c.manticore:INFO: Generated testcase No. 0 - REVERT(1 txs)
2025-09-20 17:33:27,218: [152] m.c.plugin:WARNING: Caught will_solve in state None, but failed to capture its initialization
2025-09-20 17:33:27,252: [151] m.c.manticore:INFO: Generated testcase No. 1 - RETURN(3 txs)
2025-09-20 17:33:27,257: [151] m.c.plugin:WARNING: Caught will_solve in state None, but failed to capture its initialization
2025-09-20 17:33:27,305: [157] m.c.manticore:INFO: Generated testcase No. 2 - REVERT(2 txs)
2025-09-20 17:33:27,312: [157] m.c.plugin:WARNING: Caught will_solve in state None, but failed to capture its initialization
2025-09-20 17:33:27,320: [155] m.c.manticore:INFO: Generated testcase No. 3 - REVERT(2 txs)
2025-09-20 17:33:27,329: [155] m.c.plugin:WARNING: Caught will_solve in state None, but failed to capture its initialization
2025-09-20 17:33:27,345: [163] m.c.manticore:INFO: Generated testcase No. 5 - REVERT(3 txs)
2025-09-20 17:33:27,346: [163] m.c.plugin:WARNING: Caught will_solve in state None, but failed to capture its initialization
2025-09-20 17:33:27,352: [161] m.c.manticore:INFO: Generated testcase No. 6 - REVERT(3 txs)
2025-09-20 17:33:27,354: [161] m.c.plugin:WARNING: Caught will_solve in state None, but failed to capture its initialization
2025-09-20 17:33:27,359: [162] m.c.manticore:INFO: Generated testcase No. 4 - REVERT(3 txs)
2025-09-20 17:33:27,359: [162] m.c.plugin:WARNING: Caught will_solve in state None, but failed to capture its initialization
2025-09-20 17:33:27,363: [153] m.c.manticore:INFO: Generated testcase No. 7 - REVERT(2 txs)
2025-09-20 17:33:27,364: [153] m.c.plugin:WARNING: Caught will_solve in state None, but failed to capture its initialization
2025-09-20 17:33:27,405: [159] m.c.manticore:INFO: Generated testcase No. 8 - REVERT(2 txs)
2025-09-20 17:33:27,409: [166] m.c.manticore:INFO: Generated testcase No. 9 - REVERT(3 txs)
2025-09-20 17:33:27,410: [166] m.c.plugin:WARNING: Caught will_solve in state None, but failed to capture its initialization
2025-09-20 17:33:27,416: [159] m.c.plugin:WARNING: Caught will_solve in state None, but failed to capture its initialization
2025-09-20 17:33:29,482: [70] m.c.manticore:INFO: Results in /mcore_xz6c4mmo
2025-09-20 17:33:29,482: [70] m.c.manticore:INFO: Total time: 3.425255298614502
2025-09-20 17:33:29,943: [194] m.main:INFO: Registered plugins: IntrospectionAPIPlugin, DetectInvalid, DetectIntegerOverflow, DetectUninitializedStorage, DetectUninitializedMemory, DetectReentrancySimple, DetectReentrancyAdvanced, DetectUnusedRetVal, DetectSuicidal, DetectDelegatecall, DetectExternalCallAndLeak, DetectEnvInstruction, DetectManipulableBalance
2025-09-20 17:33:29,943: [194] m.main:INFO: Beginning analysis
2025-09-20 17:33:29,945: [194] m.e.manticore:INFO: Starting symbolic create contract
2025-09-20 17:33:32,462: [194] m.e.manticore:INFO: Found a concrete globalsha3 b'\x00\x00\x00\x00\x00\x00\x00\x00\x00\x00\x00\x00\x00\x00\x00\x00\x00\x00\x00\x00\x00\x00\x00\x00\x00\x00\x00\x00\x00\x00\x00\x05' -> 1546678032441257452667456735582814959992782782816731922691272282333561699760
2025-09-20 17:34:16,829: [194] m.e.manticore:INFO: Found a concrete globalsha3 b'\x00\x00\x00\x00\x00\x00\x00\x00\x00\x00\x00\x00\x00\x00\x00\x00\x00\x00\x00\x00\x00\x00\x00\x00\x00\x00\x00\x00\x00\x00\x00\x06' -> 111414077815863400510004064629973595961579173665589224203503662149373724986687
