2025-09-21 15:57:54,577 - Main     - INFO - [1mInitializing seed to 1427655.0[0m
2025-09-21 15:57:54,622 - Fuzzer   - INFO - [1mFuzzing contract [1mLVMH_301201[0m[0m
2025-09-21 15:57:54,740 - Analysis - INFO - [1mGeneration number 0 	 Code coverage: 76.38% (773/1012) 	 Branch coverage: 80.65% (50/62) 	 Transactions: 23 (22 unique)   	 Time: 0.10665440559387207[0m
2025-09-21 15:57:54,877 - Analysis - INFO - [1mGeneration number 1 	 Code coverage: 76.38% (773/1012) 	 Branch coverage: 80.65% (50/62) 	 Transactions: 48 (37 unique)   	 Time: 0.2440190315246582[0m
2025-09-21 15:57:55,118 - Analysis - INFO - [1mGeneration number 2 	 Code coverage: 76.38% (773/1012) 	 Branch coverage: 80.65% (50/62) 	 Transactions: 85 (53 unique)   	 Time: 0.4850645065307617[0m
2025-09-21 15:57:55,670 - Analysis - INFO - [1mGeneration number 3 	 Code coverage: 83.20% (842/1012) 	 Branch coverage: 82.26% (51/62) 	 Transactions: 160 (71 unique)   	 Time: 1.0372564792633057[0m
2025-09-21 15:57:56,375 - Analysis - INFO - [1mGeneration number 4 	 Code coverage: 83.20% (842/1012) 	 Branch coverage: 82.26% (51/62) 	 Transactions: 250 (90 unique)   	 Time: 1.742177963256836[0m
2025-09-21 15:57:57,218 - Analysis - INFO - [1mGeneration number 5 	 Code coverage: 83.20% (842/1012) 	 Branch coverage: 82.26% (51/62) 	 Transactions: 347 (111 unique)   	 Time: 2.5850632190704346[0m
2025-09-21 15:57:58,053 - Analysis - INFO - [1mGeneration number 6 	 Code coverage: 83.20% (842/1012) 	 Branch coverage: 82.26% (51/62) 	 Transactions: 442 (125 unique)   	 Time: 3.4204177856445312[0m
2025-09-21 15:57:58,819 - Analysis - INFO - [1mGeneration number 7 	 Code coverage: 83.20% (842/1012) 	 Branch coverage: 82.26% (51/62) 	 Transactions: 526 (137 unique)   	 Time: 4.185542821884155[0m
2025-09-21 15:57:59,626 - Analysis - INFO - [1mGeneration number 8 	 Code coverage: 83.20% (842/1012) 	 Branch coverage: 82.26% (51/62) 	 Transactions: 607 (143 unique)   	 Time: 4.99251389503479[0m
2025-09-21 15:58:00,540 - Analysis - INFO - [1mGeneration number 9 	 Code coverage: 83.20% (842/1012) 	 Branch coverage: 82.26% (51/62) 	 Transactions: 697 (154 unique)   	 Time: 5.90683650970459[0m
2025-09-21 15:58:01,481 - Analysis - INFO - [1mGeneration number 10 	 Code coverage: 83.20% (842/1012) 	 Branch coverage: 82.26% (51/62) 	 Transactions: 794 (164 unique)   	 Time: 6.847822189331055[0m
2025-09-21 15:58:02,482 - Analysis - INFO - [1mGeneration number 11 	 Code coverage: 83.20% (842/1012) 	 Branch coverage: 82.26% (51/62) 	 Transactions: 898 (179 unique)   	 Time: 7.849297285079956[0m
2025-09-21 15:58:03,491 - Analysis - INFO - [1mGeneration number 12 	 Code coverage: 83.20% (842/1012) 	 Branch coverage: 82.26% (51/62) 	 Transactions: 1002 (193 unique)   	 Time: 8.858481884002686[0m
2025-09-21 15:58:04,597 - Analysis - INFO - [1mGeneration number 13 	 Code coverage: 83.20% (842/1012) 	 Branch coverage: 82.26% (51/62) 	 Transactions: 1107 (205 unique)   	 Time: 9.963948249816895[0m
2025-09-21 15:58:05,560 - Analysis - INFO - [1mGeneration number 14 	 Code coverage: 83.20% (842/1012) 	 Branch coverage: 82.26% (51/62) 	 Transactions: 1202 (215 unique)   	 Time: 10.927216053009033[0m
2025-09-21 15:58:05,941 - Analysis - INFO - [1mGeneration number 15 	 Code coverage: 96.15% (973/1012) 	 Branch coverage: 87.10% (54/62) 	 Transactions: 1250 (240 unique)   	 Time: 11.307963609695435[0m
2025-09-21 15:58:06,392 - Analysis - INFO - [1mGeneration number 16 	 Code coverage: 96.15% (973/1012) 	 Branch coverage: 87.10% (54/62) 	 Transactions: 1294 (251 unique)   	 Time: 11.759512901306152[0m
2025-09-21 15:58:06,943 - Analysis - INFO - [1mGeneration number 17 	 Code coverage: 96.44% (976/1012) 	 Branch coverage: 88.71% (55/62) 	 Transactions: 1353 (266 unique)   	 Time: 12.309649467468262[0m
2025-09-21 15:58:07,530 - Analysis - INFO - [1mGeneration number 18 	 Code coverage: 96.44% (976/1012) 	 Branch coverage: 88.71% (55/62) 	 Transactions: 1431 (282 unique)   	 Time: 12.896908283233643[0m
2025-09-21 15:58:08,217 - Analysis - INFO - [1mGeneration number 19 	 Code coverage: 96.44% (976/1012) 	 Branch coverage: 88.71% (55/62) 	 Transactions: 1523 (300 unique)   	 Time: 13.583970069885254[0m
2025-09-21 15:58:08,988 - Analysis - INFO - [1mGeneration number 20 	 Code coverage: 96.44% (976/1012) 	 Branch coverage: 88.71% (55/62) 	 Transactions: 1624 (321 unique)   	 Time: 14.354906558990479[0m
2025-09-21 15:58:09,832 - Analysis - INFO - [1mGeneration number 21 	 Code coverage: 96.44% (976/1012) 	 Branch coverage: 88.71% (55/62) 	 Transactions: 1729 (340 unique)   	 Time: 15.198781490325928[0m
2025-09-21 15:58:10,601 - Analysis - INFO - [1mGeneration number 22 	 Code coverage: 96.44% (976/1012) 	 Branch coverage: 88.71% (55/62) 	 Transactions: 1838 (361 unique)   	 Time: 15.96766471862793[0m
2025-09-21 15:58:11,443 - Analysis - INFO - [1mGeneration number 23 	 Code coverage: 96.44% (976/1012) 	 Branch coverage: 88.71% (55/62) 	 Transactions: 1948 (383 unique)   	 Time: 16.810442447662354[0m
2025-09-21 15:58:12,228 - Analysis - INFO - [1mGeneration number 24 	 Code coverage: 96.44% (976/1012) 	 Branch coverage: 88.71% (55/62) 	 Transactions: 2058 (405 unique)   	 Time: 17.594523906707764[0m
2025-09-21 15:58:13,047 - Analysis - INFO - [1mGeneration number 25 	 Code coverage: 96.44% (976/1012) 	 Branch coverage: 88.71% (55/62) 	 Transactions: 2168 (427 unique)   	 Time: 18.414010286331177[0m
2025-09-21 15:58:13,861 - Analysis - INFO - [1mGeneration number 26 	 Code coverage: 96.44% (976/1012) 	 Branch coverage: 88.71% (55/62) 	 Transactions: 2278 (448 unique)   	 Time: 19.228495121002197[0m
2025-09-21 15:58:14,675 - Analysis - INFO - [1mGeneration number 27 	 Code coverage: 96.44% (976/1012) 	 Branch coverage: 88.71% (55/62) 	 Transactions: 2388 (470 unique)   	 Time: 20.042379140853882[0m
2025-09-21 15:58:15,499 - Analysis - INFO - [1mGeneration number 28 	 Code coverage: 96.44% (976/1012) 	 Branch coverage: 88.71% (55/62) 	 Transactions: 2498 (492 unique)   	 Time: 20.86630654335022[0m
2025-09-21 15:58:15,747 - Analysis - INFO - [1mGeneration number 29 	 Code coverage: 96.44% (976/1012) 	 Branch coverage: 88.71% (55/62) 	 Transactions: 2539 (507 unique)   	 Time: 21.113722801208496[0m
2025-09-21 15:58:16,122 - Analysis - INFO - [1mGeneration number 30 	 Code coverage: 96.44% (976/1012) 	 Branch coverage: 88.71% (55/62) 	 Transactions: 2590 (521 unique)   	 Time: 21.488937616348267[0m
2025-09-21 15:58:16,694 - Analysis - INFO - [1mGeneration number 31 	 Code coverage: 96.44% (976/1012) 	 Branch coverage: 88.71% (55/62) 	 Transactions: 2665 (538 unique)   	 Time: 22.060744524002075[0m
2025-09-21 15:58:17,358 - Analysis - INFO - [1mGeneration number 32 	 Code coverage: 96.44% (976/1012) 	 Branch coverage: 88.71% (55/62) 	 Transactions: 2756 (559 unique)   	 Time: 22.7252836227417[0m
2025-09-21 15:58:18,077 - Analysis - INFO - [1mGeneration number 33 	 Code coverage: 96.44% (976/1012) 	 Branch coverage: 88.71% (55/62) 	 Transactions: 2852 (581 unique)   	 Time: 23.444238424301147[0m
2025-09-21 15:58:18,887 - Analysis - INFO - [1mGeneration number 34 	 Code coverage: 96.44% (976/1012) 	 Branch coverage: 88.71% (55/62) 	 Transactions: 2951 (603 unique)   	 Time: 24.25408101081848[0m
2025-09-21 15:58:19,680 - Analysis - INFO - [1mGeneration number 35 	 Code coverage: 96.44% (976/1012) 	 Branch coverage: 88.71% (55/62) 	 Transactions: 3049 (624 unique)   	 Time: 25.046653747558594[0m
2025-09-21 15:58:20,498 - Analysis - INFO - [1mGeneration number 36 	 Code coverage: 96.44% (976/1012) 	 Branch coverage: 88.71% (55/62) 	 Transactions: 3152 (646 unique)   	 Time: 25.864727020263672[0m
2025-09-21 15:58:21,341 - Analysis - INFO - [1mGeneration number 37 	 Code coverage: 96.44% (976/1012) 	 Branch coverage: 88.71% (55/62) 	 Transactions: 3255 (668 unique)   	 Time: 26.7084481716156[0m
2025-09-21 15:58:22,146 - Analysis - INFO - [1mGeneration number 38 	 Code coverage: 96.44% (976/1012) 	 Branch coverage: 88.71% (55/62) 	 Transactions: 3357 (690 unique)   	 Time: 27.51341438293457[0m
2025-09-21 15:58:22,390 - Analysis - INFO - [1mGeneration number 39 	 Code coverage: 96.44% (976/1012) 	 Branch coverage: 88.71% (55/62) 	 Transactions: 3400 (705 unique)   	 Time: 27.757123708724976[0m
2025-09-21 15:58:22,642 - Analysis - INFO - [1mGeneration number 40 	 Code coverage: 96.44% (976/1012) 	 Branch coverage: 88.71% (55/62) 	 Transactions: 3441 (716 unique)   	 Time: 28.00938630104065[0m
2025-09-21 15:58:23,079 - Analysis - INFO - [1mGeneration number 41 	 Code coverage: 96.44% (976/1012) 	 Branch coverage: 88.71% (55/62) 	 Transactions: 3504 (735 unique)   	 Time: 28.44594693183899[0m
2025-09-21 15:58:23,544 - Analysis - INFO - [1mGeneration number 42 	 Code coverage: 96.44% (976/1012) 	 Branch coverage: 88.71% (55/62) 	 Transactions: 3577 (754 unique)   	 Time: 28.91094994544983[0m
2025-09-21 15:58:24,087 - Analysis - INFO - [1mGeneration number 43 	 Code coverage: 96.44% (976/1012) 	 Branch coverage: 88.71% (55/62) 	 Transactions: 3662 (775 unique)   	 Time: 29.454495191574097[0m
2025-09-21 15:58:24,654 - Analysis - INFO - [1mGeneration number 44 	 Code coverage: 96.44% (976/1012) 	 Branch coverage: 88.71% (55/62) 	 Transactions: 3752 (795 unique)   	 Time: 30.020732164382935[0m
2025-09-21 15:58:25,259 - Analysis - INFO - [1mGeneration number 45 	 Code coverage: 96.44% (976/1012) 	 Branch coverage: 88.71% (55/62) 	 Transactions: 3845 (817 unique)   	 Time: 30.626310348510742[0m
2025-09-21 15:58:25,855 - Analysis - INFO - [1mGeneration number 46 	 Code coverage: 96.44% (976/1012) 	 Branch coverage: 88.71% (55/62) 	 Transactions: 3936 (838 unique)   	 Time: 31.222180128097534[0m
2025-09-21 15:58:26,466 - Analysis - INFO - [1mGeneration number 47 	 Code coverage: 96.44% (976/1012) 	 Branch coverage: 88.71% (55/62) 	 Transactions: 4027 (860 unique)   	 Time: 31.832709074020386[0m
2025-09-21 15:58:27,106 - Analysis - INFO - [1mGeneration number 48 	 Code coverage: 96.44% (976/1012) 	 Branch coverage: 88.71% (55/62) 	 Transactions: 4120 (880 unique)   	 Time: 32.472599029541016[0m
2025-09-21 15:58:27,412 - Analysis - INFO - [1mGeneration number 49 	 Code coverage: 96.44% (976/1012) 	 Branch coverage: 88.71% (55/62) 	 Transactions: 4166 (894 unique)   	 Time: 32.77918791770935[0m
2025-09-21 15:58:27,758 - Analysis - INFO - [1mGeneration number 50 	 Code coverage: 96.44% (976/1012) 	 Branch coverage: 88.71% (55/62) 	 Transactions: 4215 (910 unique)   	 Time: 33.12472724914551[0m
2025-09-21 15:58:28,350 - Analysis - INFO - [1mGeneration number 51 	 Code coverage: 96.44% (976/1012) 	 Branch coverage: 88.71% (55/62) 	 Transactions: 4291 (928 unique)   	 Time: 33.71711778640747[0m
2025-09-21 15:58:28,935 - Analysis - INFO - [1mGeneration number 52 	 Code coverage: 96.44% (976/1012) 	 Branch coverage: 88.71% (55/62) 	 Transactions: 4365 (948 unique)   	 Time: 34.3023099899292[0m
2025-09-21 15:58:29,540 - Analysis - INFO - [1mGeneration number 53 	 Code coverage: 96.44% (976/1012) 	 Branch coverage: 88.71% (55/62) 	 Transactions: 4445 (967 unique)   	 Time: 34.907439947128296[0m
2025-09-21 15:58:30,206 - Analysis - INFO - [1mGeneration number 54 	 Code coverage: 96.44% (976/1012) 	 Branch coverage: 88.71% (55/62) 	 Transactions: 4530 (986 unique)   	 Time: 35.572927951812744[0m
2025-09-21 15:58:30,908 - Analysis - INFO - [1mGeneration number 55 	 Code coverage: 96.44% (976/1012) 	 Branch coverage: 88.71% (55/62) 	 Transactions: 4618 (1006 unique)   	 Time: 36.27507281303406[0m
2025-09-21 15:58:31,630 - Analysis - INFO - [1mGeneration number 56 	 Code coverage: 96.44% (976/1012) 	 Branch coverage: 88.71% (55/62) 	 Transactions: 4710 (1024 unique)   	 Time: 36.99693512916565[0m
2025-09-21 15:58:32,438 - Analysis - INFO - [1mGeneration number 57 	 Code coverage: 96.44% (976/1012) 	 Branch coverage: 88.71% (55/62) 	 Transactions: 4808 (1043 unique)   	 Time: 37.80514359474182[0m
2025-09-21 15:58:33,155 - Analysis - INFO - [1mGeneration number 58 	 Code coverage: 96.44% (976/1012) 	 Branch coverage: 88.71% (55/62) 	 Transactions: 4899 (1060 unique)   	 Time: 38.52223443984985[0m
2025-09-21 15:58:33,469 - Analysis - INFO - [1mGeneration number 59 	 Code coverage: 96.44% (976/1012) 	 Branch coverage: 88.71% (55/62) 	 Transactions: 4946 (1080 unique)   	 Time: 38.836220026016235[0m
2025-09-21 15:58:33,860 - Analysis - INFO - [1mGeneration number 60 	 Code coverage: 96.44% (976/1012) 	 Branch coverage: 88.71% (55/62) 	 Transactions: 5004 (1097 unique)   	 Time: 39.22674107551575[0m
2025-09-21 15:58:34,343 - Analysis - INFO - [1mGeneration number 61 	 Code coverage: 96.44% (976/1012) 	 Branch coverage: 88.71% (55/62) 	 Transactions: 5072 (1114 unique)   	 Time: 39.710330963134766[0m
2025-09-21 15:58:34,928 - Analysis - INFO - [1mGeneration number 62 	 Code coverage: 96.44% (976/1012) 	 Branch coverage: 88.71% (55/62) 	 Transactions: 5145 (1130 unique)   	 Time: 40.295485496520996[0m
2025-09-21 15:58:34,929 - Analysis - INFO - [1m-----------------------------------------------------[0m
2025-09-21 15:58:34,929 - Analysis - INFO - Number of generations: 	 62
2025-09-21 15:58:34,929 - Analysis - INFO - Number of transactions: 	 5145 (1130 unique)
2025-09-21 15:58:34,929 - Analysis - INFO - Transactions per second: 	 128
2025-09-21 15:58:34,929 - Analysis - INFO - Total code coverage: 	 96.44% (976/1012)
2025-09-21 15:58:34,929 - Analysis - INFO - Total branch coverage: 	 88.71% (55/62)
2025-09-21 15:58:34,929 - Analysis - INFO - Total execution time: 	 40.30 seconds
2025-09-21 15:58:34,929 - Analysis - INFO - Total memory consumption: 	 70.55 MB

     ______            ______                _           
    / ____/___  ____  / ____/_  __________  (_)_  _______
   / /   / __ \/ __ \/ /_  / / / /_  /_  / / / / / / ___/
  / /___/ /_/ / / / / __/ / /_/ / / /_/ /_/ / /_/ (__  ) 
  \____/\____/_/ /_/_/    \__,_/ /___/___/_/\__,_/____/  

delteed file
