2025-09-04 01:33:58,021 - Main     - INFO - [1mInitializing seed to 1427655.0[0m
2025-09-04 01:33:58,061 - Fuzzer   - INFO - [1mFuzzing contract [1mBank[0m[0m
2025-09-04 01:33:58,087 - Analysis - INFO - [1mGeneration number 0 	 Code coverage: 88.41% (145/164) 	 Branch coverage: 75.00% (6/8) 	 Transactions: 5 (4 unique)   	 Time: 0.019655466079711914[0m
2025-09-04 01:33:58,098 - Analysis - INFO - [1mGeneration number 1 	 Code coverage: 88.41% (145/164) 	 Branch coverage: 87.50% (7/8) 	 Transactions: 8 (5 unique)   	 Time: 0.029822111129760742[0m
2025-09-04 01:33:58,105 - Analysis - INFO - [1mGeneration number 2 	 Code coverage: 88.41% (145/164) 	 Branch coverage: 87.50% (7/8) 	 Transactions: 10 (5 unique)   	 Time: 0.03733706474304199[0m
2025-09-04 01:33:58,117 - Analysis - INFO - [1mGeneration number 3 	 Code coverage: 88.41% (145/164) 	 Branch coverage: 87.50% (7/8) 	 Transactions: 13 (6 unique)   	 Time: 0.04944324493408203[0m
2025-09-04 01:33:58,128 - Analysis - INFO - [1mGeneration number 4 	 Code coverage: 88.41% (145/164) 	 Branch coverage: 87.50% (7/8) 	 Transactions: 17 (7 unique)   	 Time: 0.05992913246154785[0m
2025-09-04 01:33:58,137 - Analysis - INFO - [1mGeneration number 5 	 Code coverage: 88.41% (145/164) 	 Branch coverage: 87.50% (7/8) 	 Transactions: 20 (7 unique)   	 Time: 0.06884503364562988[0m
2025-09-04 01:33:58,145 - Analysis - INFO - [1mGeneration number 6 	 Code coverage: 88.41% (145/164) 	 Branch coverage: 87.50% (7/8) 	 Transactions: 23 (7 unique)   	 Time: 0.07776308059692383[0m
2025-09-04 01:33:58,154 - Analysis - INFO - [1mGeneration number 7 	 Code coverage: 88.41% (145/164) 	 Branch coverage: 87.50% (7/8) 	 Transactions: 26 (7 unique)   	 Time: 0.08673453330993652[0m
2025-09-04 01:33:58,162 - Analysis - INFO - [1mGeneration number 8 	 Code coverage: 88.41% (145/164) 	 Branch coverage: 87.50% (7/8) 	 Transactions: 28 (7 unique)   	 Time: 0.0941154956817627[0m
2025-09-04 01:33:58,169 - Analysis - INFO - [1mGeneration number 9 	 Code coverage: 88.41% (145/164) 	 Branch coverage: 87.50% (7/8) 	 Transactions: 30 (7 unique)   	 Time: 0.10128927230834961[0m
2025-09-04 01:33:58,179 - Analysis - INFO - [1mGeneration number 10 	 Code coverage: 88.41% (145/164) 	 Branch coverage: 87.50% (7/8) 	 Transactions: 32 (7 unique)   	 Time: 0.11151409149169922[0m
2025-09-04 01:33:58,179 - Analysis - INFO - [1m-----------------------------------------------------[0m
2025-09-04 01:33:58,179 - Analysis - INFO - Number of generations: 	 10
2025-09-04 01:33:58,179 - Analysis - INFO - Number of transactions: 	 32 (7 unique)
2025-09-04 01:33:58,179 - Analysis - INFO - Transactions per second: 	 287
2025-09-04 01:33:58,180 - Analysis - INFO - Total code coverage: 	 88.41% (145/164)
2025-09-04 01:33:58,180 - Analysis - INFO - Total branch coverage: 	 87.50% (7/8)
2025-09-04 01:33:58,180 - Analysis - INFO - Total execution time: 	 0.11 seconds
2025-09-04 01:33:58,180 - Analysis - INFO - Total memory consumption: 	 54.05 MB
2025-09-04 01:33:58,181 - Fuzzer   - INFO - [1mFuzzing contract [1mModifierEntrancy[0m[0m
2025-09-04 01:33:58,203 - Analysis - INFO - [1mGeneration number 0 	 Code coverage: 44.27% (143/323) 	 Branch coverage: 50.00% (11/22) 	 Transactions: 7 (6 unique)   	 Time: 0.019909381866455078[0m
2025-09-04 01:33:58,218 - Analysis - INFO - [1mGeneration number 1 	 Code coverage: 44.27% (143/323) 	 Branch coverage: 54.55% (12/22) 	 Transactions: 11 (7 unique)   	 Time: 0.034644126892089844[0m
2025-09-04 01:33:58,246 - Analysis - INFO - [1mGeneration number 2 	 Code coverage: 44.27% (143/323) 	 Branch coverage: 54.55% (12/22) 	 Transactions: 15 (8 unique)   	 Time: 0.062044382095336914[0m
2025-09-04 01:33:58,273 - Analysis - INFO - [1mGeneration number 3 	 Code coverage: 44.27% (143/323) 	 Branch coverage: 54.55% (12/22) 	 Transactions: 18 (8 unique)   	 Time: 0.0895085334777832[0m
2025-09-04 01:33:58,294 - Analysis - INFO - [1mGeneration number 4 	 Code coverage: 44.27% (143/323) 	 Branch coverage: 54.55% (12/22) 	 Transactions: 19 (8 unique)   	 Time: 0.11022257804870605[0m
2025-09-04 01:33:58,313 - Analysis - INFO - [1mGeneration number 5 	 Code coverage: 44.27% (143/323) 	 Branch coverage: 54.55% (12/22) 	 Transactions: 20 (8 unique)   	 Time: 0.1291978359222412[0m
2025-09-04 01:33:58,336 - Analysis - INFO - [1mGeneration number 6 	 Code coverage: 44.27% (143/323) 	 Branch coverage: 54.55% (12/22) 	 Transactions: 22 (9 unique)   	 Time: 0.15288901329040527[0m
2025-09-04 01:33:58,363 - Analysis - INFO - [1mGeneration number 7 	 Code coverage: 44.27% (143/323) 	 Branch coverage: 54.55% (12/22) 	 Transactions: 24 (9 unique)   	 Time: 0.17933964729309082[0m
2025-09-04 01:33:58,389 - Analysis - INFO - [1mGeneration number 8 	 Code coverage: 44.27% (143/323) 	 Branch coverage: 54.55% (12/22) 	 Transactions: 26 (9 unique)   	 Time: 0.20525026321411133[0m
2025-09-04 01:33:58,413 - Analysis - INFO - [1mGeneration number 9 	 Code coverage: 44.27% (143/323) 	 Branch coverage: 54.55% (12/22) 	 Transactions: 28 (9 unique)   	 Time: 0.22975850105285645[0m
2025-09-04 01:33:58,437 - Analysis - INFO - [1mGeneration number 10 	 Code coverage: 44.27% (143/323) 	 Branch coverage: 54.55% (12/22) 	 Transactions: 30 (9 unique)   	 Time: 0.25316500663757324[0m
2025-09-04 01:33:58,447 - Analysis - INFO - [1m-----------------------------------------------------[0m
2025-09-04 01:33:58,447 - Analysis - INFO - Number of generations: 	 10
2025-09-04 01:33:58,447 - Analysis - INFO - Number of transactions: 	 30 (9 unique)
2025-09-04 01:33:58,447 - Analysis - INFO - Transactions per second: 	 114
2025-09-04 01:33:58,448 - Analysis - INFO - Total code coverage: 	 44.27% (143/323)
2025-09-04 01:33:58,448 - Analysis - INFO - Total branch coverage: 	 54.55% (12/22)
2025-09-04 01:33:58,448 - Analysis - INFO - Total execution time: 	 0.26 seconds
2025-09-04 01:33:58,448 - Analysis - INFO - Total memory consumption: 	 64.13 MB
2025-09-04 01:33:58,450 - Fuzzer   - INFO - [1mFuzzing contract [1mattack[0m[0m
2025-09-04 01:33:58,475 - Analysis - INFO - [1mGeneration number 0 	 Code coverage: 46.58% (150/322) 	 Branch coverage: 59.09% (13/22) 	 Transactions: 7 (6 unique)   	 Time: 0.022579193115234375[0m
2025-09-04 01:33:58,497 - Analysis - INFO - [1mGeneration number 1 	 Code coverage: 46.58% (150/322) 	 Branch coverage: 59.09% (13/22) 	 Transactions: 13 (10 unique)   	 Time: 0.04450535774230957[0m
2025-09-04 01:33:58,532 - Analysis - INFO - [1mGeneration number 2 	 Code coverage: 46.58% (150/322) 	 Branch coverage: 59.09% (13/22) 	 Transactions: 18 (11 unique)   	 Time: 0.0793602466583252[0m
2025-09-04 01:33:58,578 - Analysis - INFO - [1mGeneration number 3 	 Code coverage: 46.58% (150/322) 	 Branch coverage: 59.09% (13/22) 	 Transactions: 25 (13 unique)   	 Time: 0.12569785118103027[0m
2025-09-04 01:33:58,671 - Analysis - INFO - [1mGeneration number 4 	 Code coverage: 46.58% (150/322) 	 Branch coverage: 59.09% (13/22) 	 Transactions: 39 (17 unique)   	 Time: 0.21829938888549805[0m
2025-09-04 01:33:58,776 - Analysis - INFO - [1mGeneration number 5 	 Code coverage: 46.58% (150/322) 	 Branch coverage: 59.09% (13/22) 	 Transactions: 49 (18 unique)   	 Time: 0.3236536979675293[0m
2025-09-04 01:33:58,856 - Analysis - INFO - [1mGeneration number 6 	 Code coverage: 46.58% (150/322) 	 Branch coverage: 59.09% (13/22) 	 Transactions: 60 (19 unique)   	 Time: 0.4031069278717041[0m
2025-09-04 01:33:58,958 - Analysis - INFO - [1mGeneration number 7 	 Code coverage: 46.58% (150/322) 	 Branch coverage: 59.09% (13/22) 	 Transactions: 75 (22 unique)   	 Time: 0.5058624744415283[0m
2025-09-04 01:33:59,042 - Analysis - INFO - [1mGeneration number 8 	 Code coverage: 46.58% (150/322) 	 Branch coverage: 59.09% (13/22) 	 Transactions: 87 (22 unique)   	 Time: 0.5894558429718018[0m
2025-09-04 01:33:59,113 - Analysis - INFO - [1mGeneration number 9 	 Code coverage: 46.58% (150/322) 	 Branch coverage: 59.09% (13/22) 	 Transactions: 96 (23 unique)   	 Time: 0.6606943607330322[0m
2025-09-04 01:33:59,186 - Analysis - INFO - [1mGeneration number 10 	 Code coverage: 46.58% (150/322) 	 Branch coverage: 59.09% (13/22) 	 Transactions: 105 (24 unique)   	 Time: 0.7334392070770264[0m
2025-09-04 01:33:59,207 - Analysis - INFO - [1m-----------------------------------------------------[0m
2025-09-04 01:33:59,208 - Analysis - INFO - Number of generations: 	 10
2025-09-04 01:33:59,208 - Analysis - INFO - Number of transactions: 	 105 (24 unique)
2025-09-04 01:33:59,208 - Analysis - INFO - Transactions per second: 	 139
2025-09-04 01:33:59,208 - Analysis - INFO - Total code coverage: 	 46.58% (150/322)
2025-09-04 01:33:59,208 - Analysis - INFO - Total branch coverage: 	 59.09% (13/22)
2025-09-04 01:33:59,208 - Analysis - INFO - Total execution time: 	 0.75 seconds
2025-09-04 01:33:59,208 - Analysis - INFO - Total memory consumption: 	 64.94 MB

     ______            ______                _           
    / ____/___  ____  / ____/_  __________  (_)_  _______
   / /   / __ \/ __ \/ /_  / / / /_  /_  / / / / / / ___/
  / /___/ /_/ / / / / __/ / /_/ / / /_/ /_/ / /_/ (__  ) 
  \____/\____/_/ /_/_/    \__,_/ /___/___/_/\__,_/____/  

delteed file
