Extract contract TimeLock from /sb/timelock.sol
Extracted 1 contract(s) from /sb/timelock.sol
[0;32m> Created "fuzzMe"[0m
[0;32m> To fuzz contracts:[0m
  chmod +x fuzzMe
  ./fuzzMe
assets/NormalAttacker.sol:5:3: Warning: No visibility specified. Defaulting to "public". 
  function() payable {
  ^ (Relevant source part starts here and spans across multiple lines).
assets/ReentrancyAttacker.sol:8:7: Warning: Return value of low-level calls not used.
      msg.sender.call(bytes4(255));
      ^--------------------------^
assets/ReentrancyAttacker.sol:5:3: Warning: No visibility specified. Defaulting to "public". 
  function() payable {
  ^ (Relevant source part starts here and spans across multiple lines).
>> Fuzz TimeLock
** Write stats: 0.034415
** Write stats: 5.00518
** Write stats: 10.0047
** Write stats: 15.0011
** Write stats: 20.0066
** Write stats: 25.0027
** Write stats: 30.0076
** Write stats: 35.0077
** Write stats: 40.0114
** Write stats: 45.0058
** Write stats: 50.0001
** Write stats: 55.0094
** Write stats: 60.0154
** Write stats: 65.0128
** Write stats: 70.011
** Write stats: 75.0133
** Write stats: 80.0098
** Write stats: 85.0156
** Write stats: 90.0145
** Write stats: 95.0056
** Write stats: 100.015
** Write stats: 105.014
** Write stats: 110.012
** Write stats: 115.014
** Write stats: 120.017
** Write stats: 120.025
