2025-09-21 15:26:34,571 - Main     - INFO - [1mInitializing seed to 1427655.0[0m
2025-09-21 15:26:34,709 - Fuzzer   - INFO - [1mFuzzing contract [1mOwnable[0m[0m
2025-09-21 15:26:34,750 - Analysis - INFO - [1mGeneration number 0 	 Code coverage: 62.84% (186/296) 	 Branch coverage: 80.77% (21/26) 	 Transactions: 11 (10 unique)   	 Time: 0.03560948371887207[0m
2025-09-21 15:26:34,769 - Analysis - INFO - [1mGeneration number 1 	 Code coverage: 62.84% (186/296) 	 Branch coverage: 80.77% (21/26) 	 Transactions: 16 (10 unique)   	 Time: 0.054650306701660156[0m
2025-09-21 15:26:34,824 - Analysis - INFO - [1mGeneration number 2 	 Code coverage: 62.84% (186/296) 	 Branch coverage: 80.77% (21/26) 	 Transactions: 22 (12 unique)   	 Time: 0.10908079147338867[0m
2025-09-21 15:26:34,877 - Analysis - INFO - [1mGeneration number 3 	 Code coverage: 75.34% (223/296) 	 Branch coverage: 88.46% (23/26) 	 Transactions: 27 (14 unique)   	 Time: 0.16224193572998047[0m
2025-09-21 15:26:34,899 - Analysis - INFO - [1mGeneration number 4 	 Code coverage: 75.34% (223/296) 	 Branch coverage: 88.46% (23/26) 	 Transactions: 32 (15 unique)   	 Time: 0.18388843536376953[0m
2025-09-21 15:26:34,994 - Analysis - INFO - [1mGeneration number 5 	 Code coverage: 75.34% (223/296) 	 Branch coverage: 88.46% (23/26) 	 Transactions: 47 (18 unique)   	 Time: 0.2788584232330322[0m
2025-09-21 15:26:35,166 - Analysis - INFO - [1mGeneration number 6 	 Code coverage: 76.35% (226/296) 	 Branch coverage: 92.31% (24/26) 	 Transactions: 80 (26 unique)   	 Time: 0.451678991317749[0m
2025-09-21 15:26:35,361 - Analysis - INFO - [1mGeneration number 7 	 Code coverage: 76.35% (226/296) 	 Branch coverage: 92.31% (24/26) 	 Transactions: 118 (33 unique)   	 Time: 0.6465880870819092[0m
2025-09-21 15:26:35,594 - Analysis - INFO - [1mGeneration number 8 	 Code coverage: 76.35% (226/296) 	 Branch coverage: 92.31% (24/26) 	 Transactions: 162 (43 unique)   	 Time: 0.8789169788360596[0m
2025-09-21 15:26:35,822 - Analysis - INFO - [1mGeneration number 9 	 Code coverage: 76.35% (226/296) 	 Branch coverage: 92.31% (24/26) 	 Transactions: 207 (49 unique)   	 Time: 1.1073319911956787[0m
2025-09-21 15:26:36,048 - Analysis - INFO - [1mGeneration number 10 	 Code coverage: 76.35% (226/296) 	 Branch coverage: 92.31% (24/26) 	 Transactions: 252 (56 unique)   	 Time: 1.3335089683532715[0m
2025-09-21 15:26:36,069 - Analysis - INFO - [1m-----------------------------------------------------[0m
2025-09-21 15:26:36,069 - Analysis - INFO - Number of generations: 	 10
2025-09-21 15:26:36,069 - Analysis - INFO - Number of transactions: 	 252 (56 unique)
2025-09-21 15:26:36,069 - Analysis - INFO - Transactions per second: 	 186
2025-09-21 15:26:36,069 - Analysis - INFO - Total code coverage: 	 76.35% (226/296)
2025-09-21 15:26:36,069 - Analysis - INFO - Total branch coverage: 	 92.31% (24/26)
2025-09-21 15:26:36,069 - Analysis - INFO - Total execution time: 	 1.35 seconds
2025-09-21 15:26:36,069 - Analysis - INFO - Total memory consumption: 	 66.78 MB
2025-09-21 15:26:36,070 - Fuzzer   - INFO - [1mFuzzing contract [1mPausable[0m[0m
2025-09-21 15:26:36,132 - Analysis - INFO - [1mGeneration number 0 	 Code coverage: 65.87% (303/460) 	 Branch coverage: 76.09% (35/46) 	 Transactions: 17 (16 unique)   	 Time: 0.05774116516113281[0m
2025-09-21 15:26:36,185 - Analysis - INFO - [1mGeneration number 1 	 Code coverage: 73.91% (340/460) 	 Branch coverage: 80.43% (37/46) 	 Transactions: 30 (20 unique)   	 Time: 0.11017727851867676[0m
2025-09-21 15:26:36,276 - Analysis - INFO - [1mGeneration number 2 	 Code coverage: 84.35% (388/460) 	 Branch coverage: 82.61% (38/46) 	 Transactions: 47 (27 unique)   	 Time: 0.20135760307312012[0m
2025-09-21 15:26:36,399 - Analysis - INFO - [1mGeneration number 3 	 Code coverage: 84.35% (388/460) 	 Branch coverage: 82.61% (38/46) 	 Transactions: 72 (35 unique)   	 Time: 0.3244762420654297[0m
2025-09-21 15:26:36,674 - Analysis - INFO - [1mGeneration number 4 	 Code coverage: 91.52% (421/460) 	 Branch coverage: 89.13% (41/46) 	 Transactions: 118 (46 unique)   	 Time: 0.5990140438079834[0m
2025-09-21 15:26:36,939 - Analysis - INFO - [1mGeneration number 5 	 Code coverage: 91.52% (421/460) 	 Branch coverage: 89.13% (41/46) 	 Transactions: 170 (55 unique)   	 Time: 0.8642125129699707[0m
2025-09-21 15:26:37,211 - Analysis - INFO - [1mGeneration number 6 	 Code coverage: 91.52% (421/460) 	 Branch coverage: 89.13% (41/46) 	 Transactions: 218 (59 unique)   	 Time: 1.136620044708252[0m
2025-09-21 15:26:37,454 - Analysis - INFO - [1mGeneration number 7 	 Code coverage: 91.52% (421/460) 	 Branch coverage: 89.13% (41/46) 	 Transactions: 259 (62 unique)   	 Time: 1.379873514175415[0m
2025-09-21 15:26:37,718 - Analysis - INFO - [1mGeneration number 8 	 Code coverage: 91.52% (421/460) 	 Branch coverage: 89.13% (41/46) 	 Transactions: 301 (64 unique)   	 Time: 1.6428885459899902[0m
2025-09-21 15:26:38,004 - Analysis - INFO - [1mGeneration number 9 	 Code coverage: 91.52% (421/460) 	 Branch coverage: 89.13% (41/46) 	 Transactions: 346 (68 unique)   	 Time: 1.9289252758026123[0m
2025-09-21 15:26:38,336 - Analysis - INFO - [1mGeneration number 10 	 Code coverage: 91.52% (421/460) 	 Branch coverage: 89.13% (41/46) 	 Transactions: 398 (71 unique)   	 Time: 2.261002540588379[0m
2025-09-21 15:26:38,357 - Analysis - INFO - [1m-----------------------------------------------------[0m
2025-09-21 15:26:38,357 - Analysis - INFO - Number of generations: 	 10
2025-09-21 15:26:38,357 - Analysis - INFO - Number of transactions: 	 398 (71 unique)
2025-09-21 15:26:38,357 - Analysis - INFO - Transactions per second: 	 174
2025-09-21 15:26:38,357 - Analysis - INFO - Total code coverage: 	 91.52% (421/460)
2025-09-21 15:26:38,357 - Analysis - INFO - Total branch coverage: 	 89.13% (41/46)
2025-09-21 15:26:38,357 - Analysis - INFO - Total execution time: 	 2.28 seconds
2025-09-21 15:26:38,358 - Analysis - INFO - Total memory consumption: 	 68.53 MB
2025-09-21 15:26:38,360 - Fuzzer   - INFO - [1mFuzzing contract [1mVICToken[0m[0m
2025-09-21 15:26:38,807 - Analysis - INFO - [1mGeneration number 0 	 Code coverage: 66.46% (2806/4222) 	 Branch coverage: 68.03% (166/244) 	 Transactions: 61 (60 unique)   	 Time: 0.42838454246520996[0m
2025-09-21 15:26:39,397 - Analysis - INFO - [1mGeneration number 1 	 Code coverage: 66.82% (2821/4222) 	 Branch coverage: 70.08% (171/244) 	 Transactions: 136 (102 unique)   	 Time: 1.0182690620422363[0m
2025-09-21 15:26:40,632 - Analysis - INFO - [1mGeneration number 2 	 Code coverage: 79.18% (3343/4222) 	 Branch coverage: 73.36% (179/244) 	 Transactions: 262 (151 unique)   	 Time: 2.2540745735168457[0m
2025-09-21 15:26:42,600 - Analysis - INFO - [1mGeneration number 3 	 Code coverage: 79.49% (3356/4222) 	 Branch coverage: 74.59% (182/244) 	 Transactions: 471 (206 unique)   	 Time: 4.221850395202637[0m
2025-09-21 15:26:42,829 - Detector - INFO - [1m[32m-----------------------------------------------------[0m
2025-09-21 15:26:42,829 - Detector - INFO - [1m[32m          !!! Block dependency detected !!!          [0m
2025-09-21 15:26:42,829 - Detector - INFO - [1m[32m-----------------------------------------------------[0m
2025-09-21 15:26:42,829 - Detector - INFO - [1m[32mSWC-ID:   120[0m
2025-09-21 15:26:42,829 - Detector - INFO - [1m[32mSeverity: Low[0m
2025-09-21 15:26:42,829 - Detector - INFO - [1m[32m-----------------------------------------------------[0m
2025-09-21 15:26:42,829 - Detector - INFO - [1m[32mSource code line:[0m
2025-09-21 15:26:42,829 - Detector - INFO - [1m[32m-----------------------------------------------------[0m
2025-09-21 15:26:42,829 - Detector - INFO - [1m[32m/sb/0x865a0a003b1523fec58e4b8a956d18ecd923a315.sol:312:1[0m
2025-09-21 15:26:42,829 - Detector - INFO - [1m[32mnow[0m
2025-09-21 15:26:42,829 - Detector - INFO - [1m[32m-----------------------------------------------------[0m
2025-09-21 15:26:42,830 - Detector - INFO - [1m[32mTransaction sequence:[0m
2025-09-21 15:26:42,830 - Detector - INFO - [1m[32m-----------------------------------------------------[0m
2025-09-21 15:26:42,830 - Detector - INFO - [1m[32mTransaction 1 - distributeWithLockup(address,uint256,uint256,uint256,uint256):[0m
2025-09-21 15:26:42,830 - Detector - INFO - [1m[32m-----------------------------------------------------[0m
2025-09-21 15:26:42,830 - Detector - INFO - [1m[32mFrom:      0xcafebabecafebabecafebabecafebabecafebabe[0m
2025-09-21 15:26:42,830 - Detector - INFO - [1m[32mTo:        0x2c5e8a3b3aad9df32339409534e64dfcabcd3a65[0m
2025-09-21 15:26:42,830 - Detector - INFO - [1m[32mValue:     0 Wei[0m
2025-09-21 15:26:42,830 - Detector - INFO - [1m[32mGas Limit: 4500000[0m
2025-09-21 15:26:42,830 - Detector - INFO - [1m[32mInput:     0xc572652b000000000000000000000000cafebabe[0m
2025-09-21 15:26:42,830 - Detector - INFO - [1m[32m           cafebabecafebabecafebabecafebabe0000000000[0m
2025-09-21 15:26:42,830 - Detector - INFO - [1m[32m           000000000000000000000000000000000000000000[0m
2025-09-21 15:26:42,830 - Detector - INFO - [1m[32m           00000000000196991caa00fb16d6935aee033ace9e[0m
2025-09-21 15:26:42,830 - Detector - INFO - [1m[32m           b869ca3cd1ac1600d5cf79eebe53d8987227ff4386[0m
2025-09-21 15:26:42,830 - Detector - INFO - [1m[32m           24023710cd59697769d5ab51b27ad54a7f21e3a7d3[0m
2025-09-21 15:26:42,830 - Detector - INFO - [1m[32m           6cbe21658b714b0000000000000000000000000000[0m
2025-09-21 15:26:42,830 - Detector - INFO - [1m[32m           000000000000000000000000000000000000[0m
2025-09-21 15:26:42,830 - Detector - INFO - [1m[32m-----------------------------------------------------[0m
2025-09-21 15:26:42,830 - Detector - INFO - [1m[32mTransaction 2 - transferFrom(address,address,uint256):[0m
2025-09-21 15:26:42,830 - Detector - INFO - [1m[32m-----------------------------------------------------[0m
2025-09-21 15:26:42,830 - Detector - INFO - [1m[32mFrom:      0xcafebabecafebabecafebabecafebabecafebabe[0m
2025-09-21 15:26:42,830 - Detector - INFO - [1m[32mTo:        0x2c5e8a3b3aad9df32339409534e64dfcabcd3a65[0m
2025-09-21 15:26:42,830 - Detector - INFO - [1m[32mValue:     0 Wei[0m
2025-09-21 15:26:42,830 - Detector - INFO - [1m[32mGas Limit: 4500000[0m
2025-09-21 15:26:42,830 - Detector - INFO - [1m[32mInput:     0x23b872dd000000000000000000000000cafebabe[0m
2025-09-21 15:26:42,830 - Detector - INFO - [1m[32m           cafebabecafebabecafebabecafebabe0000000000[0m
2025-09-21 15:26:42,830 - Detector - INFO - [1m[32m           00000000000000cafebabecafebabecafebabecafe[0m
2025-09-21 15:26:42,830 - Detector - INFO - [1m[32m           babecafebabe000000000000000000000000000000[0m
2025-09-21 15:26:42,830 - Detector - INFO - [1m[32m           0000000000000000000000000000000000[0m
2025-09-21 15:26:42,830 - Detector - INFO - [1m[32m-----------------------------------------------------[0m
2025-09-21 15:26:42,830 - Detector - INFO - [1m[32mTransaction 3 - balanceOf(address):[0m
2025-09-21 15:26:42,830 - Detector - INFO - [1m[32m-----------------------------------------------------[0m
2025-09-21 15:26:42,830 - Detector - INFO - [1m[32mFrom:      0xdeadbeefdeadbeefdeadbeefdeadbeefdeadbeef[0m
2025-09-21 15:26:42,830 - Detector - INFO - [1m[32mTo:        0x2c5e8a3b3aad9df32339409534e64dfcabcd3a65[0m
2025-09-21 15:26:42,830 - Detector - INFO - [1m[32mValue:     1 Wei[0m
2025-09-21 15:26:42,830 - Detector - INFO - [1m[32mGas Limit: 4500000[0m
2025-09-21 15:26:42,830 - Detector - INFO - [1m[32mInput:     0x70a08231000000000000000000000000deadbeef[0m
2025-09-21 15:26:42,830 - Detector - INFO - [1m[32m           deadbeefdeadbeefdeadbeefdeadbeef[0m
2025-09-21 15:26:42,830 - Detector - INFO - [1m[32m-----------------------------------------------------[0m
2025-09-21 15:26:45,012 - Analysis - INFO - [1mGeneration number 4 	 Code coverage: 82.66% (3490/4222) 	 Branch coverage: 75.41% (184/244) 	 Transactions: 710 (264 unique)   	 Time: 6.633652448654175[0m
2025-09-21 15:26:45,916 - Detector - INFO - [1m[32m-----------------------------------------------------[0m
2025-09-21 15:26:45,916 - Detector - INFO - [1m[32m          !!! Block dependency detected !!!          [0m
2025-09-21 15:26:45,917 - Detector - INFO - [1m[32m-----------------------------------------------------[0m
2025-09-21 15:26:45,917 - Detector - INFO - [1m[32mSWC-ID:   120[0m
2025-09-21 15:26:45,917 - Detector - INFO - [1m[32mSeverity: Low[0m
2025-09-21 15:26:45,917 - Detector - INFO - [1m[32m-----------------------------------------------------[0m
2025-09-21 15:26:45,917 - Detector - INFO - [1m[32mSource code line:[0m
2025-09-21 15:26:45,917 - Detector - INFO - [1m[32m-----------------------------------------------------[0m
2025-09-21 15:26:45,917 - Detector - INFO - [1m[32m/sb/0x865a0a003b1523fec58e4b8a956d18ecd923a315.sol:323:1[0m
2025-09-21 15:26:45,917 - Detector - INFO - [1m[32mnow[0m
2025-09-21 15:26:45,917 - Detector - INFO - [1m[32m-----------------------------------------------------[0m
2025-09-21 15:26:45,917 - Detector - INFO - [1m[32mTransaction sequence:[0m
2025-09-21 15:26:45,917 - Detector - INFO - [1m[32m-----------------------------------------------------[0m
2025-09-21 15:26:45,917 - Detector - INFO - [1m[32mTransaction 1 - mint(uint256):[0m
2025-09-21 15:26:45,917 - Detector - INFO - [1m[32m-----------------------------------------------------[0m
2025-09-21 15:26:45,917 - Detector - INFO - [1m[32mFrom:      0xdeadbeefdeadbeefdeadbeefdeadbeefdeadbeef[0m
2025-09-21 15:26:45,917 - Detector - INFO - [1m[32mTo:        0x2c5e8a3b3aad9df32339409534e64dfcabcd3a65[0m
2025-09-21 15:26:45,917 - Detector - INFO - [1m[32mValue:     1 Wei[0m
2025-09-21 15:26:45,917 - Detector - INFO - [1m[32mGas Limit: 4500000[0m
2025-09-21 15:26:45,917 - Detector - INFO - [1m[32mInput:     0xa0712d6800000000000000000000000000000000[0m
2025-09-21 15:26:45,917 - Detector - INFO - [1m[32m           00000000000000000000000000000002[0m
2025-09-21 15:26:45,917 - Detector - INFO - [1m[32m-----------------------------------------------------[0m
2025-09-21 15:26:45,917 - Detector - INFO - [1m[32mTransaction 2 - transferFrom(address,address,uint256):[0m
2025-09-21 15:26:45,917 - Detector - INFO - [1m[32m-----------------------------------------------------[0m
2025-09-21 15:26:45,917 - Detector - INFO - [1m[32mFrom:      0xcafebabecafebabecafebabecafebabecafebabe[0m
2025-09-21 15:26:45,917 - Detector - INFO - [1m[32mTo:        0x2c5e8a3b3aad9df32339409534e64dfcabcd3a65[0m
2025-09-21 15:26:45,917 - Detector - INFO - [1m[32mValue:     0 Wei[0m
2025-09-21 15:26:45,918 - Detector - INFO - [1m[32mGas Limit: 4500000[0m
2025-09-21 15:26:45,918 - Detector - INFO - [1m[32mInput:     0x23b872dd000000000000000000000000deadbeef[0m
2025-09-21 15:26:45,918 - Detector - INFO - [1m[32m           deadbeefdeadbeefdeadbeefdeadbeef0000000000[0m
2025-09-21 15:26:45,918 - Detector - INFO - [1m[32m           00000000000000deadbeefdeadbeefdeadbeefdead[0m
2025-09-21 15:26:45,918 - Detector - INFO - [1m[32m           beefdeadbeef838fde285a220f3f4adac45d7482de[0m
2025-09-21 15:26:45,918 - Detector - INFO - [1m[32m           041a1e072b2bdaa5466f52ff670b1fa7ce[0m
2025-09-21 15:26:45,918 - Detector - INFO - [1m[32m-----------------------------------------------------[0m
2025-09-21 15:26:45,918 - Detector - INFO - [1m[32mTransaction 3 - distributeWithLockup(address,uint256,uint256,uint256,uint256):[0m
2025-09-21 15:26:45,918 - Detector - INFO - [1m[32m-----------------------------------------------------[0m
2025-09-21 15:26:45,918 - Detector - INFO - [1m[32mFrom:      0xcafebabecafebabecafebabecafebabecafebabe[0m
2025-09-21 15:26:45,918 - Detector - INFO - [1m[32mTo:        0x2c5e8a3b3aad9df32339409534e64dfcabcd3a65[0m
2025-09-21 15:26:45,918 - Detector - INFO - [1m[32mValue:     0 Wei[0m
2025-09-21 15:26:45,918 - Detector - INFO - [1m[32mGas Limit: 4500000[0m
2025-09-21 15:26:45,918 - Detector - INFO - [1m[32mInput:     0xc572652b000000000000000000000000cafebabe[0m
2025-09-21 15:26:45,918 - Detector - INFO - [1m[32m           cafebabecafebabecafebabecafebabe0000000000[0m
2025-09-21 15:26:45,918 - Detector - INFO - [1m[32m           000000000000000000000000000000000000000000[0m
2025-09-21 15:26:45,918 - Detector - INFO - [1m[32m           000000000000000000000000000000000000000000[0m
2025-09-21 15:26:45,918 - Detector - INFO - [1m[32m           000000000000000000000000000000000000000000[0m
2025-09-21 15:26:45,918 - Detector - INFO - [1m[32m           000000000000000000000000000000000000000000[0m
2025-09-21 15:26:45,918 - Detector - INFO - [1m[32m           000000000000000000000000000000000000000000[0m
2025-09-21 15:26:45,918 - Detector - INFO - [1m[32m           000000000000000000000000000000000002[0m
2025-09-21 15:26:45,918 - Detector - INFO - [1m[32m-----------------------------------------------------[0m
2025-09-21 15:26:45,919 - Detector - INFO - [1m[32mTransaction 4 - transferFrom(address,address,uint256):[0m
2025-09-21 15:26:45,919 - Detector - INFO - [1m[32m-----------------------------------------------------[0m
2025-09-21 15:26:45,919 - Detector - INFO - [1m[32mFrom:      0xcafebabecafebabecafebabecafebabecafebabe[0m
2025-09-21 15:26:45,919 - Detector - INFO - [1m[32mTo:        0x2c5e8a3b3aad9df32339409534e64dfcabcd3a65[0m
2025-09-21 15:26:45,919 - Detector - INFO - [1m[32mValue:     0 Wei[0m
2025-09-21 15:26:45,919 - Detector - INFO - [1m[32mGas Limit: 4500000[0m
2025-09-21 15:26:45,919 - Detector - INFO - [1m[32mInput:     0x23b872dd000000000000000000000000cafebabe[0m
2025-09-21 15:26:45,919 - Detector - INFO - [1m[32m           cafebabecafebabecafebabecafebabe0000000000[0m
2025-09-21 15:26:45,919 - Detector - INFO - [1m[32m           00000000000000deadbeefdeadbeefdeadbeefdead[0m
2025-09-21 15:26:45,919 - Detector - INFO - [1m[32m           beefdeadbeef000000000000000000000000000000[0m
2025-09-21 15:26:45,919 - Detector - INFO - [1m[32m           0000000000000000000000000000000000[0m
2025-09-21 15:26:45,919 - Detector - INFO - [1m[32m-----------------------------------------------------[0m
2025-09-21 15:26:45,919 - Detector - INFO - [1m[32mTransaction 5 - balanceOf(address):[0m
2025-09-21 15:26:45,919 - Detector - INFO - [1m[32m-----------------------------------------------------[0m
2025-09-21 15:26:45,919 - Detector - INFO - [1m[32mFrom:      0xcafebabecafebabecafebabecafebabecafebabe[0m
2025-09-21 15:26:45,919 - Detector - INFO - [1m[32mTo:        0x2c5e8a3b3aad9df32339409534e64dfcabcd3a65[0m
2025-09-21 15:26:45,919 - Detector - INFO - [1m[32mValue:     1 Wei[0m
2025-09-21 15:26:45,919 - Detector - INFO - [1m[32mGas Limit: 4500000[0m
2025-09-21 15:26:45,919 - Detector - INFO - [1m[32mInput:     0x70a08231000000000000000000000000deadbeef[0m
2025-09-21 15:26:45,919 - Detector - INFO - [1m[32m           deadbeefdeadbeefdeadbeefdeadbeef[0m
2025-09-21 15:26:45,919 - Detector - INFO - [1m[32m-----------------------------------------------------[0m
2025-09-21 15:26:47,618 - Analysis - INFO - [1mGeneration number 5 	 Code coverage: 82.73% (3493/4222) 	 Branch coverage: 75.82% (185/244) 	 Transactions: 951 (324 unique)   	 Time: 9.239181280136108[0m
2025-09-21 15:26:50,154 - Detector - INFO - [1m[31m-----------------------------------------------------[0m
2025-09-21 15:26:50,154 - Detector - INFO - [1m[31m          !!! Integer overflow detected !!!          [0m
2025-09-21 15:26:50,154 - Detector - INFO - [1m[31m-----------------------------------------------------[0m
2025-09-21 15:26:50,154 - Detector - INFO - [1m[31mSWC-ID:   101[0m
2025-09-21 15:26:50,154 - Detector - INFO - [1m[31mSeverity: High[0m
2025-09-21 15:26:50,154 - Detector - INFO - [1m[31m-----------------------------------------------------[0m
2025-09-21 15:26:50,154 - Detector - INFO - [1m[31mSource code line:[0m
2025-09-21 15:26:50,154 - Detector - INFO - [1m[31m-----------------------------------------------------[0m
2025-09-21 15:26:50,154 - Detector - INFO - [1m[31m/sb/0x865a0a003b1523fec58e4b8a956d18ecd923a315.sol:28:21[0m
2025-09-21 15:26:50,154 - Detector - INFO - [1m[31ma + b[0m
2025-09-21 15:26:50,154 - Detector - INFO - [1m[31m-----------------------------------------------------[0m
2025-09-21 15:26:50,154 - Detector - INFO - [1m[31mTransaction sequence:[0m
2025-09-21 15:26:50,154 - Detector - INFO - [1m[31m-----------------------------------------------------[0m
2025-09-21 15:26:50,154 - Detector - INFO - [1m[31mTransaction 1 - transferFrom(address,address,uint256):[0m
2025-09-21 15:26:50,154 - Detector - INFO - [1m[31m-----------------------------------------------------[0m
2025-09-21 15:26:50,154 - Detector - INFO - [1m[31mFrom:      0xdeadbeefdeadbeefdeadbeefdeadbeefdeadbeef[0m
2025-09-21 15:26:50,154 - Detector - INFO - [1m[31mTo:        0x2c5e8a3b3aad9df32339409534e64dfcabcd3a65[0m
2025-09-21 15:26:50,154 - Detector - INFO - [1m[31mValue:     0 Wei[0m
2025-09-21 15:26:50,154 - Detector - INFO - [1m[31mGas Limit: 4500000[0m
2025-09-21 15:26:50,155 - Detector - INFO - [1m[31mInput:     0x23b872dd000000000000000000000000deadbeef[0m
2025-09-21 15:26:50,155 - Detector - INFO - [1m[31m           deadbeefdeadbeefdeadbeefdeadbeef0000000000[0m
2025-09-21 15:26:50,155 - Detector - INFO - [1m[31m           00000000000000cafebabecafebabecafebabecafe[0m
2025-09-21 15:26:50,155 - Detector - INFO - [1m[31m           babecafebabea528ba051a323c2c6a5c2b43d271b0[0m
2025-09-21 15:26:50,155 - Detector - INFO - [1m[31m           6d1c0a18223fe9835962232d41c01dd217[0m
2025-09-21 15:26:50,155 - Detector - INFO - [1m[31m-----------------------------------------------------[0m
2025-09-21 15:26:50,155 - Detector - INFO - [1m[31mTransaction 2 - mint(uint256):[0m
2025-09-21 15:26:50,155 - Detector - INFO - [1m[31m-----------------------------------------------------[0m
2025-09-21 15:26:50,155 - Detector - INFO - [1m[31mFrom:      0xcafebabecafebabecafebabecafebabecafebabe[0m
2025-09-21 15:26:50,155 - Detector - INFO - [1m[31mTo:        0x2c5e8a3b3aad9df32339409534e64dfcabcd3a65[0m
2025-09-21 15:26:50,155 - Detector - INFO - [1m[31mValue:     0 Wei[0m
2025-09-21 15:26:50,155 - Detector - INFO - [1m[31mGas Limit: 4500000[0m
2025-09-21 15:26:50,155 - Detector - INFO - [1m[31mInput:     0xa0712d68ffffffffffffffffffffffffffffffff[0m
2025-09-21 15:26:50,155 - Detector - INFO - [1m[31m           ffffffffffffffffffffffffffffffff[0m
2025-09-21 15:26:50,155 - Detector - INFO - [1m[31m-----------------------------------------------------[0m
2025-09-21 15:26:50,155 - Detector - INFO - [1m[31mTransaction 3 - transfer(address,uint256):[0m
2025-09-21 15:26:50,155 - Detector - INFO - [1m[31m-----------------------------------------------------[0m
2025-09-21 15:26:50,155 - Detector - INFO - [1m[31mFrom:      0xdeadbeefdeadbeefdeadbeefdeadbeefdeadbeef[0m
2025-09-21 15:26:50,155 - Detector - INFO - [1m[31mTo:        0x2c5e8a3b3aad9df32339409534e64dfcabcd3a65[0m
2025-09-21 15:26:50,155 - Detector - INFO - [1m[31mValue:     1 Wei[0m
2025-09-21 15:26:50,155 - Detector - INFO - [1m[31mGas Limit: 4500000[0m
2025-09-21 15:26:50,155 - Detector - INFO - [1m[31mInput:     0xa9059cbb000000000000000000000000deadbeef[0m
2025-09-21 15:26:50,155 - Detector - INFO - [1m[31m           deadbeefdeadbeefdeadbeefdeadbeefffffffffff[0m
2025-09-21 15:26:50,155 - Detector - INFO - [1m[31m           ffffffffffffffffffffffffffffffffffffffffff[0m
2025-09-21 15:26:50,155 - Detector - INFO - [1m[31m           fffffffffffe[0m
2025-09-21 15:26:50,155 - Detector - INFO - [1m[31m-----------------------------------------------------[0m
2025-09-21 15:26:50,155 - Detector - INFO - [1m[31mTransaction 4 - transferFrom(address,address,uint256):[0m
2025-09-21 15:26:50,155 - Detector - INFO - [1m[31m-----------------------------------------------------[0m
2025-09-21 15:26:50,155 - Detector - INFO - [1m[31mFrom:      0xcafebabecafebabecafebabecafebabecafebabe[0m
2025-09-21 15:26:50,155 - Detector - INFO - [1m[31mTo:        0x2c5e8a3b3aad9df32339409534e64dfcabcd3a65[0m
2025-09-21 15:26:50,155 - Detector - INFO - [1m[31mValue:     0 Wei[0m
2025-09-21 15:26:50,155 - Detector - INFO - [1m[31mGas Limit: 4500000[0m
2025-09-21 15:26:50,155 - Detector - INFO - [1m[31mInput:     0x23b872dd000000000000000000000000deadbeef[0m
2025-09-21 15:26:50,155 - Detector - INFO - [1m[31m           deadbeefdeadbeefdeadbeefdeadbeef0000000000[0m
2025-09-21 15:26:50,155 - Detector - INFO - [1m[31m           00000000000000cafebabecafebabecafebabecafe[0m
2025-09-21 15:26:50,155 - Detector - INFO - [1m[31m           babecafebabef6eea91961b277f17f90307f78201b[0m
2025-09-21 15:26:50,155 - Detector - INFO - [1m[31m           9a0eb22b684c113a2c0731f4a3562ed230[0m
2025-09-21 15:26:50,155 - Detector - INFO - [1m[31m-----------------------------------------------------[0m
2025-09-21 15:26:50,157 - Detector - INFO - [1m[33m-----------------------------------------------------[0m
2025-09-21 15:26:50,157 - Detector - INFO - [1m[33m          !!! Assertion failure detected !!!         [0m
2025-09-21 15:26:50,157 - Detector - INFO - [1m[33m-----------------------------------------------------[0m
2025-09-21 15:26:50,157 - Detector - INFO - [1m[33mSWC-ID:   110[0m
2025-09-21 15:26:50,157 - Detector - INFO - [1m[33mSeverity: Medium[0m
2025-09-21 15:26:50,157 - Detector - INFO - [1m[33m-----------------------------------------------------[0m
2025-09-21 15:26:50,157 - Detector - INFO - [1m[33mSource code line:[0m
2025-09-21 15:26:50,157 - Detector - INFO - [1m[33m-----------------------------------------------------[0m
2025-09-21 15:26:50,157 - Detector - INFO - [1m[33m/sb/0x865a0a003b1523fec58e4b8a956d18ecd923a315.sol:29:1[0m
2025-09-21 15:26:50,157 - Detector - INFO - [1m[33massert(c >= a)[0m
2025-09-21 15:26:50,157 - Detector - INFO - [1m[33m-----------------------------------------------------[0m
2025-09-21 15:26:50,157 - Detector - INFO - [1m[33mTransaction sequence:[0m
2025-09-21 15:26:50,157 - Detector - INFO - [1m[33m-----------------------------------------------------[0m
2025-09-21 15:26:50,157 - Detector - INFO - [1m[33mTransaction 1 - transferFrom(address,address,uint256):[0m
2025-09-21 15:26:50,157 - Detector - INFO - [1m[33m-----------------------------------------------------[0m
2025-09-21 15:26:50,157 - Detector - INFO - [1m[33mFrom:      0xdeadbeefdeadbeefdeadbeefdeadbeefdeadbeef[0m
2025-09-21 15:26:50,157 - Detector - INFO - [1m[33mTo:        0x2c5e8a3b3aad9df32339409534e64dfcabcd3a65[0m
2025-09-21 15:26:50,157 - Detector - INFO - [1m[33mValue:     0 Wei[0m
2025-09-21 15:26:50,157 - Detector - INFO - [1m[33mGas Limit: 4500000[0m
2025-09-21 15:26:50,157 - Detector - INFO - [1m[33mInput:     0x23b872dd000000000000000000000000deadbeef[0m
2025-09-21 15:26:50,157 - Detector - INFO - [1m[33m           deadbeefdeadbeefdeadbeefdeadbeef0000000000[0m
2025-09-21 15:26:50,157 - Detector - INFO - [1m[33m           00000000000000cafebabecafebabecafebabecafe[0m
2025-09-21 15:26:50,157 - Detector - INFO - [1m[33m           babecafebabea528ba051a323c2c6a5c2b43d271b0[0m
2025-09-21 15:26:50,157 - Detector - INFO - [1m[33m           6d1c0a18223fe9835962232d41c01dd217[0m
2025-09-21 15:26:50,157 - Detector - INFO - [1m[33m-----------------------------------------------------[0m
2025-09-21 15:26:50,158 - Detector - INFO - [1m[33mTransaction 2 - mint(uint256):[0m
2025-09-21 15:26:50,158 - Detector - INFO - [1m[33m-----------------------------------------------------[0m
2025-09-21 15:26:50,158 - Detector - INFO - [1m[33mFrom:      0xcafebabecafebabecafebabecafebabecafebabe[0m
2025-09-21 15:26:50,158 - Detector - INFO - [1m[33mTo:        0x2c5e8a3b3aad9df32339409534e64dfcabcd3a65[0m
2025-09-21 15:26:50,158 - Detector - INFO - [1m[33mValue:     0 Wei[0m
2025-09-21 15:26:50,158 - Detector - INFO - [1m[33mGas Limit: 4500000[0m
2025-09-21 15:26:50,158 - Detector - INFO - [1m[33mInput:     0xa0712d68ffffffffffffffffffffffffffffffff[0m
2025-09-21 15:26:50,158 - Detector - INFO - [1m[33m           ffffffffffffffffffffffffffffffff[0m
2025-09-21 15:26:50,158 - Detector - INFO - [1m[33m-----------------------------------------------------[0m
2025-09-21 15:26:50,158 - Detector - INFO - [1m[33mTransaction 3 - transfer(address,uint256):[0m
2025-09-21 15:26:50,158 - Detector - INFO - [1m[33m-----------------------------------------------------[0m
2025-09-21 15:26:50,158 - Detector - INFO - [1m[33mFrom:      0xdeadbeefdeadbeefdeadbeefdeadbeefdeadbeef[0m
2025-09-21 15:26:50,158 - Detector - INFO - [1m[33mTo:        0x2c5e8a3b3aad9df32339409534e64dfcabcd3a65[0m
2025-09-21 15:26:50,158 - Detector - INFO - [1m[33mValue:     1 Wei[0m
2025-09-21 15:26:50,158 - Detector - INFO - [1m[33mGas Limit: 4500000[0m
2025-09-21 15:26:50,158 - Detector - INFO - [1m[33mInput:     0xa9059cbb000000000000000000000000deadbeef[0m
2025-09-21 15:26:50,158 - Detector - INFO - [1m[33m           deadbeefdeadbeefdeadbeefdeadbeefffffffffff[0m
2025-09-21 15:26:50,158 - Detector - INFO - [1m[33m           ffffffffffffffffffffffffffffffffffffffffff[0m
2025-09-21 15:26:50,158 - Detector - INFO - [1m[33m           fffffffffffe[0m
2025-09-21 15:26:50,158 - Detector - INFO - [1m[33m-----------------------------------------------------[0m
2025-09-21 15:26:50,158 - Detector - INFO - [1m[33mTransaction 4 - transferFrom(address,address,uint256):[0m
2025-09-21 15:26:50,158 - Detector - INFO - [1m[33m-----------------------------------------------------[0m
2025-09-21 15:26:50,158 - Detector - INFO - [1m[33mFrom:      0xcafebabecafebabecafebabecafebabecafebabe[0m
2025-09-21 15:26:50,158 - Detector - INFO - [1m[33mTo:        0x2c5e8a3b3aad9df32339409534e64dfcabcd3a65[0m
2025-09-21 15:26:50,158 - Detector - INFO - [1m[33mValue:     0 Wei[0m
2025-09-21 15:26:50,158 - Detector - INFO - [1m[33mGas Limit: 4500000[0m
2025-09-21 15:26:50,158 - Detector - INFO - [1m[33mInput:     0x23b872dd000000000000000000000000deadbeef[0m
2025-09-21 15:26:50,158 - Detector - INFO - [1m[33m           deadbeefdeadbeefdeadbeefdeadbeef0000000000[0m
2025-09-21 15:26:50,158 - Detector - INFO - [1m[33m           00000000000000cafebabecafebabecafebabecafe[0m
2025-09-21 15:26:50,158 - Detector - INFO - [1m[33m           babecafebabef6eea91961b277f17f90307f78201b[0m
2025-09-21 15:26:50,158 - Detector - INFO - [1m[33m           9a0eb22b684c113a2c0731f4a3562ed230[0m
2025-09-21 15:26:50,158 - Detector - INFO - [1m[33m-----------------------------------------------------[0m
2025-09-21 15:26:50,202 - Analysis - INFO - [1mGeneration number 6 	 Code coverage: 82.83% (3497/4222) 	 Branch coverage: 76.64% (187/244) 	 Transactions: 1202 (384 unique)   	 Time: 11.824167966842651[0m
2025-09-21 15:26:52,967 - Analysis - INFO - [1mGeneration number 7 	 Code coverage: 82.83% (3497/4222) 	 Branch coverage: 76.64% (187/244) 	 Transactions: 1458 (443 unique)   	 Time: 14.588849544525146[0m
2025-09-21 15:26:55,729 - Analysis - INFO - [1mGeneration number 8 	 Code coverage: 83.04% (3506/4222) 	 Branch coverage: 77.87% (190/244) 	 Transactions: 1718 (503 unique)   	 Time: 17.350308179855347[0m
2025-09-21 15:26:58,509 - Analysis - INFO - [1mGeneration number 9 	 Code coverage: 83.04% (3506/4222) 	 Branch coverage: 77.87% (190/244) 	 Transactions: 1982 (563 unique)   	 Time: 20.130162477493286[0m
2025-09-21 15:27:01,557 - Analysis - INFO - [1mGeneration number 10 	 Code coverage: 83.11% (3509/4222) 	 Branch coverage: 78.28% (191/244) 	 Transactions: 2247 (622 unique)   	 Time: 23.17864203453064[0m
2025-09-21 15:27:01,557 - Analysis - INFO - [1m-----------------------------------------------------[0m
2025-09-21 15:27:01,557 - Analysis - INFO - Number of generations: 	 10
2025-09-21 15:27:01,557 - Analysis - INFO - Number of transactions: 	 2247 (622 unique)
2025-09-21 15:27:01,557 - Analysis - INFO - Transactions per second: 	 97
2025-09-21 15:27:01,557 - Analysis - INFO - Total code coverage: 	 83.11% (3509/4222)
2025-09-21 15:27:01,557 - Analysis - INFO - Total branch coverage: 	 78.28% (191/244)
2025-09-21 15:27:01,557 - Analysis - INFO - Total execution time: 	 23.18 seconds
2025-09-21 15:27:01,558 - Analysis - INFO - Total memory consumption: 	 104.95 MB

     ______            ______                _           
    / ____/___  ____  / ____/_  __________  (_)_  _______
   / /   / __ \/ __ \/ /_  / / / /_  /_  / / / / / / ___/
  / /___/ /_/ / / / / __/ / /_/ / / /_/ /_/ / /_/ (__  ) 
  \____/\____/_/ /_/_/    \__,_/ /___/___/_/\__,_/____/  

delteed file
