2025-07-03 17:19:48,695 - Main     - INFO - [1mInitializing seed to 1427655.0[0m
2025-07-03 17:19:48,716 - Fuzzer   - INFO - [1mFuzzing contract [1mToken[0m[0m
2025-07-03 17:19:48,733 - Detector - INFO - [1m[31m-----------------------------------------------------[0m
2025-07-03 17:19:48,733 - Detector - INFO - [1m[31m          !!! Integer underflow detected !!!          [0m
2025-07-03 17:19:48,733 - Detector - INFO - [1m[31m-----------------------------------------------------[0m
2025-07-03 17:19:48,733 - Detector - INFO - [1m[31mSWC-ID:   101[0m
2025-07-03 17:19:48,733 - Detector - INFO - [1m[31mSeverity: High[0m
2025-07-03 17:19:48,733 - Detector - INFO - [1m[31m-----------------------------------------------------[0m
2025-07-03 17:19:48,733 - Detector - INFO - [1m[31mSource code line:[0m
2025-07-03 17:19:48,734 - Detector - INFO - [1m[31m-----------------------------------------------------[0m
2025-07-03 17:19:48,734 - Detector - INFO - [1m[31m/sb/token.sol:20:1[0m
2025-07-03 17:19:48,734 - Detector - INFO - [1m[31mbalances[msg.sender] - _value[0m
2025-07-03 17:19:48,734 - Detector - INFO - [1m[31m-----------------------------------------------------[0m
2025-07-03 17:19:48,734 - Detector - INFO - [1m[31mTransaction sequence:[0m
2025-07-03 17:19:48,734 - Detector - INFO - [1m[31m-----------------------------------------------------[0m
2025-07-03 17:19:48,734 - Detector - INFO - [1m[31mTransaction - transfer(address,uint256):[0m
2025-07-03 17:19:48,734 - Detector - INFO - [1m[31m-----------------------------------------------------[0m
2025-07-03 17:19:48,734 - Detector - INFO - [1m[31mFrom:      0xdeadbeefdeadbeefdeadbeefdeadbeefdeadbeef[0m
2025-07-03 17:19:48,734 - Detector - INFO - [1m[31mTo:        0x2c5e8a3b3aad9df32339409534e64dfcabcd3a65[0m
2025-07-03 17:19:48,734 - Detector - INFO - [1m[31mValue:     0 Wei[0m
2025-07-03 17:19:48,734 - Detector - INFO - [1m[31mGas Limit: 4500000[0m
2025-07-03 17:19:48,734 - Detector - INFO - [1m[31mInput:     0xa9059cbb000000000000000000000000cafebabe[0m
2025-07-03 17:19:48,734 - Detector - INFO - [1m[31m           cafebabecafebabecafebabecafebabea494a9f92b[0m
2025-07-03 17:19:48,734 - Detector - INFO - [1m[31m           2eb5ca92c959ebe06951fc33f7e7c1f56f74c24dae[0m
2025-07-03 17:19:48,734 - Detector - INFO - [1m[31m           f6a463076986[0m
2025-07-03 17:19:48,734 - Detector - INFO - [1m[31m-----------------------------------------------------[0m
2025-07-03 17:19:48,739 - Detector - INFO - [1m[31m-----------------------------------------------------[0m
2025-07-03 17:19:48,739 - Detector - INFO - [1m[31m          !!! Integer underflow detected !!!          [0m
2025-07-03 17:19:48,739 - Detector - INFO - [1m[31m-----------------------------------------------------[0m
2025-07-03 17:19:48,739 - Detector - INFO - [1m[31mSWC-ID:   101[0m
2025-07-03 17:19:48,739 - Detector - INFO - [1m[31mSeverity: High[0m
2025-07-03 17:19:48,739 - Detector - INFO - [1m[31m-----------------------------------------------------[0m
2025-07-03 17:19:48,739 - Detector - INFO - [1m[31mSource code line:[0m
2025-07-03 17:19:48,739 - Detector - INFO - [1m[31m-----------------------------------------------------[0m
2025-07-03 17:19:48,739 - Detector - INFO - [1m[31m/sb/token.sol:22:1[0m
2025-07-03 17:19:48,739 - Detector - INFO - [1m[31mbalances[msg.sender] -= _value[0m
2025-07-03 17:19:48,739 - Detector - INFO - [1m[31m-----------------------------------------------------[0m
2025-07-03 17:19:48,739 - Detector - INFO - [1m[31mTransaction sequence:[0m
2025-07-03 17:19:48,739 - Detector - INFO - [1m[31m-----------------------------------------------------[0m
2025-07-03 17:19:48,739 - Detector - INFO - [1m[31mTransaction - transfer(address,uint256):[0m
2025-07-03 17:19:48,739 - Detector - INFO - [1m[31m-----------------------------------------------------[0m
2025-07-03 17:19:48,740 - Detector - INFO - [1m[31mFrom:      0xdeadbeefdeadbeefdeadbeefdeadbeefdeadbeef[0m
2025-07-03 17:19:48,740 - Detector - INFO - [1m[31mTo:        0x2c5e8a3b3aad9df32339409534e64dfcabcd3a65[0m
2025-07-03 17:19:48,740 - Detector - INFO - [1m[31mValue:     0 Wei[0m
2025-07-03 17:19:48,740 - Detector - INFO - [1m[31mGas Limit: 4500000[0m
2025-07-03 17:19:48,740 - Detector - INFO - [1m[31mInput:     0xa9059cbb000000000000000000000000cafebabe[0m
2025-07-03 17:19:48,740 - Detector - INFO - [1m[31m           cafebabecafebabecafebabecafebabea494a9f92b[0m
2025-07-03 17:19:48,740 - Detector - INFO - [1m[31m           2eb5ca92c959ebe06951fc33f7e7c1f56f74c24dae[0m
2025-07-03 17:19:48,740 - Detector - INFO - [1m[31m           f6a463076986[0m
2025-07-03 17:19:48,740 - Detector - INFO - [1m[31m-----------------------------------------------------[0m
2025-07-03 17:19:48,762 - Analysis - INFO - [1mGeneration number 0 	 Code coverage: 98.08% (204/208) 	 Branch coverage: 87.50% (14/16) 	 Transactions: 9 (8 unique)   	 Time: 0.039217472076416016[0m
2025-07-03 17:19:48,794 - Analysis - INFO - [1mGeneration number 1 	 Code coverage: 98.08% (204/208) 	 Branch coverage: 87.50% (14/16) 	 Transactions: 17 (10 unique)   	 Time: 0.07136297225952148[0m
2025-07-03 17:19:48,822 - Detector - INFO - [1m[31m-----------------------------------------------------[0m
2025-07-03 17:19:48,822 - Detector - INFO - [1m[31m          !!! Integer overflow detected !!!          [0m
2025-07-03 17:19:48,822 - Detector - INFO - [1m[31m-----------------------------------------------------[0m
2025-07-03 17:19:48,822 - Detector - INFO - [1m[31mSWC-ID:   101[0m
2025-07-03 17:19:48,822 - Detector - INFO - [1m[31mSeverity: High[0m
2025-07-03 17:19:48,822 - Detector - INFO - [1m[31m-----------------------------------------------------[0m
2025-07-03 17:19:48,822 - Detector - INFO - [1m[31mSource code line:[0m
2025-07-03 17:19:48,822 - Detector - INFO - [1m[31m-----------------------------------------------------[0m
2025-07-03 17:19:48,822 - Detector - INFO - [1m[31m/sb/token.sol:23:1[0m
2025-07-03 17:19:48,822 - Detector - INFO - [1m[31mbalances[_to] += _value[0m
2025-07-03 17:19:48,822 - Detector - INFO - [1m[31m-----------------------------------------------------[0m
2025-07-03 17:19:48,822 - Detector - INFO - [1m[31mTransaction sequence:[0m
2025-07-03 17:19:48,822 - Detector - INFO - [1m[31m-----------------------------------------------------[0m
2025-07-03 17:19:48,822 - Detector - INFO - [1m[31mTransaction 1 - transfer(address,uint256):[0m
2025-07-03 17:19:48,822 - Detector - INFO - [1m[31m-----------------------------------------------------[0m
2025-07-03 17:19:48,822 - Detector - INFO - [1m[31mFrom:      0xdeadbeefdeadbeefdeadbeefdeadbeefdeadbeef[0m
2025-07-03 17:19:48,823 - Detector - INFO - [1m[31mTo:        0x2c5e8a3b3aad9df32339409534e64dfcabcd3a65[0m
2025-07-03 17:19:48,823 - Detector - INFO - [1m[31mValue:     0 Wei[0m
2025-07-03 17:19:48,823 - Detector - INFO - [1m[31mGas Limit: 4500000[0m
2025-07-03 17:19:48,823 - Detector - INFO - [1m[31mInput:     0xa9059cbb000000000000000000000000deadbeef[0m
2025-07-03 17:19:48,823 - Detector - INFO - [1m[31m           deadbeefdeadbeefdeadbeefdeadbeef05d98bf293[0m
2025-07-03 17:19:48,823 - Detector - INFO - [1m[31m           f1b09e307adf12aae133699f95560820afa3380c38[0m
2025-07-03 17:19:48,823 - Detector - INFO - [1m[31m           f6d0e2f603cc[0m
2025-07-03 17:19:48,823 - Detector - INFO - [1m[31m-----------------------------------------------------[0m
2025-07-03 17:19:48,823 - Detector - INFO - [1m[31mTransaction 2 - balanceOf(address):[0m
2025-07-03 17:19:48,823 - Detector - INFO - [1m[31m-----------------------------------------------------[0m
2025-07-03 17:19:48,823 - Detector - INFO - [1m[31mFrom:      0xdeadbeefdeadbeefdeadbeefdeadbeefdeadbeef[0m
2025-07-03 17:19:48,823 - Detector - INFO - [1m[31mTo:        0x2c5e8a3b3aad9df32339409534e64dfcabcd3a65[0m
2025-07-03 17:19:48,823 - Detector - INFO - [1m[31mValue:     0 Wei[0m
2025-07-03 17:19:48,823 - Detector - INFO - [1m[31mGas Limit: 4500000[0m
2025-07-03 17:19:48,823 - Detector - INFO - [1m[31mInput:     0x70a08231000000000000000000000000deadbeef[0m
2025-07-03 17:19:48,823 - Detector - INFO - [1m[31m           deadbeefdeadbeefdeadbeefdeadbeef[0m
2025-07-03 17:19:48,823 - Detector - INFO - [1m[31m-----------------------------------------------------[0m
2025-07-03 17:19:48,823 - Detector - INFO - [1m[31mTransaction 3 - balanceOf(address):[0m
2025-07-03 17:19:48,823 - Detector - INFO - [1m[31m-----------------------------------------------------[0m
2025-07-03 17:19:48,823 - Detector - INFO - [1m[31mFrom:      0xcafebabecafebabecafebabecafebabecafebabe[0m
2025-07-03 17:19:48,823 - Detector - INFO - [1m[31mTo:        0x2c5e8a3b3aad9df32339409534e64dfcabcd3a65[0m
2025-07-03 17:19:48,823 - Detector - INFO - [1m[31mValue:     1 Wei[0m
2025-07-03 17:19:48,824 - Detector - INFO - [1m[31mGas Limit: 4500000[0m
2025-07-03 17:19:48,824 - Detector - INFO - [1m[31mInput:     0x70a08231000000000000000000000000cafebabe[0m
2025-07-03 17:19:48,824 - Detector - INFO - [1m[31m           cafebabecafebabecafebabecafebabe[0m
2025-07-03 17:19:48,824 - Detector - INFO - [1m[31m-----------------------------------------------------[0m
2025-07-03 17:19:48,892 - Analysis - INFO - [1mGeneration number 2 	 Code coverage: 98.08% (204/208) 	 Branch coverage: 87.50% (14/16) 	 Transactions: 32 (15 unique)   	 Time: 0.16875910758972168[0m
2025-07-03 17:19:48,985 - Analysis - INFO - [1mGeneration number 3 	 Code coverage: 98.08% (204/208) 	 Branch coverage: 87.50% (14/16) 	 Transactions: 49 (20 unique)   	 Time: 0.2621955871582031[0m
2025-07-03 17:19:49,113 - Analysis - INFO - [1mGeneration number 4 	 Code coverage: 98.08% (204/208) 	 Branch coverage: 87.50% (14/16) 	 Transactions: 72 (25 unique)   	 Time: 0.39052391052246094[0m
2025-07-03 17:19:49,228 - Analysis - INFO - [1mGeneration number 5 	 Code coverage: 98.08% (204/208) 	 Branch coverage: 87.50% (14/16) 	 Transactions: 95 (31 unique)   	 Time: 0.5047817230224609[0m
2025-07-03 17:19:49,358 - Analysis - INFO - [1mGeneration number 6 	 Code coverage: 98.08% (204/208) 	 Branch coverage: 87.50% (14/16) 	 Transactions: 120 (37 unique)   	 Time: 0.6348130702972412[0m
2025-07-03 17:19:49,505 - Analysis - INFO - [1mGeneration number 7 	 Code coverage: 98.08% (204/208) 	 Branch coverage: 87.50% (14/16) 	 Transactions: 149 (44 unique)   	 Time: 0.7824394702911377[0m
2025-07-03 17:19:49,646 - Analysis - INFO - [1mGeneration number 8 	 Code coverage: 98.08% (204/208) 	 Branch coverage: 87.50% (14/16) 	 Transactions: 176 (50 unique)   	 Time: 0.9232711791992188[0m
2025-07-03 17:19:49,852 - Analysis - INFO - [1mGeneration number 9 	 Code coverage: 98.08% (204/208) 	 Branch coverage: 87.50% (14/16) 	 Transactions: 206 (58 unique)   	 Time: 1.1292188167572021[0m
2025-07-03 17:19:50,046 - Analysis - INFO - [1mGeneration number 10 	 Code coverage: 98.08% (204/208) 	 Branch coverage: 87.50% (14/16) 	 Transactions: 236 (65 unique)   	 Time: 1.3231875896453857[0m
2025-07-03 17:19:50,057 - Analysis - INFO - [1m-----------------------------------------------------[0m
2025-07-03 17:19:50,057 - Analysis - INFO - Number of generations: 	 10
2025-07-03 17:19:50,057 - Analysis - INFO - Number of transactions: 	 236 (65 unique)
2025-07-03 17:19:50,057 - Analysis - INFO - Transactions per second: 	 177
2025-07-03 17:19:50,057 - Analysis - INFO - Total code coverage: 	 98.08% (204/208)
2025-07-03 17:19:50,057 - Analysis - INFO - Total branch coverage: 	 87.50% (14/16)
2025-07-03 17:19:50,057 - Analysis - INFO - Total execution time: 	 1.33 seconds
2025-07-03 17:19:50,057 - Analysis - INFO - Total memory consumption: 	 63.93 MB

     ______            ______                _           
    / ____/___  ____  / ____/_  __________  (_)_  _______
   / /   / __ \/ __ \/ /_  / / / /_  /_  / / / / / / ___/
  / /___/ /_/ / / / / __/ / /_/ / / /_/ /_/ / /_/ (__  ) 
  \____/\____/_/ /_/_/    \__,_/ /___/___/_/\__,_/____/  

delteed file
