2025-09-22 02:08:52,304 - Main     - INFO - [1mInitializing seed to 1427655.0[0m
2025-09-22 02:08:52,342 - Fuzzer   - INFO - [1mFuzzing contract [1mOwnable[0m[0m
2025-09-22 02:08:52,370 - Analysis - INFO - [1mGeneration number 0 	 Code coverage: 65.14% (114/175) 	 Branch coverage: 78.57% (11/14) 	 Transactions: 7 (6 unique)   	 Time: 0.020407915115356445[0m
2025-09-22 02:08:52,388 - Analysis - INFO - [1mGeneration number 1 	 Code coverage: 65.14% (114/175) 	 Branch coverage: 78.57% (11/14) 	 Transactions: 12 (7 unique)   	 Time: 0.03838300704956055[0m
2025-09-22 02:08:52,411 - Analysis - INFO - [1mGeneration number 2 	 Code coverage: 65.14% (114/175) 	 Branch coverage: 78.57% (11/14) 	 Transactions: 15 (8 unique)   	 Time: 0.0616605281829834[0m
2025-09-22 02:08:52,438 - Analysis - INFO - [1mGeneration number 3 	 Code coverage: 65.14% (114/175) 	 Branch coverage: 78.57% (11/14) 	 Transactions: 19 (8 unique)   	 Time: 0.08838129043579102[0m
2025-09-22 02:08:52,484 - Analysis - INFO - [1mGeneration number 4 	 Code coverage: 97.71% (171/175) 	 Branch coverage: 92.86% (13/14) 	 Transactions: 24 (9 unique)   	 Time: 0.13431453704833984[0m
2025-09-22 02:08:52,506 - Analysis - INFO - [1mGeneration number 5 	 Code coverage: 97.71% (171/175) 	 Branch coverage: 92.86% (13/14) 	 Transactions: 29 (11 unique)   	 Time: 0.1571941375732422[0m
2025-09-22 02:08:52,556 - Analysis - INFO - [1mGeneration number 6 	 Code coverage: 99.43% (174/175) 	 Branch coverage: 100.00% (14/14) 	 Transactions: 39 (14 unique)   	 Time: 0.2066810131072998[0m
2025-09-22 02:08:52,605 - Analysis - INFO - [1mGeneration number 7 	 Code coverage: 99.43% (174/175) 	 Branch coverage: 100.00% (14/14) 	 Transactions: 53 (18 unique)   	 Time: 0.2558274269104004[0m
2025-09-22 02:08:52,659 - Analysis - INFO - [1mGeneration number 8 	 Code coverage: 99.43% (174/175) 	 Branch coverage: 100.00% (14/14) 	 Transactions: 68 (20 unique)   	 Time: 0.3093903064727783[0m
2025-09-22 02:08:52,703 - Analysis - INFO - [1mGeneration number 9 	 Code coverage: 99.43% (174/175) 	 Branch coverage: 100.00% (14/14) 	 Transactions: 80 (21 unique)   	 Time: 0.353989839553833[0m
2025-09-22 02:08:52,748 - Analysis - INFO - [1mGeneration number 10 	 Code coverage: 99.43% (174/175) 	 Branch coverage: 100.00% (14/14) 	 Transactions: 92 (21 unique)   	 Time: 0.39882993698120117[0m
2025-09-22 02:08:52,748 - Analysis - INFO - [1m-----------------------------------------------------[0m
2025-09-22 02:08:52,748 - Analysis - INFO - Number of generations: 	 10
2025-09-22 02:08:52,748 - Analysis - INFO - Number of transactions: 	 92 (21 unique)
2025-09-22 02:08:52,748 - Analysis - INFO - Transactions per second: 	 231
2025-09-22 02:08:52,748 - Analysis - INFO - Total code coverage: 	 99.43% (174/175)
2025-09-22 02:08:52,748 - Analysis - INFO - Total branch coverage: 	 100.00% (14/14)
2025-09-22 02:08:52,748 - Analysis - INFO - Total execution time: 	 0.40 seconds
2025-09-22 02:08:52,749 - Analysis - INFO - Total memory consumption: 	 64.71 MB
2025-09-22 02:08:52,750 - Fuzzer   - INFO - [1mFuzzing contract [1mlockEtherPay[0m[0m
2025-09-22 02:08:52,861 - Detector - INFO - [1m[32m-----------------------------------------------------[0m
2025-09-22 02:08:52,861 - Detector - INFO - [1m[32m          !!! Block dependency detected !!!          [0m
2025-09-22 02:08:52,861 - Detector - INFO - [1m[32m-----------------------------------------------------[0m
2025-09-22 02:08:52,861 - Detector - INFO - [1m[32mSWC-ID:   120[0m
2025-09-22 02:08:52,861 - Detector - INFO - [1m[32mSeverity: Low[0m
2025-09-22 02:08:52,861 - Detector - INFO - [1m[32m-----------------------------------------------------[0m
2025-09-22 02:08:52,861 - Detector - INFO - [1m[32mSource code line:[0m
2025-09-22 02:08:52,861 - Detector - INFO - [1m[32m-----------------------------------------------------[0m
2025-09-22 02:08:52,861 - Detector - INFO - [1m[32m/sb/0x0cccfba8ac882e2025a880c875760ed2d4044860.sol:96:1[0m
2025-09-22 02:08:52,861 - Detector - INFO - [1m[32mnow[0m
2025-09-22 02:08:52,861 - Detector - INFO - [1m[32m-----------------------------------------------------[0m
2025-09-22 02:08:52,861 - Detector - INFO - [1m[32mTransaction sequence:[0m
2025-09-22 02:08:52,861 - Detector - INFO - [1m[32m-----------------------------------------------------[0m
2025-09-22 02:08:52,861 - Detector - INFO - [1m[32mTransaction - lockOver():[0m
2025-09-22 02:08:52,861 - Detector - INFO - [1m[32m-----------------------------------------------------[0m
2025-09-22 02:08:52,861 - Detector - INFO - [1m[32mFrom:      0xcafebabecafebabecafebabecafebabecafebabe[0m
2025-09-22 02:08:52,861 - Detector - INFO - [1m[32mTo:        0x2c5e8a3b3aad9df32339409534e64dfcabcd3a65[0m
2025-09-22 02:08:52,861 - Detector - INFO - [1m[32mValue:     0 Wei[0m
2025-09-22 02:08:52,862 - Detector - INFO - [1m[32mGas Limit: 4500000[0m
2025-09-22 02:08:52,862 - Detector - INFO - [1m[32mInput:     0x9b7faaf0[0m
2025-09-22 02:08:52,862 - Detector - INFO - [1m[32m-----------------------------------------------------[0m
2025-09-22 02:08:52,863 - Analysis - INFO - [1mGeneration number 0 	 Code coverage: 64.42% (545/846) 	 Branch coverage: 68.29% (56/82) 	 Transactions: 27 (26 unique)   	 Time: 0.10777902603149414[0m
2025-09-22 02:08:52,970 - Analysis - INFO - [1mGeneration number 1 	 Code coverage: 64.78% (548/846) 	 Branch coverage: 69.51% (57/82) 	 Transactions: 50 (32 unique)   	 Time: 0.21459531784057617[0m
2025-09-22 02:08:53,169 - Analysis - INFO - [1mGeneration number 2 	 Code coverage: 66.55% (563/846) 	 Branch coverage: 71.95% (59/82) 	 Transactions: 83 (42 unique)   	 Time: 0.41363978385925293[0m
2025-09-22 02:08:53,375 - Analysis - INFO - [1mGeneration number 3 	 Code coverage: 66.90% (566/846) 	 Branch coverage: 73.17% (60/82) 	 Transactions: 119 (50 unique)   	 Time: 0.6198313236236572[0m
2025-09-22 02:08:53,794 - Analysis - INFO - [1mGeneration number 4 	 Code coverage: 66.90% (566/846) 	 Branch coverage: 73.17% (60/82) 	 Transactions: 184 (62 unique)   	 Time: 1.038621425628662[0m
2025-09-22 02:08:54,269 - Analysis - INFO - [1mGeneration number 5 	 Code coverage: 67.26% (569/846) 	 Branch coverage: 74.39% (61/82) 	 Transactions: 268 (75 unique)   	 Time: 1.513148307800293[0m
2025-09-22 02:08:54,708 - Analysis - INFO - [1mGeneration number 6 	 Code coverage: 67.26% (569/846) 	 Branch coverage: 74.39% (61/82) 	 Transactions: 335 (82 unique)   	 Time: 1.9529109001159668[0m
2025-09-22 02:08:55,267 - Analysis - INFO - [1mGeneration number 7 	 Code coverage: 67.26% (569/846) 	 Branch coverage: 74.39% (61/82) 	 Transactions: 413 (90 unique)   	 Time: 2.512014865875244[0m
2025-09-22 02:08:55,758 - Analysis - INFO - [1mGeneration number 8 	 Code coverage: 67.26% (569/846) 	 Branch coverage: 74.39% (61/82) 	 Transactions: 486 (95 unique)   	 Time: 3.002941131591797[0m
2025-09-22 02:08:56,236 - Analysis - INFO - [1mGeneration number 9 	 Code coverage: 67.26% (569/846) 	 Branch coverage: 74.39% (61/82) 	 Transactions: 557 (99 unique)   	 Time: 3.4807217121124268[0m
2025-09-22 02:08:56,872 - Analysis - INFO - [1mGeneration number 10 	 Code coverage: 67.26% (569/846) 	 Branch coverage: 74.39% (61/82) 	 Transactions: 642 (107 unique)   	 Time: 4.116051912307739[0m
2025-09-22 02:08:56,883 - Analysis - INFO - [1m-----------------------------------------------------[0m
2025-09-22 02:08:56,883 - Analysis - INFO - Number of generations: 	 10
2025-09-22 02:08:56,883 - Analysis - INFO - Number of transactions: 	 642 (107 unique)
2025-09-22 02:08:56,883 - Analysis - INFO - Transactions per second: 	 156
2025-09-22 02:08:56,883 - Analysis - INFO - Total code coverage: 	 67.26% (569/846)
2025-09-22 02:08:56,883 - Analysis - INFO - Total branch coverage: 	 74.39% (61/82)
2025-09-22 02:08:56,883 - Analysis - INFO - Total execution time: 	 4.13 seconds
2025-09-22 02:08:56,883 - Analysis - INFO - Total memory consumption: 	 68.71 MB

     ______            ______                _           
    / ____/___  ____  / ____/_  __________  (_)_  _______
   / /   / __ \/ __ \/ /_  / / / /_  /_  / / / / / / ___/
  / /___/ /_/ / / / / __/ / /_/ / / /_/ /_/ / /_/ (__  ) 
  \____/\____/_/ /_/_/    \__,_/ /___/___/_/\__,_/____/  

delteed file
