2025-09-21 23:55:55,232: [11] m.main:INFO: Registered plugins: IntrospectionAPIPlugin, DetectInvalid, DetectIntegerOverflow, DetectUninitializedStorage, DetectUninitializedMemory, DetectReentrancySimple, DetectReentrancyAdvanced, DetectUnusedRetVal, DetectSuicidal, DetectDelegatecall, DetectExternalCallAndLeak, DetectEnvInstruction, DetectManipulableBalance
2025-09-21 23:55:55,232: [11] m.main:INFO: Beginning analysis
2025-09-21 23:55:55,234: [11] m.e.manticore:INFO: Starting symbolic create contract
2025-09-21 23:55:56,134: [11] m.e.manticore:INFO: Starting symbolic transaction: 0
2025-09-21 23:55:58,474: [11] m.e.manticore:INFO: 2 alive states, 8 terminated states
2025-09-21 23:55:58,948: [11] m.e.manticore:INFO: Starting symbolic transaction: 1
2025-09-21 23:56:03,866: [11] m.e.manticore:INFO: 4 alive states, 22 terminated states
2025-09-21 23:56:04,339: [106] m.c.manticore:INFO: Generated testcase No. 1 - REVERT(1 txs)
2025-09-21 23:56:04,341: [101] m.c.manticore:INFO: Generated testcase No. 0 - RETURN(3 txs)
2025-09-21 23:56:04,341: [106] m.c.plugin:WARNING: Caught will_solve in state None, but failed to capture its initialization
2025-09-21 23:56:04,342: [101] m.c.plugin:WARNING: Caught will_solve in state None, but failed to capture its initialization
2025-09-21 23:56:04,422: [108] m.c.manticore:INFO: Generated testcase No. 2 - REVERT(2 txs)
2025-09-21 23:56:04,423: [108] m.c.plugin:WARNING: Caught will_solve in state None, but failed to capture its initialization
2025-09-21 23:56:04,450: [103] m.c.manticore:INFO: Generated testcase No. 3 - RETURN(3 txs)
2025-09-21 23:56:04,457: [103] m.c.plugin:WARNING: Caught will_solve in state None, but failed to capture its initialization
2025-09-21 23:56:04,466: [102] m.c.manticore:INFO: Generated testcase No. 5 - RETURN(3 txs)
2025-09-21 23:56:04,467: [102] m.c.plugin:WARNING: Caught will_solve in state None, but failed to capture its initialization
2025-09-21 23:56:04,476: [105] m.c.manticore:INFO: Generated testcase No. 4 - RETURN(3 txs)
2025-09-21 23:56:04,482: [112] m.c.manticore:INFO: Generated testcase No. 6 - REVERT(2 txs)
2025-09-21 23:56:04,483: [112] m.c.plugin:WARNING: Caught will_solve in state None, but failed to capture its initialization
2025-09-21 23:56:04,480: [105] m.c.plugin:WARNING: Caught will_solve in state None, but failed to capture its initialization
2025-09-21 23:56:04,548: [114] m.c.manticore:INFO: Generated testcase No. 9 - REVERT(2 txs)
2025-09-21 23:56:04,549: [114] m.c.plugin:WARNING: Caught will_solve in state None, but failed to capture its initialization
2025-09-21 23:56:04,555: [111] m.c.manticore:INFO: Generated testcase No. 7 - REVERT(2 txs)
2025-09-21 23:56:04,572: [111] m.c.plugin:WARNING: Caught will_solve in state None, but failed to capture its initialization
2025-09-21 23:56:04,585: [109] m.c.manticore:INFO: Generated testcase No. 8 - REVERT(2 txs)
2025-09-21 23:56:04,586: [109] m.c.plugin:WARNING: Caught will_solve in state None, but failed to capture its initialization
2025-09-21 23:56:04,621: [117] m.c.manticore:INFO: Generated testcase No. 10 - REVERT(2 txs)
2025-09-21 23:56:04,623: [117] m.c.plugin:WARNING: Caught will_solve in state None, but failed to capture its initialization
2025-09-21 23:56:04,631: [122] m.c.manticore:INFO: Generated testcase No. 11 - REVERT(2 txs)
2025-09-21 23:56:04,639: [122] m.c.plugin:WARNING: Caught will_solve in state None, but failed to capture its initialization
2025-09-21 23:56:04,839: [106] m.c.manticore:INFO: Generated testcase No. 12 - REVERT(3 txs)
2025-09-21 23:56:06,960: [108] m.c.manticore:INFO: Generated testcase No. 13 - REVERT(3 txs)
2025-09-21 23:56:07,466: [117] m.c.manticore:INFO: Generated testcase No. 14 - REVERT(3 txs)
2025-09-21 23:56:07,536: [109] m.c.manticore:INFO: Generated testcase No. 15 - REVERT(3 txs)
2025-09-21 23:56:07,838: [114] m.c.manticore:INFO: Generated testcase No. 16 - REVERT(3 txs)
2025-09-21 23:56:07,973: [111] m.c.manticore:INFO: Generated testcase No. 17 - REVERT(3 txs)
2025-09-21 23:56:08,168: [122] m.c.manticore:INFO: Generated testcase No. 18 - REVERT(3 txs)
2025-09-21 23:56:08,452: [112] m.c.manticore:INFO: Generated testcase No. 19 - REVERT(3 txs)
2025-09-21 23:56:10,980: [106] m.c.manticore:INFO: Generated testcase No. 20 - REVERT(3 txs)
2025-09-21 23:56:13,433: [117] m.c.manticore:INFO: Generated testcase No. 21 - REVERT(3 txs)
2025-09-21 23:56:13,510: [103] m.c.manticore:INFO: Generated testcase No. 22 - REVERT(3 txs)
2025-09-21 23:56:14,351: [108] m.c.manticore:INFO: Generated testcase No. 23 - REVERT(3 txs)
2025-09-21 23:56:14,515: [122] m.c.manticore:INFO: Generated testcase No. 24 - REVERT(3 txs)
2025-09-21 23:56:14,881: [112] m.c.manticore:INFO: Generated testcase No. 25 - REVERT(3 txs)
2025-09-21 23:56:19,884: [11] m.c.manticore:INFO: Results in /mcore_g53xr494
2025-09-21 23:56:19,884: [11] m.c.manticore:INFO: Total time: 20.86009931564331
2025-09-21 23:56:20,388: [150] m.main:INFO: Registered plugins: IntrospectionAPIPlugin, DetectInvalid, DetectIntegerOverflow, DetectUninitializedStorage, DetectUninitializedMemory, DetectReentrancySimple, DetectReentrancyAdvanced, DetectUnusedRetVal, DetectSuicidal, DetectDelegatecall, DetectExternalCallAndLeak, DetectEnvInstruction, DetectManipulableBalance
2025-09-21 23:56:20,388: [150] m.main:INFO: Beginning analysis
2025-09-21 23:56:20,390: [150] m.e.manticore:INFO: Starting symbolic create contract
2025-09-21 23:56:21,511: [150] m.e.manticore:INFO: Starting symbolic transaction: 0
2025-09-21 23:56:26,115: [150] m.e.manticore:INFO: 3 alive states, 12 terminated states
2025-09-21 23:56:26,744: [150] m.e.manticore:INFO: Starting symbolic transaction: 1
2025-09-21 23:56:43,464: [150] m.e.manticore:INFO: 9 alive states, 48 terminated states
2025-09-21 23:56:44,444: [241] m.c.manticore:INFO: Generated testcase No. 1 - RETURN(3 txs)
2025-09-21 23:56:44,445: [241] m.c.plugin:WARNING: Caught will_solve in state None, but failed to capture its initialization
2025-09-21 23:56:44,502: [240] m.c.manticore:INFO: Generated testcase No. 0 - RETURN(3 txs)
2025-09-21 23:56:44,503: [240] m.c.plugin:WARNING: Caught will_solve in state None, but failed to capture its initialization
2025-09-21 23:56:44,539: [243] m.c.manticore:INFO: Generated testcase No. 4 - RETURN(3 txs)
2025-09-21 23:56:44,540: [243] m.c.plugin:WARNING: Caught will_solve in state None, but failed to capture its initialization
2025-09-21 23:56:44,543: [258] m.c.manticore:INFO: Generated testcase No. 9 - REVERT(2 txs)
2025-09-21 23:56:44,545: [258] m.c.plugin:WARNING: Caught will_solve in state None, but failed to capture its initialization
2025-09-21 23:56:44,545: [245] m.c.manticore:INFO: Generated testcase No. 3 - RETURN(3 txs)
2025-09-21 23:56:44,546: [245] m.c.plugin:WARNING: Caught will_solve in state None, but failed to capture its initialization
2025-09-21 23:56:44,569: [255] m.c.manticore:INFO: Generated testcase No. 7 - REVERT(2 txs)
2025-09-21 23:56:44,571: [255] m.c.plugin:WARNING: Caught will_solve in state None, but failed to capture its initialization
2025-09-21 23:56:44,643: [242] m.c.manticore:INFO: Generated testcase No. 2 - RETURN(3 txs)
2025-09-21 23:56:44,647: [242] m.c.plugin:WARNING: Caught will_solve in state None, but failed to capture its initialization
2025-09-21 23:56:44,654: [252] m.c.manticore:INFO: Generated testcase No. 11 - REVERT(2 txs)
2025-09-21 23:56:44,658: [252] m.c.plugin:WARNING: Caught will_solve in state None, but failed to capture its initialization
2025-09-21 23:56:44,683: [247] m.c.manticore:INFO: Generated testcase No. 8 - RETURN(3 txs)
2025-09-21 23:56:44,684: [247] m.c.plugin:WARNING: Caught will_solve in state None, but failed to capture its initialization
2025-09-21 23:56:44,702: [246] m.c.manticore:INFO: Generated testcase No. 6 - RETURN(3 txs)
2025-09-21 23:56:44,703: [246] m.c.plugin:WARNING: Caught will_solve in state None, but failed to capture its initialization
2025-09-21 23:56:44,753: [244] m.c.manticore:INFO: Generated testcase No. 5 - RETURN(3 txs)
2025-09-21 23:56:44,754: [244] m.c.plugin:WARNING: Caught will_solve in state None, but failed to capture its initialization
2025-09-21 23:56:44,842: [249] m.c.manticore:INFO: Generated testcase No. 10 - RETURN(3 txs)
2025-09-21 23:56:44,843: [249] m.c.plugin:WARNING: Caught will_solve in state None, but failed to capture its initialization
2025-09-21 23:56:49,006: [255] m.c.manticore:INFO: Generated testcase No. 12 - REVERT(2 txs)
2025-09-21 23:56:49,028: [258] m.c.manticore:INFO: Generated testcase No. 13 - REVERT(2 txs)
2025-09-21 23:56:49,664: [252] m.c.manticore:INFO: Generated testcase No. 14 - REVERT(2 txs)
2025-09-21 23:56:53,373: [255] m.c.manticore:INFO: Generated testcase No. 15 - REVERT(2 txs)
2025-09-21 23:56:53,639: [258] m.c.manticore:INFO: Generated testcase No. 16 - REVERT(2 txs)
2025-09-21 23:56:53,897: [252] m.c.manticore:INFO: Generated testcase No. 17 - REVERT(2 txs)
2025-09-21 23:56:55,547: [249] m.c.manticore:INFO: Generated testcase No. 18 - REVERT(2 txs)
2025-09-21 23:56:55,769: [247] m.c.manticore:INFO: Generated testcase No. 19 - REVERT(2 txs)
2025-09-21 23:56:55,910: [246] m.c.manticore:INFO: Generated testcase No. 20 - REVERT(2 txs)
2025-09-21 23:56:56,283: [245] m.c.manticore:INFO: Generated testcase No. 21 - REVERT(3 txs)
2025-09-21 23:56:56,521: [242] m.c.manticore:INFO: Generated testcase No. 22 - REVERT(3 txs)
2025-09-21 23:56:56,607: [240] m.c.manticore:INFO: Generated testcase No. 23 - REVERT(3 txs)
2025-09-21 23:56:57,097: [243] m.c.manticore:INFO: Generated testcase No. 24 - REVERT(3 txs)
2025-09-21 23:56:57,347: [244] m.c.manticore:INFO: Generated testcase No. 25 - REVERT(3 txs)
2025-09-21 23:56:57,556: [241] m.c.manticore:INFO: Generated testcase No. 26 - REVERT(3 txs)
2025-09-21 23:56:58,542: [252] m.c.manticore:INFO: Generated testcase No. 27 - REVERT(3 txs)
2025-09-21 23:56:58,591: [255] m.c.manticore:INFO: Generated testcase No. 28 - REVERT(3 txs)
2025-09-21 23:56:59,097: [258] m.c.manticore:INFO: Generated testcase No. 29 - REVERT(3 txs)
2025-09-21 23:56:59,790: [249] m.c.manticore:INFO: Generated testcase No. 30 - REVERT(3 txs)
2025-09-21 23:57:00,288: [247] m.c.manticore:INFO: Generated testcase No. 31 - REVERT(3 txs)
2025-09-21 23:57:00,724: [246] m.c.manticore:INFO: Generated testcase No. 32 - REVERT(3 txs)
2025-09-21 23:57:04,681: [245] m.c.manticore:INFO: Generated testcase No. 33 - REVERT(3 txs)
2025-09-21 23:57:06,039: [244] m.c.manticore:INFO: Generated testcase No. 34 - REVERT(3 txs)
2025-09-21 23:57:06,342: [242] m.c.manticore:INFO: Generated testcase No. 35 - REVERT(3 txs)
2025-09-21 23:57:06,472: [241] m.c.manticore:INFO: Generated testcase No. 36 - REVERT(3 txs)
2025-09-21 23:57:06,733: [243] m.c.manticore:INFO: Generated testcase No. 37 - REVERT(3 txs)
2025-09-21 23:57:06,885: [255] m.c.manticore:INFO: Generated testcase No. 38 - REVERT(3 txs)
2025-09-21 23:57:07,057: [240] m.c.manticore:INFO: Generated testcase No. 39 - REVERT(3 txs)
2025-09-21 23:57:07,319: [252] m.c.manticore:INFO: Generated testcase No. 40 - REVERT(3 txs)
2025-09-21 23:57:09,272: [258] m.c.manticore:INFO: Generated testcase No. 41 - REVERT(3 txs)
2025-09-21 23:57:09,564: [247] m.c.manticore:INFO: Generated testcase No. 42 - REVERT(3 txs)
2025-09-21 23:57:09,643: [249] m.c.manticore:INFO: Generated testcase No. 43 - REVERT(3 txs)
2025-09-21 23:57:10,031: [246] m.c.manticore:INFO: Generated testcase No. 44 - REVERT(3 txs)
2025-09-21 23:57:13,174: [245] m.c.manticore:INFO: Generated testcase No. 45 - REVERT(3 txs)
2025-09-21 23:57:15,960: [242] m.c.manticore:INFO: Generated testcase No. 46 - REVERT(3 txs)
2025-09-21 23:57:16,036: [255] m.c.manticore:INFO: Generated testcase No. 47 - REVERT(3 txs)
2025-09-21 23:57:16,267: [240] m.c.manticore:INFO: Generated testcase No. 48 - REVERT(3 txs)
2025-09-21 23:57:16,419: [244] m.c.manticore:INFO: Generated testcase No. 49 - REVERT(3 txs)
2025-09-21 23:57:16,745: [241] m.c.manticore:INFO: Generated testcase No. 50 - REVERT(3 txs)
2025-09-21 23:57:17,178: [252] m.c.manticore:INFO: Generated testcase No. 51 - REVERT(3 txs)
2025-09-21 23:57:17,631: [243] m.c.manticore:INFO: Generated testcase No. 52 - REVERT(3 txs)
2025-09-21 23:57:17,903: [249] m.c.manticore:INFO: Generated testcase No. 53 - REVERT(3 txs)
2025-09-21 23:57:18,338: [247] m.c.manticore:INFO: Generated testcase No. 54 - REVERT(3 txs)
2025-09-21 23:57:19,034: [258] m.c.manticore:INFO: Generated testcase No. 55 - REVERT(3 txs)
2025-09-21 23:57:21,226: [246] m.c.manticore:INFO: Generated testcase No. 56 - REVERT(3 txs)
2025-09-21 23:57:32,890: [150] m.c.manticore:INFO: Results in /mcore_9vql3dlb
2025-09-21 23:57:32,890: [150] m.c.manticore:INFO: Total time: 66.01326942443848
2025-09-21 23:57:33,405: [289] m.main:INFO: Registered plugins: IntrospectionAPIPlugin, DetectInvalid, DetectIntegerOverflow, DetectUninitializedStorage, DetectUninitializedMemory, DetectReentrancySimple, DetectReentrancyAdvanced, DetectUnusedRetVal, DetectSuicidal, DetectDelegatecall, DetectExternalCallAndLeak, DetectEnvInstruction, DetectManipulableBalance
2025-09-21 23:57:33,406: [289] m.main:INFO: Beginning analysis
2025-09-21 23:57:33,407: [289] m.e.manticore:INFO: Starting symbolic create contract
2025-09-21 23:57:33,825: [289] m.e.manticore:INFO: Starting symbolic transaction: 0
2025-09-21 23:57:33,901: [289] m.e.manticore:INFO: 0 alive states, 1 terminated states
2025-09-21 23:57:33,927: [289] m.e.manticore:INFO: Starting symbolic transaction: 1
2025-09-21 23:57:33,991: [332] m.c.manticore:INFO: Generated testcase No. 0 - REVERT(2 txs)
2025-09-21 23:57:33,992: [332] m.c.plugin:WARNING: Caught will_solve in state None, but failed to capture its initialization
2025-09-21 23:57:34,327: [289] m.c.manticore:INFO: Results in /mcore_lg2fbwae
2025-09-21 23:57:34,328: [289] m.c.manticore:INFO: Total time: 0.5007390975952148
2025-09-21 23:57:34,778: [348] m.main:INFO: Registered plugins: IntrospectionAPIPlugin, DetectInvalid, DetectIntegerOverflow, DetectUninitializedStorage, DetectUninitializedMemory, DetectReentrancySimple, DetectReentrancyAdvanced, DetectUnusedRetVal, DetectSuicidal, DetectDelegatecall, DetectExternalCallAndLeak, DetectEnvInstruction, DetectManipulableBalance
2025-09-21 23:57:34,779: [348] m.main:INFO: Beginning analysis
2025-09-21 23:57:34,780: [348] m.e.manticore:INFO: Starting symbolic create contract
2025-09-21 23:57:39,703: [348] m.e.manticore:INFO: Found a concrete globalsha3 b'\x00\x00\x00\x00\x00\x00\x00\x00\x00\x00\x00\x00\x00\x00\x00\x00\x00\x00\x00\x00\x00\x00\x00\x00\x00\x00\x00\x00\x00\x00\x00\x02' -> 29102676481673041902632991033461445430619272659676223336789171408008386403022
2025-09-21 23:58:23,705: [348] m.e.manticore:INFO: Found a concrete globalsha3 b'\x00\x00\x00\x00\x00\x00\x00\x00\x00\x00\x00\x00\x00\x00\x00\x00\x00\x00\x00\x00\x00\x00\x00\x00\x00\x00\x00\x00\x00\x00\x00\x03' -> 87903029871075914254377627908054574944891091886930582284385770809450030037083
