2025-06-30 01:49:09,411: [11] m.main:INFO: Registered plugins: IntrospectionAPIPlugin, <class 'manticore.ethereum.plugins.SkipRevertBasicBlocks'>, <class 'manticore.ethereum.plugins.FilterFunctions'>
2025-06-30 01:49:09,411: [11] m.main:INFO: Beginning analysis
2025-06-30 01:49:09,413: [11] m.e.manticore:INFO: Starting symbolic create contract
2025-06-30 01:49:10,192: [11] m.e.manticore:INFO: Starting symbolic transaction: 0
2025-06-30 01:49:13,319: [11] m.e.manticore:INFO: Found a concrete globalsha3 b'\x00\x00\x00\x00\x00\x00\x00\x00\x00\x00\x00\x00\x00\x00\x00\x00\x00\x00\x00\x00\x00\x00\x00\x00\x00\x00\x00\x00\x00\x02\x00\x00\x00\x00\x00\x00\x00\x00\x00\x00\x00\x00\x00\x00\x00\x00\x00\x00\x00\x00\x00\x00\x00\x00\x00\x00\x00\x00\x00\x00\x00\x00\x00\x01' -> 27376155845717860833342594873357525089589924219251518322086369159840883582034
2025-06-30 01:49:22,600: [11] m.e.manticore:INFO: 3 alive states, 3 terminated states
2025-06-30 01:49:22,935: [11] m.e.manticore:INFO: Starting symbolic transaction: 1
2025-06-30 01:50:06,967: [11] m.e.manticore:INFO: 12 alive states, 9 terminated states
2025-06-30 01:50:07,323: [11] m.e.manticore:INFO: Starting symbolic transaction: 2
2025-06-30 01:53:37,604: [11] m.e.manticore:INFO: 60 alive states, 33 terminated states
2025-06-30 01:53:38,487: [120] m.c.manticore:INFO: Generated testcase No. 1 - STOP(4 txs)
2025-06-30 01:53:38,492: [120] m.c.plugin:WARNING: Caught will_solve in state None, but failed to capture its initialization
2025-06-30 01:53:38,508: [116] m.c.manticore:INFO: Generated testcase No. 0 - STOP(4 txs)
2025-06-30 01:53:38,509: [116] m.c.plugin:WARNING: Caught will_solve in state None, but failed to capture its initialization
2025-06-30 01:53:38,528: [114] m.c.manticore:INFO: Generated testcase No. 3 - STOP(4 txs)
2025-06-30 01:53:38,529: [114] m.c.plugin:WARNING: Caught will_solve in state None, but failed to capture its initialization
2025-06-30 01:53:38,535: [113] m.c.manticore:INFO: Generated testcase No. 4 - STOP(4 txs)
2025-06-30 01:53:38,536: [113] m.c.plugin:WARNING: Caught will_solve in state None, but failed to capture its initialization
2025-06-30 01:53:38,596: [112] m.c.manticore:INFO: Generated testcase No. 2 - STOP(4 txs)
2025-06-30 01:53:38,606: [112] m.c.plugin:WARNING: Caught will_solve in state None, but failed to capture its initialization
2025-06-30 01:53:38,631: [117] m.c.manticore:INFO: Generated testcase No. 5 - STOP(4 txs)
2025-06-30 01:53:38,635: [117] m.c.plugin:WARNING: Caught will_solve in state None, but failed to capture its initialization
2025-06-30 01:53:38,677: [123] m.c.manticore:INFO: Generated testcase No. 8 - STOP(4 txs)
2025-06-30 01:53:38,683: [123] m.c.plugin:WARNING: Caught will_solve in state None, but failed to capture its initialization
2025-06-30 01:53:38,704: [121] m.c.manticore:INFO: Generated testcase No. 6 - STOP(4 txs)
2025-06-30 01:53:38,708: [121] m.c.plugin:WARNING: Caught will_solve in state None, but failed to capture its initialization
2025-06-30 01:53:38,719: [122] m.c.manticore:INFO: Generated testcase No. 7 - STOP(4 txs)
2025-06-30 01:53:38,720: [122] m.c.plugin:WARNING: Caught will_solve in state None, but failed to capture its initialization
2025-06-30 01:53:38,849: [118] m.c.manticore:INFO: Generated testcase No. 9 - STOP(4 txs)
2025-06-30 01:53:38,854: [118] m.c.plugin:WARNING: Caught will_solve in state None, but failed to capture its initialization
2025-06-30 01:53:39,279: [119] m.c.manticore:INFO: Generated testcase No. 10 - STOP(4 txs)
2025-06-30 01:53:39,279: [119] m.c.plugin:WARNING: Caught will_solve in state None, but failed to capture its initialization
2025-06-30 01:53:43,226: [115] m.c.manticore:INFO: Generated testcase No. 11 - STOP(4 txs)
2025-06-30 01:53:43,227: [115] m.c.plugin:WARNING: Caught will_solve in state None, but failed to capture its initialization
2025-06-30 01:53:43,419: [120] m.c.manticore:INFO: Generated testcase No. 12 - STOP(4 txs)
2025-06-30 01:53:45,317: [117] m.c.manticore:INFO: Generated testcase No. 13 - STOP(4 txs)
2025-06-30 01:53:45,421: [118] m.c.manticore:INFO: Generated testcase No. 14 - STOP(4 txs)
2025-06-30 01:53:45,990: [122] m.c.manticore:INFO: Generated testcase No. 15 - STOP(4 txs)
2025-06-30 01:53:47,033: [116] m.c.manticore:INFO: Generated testcase No. 16 - STOP(4 txs)
2025-06-30 01:53:47,239: [121] m.c.manticore:INFO: Generated testcase No. 17 - STOP(4 txs)
2025-06-30 01:53:49,743: [119] m.c.manticore:INFO: Generated testcase No. 18 - STOP(4 txs)
2025-06-30 01:53:50,425: [112] m.c.manticore:INFO: Generated testcase No. 19 - STOP(4 txs)
2025-06-30 01:53:51,765: [113] m.c.manticore:INFO: Generated testcase No. 20 - STOP(4 txs)
2025-06-30 01:53:52,776: [114] m.c.manticore:INFO: Generated testcase No. 21 - STOP(4 txs)
2025-06-30 01:53:52,871: [120] m.c.manticore:INFO: Generated testcase No. 22 - STOP(4 txs)
2025-06-30 01:53:53,517: [121] m.c.manticore:INFO: Generated testcase No. 23 - STOP(4 txs)
2025-06-30 01:53:55,148: [123] m.c.manticore:INFO: Generated testcase No. 24 - STOP(4 txs)
2025-06-30 01:53:55,498: [118] m.c.manticore:INFO: Generated testcase No. 25 - STOP(4 txs)
2025-06-30 01:53:57,028: [117] m.c.manticore:INFO: Generated testcase No. 26 - STOP(4 txs)
2025-06-30 01:53:57,282: [119] m.c.manticore:INFO: Generated testcase No. 27 - STOP(4 txs)
2025-06-30 01:53:57,652: [113] m.c.manticore:INFO: Generated testcase No. 28 - STOP(4 txs)
2025-06-30 01:53:58,044: [112] m.c.manticore:INFO: Generated testcase No. 29 - STOP(4 txs)
2025-06-30 01:53:58,315: [120] m.c.manticore:INFO: Generated testcase No. 30 - STOP(4 txs)
2025-06-30 01:54:00,770: [122] m.c.manticore:INFO: Generated testcase No. 31 - STOP(4 txs)
2025-06-30 01:54:01,748: [121] m.c.manticore:INFO: Generated testcase No. 32 - STOP(4 txs)
2025-06-30 01:54:02,172: [114] m.c.manticore:INFO: Generated testcase No. 33 - STOP(4 txs)
2025-06-30 01:54:03,579: [118] m.c.manticore:INFO: Generated testcase No. 34 - STOP(4 txs)
2025-06-30 01:54:03,674: [123] m.c.manticore:INFO: Generated testcase No. 35 - STOP(4 txs)
2025-06-30 01:54:05,626: [116] m.c.manticore:INFO: Generated testcase No. 36 - STOP(4 txs)
2025-06-30 01:54:05,812: [120] m.c.manticore:INFO: Generated testcase No. 37 - STOP(4 txs)
2025-06-30 01:54:07,954: [113] m.c.manticore:INFO: Generated testcase No. 38 - STOP(4 txs)
2025-06-30 01:54:10,891: [112] m.c.manticore:INFO: Generated testcase No. 39 - STOP(4 txs)
2025-06-30 01:54:11,336: [123] m.c.manticore:INFO: Generated testcase No. 40 - STOP(4 txs)
2025-06-30 01:54:11,811: [121] m.c.manticore:INFO: Generated testcase No. 41 - STOP(4 txs)
2025-06-30 01:54:12,830: [117] m.c.manticore:INFO: Generated testcase No. 42 - STOP(4 txs)
2025-06-30 01:54:13,176: [118] m.c.manticore:INFO: Generated testcase No. 43 - STOP(4 txs)
2025-06-30 01:54:14,238: [116] m.c.manticore:INFO: Generated testcase No. 44 - STOP(4 txs)
2025-06-30 01:54:16,000: [120] m.c.manticore:INFO: Generated testcase No. 45 - STOP(4 txs)
2025-06-30 01:54:18,035: [123] m.c.manticore:INFO: Generated testcase No. 46 - STOP(4 txs)
2025-06-30 01:54:18,053: [113] m.c.manticore:INFO: Generated testcase No. 47 - STOP(4 txs)
2025-06-30 01:54:19,222: [119] m.c.manticore:INFO: Generated testcase No. 48 - STOP(4 txs)
2025-06-30 01:54:23,886: [122] m.c.manticore:INFO: Generated testcase No. 49 - STOP(4 txs)
2025-06-30 01:54:24,569: [116] m.c.manticore:INFO: Generated testcase No. 50 - STOP(4 txs)
2025-06-30 01:54:26,593: [118] m.c.manticore:INFO: Generated testcase No. 51 - STOP(4 txs)
2025-06-30 01:54:26,924: [119] m.c.manticore:INFO: Generated testcase No. 52 - STOP(4 txs)
2025-06-30 01:54:28,750: [113] m.c.manticore:INFO: Generated testcase No. 53 - STOP(4 txs)
2025-06-30 01:54:29,110: [123] m.c.manticore:INFO: Generated testcase No. 54 - STOP(4 txs)
2025-06-30 01:54:30,950: [120] m.c.manticore:INFO: Generated testcase No. 55 - STOP(4 txs)
2025-06-30 01:54:31,265: [121] m.c.manticore:INFO: Generated testcase No. 56 - STOP(4 txs)
2025-06-30 01:54:32,387: [122] m.c.manticore:INFO: Generated testcase No. 57 - STOP(4 txs)
2025-06-30 01:54:34,364: [112] m.c.manticore:INFO: Generated testcase No. 58 - STOP(4 txs)
2025-06-30 01:54:38,389: [113] m.c.manticore:INFO: Generated testcase No. 59 - STOP(4 txs)
2025-06-30 01:55:08,516: [11] m.c.manticore:INFO: Results in /mcore_nsbnx9k2
2025-06-30 01:55:08,517: [11] m.c.manticore:INFO: Total time: 300.9300706386566
