2025-09-04 01:43:58,231 - Main     - INFO - [1mInitializing seed to 1427655.0[0m
2025-09-04 01:43:58,250 - Fuzzer   - INFO - [1mFuzzing contract [1mIntegerOverflowAdd[0m[0m
2025-09-04 01:43:58,284 - Analysis - INFO - [1mGeneration number 0 	 Code coverage: 73.46% (119/162) 	 Branch coverage: 83.33% (10/12) 	 Transactions: 7 (6 unique)   	 Time: 0.02727365493774414[0m
2025-09-04 01:43:58,299 - Analysis - INFO - [1mGeneration number 1 	 Code coverage: 73.46% (119/162) 	 Branch coverage: 91.67% (11/12) 	 Transactions: 12 (9 unique)   	 Time: 0.04240155220031738[0m
2025-09-04 01:43:58,324 - Analysis - INFO - [1mGeneration number 2 	 Code coverage: 73.46% (119/162) 	 Branch coverage: 91.67% (11/12) 	 Transactions: 16 (9 unique)   	 Time: 0.0673220157623291[0m
2025-09-04 01:43:58,346 - Analysis - INFO - [1mGeneration number 3 	 Code coverage: 73.46% (119/162) 	 Branch coverage: 91.67% (11/12) 	 Transactions: 20 (10 unique)   	 Time: 0.08912897109985352[0m
2025-09-04 01:43:58,368 - Analysis - INFO - [1mGeneration number 4 	 Code coverage: 73.46% (119/162) 	 Branch coverage: 91.67% (11/12) 	 Transactions: 24 (10 unique)   	 Time: 0.1117401123046875[0m
2025-09-04 01:43:58,394 - Analysis - INFO - [1mGeneration number 5 	 Code coverage: 73.46% (119/162) 	 Branch coverage: 91.67% (11/12) 	 Transactions: 29 (11 unique)   	 Time: 0.1374974250793457[0m
2025-09-04 01:43:58,419 - Analysis - INFO - [1mGeneration number 6 	 Code coverage: 73.46% (119/162) 	 Branch coverage: 91.67% (11/12) 	 Transactions: 34 (12 unique)   	 Time: 0.16241455078125[0m
2025-09-04 01:43:58,441 - Analysis - INFO - [1mGeneration number 7 	 Code coverage: 73.46% (119/162) 	 Branch coverage: 91.67% (11/12) 	 Transactions: 38 (12 unique)   	 Time: 0.18436646461486816[0m
2025-09-04 01:43:58,462 - Analysis - INFO - [1mGeneration number 8 	 Code coverage: 73.46% (119/162) 	 Branch coverage: 91.67% (11/12) 	 Transactions: 42 (12 unique)   	 Time: 0.20569300651550293[0m
2025-09-04 01:43:58,482 - Analysis - INFO - [1mGeneration number 9 	 Code coverage: 73.46% (119/162) 	 Branch coverage: 91.67% (11/12) 	 Transactions: 46 (12 unique)   	 Time: 0.22568941116333008[0m
2025-09-04 01:43:58,503 - Analysis - INFO - [1mGeneration number 10 	 Code coverage: 73.46% (119/162) 	 Branch coverage: 91.67% (11/12) 	 Transactions: 50 (12 unique)   	 Time: 0.24618124961853027[0m
2025-09-04 01:43:58,514 - Analysis - INFO - [1m-----------------------------------------------------[0m
2025-09-04 01:43:58,514 - Analysis - INFO - Number of generations: 	 10
2025-09-04 01:43:58,514 - Analysis - INFO - Number of transactions: 	 50 (12 unique)
2025-09-04 01:43:58,514 - Analysis - INFO - Transactions per second: 	 194
2025-09-04 01:43:58,514 - Analysis - INFO - Total code coverage: 	 73.46% (119/162)
2025-09-04 01:43:58,514 - Analysis - INFO - Total branch coverage: 	 91.67% (11/12)
2025-09-04 01:43:58,514 - Analysis - INFO - Total execution time: 	 0.26 seconds
2025-09-04 01:43:58,515 - Analysis - INFO - Total memory consumption: 	 64.28 MB

     ______            ______                _           
    / ____/___  ____  / ____/_  __________  (_)_  _______
   / /   / __ \/ __ \/ /_  / / / /_  /_  / / / / / / ___/
  / /___/ /_/ / / / / __/ / /_/ / / /_/ /_/ / /_/ (__  ) 
  \____/\____/_/ /_/_/    \__,_/ /___/___/_/\__,_/____/  

delteed file
