Extract contract MyToken from /sb/short_address_example.sol
Extracted 1 contract(s) from /sb/short_address_example.sol
[0;32m> Created "fuzzMe"[0m
[0;32m> To fuzz contracts:[0m
  chmod +x fuzzMe
  ./fuzzMe
contracts/MyToken.sol:14:6: Warning: Defining constructors as functions with the same name as the contract is deprecated. Use "constructor(...) { ... }" instead.
     function MyToken() {
     ^ (Relevant source part starts here and spans across multiple lines).
contracts/MyToken.sol:22:10: Warning: Invoking events without "emit" prefix is deprecated.
         Transfer(msg.sender, to, amount);
         ^------------------------------^
contracts/MyToken.sol:14:6: Warning: No visibility specified. Defaulting to "public". 
     function MyToken() {
     ^ (Relevant source part starts here and spans across multiple lines).
contracts/MyToken.sol:18:6: Warning: No visibility specified. Defaulting to "public". 
     function sendCoin(address to, uint amount) returns(bool sufficient) {
     ^ (Relevant source part starts here and spans across multiple lines).
contracts/MyToken.sol:26:6: Warning: No visibility specified. Defaulting to "public". 
     function getBalance(address addr) constant returns(uint) {
     ^ (Relevant source part starts here and spans across multiple lines).
assets/NormalAttacker.sol:5:3: Warning: No visibility specified. Defaulting to "public". 
  function() payable {
  ^ (Relevant source part starts here and spans across multiple lines).
assets/ReentrancyAttacker.sol:8:7: Warning: Return value of low-level calls not used.
      msg.sender.call(bytes4(255));
      ^--------------------------^
assets/ReentrancyAttacker.sol:5:3: Warning: No visibility specified. Defaulting to "public". 
  function() payable {
  ^ (Relevant source part starts here and spans across multiple lines).
>> Fuzz MyToken
** Write stats: 0.004427
** Write stats: 5.00004
** Write stats: 10.0059
** Write stats: 15.0051
** Write stats: 20.0038
** Write stats: 25.0025
** Write stats: 30.0001
** Write stats: 35.0026
** Write stats: 40.0019
** Write stats: 45.0002
** Write stats: 50.0039
** Write stats: 55.0044
** Write stats: 60.0038
** Write stats: 65.005
** Write stats: 70.0063
** Write stats: 75.0023
** Write stats: 80.0033
** Write stats: 85.0057
** Write stats: 90.0039
** Write stats: 95.0042
** Write stats: 100.002
** Write stats: 105.003
** Write stats: 110.002
** Write stats: 115.007
** Write stats: 120.001
** Write stats: 125.006
** Write stats: 130.005
** Write stats: 135
** Write stats: 140.002
** Write stats: 145.001
** Write stats: 150.006
** Write stats: 155.003
** Write stats: 160.006
** Write stats: 165.005
** Write stats: 170.002
** Write stats: 175.004
** Write stats: 180.005
** Write stats: 185.007
** Write stats: 190.012
** Write stats: 195.013
** Write stats: 200.032
** Write stats: 205.003
** Write stats: 210.021
** Write stats: 215.058
** Write stats: 220.02
** Write stats: 225.006
** Write stats: 230.002
** Write stats: 235.036
** Write stats: 240.003
** Write stats: 245.061
** Write stats: 250.029
** Write stats: 255.009
** Write stats: 260.031
** Write stats: 265.021
** Write stats: 270.001
** Write stats: 275.034
** Write stats: 280.021
** Write stats: 285.009
** Write stats: 290.028
** Write stats: 295.003
** Write stats: 300.002
** Write stats: 305.006
** Write stats: 310.013
** Write stats: 315.02
** Write stats: 320.046
** Write stats: 325.038
** Write stats: 330.03
** Write stats: 335.054
** Write stats: 340.107
** Write stats: 345.046
** Write stats: 350.032
** Write stats: 355.08
** Write stats: 360.01
** Write stats: 365.014
** Write stats: 370.025
** Write stats: 375.129
** Write stats: 380.072
** Write stats: 385.085
** Write stats: 390.004
** Write stats: 395.006
** Write stats: 400.044
** Write stats: 405.009
** Write stats: 410.068
** Write stats: 415.03
** Write stats: 420.086
** Write stats: 425.002
** Write stats: 430.027
** Write stats: 435.033
** Write stats: 440.058
** Write stats: 445.008
** Write stats: 450.011
** Write stats: 455.059
** Write stats: 460.026
** Write stats: 465.02
** Write stats: 470.044
** Write stats: 475.022
** Write stats: 480.035
** Write stats: 485.07
** Write stats: 490.051
** Write stats: 495.034
** Write stats: 500.114
** Write stats: 505.043
** Write stats: 510.004
** Write stats: 515.042
** Write stats: 520.064
** Write stats: 525.318
** Write stats: 530.003
** Write stats: 535.092
** Write stats: 540.03
** Write stats: 545.049
** Write stats: 550.007
** Write stats: 555.108
** Write stats: 560.239
** Write stats: 565.04
** Write stats: 570.009
** Write stats: 575.095
** Write stats: 580.008
** Write stats: 585.088
** Write stats: 590.069
** Write stats: 595.102
** Write stats: 600.15
** Write stats: 605.019
** Write stats: 610.051
** Write stats: 615.041
** Write stats: 620.057
** Write stats: 625.011
** Write stats: 630.04
** Write stats: 635.083
** Write stats: 640.032
** Write stats: 645.037
** Write stats: 650.085
** Write stats: 655.065
** Write stats: 660.041
** Write stats: 665.014
** Write stats: 670.015
** Write stats: 675.068
** Write stats: 680.059
** Write stats: 685.062
** Write stats: 690.151
** Write stats: 695.063
** Write stats: 700.017
** Write stats: 705.031
** Write stats: 710.038
** Write stats: 715.031
** Write stats: 720.02
** Write stats: 725.029
** Write stats: 730.104
** Write stats: 735.067
** Write stats: 740.041
** Write stats: 745.063
** Write stats: 750.14
** Write stats: 755.001
** Write stats: 760.187
** Write stats: 765.064
** Write stats: 770.002
** Write stats: 775.018
** Write stats: 780.025
** Write stats: 785.057
** Write stats: 790.019
** Write stats: 795.005
** Write stats: 800.184
** Write stats: 805.03
** Write stats: 810.054
** Write stats: 815.096
** Write stats: 820.151
** Write stats: 825.075
** Write stats: 830.113
** Write stats: 835.055
** Write stats: 840.148
** Write stats: 845.027
** Write stats: 850.092
** Write stats: 855.097
** Write stats: 860.085
** Write stats: 865.066
** Write stats: 870.064
** Write stats: 875.015
** Write stats: 880.047
** Write stats: 885.028
** Write stats: 890.095
** Write stats: 895.111
** Write stats: 898.024
