Extract contract IntegerOverflowAdd from /sb/insecure_transfer.sol
Extracted 1 contract(s) from /sb/insecure_transfer.sol
[0;32m> Created "fuzzMe"[0m
[0;32m> To fuzz contracts:[0m
  chmod +x fuzzMe
  ./fuzzMe
assets/NormalAttacker.sol:5:3: Warning: No visibility specified. Defaulting to "public". 
  function() payable {
  ^ (Relevant source part starts here and spans across multiple lines).
assets/ReentrancyAttacker.sol:8:7: Warning: Return value of low-level calls not used.
      msg.sender.call(bytes4(255));
      ^--------------------------^
assets/ReentrancyAttacker.sol:5:3: Warning: No visibility specified. Defaulting to "public". 
  function() payable {
  ^ (Relevant source part starts here and spans across multiple lines).
>> Fuzz IntegerOverflowAdd
** Write stats: 0.012034
** Write stats: 5.00026
** Write stats: 10.004
** Write stats: 15.0001
** Write stats: 20.0023
** Write stats: 25.0006
** Write stats: 30.0031
** Write stats: 35.0027
** Write stats: 40.0036
** Write stats: 45.0026
** Write stats: 50.0008
** Write stats: 55.0004
** Write stats: 60.0019
** Write stats: 65.002
** Write stats: 70.0019
** Write stats: 75.0036
** Write stats: 80.0009
** Write stats: 85.0038
** Write stats: 90.0004
** Write stats: 95.0007
** Write stats: 100.005
** Write stats: 105.003
** Write stats: 110
** Write stats: 115.001
** Write stats: 120.007
** Write stats: 120.013
