'solc --version' running
'solc /sb/0x0750c09a0750d505b265f03f7d57d8c86e9c5cd6.sol --combined-json abi,ast,bin,bin-runtime,srcmap,srcmap-runtime,userdoc,devdoc,hashes,compact-format --allow-paths .,/sb' running
Compilation warnings/errors on /sb/0x0750c09a0750d505b265f03f7d57d8c86e9c5cd6.sol:
/sb/0x0750c09a0750d505b265f03f7d57d8c86e9c5cd6.sol:89:3: Warning: Defining constructors as functions with the same name as the contract is deprecated. Use "constructor(...) { ... }" instead.
  function Ownable() public {
  ^ (Relevant source part starts here and spans across multiple lines).
/sb/0x0750c09a0750d505b265f03f7d57d8c86e9c5cd6.sol:138:3: Warning: Defining constructors as functions with the same name as the contract is deprecated. Use "constructor(...) { ... }" instead.
  function T1898Token() public {
  ^ (Relevant source part starts here and spans across multiple lines).
/sb/0x0750c09a0750d505b265f03f7d57d8c86e9c5cd6.sol:107:5: Warning: Invoking events without "emit" prefix is deprecated.
    OwnershipTransferred(owner, newOwner);
    ^-----------------------------------^
/sb/0x0750c09a0750d505b265f03f7d57d8c86e9c5cd6.sol:167:5: Warning: Invoking events without "emit" prefix is deprecated.
    Transfer(msg.sender, _to, _value);
    ^-------------------------------^
/sb/0x0750c09a0750d505b265f03f7d57d8c86e9c5cd6.sol:195:5: Warning: Invoking events without "emit" prefix is deprecated.
    Transfer(_from, _to, _value);
    ^--------------------------^
/sb/0x0750c09a0750d505b265f03f7d57d8c86e9c5cd6.sol:211:5: Warning: Invoking events without "emit" prefix is deprecated.
    Approval(msg.sender, _spender, _value);
    ^------------------------------------^
/sb/0x0750c09a0750d505b265f03f7d57d8c86e9c5cd6.sol:237:5: Warning: Invoking events without "emit" prefix is deprecated.
    Approval(msg.sender, _spender, allowed[msg.sender][_spender]);
    ^-----------------------------------------------------------^
/sb/0x0750c09a0750d505b265f03f7d57d8c86e9c5cd6.sol:258:5: Warning: Invoking events without "emit" prefix is deprecated.
    Approval(msg.sender, _spender, allowed[msg.sender][_spender]);
    ^-----------------------------------------------------------^
/sb/0x0750c09a0750d505b265f03f7d57d8c86e9c5cd6.sol:271:5: Warning: Invoking events without "emit" prefix is deprecated.
    Frozen(_target, _funds);
    ^---------------------^


Version constraint ^0.4.18 contains known severe issues (https://solidity.readthedocs.io/en/latest/bugs.html)
	- DirtyBytesArrayToStorage
	- ABIDecodeTwoDimensionalArrayMemory
	- KeccakCaching
	- EmptyByteArrayCopy
	- DynamicArrayCleanup
	- ImplicitConstructorCallvalueCheck
	- TupleAssignmentMultiStackSlotComponents
	- MemoryArrayCreationOverflow
	- privateCanBeOverridden
	- SignedArrayStorageCopy
	- ABIEncoderV2StorageArrayWithMultiSlotElement
	- DynamicConstructorArgumentsClippedABIV2
	- UninitializedFunctionPointerInConstructor_0.4.x
	- IncorrectEventSignatureInLibraries_0.4.x
	- ExpExponentCleanup
	- EventStructWrongData
	- NestedArrayFunctionCallDecoder.
It is used by:
	- ^0.4.18 (../../sb/0x0750c09a0750d505b265f03f7d57d8c86e9c5cd6.sol#1)
solc-0.4.26 is an outdated solc version. Use a more recent version (at least 0.8.0), if possible.
Reference: https://github.com/crytic/slither/wiki/Detector-Documentation#incorrect-versions-of-solidity

Parameter T1898Token.transfer(address,uint256)._to (../../sb/0x0750c09a0750d505b265f03f7d57d8c86e9c5cd6.sol#158) is not in mixedCase
Parameter T1898Token.transfer(address,uint256)._value (../../sb/0x0750c09a0750d505b265f03f7d57d8c86e9c5cd6.sol#158) is not in mixedCase
Parameter T1898Token.balanceOf(address)._owner (../../sb/0x0750c09a0750d505b265f03f7d57d8c86e9c5cd6.sol#176) is not in mixedCase
Parameter T1898Token.transferFrom(address,address,uint256)._from (../../sb/0x0750c09a0750d505b265f03f7d57d8c86e9c5cd6.sol#186) is not in mixedCase
Parameter T1898Token.transferFrom(address,address,uint256)._to (../../sb/0x0750c09a0750d505b265f03f7d57d8c86e9c5cd6.sol#186) is not in mixedCase
Parameter T1898Token.transferFrom(address,address,uint256)._value (../../sb/0x0750c09a0750d505b265f03f7d57d8c86e9c5cd6.sol#186) is not in mixedCase
Parameter T1898Token.approve(address,uint256)._spender (../../sb/0x0750c09a0750d505b265f03f7d57d8c86e9c5cd6.sol#209) is not in mixedCase
Parameter T1898Token.approve(address,uint256)._value (../../sb/0x0750c09a0750d505b265f03f7d57d8c86e9c5cd6.sol#209) is not in mixedCase
Parameter T1898Token.allowance(address,address)._owner (../../sb/0x0750c09a0750d505b265f03f7d57d8c86e9c5cd6.sol#221) is not in mixedCase
Parameter T1898Token.allowance(address,address)._spender (../../sb/0x0750c09a0750d505b265f03f7d57d8c86e9c5cd6.sol#221) is not in mixedCase
Parameter T1898Token.increaseApproval(address,uint256)._spender (../../sb/0x0750c09a0750d505b265f03f7d57d8c86e9c5cd6.sol#235) is not in mixedCase
Parameter T1898Token.increaseApproval(address,uint256)._addedValue (../../sb/0x0750c09a0750d505b265f03f7d57d8c86e9c5cd6.sol#235) is not in mixedCase
Parameter T1898Token.decreaseApproval(address,uint256)._spender (../../sb/0x0750c09a0750d505b265f03f7d57d8c86e9c5cd6.sol#251) is not in mixedCase
Parameter T1898Token.decreaseApproval(address,uint256)._subtractedValue (../../sb/0x0750c09a0750d505b265f03f7d57d8c86e9c5cd6.sol#251) is not in mixedCase
Parameter T1898Token.freezeAccount(address,uint256)._target (../../sb/0x0750c09a0750d505b265f03f7d57d8c86e9c5cd6.sol#269) is not in mixedCase
Parameter T1898Token.freezeAccount(address,uint256)._funds (../../sb/0x0750c09a0750d505b265f03f7d57d8c86e9c5cd6.sol#269) is not in mixedCase
Parameter T1898Token.frozenOf(address)._owner (../../sb/0x0750c09a0750d505b265f03f7d57d8c86e9c5cd6.sol#279) is not in mixedCase
Reference: https://github.com/crytic/slither/wiki/Detector-Documentation#conformance-to-solidity-naming-conventions

T1898Token.T1898Token() (../../sb/0x0750c09a0750d505b265f03f7d57d8c86e9c5cd6.sol#138-145) uses literals with too many digits:
	- totalSupply_ = 189800000000 (../../sb/0x0750c09a0750d505b265f03f7d57d8c86e9c5cd6.sol#142)
Reference: https://github.com/crytic/slither/wiki/Detector-Documentation#too-many-digits
/sb/0x0750c09a0750d505b265f03f7d57d8c86e9c5cd6.sol analyzed (5 contracts with 93 detectors), 20 result(s) found
