Extract contract LogFile from /sb/0x4e73b32ed6c35f570686b89848e5f39f20ecc106.sol
Extract contract PRIVATE_ETH_CELL from /sb/0x4e73b32ed6c35f570686b89848e5f39f20ecc106.sol
Extracted 2 contract(s) from /sb/0x4e73b32ed6c35f570686b89848e5f39f20ecc106.sol
[0;32m> Created "fuzzMe"[0m
[0;32m> To fuzz contracts:[0m
  chmod +x fuzzMe
  ./fuzzMe
assets/NormalAttacker.sol:5:3: Warning: No visibility specified. Defaulting to "public". 
  function() payable {
  ^ (Relevant source part starts here and spans across multiple lines).
assets/ReentrancyAttacker.sol:8:7: Warning: Return value of low-level calls not used.
      msg.sender.call(bytes4(255));
      ^--------------------------^
assets/ReentrancyAttacker.sol:5:3: Warning: No visibility specified. Defaulting to "public". 
  function() payable {
  ^ (Relevant source part starts here and spans across multiple lines).
>> Fuzz LogFile
** Write stats: 0.017002
** Write stats: 5.01032
** Write stats: 10.0021
** Write stats: 15.0121
** Write stats: 20.0304
** Write stats: 25.0152
** Write stats: 30.0393
** Write stats: 35.0344
** Write stats: 40.0298
** Write stats: 45.0104
** Write stats: 50.0137
** Write stats: 55.0525
** Write stats: 60.0482
** Write stats: 65.055
** Write stats: 70.0266
** Write stats: 75.0111
** Write stats: 80.0023
** Write stats: 85.0061
** Write stats: 90.0198
** Write stats: 95.0275
** Write stats: 100.008
** Write stats: 105.01
** Write stats: 110.036
** Write stats: 115.079
** Write stats: 120.073
** Write stats: 125.069
** Write stats: 130.089
** Write stats: 135.07
** Write stats: 140.042
** Write stats: 145.052
** Write stats: 150.013
** Write stats: 155.045
** Write stats: 160.04
** Write stats: 165.065
** Write stats: 170.094
** Write stats: 175.039
** Write stats: 180.015
** Write stats: 185.026
** Write stats: 190.076
** Write stats: 195.048
** Write stats: 200.064
** Write stats: 205.021
** Write stats: 210.014
** Write stats: 215.051
** Write stats: 220.055
** Write stats: 225.107
** Write stats: 230.046
** Write stats: 235.018
** Write stats: 240.01
** Write stats: 245.026
** Write stats: 250.085
** Write stats: 255.018
** Write stats: 260.09
** Write stats: 265.033
** Write stats: 270.019
** Write stats: 275.052
** Write stats: 280.029
** Write stats: 285.118
** Write stats: 290.044
** Write stats: 295.126
** Write stats: 300.051
** Write stats: 305.124
** Write stats: 310.044
** Write stats: 315.123
** Write stats: 320.069
** Write stats: 325.037
** Write stats: 330.03
** Write stats: 335.044
** Write stats: 340.061
** Write stats: 345.083
** Write stats: 350.011
** Write stats: 355.116
** Write stats: 360.019
** Write stats: 365.04
** Write stats: 370.079
** Write stats: 375.112
** Write stats: 380.15
** Write stats: 385.002
** Write stats: 390.079
** Write stats: 395.137
** Write stats: 400.082
** Write stats: 405.022
** Write stats: 410.153
** Write stats: 415.133
** Write stats: 420.142
** Write stats: 425.007
** Write stats: 430.053
** Write stats: 435.168
** Write stats: 440.128
** Write stats: 445.098
** Write stats: 448.103
>> Fuzz PRIVATE_ETH_CELL
** Write stats: 0.015846
** Write stats: 5.0018
** Write stats: 10.0005
** Write stats: 15.0016
** Write stats: 20.0007
** Write stats: 25.0014
** Write stats: 30.0038
** Write stats: 35.0032
** Write stats: 40.0013
** Write stats: 45.0038
** Write stats: 50.0025
** Write stats: 55.0043
** Write stats: 60.0005
** Write stats: 65.0029
** Write stats: 70.0057
** Write stats: 75.006
** Write stats: 80.0012
** Write stats: 85.0028
** Write stats: 90.0049
** Write stats: 95.0045
** Write stats: 100
** Write stats: 105.003
** Write stats: 110.004
** Write stats: 115.006
** Write stats: 120.003
** Write stats: 125
** Write stats: 130.005
** Write stats: 135.002
** Write stats: 140.004
** Write stats: 145.002
** Write stats: 150.004
** Write stats: 155.007
** Write stats: 160.006
** Write stats: 165.002
** Write stats: 170.002
** Write stats: 175.001
** Write stats: 180.005
** Write stats: 185.007
** Write stats: 190.014
** Write stats: 195.007
** Write stats: 200.002
** Write stats: 205.005
** Write stats: 210.007
** Write stats: 215.009
** Write stats: 220.004
** Write stats: 225.004
** Write stats: 230.004
** Write stats: 235.012
** Write stats: 240.003
** Write stats: 245.017
** Write stats: 250.003
** Write stats: 255.012
** Write stats: 260.006
** Write stats: 265.007
** Write stats: 270.009
** Write stats: 275.004
** Write stats: 280.003
** Write stats: 285.015
** Write stats: 290.017
** Write stats: 295.014
** Write stats: 300.013
** Write stats: 305.014
** Write stats: 310.01
** Write stats: 315.017
** Write stats: 320.003
** Write stats: 325.016
** Write stats: 330.018
** Write stats: 335.02
** Write stats: 340.017
** Write stats: 345.008
** Write stats: 350.008
** Write stats: 355.003
** Write stats: 360.001
** Write stats: 365.014
** Write stats: 370.004
** Write stats: 375.015
** Write stats: 380.007
** Write stats: 385.015
** Write stats: 390.008
** Write stats: 395.013
** Write stats: 400.016
** Write stats: 405.005
** Write stats: 410.006
** Write stats: 415.015
** Write stats: 420.015
** Write stats: 425.017
** Write stats: 430.02
** Write stats: 435.017
** Write stats: 440.019
** Write stats: 445.004
** Write stats: 448.043
