2025-09-21 15:26:20,707 - Main     - INFO - [1mInitializing seed to 1427655.0[0m
2025-09-21 15:26:20,852 - Fuzzer   - INFO - [1mFuzzing contract [1mJCT[0m[0m
2025-09-21 15:26:21,138 - Analysis - INFO - [1mGeneration number 0 	 Code coverage: 47.57% (1770/3721) 	 Branch coverage: 46.09% (118/256) 	 Transactions: 49 (48 unique)   	 Time: 0.2667248249053955[0m
2025-09-21 15:26:21,497 - Analysis - INFO - [1mGeneration number 1 	 Code coverage: 47.57% (1770/3721) 	 Branch coverage: 46.09% (118/256) 	 Transactions: 94 (71 unique)   	 Time: 0.6259803771972656[0m
2025-09-21 15:26:21,964 - Analysis - INFO - [1mGeneration number 2 	 Code coverage: 47.57% (1770/3721) 	 Branch coverage: 46.88% (120/256) 	 Transactions: 146 (95 unique)   	 Time: 1.0925142765045166[0m
2025-09-21 15:26:22,630 - Analysis - INFO - [1mGeneration number 3 	 Code coverage: 47.57% (1770/3721) 	 Branch coverage: 46.88% (120/256) 	 Transactions: 230 (129 unique)   	 Time: 1.758910894393921[0m
2025-09-21 15:26:23,413 - Analysis - INFO - [1mGeneration number 4 	 Code coverage: 47.57% (1770/3721) 	 Branch coverage: 46.88% (120/256) 	 Transactions: 329 (166 unique)   	 Time: 2.541912078857422[0m
2025-09-21 15:26:24,201 - Analysis - INFO - [1mGeneration number 5 	 Code coverage: 47.57% (1770/3721) 	 Branch coverage: 46.88% (120/256) 	 Transactions: 417 (200 unique)   	 Time: 3.3300023078918457[0m
2025-09-21 15:26:24,998 - Analysis - INFO - [1mGeneration number 6 	 Code coverage: 47.57% (1770/3721) 	 Branch coverage: 46.88% (120/256) 	 Transactions: 509 (237 unique)   	 Time: 4.126996278762817[0m
2025-09-21 15:26:25,608 - Analysis - INFO - [1mGeneration number 7 	 Code coverage: 47.57% (1770/3721) 	 Branch coverage: 46.88% (120/256) 	 Transactions: 570 (265 unique)   	 Time: 4.73691725730896[0m
2025-09-21 15:26:26,118 - Analysis - INFO - [1mGeneration number 8 	 Code coverage: 47.57% (1770/3721) 	 Branch coverage: 46.88% (120/256) 	 Transactions: 614 (295 unique)   	 Time: 5.246731996536255[0m
2025-09-21 15:26:26,642 - Analysis - INFO - [1mGeneration number 9 	 Code coverage: 47.57% (1770/3721) 	 Branch coverage: 46.88% (120/256) 	 Transactions: 659 (320 unique)   	 Time: 5.771441221237183[0m
2025-09-21 15:26:27,193 - Analysis - INFO - [1mGeneration number 10 	 Code coverage: 47.57% (1770/3721) 	 Branch coverage: 46.88% (120/256) 	 Transactions: 705 (347 unique)   	 Time: 6.321674346923828[0m
2025-09-21 15:26:27,241 - Analysis - INFO - [1m-----------------------------------------------------[0m
2025-09-21 15:26:27,241 - Analysis - INFO - Number of generations: 	 10
2025-09-21 15:26:27,241 - Analysis - INFO - Number of transactions: 	 705 (347 unique)
2025-09-21 15:26:27,241 - Analysis - INFO - Transactions per second: 	 111
2025-09-21 15:26:27,241 - Analysis - INFO - Total code coverage: 	 47.57% (1770/3721)
2025-09-21 15:26:27,241 - Analysis - INFO - Total branch coverage: 	 46.88% (120/256)
2025-09-21 15:26:27,241 - Analysis - INFO - Total execution time: 	 6.37 seconds
2025-09-21 15:26:27,241 - Analysis - INFO - Total memory consumption: 	 71.89 MB
2025-09-21 15:26:27,243 - Fuzzer   - INFO - [1mFuzzing contract [1mOwnable[0m[0m
2025-09-21 15:26:27,322 - Analysis - INFO - [1mGeneration number 0 	 Code coverage: 78.11% (446/571) 	 Branch coverage: 78.00% (39/50) 	 Transactions: 19 (18 unique)   	 Time: 0.07400202751159668[0m
2025-09-21 15:26:27,424 - Analysis - INFO - [1mGeneration number 1 	 Code coverage: 78.11% (446/571) 	 Branch coverage: 78.00% (39/50) 	 Transactions: 40 (27 unique)   	 Time: 0.17544913291931152[0m
2025-09-21 15:26:27,665 - Analysis - INFO - [1mGeneration number 2 	 Code coverage: 79.16% (452/571) 	 Branch coverage: 82.00% (41/50) 	 Transactions: 72 (38 unique)   	 Time: 0.4166135787963867[0m
2025-09-21 15:26:27,954 - Analysis - INFO - [1mGeneration number 3 	 Code coverage: 79.68% (455/571) 	 Branch coverage: 84.00% (42/50) 	 Transactions: 117 (48 unique)   	 Time: 0.7054178714752197[0m
2025-09-21 15:26:28,292 - Analysis - INFO - [1mGeneration number 4 	 Code coverage: 88.97% (508/571) 	 Branch coverage: 88.00% (44/50) 	 Transactions: 169 (56 unique)   	 Time: 1.044323444366455[0m
2025-09-21 15:26:28,612 - Analysis - INFO - [1mGeneration number 5 	 Code coverage: 88.97% (508/571) 	 Branch coverage: 88.00% (44/50) 	 Transactions: 219 (61 unique)   	 Time: 1.3642513751983643[0m
2025-09-21 15:26:29,085 - Analysis - INFO - [1mGeneration number 6 	 Code coverage: 89.49% (511/571) 	 Branch coverage: 90.00% (45/50) 	 Transactions: 287 (72 unique)   	 Time: 1.8364017009735107[0m
2025-09-21 15:26:29,348 - Analysis - INFO - [1mGeneration number 7 	 Code coverage: 89.49% (511/571) 	 Branch coverage: 90.00% (45/50) 	 Transactions: 328 (75 unique)   	 Time: 2.0999324321746826[0m
2025-09-21 15:26:29,789 - Analysis - INFO - [1mGeneration number 8 	 Code coverage: 89.49% (511/571) 	 Branch coverage: 90.00% (45/50) 	 Transactions: 392 (78 unique)   	 Time: 2.5409529209136963[0m
2025-09-21 15:26:30,179 - Analysis - INFO - [1mGeneration number 9 	 Code coverage: 89.49% (511/571) 	 Branch coverage: 90.00% (45/50) 	 Transactions: 448 (79 unique)   	 Time: 2.9307518005371094[0m
2025-09-21 15:26:30,466 - Analysis - INFO - [1mGeneration number 10 	 Code coverage: 89.49% (511/571) 	 Branch coverage: 90.00% (45/50) 	 Transactions: 489 (80 unique)   	 Time: 3.2180020809173584[0m
2025-09-21 15:26:30,487 - Analysis - INFO - [1m-----------------------------------------------------[0m
2025-09-21 15:26:30,487 - Analysis - INFO - Number of generations: 	 10
2025-09-21 15:26:30,487 - Analysis - INFO - Number of transactions: 	 489 (80 unique)
2025-09-21 15:26:30,487 - Analysis - INFO - Transactions per second: 	 151
2025-09-21 15:26:30,487 - Analysis - INFO - Total code coverage: 	 89.49% (511/571)
2025-09-21 15:26:30,487 - Analysis - INFO - Total branch coverage: 	 90.00% (45/50)
2025-09-21 15:26:30,487 - Analysis - INFO - Total execution time: 	 3.24 seconds
2025-09-21 15:26:30,487 - Analysis - INFO - Total memory consumption: 	 71.89 MB

     ______            ______                _           
    / ____/___  ____  / ____/_  __________  (_)_  _______
   / /   / __ \/ __ \/ /_  / / / /_  /_  / / / / / / ___/
  / /___/ /_/ / / / / __/ / /_/ / / /_/ /_/ / /_/ (__  ) 
  \____/\____/_/ /_/_/    \__,_/ /___/___/_/\__,_/____/  

delteed file
