2025-09-03 23:02:33,850: [11] m.main:INFO: Registered plugins: IntrospectionAPIPlugin, <class 'manticore.ethereum.plugins.SkipRevertBasicBlocks'>, <class 'manticore.ethereum.plugins.FilterFunctions'>
2025-09-03 23:02:33,851: [11] m.main:INFO: Beginning analysis
2025-09-03 23:02:33,853: [11] m.e.manticore:INFO: Starting symbolic create contract
2025-09-03 23:02:34,389: [11] m.e.manticore:INFO: Starting symbolic transaction: 0
2025-09-03 23:02:37,513: [11] m.e.manticore:INFO: Found a concrete globalsha3 b'\x00\x00\x00\x00\x00\x00\x00\x00\x00\x00\x00\x00\x00\x00\x00\x00\x00\x00\x00\x00\x00\x00\x00\x00\x00\x00\x00\x00\x00\x02\x00\x00\x00\x00\x00\x00\x00\x00\x00\x00\x00\x00\x00\x00\x00\x00\x00\x00\x00\x00\x00\x00\x00\x00\x00\x00\x00\x00\x00\x00\x00\x00\x00\x00' -> 73138091548938366139099779971772605061518111956507126412222883840269740007539
2025-09-03 23:02:39,999: [11] m.e.manticore:INFO: 4 alive states, 1 terminated states
2025-09-03 23:02:40,208: [11] m.e.manticore:INFO: Starting symbolic transaction: 1
2025-09-03 23:03:09,297: [11] m.e.manticore:INFO: 16 alive states, 1 terminated states
2025-09-03 23:03:09,737: [98] m.c.manticore:INFO: Generated testcase No. 0 - STOP(3 txs)
2025-09-03 23:03:09,738: [98] m.c.plugin:WARNING: Caught will_solve in state None, but failed to capture its initialization
2025-09-03 23:03:09,766: [96] m.c.manticore:INFO: Generated testcase No. 1 - STOP(3 txs)
2025-09-03 23:03:09,767: [96] m.c.plugin:WARNING: Caught will_solve in state None, but failed to capture its initialization
2025-09-03 23:03:09,808: [102] m.c.manticore:INFO: Generated testcase No. 2 - STOP(3 txs)
2025-09-03 23:03:09,809: [102] m.c.plugin:WARNING: Caught will_solve in state None, but failed to capture its initialization
2025-09-03 23:03:09,817: [100] m.c.manticore:INFO: Generated testcase No. 3 - STOP(3 txs)
2025-09-03 23:03:09,817: [100] m.c.plugin:WARNING: Caught will_solve in state None, but failed to capture its initialization
2025-09-03 23:03:09,833: [99] m.c.manticore:INFO: Generated testcase No. 5 - STOP(3 txs)
2025-09-03 23:03:09,834: [101] m.c.manticore:INFO: Generated testcase No. 4 - STOP(3 txs)
2025-09-03 23:03:09,835: [101] m.c.plugin:WARNING: Caught will_solve in state None, but failed to capture its initialization
2025-09-03 23:03:09,834: [99] m.c.plugin:WARNING: Caught will_solve in state None, but failed to capture its initialization
2025-09-03 23:03:09,872: [106] m.c.manticore:INFO: Generated testcase No. 6 - STOP(3 txs)
2025-09-03 23:03:09,873: [106] m.c.plugin:WARNING: Caught will_solve in state None, but failed to capture its initialization
2025-09-03 23:03:09,933: [107] m.c.manticore:INFO: Generated testcase No. 7 - STOP(3 txs)
2025-09-03 23:03:09,934: [107] m.c.plugin:WARNING: Caught will_solve in state None, but failed to capture its initialization
2025-09-03 23:03:10,108: [104] m.c.manticore:INFO: Generated testcase No. 8 - STOP(3 txs)
2025-09-03 23:03:10,113: [104] m.c.plugin:WARNING: Caught will_solve in state None, but failed to capture its initialization
2025-09-03 23:03:12,672: [97] m.c.plugin:WARNING: Caught will_solve in state None, but failed to capture its initialization
2025-09-03 23:03:12,860: [95] m.c.plugin:WARNING: Caught will_solve in state None, but failed to capture its initialization
2025-09-03 23:03:13,397: [103] m.c.plugin:WARNING: Caught will_solve in state None, but failed to capture its initialization
2025-09-03 23:03:14,893: [97] m.c.manticore:INFO: Generated testcase No. 9 - STOP(3 txs)
2025-09-03 23:03:15,440: [95] m.c.manticore:INFO: Generated testcase No. 10 - STOP(3 txs)
2025-09-03 23:03:15,776: [99] m.c.manticore:INFO: Generated testcase No. 11 - STOP(3 txs)
2025-09-03 23:03:16,256: [96] m.c.manticore:INFO: Generated testcase No. 12 - STOP(3 txs)
2025-09-03 23:03:16,336: [103] m.c.manticore:INFO: Generated testcase No. 13 - STOP(3 txs)
2025-09-03 23:03:17,465: [106] m.c.manticore:INFO: Generated testcase No. 14 - STOP(3 txs)
2025-09-03 23:03:22,653: [102] m.c.manticore:INFO: Generated testcase No. 15 - STOP(3 txs)
2025-09-03 23:03:27,750: [11] m.c.plugin:WARNING: Caught will_solve in state None, but failed to capture its initialization
2025-09-03 23:03:37,272: [11] m.c.manticore:INFO: Results in /mcore_v6piifbx
2025-09-03 23:03:37,272: [11] m.c.manticore:INFO: Total time: 56.984429359436035
