
====================================================================================================
[1m[ ] Compiling Solidity contract from the file /sb/0x0cc4fa70a2a064ad565d82b061be5a4e5bc33879.sol ... [0m[92m Done [0m
[1m[ ] Connecting to PRIVATE blockchain emptychain  [0m.[92m ESTABLISHED [0m
[1m[ ] Deploying contract [0m[92m confirmed at address: 0x9E536236ABF2288a7864C6A1AfaA4Cb98D464306 [0m
[1m[ ] Contract code length on the blockchain : [0m [92m  5460  : 0x6080604052600436106100db5760... [0m
[1m[ ] Contract address saved in file: [0m[92m./out/SDpay.address [0m
[94m[ ] Check if contract is SUICIDAL[0m

[ ] Contract address   : 0x9E536236ABF2288a7864C6A1AfaA4Cb98D464306
[ ] Contract bytecode  : 6080604052600436106100db576000357c0100000000000000...
[ ] Bytecode length    : 10920
[ ] Blockchain contract: True
[ ] Debug              : False

[92m[-] The code does not contain SUICIDE instructions, hence it is not vulnerable[0m

====================================================================================================
[1m[ ] Compiling Solidity contract from the file /sb/0x0cc4fa70a2a064ad565d82b061be5a4e5bc33879.sol ... [0m[92m Done [0m
[1m[ ] Connecting to PRIVATE blockchain emptychain  [0m.[92m ESTABLISHED [0m
[1m[ ] Sending Ether to contract 0x9E536236ABF2288a7864C6A1AfaA4Cb98D464306  [0m.... tx[0] mined [92m Sent! [0m
[1m[ ] Deploying contract [0m[92m confirmed at address: 0x9E536236ABF2288a7864C6A1AfaA4Cb98D464306 [0m
[1m[ ] Contract code length on the blockchain : [0m [92m  5460  : 0x6080604052600436106100db5760... [0m
[1m[ ] Contract address saved in file: [0m[92m./out/SDpay.address [0m
[1m[ ] The contract balance: 44  [0m[92m Positive balance[0m
[94m[ ] Check if contract is PRODIGAL[0m

[ ] Contract address   : 0x9E536236ABF2288a7864C6A1AfaA4Cb98D464306
[ ] Contract bytecode  : 6080604052600436106100db576000357c0100000000000000...
[ ] Bytecode length    : 10920
[ ] Blockchain contract: True
[ ] Debug              : False

[ ][1m Search with call depth: 1   : [0m1111111
[ ][1m Search with call depth: 2   : [0m112222222122222221222222212222222122222221
[ ][1m Search with call depth: 3   : [0m112223333333233333332333333323333333212222333333323333333233333332122222333333323333333212
