'solc --version' running
'solc /sb/0x750c9f0fe58bda45a115d903dac033c5c1deb6eb.sol --combined-json abi,ast,bin,bin-runtime,srcmap,srcmap-runtime,userdoc,devdoc,hashes,compact-format --allow-paths .,/sb' running
Compilation warnings/errors on /sb/0x750c9f0fe58bda45a115d903dac033c5c1deb6eb.sol:
/sb/0x750c9f0fe58bda45a115d903dac033c5c1deb6eb.sol:96:9: Warning: Invoking events without "emit" prefix is deprecated.
        Transfer(_from, _to, _value);
        ^--------------------------^
/sb/0x750c9f0fe58bda45a115d903dac033c5c1deb6eb.sol:104:9: Warning: Invoking events without "emit" prefix is deprecated.
        Transfer(0, this, mintedAmount);
        ^-----------------------------^
/sb/0x750c9f0fe58bda45a115d903dac033c5c1deb6eb.sol:105:9: Warning: Invoking events without "emit" prefix is deprecated.
        Transfer(this, target, mintedAmount);
        ^----------------------------------^


UETH (../../sb/0x750c9f0fe58bda45a115d903dac033c5c1deb6eb.sol#120-174) has incorrect ERC20 function interface:TokenERC20.transfer(address,uint256) (../../sb/0x750c9f0fe58bda45a115d903dac033c5c1deb6eb.sol#54-56)
Reference: https://github.com/crytic/slither/wiki/Detector-Documentation#incorrect-erc20-interface

Contract locking ether found:
	Contract UETH (../../sb/0x750c9f0fe58bda45a115d903dac033c5c1deb6eb.sol#120-174) has payable functions:
	 - MyAdvancedToken.fallback() (../../sb/0x750c9f0fe58bda45a115d903dac033c5c1deb6eb.sol#114-116)
	But does not have a function to withdraw the ether
Reference: https://github.com/crytic/slither/wiki/Detector-Documentation#contracts-that-lock-ether

owned.transferOwnership(address) (../../sb/0x750c9f0fe58bda45a115d903dac033c5c1deb6eb.sol#15-17) should emit an event for: 
	- owner = newOwner (../../sb/0x750c9f0fe58bda45a115d903dac033c5c1deb6eb.sol#16) 
Reference: https://github.com/crytic/slither/wiki/Detector-Documentation#missing-events-access-control

owned.transferOwnership(address).newOwner (../../sb/0x750c9f0fe58bda45a115d903dac033c5c1deb6eb.sol#15) lacks a zero-check on :
		- owner = newOwner (../../sb/0x750c9f0fe58bda45a115d903dac033c5c1deb6eb.sol#16)
Reference: https://github.com/crytic/slither/wiki/Detector-Documentation#missing-zero-address-validation

UETH.getLockBalance(address) (../../sb/0x750c9f0fe58bda45a115d903dac033c5c1deb6eb.sol#127-133) uses timestamp for comparisons
	Dangerous comparisons:
	- now >= lockdate[account] (../../sb/0x750c9f0fe58bda45a115d903dac033c5c1deb6eb.sol#128)
UETH.lockTokenToDate(address,uint256,uint256) (../../sb/0x750c9f0fe58bda45a115d903dac033c5c1deb6eb.sol#149-157) uses timestamp for comparisons
	Dangerous comparisons:
	- require(bool)(unixtime >= lockdate[account]) (../../sb/0x750c9f0fe58bda45a115d903dac033c5c1deb6eb.sol#150)
	- require(bool)(unixtime >= now) (../../sb/0x750c9f0fe58bda45a115d903dac033c5c1deb6eb.sol#151)
Reference: https://github.com/crytic/slither/wiki/Detector-Documentation#block-timestamp

MyAdvancedToken._transfer(address,address,uint256) (../../sb/0x750c9f0fe58bda45a115d903dac033c5c1deb6eb.sol#88-97) is never used and should be removed
TokenERC20._transfer(address,address,uint256) (../../sb/0x750c9f0fe58bda45a115d903dac033c5c1deb6eb.sol#43-52) is never used and should be removed
Reference: https://github.com/crytic/slither/wiki/Detector-Documentation#dead-code

Version constraint 0.4.21 contains known severe issues (https://solidity.readthedocs.io/en/latest/bugs.html)
	- DirtyBytesArrayToStorage
	- ABIDecodeTwoDimensionalArrayMemory
	- KeccakCaching
	- EmptyByteArrayCopy
	- DynamicArrayCleanup
	- ImplicitConstructorCallvalueCheck
	- TupleAssignmentMultiStackSlotComponents
	- MemoryArrayCreationOverflow
	- privateCanBeOverridden
	- SignedArrayStorageCopy
	- ABIEncoderV2StorageArrayWithMultiSlotElement
	- DynamicConstructorArgumentsClippedABIV2
	- UninitializedFunctionPointerInConstructor_0.4.x
	- IncorrectEventSignatureInLibraries_0.4.x
	- ABIEncoderV2PackedStorage_0.4.x
	- ExpExponentCleanup
	- EventStructWrongData
	- NestedArrayFunctionCallDecoder.
It is used by:
	- 0.4.21 (../../sb/0x750c9f0fe58bda45a115d903dac033c5c1deb6eb.sol#1)
solc-0.4.21 is an outdated solc version. Use a more recent version (at least 0.8.0), if possible.
Reference: https://github.com/crytic/slither/wiki/Detector-Documentation#incorrect-versions-of-solidity

Contract owned (../../sb/0x750c9f0fe58bda45a115d903dac033c5c1deb6eb.sol#3-18) is not in CapWords
Parameter TokenERC20.transfer(address,uint256)._to (../../sb/0x750c9f0fe58bda45a115d903dac033c5c1deb6eb.sol#54) is not in mixedCase
Parameter TokenERC20.transfer(address,uint256)._value (../../sb/0x750c9f0fe58bda45a115d903dac033c5c1deb6eb.sol#54) is not in mixedCase
Parameter TokenERC20.transferFrom(address,address,uint256)._from (../../sb/0x750c9f0fe58bda45a115d903dac033c5c1deb6eb.sol#58) is not in mixedCase
Parameter TokenERC20.transferFrom(address,address,uint256)._to (../../sb/0x750c9f0fe58bda45a115d903dac033c5c1deb6eb.sol#58) is not in mixedCase
Parameter TokenERC20.transferFrom(address,address,uint256)._value (../../sb/0x750c9f0fe58bda45a115d903dac033c5c1deb6eb.sol#58) is not in mixedCase
Parameter TokenERC20.approve(address,uint256)._spender (../../sb/0x750c9f0fe58bda45a115d903dac033c5c1deb6eb.sol#65) is not in mixedCase
Parameter TokenERC20.approve(address,uint256)._value (../../sb/0x750c9f0fe58bda45a115d903dac033c5c1deb6eb.sol#65) is not in mixedCase
Parameter TokenERC20.burn(uint256)._value (../../sb/0x750c9f0fe58bda45a115d903dac033c5c1deb6eb.sol#71) is not in mixedCase
Parameter UETH.lockTokenDays(address,uint256,uint256)._days (../../sb/0x750c9f0fe58bda45a115d903dac033c5c1deb6eb.sol#159) is not in mixedCase
Parameter UETH.burn(uint256)._value (../../sb/0x750c9f0fe58bda45a115d903dac033c5c1deb6eb.sol#164) is not in mixedCase
Reference: https://github.com/crytic/slither/wiki/Detector-Documentation#conformance-to-solidity-naming-conventions

TokenERC20.decimals (../../sb/0x750c9f0fe58bda45a115d903dac033c5c1deb6eb.sol#25) should be constant 
TokenERC20.name (../../sb/0x750c9f0fe58bda45a115d903dac033c5c1deb6eb.sol#23) should be constant 
TokenERC20.symbol (../../sb/0x750c9f0fe58bda45a115d903dac033c5c1deb6eb.sol#24) should be constant 
Reference: https://github.com/crytic/slither/wiki/Detector-Documentation#state-variables-that-could-be-declared-constant
/sb/0x750c9f0fe58bda45a115d903dac033c5c1deb6eb.sol analyzed (4 contracts with 93 detectors), 24 result(s) found
